[2023-06-05 23:02:15,133] {processor.py:153} INFO - Started process (PID=44516) to work on /home/gui/Documentos/airflowalura/venv/lib/python3.9/site-packages/airflow/example_dags/subdags/subdag.py
[2023-06-05 23:02:15,134] {processor.py:641} INFO - Processing file /home/gui/Documentos/airflowalura/venv/lib/python3.9/site-packages/airflow/example_dags/subdags/subdag.py for tasks to queue
[2023-06-05 23:02:15,135] {logging_mixin.py:115} INFO - [2023-06-05 23:02:15,135] {dagbag.py:507} INFO - Filling up the DagBag from /home/gui/Documentos/airflowalura/venv/lib/python3.9/site-packages/airflow/example_dags/subdags/subdag.py
[2023-06-05 23:02:15,139] {processor.py:653} WARNING - No viable dags retrieved from /home/gui/Documentos/airflowalura/venv/lib/python3.9/site-packages/airflow/example_dags/subdags/subdag.py
[2023-06-05 23:02:15,165] {processor.py:161} INFO - Processing /home/gui/Documentos/airflowalura/venv/lib/python3.9/site-packages/airflow/example_dags/subdags/subdag.py took 0.041 seconds
[2023-06-05 23:05:23,707] {processor.py:153} INFO - Started process (PID=44967) to work on /home/gui/Documentos/airflowalura/venv/lib/python3.9/site-packages/airflow/example_dags/subdags/subdag.py
[2023-06-05 23:05:23,709] {processor.py:641} INFO - Processing file /home/gui/Documentos/airflowalura/venv/lib/python3.9/site-packages/airflow/example_dags/subdags/subdag.py for tasks to queue
[2023-06-05 23:05:23,709] {logging_mixin.py:115} INFO - [2023-06-05 23:05:23,709] {dagbag.py:507} INFO - Filling up the DagBag from /home/gui/Documentos/airflowalura/venv/lib/python3.9/site-packages/airflow/example_dags/subdags/subdag.py
[2023-06-05 23:05:23,712] {processor.py:653} WARNING - No viable dags retrieved from /home/gui/Documentos/airflowalura/venv/lib/python3.9/site-packages/airflow/example_dags/subdags/subdag.py
[2023-06-05 23:05:23,730] {processor.py:161} INFO - Processing /home/gui/Documentos/airflowalura/venv/lib/python3.9/site-packages/airflow/example_dags/subdags/subdag.py took 0.028 seconds
[2023-06-05 23:06:02,843] {processor.py:153} INFO - Started process (PID=45004) to work on /home/gui/Documentos/airflowalura/venv/lib/python3.9/site-packages/airflow/example_dags/subdags/subdag.py
[2023-06-05 23:06:02,844] {processor.py:641} INFO - Processing file /home/gui/Documentos/airflowalura/venv/lib/python3.9/site-packages/airflow/example_dags/subdags/subdag.py for tasks to queue
[2023-06-05 23:06:02,845] {logging_mixin.py:115} INFO - [2023-06-05 23:06:02,845] {dagbag.py:507} INFO - Filling up the DagBag from /home/gui/Documentos/airflowalura/venv/lib/python3.9/site-packages/airflow/example_dags/subdags/subdag.py
[2023-06-05 23:06:02,848] {processor.py:653} WARNING - No viable dags retrieved from /home/gui/Documentos/airflowalura/venv/lib/python3.9/site-packages/airflow/example_dags/subdags/subdag.py
[2023-06-05 23:06:02,866] {processor.py:161} INFO - Processing /home/gui/Documentos/airflowalura/venv/lib/python3.9/site-packages/airflow/example_dags/subdags/subdag.py took 0.028 seconds
[2023-06-05 23:06:40,865] {processor.py:153} INFO - Started process (PID=45038) to work on /home/gui/Documentos/airflowalura/venv/lib/python3.9/site-packages/airflow/example_dags/subdags/subdag.py
[2023-06-05 23:06:40,867] {processor.py:641} INFO - Processing file /home/gui/Documentos/airflowalura/venv/lib/python3.9/site-packages/airflow/example_dags/subdags/subdag.py for tasks to queue
[2023-06-05 23:06:40,868] {logging_mixin.py:115} INFO - [2023-06-05 23:06:40,867] {dagbag.py:507} INFO - Filling up the DagBag from /home/gui/Documentos/airflowalura/venv/lib/python3.9/site-packages/airflow/example_dags/subdags/subdag.py
[2023-06-05 23:06:40,870] {processor.py:653} WARNING - No viable dags retrieved from /home/gui/Documentos/airflowalura/venv/lib/python3.9/site-packages/airflow/example_dags/subdags/subdag.py
[2023-06-05 23:06:40,889] {processor.py:161} INFO - Processing /home/gui/Documentos/airflowalura/venv/lib/python3.9/site-packages/airflow/example_dags/subdags/subdag.py took 0.031 seconds
[2023-06-05 23:07:19,220] {processor.py:153} INFO - Started process (PID=45093) to work on /home/gui/Documentos/airflowalura/venv/lib/python3.9/site-packages/airflow/example_dags/subdags/subdag.py
[2023-06-05 23:07:19,221] {processor.py:641} INFO - Processing file /home/gui/Documentos/airflowalura/venv/lib/python3.9/site-packages/airflow/example_dags/subdags/subdag.py for tasks to queue
[2023-06-05 23:07:19,222] {logging_mixin.py:115} INFO - [2023-06-05 23:07:19,222] {dagbag.py:507} INFO - Filling up the DagBag from /home/gui/Documentos/airflowalura/venv/lib/python3.9/site-packages/airflow/example_dags/subdags/subdag.py
[2023-06-05 23:07:19,225] {processor.py:653} WARNING - No viable dags retrieved from /home/gui/Documentos/airflowalura/venv/lib/python3.9/site-packages/airflow/example_dags/subdags/subdag.py
[2023-06-05 23:07:19,244] {processor.py:161} INFO - Processing /home/gui/Documentos/airflowalura/venv/lib/python3.9/site-packages/airflow/example_dags/subdags/subdag.py took 0.030 seconds
[2023-06-05 23:07:58,537] {processor.py:153} INFO - Started process (PID=45133) to work on /home/gui/Documentos/airflowalura/venv/lib/python3.9/site-packages/airflow/example_dags/subdags/subdag.py
[2023-06-05 23:07:58,538] {processor.py:641} INFO - Processing file /home/gui/Documentos/airflowalura/venv/lib/python3.9/site-packages/airflow/example_dags/subdags/subdag.py for tasks to queue
[2023-06-05 23:07:58,538] {logging_mixin.py:115} INFO - [2023-06-05 23:07:58,538] {dagbag.py:507} INFO - Filling up the DagBag from /home/gui/Documentos/airflowalura/venv/lib/python3.9/site-packages/airflow/example_dags/subdags/subdag.py
[2023-06-05 23:07:58,541] {processor.py:653} WARNING - No viable dags retrieved from /home/gui/Documentos/airflowalura/venv/lib/python3.9/site-packages/airflow/example_dags/subdags/subdag.py
[2023-06-05 23:07:58,559] {processor.py:161} INFO - Processing /home/gui/Documentos/airflowalura/venv/lib/python3.9/site-packages/airflow/example_dags/subdags/subdag.py took 0.028 seconds
[2023-06-05 23:08:38,432] {processor.py:153} INFO - Started process (PID=45169) to work on /home/gui/Documentos/airflowalura/venv/lib/python3.9/site-packages/airflow/example_dags/subdags/subdag.py
[2023-06-05 23:08:38,433] {processor.py:641} INFO - Processing file /home/gui/Documentos/airflowalura/venv/lib/python3.9/site-packages/airflow/example_dags/subdags/subdag.py for tasks to queue
[2023-06-05 23:08:38,434] {logging_mixin.py:115} INFO - [2023-06-05 23:08:38,433] {dagbag.py:507} INFO - Filling up the DagBag from /home/gui/Documentos/airflowalura/venv/lib/python3.9/site-packages/airflow/example_dags/subdags/subdag.py
[2023-06-05 23:08:38,436] {processor.py:653} WARNING - No viable dags retrieved from /home/gui/Documentos/airflowalura/venv/lib/python3.9/site-packages/airflow/example_dags/subdags/subdag.py
[2023-06-05 23:08:38,455] {processor.py:161} INFO - Processing /home/gui/Documentos/airflowalura/venv/lib/python3.9/site-packages/airflow/example_dags/subdags/subdag.py took 0.029 seconds
[2023-06-05 23:09:19,389] {processor.py:153} INFO - Started process (PID=45203) to work on /home/gui/Documentos/airflowalura/venv/lib/python3.9/site-packages/airflow/example_dags/subdags/subdag.py
[2023-06-05 23:09:19,391] {processor.py:641} INFO - Processing file /home/gui/Documentos/airflowalura/venv/lib/python3.9/site-packages/airflow/example_dags/subdags/subdag.py for tasks to queue
[2023-06-05 23:09:19,392] {logging_mixin.py:115} INFO - [2023-06-05 23:09:19,392] {dagbag.py:507} INFO - Filling up the DagBag from /home/gui/Documentos/airflowalura/venv/lib/python3.9/site-packages/airflow/example_dags/subdags/subdag.py
[2023-06-05 23:09:19,397] {processor.py:653} WARNING - No viable dags retrieved from /home/gui/Documentos/airflowalura/venv/lib/python3.9/site-packages/airflow/example_dags/subdags/subdag.py
[2023-06-05 23:09:19,428] {processor.py:161} INFO - Processing /home/gui/Documentos/airflowalura/venv/lib/python3.9/site-packages/airflow/example_dags/subdags/subdag.py took 0.048 seconds
[2023-06-05 23:09:58,080] {processor.py:153} INFO - Started process (PID=45237) to work on /home/gui/Documentos/airflowalura/venv/lib/python3.9/site-packages/airflow/example_dags/subdags/subdag.py
[2023-06-05 23:09:58,081] {processor.py:641} INFO - Processing file /home/gui/Documentos/airflowalura/venv/lib/python3.9/site-packages/airflow/example_dags/subdags/subdag.py for tasks to queue
[2023-06-05 23:09:58,082] {logging_mixin.py:115} INFO - [2023-06-05 23:09:58,082] {dagbag.py:507} INFO - Filling up the DagBag from /home/gui/Documentos/airflowalura/venv/lib/python3.9/site-packages/airflow/example_dags/subdags/subdag.py
[2023-06-05 23:09:58,085] {processor.py:653} WARNING - No viable dags retrieved from /home/gui/Documentos/airflowalura/venv/lib/python3.9/site-packages/airflow/example_dags/subdags/subdag.py
[2023-06-05 23:09:58,107] {processor.py:161} INFO - Processing /home/gui/Documentos/airflowalura/venv/lib/python3.9/site-packages/airflow/example_dags/subdags/subdag.py took 0.034 seconds
[2023-06-05 23:10:40,462] {processor.py:153} INFO - Started process (PID=45272) to work on /home/gui/Documentos/airflowalura/venv/lib/python3.9/site-packages/airflow/example_dags/subdags/subdag.py
[2023-06-05 23:10:40,463] {processor.py:641} INFO - Processing file /home/gui/Documentos/airflowalura/venv/lib/python3.9/site-packages/airflow/example_dags/subdags/subdag.py for tasks to queue
[2023-06-05 23:10:40,465] {logging_mixin.py:115} INFO - [2023-06-05 23:10:40,464] {dagbag.py:507} INFO - Filling up the DagBag from /home/gui/Documentos/airflowalura/venv/lib/python3.9/site-packages/airflow/example_dags/subdags/subdag.py
[2023-06-05 23:10:40,468] {processor.py:653} WARNING - No viable dags retrieved from /home/gui/Documentos/airflowalura/venv/lib/python3.9/site-packages/airflow/example_dags/subdags/subdag.py
[2023-06-05 23:10:40,490] {processor.py:161} INFO - Processing /home/gui/Documentos/airflowalura/venv/lib/python3.9/site-packages/airflow/example_dags/subdags/subdag.py took 0.037 seconds
[2023-06-05 23:11:18,920] {processor.py:153} INFO - Started process (PID=45309) to work on /home/gui/Documentos/airflowalura/venv/lib/python3.9/site-packages/airflow/example_dags/subdags/subdag.py
[2023-06-05 23:11:18,921] {processor.py:641} INFO - Processing file /home/gui/Documentos/airflowalura/venv/lib/python3.9/site-packages/airflow/example_dags/subdags/subdag.py for tasks to queue
[2023-06-05 23:11:18,923] {logging_mixin.py:115} INFO - [2023-06-05 23:11:18,922] {dagbag.py:507} INFO - Filling up the DagBag from /home/gui/Documentos/airflowalura/venv/lib/python3.9/site-packages/airflow/example_dags/subdags/subdag.py
[2023-06-05 23:11:18,925] {processor.py:653} WARNING - No viable dags retrieved from /home/gui/Documentos/airflowalura/venv/lib/python3.9/site-packages/airflow/example_dags/subdags/subdag.py
[2023-06-05 23:11:18,947] {processor.py:161} INFO - Processing /home/gui/Documentos/airflowalura/venv/lib/python3.9/site-packages/airflow/example_dags/subdags/subdag.py took 0.034 seconds
[2023-06-05 23:11:54,537] {processor.py:153} INFO - Started process (PID=45341) to work on /home/gui/Documentos/airflowalura/venv/lib/python3.9/site-packages/airflow/example_dags/subdags/subdag.py
[2023-06-05 23:11:54,539] {processor.py:641} INFO - Processing file /home/gui/Documentos/airflowalura/venv/lib/python3.9/site-packages/airflow/example_dags/subdags/subdag.py for tasks to queue
[2023-06-05 23:11:54,540] {logging_mixin.py:115} INFO - [2023-06-05 23:11:54,539] {dagbag.py:507} INFO - Filling up the DagBag from /home/gui/Documentos/airflowalura/venv/lib/python3.9/site-packages/airflow/example_dags/subdags/subdag.py
[2023-06-05 23:11:54,542] {processor.py:653} WARNING - No viable dags retrieved from /home/gui/Documentos/airflowalura/venv/lib/python3.9/site-packages/airflow/example_dags/subdags/subdag.py
[2023-06-05 23:11:54,562] {processor.py:161} INFO - Processing /home/gui/Documentos/airflowalura/venv/lib/python3.9/site-packages/airflow/example_dags/subdags/subdag.py took 0.030 seconds
[2023-06-05 23:12:34,559] {processor.py:153} INFO - Started process (PID=45378) to work on /home/gui/Documentos/airflowalura/venv/lib/python3.9/site-packages/airflow/example_dags/subdags/subdag.py
[2023-06-05 23:12:34,560] {processor.py:641} INFO - Processing file /home/gui/Documentos/airflowalura/venv/lib/python3.9/site-packages/airflow/example_dags/subdags/subdag.py for tasks to queue
[2023-06-05 23:12:34,561] {logging_mixin.py:115} INFO - [2023-06-05 23:12:34,561] {dagbag.py:507} INFO - Filling up the DagBag from /home/gui/Documentos/airflowalura/venv/lib/python3.9/site-packages/airflow/example_dags/subdags/subdag.py
[2023-06-05 23:12:34,563] {processor.py:653} WARNING - No viable dags retrieved from /home/gui/Documentos/airflowalura/venv/lib/python3.9/site-packages/airflow/example_dags/subdags/subdag.py
[2023-06-05 23:12:34,587] {processor.py:161} INFO - Processing /home/gui/Documentos/airflowalura/venv/lib/python3.9/site-packages/airflow/example_dags/subdags/subdag.py took 0.034 seconds
[2023-06-05 23:13:16,618] {processor.py:153} INFO - Started process (PID=45413) to work on /home/gui/Documentos/airflowalura/venv/lib/python3.9/site-packages/airflow/example_dags/subdags/subdag.py
[2023-06-05 23:13:16,619] {processor.py:641} INFO - Processing file /home/gui/Documentos/airflowalura/venv/lib/python3.9/site-packages/airflow/example_dags/subdags/subdag.py for tasks to queue
[2023-06-05 23:13:16,620] {logging_mixin.py:115} INFO - [2023-06-05 23:13:16,620] {dagbag.py:507} INFO - Filling up the DagBag from /home/gui/Documentos/airflowalura/venv/lib/python3.9/site-packages/airflow/example_dags/subdags/subdag.py
[2023-06-05 23:13:16,622] {processor.py:653} WARNING - No viable dags retrieved from /home/gui/Documentos/airflowalura/venv/lib/python3.9/site-packages/airflow/example_dags/subdags/subdag.py
[2023-06-05 23:13:16,641] {processor.py:161} INFO - Processing /home/gui/Documentos/airflowalura/venv/lib/python3.9/site-packages/airflow/example_dags/subdags/subdag.py took 0.030 seconds
[2023-06-05 23:13:55,962] {processor.py:153} INFO - Started process (PID=45450) to work on /home/gui/Documentos/airflowalura/venv/lib/python3.9/site-packages/airflow/example_dags/subdags/subdag.py
[2023-06-05 23:13:55,963] {processor.py:641} INFO - Processing file /home/gui/Documentos/airflowalura/venv/lib/python3.9/site-packages/airflow/example_dags/subdags/subdag.py for tasks to queue
[2023-06-05 23:13:55,964] {logging_mixin.py:115} INFO - [2023-06-05 23:13:55,964] {dagbag.py:507} INFO - Filling up the DagBag from /home/gui/Documentos/airflowalura/venv/lib/python3.9/site-packages/airflow/example_dags/subdags/subdag.py
[2023-06-05 23:13:55,967] {processor.py:653} WARNING - No viable dags retrieved from /home/gui/Documentos/airflowalura/venv/lib/python3.9/site-packages/airflow/example_dags/subdags/subdag.py
[2023-06-05 23:13:55,987] {processor.py:161} INFO - Processing /home/gui/Documentos/airflowalura/venv/lib/python3.9/site-packages/airflow/example_dags/subdags/subdag.py took 0.031 seconds
[2023-06-05 23:14:34,490] {processor.py:153} INFO - Started process (PID=45484) to work on /home/gui/Documentos/airflowalura/venv/lib/python3.9/site-packages/airflow/example_dags/subdags/subdag.py
[2023-06-05 23:14:34,493] {processor.py:641} INFO - Processing file /home/gui/Documentos/airflowalura/venv/lib/python3.9/site-packages/airflow/example_dags/subdags/subdag.py for tasks to queue
[2023-06-05 23:14:34,496] {logging_mixin.py:115} INFO - [2023-06-05 23:14:34,495] {dagbag.py:507} INFO - Filling up the DagBag from /home/gui/Documentos/airflowalura/venv/lib/python3.9/site-packages/airflow/example_dags/subdags/subdag.py
[2023-06-05 23:14:34,499] {processor.py:653} WARNING - No viable dags retrieved from /home/gui/Documentos/airflowalura/venv/lib/python3.9/site-packages/airflow/example_dags/subdags/subdag.py
[2023-06-05 23:14:34,518] {processor.py:161} INFO - Processing /home/gui/Documentos/airflowalura/venv/lib/python3.9/site-packages/airflow/example_dags/subdags/subdag.py took 0.045 seconds
[2023-06-05 23:15:13,392] {processor.py:153} INFO - Started process (PID=45518) to work on /home/gui/Documentos/airflowalura/venv/lib/python3.9/site-packages/airflow/example_dags/subdags/subdag.py
[2023-06-05 23:15:13,394] {processor.py:641} INFO - Processing file /home/gui/Documentos/airflowalura/venv/lib/python3.9/site-packages/airflow/example_dags/subdags/subdag.py for tasks to queue
[2023-06-05 23:15:13,395] {logging_mixin.py:115} INFO - [2023-06-05 23:15:13,395] {dagbag.py:507} INFO - Filling up the DagBag from /home/gui/Documentos/airflowalura/venv/lib/python3.9/site-packages/airflow/example_dags/subdags/subdag.py
[2023-06-05 23:15:13,397] {processor.py:653} WARNING - No viable dags retrieved from /home/gui/Documentos/airflowalura/venv/lib/python3.9/site-packages/airflow/example_dags/subdags/subdag.py
[2023-06-05 23:15:13,421] {processor.py:161} INFO - Processing /home/gui/Documentos/airflowalura/venv/lib/python3.9/site-packages/airflow/example_dags/subdags/subdag.py took 0.036 seconds
[2023-06-05 23:15:50,551] {processor.py:153} INFO - Started process (PID=45573) to work on /home/gui/Documentos/airflowalura/venv/lib/python3.9/site-packages/airflow/example_dags/subdags/subdag.py
[2023-06-05 23:15:50,552] {processor.py:641} INFO - Processing file /home/gui/Documentos/airflowalura/venv/lib/python3.9/site-packages/airflow/example_dags/subdags/subdag.py for tasks to queue
[2023-06-05 23:15:50,554] {logging_mixin.py:115} INFO - [2023-06-05 23:15:50,554] {dagbag.py:507} INFO - Filling up the DagBag from /home/gui/Documentos/airflowalura/venv/lib/python3.9/site-packages/airflow/example_dags/subdags/subdag.py
[2023-06-05 23:15:50,557] {processor.py:653} WARNING - No viable dags retrieved from /home/gui/Documentos/airflowalura/venv/lib/python3.9/site-packages/airflow/example_dags/subdags/subdag.py
[2023-06-05 23:15:50,580] {processor.py:161} INFO - Processing /home/gui/Documentos/airflowalura/venv/lib/python3.9/site-packages/airflow/example_dags/subdags/subdag.py took 0.035 seconds
[2023-06-05 23:16:26,854] {processor.py:153} INFO - Started process (PID=45606) to work on /home/gui/Documentos/airflowalura/venv/lib/python3.9/site-packages/airflow/example_dags/subdags/subdag.py
[2023-06-05 23:16:26,855] {processor.py:641} INFO - Processing file /home/gui/Documentos/airflowalura/venv/lib/python3.9/site-packages/airflow/example_dags/subdags/subdag.py for tasks to queue
[2023-06-05 23:16:26,856] {logging_mixin.py:115} INFO - [2023-06-05 23:16:26,856] {dagbag.py:507} INFO - Filling up the DagBag from /home/gui/Documentos/airflowalura/venv/lib/python3.9/site-packages/airflow/example_dags/subdags/subdag.py
[2023-06-05 23:16:26,858] {processor.py:653} WARNING - No viable dags retrieved from /home/gui/Documentos/airflowalura/venv/lib/python3.9/site-packages/airflow/example_dags/subdags/subdag.py
[2023-06-05 23:16:26,884] {processor.py:161} INFO - Processing /home/gui/Documentos/airflowalura/venv/lib/python3.9/site-packages/airflow/example_dags/subdags/subdag.py took 0.038 seconds
[2023-06-05 23:17:03,913] {processor.py:153} INFO - Started process (PID=45641) to work on /home/gui/Documentos/airflowalura/venv/lib/python3.9/site-packages/airflow/example_dags/subdags/subdag.py
[2023-06-05 23:17:03,914] {processor.py:641} INFO - Processing file /home/gui/Documentos/airflowalura/venv/lib/python3.9/site-packages/airflow/example_dags/subdags/subdag.py for tasks to queue
[2023-06-05 23:17:03,915] {logging_mixin.py:115} INFO - [2023-06-05 23:17:03,915] {dagbag.py:507} INFO - Filling up the DagBag from /home/gui/Documentos/airflowalura/venv/lib/python3.9/site-packages/airflow/example_dags/subdags/subdag.py
[2023-06-05 23:17:03,917] {processor.py:653} WARNING - No viable dags retrieved from /home/gui/Documentos/airflowalura/venv/lib/python3.9/site-packages/airflow/example_dags/subdags/subdag.py
[2023-06-05 23:17:03,942] {processor.py:161} INFO - Processing /home/gui/Documentos/airflowalura/venv/lib/python3.9/site-packages/airflow/example_dags/subdags/subdag.py took 0.035 seconds
[2023-06-05 23:17:42,987] {processor.py:153} INFO - Started process (PID=45678) to work on /home/gui/Documentos/airflowalura/venv/lib/python3.9/site-packages/airflow/example_dags/subdags/subdag.py
[2023-06-05 23:17:42,989] {processor.py:641} INFO - Processing file /home/gui/Documentos/airflowalura/venv/lib/python3.9/site-packages/airflow/example_dags/subdags/subdag.py for tasks to queue
[2023-06-05 23:17:42,990] {logging_mixin.py:115} INFO - [2023-06-05 23:17:42,990] {dagbag.py:507} INFO - Filling up the DagBag from /home/gui/Documentos/airflowalura/venv/lib/python3.9/site-packages/airflow/example_dags/subdags/subdag.py
[2023-06-05 23:17:42,995] {processor.py:653} WARNING - No viable dags retrieved from /home/gui/Documentos/airflowalura/venv/lib/python3.9/site-packages/airflow/example_dags/subdags/subdag.py
[2023-06-05 23:17:43,026] {processor.py:161} INFO - Processing /home/gui/Documentos/airflowalura/venv/lib/python3.9/site-packages/airflow/example_dags/subdags/subdag.py took 0.048 seconds
[2023-06-05 23:18:18,715] {processor.py:153} INFO - Started process (PID=45705) to work on /home/gui/Documentos/airflowalura/venv/lib/python3.9/site-packages/airflow/example_dags/subdags/subdag.py
[2023-06-05 23:18:18,717] {processor.py:641} INFO - Processing file /home/gui/Documentos/airflowalura/venv/lib/python3.9/site-packages/airflow/example_dags/subdags/subdag.py for tasks to queue
[2023-06-05 23:18:18,718] {logging_mixin.py:115} INFO - [2023-06-05 23:18:18,718] {dagbag.py:507} INFO - Filling up the DagBag from /home/gui/Documentos/airflowalura/venv/lib/python3.9/site-packages/airflow/example_dags/subdags/subdag.py
[2023-06-05 23:18:18,721] {processor.py:653} WARNING - No viable dags retrieved from /home/gui/Documentos/airflowalura/venv/lib/python3.9/site-packages/airflow/example_dags/subdags/subdag.py
[2023-06-05 23:18:18,744] {processor.py:161} INFO - Processing /home/gui/Documentos/airflowalura/venv/lib/python3.9/site-packages/airflow/example_dags/subdags/subdag.py took 0.036 seconds
[2023-06-05 23:18:57,516] {processor.py:153} INFO - Started process (PID=45740) to work on /home/gui/Documentos/airflowalura/venv/lib/python3.9/site-packages/airflow/example_dags/subdags/subdag.py
[2023-06-05 23:18:57,517] {processor.py:641} INFO - Processing file /home/gui/Documentos/airflowalura/venv/lib/python3.9/site-packages/airflow/example_dags/subdags/subdag.py for tasks to queue
[2023-06-05 23:18:57,518] {logging_mixin.py:115} INFO - [2023-06-05 23:18:57,518] {dagbag.py:507} INFO - Filling up the DagBag from /home/gui/Documentos/airflowalura/venv/lib/python3.9/site-packages/airflow/example_dags/subdags/subdag.py
[2023-06-05 23:18:57,521] {processor.py:653} WARNING - No viable dags retrieved from /home/gui/Documentos/airflowalura/venv/lib/python3.9/site-packages/airflow/example_dags/subdags/subdag.py
[2023-06-05 23:18:57,547] {processor.py:161} INFO - Processing /home/gui/Documentos/airflowalura/venv/lib/python3.9/site-packages/airflow/example_dags/subdags/subdag.py took 0.038 seconds
[2023-06-05 23:19:40,808] {processor.py:153} INFO - Started process (PID=45777) to work on /home/gui/Documentos/airflowalura/venv/lib/python3.9/site-packages/airflow/example_dags/subdags/subdag.py
[2023-06-05 23:19:40,810] {processor.py:641} INFO - Processing file /home/gui/Documentos/airflowalura/venv/lib/python3.9/site-packages/airflow/example_dags/subdags/subdag.py for tasks to queue
[2023-06-05 23:19:40,812] {logging_mixin.py:115} INFO - [2023-06-05 23:19:40,811] {dagbag.py:507} INFO - Filling up the DagBag from /home/gui/Documentos/airflowalura/venv/lib/python3.9/site-packages/airflow/example_dags/subdags/subdag.py
[2023-06-05 23:19:40,816] {processor.py:653} WARNING - No viable dags retrieved from /home/gui/Documentos/airflowalura/venv/lib/python3.9/site-packages/airflow/example_dags/subdags/subdag.py
[2023-06-05 23:19:40,842] {processor.py:161} INFO - Processing /home/gui/Documentos/airflowalura/venv/lib/python3.9/site-packages/airflow/example_dags/subdags/subdag.py took 0.049 seconds
[2023-06-05 23:20:13,499] {processor.py:153} INFO - Started process (PID=45819) to work on /home/gui/Documentos/airflowalura/venv/lib/python3.9/site-packages/airflow/example_dags/subdags/subdag.py
[2023-06-05 23:20:13,500] {processor.py:641} INFO - Processing file /home/gui/Documentos/airflowalura/venv/lib/python3.9/site-packages/airflow/example_dags/subdags/subdag.py for tasks to queue
[2023-06-05 23:20:13,501] {logging_mixin.py:115} INFO - [2023-06-05 23:20:13,501] {dagbag.py:507} INFO - Filling up the DagBag from /home/gui/Documentos/airflowalura/venv/lib/python3.9/site-packages/airflow/example_dags/subdags/subdag.py
[2023-06-05 23:20:13,504] {processor.py:653} WARNING - No viable dags retrieved from /home/gui/Documentos/airflowalura/venv/lib/python3.9/site-packages/airflow/example_dags/subdags/subdag.py
[2023-06-05 23:20:13,525] {processor.py:161} INFO - Processing /home/gui/Documentos/airflowalura/venv/lib/python3.9/site-packages/airflow/example_dags/subdags/subdag.py took 0.032 seconds
[2023-06-05 23:20:50,241] {processor.py:153} INFO - Started process (PID=45859) to work on /home/gui/Documentos/airflowalura/venv/lib/python3.9/site-packages/airflow/example_dags/subdags/subdag.py
[2023-06-05 23:20:50,243] {processor.py:641} INFO - Processing file /home/gui/Documentos/airflowalura/venv/lib/python3.9/site-packages/airflow/example_dags/subdags/subdag.py for tasks to queue
[2023-06-05 23:20:50,244] {logging_mixin.py:115} INFO - [2023-06-05 23:20:50,244] {dagbag.py:507} INFO - Filling up the DagBag from /home/gui/Documentos/airflowalura/venv/lib/python3.9/site-packages/airflow/example_dags/subdags/subdag.py
[2023-06-05 23:20:50,247] {processor.py:653} WARNING - No viable dags retrieved from /home/gui/Documentos/airflowalura/venv/lib/python3.9/site-packages/airflow/example_dags/subdags/subdag.py
[2023-06-05 23:20:50,269] {processor.py:161} INFO - Processing /home/gui/Documentos/airflowalura/venv/lib/python3.9/site-packages/airflow/example_dags/subdags/subdag.py took 0.035 seconds
[2023-06-05 23:21:24,678] {processor.py:153} INFO - Started process (PID=45900) to work on /home/gui/Documentos/airflowalura/venv/lib/python3.9/site-packages/airflow/example_dags/subdags/subdag.py
[2023-06-05 23:21:24,680] {processor.py:641} INFO - Processing file /home/gui/Documentos/airflowalura/venv/lib/python3.9/site-packages/airflow/example_dags/subdags/subdag.py for tasks to queue
[2023-06-05 23:21:24,681] {logging_mixin.py:115} INFO - [2023-06-05 23:21:24,681] {dagbag.py:507} INFO - Filling up the DagBag from /home/gui/Documentos/airflowalura/venv/lib/python3.9/site-packages/airflow/example_dags/subdags/subdag.py
[2023-06-05 23:21:24,684] {processor.py:653} WARNING - No viable dags retrieved from /home/gui/Documentos/airflowalura/venv/lib/python3.9/site-packages/airflow/example_dags/subdags/subdag.py
[2023-06-05 23:21:24,708] {processor.py:161} INFO - Processing /home/gui/Documentos/airflowalura/venv/lib/python3.9/site-packages/airflow/example_dags/subdags/subdag.py took 0.035 seconds
[2023-06-05 23:22:03,770] {processor.py:153} INFO - Started process (PID=45944) to work on /home/gui/Documentos/airflowalura/venv/lib/python3.9/site-packages/airflow/example_dags/subdags/subdag.py
[2023-06-05 23:22:03,771] {processor.py:641} INFO - Processing file /home/gui/Documentos/airflowalura/venv/lib/python3.9/site-packages/airflow/example_dags/subdags/subdag.py for tasks to queue
[2023-06-05 23:22:03,772] {logging_mixin.py:115} INFO - [2023-06-05 23:22:03,771] {dagbag.py:507} INFO - Filling up the DagBag from /home/gui/Documentos/airflowalura/venv/lib/python3.9/site-packages/airflow/example_dags/subdags/subdag.py
[2023-06-05 23:22:03,775] {processor.py:653} WARNING - No viable dags retrieved from /home/gui/Documentos/airflowalura/venv/lib/python3.9/site-packages/airflow/example_dags/subdags/subdag.py
[2023-06-05 23:22:03,805] {processor.py:161} INFO - Processing /home/gui/Documentos/airflowalura/venv/lib/python3.9/site-packages/airflow/example_dags/subdags/subdag.py took 0.042 seconds
[2023-06-05 23:22:46,659] {processor.py:153} INFO - Started process (PID=45991) to work on /home/gui/Documentos/airflowalura/venv/lib/python3.9/site-packages/airflow/example_dags/subdags/subdag.py
[2023-06-05 23:22:46,661] {processor.py:641} INFO - Processing file /home/gui/Documentos/airflowalura/venv/lib/python3.9/site-packages/airflow/example_dags/subdags/subdag.py for tasks to queue
[2023-06-05 23:22:46,661] {logging_mixin.py:115} INFO - [2023-06-05 23:22:46,661] {dagbag.py:507} INFO - Filling up the DagBag from /home/gui/Documentos/airflowalura/venv/lib/python3.9/site-packages/airflow/example_dags/subdags/subdag.py
[2023-06-05 23:22:46,664] {processor.py:653} WARNING - No viable dags retrieved from /home/gui/Documentos/airflowalura/venv/lib/python3.9/site-packages/airflow/example_dags/subdags/subdag.py
[2023-06-05 23:22:46,690] {processor.py:161} INFO - Processing /home/gui/Documentos/airflowalura/venv/lib/python3.9/site-packages/airflow/example_dags/subdags/subdag.py took 0.036 seconds
[2023-06-05 23:23:27,903] {processor.py:153} INFO - Started process (PID=46035) to work on /home/gui/Documentos/airflowalura/venv/lib/python3.9/site-packages/airflow/example_dags/subdags/subdag.py
[2023-06-05 23:23:27,904] {processor.py:641} INFO - Processing file /home/gui/Documentos/airflowalura/venv/lib/python3.9/site-packages/airflow/example_dags/subdags/subdag.py for tasks to queue
[2023-06-05 23:23:27,905] {logging_mixin.py:115} INFO - [2023-06-05 23:23:27,904] {dagbag.py:507} INFO - Filling up the DagBag from /home/gui/Documentos/airflowalura/venv/lib/python3.9/site-packages/airflow/example_dags/subdags/subdag.py
[2023-06-05 23:23:27,907] {processor.py:653} WARNING - No viable dags retrieved from /home/gui/Documentos/airflowalura/venv/lib/python3.9/site-packages/airflow/example_dags/subdags/subdag.py
[2023-06-05 23:23:27,928] {processor.py:161} INFO - Processing /home/gui/Documentos/airflowalura/venv/lib/python3.9/site-packages/airflow/example_dags/subdags/subdag.py took 0.033 seconds
[2023-06-05 23:24:03,910] {processor.py:153} INFO - Started process (PID=46079) to work on /home/gui/Documentos/airflowalura/venv/lib/python3.9/site-packages/airflow/example_dags/subdags/subdag.py
[2023-06-05 23:24:03,911] {processor.py:641} INFO - Processing file /home/gui/Documentos/airflowalura/venv/lib/python3.9/site-packages/airflow/example_dags/subdags/subdag.py for tasks to queue
[2023-06-05 23:24:03,912] {logging_mixin.py:115} INFO - [2023-06-05 23:24:03,912] {dagbag.py:507} INFO - Filling up the DagBag from /home/gui/Documentos/airflowalura/venv/lib/python3.9/site-packages/airflow/example_dags/subdags/subdag.py
[2023-06-05 23:24:03,915] {processor.py:653} WARNING - No viable dags retrieved from /home/gui/Documentos/airflowalura/venv/lib/python3.9/site-packages/airflow/example_dags/subdags/subdag.py
[2023-06-05 23:24:03,935] {processor.py:161} INFO - Processing /home/gui/Documentos/airflowalura/venv/lib/python3.9/site-packages/airflow/example_dags/subdags/subdag.py took 0.031 seconds
[2023-06-05 23:24:48,379] {processor.py:153} INFO - Started process (PID=46124) to work on /home/gui/Documentos/airflowalura/venv/lib/python3.9/site-packages/airflow/example_dags/subdags/subdag.py
[2023-06-05 23:24:48,380] {processor.py:641} INFO - Processing file /home/gui/Documentos/airflowalura/venv/lib/python3.9/site-packages/airflow/example_dags/subdags/subdag.py for tasks to queue
[2023-06-05 23:24:48,382] {logging_mixin.py:115} INFO - [2023-06-05 23:24:48,381] {dagbag.py:507} INFO - Filling up the DagBag from /home/gui/Documentos/airflowalura/venv/lib/python3.9/site-packages/airflow/example_dags/subdags/subdag.py
[2023-06-05 23:24:48,385] {processor.py:653} WARNING - No viable dags retrieved from /home/gui/Documentos/airflowalura/venv/lib/python3.9/site-packages/airflow/example_dags/subdags/subdag.py
[2023-06-05 23:24:48,408] {processor.py:161} INFO - Processing /home/gui/Documentos/airflowalura/venv/lib/python3.9/site-packages/airflow/example_dags/subdags/subdag.py took 0.036 seconds
[2023-06-05 23:25:28,181] {processor.py:153} INFO - Started process (PID=46166) to work on /home/gui/Documentos/airflowalura/venv/lib/python3.9/site-packages/airflow/example_dags/subdags/subdag.py
[2023-06-05 23:25:28,182] {processor.py:641} INFO - Processing file /home/gui/Documentos/airflowalura/venv/lib/python3.9/site-packages/airflow/example_dags/subdags/subdag.py for tasks to queue
[2023-06-05 23:25:28,182] {logging_mixin.py:115} INFO - [2023-06-05 23:25:28,182] {dagbag.py:507} INFO - Filling up the DagBag from /home/gui/Documentos/airflowalura/venv/lib/python3.9/site-packages/airflow/example_dags/subdags/subdag.py
[2023-06-05 23:25:28,185] {processor.py:653} WARNING - No viable dags retrieved from /home/gui/Documentos/airflowalura/venv/lib/python3.9/site-packages/airflow/example_dags/subdags/subdag.py
[2023-06-05 23:25:28,208] {processor.py:161} INFO - Processing /home/gui/Documentos/airflowalura/venv/lib/python3.9/site-packages/airflow/example_dags/subdags/subdag.py took 0.034 seconds
[2023-06-05 23:26:04,781] {processor.py:153} INFO - Started process (PID=46231) to work on /home/gui/Documentos/airflowalura/venv/lib/python3.9/site-packages/airflow/example_dags/subdags/subdag.py
[2023-06-05 23:26:04,820] {processor.py:641} INFO - Processing file /home/gui/Documentos/airflowalura/venv/lib/python3.9/site-packages/airflow/example_dags/subdags/subdag.py for tasks to queue
[2023-06-05 23:26:04,822] {logging_mixin.py:115} INFO - [2023-06-05 23:26:04,821] {dagbag.py:507} INFO - Filling up the DagBag from /home/gui/Documentos/airflowalura/venv/lib/python3.9/site-packages/airflow/example_dags/subdags/subdag.py
[2023-06-05 23:26:04,825] {processor.py:653} WARNING - No viable dags retrieved from /home/gui/Documentos/airflowalura/venv/lib/python3.9/site-packages/airflow/example_dags/subdags/subdag.py
[2023-06-05 23:26:04,850] {processor.py:161} INFO - Processing /home/gui/Documentos/airflowalura/venv/lib/python3.9/site-packages/airflow/example_dags/subdags/subdag.py took 0.075 seconds
[2023-06-05 23:31:02,570] {processor.py:153} INFO - Started process (PID=46719) to work on /home/gui/Documentos/airflowalura/venv/lib/python3.9/site-packages/airflow/example_dags/subdags/subdag.py
[2023-06-05 23:31:02,572] {processor.py:641} INFO - Processing file /home/gui/Documentos/airflowalura/venv/lib/python3.9/site-packages/airflow/example_dags/subdags/subdag.py for tasks to queue
[2023-06-05 23:31:02,573] {logging_mixin.py:115} INFO - [2023-06-05 23:31:02,573] {dagbag.py:507} INFO - Filling up the DagBag from /home/gui/Documentos/airflowalura/venv/lib/python3.9/site-packages/airflow/example_dags/subdags/subdag.py
[2023-06-05 23:31:02,581] {processor.py:653} WARNING - No viable dags retrieved from /home/gui/Documentos/airflowalura/venv/lib/python3.9/site-packages/airflow/example_dags/subdags/subdag.py
[2023-06-05 23:31:02,623] {processor.py:161} INFO - Processing /home/gui/Documentos/airflowalura/venv/lib/python3.9/site-packages/airflow/example_dags/subdags/subdag.py took 0.066 seconds
[2023-06-05 23:32:01,077] {processor.py:153} INFO - Started process (PID=47106) to work on /home/gui/Documentos/airflowalura/venv/lib/python3.9/site-packages/airflow/example_dags/subdags/subdag.py
[2023-06-05 23:32:01,085] {processor.py:641} INFO - Processing file /home/gui/Documentos/airflowalura/venv/lib/python3.9/site-packages/airflow/example_dags/subdags/subdag.py for tasks to queue
[2023-06-05 23:32:01,087] {logging_mixin.py:115} INFO - [2023-06-05 23:32:01,087] {dagbag.py:507} INFO - Filling up the DagBag from /home/gui/Documentos/airflowalura/venv/lib/python3.9/site-packages/airflow/example_dags/subdags/subdag.py
[2023-06-05 23:32:01,102] {processor.py:653} WARNING - No viable dags retrieved from /home/gui/Documentos/airflowalura/venv/lib/python3.9/site-packages/airflow/example_dags/subdags/subdag.py
[2023-06-05 23:32:01,156] {processor.py:161} INFO - Processing /home/gui/Documentos/airflowalura/venv/lib/python3.9/site-packages/airflow/example_dags/subdags/subdag.py took 0.088 seconds
[2023-06-05 23:32:47,756] {processor.py:153} INFO - Started process (PID=47775) to work on /home/gui/Documentos/airflowalura/venv/lib/python3.9/site-packages/airflow/example_dags/subdags/subdag.py
[2023-06-05 23:32:47,770] {processor.py:641} INFO - Processing file /home/gui/Documentos/airflowalura/venv/lib/python3.9/site-packages/airflow/example_dags/subdags/subdag.py for tasks to queue
[2023-06-05 23:32:47,771] {logging_mixin.py:115} INFO - [2023-06-05 23:32:47,771] {dagbag.py:507} INFO - Filling up the DagBag from /home/gui/Documentos/airflowalura/venv/lib/python3.9/site-packages/airflow/example_dags/subdags/subdag.py
[2023-06-05 23:32:47,776] {processor.py:653} WARNING - No viable dags retrieved from /home/gui/Documentos/airflowalura/venv/lib/python3.9/site-packages/airflow/example_dags/subdags/subdag.py
[2023-06-05 23:32:47,813] {processor.py:161} INFO - Processing /home/gui/Documentos/airflowalura/venv/lib/python3.9/site-packages/airflow/example_dags/subdags/subdag.py took 0.067 seconds
[2023-06-05 23:33:31,763] {processor.py:153} INFO - Started process (PID=48430) to work on /home/gui/Documentos/airflowalura/venv/lib/python3.9/site-packages/airflow/example_dags/subdags/subdag.py
[2023-06-05 23:33:31,771] {processor.py:641} INFO - Processing file /home/gui/Documentos/airflowalura/venv/lib/python3.9/site-packages/airflow/example_dags/subdags/subdag.py for tasks to queue
[2023-06-05 23:33:31,772] {logging_mixin.py:115} INFO - [2023-06-05 23:33:31,772] {dagbag.py:507} INFO - Filling up the DagBag from /home/gui/Documentos/airflowalura/venv/lib/python3.9/site-packages/airflow/example_dags/subdags/subdag.py
[2023-06-05 23:33:31,784] {processor.py:653} WARNING - No viable dags retrieved from /home/gui/Documentos/airflowalura/venv/lib/python3.9/site-packages/airflow/example_dags/subdags/subdag.py
[2023-06-05 23:33:31,841] {processor.py:161} INFO - Processing /home/gui/Documentos/airflowalura/venv/lib/python3.9/site-packages/airflow/example_dags/subdags/subdag.py took 0.094 seconds
[2023-06-05 23:34:11,379] {processor.py:153} INFO - Started process (PID=49022) to work on /home/gui/Documentos/airflowalura/venv/lib/python3.9/site-packages/airflow/example_dags/subdags/subdag.py
[2023-06-05 23:34:11,383] {processor.py:641} INFO - Processing file /home/gui/Documentos/airflowalura/venv/lib/python3.9/site-packages/airflow/example_dags/subdags/subdag.py for tasks to queue
[2023-06-05 23:34:11,395] {logging_mixin.py:115} INFO - [2023-06-05 23:34:11,384] {dagbag.py:507} INFO - Filling up the DagBag from /home/gui/Documentos/airflowalura/venv/lib/python3.9/site-packages/airflow/example_dags/subdags/subdag.py
[2023-06-05 23:34:11,399] {processor.py:653} WARNING - No viable dags retrieved from /home/gui/Documentos/airflowalura/venv/lib/python3.9/site-packages/airflow/example_dags/subdags/subdag.py
[2023-06-05 23:34:11,447] {processor.py:161} INFO - Processing /home/gui/Documentos/airflowalura/venv/lib/python3.9/site-packages/airflow/example_dags/subdags/subdag.py took 0.097 seconds
[2023-06-05 23:34:51,168] {processor.py:153} INFO - Started process (PID=49507) to work on /home/gui/Documentos/airflowalura/venv/lib/python3.9/site-packages/airflow/example_dags/subdags/subdag.py
[2023-06-05 23:34:51,169] {processor.py:641} INFO - Processing file /home/gui/Documentos/airflowalura/venv/lib/python3.9/site-packages/airflow/example_dags/subdags/subdag.py for tasks to queue
[2023-06-05 23:34:51,170] {logging_mixin.py:115} INFO - [2023-06-05 23:34:51,170] {dagbag.py:507} INFO - Filling up the DagBag from /home/gui/Documentos/airflowalura/venv/lib/python3.9/site-packages/airflow/example_dags/subdags/subdag.py
[2023-06-05 23:34:51,183] {processor.py:653} WARNING - No viable dags retrieved from /home/gui/Documentos/airflowalura/venv/lib/python3.9/site-packages/airflow/example_dags/subdags/subdag.py
[2023-06-05 23:34:51,233] {processor.py:161} INFO - Processing /home/gui/Documentos/airflowalura/venv/lib/python3.9/site-packages/airflow/example_dags/subdags/subdag.py took 0.072 seconds
[2023-06-05 23:35:29,740] {processor.py:153} INFO - Started process (PID=49572) to work on /home/gui/Documentos/airflowalura/venv/lib/python3.9/site-packages/airflow/example_dags/subdags/subdag.py
[2023-06-05 23:35:29,743] {processor.py:641} INFO - Processing file /home/gui/Documentos/airflowalura/venv/lib/python3.9/site-packages/airflow/example_dags/subdags/subdag.py for tasks to queue
[2023-06-05 23:35:29,744] {logging_mixin.py:115} INFO - [2023-06-05 23:35:29,744] {dagbag.py:507} INFO - Filling up the DagBag from /home/gui/Documentos/airflowalura/venv/lib/python3.9/site-packages/airflow/example_dags/subdags/subdag.py
[2023-06-05 23:35:29,748] {processor.py:653} WARNING - No viable dags retrieved from /home/gui/Documentos/airflowalura/venv/lib/python3.9/site-packages/airflow/example_dags/subdags/subdag.py
[2023-06-05 23:35:29,845] {processor.py:161} INFO - Processing /home/gui/Documentos/airflowalura/venv/lib/python3.9/site-packages/airflow/example_dags/subdags/subdag.py took 0.121 seconds
[2023-06-05 23:36:17,401] {processor.py:153} INFO - Started process (PID=49634) to work on /home/gui/Documentos/airflowalura/venv/lib/python3.9/site-packages/airflow/example_dags/subdags/subdag.py
[2023-06-05 23:36:17,405] {processor.py:641} INFO - Processing file /home/gui/Documentos/airflowalura/venv/lib/python3.9/site-packages/airflow/example_dags/subdags/subdag.py for tasks to queue
[2023-06-05 23:36:17,406] {logging_mixin.py:115} INFO - [2023-06-05 23:36:17,406] {dagbag.py:507} INFO - Filling up the DagBag from /home/gui/Documentos/airflowalura/venv/lib/python3.9/site-packages/airflow/example_dags/subdags/subdag.py
[2023-06-05 23:36:17,409] {processor.py:653} WARNING - No viable dags retrieved from /home/gui/Documentos/airflowalura/venv/lib/python3.9/site-packages/airflow/example_dags/subdags/subdag.py
[2023-06-05 23:36:17,491] {processor.py:161} INFO - Processing /home/gui/Documentos/airflowalura/venv/lib/python3.9/site-packages/airflow/example_dags/subdags/subdag.py took 0.109 seconds
[2023-06-05 23:36:56,330] {processor.py:153} INFO - Started process (PID=49715) to work on /home/gui/Documentos/airflowalura/venv/lib/python3.9/site-packages/airflow/example_dags/subdags/subdag.py
[2023-06-05 23:36:56,335] {processor.py:641} INFO - Processing file /home/gui/Documentos/airflowalura/venv/lib/python3.9/site-packages/airflow/example_dags/subdags/subdag.py for tasks to queue
[2023-06-05 23:36:56,336] {logging_mixin.py:115} INFO - [2023-06-05 23:36:56,336] {dagbag.py:507} INFO - Filling up the DagBag from /home/gui/Documentos/airflowalura/venv/lib/python3.9/site-packages/airflow/example_dags/subdags/subdag.py
[2023-06-05 23:36:56,340] {processor.py:653} WARNING - No viable dags retrieved from /home/gui/Documentos/airflowalura/venv/lib/python3.9/site-packages/airflow/example_dags/subdags/subdag.py
[2023-06-05 23:36:56,411] {processor.py:161} INFO - Processing /home/gui/Documentos/airflowalura/venv/lib/python3.9/site-packages/airflow/example_dags/subdags/subdag.py took 0.100 seconds
[2023-06-05 23:37:38,056] {processor.py:153} INFO - Started process (PID=49828) to work on /home/gui/Documentos/airflowalura/venv/lib/python3.9/site-packages/airflow/example_dags/subdags/subdag.py
[2023-06-05 23:37:38,057] {processor.py:641} INFO - Processing file /home/gui/Documentos/airflowalura/venv/lib/python3.9/site-packages/airflow/example_dags/subdags/subdag.py for tasks to queue
[2023-06-05 23:37:38,058] {logging_mixin.py:115} INFO - [2023-06-05 23:37:38,058] {dagbag.py:507} INFO - Filling up the DagBag from /home/gui/Documentos/airflowalura/venv/lib/python3.9/site-packages/airflow/example_dags/subdags/subdag.py
[2023-06-05 23:37:38,061] {processor.py:653} WARNING - No viable dags retrieved from /home/gui/Documentos/airflowalura/venv/lib/python3.9/site-packages/airflow/example_dags/subdags/subdag.py
[2023-06-05 23:37:38,101] {processor.py:161} INFO - Processing /home/gui/Documentos/airflowalura/venv/lib/python3.9/site-packages/airflow/example_dags/subdags/subdag.py took 0.058 seconds
[2023-06-05 23:38:21,230] {processor.py:153} INFO - Started process (PID=49915) to work on /home/gui/Documentos/airflowalura/venv/lib/python3.9/site-packages/airflow/example_dags/subdags/subdag.py
[2023-06-05 23:38:21,235] {processor.py:641} INFO - Processing file /home/gui/Documentos/airflowalura/venv/lib/python3.9/site-packages/airflow/example_dags/subdags/subdag.py for tasks to queue
[2023-06-05 23:38:21,236] {logging_mixin.py:115} INFO - [2023-06-05 23:38:21,236] {dagbag.py:507} INFO - Filling up the DagBag from /home/gui/Documentos/airflowalura/venv/lib/python3.9/site-packages/airflow/example_dags/subdags/subdag.py
[2023-06-05 23:38:21,239] {processor.py:653} WARNING - No viable dags retrieved from /home/gui/Documentos/airflowalura/venv/lib/python3.9/site-packages/airflow/example_dags/subdags/subdag.py
[2023-06-05 23:38:21,261] {processor.py:161} INFO - Processing /home/gui/Documentos/airflowalura/venv/lib/python3.9/site-packages/airflow/example_dags/subdags/subdag.py took 0.038 seconds
[2023-06-05 23:39:03,946] {processor.py:153} INFO - Started process (PID=49992) to work on /home/gui/Documentos/airflowalura/venv/lib/python3.9/site-packages/airflow/example_dags/subdags/subdag.py
[2023-06-05 23:39:03,948] {processor.py:641} INFO - Processing file /home/gui/Documentos/airflowalura/venv/lib/python3.9/site-packages/airflow/example_dags/subdags/subdag.py for tasks to queue
[2023-06-05 23:39:03,950] {logging_mixin.py:115} INFO - [2023-06-05 23:39:03,949] {dagbag.py:507} INFO - Filling up the DagBag from /home/gui/Documentos/airflowalura/venv/lib/python3.9/site-packages/airflow/example_dags/subdags/subdag.py
[2023-06-05 23:39:03,958] {processor.py:653} WARNING - No viable dags retrieved from /home/gui/Documentos/airflowalura/venv/lib/python3.9/site-packages/airflow/example_dags/subdags/subdag.py
[2023-06-05 23:39:04,011] {processor.py:161} INFO - Processing /home/gui/Documentos/airflowalura/venv/lib/python3.9/site-packages/airflow/example_dags/subdags/subdag.py took 0.076 seconds
[2023-06-05 23:39:46,363] {processor.py:153} INFO - Started process (PID=50070) to work on /home/gui/Documentos/airflowalura/venv/lib/python3.9/site-packages/airflow/example_dags/subdags/subdag.py
[2023-06-05 23:39:46,372] {processor.py:641} INFO - Processing file /home/gui/Documentos/airflowalura/venv/lib/python3.9/site-packages/airflow/example_dags/subdags/subdag.py for tasks to queue
[2023-06-05 23:39:46,373] {logging_mixin.py:115} INFO - [2023-06-05 23:39:46,373] {dagbag.py:507} INFO - Filling up the DagBag from /home/gui/Documentos/airflowalura/venv/lib/python3.9/site-packages/airflow/example_dags/subdags/subdag.py
[2023-06-05 23:39:46,377] {processor.py:653} WARNING - No viable dags retrieved from /home/gui/Documentos/airflowalura/venv/lib/python3.9/site-packages/airflow/example_dags/subdags/subdag.py
[2023-06-05 23:39:46,411] {processor.py:161} INFO - Processing /home/gui/Documentos/airflowalura/venv/lib/python3.9/site-packages/airflow/example_dags/subdags/subdag.py took 0.056 seconds
[2023-06-05 23:40:24,983] {processor.py:153} INFO - Started process (PID=50388) to work on /home/gui/Documentos/airflowalura/venv/lib/python3.9/site-packages/airflow/example_dags/subdags/subdag.py
[2023-06-05 23:40:24,985] {processor.py:641} INFO - Processing file /home/gui/Documentos/airflowalura/venv/lib/python3.9/site-packages/airflow/example_dags/subdags/subdag.py for tasks to queue
[2023-06-05 23:40:24,986] {logging_mixin.py:115} INFO - [2023-06-05 23:40:24,986] {dagbag.py:507} INFO - Filling up the DagBag from /home/gui/Documentos/airflowalura/venv/lib/python3.9/site-packages/airflow/example_dags/subdags/subdag.py
[2023-06-05 23:40:24,990] {processor.py:653} WARNING - No viable dags retrieved from /home/gui/Documentos/airflowalura/venv/lib/python3.9/site-packages/airflow/example_dags/subdags/subdag.py
[2023-06-05 23:40:25,466] {processor.py:161} INFO - Processing /home/gui/Documentos/airflowalura/venv/lib/python3.9/site-packages/airflow/example_dags/subdags/subdag.py took 0.493 seconds
[2023-06-05 23:41:16,282] {processor.py:153} INFO - Started process (PID=50710) to work on /home/gui/Documentos/airflowalura/venv/lib/python3.9/site-packages/airflow/example_dags/subdags/subdag.py
[2023-06-05 23:41:16,368] {processor.py:641} INFO - Processing file /home/gui/Documentos/airflowalura/venv/lib/python3.9/site-packages/airflow/example_dags/subdags/subdag.py for tasks to queue
[2023-06-05 23:41:16,370] {logging_mixin.py:115} INFO - [2023-06-05 23:41:16,369] {dagbag.py:507} INFO - Filling up the DagBag from /home/gui/Documentos/airflowalura/venv/lib/python3.9/site-packages/airflow/example_dags/subdags/subdag.py
[2023-06-05 23:41:16,373] {processor.py:653} WARNING - No viable dags retrieved from /home/gui/Documentos/airflowalura/venv/lib/python3.9/site-packages/airflow/example_dags/subdags/subdag.py
[2023-06-05 23:41:16,412] {processor.py:161} INFO - Processing /home/gui/Documentos/airflowalura/venv/lib/python3.9/site-packages/airflow/example_dags/subdags/subdag.py took 0.137 seconds
[2023-06-05 23:41:54,684] {processor.py:153} INFO - Started process (PID=50782) to work on /home/gui/Documentos/airflowalura/venv/lib/python3.9/site-packages/airflow/example_dags/subdags/subdag.py
[2023-06-05 23:41:54,687] {processor.py:641} INFO - Processing file /home/gui/Documentos/airflowalura/venv/lib/python3.9/site-packages/airflow/example_dags/subdags/subdag.py for tasks to queue
[2023-06-05 23:41:54,688] {logging_mixin.py:115} INFO - [2023-06-05 23:41:54,688] {dagbag.py:507} INFO - Filling up the DagBag from /home/gui/Documentos/airflowalura/venv/lib/python3.9/site-packages/airflow/example_dags/subdags/subdag.py
[2023-06-05 23:41:54,695] {processor.py:653} WARNING - No viable dags retrieved from /home/gui/Documentos/airflowalura/venv/lib/python3.9/site-packages/airflow/example_dags/subdags/subdag.py
[2023-06-05 23:41:54,747] {processor.py:161} INFO - Processing /home/gui/Documentos/airflowalura/venv/lib/python3.9/site-packages/airflow/example_dags/subdags/subdag.py took 0.075 seconds
