[2023-06-05 23:02:13,968] {processor.py:153} INFO - Started process (PID=44515) to work on /home/gui/Documentos/airflowalura/venv/lib/python3.9/site-packages/airflow/example_dags/plugins/workday.py
[2023-06-05 23:02:13,969] {processor.py:641} INFO - Processing file /home/gui/Documentos/airflowalura/venv/lib/python3.9/site-packages/airflow/example_dags/plugins/workday.py for tasks to queue
[2023-06-05 23:02:13,970] {logging_mixin.py:115} INFO - [2023-06-05 23:02:13,970] {dagbag.py:507} INFO - Filling up the DagBag from /home/gui/Documentos/airflowalura/venv/lib/python3.9/site-packages/airflow/example_dags/plugins/workday.py
[2023-06-05 23:02:13,974] {processor.py:653} WARNING - No viable dags retrieved from /home/gui/Documentos/airflowalura/venv/lib/python3.9/site-packages/airflow/example_dags/plugins/workday.py
[2023-06-05 23:02:13,994] {processor.py:161} INFO - Processing /home/gui/Documentos/airflowalura/venv/lib/python3.9/site-packages/airflow/example_dags/plugins/workday.py took 0.032 seconds
[2023-06-05 23:05:23,112] {processor.py:153} INFO - Started process (PID=44966) to work on /home/gui/Documentos/airflowalura/venv/lib/python3.9/site-packages/airflow/example_dags/plugins/workday.py
[2023-06-05 23:05:23,113] {processor.py:641} INFO - Processing file /home/gui/Documentos/airflowalura/venv/lib/python3.9/site-packages/airflow/example_dags/plugins/workday.py for tasks to queue
[2023-06-05 23:05:23,114] {logging_mixin.py:115} INFO - [2023-06-05 23:05:23,114] {dagbag.py:507} INFO - Filling up the DagBag from /home/gui/Documentos/airflowalura/venv/lib/python3.9/site-packages/airflow/example_dags/plugins/workday.py
[2023-06-05 23:05:23,118] {processor.py:653} WARNING - No viable dags retrieved from /home/gui/Documentos/airflowalura/venv/lib/python3.9/site-packages/airflow/example_dags/plugins/workday.py
[2023-06-05 23:05:23,136] {processor.py:161} INFO - Processing /home/gui/Documentos/airflowalura/venv/lib/python3.9/site-packages/airflow/example_dags/plugins/workday.py took 0.029 seconds
[2023-06-05 23:06:02,211] {processor.py:153} INFO - Started process (PID=45003) to work on /home/gui/Documentos/airflowalura/venv/lib/python3.9/site-packages/airflow/example_dags/plugins/workday.py
[2023-06-05 23:06:02,212] {processor.py:641} INFO - Processing file /home/gui/Documentos/airflowalura/venv/lib/python3.9/site-packages/airflow/example_dags/plugins/workday.py for tasks to queue
[2023-06-05 23:06:02,213] {logging_mixin.py:115} INFO - [2023-06-05 23:06:02,213] {dagbag.py:507} INFO - Filling up the DagBag from /home/gui/Documentos/airflowalura/venv/lib/python3.9/site-packages/airflow/example_dags/plugins/workday.py
[2023-06-05 23:06:02,217] {processor.py:653} WARNING - No viable dags retrieved from /home/gui/Documentos/airflowalura/venv/lib/python3.9/site-packages/airflow/example_dags/plugins/workday.py
[2023-06-05 23:06:02,236] {processor.py:161} INFO - Processing /home/gui/Documentos/airflowalura/venv/lib/python3.9/site-packages/airflow/example_dags/plugins/workday.py took 0.034 seconds
[2023-06-05 23:06:39,637] {processor.py:153} INFO - Started process (PID=45037) to work on /home/gui/Documentos/airflowalura/venv/lib/python3.9/site-packages/airflow/example_dags/plugins/workday.py
[2023-06-05 23:06:39,638] {processor.py:641} INFO - Processing file /home/gui/Documentos/airflowalura/venv/lib/python3.9/site-packages/airflow/example_dags/plugins/workday.py for tasks to queue
[2023-06-05 23:06:39,639] {logging_mixin.py:115} INFO - [2023-06-05 23:06:39,639] {dagbag.py:507} INFO - Filling up the DagBag from /home/gui/Documentos/airflowalura/venv/lib/python3.9/site-packages/airflow/example_dags/plugins/workday.py
[2023-06-05 23:06:39,643] {processor.py:653} WARNING - No viable dags retrieved from /home/gui/Documentos/airflowalura/venv/lib/python3.9/site-packages/airflow/example_dags/plugins/workday.py
[2023-06-05 23:06:39,661] {processor.py:161} INFO - Processing /home/gui/Documentos/airflowalura/venv/lib/python3.9/site-packages/airflow/example_dags/plugins/workday.py took 0.030 seconds
[2023-06-05 23:07:18,069] {processor.py:153} INFO - Started process (PID=45092) to work on /home/gui/Documentos/airflowalura/venv/lib/python3.9/site-packages/airflow/example_dags/plugins/workday.py
[2023-06-05 23:07:18,070] {processor.py:641} INFO - Processing file /home/gui/Documentos/airflowalura/venv/lib/python3.9/site-packages/airflow/example_dags/plugins/workday.py for tasks to queue
[2023-06-05 23:07:18,071] {logging_mixin.py:115} INFO - [2023-06-05 23:07:18,071] {dagbag.py:507} INFO - Filling up the DagBag from /home/gui/Documentos/airflowalura/venv/lib/python3.9/site-packages/airflow/example_dags/plugins/workday.py
[2023-06-05 23:07:18,075] {processor.py:653} WARNING - No viable dags retrieved from /home/gui/Documentos/airflowalura/venv/lib/python3.9/site-packages/airflow/example_dags/plugins/workday.py
[2023-06-05 23:07:18,100] {processor.py:161} INFO - Processing /home/gui/Documentos/airflowalura/venv/lib/python3.9/site-packages/airflow/example_dags/plugins/workday.py took 0.037 seconds
[2023-06-05 23:07:57,390] {processor.py:153} INFO - Started process (PID=45132) to work on /home/gui/Documentos/airflowalura/venv/lib/python3.9/site-packages/airflow/example_dags/plugins/workday.py
[2023-06-05 23:07:57,391] {processor.py:641} INFO - Processing file /home/gui/Documentos/airflowalura/venv/lib/python3.9/site-packages/airflow/example_dags/plugins/workday.py for tasks to queue
[2023-06-05 23:07:57,392] {logging_mixin.py:115} INFO - [2023-06-05 23:07:57,392] {dagbag.py:507} INFO - Filling up the DagBag from /home/gui/Documentos/airflowalura/venv/lib/python3.9/site-packages/airflow/example_dags/plugins/workday.py
[2023-06-05 23:07:57,396] {processor.py:653} WARNING - No viable dags retrieved from /home/gui/Documentos/airflowalura/venv/lib/python3.9/site-packages/airflow/example_dags/plugins/workday.py
[2023-06-05 23:07:57,417] {processor.py:161} INFO - Processing /home/gui/Documentos/airflowalura/venv/lib/python3.9/site-packages/airflow/example_dags/plugins/workday.py took 0.032 seconds
[2023-06-05 23:08:37,287] {processor.py:153} INFO - Started process (PID=45168) to work on /home/gui/Documentos/airflowalura/venv/lib/python3.9/site-packages/airflow/example_dags/plugins/workday.py
[2023-06-05 23:08:37,307] {processor.py:641} INFO - Processing file /home/gui/Documentos/airflowalura/venv/lib/python3.9/site-packages/airflow/example_dags/plugins/workday.py for tasks to queue
[2023-06-05 23:08:37,308] {logging_mixin.py:115} INFO - [2023-06-05 23:08:37,308] {dagbag.py:507} INFO - Filling up the DagBag from /home/gui/Documentos/airflowalura/venv/lib/python3.9/site-packages/airflow/example_dags/plugins/workday.py
[2023-06-05 23:08:37,312] {processor.py:653} WARNING - No viable dags retrieved from /home/gui/Documentos/airflowalura/venv/lib/python3.9/site-packages/airflow/example_dags/plugins/workday.py
[2023-06-05 23:08:37,331] {processor.py:161} INFO - Processing /home/gui/Documentos/airflowalura/venv/lib/python3.9/site-packages/airflow/example_dags/plugins/workday.py took 0.050 seconds
[2023-06-05 23:09:18,236] {processor.py:153} INFO - Started process (PID=45202) to work on /home/gui/Documentos/airflowalura/venv/lib/python3.9/site-packages/airflow/example_dags/plugins/workday.py
[2023-06-05 23:09:18,237] {processor.py:641} INFO - Processing file /home/gui/Documentos/airflowalura/venv/lib/python3.9/site-packages/airflow/example_dags/plugins/workday.py for tasks to queue
[2023-06-05 23:09:18,238] {logging_mixin.py:115} INFO - [2023-06-05 23:09:18,238] {dagbag.py:507} INFO - Filling up the DagBag from /home/gui/Documentos/airflowalura/venv/lib/python3.9/site-packages/airflow/example_dags/plugins/workday.py
[2023-06-05 23:09:18,243] {processor.py:653} WARNING - No viable dags retrieved from /home/gui/Documentos/airflowalura/venv/lib/python3.9/site-packages/airflow/example_dags/plugins/workday.py
[2023-06-05 23:09:18,265] {processor.py:161} INFO - Processing /home/gui/Documentos/airflowalura/venv/lib/python3.9/site-packages/airflow/example_dags/plugins/workday.py took 0.035 seconds
[2023-06-05 23:09:56,859] {processor.py:153} INFO - Started process (PID=45236) to work on /home/gui/Documentos/airflowalura/venv/lib/python3.9/site-packages/airflow/example_dags/plugins/workday.py
[2023-06-05 23:09:56,861] {processor.py:641} INFO - Processing file /home/gui/Documentos/airflowalura/venv/lib/python3.9/site-packages/airflow/example_dags/plugins/workday.py for tasks to queue
[2023-06-05 23:09:56,862] {logging_mixin.py:115} INFO - [2023-06-05 23:09:56,861] {dagbag.py:507} INFO - Filling up the DagBag from /home/gui/Documentos/airflowalura/venv/lib/python3.9/site-packages/airflow/example_dags/plugins/workday.py
[2023-06-05 23:09:56,866] {processor.py:653} WARNING - No viable dags retrieved from /home/gui/Documentos/airflowalura/venv/lib/python3.9/site-packages/airflow/example_dags/plugins/workday.py
[2023-06-05 23:09:56,889] {processor.py:161} INFO - Processing /home/gui/Documentos/airflowalura/venv/lib/python3.9/site-packages/airflow/example_dags/plugins/workday.py took 0.038 seconds
[2023-06-05 23:10:36,886] {processor.py:153} INFO - Started process (PID=45269) to work on /home/gui/Documentos/airflowalura/venv/lib/python3.9/site-packages/airflow/example_dags/plugins/workday.py
[2023-06-05 23:10:36,888] {processor.py:641} INFO - Processing file /home/gui/Documentos/airflowalura/venv/lib/python3.9/site-packages/airflow/example_dags/plugins/workday.py for tasks to queue
[2023-06-05 23:10:36,889] {logging_mixin.py:115} INFO - [2023-06-05 23:10:36,889] {dagbag.py:507} INFO - Filling up the DagBag from /home/gui/Documentos/airflowalura/venv/lib/python3.9/site-packages/airflow/example_dags/plugins/workday.py
[2023-06-05 23:10:36,893] {processor.py:653} WARNING - No viable dags retrieved from /home/gui/Documentos/airflowalura/venv/lib/python3.9/site-packages/airflow/example_dags/plugins/workday.py
[2023-06-05 23:10:36,913] {processor.py:161} INFO - Processing /home/gui/Documentos/airflowalura/venv/lib/python3.9/site-packages/airflow/example_dags/plugins/workday.py took 0.034 seconds
[2023-06-05 23:11:17,680] {processor.py:153} INFO - Started process (PID=45308) to work on /home/gui/Documentos/airflowalura/venv/lib/python3.9/site-packages/airflow/example_dags/plugins/workday.py
[2023-06-05 23:11:17,682] {processor.py:641} INFO - Processing file /home/gui/Documentos/airflowalura/venv/lib/python3.9/site-packages/airflow/example_dags/plugins/workday.py for tasks to queue
[2023-06-05 23:11:17,683] {logging_mixin.py:115} INFO - [2023-06-05 23:11:17,683] {dagbag.py:507} INFO - Filling up the DagBag from /home/gui/Documentos/airflowalura/venv/lib/python3.9/site-packages/airflow/example_dags/plugins/workday.py
[2023-06-05 23:11:17,687] {processor.py:653} WARNING - No viable dags retrieved from /home/gui/Documentos/airflowalura/venv/lib/python3.9/site-packages/airflow/example_dags/plugins/workday.py
[2023-06-05 23:11:17,711] {processor.py:161} INFO - Processing /home/gui/Documentos/airflowalura/venv/lib/python3.9/site-packages/airflow/example_dags/plugins/workday.py took 0.038 seconds
[2023-06-05 23:11:53,327] {processor.py:153} INFO - Started process (PID=45340) to work on /home/gui/Documentos/airflowalura/venv/lib/python3.9/site-packages/airflow/example_dags/plugins/workday.py
[2023-06-05 23:11:53,328] {processor.py:641} INFO - Processing file /home/gui/Documentos/airflowalura/venv/lib/python3.9/site-packages/airflow/example_dags/plugins/workday.py for tasks to queue
[2023-06-05 23:11:53,329] {logging_mixin.py:115} INFO - [2023-06-05 23:11:53,329] {dagbag.py:507} INFO - Filling up the DagBag from /home/gui/Documentos/airflowalura/venv/lib/python3.9/site-packages/airflow/example_dags/plugins/workday.py
[2023-06-05 23:11:53,333] {processor.py:653} WARNING - No viable dags retrieved from /home/gui/Documentos/airflowalura/venv/lib/python3.9/site-packages/airflow/example_dags/plugins/workday.py
[2023-06-05 23:11:53,353] {processor.py:161} INFO - Processing /home/gui/Documentos/airflowalura/venv/lib/python3.9/site-packages/airflow/example_dags/plugins/workday.py took 0.032 seconds
[2023-06-05 23:12:33,624] {processor.py:153} INFO - Started process (PID=45376) to work on /home/gui/Documentos/airflowalura/venv/lib/python3.9/site-packages/airflow/example_dags/plugins/workday.py
[2023-06-05 23:12:33,626] {processor.py:641} INFO - Processing file /home/gui/Documentos/airflowalura/venv/lib/python3.9/site-packages/airflow/example_dags/plugins/workday.py for tasks to queue
[2023-06-05 23:12:33,627] {logging_mixin.py:115} INFO - [2023-06-05 23:12:33,627] {dagbag.py:507} INFO - Filling up the DagBag from /home/gui/Documentos/airflowalura/venv/lib/python3.9/site-packages/airflow/example_dags/plugins/workday.py
[2023-06-05 23:12:33,631] {processor.py:653} WARNING - No viable dags retrieved from /home/gui/Documentos/airflowalura/venv/lib/python3.9/site-packages/airflow/example_dags/plugins/workday.py
[2023-06-05 23:12:33,649] {processor.py:161} INFO - Processing /home/gui/Documentos/airflowalura/venv/lib/python3.9/site-packages/airflow/example_dags/plugins/workday.py took 0.035 seconds
[2023-06-05 23:13:15,691] {processor.py:153} INFO - Started process (PID=45412) to work on /home/gui/Documentos/airflowalura/venv/lib/python3.9/site-packages/airflow/example_dags/plugins/workday.py
[2023-06-05 23:13:15,693] {processor.py:641} INFO - Processing file /home/gui/Documentos/airflowalura/venv/lib/python3.9/site-packages/airflow/example_dags/plugins/workday.py for tasks to queue
[2023-06-05 23:13:15,694] {logging_mixin.py:115} INFO - [2023-06-05 23:13:15,694] {dagbag.py:507} INFO - Filling up the DagBag from /home/gui/Documentos/airflowalura/venv/lib/python3.9/site-packages/airflow/example_dags/plugins/workday.py
[2023-06-05 23:13:15,697] {processor.py:653} WARNING - No viable dags retrieved from /home/gui/Documentos/airflowalura/venv/lib/python3.9/site-packages/airflow/example_dags/plugins/workday.py
[2023-06-05 23:13:15,717] {processor.py:161} INFO - Processing /home/gui/Documentos/airflowalura/venv/lib/python3.9/site-packages/airflow/example_dags/plugins/workday.py took 0.031 seconds
[2023-06-05 23:13:54,826] {processor.py:153} INFO - Started process (PID=45449) to work on /home/gui/Documentos/airflowalura/venv/lib/python3.9/site-packages/airflow/example_dags/plugins/workday.py
[2023-06-05 23:13:54,827] {processor.py:641} INFO - Processing file /home/gui/Documentos/airflowalura/venv/lib/python3.9/site-packages/airflow/example_dags/plugins/workday.py for tasks to queue
[2023-06-05 23:13:54,828] {logging_mixin.py:115} INFO - [2023-06-05 23:13:54,828] {dagbag.py:507} INFO - Filling up the DagBag from /home/gui/Documentos/airflowalura/venv/lib/python3.9/site-packages/airflow/example_dags/plugins/workday.py
[2023-06-05 23:13:54,833] {processor.py:653} WARNING - No viable dags retrieved from /home/gui/Documentos/airflowalura/venv/lib/python3.9/site-packages/airflow/example_dags/plugins/workday.py
[2023-06-05 23:13:54,853] {processor.py:161} INFO - Processing /home/gui/Documentos/airflowalura/venv/lib/python3.9/site-packages/airflow/example_dags/plugins/workday.py took 0.034 seconds
[2023-06-05 23:14:33,288] {processor.py:153} INFO - Started process (PID=45483) to work on /home/gui/Documentos/airflowalura/venv/lib/python3.9/site-packages/airflow/example_dags/plugins/workday.py
[2023-06-05 23:14:33,290] {processor.py:641} INFO - Processing file /home/gui/Documentos/airflowalura/venv/lib/python3.9/site-packages/airflow/example_dags/plugins/workday.py for tasks to queue
[2023-06-05 23:14:33,291] {logging_mixin.py:115} INFO - [2023-06-05 23:14:33,291] {dagbag.py:507} INFO - Filling up the DagBag from /home/gui/Documentos/airflowalura/venv/lib/python3.9/site-packages/airflow/example_dags/plugins/workday.py
[2023-06-05 23:14:33,297] {processor.py:653} WARNING - No viable dags retrieved from /home/gui/Documentos/airflowalura/venv/lib/python3.9/site-packages/airflow/example_dags/plugins/workday.py
[2023-06-05 23:14:33,315] {processor.py:161} INFO - Processing /home/gui/Documentos/airflowalura/venv/lib/python3.9/site-packages/airflow/example_dags/plugins/workday.py took 0.036 seconds
[2023-06-05 23:15:12,390] {processor.py:153} INFO - Started process (PID=45517) to work on /home/gui/Documentos/airflowalura/venv/lib/python3.9/site-packages/airflow/example_dags/plugins/workday.py
[2023-06-05 23:15:12,395] {processor.py:641} INFO - Processing file /home/gui/Documentos/airflowalura/venv/lib/python3.9/site-packages/airflow/example_dags/plugins/workday.py for tasks to queue
[2023-06-05 23:15:12,397] {logging_mixin.py:115} INFO - [2023-06-05 23:15:12,396] {dagbag.py:507} INFO - Filling up the DagBag from /home/gui/Documentos/airflowalura/venv/lib/python3.9/site-packages/airflow/example_dags/plugins/workday.py
[2023-06-05 23:15:12,402] {processor.py:653} WARNING - No viable dags retrieved from /home/gui/Documentos/airflowalura/venv/lib/python3.9/site-packages/airflow/example_dags/plugins/workday.py
[2023-06-05 23:15:12,429] {processor.py:161} INFO - Processing /home/gui/Documentos/airflowalura/venv/lib/python3.9/site-packages/airflow/example_dags/plugins/workday.py took 0.046 seconds
[2023-06-05 23:15:49,390] {processor.py:153} INFO - Started process (PID=45572) to work on /home/gui/Documentos/airflowalura/venv/lib/python3.9/site-packages/airflow/example_dags/plugins/workday.py
[2023-06-05 23:15:49,391] {processor.py:641} INFO - Processing file /home/gui/Documentos/airflowalura/venv/lib/python3.9/site-packages/airflow/example_dags/plugins/workday.py for tasks to queue
[2023-06-05 23:15:49,392] {logging_mixin.py:115} INFO - [2023-06-05 23:15:49,392] {dagbag.py:507} INFO - Filling up the DagBag from /home/gui/Documentos/airflowalura/venv/lib/python3.9/site-packages/airflow/example_dags/plugins/workday.py
[2023-06-05 23:15:49,396] {processor.py:653} WARNING - No viable dags retrieved from /home/gui/Documentos/airflowalura/venv/lib/python3.9/site-packages/airflow/example_dags/plugins/workday.py
[2023-06-05 23:15:49,418] {processor.py:161} INFO - Processing /home/gui/Documentos/airflowalura/venv/lib/python3.9/site-packages/airflow/example_dags/plugins/workday.py took 0.036 seconds
[2023-06-05 23:16:25,639] {processor.py:153} INFO - Started process (PID=45605) to work on /home/gui/Documentos/airflowalura/venv/lib/python3.9/site-packages/airflow/example_dags/plugins/workday.py
[2023-06-05 23:16:25,640] {processor.py:641} INFO - Processing file /home/gui/Documentos/airflowalura/venv/lib/python3.9/site-packages/airflow/example_dags/plugins/workday.py for tasks to queue
[2023-06-05 23:16:25,641] {logging_mixin.py:115} INFO - [2023-06-05 23:16:25,641] {dagbag.py:507} INFO - Filling up the DagBag from /home/gui/Documentos/airflowalura/venv/lib/python3.9/site-packages/airflow/example_dags/plugins/workday.py
[2023-06-05 23:16:25,646] {processor.py:653} WARNING - No viable dags retrieved from /home/gui/Documentos/airflowalura/venv/lib/python3.9/site-packages/airflow/example_dags/plugins/workday.py
[2023-06-05 23:16:25,669] {processor.py:161} INFO - Processing /home/gui/Documentos/airflowalura/venv/lib/python3.9/site-packages/airflow/example_dags/plugins/workday.py took 0.038 seconds
[2023-06-05 23:17:02,733] {processor.py:153} INFO - Started process (PID=45640) to work on /home/gui/Documentos/airflowalura/venv/lib/python3.9/site-packages/airflow/example_dags/plugins/workday.py
[2023-06-05 23:17:02,735] {processor.py:641} INFO - Processing file /home/gui/Documentos/airflowalura/venv/lib/python3.9/site-packages/airflow/example_dags/plugins/workday.py for tasks to queue
[2023-06-05 23:17:02,736] {logging_mixin.py:115} INFO - [2023-06-05 23:17:02,735] {dagbag.py:507} INFO - Filling up the DagBag from /home/gui/Documentos/airflowalura/venv/lib/python3.9/site-packages/airflow/example_dags/plugins/workday.py
[2023-06-05 23:17:02,740] {processor.py:653} WARNING - No viable dags retrieved from /home/gui/Documentos/airflowalura/venv/lib/python3.9/site-packages/airflow/example_dags/plugins/workday.py
[2023-06-05 23:17:02,763] {processor.py:161} INFO - Processing /home/gui/Documentos/airflowalura/venv/lib/python3.9/site-packages/airflow/example_dags/plugins/workday.py took 0.037 seconds
[2023-06-05 23:17:38,692] {processor.py:153} INFO - Started process (PID=45674) to work on /home/gui/Documentos/airflowalura/venv/lib/python3.9/site-packages/airflow/example_dags/plugins/workday.py
[2023-06-05 23:17:38,693] {processor.py:641} INFO - Processing file /home/gui/Documentos/airflowalura/venv/lib/python3.9/site-packages/airflow/example_dags/plugins/workday.py for tasks to queue
[2023-06-05 23:17:38,694] {logging_mixin.py:115} INFO - [2023-06-05 23:17:38,694] {dagbag.py:507} INFO - Filling up the DagBag from /home/gui/Documentos/airflowalura/venv/lib/python3.9/site-packages/airflow/example_dags/plugins/workday.py
[2023-06-05 23:17:38,699] {processor.py:653} WARNING - No viable dags retrieved from /home/gui/Documentos/airflowalura/venv/lib/python3.9/site-packages/airflow/example_dags/plugins/workday.py
[2023-06-05 23:17:38,727] {processor.py:161} INFO - Processing /home/gui/Documentos/airflowalura/venv/lib/python3.9/site-packages/airflow/example_dags/plugins/workday.py took 0.042 seconds
[2023-06-05 23:18:18,561] {processor.py:153} INFO - Started process (PID=45704) to work on /home/gui/Documentos/airflowalura/venv/lib/python3.9/site-packages/airflow/example_dags/plugins/workday.py
[2023-06-05 23:18:18,578] {processor.py:641} INFO - Processing file /home/gui/Documentos/airflowalura/venv/lib/python3.9/site-packages/airflow/example_dags/plugins/workday.py for tasks to queue
[2023-06-05 23:18:18,580] {logging_mixin.py:115} INFO - [2023-06-05 23:18:18,580] {dagbag.py:507} INFO - Filling up the DagBag from /home/gui/Documentos/airflowalura/venv/lib/python3.9/site-packages/airflow/example_dags/plugins/workday.py
[2023-06-05 23:18:18,585] {processor.py:653} WARNING - No viable dags retrieved from /home/gui/Documentos/airflowalura/venv/lib/python3.9/site-packages/airflow/example_dags/plugins/workday.py
[2023-06-05 23:18:18,609] {processor.py:161} INFO - Processing /home/gui/Documentos/airflowalura/venv/lib/python3.9/site-packages/airflow/example_dags/plugins/workday.py took 0.057 seconds
[2023-06-05 23:18:56,371] {processor.py:153} INFO - Started process (PID=45739) to work on /home/gui/Documentos/airflowalura/venv/lib/python3.9/site-packages/airflow/example_dags/plugins/workday.py
[2023-06-05 23:18:56,373] {processor.py:641} INFO - Processing file /home/gui/Documentos/airflowalura/venv/lib/python3.9/site-packages/airflow/example_dags/plugins/workday.py for tasks to queue
[2023-06-05 23:18:56,374] {logging_mixin.py:115} INFO - [2023-06-05 23:18:56,373] {dagbag.py:507} INFO - Filling up the DagBag from /home/gui/Documentos/airflowalura/venv/lib/python3.9/site-packages/airflow/example_dags/plugins/workday.py
[2023-06-05 23:18:56,378] {processor.py:653} WARNING - No viable dags retrieved from /home/gui/Documentos/airflowalura/venv/lib/python3.9/site-packages/airflow/example_dags/plugins/workday.py
[2023-06-05 23:18:56,402] {processor.py:161} INFO - Processing /home/gui/Documentos/airflowalura/venv/lib/python3.9/site-packages/airflow/example_dags/plugins/workday.py took 0.039 seconds
[2023-06-05 23:19:40,575] {processor.py:153} INFO - Started process (PID=45776) to work on /home/gui/Documentos/airflowalura/venv/lib/python3.9/site-packages/airflow/example_dags/plugins/workday.py
[2023-06-05 23:19:40,578] {processor.py:641} INFO - Processing file /home/gui/Documentos/airflowalura/venv/lib/python3.9/site-packages/airflow/example_dags/plugins/workday.py for tasks to queue
[2023-06-05 23:19:40,579] {logging_mixin.py:115} INFO - [2023-06-05 23:19:40,578] {dagbag.py:507} INFO - Filling up the DagBag from /home/gui/Documentos/airflowalura/venv/lib/python3.9/site-packages/airflow/example_dags/plugins/workday.py
[2023-06-05 23:19:40,585] {processor.py:653} WARNING - No viable dags retrieved from /home/gui/Documentos/airflowalura/venv/lib/python3.9/site-packages/airflow/example_dags/plugins/workday.py
[2023-06-05 23:19:40,620] {processor.py:161} INFO - Processing /home/gui/Documentos/airflowalura/venv/lib/python3.9/site-packages/airflow/example_dags/plugins/workday.py took 0.055 seconds
[2023-06-05 23:20:12,946] {processor.py:153} INFO - Started process (PID=45818) to work on /home/gui/Documentos/airflowalura/venv/lib/python3.9/site-packages/airflow/example_dags/plugins/workday.py
[2023-06-05 23:20:12,947] {processor.py:641} INFO - Processing file /home/gui/Documentos/airflowalura/venv/lib/python3.9/site-packages/airflow/example_dags/plugins/workday.py for tasks to queue
[2023-06-05 23:20:12,948] {logging_mixin.py:115} INFO - [2023-06-05 23:20:12,948] {dagbag.py:507} INFO - Filling up the DagBag from /home/gui/Documentos/airflowalura/venv/lib/python3.9/site-packages/airflow/example_dags/plugins/workday.py
[2023-06-05 23:20:12,953] {processor.py:653} WARNING - No viable dags retrieved from /home/gui/Documentos/airflowalura/venv/lib/python3.9/site-packages/airflow/example_dags/plugins/workday.py
[2023-06-05 23:20:12,977] {processor.py:161} INFO - Processing /home/gui/Documentos/airflowalura/venv/lib/python3.9/site-packages/airflow/example_dags/plugins/workday.py took 0.041 seconds
[2023-06-05 23:20:49,899] {processor.py:153} INFO - Started process (PID=45858) to work on /home/gui/Documentos/airflowalura/venv/lib/python3.9/site-packages/airflow/example_dags/plugins/workday.py
[2023-06-05 23:20:49,926] {processor.py:641} INFO - Processing file /home/gui/Documentos/airflowalura/venv/lib/python3.9/site-packages/airflow/example_dags/plugins/workday.py for tasks to queue
[2023-06-05 23:20:49,927] {logging_mixin.py:115} INFO - [2023-06-05 23:20:49,927] {dagbag.py:507} INFO - Filling up the DagBag from /home/gui/Documentos/airflowalura/venv/lib/python3.9/site-packages/airflow/example_dags/plugins/workday.py
[2023-06-05 23:20:49,932] {processor.py:653} WARNING - No viable dags retrieved from /home/gui/Documentos/airflowalura/venv/lib/python3.9/site-packages/airflow/example_dags/plugins/workday.py
[2023-06-05 23:20:49,953] {processor.py:161} INFO - Processing /home/gui/Documentos/airflowalura/venv/lib/python3.9/site-packages/airflow/example_dags/plugins/workday.py took 0.061 seconds
[2023-06-05 23:21:23,523] {processor.py:153} INFO - Started process (PID=45899) to work on /home/gui/Documentos/airflowalura/venv/lib/python3.9/site-packages/airflow/example_dags/plugins/workday.py
[2023-06-05 23:21:23,525] {processor.py:641} INFO - Processing file /home/gui/Documentos/airflowalura/venv/lib/python3.9/site-packages/airflow/example_dags/plugins/workday.py for tasks to queue
[2023-06-05 23:21:23,527] {logging_mixin.py:115} INFO - [2023-06-05 23:21:23,527] {dagbag.py:507} INFO - Filling up the DagBag from /home/gui/Documentos/airflowalura/venv/lib/python3.9/site-packages/airflow/example_dags/plugins/workday.py
[2023-06-05 23:21:23,531] {processor.py:653} WARNING - No viable dags retrieved from /home/gui/Documentos/airflowalura/venv/lib/python3.9/site-packages/airflow/example_dags/plugins/workday.py
[2023-06-05 23:21:23,558] {processor.py:161} INFO - Processing /home/gui/Documentos/airflowalura/venv/lib/python3.9/site-packages/airflow/example_dags/plugins/workday.py took 0.049 seconds
[2023-06-05 23:22:02,624] {processor.py:153} INFO - Started process (PID=45943) to work on /home/gui/Documentos/airflowalura/venv/lib/python3.9/site-packages/airflow/example_dags/plugins/workday.py
[2023-06-05 23:22:02,625] {processor.py:641} INFO - Processing file /home/gui/Documentos/airflowalura/venv/lib/python3.9/site-packages/airflow/example_dags/plugins/workday.py for tasks to queue
[2023-06-05 23:22:02,626] {logging_mixin.py:115} INFO - [2023-06-05 23:22:02,626] {dagbag.py:507} INFO - Filling up the DagBag from /home/gui/Documentos/airflowalura/venv/lib/python3.9/site-packages/airflow/example_dags/plugins/workday.py
[2023-06-05 23:22:02,630] {processor.py:653} WARNING - No viable dags retrieved from /home/gui/Documentos/airflowalura/venv/lib/python3.9/site-packages/airflow/example_dags/plugins/workday.py
[2023-06-05 23:22:02,652] {processor.py:161} INFO - Processing /home/gui/Documentos/airflowalura/venv/lib/python3.9/site-packages/airflow/example_dags/plugins/workday.py took 0.036 seconds
[2023-06-05 23:22:45,475] {processor.py:153} INFO - Started process (PID=45990) to work on /home/gui/Documentos/airflowalura/venv/lib/python3.9/site-packages/airflow/example_dags/plugins/workday.py
[2023-06-05 23:22:45,476] {processor.py:641} INFO - Processing file /home/gui/Documentos/airflowalura/venv/lib/python3.9/site-packages/airflow/example_dags/plugins/workday.py for tasks to queue
[2023-06-05 23:22:45,478] {logging_mixin.py:115} INFO - [2023-06-05 23:22:45,477] {dagbag.py:507} INFO - Filling up the DagBag from /home/gui/Documentos/airflowalura/venv/lib/python3.9/site-packages/airflow/example_dags/plugins/workday.py
[2023-06-05 23:22:45,483] {processor.py:653} WARNING - No viable dags retrieved from /home/gui/Documentos/airflowalura/venv/lib/python3.9/site-packages/airflow/example_dags/plugins/workday.py
[2023-06-05 23:22:45,507] {processor.py:161} INFO - Processing /home/gui/Documentos/airflowalura/venv/lib/python3.9/site-packages/airflow/example_dags/plugins/workday.py took 0.040 seconds
[2023-06-05 23:23:25,962] {processor.py:153} INFO - Started process (PID=46034) to work on /home/gui/Documentos/airflowalura/venv/lib/python3.9/site-packages/airflow/example_dags/plugins/workday.py
[2023-06-05 23:23:25,964] {processor.py:641} INFO - Processing file /home/gui/Documentos/airflowalura/venv/lib/python3.9/site-packages/airflow/example_dags/plugins/workday.py for tasks to queue
[2023-06-05 23:23:25,966] {logging_mixin.py:115} INFO - [2023-06-05 23:23:25,966] {dagbag.py:507} INFO - Filling up the DagBag from /home/gui/Documentos/airflowalura/venv/lib/python3.9/site-packages/airflow/example_dags/plugins/workday.py
[2023-06-05 23:23:25,972] {processor.py:653} WARNING - No viable dags retrieved from /home/gui/Documentos/airflowalura/venv/lib/python3.9/site-packages/airflow/example_dags/plugins/workday.py
[2023-06-05 23:23:26,004] {processor.py:161} INFO - Processing /home/gui/Documentos/airflowalura/venv/lib/python3.9/site-packages/airflow/example_dags/plugins/workday.py took 0.057 seconds
[2023-06-05 23:24:03,015] {processor.py:153} INFO - Started process (PID=46078) to work on /home/gui/Documentos/airflowalura/venv/lib/python3.9/site-packages/airflow/example_dags/plugins/workday.py
[2023-06-05 23:24:03,016] {processor.py:641} INFO - Processing file /home/gui/Documentos/airflowalura/venv/lib/python3.9/site-packages/airflow/example_dags/plugins/workday.py for tasks to queue
[2023-06-05 23:24:03,017] {logging_mixin.py:115} INFO - [2023-06-05 23:24:03,017] {dagbag.py:507} INFO - Filling up the DagBag from /home/gui/Documentos/airflowalura/venv/lib/python3.9/site-packages/airflow/example_dags/plugins/workday.py
[2023-06-05 23:24:03,020] {processor.py:653} WARNING - No viable dags retrieved from /home/gui/Documentos/airflowalura/venv/lib/python3.9/site-packages/airflow/example_dags/plugins/workday.py
[2023-06-05 23:24:03,040] {processor.py:161} INFO - Processing /home/gui/Documentos/airflowalura/venv/lib/python3.9/site-packages/airflow/example_dags/plugins/workday.py took 0.031 seconds
[2023-06-05 23:24:47,224] {processor.py:153} INFO - Started process (PID=46123) to work on /home/gui/Documentos/airflowalura/venv/lib/python3.9/site-packages/airflow/example_dags/plugins/workday.py
[2023-06-05 23:24:47,226] {processor.py:641} INFO - Processing file /home/gui/Documentos/airflowalura/venv/lib/python3.9/site-packages/airflow/example_dags/plugins/workday.py for tasks to queue
[2023-06-05 23:24:47,228] {logging_mixin.py:115} INFO - [2023-06-05 23:24:47,228] {dagbag.py:507} INFO - Filling up the DagBag from /home/gui/Documentos/airflowalura/venv/lib/python3.9/site-packages/airflow/example_dags/plugins/workday.py
[2023-06-05 23:24:47,233] {processor.py:653} WARNING - No viable dags retrieved from /home/gui/Documentos/airflowalura/venv/lib/python3.9/site-packages/airflow/example_dags/plugins/workday.py
[2023-06-05 23:24:47,259] {processor.py:161} INFO - Processing /home/gui/Documentos/airflowalura/venv/lib/python3.9/site-packages/airflow/example_dags/plugins/workday.py took 0.046 seconds
[2023-06-05 23:25:27,030] {processor.py:153} INFO - Started process (PID=46165) to work on /home/gui/Documentos/airflowalura/venv/lib/python3.9/site-packages/airflow/example_dags/plugins/workday.py
[2023-06-05 23:25:27,031] {processor.py:641} INFO - Processing file /home/gui/Documentos/airflowalura/venv/lib/python3.9/site-packages/airflow/example_dags/plugins/workday.py for tasks to queue
[2023-06-05 23:25:27,032] {logging_mixin.py:115} INFO - [2023-06-05 23:25:27,032] {dagbag.py:507} INFO - Filling up the DagBag from /home/gui/Documentos/airflowalura/venv/lib/python3.9/site-packages/airflow/example_dags/plugins/workday.py
[2023-06-05 23:25:27,035] {processor.py:653} WARNING - No viable dags retrieved from /home/gui/Documentos/airflowalura/venv/lib/python3.9/site-packages/airflow/example_dags/plugins/workday.py
[2023-06-05 23:25:27,059] {processor.py:161} INFO - Processing /home/gui/Documentos/airflowalura/venv/lib/python3.9/site-packages/airflow/example_dags/plugins/workday.py took 0.035 seconds
[2023-06-05 23:26:03,610] {processor.py:153} INFO - Started process (PID=46230) to work on /home/gui/Documentos/airflowalura/venv/lib/python3.9/site-packages/airflow/example_dags/plugins/workday.py
[2023-06-05 23:26:03,611] {processor.py:641} INFO - Processing file /home/gui/Documentos/airflowalura/venv/lib/python3.9/site-packages/airflow/example_dags/plugins/workday.py for tasks to queue
[2023-06-05 23:26:03,612] {logging_mixin.py:115} INFO - [2023-06-05 23:26:03,612] {dagbag.py:507} INFO - Filling up the DagBag from /home/gui/Documentos/airflowalura/venv/lib/python3.9/site-packages/airflow/example_dags/plugins/workday.py
[2023-06-05 23:26:03,621] {processor.py:653} WARNING - No viable dags retrieved from /home/gui/Documentos/airflowalura/venv/lib/python3.9/site-packages/airflow/example_dags/plugins/workday.py
[2023-06-05 23:26:03,645] {processor.py:161} INFO - Processing /home/gui/Documentos/airflowalura/venv/lib/python3.9/site-packages/airflow/example_dags/plugins/workday.py took 0.041 seconds
[2023-06-05 23:31:01,964] {processor.py:153} INFO - Started process (PID=46717) to work on /home/gui/Documentos/airflowalura/venv/lib/python3.9/site-packages/airflow/example_dags/plugins/workday.py
[2023-06-05 23:31:01,969] {processor.py:641} INFO - Processing file /home/gui/Documentos/airflowalura/venv/lib/python3.9/site-packages/airflow/example_dags/plugins/workday.py for tasks to queue
[2023-06-05 23:31:01,971] {logging_mixin.py:115} INFO - [2023-06-05 23:31:01,970] {dagbag.py:507} INFO - Filling up the DagBag from /home/gui/Documentos/airflowalura/venv/lib/python3.9/site-packages/airflow/example_dags/plugins/workday.py
[2023-06-05 23:31:01,981] {processor.py:653} WARNING - No viable dags retrieved from /home/gui/Documentos/airflowalura/venv/lib/python3.9/site-packages/airflow/example_dags/plugins/workday.py
[2023-06-05 23:31:02,019] {processor.py:161} INFO - Processing /home/gui/Documentos/airflowalura/venv/lib/python3.9/site-packages/airflow/example_dags/plugins/workday.py took 0.069 seconds
[2023-06-05 23:31:59,254] {processor.py:153} INFO - Started process (PID=47087) to work on /home/gui/Documentos/airflowalura/venv/lib/python3.9/site-packages/airflow/example_dags/plugins/workday.py
[2023-06-05 23:31:59,305] {processor.py:641} INFO - Processing file /home/gui/Documentos/airflowalura/venv/lib/python3.9/site-packages/airflow/example_dags/plugins/workday.py for tasks to queue
[2023-06-05 23:31:59,306] {logging_mixin.py:115} INFO - [2023-06-05 23:31:59,306] {dagbag.py:507} INFO - Filling up the DagBag from /home/gui/Documentos/airflowalura/venv/lib/python3.9/site-packages/airflow/example_dags/plugins/workday.py
[2023-06-05 23:31:59,312] {processor.py:653} WARNING - No viable dags retrieved from /home/gui/Documentos/airflowalura/venv/lib/python3.9/site-packages/airflow/example_dags/plugins/workday.py
[2023-06-05 23:31:59,693] {processor.py:161} INFO - Processing /home/gui/Documentos/airflowalura/venv/lib/python3.9/site-packages/airflow/example_dags/plugins/workday.py took 0.453 seconds
[2023-06-05 23:32:43,806] {processor.py:153} INFO - Started process (PID=47714) to work on /home/gui/Documentos/airflowalura/venv/lib/python3.9/site-packages/airflow/example_dags/plugins/workday.py
[2023-06-05 23:32:43,818] {processor.py:641} INFO - Processing file /home/gui/Documentos/airflowalura/venv/lib/python3.9/site-packages/airflow/example_dags/plugins/workday.py for tasks to queue
[2023-06-05 23:32:43,819] {logging_mixin.py:115} INFO - [2023-06-05 23:32:43,819] {dagbag.py:507} INFO - Filling up the DagBag from /home/gui/Documentos/airflowalura/venv/lib/python3.9/site-packages/airflow/example_dags/plugins/workday.py
[2023-06-05 23:32:43,823] {processor.py:653} WARNING - No viable dags retrieved from /home/gui/Documentos/airflowalura/venv/lib/python3.9/site-packages/airflow/example_dags/plugins/workday.py
[2023-06-05 23:32:43,852] {processor.py:161} INFO - Processing /home/gui/Documentos/airflowalura/venv/lib/python3.9/site-packages/airflow/example_dags/plugins/workday.py took 0.058 seconds
[2023-06-05 23:33:28,196] {processor.py:153} INFO - Started process (PID=48377) to work on /home/gui/Documentos/airflowalura/venv/lib/python3.9/site-packages/airflow/example_dags/plugins/workday.py
[2023-06-05 23:33:28,197] {processor.py:641} INFO - Processing file /home/gui/Documentos/airflowalura/venv/lib/python3.9/site-packages/airflow/example_dags/plugins/workday.py for tasks to queue
[2023-06-05 23:33:28,197] {logging_mixin.py:115} INFO - [2023-06-05 23:33:28,197] {dagbag.py:507} INFO - Filling up the DagBag from /home/gui/Documentos/airflowalura/venv/lib/python3.9/site-packages/airflow/example_dags/plugins/workday.py
[2023-06-05 23:33:28,201] {processor.py:653} WARNING - No viable dags retrieved from /home/gui/Documentos/airflowalura/venv/lib/python3.9/site-packages/airflow/example_dags/plugins/workday.py
[2023-06-05 23:33:28,234] {processor.py:161} INFO - Processing /home/gui/Documentos/airflowalura/venv/lib/python3.9/site-packages/airflow/example_dags/plugins/workday.py took 0.049 seconds
[2023-06-05 23:34:10,093] {processor.py:153} INFO - Started process (PID=49006) to work on /home/gui/Documentos/airflowalura/venv/lib/python3.9/site-packages/airflow/example_dags/plugins/workday.py
[2023-06-05 23:34:10,099] {processor.py:641} INFO - Processing file /home/gui/Documentos/airflowalura/venv/lib/python3.9/site-packages/airflow/example_dags/plugins/workday.py for tasks to queue
[2023-06-05 23:34:10,100] {logging_mixin.py:115} INFO - [2023-06-05 23:34:10,100] {dagbag.py:507} INFO - Filling up the DagBag from /home/gui/Documentos/airflowalura/venv/lib/python3.9/site-packages/airflow/example_dags/plugins/workday.py
[2023-06-05 23:34:10,103] {processor.py:653} WARNING - No viable dags retrieved from /home/gui/Documentos/airflowalura/venv/lib/python3.9/site-packages/airflow/example_dags/plugins/workday.py
[2023-06-05 23:34:10,141] {processor.py:161} INFO - Processing /home/gui/Documentos/airflowalura/venv/lib/python3.9/site-packages/airflow/example_dags/plugins/workday.py took 0.056 seconds
[2023-06-05 23:34:49,994] {processor.py:153} INFO - Started process (PID=49506) to work on /home/gui/Documentos/airflowalura/venv/lib/python3.9/site-packages/airflow/example_dags/plugins/workday.py
[2023-06-05 23:34:49,996] {processor.py:641} INFO - Processing file /home/gui/Documentos/airflowalura/venv/lib/python3.9/site-packages/airflow/example_dags/plugins/workday.py for tasks to queue
[2023-06-05 23:34:49,997] {logging_mixin.py:115} INFO - [2023-06-05 23:34:49,997] {dagbag.py:507} INFO - Filling up the DagBag from /home/gui/Documentos/airflowalura/venv/lib/python3.9/site-packages/airflow/example_dags/plugins/workday.py
[2023-06-05 23:34:50,001] {processor.py:653} WARNING - No viable dags retrieved from /home/gui/Documentos/airflowalura/venv/lib/python3.9/site-packages/airflow/example_dags/plugins/workday.py
[2023-06-05 23:34:50,032] {processor.py:161} INFO - Processing /home/gui/Documentos/airflowalura/venv/lib/python3.9/site-packages/airflow/example_dags/plugins/workday.py took 0.053 seconds
[2023-06-05 23:35:28,553] {processor.py:153} INFO - Started process (PID=49570) to work on /home/gui/Documentos/airflowalura/venv/lib/python3.9/site-packages/airflow/example_dags/plugins/workday.py
[2023-06-05 23:35:28,560] {processor.py:641} INFO - Processing file /home/gui/Documentos/airflowalura/venv/lib/python3.9/site-packages/airflow/example_dags/plugins/workday.py for tasks to queue
[2023-06-05 23:35:28,561] {logging_mixin.py:115} INFO - [2023-06-05 23:35:28,561] {dagbag.py:507} INFO - Filling up the DagBag from /home/gui/Documentos/airflowalura/venv/lib/python3.9/site-packages/airflow/example_dags/plugins/workday.py
[2023-06-05 23:35:28,566] {processor.py:653} WARNING - No viable dags retrieved from /home/gui/Documentos/airflowalura/venv/lib/python3.9/site-packages/airflow/example_dags/plugins/workday.py
[2023-06-05 23:35:28,600] {processor.py:161} INFO - Processing /home/gui/Documentos/airflowalura/venv/lib/python3.9/site-packages/airflow/example_dags/plugins/workday.py took 0.063 seconds
[2023-06-05 23:36:16,130] {processor.py:153} INFO - Started process (PID=49633) to work on /home/gui/Documentos/airflowalura/venv/lib/python3.9/site-packages/airflow/example_dags/plugins/workday.py
[2023-06-05 23:36:16,135] {processor.py:641} INFO - Processing file /home/gui/Documentos/airflowalura/venv/lib/python3.9/site-packages/airflow/example_dags/plugins/workday.py for tasks to queue
[2023-06-05 23:36:16,137] {logging_mixin.py:115} INFO - [2023-06-05 23:36:16,136] {dagbag.py:507} INFO - Filling up the DagBag from /home/gui/Documentos/airflowalura/venv/lib/python3.9/site-packages/airflow/example_dags/plugins/workday.py
[2023-06-05 23:36:16,153] {processor.py:653} WARNING - No viable dags retrieved from /home/gui/Documentos/airflowalura/venv/lib/python3.9/site-packages/airflow/example_dags/plugins/workday.py
[2023-06-05 23:36:16,189] {processor.py:161} INFO - Processing /home/gui/Documentos/airflowalura/venv/lib/python3.9/site-packages/airflow/example_dags/plugins/workday.py took 0.071 seconds
[2023-06-05 23:36:55,116] {processor.py:153} INFO - Started process (PID=49714) to work on /home/gui/Documentos/airflowalura/venv/lib/python3.9/site-packages/airflow/example_dags/plugins/workday.py
[2023-06-05 23:36:55,125] {processor.py:641} INFO - Processing file /home/gui/Documentos/airflowalura/venv/lib/python3.9/site-packages/airflow/example_dags/plugins/workday.py for tasks to queue
[2023-06-05 23:36:55,126] {logging_mixin.py:115} INFO - [2023-06-05 23:36:55,126] {dagbag.py:507} INFO - Filling up the DagBag from /home/gui/Documentos/airflowalura/venv/lib/python3.9/site-packages/airflow/example_dags/plugins/workday.py
[2023-06-05 23:36:55,130] {processor.py:653} WARNING - No viable dags retrieved from /home/gui/Documentos/airflowalura/venv/lib/python3.9/site-packages/airflow/example_dags/plugins/workday.py
[2023-06-05 23:36:55,185] {processor.py:161} INFO - Processing /home/gui/Documentos/airflowalura/venv/lib/python3.9/site-packages/airflow/example_dags/plugins/workday.py took 0.081 seconds
[2023-06-05 23:37:36,678] {processor.py:153} INFO - Started process (PID=49812) to work on /home/gui/Documentos/airflowalura/venv/lib/python3.9/site-packages/airflow/example_dags/plugins/workday.py
[2023-06-05 23:37:36,680] {processor.py:641} INFO - Processing file /home/gui/Documentos/airflowalura/venv/lib/python3.9/site-packages/airflow/example_dags/plugins/workday.py for tasks to queue
[2023-06-05 23:37:36,683] {logging_mixin.py:115} INFO - [2023-06-05 23:37:36,681] {dagbag.py:507} INFO - Filling up the DagBag from /home/gui/Documentos/airflowalura/venv/lib/python3.9/site-packages/airflow/example_dags/plugins/workday.py
[2023-06-05 23:37:36,687] {processor.py:653} WARNING - No viable dags retrieved from /home/gui/Documentos/airflowalura/venv/lib/python3.9/site-packages/airflow/example_dags/plugins/workday.py
[2023-06-05 23:37:36,722] {processor.py:161} INFO - Processing /home/gui/Documentos/airflowalura/venv/lib/python3.9/site-packages/airflow/example_dags/plugins/workday.py took 0.055 seconds
[2023-06-05 23:38:19,780] {processor.py:153} INFO - Started process (PID=49913) to work on /home/gui/Documentos/airflowalura/venv/lib/python3.9/site-packages/airflow/example_dags/plugins/workday.py
[2023-06-05 23:38:19,784] {processor.py:641} INFO - Processing file /home/gui/Documentos/airflowalura/venv/lib/python3.9/site-packages/airflow/example_dags/plugins/workday.py for tasks to queue
[2023-06-05 23:38:19,785] {logging_mixin.py:115} INFO - [2023-06-05 23:38:19,785] {dagbag.py:507} INFO - Filling up the DagBag from /home/gui/Documentos/airflowalura/venv/lib/python3.9/site-packages/airflow/example_dags/plugins/workday.py
[2023-06-05 23:38:19,791] {processor.py:653} WARNING - No viable dags retrieved from /home/gui/Documentos/airflowalura/venv/lib/python3.9/site-packages/airflow/example_dags/plugins/workday.py
[2023-06-05 23:38:19,823] {processor.py:161} INFO - Processing /home/gui/Documentos/airflowalura/venv/lib/python3.9/site-packages/airflow/example_dags/plugins/workday.py took 0.051 seconds
[2023-06-05 23:39:03,051] {processor.py:153} INFO - Started process (PID=49991) to work on /home/gui/Documentos/airflowalura/venv/lib/python3.9/site-packages/airflow/example_dags/plugins/workday.py
[2023-06-05 23:39:03,056] {processor.py:641} INFO - Processing file /home/gui/Documentos/airflowalura/venv/lib/python3.9/site-packages/airflow/example_dags/plugins/workday.py for tasks to queue
[2023-06-05 23:39:03,057] {logging_mixin.py:115} INFO - [2023-06-05 23:39:03,057] {dagbag.py:507} INFO - Filling up the DagBag from /home/gui/Documentos/airflowalura/venv/lib/python3.9/site-packages/airflow/example_dags/plugins/workday.py
[2023-06-05 23:39:03,061] {processor.py:653} WARNING - No viable dags retrieved from /home/gui/Documentos/airflowalura/venv/lib/python3.9/site-packages/airflow/example_dags/plugins/workday.py
[2023-06-05 23:39:03,082] {processor.py:161} INFO - Processing /home/gui/Documentos/airflowalura/venv/lib/python3.9/site-packages/airflow/example_dags/plugins/workday.py took 0.042 seconds
[2023-06-05 23:39:45,002] {processor.py:153} INFO - Started process (PID=50067) to work on /home/gui/Documentos/airflowalura/venv/lib/python3.9/site-packages/airflow/example_dags/plugins/workday.py
[2023-06-05 23:39:45,050] {processor.py:641} INFO - Processing file /home/gui/Documentos/airflowalura/venv/lib/python3.9/site-packages/airflow/example_dags/plugins/workday.py for tasks to queue
[2023-06-05 23:39:45,051] {logging_mixin.py:115} INFO - [2023-06-05 23:39:45,051] {dagbag.py:507} INFO - Filling up the DagBag from /home/gui/Documentos/airflowalura/venv/lib/python3.9/site-packages/airflow/example_dags/plugins/workday.py
[2023-06-05 23:39:45,055] {processor.py:653} WARNING - No viable dags retrieved from /home/gui/Documentos/airflowalura/venv/lib/python3.9/site-packages/airflow/example_dags/plugins/workday.py
[2023-06-05 23:39:45,206] {processor.py:161} INFO - Processing /home/gui/Documentos/airflowalura/venv/lib/python3.9/site-packages/airflow/example_dags/plugins/workday.py took 0.209 seconds
[2023-06-05 23:40:23,791] {processor.py:153} INFO - Started process (PID=50386) to work on /home/gui/Documentos/airflowalura/venv/lib/python3.9/site-packages/airflow/example_dags/plugins/workday.py
[2023-06-05 23:40:23,795] {processor.py:641} INFO - Processing file /home/gui/Documentos/airflowalura/venv/lib/python3.9/site-packages/airflow/example_dags/plugins/workday.py for tasks to queue
[2023-06-05 23:40:23,796] {logging_mixin.py:115} INFO - [2023-06-05 23:40:23,796] {dagbag.py:507} INFO - Filling up the DagBag from /home/gui/Documentos/airflowalura/venv/lib/python3.9/site-packages/airflow/example_dags/plugins/workday.py
[2023-06-05 23:40:23,801] {processor.py:653} WARNING - No viable dags retrieved from /home/gui/Documentos/airflowalura/venv/lib/python3.9/site-packages/airflow/example_dags/plugins/workday.py
[2023-06-05 23:40:23,829] {processor.py:161} INFO - Processing /home/gui/Documentos/airflowalura/venv/lib/python3.9/site-packages/airflow/example_dags/plugins/workday.py took 0.046 seconds
[2023-06-05 23:40:59,840] {processor.py:153} INFO - Started process (PID=50591) to work on /home/gui/Documentos/airflowalura/venv/lib/python3.9/site-packages/airflow/example_dags/plugins/workday.py
[2023-06-05 23:40:59,841] {processor.py:641} INFO - Processing file /home/gui/Documentos/airflowalura/venv/lib/python3.9/site-packages/airflow/example_dags/plugins/workday.py for tasks to queue
[2023-06-05 23:40:59,842] {logging_mixin.py:115} INFO - [2023-06-05 23:40:59,842] {dagbag.py:507} INFO - Filling up the DagBag from /home/gui/Documentos/airflowalura/venv/lib/python3.9/site-packages/airflow/example_dags/plugins/workday.py
[2023-06-05 23:40:59,863] {processor.py:653} WARNING - No viable dags retrieved from /home/gui/Documentos/airflowalura/venv/lib/python3.9/site-packages/airflow/example_dags/plugins/workday.py
[2023-06-05 23:40:59,889] {processor.py:161} INFO - Processing /home/gui/Documentos/airflowalura/venv/lib/python3.9/site-packages/airflow/example_dags/plugins/workday.py took 0.069 seconds
[2023-06-05 23:41:41,836] {processor.py:153} INFO - Started process (PID=50754) to work on /home/gui/Documentos/airflowalura/venv/lib/python3.9/site-packages/airflow/example_dags/plugins/workday.py
[2023-06-05 23:41:41,838] {processor.py:641} INFO - Processing file /home/gui/Documentos/airflowalura/venv/lib/python3.9/site-packages/airflow/example_dags/plugins/workday.py for tasks to queue
[2023-06-05 23:41:41,839] {logging_mixin.py:115} INFO - [2023-06-05 23:41:41,839] {dagbag.py:507} INFO - Filling up the DagBag from /home/gui/Documentos/airflowalura/venv/lib/python3.9/site-packages/airflow/example_dags/plugins/workday.py
[2023-06-05 23:41:41,843] {processor.py:653} WARNING - No viable dags retrieved from /home/gui/Documentos/airflowalura/venv/lib/python3.9/site-packages/airflow/example_dags/plugins/workday.py
[2023-06-05 23:41:41,870] {processor.py:161} INFO - Processing /home/gui/Documentos/airflowalura/venv/lib/python3.9/site-packages/airflow/example_dags/plugins/workday.py took 0.046 seconds
[2023-06-05 23:42:32,186] {processor.py:153} INFO - Started process (PID=50857) to work on /home/gui/Documentos/airflowalura/venv/lib/python3.9/site-packages/airflow/example_dags/plugins/workday.py
[2023-06-05 23:42:32,194] {processor.py:641} INFO - Processing file /home/gui/Documentos/airflowalura/venv/lib/python3.9/site-packages/airflow/example_dags/plugins/workday.py for tasks to queue
[2023-06-05 23:42:32,195] {logging_mixin.py:115} INFO - [2023-06-05 23:42:32,195] {dagbag.py:507} INFO - Filling up the DagBag from /home/gui/Documentos/airflowalura/venv/lib/python3.9/site-packages/airflow/example_dags/plugins/workday.py
[2023-06-05 23:42:32,201] {processor.py:653} WARNING - No viable dags retrieved from /home/gui/Documentos/airflowalura/venv/lib/python3.9/site-packages/airflow/example_dags/plugins/workday.py
[2023-06-05 23:42:32,252] {processor.py:161} INFO - Processing /home/gui/Documentos/airflowalura/venv/lib/python3.9/site-packages/airflow/example_dags/plugins/workday.py took 0.074 seconds
