[2023-06-05 23:05:38,718] {processor.py:153} INFO - Started process (PID=44979) to work on /home/gui/Documentos/airflowalura/venv/lib/python3.9/site-packages/airflow/example_dags/example_external_task_marker_dag.py
[2023-06-05 23:05:38,719] {processor.py:641} INFO - Processing file /home/gui/Documentos/airflowalura/venv/lib/python3.9/site-packages/airflow/example_dags/example_external_task_marker_dag.py for tasks to queue
[2023-06-05 23:05:38,720] {logging_mixin.py:115} INFO - [2023-06-05 23:05:38,720] {dagbag.py:507} INFO - Filling up the DagBag from /home/gui/Documentos/airflowalura/venv/lib/python3.9/site-packages/airflow/example_dags/example_external_task_marker_dag.py
[2023-06-05 23:05:38,731] {processor.py:651} INFO - DAG(s) dict_keys(['example_external_task_marker_parent', 'example_external_task_marker_child']) retrieved from /home/gui/Documentos/airflowalura/venv/lib/python3.9/site-packages/airflow/example_dags/example_external_task_marker_dag.py
[2023-06-05 23:05:38,825] {logging_mixin.py:115} INFO - [2023-06-05 23:05:38,825] {manager.py:508} INFO - Created Permission View: can edit on DAG:example_external_task_marker_parent
[2023-06-05 23:05:38,837] {logging_mixin.py:115} INFO - [2023-06-05 23:05:38,837] {manager.py:508} INFO - Created Permission View: can delete on DAG:example_external_task_marker_parent
[2023-06-05 23:05:38,848] {logging_mixin.py:115} INFO - [2023-06-05 23:05:38,848] {manager.py:508} INFO - Created Permission View: can read on DAG:example_external_task_marker_parent
[2023-06-05 23:05:38,884] {logging_mixin.py:115} INFO - [2023-06-05 23:05:38,884] {manager.py:508} INFO - Created Permission View: can edit on DAG:example_external_task_marker_child
[2023-06-05 23:05:38,893] {logging_mixin.py:115} INFO - [2023-06-05 23:05:38,893] {manager.py:508} INFO - Created Permission View: can delete on DAG:example_external_task_marker_child
[2023-06-05 23:05:38,904] {logging_mixin.py:115} INFO - [2023-06-05 23:05:38,904] {manager.py:508} INFO - Created Permission View: can read on DAG:example_external_task_marker_child
[2023-06-05 23:05:38,904] {logging_mixin.py:115} INFO - [2023-06-05 23:05:38,904] {dag.py:2379} INFO - Sync 2 DAGs
[2023-06-05 23:05:38,918] {logging_mixin.py:115} INFO - [2023-06-05 23:05:38,918] {dag.py:2398} INFO - Creating ORM DAG for example_external_task_marker_child
[2023-06-05 23:05:38,919] {logging_mixin.py:115} INFO - [2023-06-05 23:05:38,919] {dag.py:2398} INFO - Creating ORM DAG for example_external_task_marker_parent
[2023-06-05 23:05:38,930] {logging_mixin.py:115} INFO - [2023-06-05 23:05:38,930] {dag.py:2927} INFO - Setting next_dagrun for example_external_task_marker_child to None, run_after=None
[2023-06-05 23:05:38,931] {logging_mixin.py:115} INFO - [2023-06-05 23:05:38,931] {dag.py:2927} INFO - Setting next_dagrun for example_external_task_marker_parent to None, run_after=None
[2023-06-05 23:05:38,974] {processor.py:161} INFO - Processing /home/gui/Documentos/airflowalura/venv/lib/python3.9/site-packages/airflow/example_dags/example_external_task_marker_dag.py took 0.263 seconds
[2023-06-05 23:06:17,166] {processor.py:153} INFO - Started process (PID=45016) to work on /home/gui/Documentos/airflowalura/venv/lib/python3.9/site-packages/airflow/example_dags/example_external_task_marker_dag.py
[2023-06-05 23:06:17,168] {processor.py:641} INFO - Processing file /home/gui/Documentos/airflowalura/venv/lib/python3.9/site-packages/airflow/example_dags/example_external_task_marker_dag.py for tasks to queue
[2023-06-05 23:06:17,169] {logging_mixin.py:115} INFO - [2023-06-05 23:06:17,169] {dagbag.py:507} INFO - Filling up the DagBag from /home/gui/Documentos/airflowalura/venv/lib/python3.9/site-packages/airflow/example_dags/example_external_task_marker_dag.py
[2023-06-05 23:06:17,179] {processor.py:651} INFO - DAG(s) dict_keys(['example_external_task_marker_parent', 'example_external_task_marker_child']) retrieved from /home/gui/Documentos/airflowalura/venv/lib/python3.9/site-packages/airflow/example_dags/example_external_task_marker_dag.py
[2023-06-05 23:06:17,223] {logging_mixin.py:115} INFO - [2023-06-05 23:06:17,222] {dag.py:2379} INFO - Sync 2 DAGs
[2023-06-05 23:06:17,250] {logging_mixin.py:115} INFO - [2023-06-05 23:06:17,250] {dag.py:2927} INFO - Setting next_dagrun for example_external_task_marker_child to None, run_after=None
[2023-06-05 23:06:17,251] {logging_mixin.py:115} INFO - [2023-06-05 23:06:17,251] {dag.py:2927} INFO - Setting next_dagrun for example_external_task_marker_parent to None, run_after=None
[2023-06-05 23:06:17,268] {processor.py:161} INFO - Processing /home/gui/Documentos/airflowalura/venv/lib/python3.9/site-packages/airflow/example_dags/example_external_task_marker_dag.py took 0.109 seconds
[2023-06-05 23:06:53,727] {processor.py:153} INFO - Started process (PID=45050) to work on /home/gui/Documentos/airflowalura/venv/lib/python3.9/site-packages/airflow/example_dags/example_external_task_marker_dag.py
[2023-06-05 23:06:53,728] {processor.py:641} INFO - Processing file /home/gui/Documentos/airflowalura/venv/lib/python3.9/site-packages/airflow/example_dags/example_external_task_marker_dag.py for tasks to queue
[2023-06-05 23:06:53,730] {logging_mixin.py:115} INFO - [2023-06-05 23:06:53,729] {dagbag.py:507} INFO - Filling up the DagBag from /home/gui/Documentos/airflowalura/venv/lib/python3.9/site-packages/airflow/example_dags/example_external_task_marker_dag.py
[2023-06-05 23:06:53,742] {processor.py:651} INFO - DAG(s) dict_keys(['example_external_task_marker_parent', 'example_external_task_marker_child']) retrieved from /home/gui/Documentos/airflowalura/venv/lib/python3.9/site-packages/airflow/example_dags/example_external_task_marker_dag.py
[2023-06-05 23:06:53,793] {logging_mixin.py:115} INFO - [2023-06-05 23:06:53,793] {dag.py:2379} INFO - Sync 2 DAGs
[2023-06-05 23:06:53,823] {logging_mixin.py:115} INFO - [2023-06-05 23:06:53,823] {dag.py:2927} INFO - Setting next_dagrun for example_external_task_marker_child to None, run_after=None
[2023-06-05 23:06:53,823] {logging_mixin.py:115} INFO - [2023-06-05 23:06:53,823] {dag.py:2927} INFO - Setting next_dagrun for example_external_task_marker_parent to None, run_after=None
[2023-06-05 23:06:54,071] {processor.py:161} INFO - Processing /home/gui/Documentos/airflowalura/venv/lib/python3.9/site-packages/airflow/example_dags/example_external_task_marker_dag.py took 0.353 seconds
[2023-06-05 23:07:32,503] {processor.py:153} INFO - Started process (PID=45106) to work on /home/gui/Documentos/airflowalura/venv/lib/python3.9/site-packages/airflow/example_dags/example_external_task_marker_dag.py
[2023-06-05 23:07:32,558] {processor.py:641} INFO - Processing file /home/gui/Documentos/airflowalura/venv/lib/python3.9/site-packages/airflow/example_dags/example_external_task_marker_dag.py for tasks to queue
[2023-06-05 23:07:32,559] {logging_mixin.py:115} INFO - [2023-06-05 23:07:32,559] {dagbag.py:507} INFO - Filling up the DagBag from /home/gui/Documentos/airflowalura/venv/lib/python3.9/site-packages/airflow/example_dags/example_external_task_marker_dag.py
[2023-06-05 23:07:32,568] {processor.py:651} INFO - DAG(s) dict_keys(['example_external_task_marker_parent', 'example_external_task_marker_child']) retrieved from /home/gui/Documentos/airflowalura/venv/lib/python3.9/site-packages/airflow/example_dags/example_external_task_marker_dag.py
[2023-06-05 23:07:32,614] {logging_mixin.py:115} INFO - [2023-06-05 23:07:32,613] {dag.py:2379} INFO - Sync 2 DAGs
[2023-06-05 23:07:32,642] {logging_mixin.py:115} INFO - [2023-06-05 23:07:32,641] {dag.py:2927} INFO - Setting next_dagrun for example_external_task_marker_child to None, run_after=None
[2023-06-05 23:07:32,642] {logging_mixin.py:115} INFO - [2023-06-05 23:07:32,642] {dag.py:2927} INFO - Setting next_dagrun for example_external_task_marker_parent to None, run_after=None
[2023-06-05 23:07:32,661] {processor.py:161} INFO - Processing /home/gui/Documentos/airflowalura/venv/lib/python3.9/site-packages/airflow/example_dags/example_external_task_marker_dag.py took 0.163 seconds
[2023-06-05 23:08:14,287] {processor.py:153} INFO - Started process (PID=45146) to work on /home/gui/Documentos/airflowalura/venv/lib/python3.9/site-packages/airflow/example_dags/example_external_task_marker_dag.py
[2023-06-05 23:08:14,288] {processor.py:641} INFO - Processing file /home/gui/Documentos/airflowalura/venv/lib/python3.9/site-packages/airflow/example_dags/example_external_task_marker_dag.py for tasks to queue
[2023-06-05 23:08:14,289] {logging_mixin.py:115} INFO - [2023-06-05 23:08:14,289] {dagbag.py:507} INFO - Filling up the DagBag from /home/gui/Documentos/airflowalura/venv/lib/python3.9/site-packages/airflow/example_dags/example_external_task_marker_dag.py
[2023-06-05 23:08:14,297] {processor.py:651} INFO - DAG(s) dict_keys(['example_external_task_marker_parent', 'example_external_task_marker_child']) retrieved from /home/gui/Documentos/airflowalura/venv/lib/python3.9/site-packages/airflow/example_dags/example_external_task_marker_dag.py
[2023-06-05 23:08:14,341] {logging_mixin.py:115} INFO - [2023-06-05 23:08:14,341] {dag.py:2379} INFO - Sync 2 DAGs
[2023-06-05 23:08:14,370] {logging_mixin.py:115} INFO - [2023-06-05 23:08:14,370] {dag.py:2927} INFO - Setting next_dagrun for example_external_task_marker_child to None, run_after=None
[2023-06-05 23:08:14,370] {logging_mixin.py:115} INFO - [2023-06-05 23:08:14,370] {dag.py:2927} INFO - Setting next_dagrun for example_external_task_marker_parent to None, run_after=None
[2023-06-05 23:08:14,400] {processor.py:161} INFO - Processing /home/gui/Documentos/airflowalura/venv/lib/python3.9/site-packages/airflow/example_dags/example_external_task_marker_dag.py took 0.119 seconds
[2023-06-05 23:08:51,869] {processor.py:153} INFO - Started process (PID=45182) to work on /home/gui/Documentos/airflowalura/venv/lib/python3.9/site-packages/airflow/example_dags/example_external_task_marker_dag.py
[2023-06-05 23:08:51,871] {processor.py:641} INFO - Processing file /home/gui/Documentos/airflowalura/venv/lib/python3.9/site-packages/airflow/example_dags/example_external_task_marker_dag.py for tasks to queue
[2023-06-05 23:08:51,872] {logging_mixin.py:115} INFO - [2023-06-05 23:08:51,871] {dagbag.py:507} INFO - Filling up the DagBag from /home/gui/Documentos/airflowalura/venv/lib/python3.9/site-packages/airflow/example_dags/example_external_task_marker_dag.py
[2023-06-05 23:08:51,887] {processor.py:651} INFO - DAG(s) dict_keys(['example_external_task_marker_parent', 'example_external_task_marker_child']) retrieved from /home/gui/Documentos/airflowalura/venv/lib/python3.9/site-packages/airflow/example_dags/example_external_task_marker_dag.py
[2023-06-05 23:08:51,965] {logging_mixin.py:115} INFO - [2023-06-05 23:08:51,965] {dag.py:2379} INFO - Sync 2 DAGs
[2023-06-05 23:08:52,020] {logging_mixin.py:115} INFO - [2023-06-05 23:08:52,019] {dag.py:2927} INFO - Setting next_dagrun for example_external_task_marker_child to None, run_after=None
[2023-06-05 23:08:52,020] {logging_mixin.py:115} INFO - [2023-06-05 23:08:52,020] {dag.py:2927} INFO - Setting next_dagrun for example_external_task_marker_parent to None, run_after=None
[2023-06-05 23:08:52,718] {processor.py:161} INFO - Processing /home/gui/Documentos/airflowalura/venv/lib/python3.9/site-packages/airflow/example_dags/example_external_task_marker_dag.py took 0.856 seconds
[2023-06-05 23:09:32,949] {processor.py:153} INFO - Started process (PID=45216) to work on /home/gui/Documentos/airflowalura/venv/lib/python3.9/site-packages/airflow/example_dags/example_external_task_marker_dag.py
[2023-06-05 23:09:33,021] {processor.py:641} INFO - Processing file /home/gui/Documentos/airflowalura/venv/lib/python3.9/site-packages/airflow/example_dags/example_external_task_marker_dag.py for tasks to queue
[2023-06-05 23:09:33,022] {logging_mixin.py:115} INFO - [2023-06-05 23:09:33,021] {dagbag.py:507} INFO - Filling up the DagBag from /home/gui/Documentos/airflowalura/venv/lib/python3.9/site-packages/airflow/example_dags/example_external_task_marker_dag.py
[2023-06-05 23:09:33,031] {processor.py:651} INFO - DAG(s) dict_keys(['example_external_task_marker_parent', 'example_external_task_marker_child']) retrieved from /home/gui/Documentos/airflowalura/venv/lib/python3.9/site-packages/airflow/example_dags/example_external_task_marker_dag.py
[2023-06-05 23:09:33,080] {logging_mixin.py:115} INFO - [2023-06-05 23:09:33,080] {dag.py:2379} INFO - Sync 2 DAGs
[2023-06-05 23:09:33,113] {logging_mixin.py:115} INFO - [2023-06-05 23:09:33,113] {dag.py:2927} INFO - Setting next_dagrun for example_external_task_marker_child to None, run_after=None
[2023-06-05 23:09:33,114] {logging_mixin.py:115} INFO - [2023-06-05 23:09:33,113] {dag.py:2927} INFO - Setting next_dagrun for example_external_task_marker_parent to None, run_after=None
[2023-06-05 23:09:33,136] {processor.py:161} INFO - Processing /home/gui/Documentos/airflowalura/venv/lib/python3.9/site-packages/airflow/example_dags/example_external_task_marker_dag.py took 0.194 seconds
[2023-06-05 23:10:17,457] {processor.py:153} INFO - Started process (PID=45253) to work on /home/gui/Documentos/airflowalura/venv/lib/python3.9/site-packages/airflow/example_dags/example_external_task_marker_dag.py
[2023-06-05 23:10:17,458] {processor.py:641} INFO - Processing file /home/gui/Documentos/airflowalura/venv/lib/python3.9/site-packages/airflow/example_dags/example_external_task_marker_dag.py for tasks to queue
[2023-06-05 23:10:17,459] {logging_mixin.py:115} INFO - [2023-06-05 23:10:17,459] {dagbag.py:507} INFO - Filling up the DagBag from /home/gui/Documentos/airflowalura/venv/lib/python3.9/site-packages/airflow/example_dags/example_external_task_marker_dag.py
[2023-06-05 23:10:17,470] {processor.py:651} INFO - DAG(s) dict_keys(['example_external_task_marker_parent', 'example_external_task_marker_child']) retrieved from /home/gui/Documentos/airflowalura/venv/lib/python3.9/site-packages/airflow/example_dags/example_external_task_marker_dag.py
[2023-06-05 23:10:17,534] {logging_mixin.py:115} INFO - [2023-06-05 23:10:17,534] {dag.py:2379} INFO - Sync 2 DAGs
[2023-06-05 23:10:17,569] {logging_mixin.py:115} INFO - [2023-06-05 23:10:17,569] {dag.py:2927} INFO - Setting next_dagrun for example_external_task_marker_child to None, run_after=None
[2023-06-05 23:10:17,570] {logging_mixin.py:115} INFO - [2023-06-05 23:10:17,570] {dag.py:2927} INFO - Setting next_dagrun for example_external_task_marker_parent to None, run_after=None
[2023-06-05 23:10:18,003] {processor.py:161} INFO - Processing /home/gui/Documentos/airflowalura/venv/lib/python3.9/site-packages/airflow/example_dags/example_external_task_marker_dag.py took 0.554 seconds
[2023-06-05 23:10:59,488] {processor.py:153} INFO - Started process (PID=45288) to work on /home/gui/Documentos/airflowalura/venv/lib/python3.9/site-packages/airflow/example_dags/example_external_task_marker_dag.py
[2023-06-05 23:10:59,489] {processor.py:641} INFO - Processing file /home/gui/Documentos/airflowalura/venv/lib/python3.9/site-packages/airflow/example_dags/example_external_task_marker_dag.py for tasks to queue
[2023-06-05 23:10:59,490] {logging_mixin.py:115} INFO - [2023-06-05 23:10:59,490] {dagbag.py:507} INFO - Filling up the DagBag from /home/gui/Documentos/airflowalura/venv/lib/python3.9/site-packages/airflow/example_dags/example_external_task_marker_dag.py
[2023-06-05 23:10:59,501] {processor.py:651} INFO - DAG(s) dict_keys(['example_external_task_marker_parent', 'example_external_task_marker_child']) retrieved from /home/gui/Documentos/airflowalura/venv/lib/python3.9/site-packages/airflow/example_dags/example_external_task_marker_dag.py
[2023-06-05 23:10:59,552] {logging_mixin.py:115} INFO - [2023-06-05 23:10:59,552] {dag.py:2379} INFO - Sync 2 DAGs
[2023-06-05 23:10:59,588] {logging_mixin.py:115} INFO - [2023-06-05 23:10:59,588] {dag.py:2927} INFO - Setting next_dagrun for example_external_task_marker_child to None, run_after=None
[2023-06-05 23:10:59,589] {logging_mixin.py:115} INFO - [2023-06-05 23:10:59,588] {dag.py:2927} INFO - Setting next_dagrun for example_external_task_marker_parent to None, run_after=None
[2023-06-05 23:10:59,640] {processor.py:161} INFO - Processing /home/gui/Documentos/airflowalura/venv/lib/python3.9/site-packages/airflow/example_dags/example_external_task_marker_dag.py took 0.160 seconds
[2023-06-05 23:11:37,660] {processor.py:153} INFO - Started process (PID=45326) to work on /home/gui/Documentos/airflowalura/venv/lib/python3.9/site-packages/airflow/example_dags/example_external_task_marker_dag.py
[2023-06-05 23:11:37,662] {processor.py:641} INFO - Processing file /home/gui/Documentos/airflowalura/venv/lib/python3.9/site-packages/airflow/example_dags/example_external_task_marker_dag.py for tasks to queue
[2023-06-05 23:11:37,664] {logging_mixin.py:115} INFO - [2023-06-05 23:11:37,664] {dagbag.py:507} INFO - Filling up the DagBag from /home/gui/Documentos/airflowalura/venv/lib/python3.9/site-packages/airflow/example_dags/example_external_task_marker_dag.py
[2023-06-05 23:11:37,681] {processor.py:651} INFO - DAG(s) dict_keys(['example_external_task_marker_parent', 'example_external_task_marker_child']) retrieved from /home/gui/Documentos/airflowalura/venv/lib/python3.9/site-packages/airflow/example_dags/example_external_task_marker_dag.py
[2023-06-05 23:11:37,735] {logging_mixin.py:115} INFO - [2023-06-05 23:11:37,735] {dag.py:2379} INFO - Sync 2 DAGs
[2023-06-05 23:11:37,767] {logging_mixin.py:115} INFO - [2023-06-05 23:11:37,767] {dag.py:2927} INFO - Setting next_dagrun for example_external_task_marker_child to None, run_after=None
[2023-06-05 23:11:37,768] {logging_mixin.py:115} INFO - [2023-06-05 23:11:37,768] {dag.py:2927} INFO - Setting next_dagrun for example_external_task_marker_parent to None, run_after=None
[2023-06-05 23:11:37,802] {processor.py:161} INFO - Processing /home/gui/Documentos/airflowalura/venv/lib/python3.9/site-packages/airflow/example_dags/example_external_task_marker_dag.py took 0.151 seconds
[2023-06-05 23:12:17,196] {processor.py:153} INFO - Started process (PID=45362) to work on /home/gui/Documentos/airflowalura/venv/lib/python3.9/site-packages/airflow/example_dags/example_external_task_marker_dag.py
[2023-06-05 23:12:17,197] {processor.py:641} INFO - Processing file /home/gui/Documentos/airflowalura/venv/lib/python3.9/site-packages/airflow/example_dags/example_external_task_marker_dag.py for tasks to queue
[2023-06-05 23:12:17,198] {logging_mixin.py:115} INFO - [2023-06-05 23:12:17,198] {dagbag.py:507} INFO - Filling up the DagBag from /home/gui/Documentos/airflowalura/venv/lib/python3.9/site-packages/airflow/example_dags/example_external_task_marker_dag.py
[2023-06-05 23:12:17,206] {processor.py:651} INFO - DAG(s) dict_keys(['example_external_task_marker_parent', 'example_external_task_marker_child']) retrieved from /home/gui/Documentos/airflowalura/venv/lib/python3.9/site-packages/airflow/example_dags/example_external_task_marker_dag.py
[2023-06-05 23:12:17,248] {logging_mixin.py:115} INFO - [2023-06-05 23:12:17,248] {dag.py:2379} INFO - Sync 2 DAGs
[2023-06-05 23:12:17,275] {logging_mixin.py:115} INFO - [2023-06-05 23:12:17,275] {dag.py:2927} INFO - Setting next_dagrun for example_external_task_marker_child to None, run_after=None
[2023-06-05 23:12:17,275] {logging_mixin.py:115} INFO - [2023-06-05 23:12:17,275] {dag.py:2927} INFO - Setting next_dagrun for example_external_task_marker_parent to None, run_after=None
[2023-06-05 23:12:17,325] {processor.py:161} INFO - Processing /home/gui/Documentos/airflowalura/venv/lib/python3.9/site-packages/airflow/example_dags/example_external_task_marker_dag.py took 0.134 seconds
[2023-06-05 23:13:02,611] {processor.py:153} INFO - Started process (PID=45402) to work on /home/gui/Documentos/airflowalura/venv/lib/python3.9/site-packages/airflow/example_dags/example_external_task_marker_dag.py
[2023-06-05 23:13:02,612] {processor.py:641} INFO - Processing file /home/gui/Documentos/airflowalura/venv/lib/python3.9/site-packages/airflow/example_dags/example_external_task_marker_dag.py for tasks to queue
[2023-06-05 23:13:02,612] {logging_mixin.py:115} INFO - [2023-06-05 23:13:02,612] {dagbag.py:507} INFO - Filling up the DagBag from /home/gui/Documentos/airflowalura/venv/lib/python3.9/site-packages/airflow/example_dags/example_external_task_marker_dag.py
[2023-06-05 23:13:02,620] {processor.py:651} INFO - DAG(s) dict_keys(['example_external_task_marker_parent', 'example_external_task_marker_child']) retrieved from /home/gui/Documentos/airflowalura/venv/lib/python3.9/site-packages/airflow/example_dags/example_external_task_marker_dag.py
[2023-06-05 23:13:02,663] {logging_mixin.py:115} INFO - [2023-06-05 23:13:02,663] {dag.py:2379} INFO - Sync 2 DAGs
[2023-06-05 23:13:02,690] {logging_mixin.py:115} INFO - [2023-06-05 23:13:02,690] {dag.py:2927} INFO - Setting next_dagrun for example_external_task_marker_child to None, run_after=None
[2023-06-05 23:13:02,691] {logging_mixin.py:115} INFO - [2023-06-05 23:13:02,691] {dag.py:2927} INFO - Setting next_dagrun for example_external_task_marker_parent to None, run_after=None
[2023-06-05 23:13:02,747] {processor.py:161} INFO - Processing /home/gui/Documentos/airflowalura/venv/lib/python3.9/site-packages/airflow/example_dags/example_external_task_marker_dag.py took 0.142 seconds
[2023-06-05 23:13:44,525] {processor.py:153} INFO - Started process (PID=45440) to work on /home/gui/Documentos/airflowalura/venv/lib/python3.9/site-packages/airflow/example_dags/example_external_task_marker_dag.py
[2023-06-05 23:13:44,526] {processor.py:641} INFO - Processing file /home/gui/Documentos/airflowalura/venv/lib/python3.9/site-packages/airflow/example_dags/example_external_task_marker_dag.py for tasks to queue
[2023-06-05 23:13:44,527] {logging_mixin.py:115} INFO - [2023-06-05 23:13:44,527] {dagbag.py:507} INFO - Filling up the DagBag from /home/gui/Documentos/airflowalura/venv/lib/python3.9/site-packages/airflow/example_dags/example_external_task_marker_dag.py
[2023-06-05 23:13:44,536] {processor.py:651} INFO - DAG(s) dict_keys(['example_external_task_marker_parent', 'example_external_task_marker_child']) retrieved from /home/gui/Documentos/airflowalura/venv/lib/python3.9/site-packages/airflow/example_dags/example_external_task_marker_dag.py
[2023-06-05 23:13:44,578] {logging_mixin.py:115} INFO - [2023-06-05 23:13:44,578] {dag.py:2379} INFO - Sync 2 DAGs
[2023-06-05 23:13:44,603] {logging_mixin.py:115} INFO - [2023-06-05 23:13:44,603] {dag.py:2927} INFO - Setting next_dagrun for example_external_task_marker_child to None, run_after=None
[2023-06-05 23:13:44,604] {logging_mixin.py:115} INFO - [2023-06-05 23:13:44,604] {dag.py:2927} INFO - Setting next_dagrun for example_external_task_marker_parent to None, run_after=None
[2023-06-05 23:13:44,621] {processor.py:161} INFO - Processing /home/gui/Documentos/airflowalura/venv/lib/python3.9/site-packages/airflow/example_dags/example_external_task_marker_dag.py took 0.103 seconds
[2023-06-05 23:14:21,102] {processor.py:153} INFO - Started process (PID=45472) to work on /home/gui/Documentos/airflowalura/venv/lib/python3.9/site-packages/airflow/example_dags/example_external_task_marker_dag.py
[2023-06-05 23:14:21,103] {processor.py:641} INFO - Processing file /home/gui/Documentos/airflowalura/venv/lib/python3.9/site-packages/airflow/example_dags/example_external_task_marker_dag.py for tasks to queue
[2023-06-05 23:14:21,103] {logging_mixin.py:115} INFO - [2023-06-05 23:14:21,103] {dagbag.py:507} INFO - Filling up the DagBag from /home/gui/Documentos/airflowalura/venv/lib/python3.9/site-packages/airflow/example_dags/example_external_task_marker_dag.py
[2023-06-05 23:14:21,111] {processor.py:651} INFO - DAG(s) dict_keys(['example_external_task_marker_parent', 'example_external_task_marker_child']) retrieved from /home/gui/Documentos/airflowalura/venv/lib/python3.9/site-packages/airflow/example_dags/example_external_task_marker_dag.py
[2023-06-05 23:14:21,156] {logging_mixin.py:115} INFO - [2023-06-05 23:14:21,156] {dag.py:2379} INFO - Sync 2 DAGs
[2023-06-05 23:14:21,185] {logging_mixin.py:115} INFO - [2023-06-05 23:14:21,185] {dag.py:2927} INFO - Setting next_dagrun for example_external_task_marker_child to None, run_after=None
[2023-06-05 23:14:21,185] {logging_mixin.py:115} INFO - [2023-06-05 23:14:21,185] {dag.py:2927} INFO - Setting next_dagrun for example_external_task_marker_parent to None, run_after=None
[2023-06-05 23:14:21,202] {processor.py:161} INFO - Processing /home/gui/Documentos/airflowalura/venv/lib/python3.9/site-packages/airflow/example_dags/example_external_task_marker_dag.py took 0.107 seconds
[2023-06-05 23:14:59,009] {processor.py:153} INFO - Started process (PID=45505) to work on /home/gui/Documentos/airflowalura/venv/lib/python3.9/site-packages/airflow/example_dags/example_external_task_marker_dag.py
[2023-06-05 23:14:59,011] {processor.py:641} INFO - Processing file /home/gui/Documentos/airflowalura/venv/lib/python3.9/site-packages/airflow/example_dags/example_external_task_marker_dag.py for tasks to queue
[2023-06-05 23:14:59,012] {logging_mixin.py:115} INFO - [2023-06-05 23:14:59,012] {dagbag.py:507} INFO - Filling up the DagBag from /home/gui/Documentos/airflowalura/venv/lib/python3.9/site-packages/airflow/example_dags/example_external_task_marker_dag.py
[2023-06-05 23:14:59,021] {processor.py:651} INFO - DAG(s) dict_keys(['example_external_task_marker_parent', 'example_external_task_marker_child']) retrieved from /home/gui/Documentos/airflowalura/venv/lib/python3.9/site-packages/airflow/example_dags/example_external_task_marker_dag.py
[2023-06-05 23:14:59,080] {logging_mixin.py:115} INFO - [2023-06-05 23:14:59,080] {dag.py:2379} INFO - Sync 2 DAGs
[2023-06-05 23:14:59,116] {logging_mixin.py:115} INFO - [2023-06-05 23:14:59,115] {dag.py:2927} INFO - Setting next_dagrun for example_external_task_marker_child to None, run_after=None
[2023-06-05 23:14:59,116] {logging_mixin.py:115} INFO - [2023-06-05 23:14:59,116] {dag.py:2927} INFO - Setting next_dagrun for example_external_task_marker_parent to None, run_after=None
[2023-06-05 23:14:59,145] {processor.py:161} INFO - Processing /home/gui/Documentos/airflowalura/venv/lib/python3.9/site-packages/airflow/example_dags/example_external_task_marker_dag.py took 0.143 seconds
[2023-06-05 23:15:37,887] {processor.py:153} INFO - Started process (PID=45560) to work on /home/gui/Documentos/airflowalura/venv/lib/python3.9/site-packages/airflow/example_dags/example_external_task_marker_dag.py
[2023-06-05 23:15:37,889] {processor.py:641} INFO - Processing file /home/gui/Documentos/airflowalura/venv/lib/python3.9/site-packages/airflow/example_dags/example_external_task_marker_dag.py for tasks to queue
[2023-06-05 23:15:37,890] {logging_mixin.py:115} INFO - [2023-06-05 23:15:37,890] {dagbag.py:507} INFO - Filling up the DagBag from /home/gui/Documentos/airflowalura/venv/lib/python3.9/site-packages/airflow/example_dags/example_external_task_marker_dag.py
[2023-06-05 23:15:37,899] {processor.py:651} INFO - DAG(s) dict_keys(['example_external_task_marker_parent', 'example_external_task_marker_child']) retrieved from /home/gui/Documentos/airflowalura/venv/lib/python3.9/site-packages/airflow/example_dags/example_external_task_marker_dag.py
[2023-06-05 23:15:37,950] {logging_mixin.py:115} INFO - [2023-06-05 23:15:37,950] {dag.py:2379} INFO - Sync 2 DAGs
[2023-06-05 23:15:37,985] {logging_mixin.py:115} INFO - [2023-06-05 23:15:37,985] {dag.py:2927} INFO - Setting next_dagrun for example_external_task_marker_child to None, run_after=None
[2023-06-05 23:15:37,985] {logging_mixin.py:115} INFO - [2023-06-05 23:15:37,985] {dag.py:2927} INFO - Setting next_dagrun for example_external_task_marker_parent to None, run_after=None
[2023-06-05 23:15:38,025] {processor.py:161} INFO - Processing /home/gui/Documentos/airflowalura/venv/lib/python3.9/site-packages/airflow/example_dags/example_external_task_marker_dag.py took 0.145 seconds
[2023-06-05 23:16:15,027] {processor.py:153} INFO - Started process (PID=45595) to work on /home/gui/Documentos/airflowalura/venv/lib/python3.9/site-packages/airflow/example_dags/example_external_task_marker_dag.py
[2023-06-05 23:16:15,029] {processor.py:641} INFO - Processing file /home/gui/Documentos/airflowalura/venv/lib/python3.9/site-packages/airflow/example_dags/example_external_task_marker_dag.py for tasks to queue
[2023-06-05 23:16:15,031] {logging_mixin.py:115} INFO - [2023-06-05 23:16:15,031] {dagbag.py:507} INFO - Filling up the DagBag from /home/gui/Documentos/airflowalura/venv/lib/python3.9/site-packages/airflow/example_dags/example_external_task_marker_dag.py
[2023-06-05 23:16:15,042] {processor.py:651} INFO - DAG(s) dict_keys(['example_external_task_marker_parent', 'example_external_task_marker_child']) retrieved from /home/gui/Documentos/airflowalura/venv/lib/python3.9/site-packages/airflow/example_dags/example_external_task_marker_dag.py
[2023-06-05 23:16:15,096] {logging_mixin.py:115} INFO - [2023-06-05 23:16:15,095] {dag.py:2379} INFO - Sync 2 DAGs
[2023-06-05 23:16:15,127] {logging_mixin.py:115} INFO - [2023-06-05 23:16:15,127] {dag.py:2927} INFO - Setting next_dagrun for example_external_task_marker_child to None, run_after=None
[2023-06-05 23:16:15,128] {logging_mixin.py:115} INFO - [2023-06-05 23:16:15,128] {dag.py:2927} INFO - Setting next_dagrun for example_external_task_marker_parent to None, run_after=None
[2023-06-05 23:16:15,148] {processor.py:161} INFO - Processing /home/gui/Documentos/airflowalura/venv/lib/python3.9/site-packages/airflow/example_dags/example_external_task_marker_dag.py took 0.128 seconds
[2023-06-05 23:16:51,875] {processor.py:153} INFO - Started process (PID=45629) to work on /home/gui/Documentos/airflowalura/venv/lib/python3.9/site-packages/airflow/example_dags/example_external_task_marker_dag.py
[2023-06-05 23:16:51,876] {processor.py:641} INFO - Processing file /home/gui/Documentos/airflowalura/venv/lib/python3.9/site-packages/airflow/example_dags/example_external_task_marker_dag.py for tasks to queue
[2023-06-05 23:16:51,877] {logging_mixin.py:115} INFO - [2023-06-05 23:16:51,877] {dagbag.py:507} INFO - Filling up the DagBag from /home/gui/Documentos/airflowalura/venv/lib/python3.9/site-packages/airflow/example_dags/example_external_task_marker_dag.py
[2023-06-05 23:16:51,887] {processor.py:651} INFO - DAG(s) dict_keys(['example_external_task_marker_parent', 'example_external_task_marker_child']) retrieved from /home/gui/Documentos/airflowalura/venv/lib/python3.9/site-packages/airflow/example_dags/example_external_task_marker_dag.py
[2023-06-05 23:16:51,943] {logging_mixin.py:115} INFO - [2023-06-05 23:16:51,943] {dag.py:2379} INFO - Sync 2 DAGs
[2023-06-05 23:16:51,978] {logging_mixin.py:115} INFO - [2023-06-05 23:16:51,978] {dag.py:2927} INFO - Setting next_dagrun for example_external_task_marker_child to None, run_after=None
[2023-06-05 23:16:51,978] {logging_mixin.py:115} INFO - [2023-06-05 23:16:51,978] {dag.py:2927} INFO - Setting next_dagrun for example_external_task_marker_parent to None, run_after=None
[2023-06-05 23:16:52,002] {processor.py:161} INFO - Processing /home/gui/Documentos/airflowalura/venv/lib/python3.9/site-packages/airflow/example_dags/example_external_task_marker_dag.py took 0.134 seconds
[2023-06-05 23:17:30,929] {processor.py:153} INFO - Started process (PID=45665) to work on /home/gui/Documentos/airflowalura/venv/lib/python3.9/site-packages/airflow/example_dags/example_external_task_marker_dag.py
[2023-06-05 23:17:30,931] {processor.py:641} INFO - Processing file /home/gui/Documentos/airflowalura/venv/lib/python3.9/site-packages/airflow/example_dags/example_external_task_marker_dag.py for tasks to queue
[2023-06-05 23:17:30,932] {logging_mixin.py:115} INFO - [2023-06-05 23:17:30,932] {dagbag.py:507} INFO - Filling up the DagBag from /home/gui/Documentos/airflowalura/venv/lib/python3.9/site-packages/airflow/example_dags/example_external_task_marker_dag.py
[2023-06-05 23:17:30,942] {processor.py:651} INFO - DAG(s) dict_keys(['example_external_task_marker_parent', 'example_external_task_marker_child']) retrieved from /home/gui/Documentos/airflowalura/venv/lib/python3.9/site-packages/airflow/example_dags/example_external_task_marker_dag.py
[2023-06-05 23:17:31,001] {logging_mixin.py:115} INFO - [2023-06-05 23:17:31,001] {dag.py:2379} INFO - Sync 2 DAGs
[2023-06-05 23:17:31,033] {logging_mixin.py:115} INFO - [2023-06-05 23:17:31,033] {dag.py:2927} INFO - Setting next_dagrun for example_external_task_marker_child to None, run_after=None
[2023-06-05 23:17:31,034] {logging_mixin.py:115} INFO - [2023-06-05 23:17:31,034] {dag.py:2927} INFO - Setting next_dagrun for example_external_task_marker_parent to None, run_after=None
[2023-06-05 23:17:31,091] {processor.py:161} INFO - Processing /home/gui/Documentos/airflowalura/venv/lib/python3.9/site-packages/airflow/example_dags/example_external_task_marker_dag.py took 0.170 seconds
[2023-06-05 23:18:23,153] {processor.py:153} INFO - Started process (PID=45709) to work on /home/gui/Documentos/airflowalura/venv/lib/python3.9/site-packages/airflow/example_dags/example_external_task_marker_dag.py
[2023-06-05 23:18:23,155] {processor.py:641} INFO - Processing file /home/gui/Documentos/airflowalura/venv/lib/python3.9/site-packages/airflow/example_dags/example_external_task_marker_dag.py for tasks to queue
[2023-06-05 23:18:23,156] {logging_mixin.py:115} INFO - [2023-06-05 23:18:23,156] {dagbag.py:507} INFO - Filling up the DagBag from /home/gui/Documentos/airflowalura/venv/lib/python3.9/site-packages/airflow/example_dags/example_external_task_marker_dag.py
[2023-06-05 23:18:23,169] {processor.py:651} INFO - DAG(s) dict_keys(['example_external_task_marker_parent', 'example_external_task_marker_child']) retrieved from /home/gui/Documentos/airflowalura/venv/lib/python3.9/site-packages/airflow/example_dags/example_external_task_marker_dag.py
[2023-06-05 23:18:23,224] {logging_mixin.py:115} INFO - [2023-06-05 23:18:23,224] {dag.py:2379} INFO - Sync 2 DAGs
[2023-06-05 23:18:23,257] {logging_mixin.py:115} INFO - [2023-06-05 23:18:23,257] {dag.py:2927} INFO - Setting next_dagrun for example_external_task_marker_child to None, run_after=None
[2023-06-05 23:18:23,258] {logging_mixin.py:115} INFO - [2023-06-05 23:18:23,258] {dag.py:2927} INFO - Setting next_dagrun for example_external_task_marker_parent to None, run_after=None
[2023-06-05 23:18:23,458] {processor.py:161} INFO - Processing /home/gui/Documentos/airflowalura/venv/lib/python3.9/site-packages/airflow/example_dags/example_external_task_marker_dag.py took 0.313 seconds
[2023-06-05 23:19:01,752] {processor.py:153} INFO - Started process (PID=45744) to work on /home/gui/Documentos/airflowalura/venv/lib/python3.9/site-packages/airflow/example_dags/example_external_task_marker_dag.py
[2023-06-05 23:19:01,754] {processor.py:641} INFO - Processing file /home/gui/Documentos/airflowalura/venv/lib/python3.9/site-packages/airflow/example_dags/example_external_task_marker_dag.py for tasks to queue
[2023-06-05 23:19:01,756] {logging_mixin.py:115} INFO - [2023-06-05 23:19:01,755] {dagbag.py:507} INFO - Filling up the DagBag from /home/gui/Documentos/airflowalura/venv/lib/python3.9/site-packages/airflow/example_dags/example_external_task_marker_dag.py
[2023-06-05 23:19:01,765] {processor.py:651} INFO - DAG(s) dict_keys(['example_external_task_marker_parent', 'example_external_task_marker_child']) retrieved from /home/gui/Documentos/airflowalura/venv/lib/python3.9/site-packages/airflow/example_dags/example_external_task_marker_dag.py
[2023-06-05 23:19:01,822] {logging_mixin.py:115} INFO - [2023-06-05 23:19:01,822] {dag.py:2379} INFO - Sync 2 DAGs
[2023-06-05 23:19:01,859] {logging_mixin.py:115} INFO - [2023-06-05 23:19:01,858] {dag.py:2927} INFO - Setting next_dagrun for example_external_task_marker_child to None, run_after=None
[2023-06-05 23:19:01,859] {logging_mixin.py:115} INFO - [2023-06-05 23:19:01,859] {dag.py:2927} INFO - Setting next_dagrun for example_external_task_marker_parent to None, run_after=None
[2023-06-05 23:19:01,883] {processor.py:161} INFO - Processing /home/gui/Documentos/airflowalura/venv/lib/python3.9/site-packages/airflow/example_dags/example_external_task_marker_dag.py took 0.139 seconds
[2023-06-05 23:19:45,983] {processor.py:153} INFO - Started process (PID=45784) to work on /home/gui/Documentos/airflowalura/venv/lib/python3.9/site-packages/airflow/example_dags/example_external_task_marker_dag.py
[2023-06-05 23:19:45,985] {processor.py:641} INFO - Processing file /home/gui/Documentos/airflowalura/venv/lib/python3.9/site-packages/airflow/example_dags/example_external_task_marker_dag.py for tasks to queue
[2023-06-05 23:19:45,986] {logging_mixin.py:115} INFO - [2023-06-05 23:19:45,985] {dagbag.py:507} INFO - Filling up the DagBag from /home/gui/Documentos/airflowalura/venv/lib/python3.9/site-packages/airflow/example_dags/example_external_task_marker_dag.py
[2023-06-05 23:19:45,997] {processor.py:651} INFO - DAG(s) dict_keys(['example_external_task_marker_parent', 'example_external_task_marker_child']) retrieved from /home/gui/Documentos/airflowalura/venv/lib/python3.9/site-packages/airflow/example_dags/example_external_task_marker_dag.py
[2023-06-05 23:19:46,055] {logging_mixin.py:115} INFO - [2023-06-05 23:19:46,055] {dag.py:2379} INFO - Sync 2 DAGs
[2023-06-05 23:19:46,091] {logging_mixin.py:115} INFO - [2023-06-05 23:19:46,091] {dag.py:2927} INFO - Setting next_dagrun for example_external_task_marker_child to None, run_after=None
[2023-06-05 23:19:46,092] {logging_mixin.py:115} INFO - [2023-06-05 23:19:46,092] {dag.py:2927} INFO - Setting next_dagrun for example_external_task_marker_parent to None, run_after=None
[2023-06-05 23:19:46,124] {processor.py:161} INFO - Processing /home/gui/Documentos/airflowalura/venv/lib/python3.9/site-packages/airflow/example_dags/example_external_task_marker_dag.py took 0.150 seconds
[2023-06-05 23:20:26,305] {processor.py:153} INFO - Started process (PID=45833) to work on /home/gui/Documentos/airflowalura/venv/lib/python3.9/site-packages/airflow/example_dags/example_external_task_marker_dag.py
[2023-06-05 23:20:26,307] {processor.py:641} INFO - Processing file /home/gui/Documentos/airflowalura/venv/lib/python3.9/site-packages/airflow/example_dags/example_external_task_marker_dag.py for tasks to queue
[2023-06-05 23:20:26,308] {logging_mixin.py:115} INFO - [2023-06-05 23:20:26,308] {dagbag.py:507} INFO - Filling up the DagBag from /home/gui/Documentos/airflowalura/venv/lib/python3.9/site-packages/airflow/example_dags/example_external_task_marker_dag.py
[2023-06-05 23:20:26,318] {processor.py:651} INFO - DAG(s) dict_keys(['example_external_task_marker_parent', 'example_external_task_marker_child']) retrieved from /home/gui/Documentos/airflowalura/venv/lib/python3.9/site-packages/airflow/example_dags/example_external_task_marker_dag.py
[2023-06-05 23:20:26,382] {logging_mixin.py:115} INFO - [2023-06-05 23:20:26,382] {dag.py:2379} INFO - Sync 2 DAGs
[2023-06-05 23:20:26,425] {logging_mixin.py:115} INFO - [2023-06-05 23:20:26,425] {dag.py:2927} INFO - Setting next_dagrun for example_external_task_marker_child to None, run_after=None
[2023-06-05 23:20:26,426] {logging_mixin.py:115} INFO - [2023-06-05 23:20:26,425] {dag.py:2927} INFO - Setting next_dagrun for example_external_task_marker_parent to None, run_after=None
[2023-06-05 23:20:26,517] {processor.py:161} INFO - Processing /home/gui/Documentos/airflowalura/venv/lib/python3.9/site-packages/airflow/example_dags/example_external_task_marker_dag.py took 0.220 seconds
[2023-06-05 23:21:10,855] {processor.py:153} INFO - Started process (PID=45884) to work on /home/gui/Documentos/airflowalura/venv/lib/python3.9/site-packages/airflow/example_dags/example_external_task_marker_dag.py
[2023-06-05 23:21:10,856] {processor.py:641} INFO - Processing file /home/gui/Documentos/airflowalura/venv/lib/python3.9/site-packages/airflow/example_dags/example_external_task_marker_dag.py for tasks to queue
[2023-06-05 23:21:10,857] {logging_mixin.py:115} INFO - [2023-06-05 23:21:10,857] {dagbag.py:507} INFO - Filling up the DagBag from /home/gui/Documentos/airflowalura/venv/lib/python3.9/site-packages/airflow/example_dags/example_external_task_marker_dag.py
[2023-06-05 23:21:10,868] {processor.py:651} INFO - DAG(s) dict_keys(['example_external_task_marker_parent', 'example_external_task_marker_child']) retrieved from /home/gui/Documentos/airflowalura/venv/lib/python3.9/site-packages/airflow/example_dags/example_external_task_marker_dag.py
[2023-06-05 23:21:10,921] {logging_mixin.py:115} INFO - [2023-06-05 23:21:10,921] {dag.py:2379} INFO - Sync 2 DAGs
[2023-06-05 23:21:10,957] {logging_mixin.py:115} INFO - [2023-06-05 23:21:10,957] {dag.py:2927} INFO - Setting next_dagrun for example_external_task_marker_child to None, run_after=None
[2023-06-05 23:21:10,958] {logging_mixin.py:115} INFO - [2023-06-05 23:21:10,957] {dag.py:2927} INFO - Setting next_dagrun for example_external_task_marker_parent to None, run_after=None
[2023-06-05 23:21:10,981] {processor.py:161} INFO - Processing /home/gui/Documentos/airflowalura/venv/lib/python3.9/site-packages/airflow/example_dags/example_external_task_marker_dag.py took 0.132 seconds
[2023-06-05 23:21:48,256] {processor.py:153} INFO - Started process (PID=45929) to work on /home/gui/Documentos/airflowalura/venv/lib/python3.9/site-packages/airflow/example_dags/example_external_task_marker_dag.py
[2023-06-05 23:21:48,258] {processor.py:641} INFO - Processing file /home/gui/Documentos/airflowalura/venv/lib/python3.9/site-packages/airflow/example_dags/example_external_task_marker_dag.py for tasks to queue
[2023-06-05 23:21:48,259] {logging_mixin.py:115} INFO - [2023-06-05 23:21:48,259] {dagbag.py:507} INFO - Filling up the DagBag from /home/gui/Documentos/airflowalura/venv/lib/python3.9/site-packages/airflow/example_dags/example_external_task_marker_dag.py
[2023-06-05 23:21:48,267] {processor.py:651} INFO - DAG(s) dict_keys(['example_external_task_marker_parent', 'example_external_task_marker_child']) retrieved from /home/gui/Documentos/airflowalura/venv/lib/python3.9/site-packages/airflow/example_dags/example_external_task_marker_dag.py
[2023-06-05 23:21:48,317] {logging_mixin.py:115} INFO - [2023-06-05 23:21:48,317] {dag.py:2379} INFO - Sync 2 DAGs
[2023-06-05 23:21:48,348] {logging_mixin.py:115} INFO - [2023-06-05 23:21:48,348] {dag.py:2927} INFO - Setting next_dagrun for example_external_task_marker_child to None, run_after=None
[2023-06-05 23:21:48,349] {logging_mixin.py:115} INFO - [2023-06-05 23:21:48,349] {dag.py:2927} INFO - Setting next_dagrun for example_external_task_marker_parent to None, run_after=None
[2023-06-05 23:21:48,371] {processor.py:161} INFO - Processing /home/gui/Documentos/airflowalura/venv/lib/python3.9/site-packages/airflow/example_dags/example_external_task_marker_dag.py took 0.120 seconds
[2023-06-05 23:22:35,759] {processor.py:153} INFO - Started process (PID=45983) to work on /home/gui/Documentos/airflowalura/venv/lib/python3.9/site-packages/airflow/example_dags/example_external_task_marker_dag.py
[2023-06-05 23:22:35,761] {processor.py:641} INFO - Processing file /home/gui/Documentos/airflowalura/venv/lib/python3.9/site-packages/airflow/example_dags/example_external_task_marker_dag.py for tasks to queue
[2023-06-05 23:22:35,762] {logging_mixin.py:115} INFO - [2023-06-05 23:22:35,762] {dagbag.py:507} INFO - Filling up the DagBag from /home/gui/Documentos/airflowalura/venv/lib/python3.9/site-packages/airflow/example_dags/example_external_task_marker_dag.py
[2023-06-05 23:22:35,773] {processor.py:651} INFO - DAG(s) dict_keys(['example_external_task_marker_parent', 'example_external_task_marker_child']) retrieved from /home/gui/Documentos/airflowalura/venv/lib/python3.9/site-packages/airflow/example_dags/example_external_task_marker_dag.py
[2023-06-05 23:22:35,833] {logging_mixin.py:115} INFO - [2023-06-05 23:22:35,833] {dag.py:2379} INFO - Sync 2 DAGs
[2023-06-05 23:22:35,872] {logging_mixin.py:115} INFO - [2023-06-05 23:22:35,871] {dag.py:2927} INFO - Setting next_dagrun for example_external_task_marker_child to None, run_after=None
[2023-06-05 23:22:35,872] {logging_mixin.py:115} INFO - [2023-06-05 23:22:35,872] {dag.py:2927} INFO - Setting next_dagrun for example_external_task_marker_parent to None, run_after=None
[2023-06-05 23:22:36,497] {processor.py:161} INFO - Processing /home/gui/Documentos/airflowalura/venv/lib/python3.9/site-packages/airflow/example_dags/example_external_task_marker_dag.py took 0.744 seconds
[2023-06-05 23:23:16,741] {processor.py:153} INFO - Started process (PID=46025) to work on /home/gui/Documentos/airflowalura/venv/lib/python3.9/site-packages/airflow/example_dags/example_external_task_marker_dag.py
[2023-06-05 23:23:16,744] {processor.py:641} INFO - Processing file /home/gui/Documentos/airflowalura/venv/lib/python3.9/site-packages/airflow/example_dags/example_external_task_marker_dag.py for tasks to queue
[2023-06-05 23:23:16,745] {logging_mixin.py:115} INFO - [2023-06-05 23:23:16,745] {dagbag.py:507} INFO - Filling up the DagBag from /home/gui/Documentos/airflowalura/venv/lib/python3.9/site-packages/airflow/example_dags/example_external_task_marker_dag.py
[2023-06-05 23:23:16,756] {processor.py:651} INFO - DAG(s) dict_keys(['example_external_task_marker_parent', 'example_external_task_marker_child']) retrieved from /home/gui/Documentos/airflowalura/venv/lib/python3.9/site-packages/airflow/example_dags/example_external_task_marker_dag.py
[2023-06-05 23:23:16,821] {logging_mixin.py:115} INFO - [2023-06-05 23:23:16,820] {dag.py:2379} INFO - Sync 2 DAGs
[2023-06-05 23:23:16,869] {logging_mixin.py:115} INFO - [2023-06-05 23:23:16,869] {dag.py:2927} INFO - Setting next_dagrun for example_external_task_marker_child to None, run_after=None
[2023-06-05 23:23:16,870] {logging_mixin.py:115} INFO - [2023-06-05 23:23:16,870] {dag.py:2927} INFO - Setting next_dagrun for example_external_task_marker_parent to None, run_after=None
[2023-06-05 23:23:16,928] {processor.py:161} INFO - Processing /home/gui/Documentos/airflowalura/venv/lib/python3.9/site-packages/airflow/example_dags/example_external_task_marker_dag.py took 0.194 seconds
[2023-06-05 23:23:57,218] {processor.py:153} INFO - Started process (PID=46071) to work on /home/gui/Documentos/airflowalura/venv/lib/python3.9/site-packages/airflow/example_dags/example_external_task_marker_dag.py
[2023-06-05 23:23:57,219] {processor.py:641} INFO - Processing file /home/gui/Documentos/airflowalura/venv/lib/python3.9/site-packages/airflow/example_dags/example_external_task_marker_dag.py for tasks to queue
[2023-06-05 23:23:57,220] {logging_mixin.py:115} INFO - [2023-06-05 23:23:57,220] {dagbag.py:507} INFO - Filling up the DagBag from /home/gui/Documentos/airflowalura/venv/lib/python3.9/site-packages/airflow/example_dags/example_external_task_marker_dag.py
[2023-06-05 23:23:57,228] {processor.py:651} INFO - DAG(s) dict_keys(['example_external_task_marker_parent', 'example_external_task_marker_child']) retrieved from /home/gui/Documentos/airflowalura/venv/lib/python3.9/site-packages/airflow/example_dags/example_external_task_marker_dag.py
[2023-06-05 23:23:57,273] {logging_mixin.py:115} INFO - [2023-06-05 23:23:57,273] {dag.py:2379} INFO - Sync 2 DAGs
[2023-06-05 23:23:57,305] {logging_mixin.py:115} INFO - [2023-06-05 23:23:57,305] {dag.py:2927} INFO - Setting next_dagrun for example_external_task_marker_child to None, run_after=None
[2023-06-05 23:23:57,306] {logging_mixin.py:115} INFO - [2023-06-05 23:23:57,306] {dag.py:2927} INFO - Setting next_dagrun for example_external_task_marker_parent to None, run_after=None
[2023-06-05 23:23:57,324] {processor.py:161} INFO - Processing /home/gui/Documentos/airflowalura/venv/lib/python3.9/site-packages/airflow/example_dags/example_external_task_marker_dag.py took 0.112 seconds
[2023-06-05 23:24:39,151] {processor.py:153} INFO - Started process (PID=46115) to work on /home/gui/Documentos/airflowalura/venv/lib/python3.9/site-packages/airflow/example_dags/example_external_task_marker_dag.py
[2023-06-05 23:24:39,152] {processor.py:641} INFO - Processing file /home/gui/Documentos/airflowalura/venv/lib/python3.9/site-packages/airflow/example_dags/example_external_task_marker_dag.py for tasks to queue
[2023-06-05 23:24:39,153] {logging_mixin.py:115} INFO - [2023-06-05 23:24:39,153] {dagbag.py:507} INFO - Filling up the DagBag from /home/gui/Documentos/airflowalura/venv/lib/python3.9/site-packages/airflow/example_dags/example_external_task_marker_dag.py
[2023-06-05 23:24:39,163] {processor.py:651} INFO - DAG(s) dict_keys(['example_external_task_marker_parent', 'example_external_task_marker_child']) retrieved from /home/gui/Documentos/airflowalura/venv/lib/python3.9/site-packages/airflow/example_dags/example_external_task_marker_dag.py
[2023-06-05 23:24:39,214] {logging_mixin.py:115} INFO - [2023-06-05 23:24:39,214] {dag.py:2379} INFO - Sync 2 DAGs
[2023-06-05 23:24:39,247] {logging_mixin.py:115} INFO - [2023-06-05 23:24:39,247] {dag.py:2927} INFO - Setting next_dagrun for example_external_task_marker_child to None, run_after=None
[2023-06-05 23:24:39,248] {logging_mixin.py:115} INFO - [2023-06-05 23:24:39,248] {dag.py:2927} INFO - Setting next_dagrun for example_external_task_marker_parent to None, run_after=None
[2023-06-05 23:24:39,295] {processor.py:161} INFO - Processing /home/gui/Documentos/airflowalura/venv/lib/python3.9/site-packages/airflow/example_dags/example_external_task_marker_dag.py took 0.155 seconds
[2023-06-05 23:25:20,159] {processor.py:153} INFO - Started process (PID=46158) to work on /home/gui/Documentos/airflowalura/venv/lib/python3.9/site-packages/airflow/example_dags/example_external_task_marker_dag.py
[2023-06-05 23:25:20,160] {processor.py:641} INFO - Processing file /home/gui/Documentos/airflowalura/venv/lib/python3.9/site-packages/airflow/example_dags/example_external_task_marker_dag.py for tasks to queue
[2023-06-05 23:25:20,161] {logging_mixin.py:115} INFO - [2023-06-05 23:25:20,161] {dagbag.py:507} INFO - Filling up the DagBag from /home/gui/Documentos/airflowalura/venv/lib/python3.9/site-packages/airflow/example_dags/example_external_task_marker_dag.py
[2023-06-05 23:25:20,172] {processor.py:651} INFO - DAG(s) dict_keys(['example_external_task_marker_parent', 'example_external_task_marker_child']) retrieved from /home/gui/Documentos/airflowalura/venv/lib/python3.9/site-packages/airflow/example_dags/example_external_task_marker_dag.py
[2023-06-05 23:25:20,222] {logging_mixin.py:115} INFO - [2023-06-05 23:25:20,222] {dag.py:2379} INFO - Sync 2 DAGs
[2023-06-05 23:25:20,256] {logging_mixin.py:115} INFO - [2023-06-05 23:25:20,256] {dag.py:2927} INFO - Setting next_dagrun for example_external_task_marker_child to None, run_after=None
[2023-06-05 23:25:20,256] {logging_mixin.py:115} INFO - [2023-06-05 23:25:20,256] {dag.py:2927} INFO - Setting next_dagrun for example_external_task_marker_parent to None, run_after=None
[2023-06-05 23:25:20,275] {processor.py:161} INFO - Processing /home/gui/Documentos/airflowalura/venv/lib/python3.9/site-packages/airflow/example_dags/example_external_task_marker_dag.py took 0.123 seconds
[2023-06-05 23:25:58,751] {processor.py:153} INFO - Started process (PID=46222) to work on /home/gui/Documentos/airflowalura/venv/lib/python3.9/site-packages/airflow/example_dags/example_external_task_marker_dag.py
[2023-06-05 23:25:58,752] {processor.py:641} INFO - Processing file /home/gui/Documentos/airflowalura/venv/lib/python3.9/site-packages/airflow/example_dags/example_external_task_marker_dag.py for tasks to queue
[2023-06-05 23:25:58,753] {logging_mixin.py:115} INFO - [2023-06-05 23:25:58,753] {dagbag.py:507} INFO - Filling up the DagBag from /home/gui/Documentos/airflowalura/venv/lib/python3.9/site-packages/airflow/example_dags/example_external_task_marker_dag.py
[2023-06-05 23:25:58,761] {processor.py:651} INFO - DAG(s) dict_keys(['example_external_task_marker_parent', 'example_external_task_marker_child']) retrieved from /home/gui/Documentos/airflowalura/venv/lib/python3.9/site-packages/airflow/example_dags/example_external_task_marker_dag.py
[2023-06-05 23:25:58,810] {logging_mixin.py:115} INFO - [2023-06-05 23:25:58,809] {dag.py:2379} INFO - Sync 2 DAGs
[2023-06-05 23:25:58,844] {logging_mixin.py:115} INFO - [2023-06-05 23:25:58,844] {dag.py:2927} INFO - Setting next_dagrun for example_external_task_marker_child to None, run_after=None
[2023-06-05 23:25:58,844] {logging_mixin.py:115} INFO - [2023-06-05 23:25:58,844] {dag.py:2927} INFO - Setting next_dagrun for example_external_task_marker_parent to None, run_after=None
[2023-06-05 23:25:58,880] {processor.py:161} INFO - Processing /home/gui/Documentos/airflowalura/venv/lib/python3.9/site-packages/airflow/example_dags/example_external_task_marker_dag.py took 0.135 seconds
[2023-06-05 23:31:17,960] {processor.py:153} INFO - Started process (PID=46763) to work on /home/gui/Documentos/airflowalura/venv/lib/python3.9/site-packages/airflow/example_dags/example_external_task_marker_dag.py
[2023-06-05 23:31:17,993] {processor.py:641} INFO - Processing file /home/gui/Documentos/airflowalura/venv/lib/python3.9/site-packages/airflow/example_dags/example_external_task_marker_dag.py for tasks to queue
[2023-06-05 23:31:17,994] {logging_mixin.py:115} INFO - [2023-06-05 23:31:17,994] {dagbag.py:507} INFO - Filling up the DagBag from /home/gui/Documentos/airflowalura/venv/lib/python3.9/site-packages/airflow/example_dags/example_external_task_marker_dag.py
[2023-06-05 23:31:18,013] {processor.py:651} INFO - DAG(s) dict_keys(['example_external_task_marker_parent', 'example_external_task_marker_child']) retrieved from /home/gui/Documentos/airflowalura/venv/lib/python3.9/site-packages/airflow/example_dags/example_external_task_marker_dag.py
[2023-06-05 23:31:18,095] {logging_mixin.py:115} INFO - [2023-06-05 23:31:18,095] {dag.py:2379} INFO - Sync 2 DAGs
[2023-06-05 23:31:18,162] {logging_mixin.py:115} INFO - [2023-06-05 23:31:18,162] {dag.py:2927} INFO - Setting next_dagrun for example_external_task_marker_child to None, run_after=None
[2023-06-05 23:31:18,163] {logging_mixin.py:115} INFO - [2023-06-05 23:31:18,163] {dag.py:2927} INFO - Setting next_dagrun for example_external_task_marker_parent to None, run_after=None
[2023-06-05 23:31:20,517] {processor.py:161} INFO - Processing /home/gui/Documentos/airflowalura/venv/lib/python3.9/site-packages/airflow/example_dags/example_external_task_marker_dag.py took 2.574 seconds
[2023-06-05 23:32:15,852] {processor.py:153} INFO - Started process (PID=47342) to work on /home/gui/Documentos/airflowalura/venv/lib/python3.9/site-packages/airflow/example_dags/example_external_task_marker_dag.py
[2023-06-05 23:32:15,879] {processor.py:641} INFO - Processing file /home/gui/Documentos/airflowalura/venv/lib/python3.9/site-packages/airflow/example_dags/example_external_task_marker_dag.py for tasks to queue
[2023-06-05 23:32:15,880] {logging_mixin.py:115} INFO - [2023-06-05 23:32:15,880] {dagbag.py:507} INFO - Filling up the DagBag from /home/gui/Documentos/airflowalura/venv/lib/python3.9/site-packages/airflow/example_dags/example_external_task_marker_dag.py
[2023-06-05 23:32:15,890] {processor.py:651} INFO - DAG(s) dict_keys(['example_external_task_marker_parent', 'example_external_task_marker_child']) retrieved from /home/gui/Documentos/airflowalura/venv/lib/python3.9/site-packages/airflow/example_dags/example_external_task_marker_dag.py
[2023-06-05 23:32:16,002] {logging_mixin.py:115} INFO - [2023-06-05 23:32:16,002] {dag.py:2379} INFO - Sync 2 DAGs
[2023-06-05 23:32:16,062] {logging_mixin.py:115} INFO - [2023-06-05 23:32:16,061] {dag.py:2927} INFO - Setting next_dagrun for example_external_task_marker_child to None, run_after=None
[2023-06-05 23:32:16,062] {logging_mixin.py:115} INFO - [2023-06-05 23:32:16,062] {dag.py:2927} INFO - Setting next_dagrun for example_external_task_marker_parent to None, run_after=None
[2023-06-05 23:32:16,093] {processor.py:161} INFO - Processing /home/gui/Documentos/airflowalura/venv/lib/python3.9/site-packages/airflow/example_dags/example_external_task_marker_dag.py took 0.250 seconds
[2023-06-05 23:33:03,022] {processor.py:153} INFO - Started process (PID=47982) to work on /home/gui/Documentos/airflowalura/venv/lib/python3.9/site-packages/airflow/example_dags/example_external_task_marker_dag.py
[2023-06-05 23:33:03,029] {processor.py:641} INFO - Processing file /home/gui/Documentos/airflowalura/venv/lib/python3.9/site-packages/airflow/example_dags/example_external_task_marker_dag.py for tasks to queue
[2023-06-05 23:33:03,032] {logging_mixin.py:115} INFO - [2023-06-05 23:33:03,031] {dagbag.py:507} INFO - Filling up the DagBag from /home/gui/Documentos/airflowalura/venv/lib/python3.9/site-packages/airflow/example_dags/example_external_task_marker_dag.py
[2023-06-05 23:33:03,047] {processor.py:651} INFO - DAG(s) dict_keys(['example_external_task_marker_parent', 'example_external_task_marker_child']) retrieved from /home/gui/Documentos/airflowalura/venv/lib/python3.9/site-packages/airflow/example_dags/example_external_task_marker_dag.py
[2023-06-05 23:33:03,135] {logging_mixin.py:115} INFO - [2023-06-05 23:33:03,134] {dag.py:2379} INFO - Sync 2 DAGs
[2023-06-05 23:33:03,192] {logging_mixin.py:115} INFO - [2023-06-05 23:33:03,192] {dag.py:2927} INFO - Setting next_dagrun for example_external_task_marker_child to None, run_after=None
[2023-06-05 23:33:03,192] {logging_mixin.py:115} INFO - [2023-06-05 23:33:03,192] {dag.py:2927} INFO - Setting next_dagrun for example_external_task_marker_parent to None, run_after=None
[2023-06-05 23:33:03,377] {processor.py:161} INFO - Processing /home/gui/Documentos/airflowalura/venv/lib/python3.9/site-packages/airflow/example_dags/example_external_task_marker_dag.py took 0.368 seconds
[2023-06-05 23:33:49,824] {processor.py:153} INFO - Started process (PID=48698) to work on /home/gui/Documentos/airflowalura/venv/lib/python3.9/site-packages/airflow/example_dags/example_external_task_marker_dag.py
[2023-06-05 23:33:49,835] {processor.py:641} INFO - Processing file /home/gui/Documentos/airflowalura/venv/lib/python3.9/site-packages/airflow/example_dags/example_external_task_marker_dag.py for tasks to queue
[2023-06-05 23:33:49,836] {logging_mixin.py:115} INFO - [2023-06-05 23:33:49,836] {dagbag.py:507} INFO - Filling up the DagBag from /home/gui/Documentos/airflowalura/venv/lib/python3.9/site-packages/airflow/example_dags/example_external_task_marker_dag.py
[2023-06-05 23:33:49,854] {processor.py:651} INFO - DAG(s) dict_keys(['example_external_task_marker_parent', 'example_external_task_marker_child']) retrieved from /home/gui/Documentos/airflowalura/venv/lib/python3.9/site-packages/airflow/example_dags/example_external_task_marker_dag.py
[2023-06-05 23:33:49,928] {logging_mixin.py:115} INFO - [2023-06-05 23:33:49,928] {dag.py:2379} INFO - Sync 2 DAGs
[2023-06-05 23:33:49,979] {logging_mixin.py:115} INFO - [2023-06-05 23:33:49,979] {dag.py:2927} INFO - Setting next_dagrun for example_external_task_marker_child to None, run_after=None
[2023-06-05 23:33:49,979] {logging_mixin.py:115} INFO - [2023-06-05 23:33:49,979] {dag.py:2927} INFO - Setting next_dagrun for example_external_task_marker_parent to None, run_after=None
[2023-06-05 23:33:50,183] {processor.py:161} INFO - Processing /home/gui/Documentos/airflowalura/venv/lib/python3.9/site-packages/airflow/example_dags/example_external_task_marker_dag.py took 0.365 seconds
[2023-06-05 23:34:32,669] {processor.py:153} INFO - Started process (PID=49405) to work on /home/gui/Documentos/airflowalura/venv/lib/python3.9/site-packages/airflow/example_dags/example_external_task_marker_dag.py
[2023-06-05 23:34:32,706] {processor.py:641} INFO - Processing file /home/gui/Documentos/airflowalura/venv/lib/python3.9/site-packages/airflow/example_dags/example_external_task_marker_dag.py for tasks to queue
[2023-06-05 23:34:32,708] {logging_mixin.py:115} INFO - [2023-06-05 23:34:32,707] {dagbag.py:507} INFO - Filling up the DagBag from /home/gui/Documentos/airflowalura/venv/lib/python3.9/site-packages/airflow/example_dags/example_external_task_marker_dag.py
[2023-06-05 23:34:32,731] {processor.py:651} INFO - DAG(s) dict_keys(['example_external_task_marker_parent', 'example_external_task_marker_child']) retrieved from /home/gui/Documentos/airflowalura/venv/lib/python3.9/site-packages/airflow/example_dags/example_external_task_marker_dag.py
[2023-06-05 23:34:32,813] {logging_mixin.py:115} INFO - [2023-06-05 23:34:32,812] {dag.py:2379} INFO - Sync 2 DAGs
[2023-06-05 23:34:32,852] {logging_mixin.py:115} INFO - [2023-06-05 23:34:32,851] {dag.py:2927} INFO - Setting next_dagrun for example_external_task_marker_child to None, run_after=None
[2023-06-05 23:34:32,852] {logging_mixin.py:115} INFO - [2023-06-05 23:34:32,852] {dag.py:2927} INFO - Setting next_dagrun for example_external_task_marker_parent to None, run_after=None
[2023-06-05 23:34:32,947] {processor.py:161} INFO - Processing /home/gui/Documentos/airflowalura/venv/lib/python3.9/site-packages/airflow/example_dags/example_external_task_marker_dag.py took 0.286 seconds
[2023-06-05 23:35:24,145] {processor.py:153} INFO - Started process (PID=49558) to work on /home/gui/Documentos/airflowalura/venv/lib/python3.9/site-packages/airflow/example_dags/example_external_task_marker_dag.py
[2023-06-05 23:35:24,148] {processor.py:641} INFO - Processing file /home/gui/Documentos/airflowalura/venv/lib/python3.9/site-packages/airflow/example_dags/example_external_task_marker_dag.py for tasks to queue
[2023-06-05 23:35:24,150] {logging_mixin.py:115} INFO - [2023-06-05 23:35:24,150] {dagbag.py:507} INFO - Filling up the DagBag from /home/gui/Documentos/airflowalura/venv/lib/python3.9/site-packages/airflow/example_dags/example_external_task_marker_dag.py
[2023-06-05 23:35:24,161] {processor.py:651} INFO - DAG(s) dict_keys(['example_external_task_marker_parent', 'example_external_task_marker_child']) retrieved from /home/gui/Documentos/airflowalura/venv/lib/python3.9/site-packages/airflow/example_dags/example_external_task_marker_dag.py
[2023-06-05 23:35:24,217] {logging_mixin.py:115} INFO - [2023-06-05 23:35:24,217] {dag.py:2379} INFO - Sync 2 DAGs
[2023-06-05 23:35:24,256] {logging_mixin.py:115} INFO - [2023-06-05 23:35:24,256] {dag.py:2927} INFO - Setting next_dagrun for example_external_task_marker_child to None, run_after=None
[2023-06-05 23:35:24,257] {logging_mixin.py:115} INFO - [2023-06-05 23:35:24,257] {dag.py:2927} INFO - Setting next_dagrun for example_external_task_marker_parent to None, run_after=None
[2023-06-05 23:35:24,287] {processor.py:161} INFO - Processing /home/gui/Documentos/airflowalura/venv/lib/python3.9/site-packages/airflow/example_dags/example_external_task_marker_dag.py took 0.150 seconds
[2023-06-05 23:36:24,323] {processor.py:153} INFO - Started process (PID=49645) to work on /home/gui/Documentos/airflowalura/venv/lib/python3.9/site-packages/airflow/example_dags/example_external_task_marker_dag.py
[2023-06-05 23:36:24,328] {processor.py:641} INFO - Processing file /home/gui/Documentos/airflowalura/venv/lib/python3.9/site-packages/airflow/example_dags/example_external_task_marker_dag.py for tasks to queue
[2023-06-05 23:36:24,329] {logging_mixin.py:115} INFO - [2023-06-05 23:36:24,329] {dagbag.py:507} INFO - Filling up the DagBag from /home/gui/Documentos/airflowalura/venv/lib/python3.9/site-packages/airflow/example_dags/example_external_task_marker_dag.py
[2023-06-05 23:36:24,356] {processor.py:651} INFO - DAG(s) dict_keys(['example_external_task_marker_parent', 'example_external_task_marker_child']) retrieved from /home/gui/Documentos/airflowalura/venv/lib/python3.9/site-packages/airflow/example_dags/example_external_task_marker_dag.py
[2023-06-05 23:36:24,469] {logging_mixin.py:115} INFO - [2023-06-05 23:36:24,469] {dag.py:2379} INFO - Sync 2 DAGs
[2023-06-05 23:36:24,528] {logging_mixin.py:115} INFO - [2023-06-05 23:36:24,528] {dag.py:2927} INFO - Setting next_dagrun for example_external_task_marker_child to None, run_after=None
[2023-06-05 23:36:24,529] {logging_mixin.py:115} INFO - [2023-06-05 23:36:24,528] {dag.py:2927} INFO - Setting next_dagrun for example_external_task_marker_parent to None, run_after=None
[2023-06-05 23:36:24,599] {processor.py:161} INFO - Processing /home/gui/Documentos/airflowalura/venv/lib/python3.9/site-packages/airflow/example_dags/example_external_task_marker_dag.py took 0.299 seconds
[2023-06-05 23:37:10,645] {processor.py:153} INFO - Started process (PID=49751) to work on /home/gui/Documentos/airflowalura/venv/lib/python3.9/site-packages/airflow/example_dags/example_external_task_marker_dag.py
[2023-06-05 23:37:10,652] {processor.py:641} INFO - Processing file /home/gui/Documentos/airflowalura/venv/lib/python3.9/site-packages/airflow/example_dags/example_external_task_marker_dag.py for tasks to queue
[2023-06-05 23:37:10,653] {logging_mixin.py:115} INFO - [2023-06-05 23:37:10,653] {dagbag.py:507} INFO - Filling up the DagBag from /home/gui/Documentos/airflowalura/venv/lib/python3.9/site-packages/airflow/example_dags/example_external_task_marker_dag.py
[2023-06-05 23:37:10,665] {processor.py:651} INFO - DAG(s) dict_keys(['example_external_task_marker_parent', 'example_external_task_marker_child']) retrieved from /home/gui/Documentos/airflowalura/venv/lib/python3.9/site-packages/airflow/example_dags/example_external_task_marker_dag.py
[2023-06-05 23:37:10,738] {logging_mixin.py:115} INFO - [2023-06-05 23:37:10,738] {dag.py:2379} INFO - Sync 2 DAGs
[2023-06-05 23:37:10,781] {logging_mixin.py:115} INFO - [2023-06-05 23:37:10,781] {dag.py:2927} INFO - Setting next_dagrun for example_external_task_marker_child to None, run_after=None
[2023-06-05 23:37:10,782] {logging_mixin.py:115} INFO - [2023-06-05 23:37:10,782] {dag.py:2927} INFO - Setting next_dagrun for example_external_task_marker_parent to None, run_after=None
[2023-06-05 23:37:10,833] {processor.py:161} INFO - Processing /home/gui/Documentos/airflowalura/venv/lib/python3.9/site-packages/airflow/example_dags/example_external_task_marker_dag.py took 0.198 seconds
[2023-06-05 23:37:50,511] {processor.py:153} INFO - Started process (PID=49870) to work on /home/gui/Documentos/airflowalura/venv/lib/python3.9/site-packages/airflow/example_dags/example_external_task_marker_dag.py
[2023-06-05 23:37:50,512] {processor.py:641} INFO - Processing file /home/gui/Documentos/airflowalura/venv/lib/python3.9/site-packages/airflow/example_dags/example_external_task_marker_dag.py for tasks to queue
[2023-06-05 23:37:50,513] {logging_mixin.py:115} INFO - [2023-06-05 23:37:50,513] {dagbag.py:507} INFO - Filling up the DagBag from /home/gui/Documentos/airflowalura/venv/lib/python3.9/site-packages/airflow/example_dags/example_external_task_marker_dag.py
[2023-06-05 23:37:50,522] {processor.py:651} INFO - DAG(s) dict_keys(['example_external_task_marker_parent', 'example_external_task_marker_child']) retrieved from /home/gui/Documentos/airflowalura/venv/lib/python3.9/site-packages/airflow/example_dags/example_external_task_marker_dag.py
[2023-06-05 23:37:50,609] {logging_mixin.py:115} INFO - [2023-06-05 23:37:50,608] {dag.py:2379} INFO - Sync 2 DAGs
[2023-06-05 23:37:50,640] {logging_mixin.py:115} INFO - [2023-06-05 23:37:50,640] {dag.py:2927} INFO - Setting next_dagrun for example_external_task_marker_child to None, run_after=None
[2023-06-05 23:37:50,641] {logging_mixin.py:115} INFO - [2023-06-05 23:37:50,641] {dag.py:2927} INFO - Setting next_dagrun for example_external_task_marker_parent to None, run_after=None
[2023-06-05 23:37:50,663] {processor.py:161} INFO - Processing /home/gui/Documentos/airflowalura/venv/lib/python3.9/site-packages/airflow/example_dags/example_external_task_marker_dag.py took 0.162 seconds
[2023-06-05 23:38:33,810] {processor.py:153} INFO - Started process (PID=49946) to work on /home/gui/Documentos/airflowalura/venv/lib/python3.9/site-packages/airflow/example_dags/example_external_task_marker_dag.py
[2023-06-05 23:38:33,812] {processor.py:641} INFO - Processing file /home/gui/Documentos/airflowalura/venv/lib/python3.9/site-packages/airflow/example_dags/example_external_task_marker_dag.py for tasks to queue
[2023-06-05 23:38:33,813] {logging_mixin.py:115} INFO - [2023-06-05 23:38:33,813] {dagbag.py:507} INFO - Filling up the DagBag from /home/gui/Documentos/airflowalura/venv/lib/python3.9/site-packages/airflow/example_dags/example_external_task_marker_dag.py
[2023-06-05 23:38:33,832] {processor.py:651} INFO - DAG(s) dict_keys(['example_external_task_marker_parent', 'example_external_task_marker_child']) retrieved from /home/gui/Documentos/airflowalura/venv/lib/python3.9/site-packages/airflow/example_dags/example_external_task_marker_dag.py
[2023-06-05 23:38:33,932] {logging_mixin.py:115} INFO - [2023-06-05 23:38:33,932] {dag.py:2379} INFO - Sync 2 DAGs
[2023-06-05 23:38:33,998] {logging_mixin.py:115} INFO - [2023-06-05 23:38:33,997] {dag.py:2927} INFO - Setting next_dagrun for example_external_task_marker_child to None, run_after=None
[2023-06-05 23:38:33,998] {logging_mixin.py:115} INFO - [2023-06-05 23:38:33,998] {dag.py:2927} INFO - Setting next_dagrun for example_external_task_marker_parent to None, run_after=None
[2023-06-05 23:38:34,039] {processor.py:161} INFO - Processing /home/gui/Documentos/airflowalura/venv/lib/python3.9/site-packages/airflow/example_dags/example_external_task_marker_dag.py took 0.249 seconds
[2023-06-05 23:39:15,889] {processor.py:153} INFO - Started process (PID=50013) to work on /home/gui/Documentos/airflowalura/venv/lib/python3.9/site-packages/airflow/example_dags/example_external_task_marker_dag.py
[2023-06-05 23:39:15,895] {processor.py:641} INFO - Processing file /home/gui/Documentos/airflowalura/venv/lib/python3.9/site-packages/airflow/example_dags/example_external_task_marker_dag.py for tasks to queue
[2023-06-05 23:39:15,896] {logging_mixin.py:115} INFO - [2023-06-05 23:39:15,896] {dagbag.py:507} INFO - Filling up the DagBag from /home/gui/Documentos/airflowalura/venv/lib/python3.9/site-packages/airflow/example_dags/example_external_task_marker_dag.py
[2023-06-05 23:39:15,914] {processor.py:651} INFO - DAG(s) dict_keys(['example_external_task_marker_parent', 'example_external_task_marker_child']) retrieved from /home/gui/Documentos/airflowalura/venv/lib/python3.9/site-packages/airflow/example_dags/example_external_task_marker_dag.py
[2023-06-05 23:39:15,991] {logging_mixin.py:115} INFO - [2023-06-05 23:39:15,991] {dag.py:2379} INFO - Sync 2 DAGs
[2023-06-05 23:39:16,031] {logging_mixin.py:115} INFO - [2023-06-05 23:39:16,031] {dag.py:2927} INFO - Setting next_dagrun for example_external_task_marker_child to None, run_after=None
[2023-06-05 23:39:16,032] {logging_mixin.py:115} INFO - [2023-06-05 23:39:16,031] {dag.py:2927} INFO - Setting next_dagrun for example_external_task_marker_parent to None, run_after=None
[2023-06-05 23:39:16,067] {processor.py:161} INFO - Processing /home/gui/Documentos/airflowalura/venv/lib/python3.9/site-packages/airflow/example_dags/example_external_task_marker_dag.py took 0.186 seconds
[2023-06-05 23:40:03,632] {processor.py:153} INFO - Started process (PID=50317) to work on /home/gui/Documentos/airflowalura/venv/lib/python3.9/site-packages/airflow/example_dags/example_external_task_marker_dag.py
[2023-06-05 23:40:03,652] {processor.py:641} INFO - Processing file /home/gui/Documentos/airflowalura/venv/lib/python3.9/site-packages/airflow/example_dags/example_external_task_marker_dag.py for tasks to queue
[2023-06-05 23:40:03,653] {logging_mixin.py:115} INFO - [2023-06-05 23:40:03,653] {dagbag.py:507} INFO - Filling up the DagBag from /home/gui/Documentos/airflowalura/venv/lib/python3.9/site-packages/airflow/example_dags/example_external_task_marker_dag.py
[2023-06-05 23:40:03,671] {processor.py:651} INFO - DAG(s) dict_keys(['example_external_task_marker_parent', 'example_external_task_marker_child']) retrieved from /home/gui/Documentos/airflowalura/venv/lib/python3.9/site-packages/airflow/example_dags/example_external_task_marker_dag.py
[2023-06-05 23:40:03,752] {logging_mixin.py:115} INFO - [2023-06-05 23:40:03,752] {dag.py:2379} INFO - Sync 2 DAGs
[2023-06-05 23:40:03,795] {logging_mixin.py:115} INFO - [2023-06-05 23:40:03,795] {dag.py:2927} INFO - Setting next_dagrun for example_external_task_marker_child to None, run_after=None
[2023-06-05 23:40:03,796] {logging_mixin.py:115} INFO - [2023-06-05 23:40:03,795] {dag.py:2927} INFO - Setting next_dagrun for example_external_task_marker_parent to None, run_after=None
[2023-06-05 23:40:03,886] {processor.py:161} INFO - Processing /home/gui/Documentos/airflowalura/venv/lib/python3.9/site-packages/airflow/example_dags/example_external_task_marker_dag.py took 0.265 seconds
[2023-06-05 23:40:48,744] {processor.py:153} INFO - Started process (PID=50428) to work on /home/gui/Documentos/airflowalura/venv/lib/python3.9/site-packages/airflow/example_dags/example_external_task_marker_dag.py
[2023-06-05 23:40:48,753] {processor.py:641} INFO - Processing file /home/gui/Documentos/airflowalura/venv/lib/python3.9/site-packages/airflow/example_dags/example_external_task_marker_dag.py for tasks to queue
[2023-06-05 23:40:48,754] {logging_mixin.py:115} INFO - [2023-06-05 23:40:48,754] {dagbag.py:507} INFO - Filling up the DagBag from /home/gui/Documentos/airflowalura/venv/lib/python3.9/site-packages/airflow/example_dags/example_external_task_marker_dag.py
[2023-06-05 23:40:48,774] {processor.py:651} INFO - DAG(s) dict_keys(['example_external_task_marker_parent', 'example_external_task_marker_child']) retrieved from /home/gui/Documentos/airflowalura/venv/lib/python3.9/site-packages/airflow/example_dags/example_external_task_marker_dag.py
[2023-06-05 23:40:48,870] {logging_mixin.py:115} INFO - [2023-06-05 23:40:48,870] {dag.py:2379} INFO - Sync 2 DAGs
[2023-06-05 23:40:48,931] {logging_mixin.py:115} INFO - [2023-06-05 23:40:48,931] {dag.py:2927} INFO - Setting next_dagrun for example_external_task_marker_child to None, run_after=None
[2023-06-05 23:40:48,931] {logging_mixin.py:115} INFO - [2023-06-05 23:40:48,931] {dag.py:2927} INFO - Setting next_dagrun for example_external_task_marker_parent to None, run_after=None
[2023-06-05 23:40:48,980] {processor.py:161} INFO - Processing /home/gui/Documentos/airflowalura/venv/lib/python3.9/site-packages/airflow/example_dags/example_external_task_marker_dag.py took 0.255 seconds
[2023-06-05 23:41:33,757] {processor.py:153} INFO - Started process (PID=50738) to work on /home/gui/Documentos/airflowalura/venv/lib/python3.9/site-packages/airflow/example_dags/example_external_task_marker_dag.py
[2023-06-05 23:41:33,763] {processor.py:641} INFO - Processing file /home/gui/Documentos/airflowalura/venv/lib/python3.9/site-packages/airflow/example_dags/example_external_task_marker_dag.py for tasks to queue
[2023-06-05 23:41:33,764] {logging_mixin.py:115} INFO - [2023-06-05 23:41:33,764] {dagbag.py:507} INFO - Filling up the DagBag from /home/gui/Documentos/airflowalura/venv/lib/python3.9/site-packages/airflow/example_dags/example_external_task_marker_dag.py
[2023-06-05 23:41:33,772] {processor.py:651} INFO - DAG(s) dict_keys(['example_external_task_marker_parent', 'example_external_task_marker_child']) retrieved from /home/gui/Documentos/airflowalura/venv/lib/python3.9/site-packages/airflow/example_dags/example_external_task_marker_dag.py
[2023-06-05 23:41:33,818] {logging_mixin.py:115} INFO - [2023-06-05 23:41:33,818] {dag.py:2379} INFO - Sync 2 DAGs
[2023-06-05 23:41:33,851] {logging_mixin.py:115} INFO - [2023-06-05 23:41:33,851] {dag.py:2927} INFO - Setting next_dagrun for example_external_task_marker_child to None, run_after=None
[2023-06-05 23:41:33,852] {logging_mixin.py:115} INFO - [2023-06-05 23:41:33,852] {dag.py:2927} INFO - Setting next_dagrun for example_external_task_marker_parent to None, run_after=None
[2023-06-05 23:41:33,883] {processor.py:161} INFO - Processing /home/gui/Documentos/airflowalura/venv/lib/python3.9/site-packages/airflow/example_dags/example_external_task_marker_dag.py took 0.136 seconds
[2023-06-05 23:42:18,283] {processor.py:153} INFO - Started process (PID=50833) to work on /home/gui/Documentos/airflowalura/venv/lib/python3.9/site-packages/airflow/example_dags/example_external_task_marker_dag.py
[2023-06-05 23:42:18,290] {processor.py:641} INFO - Processing file /home/gui/Documentos/airflowalura/venv/lib/python3.9/site-packages/airflow/example_dags/example_external_task_marker_dag.py for tasks to queue
[2023-06-05 23:42:18,292] {logging_mixin.py:115} INFO - [2023-06-05 23:42:18,291] {dagbag.py:507} INFO - Filling up the DagBag from /home/gui/Documentos/airflowalura/venv/lib/python3.9/site-packages/airflow/example_dags/example_external_task_marker_dag.py
[2023-06-05 23:42:18,319] {processor.py:651} INFO - DAG(s) dict_keys(['example_external_task_marker_parent', 'example_external_task_marker_child']) retrieved from /home/gui/Documentos/airflowalura/venv/lib/python3.9/site-packages/airflow/example_dags/example_external_task_marker_dag.py
[2023-06-05 23:42:18,387] {logging_mixin.py:115} INFO - [2023-06-05 23:42:18,386] {dag.py:2379} INFO - Sync 2 DAGs
[2023-06-05 23:42:18,437] {logging_mixin.py:115} INFO - [2023-06-05 23:42:18,437] {dag.py:2927} INFO - Setting next_dagrun for example_external_task_marker_child to None, run_after=None
[2023-06-05 23:42:18,438] {logging_mixin.py:115} INFO - [2023-06-05 23:42:18,438] {dag.py:2927} INFO - Setting next_dagrun for example_external_task_marker_parent to None, run_after=None
[2023-06-05 23:42:18,545] {processor.py:161} INFO - Processing /home/gui/Documentos/airflowalura/venv/lib/python3.9/site-packages/airflow/example_dags/example_external_task_marker_dag.py took 0.286 seconds
