[2023-06-05 23:05:48,349] {processor.py:153} INFO - Started process (PID=44987) to work on /home/gui/Documentos/airflowalura/venv/lib/python3.9/site-packages/airflow/example_dags/example_branch_operator.py
[2023-06-05 23:05:48,350] {processor.py:641} INFO - Processing file /home/gui/Documentos/airflowalura/venv/lib/python3.9/site-packages/airflow/example_dags/example_branch_operator.py for tasks to queue
[2023-06-05 23:05:48,351] {logging_mixin.py:115} INFO - [2023-06-05 23:05:48,351] {dagbag.py:507} INFO - Filling up the DagBag from /home/gui/Documentos/airflowalura/venv/lib/python3.9/site-packages/airflow/example_dags/example_branch_operator.py
[2023-06-05 23:05:48,368] {processor.py:651} INFO - DAG(s) dict_keys(['example_branch_operator']) retrieved from /home/gui/Documentos/airflowalura/venv/lib/python3.9/site-packages/airflow/example_dags/example_branch_operator.py
[2023-06-05 23:05:48,462] {logging_mixin.py:115} INFO - [2023-06-05 23:05:48,461] {manager.py:508} INFO - Created Permission View: can edit on DAG:example_branch_operator
[2023-06-05 23:05:48,474] {logging_mixin.py:115} INFO - [2023-06-05 23:05:48,474] {manager.py:508} INFO - Created Permission View: can delete on DAG:example_branch_operator
[2023-06-05 23:05:48,485] {logging_mixin.py:115} INFO - [2023-06-05 23:05:48,485] {manager.py:508} INFO - Created Permission View: can read on DAG:example_branch_operator
[2023-06-05 23:05:48,485] {logging_mixin.py:115} INFO - [2023-06-05 23:05:48,485] {dag.py:2379} INFO - Sync 1 DAGs
[2023-06-05 23:05:48,499] {logging_mixin.py:115} INFO - [2023-06-05 23:05:48,499] {dag.py:2398} INFO - Creating ORM DAG for example_branch_operator
[2023-06-05 23:05:48,514] {logging_mixin.py:115} INFO - [2023-06-05 23:05:48,514] {dag.py:2927} INFO - Setting next_dagrun for example_branch_operator to 2023-06-05T00:00:00+00:00, run_after=2023-06-06T00:00:00+00:00
[2023-06-05 23:05:48,536] {processor.py:161} INFO - Processing /home/gui/Documentos/airflowalura/venv/lib/python3.9/site-packages/airflow/example_dags/example_branch_operator.py took 0.193 seconds
[2023-06-05 23:06:24,534] {processor.py:153} INFO - Started process (PID=45024) to work on /home/gui/Documentos/airflowalura/venv/lib/python3.9/site-packages/airflow/example_dags/example_branch_operator.py
[2023-06-05 23:06:24,536] {processor.py:641} INFO - Processing file /home/gui/Documentos/airflowalura/venv/lib/python3.9/site-packages/airflow/example_dags/example_branch_operator.py for tasks to queue
[2023-06-05 23:06:24,537] {logging_mixin.py:115} INFO - [2023-06-05 23:06:24,537] {dagbag.py:507} INFO - Filling up the DagBag from /home/gui/Documentos/airflowalura/venv/lib/python3.9/site-packages/airflow/example_dags/example_branch_operator.py
[2023-06-05 23:06:24,555] {processor.py:651} INFO - DAG(s) dict_keys(['example_branch_operator']) retrieved from /home/gui/Documentos/airflowalura/venv/lib/python3.9/site-packages/airflow/example_dags/example_branch_operator.py
[2023-06-05 23:06:24,583] {logging_mixin.py:115} INFO - [2023-06-05 23:06:24,583] {dag.py:2379} INFO - Sync 1 DAGs
[2023-06-05 23:06:24,613] {logging_mixin.py:115} INFO - [2023-06-05 23:06:24,613] {dag.py:2927} INFO - Setting next_dagrun for example_branch_operator to 2023-06-05T00:00:00+00:00, run_after=2023-06-06T00:00:00+00:00
[2023-06-05 23:06:24,631] {processor.py:161} INFO - Processing /home/gui/Documentos/airflowalura/venv/lib/python3.9/site-packages/airflow/example_dags/example_branch_operator.py took 0.113 seconds
[2023-06-05 23:07:02,565] {processor.py:153} INFO - Started process (PID=45078) to work on /home/gui/Documentos/airflowalura/venv/lib/python3.9/site-packages/airflow/example_dags/example_branch_operator.py
[2023-06-05 23:07:02,566] {processor.py:641} INFO - Processing file /home/gui/Documentos/airflowalura/venv/lib/python3.9/site-packages/airflow/example_dags/example_branch_operator.py for tasks to queue
[2023-06-05 23:07:02,567] {logging_mixin.py:115} INFO - [2023-06-05 23:07:02,567] {dagbag.py:507} INFO - Filling up the DagBag from /home/gui/Documentos/airflowalura/venv/lib/python3.9/site-packages/airflow/example_dags/example_branch_operator.py
[2023-06-05 23:07:02,585] {processor.py:651} INFO - DAG(s) dict_keys(['example_branch_operator']) retrieved from /home/gui/Documentos/airflowalura/venv/lib/python3.9/site-packages/airflow/example_dags/example_branch_operator.py
[2023-06-05 23:07:02,615] {logging_mixin.py:115} INFO - [2023-06-05 23:07:02,615] {dag.py:2379} INFO - Sync 1 DAGs
[2023-06-05 23:07:02,644] {logging_mixin.py:115} INFO - [2023-06-05 23:07:02,644] {dag.py:2927} INFO - Setting next_dagrun for example_branch_operator to 2023-06-05T00:00:00+00:00, run_after=2023-06-06T00:00:00+00:00
[2023-06-05 23:07:02,660] {processor.py:161} INFO - Processing /home/gui/Documentos/airflowalura/venv/lib/python3.9/site-packages/airflow/example_dags/example_branch_operator.py took 0.100 seconds
[2023-06-05 23:07:50,675] {processor.py:153} INFO - Started process (PID=45126) to work on /home/gui/Documentos/airflowalura/venv/lib/python3.9/site-packages/airflow/example_dags/example_branch_operator.py
[2023-06-05 23:07:50,676] {processor.py:641} INFO - Processing file /home/gui/Documentos/airflowalura/venv/lib/python3.9/site-packages/airflow/example_dags/example_branch_operator.py for tasks to queue
[2023-06-05 23:07:50,677] {logging_mixin.py:115} INFO - [2023-06-05 23:07:50,677] {dagbag.py:507} INFO - Filling up the DagBag from /home/gui/Documentos/airflowalura/venv/lib/python3.9/site-packages/airflow/example_dags/example_branch_operator.py
[2023-06-05 23:07:50,696] {processor.py:651} INFO - DAG(s) dict_keys(['example_branch_operator']) retrieved from /home/gui/Documentos/airflowalura/venv/lib/python3.9/site-packages/airflow/example_dags/example_branch_operator.py
[2023-06-05 23:07:50,729] {logging_mixin.py:115} INFO - [2023-06-05 23:07:50,729] {dag.py:2379} INFO - Sync 1 DAGs
[2023-06-05 23:07:50,759] {logging_mixin.py:115} INFO - [2023-06-05 23:07:50,759] {dag.py:2927} INFO - Setting next_dagrun for example_branch_operator to 2023-06-05T00:00:00+00:00, run_after=2023-06-06T00:00:00+00:00
[2023-06-05 23:07:50,792] {processor.py:161} INFO - Processing /home/gui/Documentos/airflowalura/venv/lib/python3.9/site-packages/airflow/example_dags/example_branch_operator.py took 0.122 seconds
[2023-06-05 23:08:31,860] {processor.py:153} INFO - Started process (PID=45162) to work on /home/gui/Documentos/airflowalura/venv/lib/python3.9/site-packages/airflow/example_dags/example_branch_operator.py
[2023-06-05 23:08:31,861] {processor.py:641} INFO - Processing file /home/gui/Documentos/airflowalura/venv/lib/python3.9/site-packages/airflow/example_dags/example_branch_operator.py for tasks to queue
[2023-06-05 23:08:31,862] {logging_mixin.py:115} INFO - [2023-06-05 23:08:31,862] {dagbag.py:507} INFO - Filling up the DagBag from /home/gui/Documentos/airflowalura/venv/lib/python3.9/site-packages/airflow/example_dags/example_branch_operator.py
[2023-06-05 23:08:31,880] {processor.py:651} INFO - DAG(s) dict_keys(['example_branch_operator']) retrieved from /home/gui/Documentos/airflowalura/venv/lib/python3.9/site-packages/airflow/example_dags/example_branch_operator.py
[2023-06-05 23:08:31,909] {logging_mixin.py:115} INFO - [2023-06-05 23:08:31,908] {dag.py:2379} INFO - Sync 1 DAGs
[2023-06-05 23:08:31,938] {logging_mixin.py:115} INFO - [2023-06-05 23:08:31,938] {dag.py:2927} INFO - Setting next_dagrun for example_branch_operator to 2023-06-05T00:00:00+00:00, run_after=2023-06-06T00:00:00+00:00
[2023-06-05 23:08:31,957] {processor.py:161} INFO - Processing /home/gui/Documentos/airflowalura/venv/lib/python3.9/site-packages/airflow/example_dags/example_branch_operator.py took 0.103 seconds
[2023-06-05 23:09:12,776] {processor.py:153} INFO - Started process (PID=45197) to work on /home/gui/Documentos/airflowalura/venv/lib/python3.9/site-packages/airflow/example_dags/example_branch_operator.py
[2023-06-05 23:09:12,778] {processor.py:641} INFO - Processing file /home/gui/Documentos/airflowalura/venv/lib/python3.9/site-packages/airflow/example_dags/example_branch_operator.py for tasks to queue
[2023-06-05 23:09:12,779] {logging_mixin.py:115} INFO - [2023-06-05 23:09:12,779] {dagbag.py:507} INFO - Filling up the DagBag from /home/gui/Documentos/airflowalura/venv/lib/python3.9/site-packages/airflow/example_dags/example_branch_operator.py
[2023-06-05 23:09:12,800] {processor.py:651} INFO - DAG(s) dict_keys(['example_branch_operator']) retrieved from /home/gui/Documentos/airflowalura/venv/lib/python3.9/site-packages/airflow/example_dags/example_branch_operator.py
[2023-06-05 23:09:12,835] {logging_mixin.py:115} INFO - [2023-06-05 23:09:12,834] {dag.py:2379} INFO - Sync 1 DAGs
[2023-06-05 23:09:12,869] {logging_mixin.py:115} INFO - [2023-06-05 23:09:12,869] {dag.py:2927} INFO - Setting next_dagrun for example_branch_operator to 2023-06-05T00:00:00+00:00, run_after=2023-06-06T00:00:00+00:00
[2023-06-05 23:09:12,889] {processor.py:161} INFO - Processing /home/gui/Documentos/airflowalura/venv/lib/python3.9/site-packages/airflow/example_dags/example_branch_operator.py took 0.120 seconds
[2023-06-05 23:09:51,707] {processor.py:153} INFO - Started process (PID=45232) to work on /home/gui/Documentos/airflowalura/venv/lib/python3.9/site-packages/airflow/example_dags/example_branch_operator.py
[2023-06-05 23:09:51,709] {processor.py:641} INFO - Processing file /home/gui/Documentos/airflowalura/venv/lib/python3.9/site-packages/airflow/example_dags/example_branch_operator.py for tasks to queue
[2023-06-05 23:09:51,709] {logging_mixin.py:115} INFO - [2023-06-05 23:09:51,709] {dagbag.py:507} INFO - Filling up the DagBag from /home/gui/Documentos/airflowalura/venv/lib/python3.9/site-packages/airflow/example_dags/example_branch_operator.py
[2023-06-05 23:09:51,732] {processor.py:651} INFO - DAG(s) dict_keys(['example_branch_operator']) retrieved from /home/gui/Documentos/airflowalura/venv/lib/python3.9/site-packages/airflow/example_dags/example_branch_operator.py
[2023-06-05 23:09:51,781] {logging_mixin.py:115} INFO - [2023-06-05 23:09:51,781] {dag.py:2379} INFO - Sync 1 DAGs
[2023-06-05 23:09:51,845] {logging_mixin.py:115} INFO - [2023-06-05 23:09:51,845] {dag.py:2927} INFO - Setting next_dagrun for example_branch_operator to 2023-06-05T00:00:00+00:00, run_after=2023-06-06T00:00:00+00:00
[2023-06-05 23:09:51,878] {processor.py:161} INFO - Processing /home/gui/Documentos/airflowalura/venv/lib/python3.9/site-packages/airflow/example_dags/example_branch_operator.py took 0.189 seconds
[2023-06-05 23:10:39,180] {processor.py:153} INFO - Started process (PID=45271) to work on /home/gui/Documentos/airflowalura/venv/lib/python3.9/site-packages/airflow/example_dags/example_branch_operator.py
[2023-06-05 23:10:39,181] {processor.py:641} INFO - Processing file /home/gui/Documentos/airflowalura/venv/lib/python3.9/site-packages/airflow/example_dags/example_branch_operator.py for tasks to queue
[2023-06-05 23:10:39,183] {logging_mixin.py:115} INFO - [2023-06-05 23:10:39,183] {dagbag.py:507} INFO - Filling up the DagBag from /home/gui/Documentos/airflowalura/venv/lib/python3.9/site-packages/airflow/example_dags/example_branch_operator.py
[2023-06-05 23:10:39,205] {processor.py:651} INFO - DAG(s) dict_keys(['example_branch_operator']) retrieved from /home/gui/Documentos/airflowalura/venv/lib/python3.9/site-packages/airflow/example_dags/example_branch_operator.py
[2023-06-05 23:10:39,234] {logging_mixin.py:115} INFO - [2023-06-05 23:10:39,233] {dag.py:2379} INFO - Sync 1 DAGs
[2023-06-05 23:10:39,264] {logging_mixin.py:115} INFO - [2023-06-05 23:10:39,264] {dag.py:2927} INFO - Setting next_dagrun for example_branch_operator to 2023-06-05T00:00:00+00:00, run_after=2023-06-06T00:00:00+00:00
[2023-06-05 23:10:39,313] {processor.py:161} INFO - Processing /home/gui/Documentos/airflowalura/venv/lib/python3.9/site-packages/airflow/example_dags/example_branch_operator.py took 0.140 seconds
[2023-06-05 23:11:25,815] {processor.py:153} INFO - Started process (PID=45315) to work on /home/gui/Documentos/airflowalura/venv/lib/python3.9/site-packages/airflow/example_dags/example_branch_operator.py
[2023-06-05 23:11:25,816] {processor.py:641} INFO - Processing file /home/gui/Documentos/airflowalura/venv/lib/python3.9/site-packages/airflow/example_dags/example_branch_operator.py for tasks to queue
[2023-06-05 23:11:25,817] {logging_mixin.py:115} INFO - [2023-06-05 23:11:25,817] {dagbag.py:507} INFO - Filling up the DagBag from /home/gui/Documentos/airflowalura/venv/lib/python3.9/site-packages/airflow/example_dags/example_branch_operator.py
[2023-06-05 23:11:25,839] {processor.py:651} INFO - DAG(s) dict_keys(['example_branch_operator']) retrieved from /home/gui/Documentos/airflowalura/venv/lib/python3.9/site-packages/airflow/example_dags/example_branch_operator.py
[2023-06-05 23:11:25,874] {logging_mixin.py:115} INFO - [2023-06-05 23:11:25,873] {dag.py:2379} INFO - Sync 1 DAGs
[2023-06-05 23:11:25,909] {logging_mixin.py:115} INFO - [2023-06-05 23:11:25,908] {dag.py:2927} INFO - Setting next_dagrun for example_branch_operator to 2023-06-05T00:00:00+00:00, run_after=2023-06-06T00:00:00+00:00
[2023-06-05 23:11:26,003] {processor.py:161} INFO - Processing /home/gui/Documentos/airflowalura/venv/lib/python3.9/site-packages/airflow/example_dags/example_branch_operator.py took 0.194 seconds
[2023-06-05 23:12:05,920] {processor.py:153} INFO - Started process (PID=45352) to work on /home/gui/Documentos/airflowalura/venv/lib/python3.9/site-packages/airflow/example_dags/example_branch_operator.py
[2023-06-05 23:12:05,922] {processor.py:641} INFO - Processing file /home/gui/Documentos/airflowalura/venv/lib/python3.9/site-packages/airflow/example_dags/example_branch_operator.py for tasks to queue
[2023-06-05 23:12:05,924] {logging_mixin.py:115} INFO - [2023-06-05 23:12:05,923] {dagbag.py:507} INFO - Filling up the DagBag from /home/gui/Documentos/airflowalura/venv/lib/python3.9/site-packages/airflow/example_dags/example_branch_operator.py
[2023-06-05 23:12:05,946] {processor.py:651} INFO - DAG(s) dict_keys(['example_branch_operator']) retrieved from /home/gui/Documentos/airflowalura/venv/lib/python3.9/site-packages/airflow/example_dags/example_branch_operator.py
[2023-06-05 23:12:05,974] {logging_mixin.py:115} INFO - [2023-06-05 23:12:05,974] {dag.py:2379} INFO - Sync 1 DAGs
[2023-06-05 23:12:06,003] {logging_mixin.py:115} INFO - [2023-06-05 23:12:06,003] {dag.py:2927} INFO - Setting next_dagrun for example_branch_operator to 2023-06-05T00:00:00+00:00, run_after=2023-06-06T00:00:00+00:00
[2023-06-05 23:12:06,021] {processor.py:161} INFO - Processing /home/gui/Documentos/airflowalura/venv/lib/python3.9/site-packages/airflow/example_dags/example_branch_operator.py took 0.108 seconds
[2023-06-05 23:12:54,544] {processor.py:153} INFO - Started process (PID=45395) to work on /home/gui/Documentos/airflowalura/venv/lib/python3.9/site-packages/airflow/example_dags/example_branch_operator.py
[2023-06-05 23:12:54,546] {processor.py:641} INFO - Processing file /home/gui/Documentos/airflowalura/venv/lib/python3.9/site-packages/airflow/example_dags/example_branch_operator.py for tasks to queue
[2023-06-05 23:12:54,547] {logging_mixin.py:115} INFO - [2023-06-05 23:12:54,546] {dagbag.py:507} INFO - Filling up the DagBag from /home/gui/Documentos/airflowalura/venv/lib/python3.9/site-packages/airflow/example_dags/example_branch_operator.py
[2023-06-05 23:12:54,566] {processor.py:651} INFO - DAG(s) dict_keys(['example_branch_operator']) retrieved from /home/gui/Documentos/airflowalura/venv/lib/python3.9/site-packages/airflow/example_dags/example_branch_operator.py
[2023-06-05 23:12:54,601] {logging_mixin.py:115} INFO - [2023-06-05 23:12:54,601] {dag.py:2379} INFO - Sync 1 DAGs
[2023-06-05 23:12:54,630] {logging_mixin.py:115} INFO - [2023-06-05 23:12:54,630] {dag.py:2927} INFO - Setting next_dagrun for example_branch_operator to 2023-06-05T00:00:00+00:00, run_after=2023-06-06T00:00:00+00:00
[2023-06-05 23:12:54,685] {processor.py:161} INFO - Processing /home/gui/Documentos/airflowalura/venv/lib/python3.9/site-packages/airflow/example_dags/example_branch_operator.py took 0.147 seconds
[2023-06-05 23:13:40,388] {processor.py:153} INFO - Started process (PID=45435) to work on /home/gui/Documentos/airflowalura/venv/lib/python3.9/site-packages/airflow/example_dags/example_branch_operator.py
[2023-06-05 23:13:40,389] {processor.py:641} INFO - Processing file /home/gui/Documentos/airflowalura/venv/lib/python3.9/site-packages/airflow/example_dags/example_branch_operator.py for tasks to queue
[2023-06-05 23:13:40,390] {logging_mixin.py:115} INFO - [2023-06-05 23:13:40,390] {dagbag.py:507} INFO - Filling up the DagBag from /home/gui/Documentos/airflowalura/venv/lib/python3.9/site-packages/airflow/example_dags/example_branch_operator.py
[2023-06-05 23:13:40,408] {processor.py:651} INFO - DAG(s) dict_keys(['example_branch_operator']) retrieved from /home/gui/Documentos/airflowalura/venv/lib/python3.9/site-packages/airflow/example_dags/example_branch_operator.py
[2023-06-05 23:13:40,436] {logging_mixin.py:115} INFO - [2023-06-05 23:13:40,436] {dag.py:2379} INFO - Sync 1 DAGs
[2023-06-05 23:13:40,465] {logging_mixin.py:115} INFO - [2023-06-05 23:13:40,464] {dag.py:2927} INFO - Setting next_dagrun for example_branch_operator to 2023-06-05T00:00:00+00:00, run_after=2023-06-06T00:00:00+00:00
[2023-06-05 23:13:40,483] {processor.py:161} INFO - Processing /home/gui/Documentos/airflowalura/venv/lib/python3.9/site-packages/airflow/example_dags/example_branch_operator.py took 0.100 seconds
[2023-06-05 23:14:23,380] {processor.py:153} INFO - Started process (PID=45474) to work on /home/gui/Documentos/airflowalura/venv/lib/python3.9/site-packages/airflow/example_dags/example_branch_operator.py
[2023-06-05 23:14:23,382] {processor.py:641} INFO - Processing file /home/gui/Documentos/airflowalura/venv/lib/python3.9/site-packages/airflow/example_dags/example_branch_operator.py for tasks to queue
[2023-06-05 23:14:23,383] {logging_mixin.py:115} INFO - [2023-06-05 23:14:23,383] {dagbag.py:507} INFO - Filling up the DagBag from /home/gui/Documentos/airflowalura/venv/lib/python3.9/site-packages/airflow/example_dags/example_branch_operator.py
[2023-06-05 23:14:23,403] {processor.py:651} INFO - DAG(s) dict_keys(['example_branch_operator']) retrieved from /home/gui/Documentos/airflowalura/venv/lib/python3.9/site-packages/airflow/example_dags/example_branch_operator.py
[2023-06-05 23:14:23,432] {logging_mixin.py:115} INFO - [2023-06-05 23:14:23,432] {dag.py:2379} INFO - Sync 1 DAGs
[2023-06-05 23:14:23,461] {logging_mixin.py:115} INFO - [2023-06-05 23:14:23,461] {dag.py:2927} INFO - Setting next_dagrun for example_branch_operator to 2023-06-05T00:00:00+00:00, run_after=2023-06-06T00:00:00+00:00
[2023-06-05 23:14:23,649] {processor.py:161} INFO - Processing /home/gui/Documentos/airflowalura/venv/lib/python3.9/site-packages/airflow/example_dags/example_branch_operator.py took 0.277 seconds
[2023-06-05 23:15:11,317] {processor.py:153} INFO - Started process (PID=45516) to work on /home/gui/Documentos/airflowalura/venv/lib/python3.9/site-packages/airflow/example_dags/example_branch_operator.py
[2023-06-05 23:15:11,319] {processor.py:641} INFO - Processing file /home/gui/Documentos/airflowalura/venv/lib/python3.9/site-packages/airflow/example_dags/example_branch_operator.py for tasks to queue
[2023-06-05 23:15:11,320] {logging_mixin.py:115} INFO - [2023-06-05 23:15:11,320] {dagbag.py:507} INFO - Filling up the DagBag from /home/gui/Documentos/airflowalura/venv/lib/python3.9/site-packages/airflow/example_dags/example_branch_operator.py
[2023-06-05 23:15:11,340] {processor.py:651} INFO - DAG(s) dict_keys(['example_branch_operator']) retrieved from /home/gui/Documentos/airflowalura/venv/lib/python3.9/site-packages/airflow/example_dags/example_branch_operator.py
[2023-06-05 23:15:11,381] {logging_mixin.py:115} INFO - [2023-06-05 23:15:11,381] {dag.py:2379} INFO - Sync 1 DAGs
[2023-06-05 23:15:11,418] {logging_mixin.py:115} INFO - [2023-06-05 23:15:11,418] {dag.py:2927} INFO - Setting next_dagrun for example_branch_operator to 2023-06-05T00:00:00+00:00, run_after=2023-06-06T00:00:00+00:00
[2023-06-05 23:15:11,494] {processor.py:161} INFO - Processing /home/gui/Documentos/airflowalura/venv/lib/python3.9/site-packages/airflow/example_dags/example_branch_operator.py took 0.183 seconds
[2023-06-05 23:15:58,517] {processor.py:153} INFO - Started process (PID=45580) to work on /home/gui/Documentos/airflowalura/venv/lib/python3.9/site-packages/airflow/example_dags/example_branch_operator.py
[2023-06-05 23:15:58,518] {processor.py:641} INFO - Processing file /home/gui/Documentos/airflowalura/venv/lib/python3.9/site-packages/airflow/example_dags/example_branch_operator.py for tasks to queue
[2023-06-05 23:15:58,519] {logging_mixin.py:115} INFO - [2023-06-05 23:15:58,519] {dagbag.py:507} INFO - Filling up the DagBag from /home/gui/Documentos/airflowalura/venv/lib/python3.9/site-packages/airflow/example_dags/example_branch_operator.py
[2023-06-05 23:15:58,552] {processor.py:651} INFO - DAG(s) dict_keys(['example_branch_operator']) retrieved from /home/gui/Documentos/airflowalura/venv/lib/python3.9/site-packages/airflow/example_dags/example_branch_operator.py
[2023-06-05 23:15:58,587] {logging_mixin.py:115} INFO - [2023-06-05 23:15:58,587] {dag.py:2379} INFO - Sync 1 DAGs
[2023-06-05 23:15:58,628] {logging_mixin.py:115} INFO - [2023-06-05 23:15:58,628] {dag.py:2927} INFO - Setting next_dagrun for example_branch_operator to 2023-06-05T00:00:00+00:00, run_after=2023-06-06T00:00:00+00:00
[2023-06-05 23:15:58,673] {processor.py:161} INFO - Processing /home/gui/Documentos/airflowalura/venv/lib/python3.9/site-packages/airflow/example_dags/example_branch_operator.py took 0.165 seconds
[2023-06-05 23:16:38,671] {processor.py:153} INFO - Started process (PID=45617) to work on /home/gui/Documentos/airflowalura/venv/lib/python3.9/site-packages/airflow/example_dags/example_branch_operator.py
[2023-06-05 23:16:38,673] {processor.py:641} INFO - Processing file /home/gui/Documentos/airflowalura/venv/lib/python3.9/site-packages/airflow/example_dags/example_branch_operator.py for tasks to queue
[2023-06-05 23:16:38,674] {logging_mixin.py:115} INFO - [2023-06-05 23:16:38,674] {dagbag.py:507} INFO - Filling up the DagBag from /home/gui/Documentos/airflowalura/venv/lib/python3.9/site-packages/airflow/example_dags/example_branch_operator.py
[2023-06-05 23:16:38,697] {processor.py:651} INFO - DAG(s) dict_keys(['example_branch_operator']) retrieved from /home/gui/Documentos/airflowalura/venv/lib/python3.9/site-packages/airflow/example_dags/example_branch_operator.py
[2023-06-05 23:16:38,733] {logging_mixin.py:115} INFO - [2023-06-05 23:16:38,733] {dag.py:2379} INFO - Sync 1 DAGs
[2023-06-05 23:16:38,769] {logging_mixin.py:115} INFO - [2023-06-05 23:16:38,769] {dag.py:2927} INFO - Setting next_dagrun for example_branch_operator to 2023-06-05T00:00:00+00:00, run_after=2023-06-06T00:00:00+00:00
[2023-06-05 23:16:38,830] {processor.py:161} INFO - Processing /home/gui/Documentos/airflowalura/venv/lib/python3.9/site-packages/airflow/example_dags/example_branch_operator.py took 0.166 seconds
[2023-06-05 23:17:20,697] {processor.py:153} INFO - Started process (PID=45657) to work on /home/gui/Documentos/airflowalura/venv/lib/python3.9/site-packages/airflow/example_dags/example_branch_operator.py
[2023-06-05 23:17:20,698] {processor.py:641} INFO - Processing file /home/gui/Documentos/airflowalura/venv/lib/python3.9/site-packages/airflow/example_dags/example_branch_operator.py for tasks to queue
[2023-06-05 23:17:20,699] {logging_mixin.py:115} INFO - [2023-06-05 23:17:20,699] {dagbag.py:507} INFO - Filling up the DagBag from /home/gui/Documentos/airflowalura/venv/lib/python3.9/site-packages/airflow/example_dags/example_branch_operator.py
[2023-06-05 23:17:20,724] {processor.py:651} INFO - DAG(s) dict_keys(['example_branch_operator']) retrieved from /home/gui/Documentos/airflowalura/venv/lib/python3.9/site-packages/airflow/example_dags/example_branch_operator.py
[2023-06-05 23:17:20,762] {logging_mixin.py:115} INFO - [2023-06-05 23:17:20,761] {dag.py:2379} INFO - Sync 1 DAGs
[2023-06-05 23:17:20,800] {logging_mixin.py:115} INFO - [2023-06-05 23:17:20,800] {dag.py:2927} INFO - Setting next_dagrun for example_branch_operator to 2023-06-05T00:00:00+00:00, run_after=2023-06-06T00:00:00+00:00
[2023-06-05 23:17:21,414] {processor.py:161} INFO - Processing /home/gui/Documentos/airflowalura/venv/lib/python3.9/site-packages/airflow/example_dags/example_branch_operator.py took 0.724 seconds
[2023-06-05 23:18:12,692] {processor.py:153} INFO - Started process (PID=45699) to work on /home/gui/Documentos/airflowalura/venv/lib/python3.9/site-packages/airflow/example_dags/example_branch_operator.py
[2023-06-05 23:18:12,694] {processor.py:641} INFO - Processing file /home/gui/Documentos/airflowalura/venv/lib/python3.9/site-packages/airflow/example_dags/example_branch_operator.py for tasks to queue
[2023-06-05 23:18:12,695] {logging_mixin.py:115} INFO - [2023-06-05 23:18:12,695] {dagbag.py:507} INFO - Filling up the DagBag from /home/gui/Documentos/airflowalura/venv/lib/python3.9/site-packages/airflow/example_dags/example_branch_operator.py
[2023-06-05 23:18:12,718] {processor.py:651} INFO - DAG(s) dict_keys(['example_branch_operator']) retrieved from /home/gui/Documentos/airflowalura/venv/lib/python3.9/site-packages/airflow/example_dags/example_branch_operator.py
[2023-06-05 23:18:12,752] {logging_mixin.py:115} INFO - [2023-06-05 23:18:12,752] {dag.py:2379} INFO - Sync 1 DAGs
[2023-06-05 23:18:12,783] {logging_mixin.py:115} INFO - [2023-06-05 23:18:12,783] {dag.py:2927} INFO - Setting next_dagrun for example_branch_operator to 2023-06-05T00:00:00+00:00, run_after=2023-06-06T00:00:00+00:00
[2023-06-05 23:18:13,135] {processor.py:161} INFO - Processing /home/gui/Documentos/airflowalura/venv/lib/python3.9/site-packages/airflow/example_dags/example_branch_operator.py took 0.449 seconds
[2023-06-05 23:18:55,102] {processor.py:153} INFO - Started process (PID=45738) to work on /home/gui/Documentos/airflowalura/venv/lib/python3.9/site-packages/airflow/example_dags/example_branch_operator.py
[2023-06-05 23:18:55,104] {processor.py:641} INFO - Processing file /home/gui/Documentos/airflowalura/venv/lib/python3.9/site-packages/airflow/example_dags/example_branch_operator.py for tasks to queue
[2023-06-05 23:18:55,105] {logging_mixin.py:115} INFO - [2023-06-05 23:18:55,104] {dagbag.py:507} INFO - Filling up the DagBag from /home/gui/Documentos/airflowalura/venv/lib/python3.9/site-packages/airflow/example_dags/example_branch_operator.py
[2023-06-05 23:18:55,129] {processor.py:651} INFO - DAG(s) dict_keys(['example_branch_operator']) retrieved from /home/gui/Documentos/airflowalura/venv/lib/python3.9/site-packages/airflow/example_dags/example_branch_operator.py
[2023-06-05 23:18:55,170] {logging_mixin.py:115} INFO - [2023-06-05 23:18:55,169] {dag.py:2379} INFO - Sync 1 DAGs
[2023-06-05 23:18:55,208] {logging_mixin.py:115} INFO - [2023-06-05 23:18:55,208] {dag.py:2927} INFO - Setting next_dagrun for example_branch_operator to 2023-06-05T00:00:00+00:00, run_after=2023-06-06T00:00:00+00:00
[2023-06-05 23:18:55,230] {processor.py:161} INFO - Processing /home/gui/Documentos/airflowalura/venv/lib/python3.9/site-packages/airflow/example_dags/example_branch_operator.py took 0.135 seconds
[2023-06-05 23:19:36,940] {processor.py:153} INFO - Started process (PID=45773) to work on /home/gui/Documentos/airflowalura/venv/lib/python3.9/site-packages/airflow/example_dags/example_branch_operator.py
[2023-06-05 23:19:36,942] {processor.py:641} INFO - Processing file /home/gui/Documentos/airflowalura/venv/lib/python3.9/site-packages/airflow/example_dags/example_branch_operator.py for tasks to queue
[2023-06-05 23:19:36,943] {logging_mixin.py:115} INFO - [2023-06-05 23:19:36,943] {dagbag.py:507} INFO - Filling up the DagBag from /home/gui/Documentos/airflowalura/venv/lib/python3.9/site-packages/airflow/example_dags/example_branch_operator.py
[2023-06-05 23:19:36,966] {processor.py:651} INFO - DAG(s) dict_keys(['example_branch_operator']) retrieved from /home/gui/Documentos/airflowalura/venv/lib/python3.9/site-packages/airflow/example_dags/example_branch_operator.py
[2023-06-05 23:19:37,002] {logging_mixin.py:115} INFO - [2023-06-05 23:19:37,002] {dag.py:2379} INFO - Sync 1 DAGs
[2023-06-05 23:19:37,043] {logging_mixin.py:115} INFO - [2023-06-05 23:19:37,043] {dag.py:2927} INFO - Setting next_dagrun for example_branch_operator to 2023-06-05T00:00:00+00:00, run_after=2023-06-06T00:00:00+00:00
[2023-06-05 23:19:37,066] {processor.py:161} INFO - Processing /home/gui/Documentos/airflowalura/venv/lib/python3.9/site-packages/airflow/example_dags/example_branch_operator.py took 0.133 seconds
[2023-06-05 23:20:19,983] {processor.py:153} INFO - Started process (PID=45825) to work on /home/gui/Documentos/airflowalura/venv/lib/python3.9/site-packages/airflow/example_dags/example_branch_operator.py
[2023-06-05 23:20:19,984] {processor.py:641} INFO - Processing file /home/gui/Documentos/airflowalura/venv/lib/python3.9/site-packages/airflow/example_dags/example_branch_operator.py for tasks to queue
[2023-06-05 23:20:19,985] {logging_mixin.py:115} INFO - [2023-06-05 23:20:19,985] {dagbag.py:507} INFO - Filling up the DagBag from /home/gui/Documentos/airflowalura/venv/lib/python3.9/site-packages/airflow/example_dags/example_branch_operator.py
[2023-06-05 23:20:20,008] {processor.py:651} INFO - DAG(s) dict_keys(['example_branch_operator']) retrieved from /home/gui/Documentos/airflowalura/venv/lib/python3.9/site-packages/airflow/example_dags/example_branch_operator.py
[2023-06-05 23:20:20,041] {logging_mixin.py:115} INFO - [2023-06-05 23:20:20,041] {dag.py:2379} INFO - Sync 1 DAGs
[2023-06-05 23:20:20,078] {logging_mixin.py:115} INFO - [2023-06-05 23:20:20,078] {dag.py:2927} INFO - Setting next_dagrun for example_branch_operator to 2023-06-05T00:00:00+00:00, run_after=2023-06-06T00:00:00+00:00
[2023-06-05 23:20:20,305] {processor.py:161} INFO - Processing /home/gui/Documentos/airflowalura/venv/lib/python3.9/site-packages/airflow/example_dags/example_branch_operator.py took 0.328 seconds
[2023-06-05 23:21:04,247] {processor.py:153} INFO - Started process (PID=45875) to work on /home/gui/Documentos/airflowalura/venv/lib/python3.9/site-packages/airflow/example_dags/example_branch_operator.py
[2023-06-05 23:21:04,249] {processor.py:641} INFO - Processing file /home/gui/Documentos/airflowalura/venv/lib/python3.9/site-packages/airflow/example_dags/example_branch_operator.py for tasks to queue
[2023-06-05 23:21:04,251] {logging_mixin.py:115} INFO - [2023-06-05 23:21:04,251] {dagbag.py:507} INFO - Filling up the DagBag from /home/gui/Documentos/airflowalura/venv/lib/python3.9/site-packages/airflow/example_dags/example_branch_operator.py
[2023-06-05 23:21:04,273] {processor.py:651} INFO - DAG(s) dict_keys(['example_branch_operator']) retrieved from /home/gui/Documentos/airflowalura/venv/lib/python3.9/site-packages/airflow/example_dags/example_branch_operator.py
[2023-06-05 23:21:04,312] {logging_mixin.py:115} INFO - [2023-06-05 23:21:04,312] {dag.py:2379} INFO - Sync 1 DAGs
[2023-06-05 23:21:04,350] {logging_mixin.py:115} INFO - [2023-06-05 23:21:04,350] {dag.py:2927} INFO - Setting next_dagrun for example_branch_operator to 2023-06-05T00:00:00+00:00, run_after=2023-06-06T00:00:00+00:00
[2023-06-05 23:21:04,372] {processor.py:161} INFO - Processing /home/gui/Documentos/airflowalura/venv/lib/python3.9/site-packages/airflow/example_dags/example_branch_operator.py took 0.133 seconds
[2023-06-05 23:21:42,952] {processor.py:153} INFO - Started process (PID=45919) to work on /home/gui/Documentos/airflowalura/venv/lib/python3.9/site-packages/airflow/example_dags/example_branch_operator.py
[2023-06-05 23:21:42,963] {processor.py:641} INFO - Processing file /home/gui/Documentos/airflowalura/venv/lib/python3.9/site-packages/airflow/example_dags/example_branch_operator.py for tasks to queue
[2023-06-05 23:21:42,965] {logging_mixin.py:115} INFO - [2023-06-05 23:21:42,965] {dagbag.py:507} INFO - Filling up the DagBag from /home/gui/Documentos/airflowalura/venv/lib/python3.9/site-packages/airflow/example_dags/example_branch_operator.py
[2023-06-05 23:21:42,994] {processor.py:651} INFO - DAG(s) dict_keys(['example_branch_operator']) retrieved from /home/gui/Documentos/airflowalura/venv/lib/python3.9/site-packages/airflow/example_dags/example_branch_operator.py
[2023-06-05 23:21:43,036] {logging_mixin.py:115} INFO - [2023-06-05 23:21:43,036] {dag.py:2379} INFO - Sync 1 DAGs
[2023-06-05 23:21:43,086] {logging_mixin.py:115} INFO - [2023-06-05 23:21:43,086] {dag.py:2927} INFO - Setting next_dagrun for example_branch_operator to 2023-06-05T00:00:00+00:00, run_after=2023-06-06T00:00:00+00:00
[2023-06-05 23:21:43,110] {processor.py:161} INFO - Processing /home/gui/Documentos/airflowalura/venv/lib/python3.9/site-packages/airflow/example_dags/example_branch_operator.py took 0.171 seconds
[2023-06-05 23:22:25,064] {processor.py:153} INFO - Started process (PID=45967) to work on /home/gui/Documentos/airflowalura/venv/lib/python3.9/site-packages/airflow/example_dags/example_branch_operator.py
[2023-06-05 23:22:25,065] {processor.py:641} INFO - Processing file /home/gui/Documentos/airflowalura/venv/lib/python3.9/site-packages/airflow/example_dags/example_branch_operator.py for tasks to queue
[2023-06-05 23:22:25,066] {logging_mixin.py:115} INFO - [2023-06-05 23:22:25,066] {dagbag.py:507} INFO - Filling up the DagBag from /home/gui/Documentos/airflowalura/venv/lib/python3.9/site-packages/airflow/example_dags/example_branch_operator.py
[2023-06-05 23:22:25,089] {processor.py:651} INFO - DAG(s) dict_keys(['example_branch_operator']) retrieved from /home/gui/Documentos/airflowalura/venv/lib/python3.9/site-packages/airflow/example_dags/example_branch_operator.py
[2023-06-05 23:22:25,127] {logging_mixin.py:115} INFO - [2023-06-05 23:22:25,127] {dag.py:2379} INFO - Sync 1 DAGs
[2023-06-05 23:22:25,166] {logging_mixin.py:115} INFO - [2023-06-05 23:22:25,166] {dag.py:2927} INFO - Setting next_dagrun for example_branch_operator to 2023-06-05T00:00:00+00:00, run_after=2023-06-06T00:00:00+00:00
[2023-06-05 23:22:25,695] {processor.py:161} INFO - Processing /home/gui/Documentos/airflowalura/venv/lib/python3.9/site-packages/airflow/example_dags/example_branch_operator.py took 0.639 seconds
[2023-06-05 23:23:19,517] {processor.py:153} INFO - Started process (PID=46029) to work on /home/gui/Documentos/airflowalura/venv/lib/python3.9/site-packages/airflow/example_dags/example_branch_operator.py
[2023-06-05 23:23:19,519] {processor.py:641} INFO - Processing file /home/gui/Documentos/airflowalura/venv/lib/python3.9/site-packages/airflow/example_dags/example_branch_operator.py for tasks to queue
[2023-06-05 23:23:19,520] {logging_mixin.py:115} INFO - [2023-06-05 23:23:19,520] {dagbag.py:507} INFO - Filling up the DagBag from /home/gui/Documentos/airflowalura/venv/lib/python3.9/site-packages/airflow/example_dags/example_branch_operator.py
[2023-06-05 23:23:19,539] {processor.py:651} INFO - DAG(s) dict_keys(['example_branch_operator']) retrieved from /home/gui/Documentos/airflowalura/venv/lib/python3.9/site-packages/airflow/example_dags/example_branch_operator.py
[2023-06-05 23:23:19,572] {logging_mixin.py:115} INFO - [2023-06-05 23:23:19,572] {dag.py:2379} INFO - Sync 1 DAGs
[2023-06-05 23:23:19,609] {logging_mixin.py:115} INFO - [2023-06-05 23:23:19,608] {dag.py:2927} INFO - Setting next_dagrun for example_branch_operator to 2023-06-05T00:00:00+00:00, run_after=2023-06-06T00:00:00+00:00
[2023-06-05 23:23:19,801] {processor.py:161} INFO - Processing /home/gui/Documentos/airflowalura/venv/lib/python3.9/site-packages/airflow/example_dags/example_branch_operator.py took 0.293 seconds
[2023-06-05 23:24:07,914] {processor.py:153} INFO - Started process (PID=46083) to work on /home/gui/Documentos/airflowalura/venv/lib/python3.9/site-packages/airflow/example_dags/example_branch_operator.py
[2023-06-05 23:24:07,915] {processor.py:641} INFO - Processing file /home/gui/Documentos/airflowalura/venv/lib/python3.9/site-packages/airflow/example_dags/example_branch_operator.py for tasks to queue
[2023-06-05 23:24:07,916] {logging_mixin.py:115} INFO - [2023-06-05 23:24:07,915] {dagbag.py:507} INFO - Filling up the DagBag from /home/gui/Documentos/airflowalura/venv/lib/python3.9/site-packages/airflow/example_dags/example_branch_operator.py
[2023-06-05 23:24:07,934] {processor.py:651} INFO - DAG(s) dict_keys(['example_branch_operator']) retrieved from /home/gui/Documentos/airflowalura/venv/lib/python3.9/site-packages/airflow/example_dags/example_branch_operator.py
[2023-06-05 23:24:07,964] {logging_mixin.py:115} INFO - [2023-06-05 23:24:07,964] {dag.py:2379} INFO - Sync 1 DAGs
[2023-06-05 23:24:07,996] {logging_mixin.py:115} INFO - [2023-06-05 23:24:07,996] {dag.py:2927} INFO - Setting next_dagrun for example_branch_operator to 2023-06-05T00:00:00+00:00, run_after=2023-06-06T00:00:00+00:00
[2023-06-05 23:24:08,031] {processor.py:161} INFO - Processing /home/gui/Documentos/airflowalura/venv/lib/python3.9/site-packages/airflow/example_dags/example_branch_operator.py took 0.123 seconds
[2023-06-05 23:24:52,067] {processor.py:153} INFO - Started process (PID=46128) to work on /home/gui/Documentos/airflowalura/venv/lib/python3.9/site-packages/airflow/example_dags/example_branch_operator.py
[2023-06-05 23:24:52,069] {processor.py:641} INFO - Processing file /home/gui/Documentos/airflowalura/venv/lib/python3.9/site-packages/airflow/example_dags/example_branch_operator.py for tasks to queue
[2023-06-05 23:24:52,070] {logging_mixin.py:115} INFO - [2023-06-05 23:24:52,069] {dagbag.py:507} INFO - Filling up the DagBag from /home/gui/Documentos/airflowalura/venv/lib/python3.9/site-packages/airflow/example_dags/example_branch_operator.py
[2023-06-05 23:24:52,091] {processor.py:651} INFO - DAG(s) dict_keys(['example_branch_operator']) retrieved from /home/gui/Documentos/airflowalura/venv/lib/python3.9/site-packages/airflow/example_dags/example_branch_operator.py
[2023-06-05 23:24:52,125] {logging_mixin.py:115} INFO - [2023-06-05 23:24:52,125] {dag.py:2379} INFO - Sync 1 DAGs
[2023-06-05 23:24:52,163] {logging_mixin.py:115} INFO - [2023-06-05 23:24:52,163] {dag.py:2927} INFO - Setting next_dagrun for example_branch_operator to 2023-06-05T00:00:00+00:00, run_after=2023-06-06T00:00:00+00:00
[2023-06-05 23:24:52,209] {processor.py:161} INFO - Processing /home/gui/Documentos/airflowalura/venv/lib/python3.9/site-packages/airflow/example_dags/example_branch_operator.py took 0.148 seconds
[2023-06-05 23:25:31,653] {processor.py:153} INFO - Started process (PID=46171) to work on /home/gui/Documentos/airflowalura/venv/lib/python3.9/site-packages/airflow/example_dags/example_branch_operator.py
[2023-06-05 23:25:31,655] {processor.py:641} INFO - Processing file /home/gui/Documentos/airflowalura/venv/lib/python3.9/site-packages/airflow/example_dags/example_branch_operator.py for tasks to queue
[2023-06-05 23:25:31,656] {logging_mixin.py:115} INFO - [2023-06-05 23:25:31,655] {dagbag.py:507} INFO - Filling up the DagBag from /home/gui/Documentos/airflowalura/venv/lib/python3.9/site-packages/airflow/example_dags/example_branch_operator.py
[2023-06-05 23:25:31,680] {processor.py:651} INFO - DAG(s) dict_keys(['example_branch_operator']) retrieved from /home/gui/Documentos/airflowalura/venv/lib/python3.9/site-packages/airflow/example_dags/example_branch_operator.py
[2023-06-05 23:25:31,715] {logging_mixin.py:115} INFO - [2023-06-05 23:25:31,714] {dag.py:2379} INFO - Sync 1 DAGs
[2023-06-05 23:25:31,750] {logging_mixin.py:115} INFO - [2023-06-05 23:25:31,749] {dag.py:2927} INFO - Setting next_dagrun for example_branch_operator to 2023-06-05T00:00:00+00:00, run_after=2023-06-06T00:00:00+00:00
[2023-06-05 23:25:31,773] {processor.py:161} INFO - Processing /home/gui/Documentos/airflowalura/venv/lib/python3.9/site-packages/airflow/example_dags/example_branch_operator.py took 0.126 seconds
[2023-06-05 23:26:22,958] {processor.py:153} INFO - Started process (PID=46264) to work on /home/gui/Documentos/airflowalura/venv/lib/python3.9/site-packages/airflow/example_dags/example_branch_operator.py
[2023-06-05 23:26:22,972] {processor.py:641} INFO - Processing file /home/gui/Documentos/airflowalura/venv/lib/python3.9/site-packages/airflow/example_dags/example_branch_operator.py for tasks to queue
[2023-06-05 23:26:22,980] {logging_mixin.py:115} INFO - [2023-06-05 23:26:22,979] {dagbag.py:507} INFO - Filling up the DagBag from /home/gui/Documentos/airflowalura/venv/lib/python3.9/site-packages/airflow/example_dags/example_branch_operator.py
[2023-06-05 23:26:23,013] {processor.py:651} INFO - DAG(s) dict_keys(['example_branch_operator']) retrieved from /home/gui/Documentos/airflowalura/venv/lib/python3.9/site-packages/airflow/example_dags/example_branch_operator.py
[2023-06-05 23:26:23,048] {logging_mixin.py:115} INFO - [2023-06-05 23:26:23,047] {dag.py:2379} INFO - Sync 1 DAGs
[2023-06-05 23:26:23,087] {logging_mixin.py:115} INFO - [2023-06-05 23:26:23,087] {dag.py:2927} INFO - Setting next_dagrun for example_branch_operator to 2023-06-05T00:00:00+00:00, run_after=2023-06-06T00:00:00+00:00
[2023-06-05 23:26:23,107] {processor.py:161} INFO - Processing /home/gui/Documentos/airflowalura/venv/lib/python3.9/site-packages/airflow/example_dags/example_branch_operator.py took 0.161 seconds
[2023-06-05 23:31:41,387] {processor.py:153} INFO - Started process (PID=46855) to work on /home/gui/Documentos/airflowalura/venv/lib/python3.9/site-packages/airflow/example_dags/example_branch_operator.py
[2023-06-05 23:31:41,400] {processor.py:641} INFO - Processing file /home/gui/Documentos/airflowalura/venv/lib/python3.9/site-packages/airflow/example_dags/example_branch_operator.py for tasks to queue
[2023-06-05 23:31:41,401] {logging_mixin.py:115} INFO - [2023-06-05 23:31:41,401] {dagbag.py:507} INFO - Filling up the DagBag from /home/gui/Documentos/airflowalura/venv/lib/python3.9/site-packages/airflow/example_dags/example_branch_operator.py
[2023-06-05 23:31:41,436] {processor.py:651} INFO - DAG(s) dict_keys(['example_branch_operator']) retrieved from /home/gui/Documentos/airflowalura/venv/lib/python3.9/site-packages/airflow/example_dags/example_branch_operator.py
[2023-06-05 23:31:41,484] {logging_mixin.py:115} INFO - [2023-06-05 23:31:41,484] {dag.py:2379} INFO - Sync 1 DAGs
[2023-06-05 23:31:41,537] {logging_mixin.py:115} INFO - [2023-06-05 23:31:41,537] {dag.py:2927} INFO - Setting next_dagrun for example_branch_operator to 2023-06-05T00:00:00+00:00, run_after=2023-06-06T00:00:00+00:00
[2023-06-05 23:31:41,876] {processor.py:161} INFO - Processing /home/gui/Documentos/airflowalura/venv/lib/python3.9/site-packages/airflow/example_dags/example_branch_operator.py took 0.495 seconds
[2023-06-05 23:32:45,005] {processor.py:153} INFO - Started process (PID=47733) to work on /home/gui/Documentos/airflowalura/venv/lib/python3.9/site-packages/airflow/example_dags/example_branch_operator.py
[2023-06-05 23:32:45,031] {processor.py:641} INFO - Processing file /home/gui/Documentos/airflowalura/venv/lib/python3.9/site-packages/airflow/example_dags/example_branch_operator.py for tasks to queue
[2023-06-05 23:32:45,032] {logging_mixin.py:115} INFO - [2023-06-05 23:32:45,032] {dagbag.py:507} INFO - Filling up the DagBag from /home/gui/Documentos/airflowalura/venv/lib/python3.9/site-packages/airflow/example_dags/example_branch_operator.py
[2023-06-05 23:32:45,080] {processor.py:651} INFO - DAG(s) dict_keys(['example_branch_operator']) retrieved from /home/gui/Documentos/airflowalura/venv/lib/python3.9/site-packages/airflow/example_dags/example_branch_operator.py
[2023-06-05 23:32:45,127] {logging_mixin.py:115} INFO - [2023-06-05 23:32:45,127] {dag.py:2379} INFO - Sync 1 DAGs
[2023-06-05 23:32:45,184] {logging_mixin.py:115} INFO - [2023-06-05 23:32:45,184] {dag.py:2927} INFO - Setting next_dagrun for example_branch_operator to 2023-06-05T00:00:00+00:00, run_after=2023-06-06T00:00:00+00:00
[2023-06-05 23:32:45,233] {processor.py:161} INFO - Processing /home/gui/Documentos/airflowalura/venv/lib/python3.9/site-packages/airflow/example_dags/example_branch_operator.py took 0.242 seconds
[2023-06-05 23:33:29,359] {processor.py:153} INFO - Started process (PID=48397) to work on /home/gui/Documentos/airflowalura/venv/lib/python3.9/site-packages/airflow/example_dags/example_branch_operator.py
[2023-06-05 23:33:29,371] {processor.py:641} INFO - Processing file /home/gui/Documentos/airflowalura/venv/lib/python3.9/site-packages/airflow/example_dags/example_branch_operator.py for tasks to queue
[2023-06-05 23:33:29,372] {logging_mixin.py:115} INFO - [2023-06-05 23:33:29,372] {dagbag.py:507} INFO - Filling up the DagBag from /home/gui/Documentos/airflowalura/venv/lib/python3.9/site-packages/airflow/example_dags/example_branch_operator.py
[2023-06-05 23:33:29,410] {processor.py:651} INFO - DAG(s) dict_keys(['example_branch_operator']) retrieved from /home/gui/Documentos/airflowalura/venv/lib/python3.9/site-packages/airflow/example_dags/example_branch_operator.py
[2023-06-05 23:33:29,490] {logging_mixin.py:115} INFO - [2023-06-05 23:33:29,490] {dag.py:2379} INFO - Sync 1 DAGs
[2023-06-05 23:33:29,540] {logging_mixin.py:115} INFO - [2023-06-05 23:33:29,540] {dag.py:2927} INFO - Setting next_dagrun for example_branch_operator to 2023-06-05T00:00:00+00:00, run_after=2023-06-06T00:00:00+00:00
[2023-06-05 23:33:29,599] {processor.py:161} INFO - Processing /home/gui/Documentos/airflowalura/venv/lib/python3.9/site-packages/airflow/example_dags/example_branch_operator.py took 0.254 seconds
[2023-06-05 23:34:19,325] {processor.py:153} INFO - Started process (PID=49171) to work on /home/gui/Documentos/airflowalura/venv/lib/python3.9/site-packages/airflow/example_dags/example_branch_operator.py
[2023-06-05 23:34:19,331] {processor.py:641} INFO - Processing file /home/gui/Documentos/airflowalura/venv/lib/python3.9/site-packages/airflow/example_dags/example_branch_operator.py for tasks to queue
[2023-06-05 23:34:19,332] {logging_mixin.py:115} INFO - [2023-06-05 23:34:19,332] {dagbag.py:507} INFO - Filling up the DagBag from /home/gui/Documentos/airflowalura/venv/lib/python3.9/site-packages/airflow/example_dags/example_branch_operator.py
[2023-06-05 23:34:19,376] {processor.py:651} INFO - DAG(s) dict_keys(['example_branch_operator']) retrieved from /home/gui/Documentos/airflowalura/venv/lib/python3.9/site-packages/airflow/example_dags/example_branch_operator.py
[2023-06-05 23:34:19,440] {logging_mixin.py:115} INFO - [2023-06-05 23:34:19,440] {dag.py:2379} INFO - Sync 1 DAGs
[2023-06-05 23:34:19,494] {logging_mixin.py:115} INFO - [2023-06-05 23:34:19,494] {dag.py:2927} INFO - Setting next_dagrun for example_branch_operator to 2023-06-05T00:00:00+00:00, run_after=2023-06-06T00:00:00+00:00
[2023-06-05 23:34:19,541] {processor.py:161} INFO - Processing /home/gui/Documentos/airflowalura/venv/lib/python3.9/site-packages/airflow/example_dags/example_branch_operator.py took 0.224 seconds
[2023-06-05 23:35:11,869] {processor.py:153} INFO - Started process (PID=49538) to work on /home/gui/Documentos/airflowalura/venv/lib/python3.9/site-packages/airflow/example_dags/example_branch_operator.py
[2023-06-05 23:35:11,898] {processor.py:641} INFO - Processing file /home/gui/Documentos/airflowalura/venv/lib/python3.9/site-packages/airflow/example_dags/example_branch_operator.py for tasks to queue
[2023-06-05 23:35:11,899] {logging_mixin.py:115} INFO - [2023-06-05 23:35:11,899] {dagbag.py:507} INFO - Filling up the DagBag from /home/gui/Documentos/airflowalura/venv/lib/python3.9/site-packages/airflow/example_dags/example_branch_operator.py
[2023-06-05 23:35:11,930] {processor.py:651} INFO - DAG(s) dict_keys(['example_branch_operator']) retrieved from /home/gui/Documentos/airflowalura/venv/lib/python3.9/site-packages/airflow/example_dags/example_branch_operator.py
[2023-06-05 23:35:12,020] {logging_mixin.py:115} INFO - [2023-06-05 23:35:12,019] {dag.py:2379} INFO - Sync 1 DAGs
[2023-06-05 23:35:12,070] {logging_mixin.py:115} INFO - [2023-06-05 23:35:12,070] {dag.py:2927} INFO - Setting next_dagrun for example_branch_operator to 2023-06-05T00:00:00+00:00, run_after=2023-06-06T00:00:00+00:00
[2023-06-05 23:35:12,103] {processor.py:161} INFO - Processing /home/gui/Documentos/airflowalura/venv/lib/python3.9/site-packages/airflow/example_dags/example_branch_operator.py took 0.247 seconds
[2023-06-05 23:36:09,289] {processor.py:153} INFO - Started process (PID=49621) to work on /home/gui/Documentos/airflowalura/venv/lib/python3.9/site-packages/airflow/example_dags/example_branch_operator.py
[2023-06-05 23:36:09,290] {processor.py:641} INFO - Processing file /home/gui/Documentos/airflowalura/venv/lib/python3.9/site-packages/airflow/example_dags/example_branch_operator.py for tasks to queue
[2023-06-05 23:36:09,291] {logging_mixin.py:115} INFO - [2023-06-05 23:36:09,291] {dagbag.py:507} INFO - Filling up the DagBag from /home/gui/Documentos/airflowalura/venv/lib/python3.9/site-packages/airflow/example_dags/example_branch_operator.py
[2023-06-05 23:36:09,313] {processor.py:651} INFO - DAG(s) dict_keys(['example_branch_operator']) retrieved from /home/gui/Documentos/airflowalura/venv/lib/python3.9/site-packages/airflow/example_dags/example_branch_operator.py
[2023-06-05 23:36:09,379] {logging_mixin.py:115} INFO - [2023-06-05 23:36:09,379] {dag.py:2379} INFO - Sync 1 DAGs
[2023-06-05 23:36:09,421] {logging_mixin.py:115} INFO - [2023-06-05 23:36:09,421] {dag.py:2927} INFO - Setting next_dagrun for example_branch_operator to 2023-06-05T00:00:00+00:00, run_after=2023-06-06T00:00:00+00:00
[2023-06-05 23:36:09,447] {processor.py:161} INFO - Processing /home/gui/Documentos/airflowalura/venv/lib/python3.9/site-packages/airflow/example_dags/example_branch_operator.py took 0.165 seconds
[2023-06-05 23:37:00,228] {processor.py:153} INFO - Started process (PID=49738) to work on /home/gui/Documentos/airflowalura/venv/lib/python3.9/site-packages/airflow/example_dags/example_branch_operator.py
[2023-06-05 23:37:00,230] {processor.py:641} INFO - Processing file /home/gui/Documentos/airflowalura/venv/lib/python3.9/site-packages/airflow/example_dags/example_branch_operator.py for tasks to queue
[2023-06-05 23:37:00,231] {logging_mixin.py:115} INFO - [2023-06-05 23:37:00,231] {dagbag.py:507} INFO - Filling up the DagBag from /home/gui/Documentos/airflowalura/venv/lib/python3.9/site-packages/airflow/example_dags/example_branch_operator.py
[2023-06-05 23:37:00,264] {processor.py:651} INFO - DAG(s) dict_keys(['example_branch_operator']) retrieved from /home/gui/Documentos/airflowalura/venv/lib/python3.9/site-packages/airflow/example_dags/example_branch_operator.py
[2023-06-05 23:37:00,319] {logging_mixin.py:115} INFO - [2023-06-05 23:37:00,319] {dag.py:2379} INFO - Sync 1 DAGs
[2023-06-05 23:37:00,359] {logging_mixin.py:115} INFO - [2023-06-05 23:37:00,358] {dag.py:2927} INFO - Setting next_dagrun for example_branch_operator to 2023-06-05T00:00:00+00:00, run_after=2023-06-06T00:00:00+00:00
[2023-06-05 23:37:00,901] {processor.py:161} INFO - Processing /home/gui/Documentos/airflowalura/venv/lib/python3.9/site-packages/airflow/example_dags/example_branch_operator.py took 0.683 seconds
[2023-06-05 23:37:54,234] {processor.py:153} INFO - Started process (PID=49875) to work on /home/gui/Documentos/airflowalura/venv/lib/python3.9/site-packages/airflow/example_dags/example_branch_operator.py
[2023-06-05 23:37:54,254] {processor.py:641} INFO - Processing file /home/gui/Documentos/airflowalura/venv/lib/python3.9/site-packages/airflow/example_dags/example_branch_operator.py for tasks to queue
[2023-06-05 23:37:54,255] {logging_mixin.py:115} INFO - [2023-06-05 23:37:54,255] {dagbag.py:507} INFO - Filling up the DagBag from /home/gui/Documentos/airflowalura/venv/lib/python3.9/site-packages/airflow/example_dags/example_branch_operator.py
[2023-06-05 23:37:54,277] {processor.py:651} INFO - DAG(s) dict_keys(['example_branch_operator']) retrieved from /home/gui/Documentos/airflowalura/venv/lib/python3.9/site-packages/airflow/example_dags/example_branch_operator.py
[2023-06-05 23:37:54,322] {logging_mixin.py:115} INFO - [2023-06-05 23:37:54,322] {dag.py:2379} INFO - Sync 1 DAGs
[2023-06-05 23:37:54,362] {logging_mixin.py:115} INFO - [2023-06-05 23:37:54,362] {dag.py:2927} INFO - Setting next_dagrun for example_branch_operator to 2023-06-05T00:00:00+00:00, run_after=2023-06-06T00:00:00+00:00
[2023-06-05 23:37:54,385] {processor.py:161} INFO - Processing /home/gui/Documentos/airflowalura/venv/lib/python3.9/site-packages/airflow/example_dags/example_branch_operator.py took 0.165 seconds
[2023-06-05 23:38:38,683] {processor.py:153} INFO - Started process (PID=49952) to work on /home/gui/Documentos/airflowalura/venv/lib/python3.9/site-packages/airflow/example_dags/example_branch_operator.py
[2023-06-05 23:38:38,687] {processor.py:641} INFO - Processing file /home/gui/Documentos/airflowalura/venv/lib/python3.9/site-packages/airflow/example_dags/example_branch_operator.py for tasks to queue
[2023-06-05 23:38:38,689] {logging_mixin.py:115} INFO - [2023-06-05 23:38:38,688] {dagbag.py:507} INFO - Filling up the DagBag from /home/gui/Documentos/airflowalura/venv/lib/python3.9/site-packages/airflow/example_dags/example_branch_operator.py
[2023-06-05 23:38:38,721] {processor.py:651} INFO - DAG(s) dict_keys(['example_branch_operator']) retrieved from /home/gui/Documentos/airflowalura/venv/lib/python3.9/site-packages/airflow/example_dags/example_branch_operator.py
[2023-06-05 23:38:38,782] {logging_mixin.py:115} INFO - [2023-06-05 23:38:38,782] {dag.py:2379} INFO - Sync 1 DAGs
[2023-06-05 23:38:38,833] {logging_mixin.py:115} INFO - [2023-06-05 23:38:38,833] {dag.py:2927} INFO - Setting next_dagrun for example_branch_operator to 2023-06-05T00:00:00+00:00, run_after=2023-06-06T00:00:00+00:00
[2023-06-05 23:38:38,874] {processor.py:161} INFO - Processing /home/gui/Documentos/airflowalura/venv/lib/python3.9/site-packages/airflow/example_dags/example_branch_operator.py took 0.199 seconds
[2023-06-05 23:39:26,411] {processor.py:153} INFO - Started process (PID=50030) to work on /home/gui/Documentos/airflowalura/venv/lib/python3.9/site-packages/airflow/example_dags/example_branch_operator.py
[2023-06-05 23:39:26,415] {processor.py:641} INFO - Processing file /home/gui/Documentos/airflowalura/venv/lib/python3.9/site-packages/airflow/example_dags/example_branch_operator.py for tasks to queue
[2023-06-05 23:39:26,416] {logging_mixin.py:115} INFO - [2023-06-05 23:39:26,416] {dagbag.py:507} INFO - Filling up the DagBag from /home/gui/Documentos/airflowalura/venv/lib/python3.9/site-packages/airflow/example_dags/example_branch_operator.py
[2023-06-05 23:39:26,441] {processor.py:651} INFO - DAG(s) dict_keys(['example_branch_operator']) retrieved from /home/gui/Documentos/airflowalura/venv/lib/python3.9/site-packages/airflow/example_dags/example_branch_operator.py
[2023-06-05 23:39:26,499] {logging_mixin.py:115} INFO - [2023-06-05 23:39:26,499] {dag.py:2379} INFO - Sync 1 DAGs
[2023-06-05 23:39:26,565] {logging_mixin.py:115} INFO - [2023-06-05 23:39:26,565] {dag.py:2927} INFO - Setting next_dagrun for example_branch_operator to 2023-06-05T00:00:00+00:00, run_after=2023-06-06T00:00:00+00:00
[2023-06-05 23:39:26,606] {processor.py:161} INFO - Processing /home/gui/Documentos/airflowalura/venv/lib/python3.9/site-packages/airflow/example_dags/example_branch_operator.py took 0.204 seconds
[2023-06-05 23:40:17,263] {processor.py:153} INFO - Started process (PID=50371) to work on /home/gui/Documentos/airflowalura/venv/lib/python3.9/site-packages/airflow/example_dags/example_branch_operator.py
[2023-06-05 23:40:17,282] {processor.py:641} INFO - Processing file /home/gui/Documentos/airflowalura/venv/lib/python3.9/site-packages/airflow/example_dags/example_branch_operator.py for tasks to queue
[2023-06-05 23:40:17,283] {logging_mixin.py:115} INFO - [2023-06-05 23:40:17,283] {dagbag.py:507} INFO - Filling up the DagBag from /home/gui/Documentos/airflowalura/venv/lib/python3.9/site-packages/airflow/example_dags/example_branch_operator.py
[2023-06-05 23:40:17,319] {processor.py:651} INFO - DAG(s) dict_keys(['example_branch_operator']) retrieved from /home/gui/Documentos/airflowalura/venv/lib/python3.9/site-packages/airflow/example_dags/example_branch_operator.py
[2023-06-05 23:40:17,364] {logging_mixin.py:115} INFO - [2023-06-05 23:40:17,364] {dag.py:2379} INFO - Sync 1 DAGs
[2023-06-05 23:40:17,408] {logging_mixin.py:115} INFO - [2023-06-05 23:40:17,407] {dag.py:2927} INFO - Setting next_dagrun for example_branch_operator to 2023-06-05T00:00:00+00:00, run_after=2023-06-06T00:00:00+00:00
[2023-06-05 23:40:17,435] {processor.py:161} INFO - Processing /home/gui/Documentos/airflowalura/venv/lib/python3.9/site-packages/airflow/example_dags/example_branch_operator.py took 0.180 seconds
[2023-06-05 23:41:06,406] {processor.py:153} INFO - Started process (PID=50693) to work on /home/gui/Documentos/airflowalura/venv/lib/python3.9/site-packages/airflow/example_dags/example_branch_operator.py
[2023-06-05 23:41:06,408] {processor.py:641} INFO - Processing file /home/gui/Documentos/airflowalura/venv/lib/python3.9/site-packages/airflow/example_dags/example_branch_operator.py for tasks to queue
[2023-06-05 23:41:06,409] {logging_mixin.py:115} INFO - [2023-06-05 23:41:06,409] {dagbag.py:507} INFO - Filling up the DagBag from /home/gui/Documentos/airflowalura/venv/lib/python3.9/site-packages/airflow/example_dags/example_branch_operator.py
[2023-06-05 23:41:06,442] {processor.py:651} INFO - DAG(s) dict_keys(['example_branch_operator']) retrieved from /home/gui/Documentos/airflowalura/venv/lib/python3.9/site-packages/airflow/example_dags/example_branch_operator.py
[2023-06-05 23:41:06,489] {logging_mixin.py:115} INFO - [2023-06-05 23:41:06,489] {dag.py:2379} INFO - Sync 1 DAGs
[2023-06-05 23:41:06,527] {logging_mixin.py:115} INFO - [2023-06-05 23:41:06,527] {dag.py:2927} INFO - Setting next_dagrun for example_branch_operator to 2023-06-05T00:00:00+00:00, run_after=2023-06-06T00:00:00+00:00
[2023-06-05 23:41:06,648] {processor.py:161} INFO - Processing /home/gui/Documentos/airflowalura/venv/lib/python3.9/site-packages/airflow/example_dags/example_branch_operator.py took 0.253 seconds
[2023-06-05 23:41:48,208] {processor.py:153} INFO - Started process (PID=50766) to work on /home/gui/Documentos/airflowalura/venv/lib/python3.9/site-packages/airflow/example_dags/example_branch_operator.py
[2023-06-05 23:41:48,209] {processor.py:641} INFO - Processing file /home/gui/Documentos/airflowalura/venv/lib/python3.9/site-packages/airflow/example_dags/example_branch_operator.py for tasks to queue
[2023-06-05 23:41:48,210] {logging_mixin.py:115} INFO - [2023-06-05 23:41:48,210] {dagbag.py:507} INFO - Filling up the DagBag from /home/gui/Documentos/airflowalura/venv/lib/python3.9/site-packages/airflow/example_dags/example_branch_operator.py
[2023-06-05 23:41:48,239] {processor.py:651} INFO - DAG(s) dict_keys(['example_branch_operator']) retrieved from /home/gui/Documentos/airflowalura/venv/lib/python3.9/site-packages/airflow/example_dags/example_branch_operator.py
[2023-06-05 23:41:48,269] {logging_mixin.py:115} INFO - [2023-06-05 23:41:48,269] {dag.py:2379} INFO - Sync 1 DAGs
[2023-06-05 23:41:48,316] {logging_mixin.py:115} INFO - [2023-06-05 23:41:48,315] {dag.py:2927} INFO - Setting next_dagrun for example_branch_operator to 2023-06-05T00:00:00+00:00, run_after=2023-06-06T00:00:00+00:00
[2023-06-05 23:41:48,341] {processor.py:161} INFO - Processing /home/gui/Documentos/airflowalura/venv/lib/python3.9/site-packages/airflow/example_dags/example_branch_operator.py took 0.147 seconds
