[2023-06-05 23:02:05,523] {processor.py:153} INFO - Started process (PID=44509) to work on /home/gui/Documentos/airflowalura/venv/lib/python3.9/site-packages/airflow/example_dags/example_task_group_decorator.py
[2023-06-05 23:02:05,524] {processor.py:641} INFO - Processing file /home/gui/Documentos/airflowalura/venv/lib/python3.9/site-packages/airflow/example_dags/example_task_group_decorator.py for tasks to queue
[2023-06-05 23:02:05,525] {logging_mixin.py:115} INFO - [2023-06-05 23:02:05,525] {dagbag.py:507} INFO - Filling up the DagBag from /home/gui/Documentos/airflowalura/venv/lib/python3.9/site-packages/airflow/example_dags/example_task_group_decorator.py
[2023-06-05 23:02:05,631] {processor.py:651} INFO - DAG(s) dict_keys(['example_task_group_decorator']) retrieved from /home/gui/Documentos/airflowalura/venv/lib/python3.9/site-packages/airflow/example_dags/example_task_group_decorator.py
[2023-06-05 23:02:05,953] {logging_mixin.py:115} INFO - [2023-06-05 23:02:05,953] {manager.py:508} INFO - Created Permission View: can read on DAG:example_task_group_decorator
[2023-06-05 23:02:05,969] {logging_mixin.py:115} INFO - [2023-06-05 23:02:05,969] {manager.py:508} INFO - Created Permission View: can edit on DAG:example_task_group_decorator
[2023-06-05 23:02:05,982] {logging_mixin.py:115} INFO - [2023-06-05 23:02:05,981] {manager.py:508} INFO - Created Permission View: can delete on DAG:example_task_group_decorator
[2023-06-05 23:02:05,982] {logging_mixin.py:115} INFO - [2023-06-05 23:02:05,982] {dag.py:2379} INFO - Sync 1 DAGs
[2023-06-05 23:02:05,998] {logging_mixin.py:115} INFO - [2023-06-05 23:02:05,998] {dag.py:2398} INFO - Creating ORM DAG for example_task_group_decorator
[2023-06-05 23:02:06,023] {logging_mixin.py:115} INFO - [2023-06-05 23:02:06,023] {dag.py:2927} INFO - Setting next_dagrun for example_task_group_decorator to 2023-06-05T02:02:06.023189+00:00, run_after=2023-06-06T02:02:06.023189+00:00
[2023-06-05 23:02:06,066] {processor.py:161} INFO - Processing /home/gui/Documentos/airflowalura/venv/lib/python3.9/site-packages/airflow/example_dags/example_task_group_decorator.py took 0.549 seconds
[2023-06-05 23:05:16,848] {processor.py:153} INFO - Started process (PID=44958) to work on /home/gui/Documentos/airflowalura/venv/lib/python3.9/site-packages/airflow/example_dags/example_task_group_decorator.py
[2023-06-05 23:05:16,851] {processor.py:641} INFO - Processing file /home/gui/Documentos/airflowalura/venv/lib/python3.9/site-packages/airflow/example_dags/example_task_group_decorator.py for tasks to queue
[2023-06-05 23:05:16,853] {logging_mixin.py:115} INFO - [2023-06-05 23:05:16,853] {dagbag.py:507} INFO - Filling up the DagBag from /home/gui/Documentos/airflowalura/venv/lib/python3.9/site-packages/airflow/example_dags/example_task_group_decorator.py
[2023-06-05 23:05:16,968] {processor.py:651} INFO - DAG(s) dict_keys(['example_task_group_decorator']) retrieved from /home/gui/Documentos/airflowalura/venv/lib/python3.9/site-packages/airflow/example_dags/example_task_group_decorator.py
[2023-06-05 23:05:17,051] {logging_mixin.py:115} INFO - [2023-06-05 23:05:17,051] {dag.py:2379} INFO - Sync 1 DAGs
[2023-06-05 23:05:17,084] {logging_mixin.py:115} INFO - [2023-06-05 23:05:17,084] {dag.py:2927} INFO - Setting next_dagrun for example_task_group_decorator to 2023-06-05T02:05:17.083520+00:00, run_after=2023-06-06T02:05:17.083520+00:00
[2023-06-05 23:05:17,147] {processor.py:161} INFO - Processing /home/gui/Documentos/airflowalura/venv/lib/python3.9/site-packages/airflow/example_dags/example_task_group_decorator.py took 0.313 seconds
[2023-06-05 23:05:55,331] {processor.py:153} INFO - Started process (PID=44997) to work on /home/gui/Documentos/airflowalura/venv/lib/python3.9/site-packages/airflow/example_dags/example_task_group_decorator.py
[2023-06-05 23:05:55,333] {processor.py:641} INFO - Processing file /home/gui/Documentos/airflowalura/venv/lib/python3.9/site-packages/airflow/example_dags/example_task_group_decorator.py for tasks to queue
[2023-06-05 23:05:55,333] {logging_mixin.py:115} INFO - [2023-06-05 23:05:55,333] {dagbag.py:507} INFO - Filling up the DagBag from /home/gui/Documentos/airflowalura/venv/lib/python3.9/site-packages/airflow/example_dags/example_task_group_decorator.py
[2023-06-05 23:05:55,374] {processor.py:651} INFO - DAG(s) dict_keys(['example_task_group_decorator']) retrieved from /home/gui/Documentos/airflowalura/venv/lib/python3.9/site-packages/airflow/example_dags/example_task_group_decorator.py
[2023-06-05 23:05:55,443] {logging_mixin.py:115} INFO - [2023-06-05 23:05:55,443] {dag.py:2379} INFO - Sync 1 DAGs
[2023-06-05 23:05:55,472] {logging_mixin.py:115} INFO - [2023-06-05 23:05:55,472] {dag.py:2927} INFO - Setting next_dagrun for example_task_group_decorator to 2023-06-05T02:05:55.472009+00:00, run_after=2023-06-06T02:05:55.472009+00:00
[2023-06-05 23:05:55,491] {processor.py:161} INFO - Processing /home/gui/Documentos/airflowalura/venv/lib/python3.9/site-packages/airflow/example_dags/example_task_group_decorator.py took 0.166 seconds
[2023-06-05 23:06:30,610] {processor.py:153} INFO - Started process (PID=45030) to work on /home/gui/Documentos/airflowalura/venv/lib/python3.9/site-packages/airflow/example_dags/example_task_group_decorator.py
[2023-06-05 23:06:30,611] {processor.py:641} INFO - Processing file /home/gui/Documentos/airflowalura/venv/lib/python3.9/site-packages/airflow/example_dags/example_task_group_decorator.py for tasks to queue
[2023-06-05 23:06:30,612] {logging_mixin.py:115} INFO - [2023-06-05 23:06:30,612] {dagbag.py:507} INFO - Filling up the DagBag from /home/gui/Documentos/airflowalura/venv/lib/python3.9/site-packages/airflow/example_dags/example_task_group_decorator.py
[2023-06-05 23:06:30,653] {processor.py:651} INFO - DAG(s) dict_keys(['example_task_group_decorator']) retrieved from /home/gui/Documentos/airflowalura/venv/lib/python3.9/site-packages/airflow/example_dags/example_task_group_decorator.py
[2023-06-05 23:06:30,685] {logging_mixin.py:115} INFO - [2023-06-05 23:06:30,684] {dag.py:2379} INFO - Sync 1 DAGs
[2023-06-05 23:06:30,710] {logging_mixin.py:115} INFO - [2023-06-05 23:06:30,710] {dag.py:2927} INFO - Setting next_dagrun for example_task_group_decorator to 2023-06-05T02:06:30.709823+00:00, run_after=2023-06-06T02:06:30.709823+00:00
[2023-06-05 23:06:30,727] {processor.py:161} INFO - Processing /home/gui/Documentos/airflowalura/venv/lib/python3.9/site-packages/airflow/example_dags/example_task_group_decorator.py took 0.123 seconds
[2023-06-05 23:07:10,034] {processor.py:153} INFO - Started process (PID=45085) to work on /home/gui/Documentos/airflowalura/venv/lib/python3.9/site-packages/airflow/example_dags/example_task_group_decorator.py
[2023-06-05 23:07:10,036] {processor.py:641} INFO - Processing file /home/gui/Documentos/airflowalura/venv/lib/python3.9/site-packages/airflow/example_dags/example_task_group_decorator.py for tasks to queue
[2023-06-05 23:07:10,037] {logging_mixin.py:115} INFO - [2023-06-05 23:07:10,037] {dagbag.py:507} INFO - Filling up the DagBag from /home/gui/Documentos/airflowalura/venv/lib/python3.9/site-packages/airflow/example_dags/example_task_group_decorator.py
[2023-06-05 23:07:10,079] {processor.py:651} INFO - DAG(s) dict_keys(['example_task_group_decorator']) retrieved from /home/gui/Documentos/airflowalura/venv/lib/python3.9/site-packages/airflow/example_dags/example_task_group_decorator.py
[2023-06-05 23:07:10,145] {logging_mixin.py:115} INFO - [2023-06-05 23:07:10,145] {dag.py:2379} INFO - Sync 1 DAGs
[2023-06-05 23:07:10,172] {logging_mixin.py:115} INFO - [2023-06-05 23:07:10,172] {dag.py:2927} INFO - Setting next_dagrun for example_task_group_decorator to 2023-06-05T02:07:10.171700+00:00, run_after=2023-06-06T02:07:10.171700+00:00
[2023-06-05 23:07:10,242] {processor.py:161} INFO - Processing /home/gui/Documentos/airflowalura/venv/lib/python3.9/site-packages/airflow/example_dags/example_task_group_decorator.py took 0.216 seconds
[2023-06-05 23:07:48,165] {processor.py:153} INFO - Started process (PID=45124) to work on /home/gui/Documentos/airflowalura/venv/lib/python3.9/site-packages/airflow/example_dags/example_task_group_decorator.py
[2023-06-05 23:07:48,166] {processor.py:641} INFO - Processing file /home/gui/Documentos/airflowalura/venv/lib/python3.9/site-packages/airflow/example_dags/example_task_group_decorator.py for tasks to queue
[2023-06-05 23:07:48,168] {logging_mixin.py:115} INFO - [2023-06-05 23:07:48,167] {dagbag.py:507} INFO - Filling up the DagBag from /home/gui/Documentos/airflowalura/venv/lib/python3.9/site-packages/airflow/example_dags/example_task_group_decorator.py
[2023-06-05 23:07:48,210] {processor.py:651} INFO - DAG(s) dict_keys(['example_task_group_decorator']) retrieved from /home/gui/Documentos/airflowalura/venv/lib/python3.9/site-packages/airflow/example_dags/example_task_group_decorator.py
[2023-06-05 23:07:48,283] {logging_mixin.py:115} INFO - [2023-06-05 23:07:48,283] {dag.py:2379} INFO - Sync 1 DAGs
[2023-06-05 23:07:48,309] {logging_mixin.py:115} INFO - [2023-06-05 23:07:48,309] {dag.py:2927} INFO - Setting next_dagrun for example_task_group_decorator to 2023-06-05T02:07:48.309313+00:00, run_after=2023-06-06T02:07:48.309313+00:00
[2023-06-05 23:07:48,331] {processor.py:161} INFO - Processing /home/gui/Documentos/airflowalura/venv/lib/python3.9/site-packages/airflow/example_dags/example_task_group_decorator.py took 0.172 seconds
[2023-06-05 23:08:27,864] {processor.py:153} INFO - Started process (PID=45159) to work on /home/gui/Documentos/airflowalura/venv/lib/python3.9/site-packages/airflow/example_dags/example_task_group_decorator.py
[2023-06-05 23:08:27,865] {processor.py:641} INFO - Processing file /home/gui/Documentos/airflowalura/venv/lib/python3.9/site-packages/airflow/example_dags/example_task_group_decorator.py for tasks to queue
[2023-06-05 23:08:27,866] {logging_mixin.py:115} INFO - [2023-06-05 23:08:27,866] {dagbag.py:507} INFO - Filling up the DagBag from /home/gui/Documentos/airflowalura/venv/lib/python3.9/site-packages/airflow/example_dags/example_task_group_decorator.py
[2023-06-05 23:08:27,907] {processor.py:651} INFO - DAG(s) dict_keys(['example_task_group_decorator']) retrieved from /home/gui/Documentos/airflowalura/venv/lib/python3.9/site-packages/airflow/example_dags/example_task_group_decorator.py
[2023-06-05 23:08:27,977] {logging_mixin.py:115} INFO - [2023-06-05 23:08:27,977] {dag.py:2379} INFO - Sync 1 DAGs
[2023-06-05 23:08:28,005] {logging_mixin.py:115} INFO - [2023-06-05 23:08:28,005] {dag.py:2927} INFO - Setting next_dagrun for example_task_group_decorator to 2023-06-05T02:08:28.005108+00:00, run_after=2023-06-06T02:08:28.005108+00:00
[2023-06-05 23:08:28,026] {processor.py:161} INFO - Processing /home/gui/Documentos/airflowalura/venv/lib/python3.9/site-packages/airflow/example_dags/example_task_group_decorator.py took 0.168 seconds
[2023-06-05 23:09:08,154] {processor.py:153} INFO - Started process (PID=45193) to work on /home/gui/Documentos/airflowalura/venv/lib/python3.9/site-packages/airflow/example_dags/example_task_group_decorator.py
[2023-06-05 23:09:08,156] {processor.py:641} INFO - Processing file /home/gui/Documentos/airflowalura/venv/lib/python3.9/site-packages/airflow/example_dags/example_task_group_decorator.py for tasks to queue
[2023-06-05 23:09:08,157] {logging_mixin.py:115} INFO - [2023-06-05 23:09:08,157] {dagbag.py:507} INFO - Filling up the DagBag from /home/gui/Documentos/airflowalura/venv/lib/python3.9/site-packages/airflow/example_dags/example_task_group_decorator.py
[2023-06-05 23:09:08,207] {processor.py:651} INFO - DAG(s) dict_keys(['example_task_group_decorator']) retrieved from /home/gui/Documentos/airflowalura/venv/lib/python3.9/site-packages/airflow/example_dags/example_task_group_decorator.py
[2023-06-05 23:09:08,288] {logging_mixin.py:115} INFO - [2023-06-05 23:09:08,288] {dag.py:2379} INFO - Sync 1 DAGs
[2023-06-05 23:09:08,318] {logging_mixin.py:115} INFO - [2023-06-05 23:09:08,318] {dag.py:2927} INFO - Setting next_dagrun for example_task_group_decorator to 2023-06-05T02:09:08.317897+00:00, run_after=2023-06-06T02:09:08.317897+00:00
[2023-06-05 23:09:08,341] {processor.py:161} INFO - Processing /home/gui/Documentos/airflowalura/venv/lib/python3.9/site-packages/airflow/example_dags/example_task_group_decorator.py took 0.194 seconds
[2023-06-05 23:09:46,477] {processor.py:153} INFO - Started process (PID=45228) to work on /home/gui/Documentos/airflowalura/venv/lib/python3.9/site-packages/airflow/example_dags/example_task_group_decorator.py
[2023-06-05 23:09:46,479] {processor.py:641} INFO - Processing file /home/gui/Documentos/airflowalura/venv/lib/python3.9/site-packages/airflow/example_dags/example_task_group_decorator.py for tasks to queue
[2023-06-05 23:09:46,481] {logging_mixin.py:115} INFO - [2023-06-05 23:09:46,480] {dagbag.py:507} INFO - Filling up the DagBag from /home/gui/Documentos/airflowalura/venv/lib/python3.9/site-packages/airflow/example_dags/example_task_group_decorator.py
[2023-06-05 23:09:46,529] {processor.py:651} INFO - DAG(s) dict_keys(['example_task_group_decorator']) retrieved from /home/gui/Documentos/airflowalura/venv/lib/python3.9/site-packages/airflow/example_dags/example_task_group_decorator.py
[2023-06-05 23:09:46,610] {logging_mixin.py:115} INFO - [2023-06-05 23:09:46,610] {dag.py:2379} INFO - Sync 1 DAGs
[2023-06-05 23:09:46,640] {logging_mixin.py:115} INFO - [2023-06-05 23:09:46,640] {dag.py:2927} INFO - Setting next_dagrun for example_task_group_decorator to 2023-06-05T02:09:46.639848+00:00, run_after=2023-06-06T02:09:46.639848+00:00
[2023-06-05 23:09:46,674] {processor.py:161} INFO - Processing /home/gui/Documentos/airflowalura/venv/lib/python3.9/site-packages/airflow/example_dags/example_task_group_decorator.py took 0.204 seconds
[2023-06-05 23:10:29,830] {processor.py:153} INFO - Started process (PID=45263) to work on /home/gui/Documentos/airflowalura/venv/lib/python3.9/site-packages/airflow/example_dags/example_task_group_decorator.py
[2023-06-05 23:10:29,848] {processor.py:641} INFO - Processing file /home/gui/Documentos/airflowalura/venv/lib/python3.9/site-packages/airflow/example_dags/example_task_group_decorator.py for tasks to queue
[2023-06-05 23:10:29,849] {logging_mixin.py:115} INFO - [2023-06-05 23:10:29,849] {dagbag.py:507} INFO - Filling up the DagBag from /home/gui/Documentos/airflowalura/venv/lib/python3.9/site-packages/airflow/example_dags/example_task_group_decorator.py
[2023-06-05 23:10:29,917] {processor.py:651} INFO - DAG(s) dict_keys(['example_task_group_decorator']) retrieved from /home/gui/Documentos/airflowalura/venv/lib/python3.9/site-packages/airflow/example_dags/example_task_group_decorator.py
[2023-06-05 23:10:30,043] {logging_mixin.py:115} INFO - [2023-06-05 23:10:30,043] {dag.py:2379} INFO - Sync 1 DAGs
[2023-06-05 23:10:30,081] {logging_mixin.py:115} INFO - [2023-06-05 23:10:30,080] {dag.py:2927} INFO - Setting next_dagrun for example_task_group_decorator to 2023-06-05T02:10:30.080344+00:00, run_after=2023-06-06T02:10:30.080344+00:00
[2023-06-05 23:10:30,174] {processor.py:161} INFO - Processing /home/gui/Documentos/airflowalura/venv/lib/python3.9/site-packages/airflow/example_dags/example_task_group_decorator.py took 0.353 seconds
[2023-06-05 23:11:08,680] {processor.py:153} INFO - Started process (PID=45296) to work on /home/gui/Documentos/airflowalura/venv/lib/python3.9/site-packages/airflow/example_dags/example_task_group_decorator.py
[2023-06-05 23:11:08,681] {processor.py:641} INFO - Processing file /home/gui/Documentos/airflowalura/venv/lib/python3.9/site-packages/airflow/example_dags/example_task_group_decorator.py for tasks to queue
[2023-06-05 23:11:08,683] {logging_mixin.py:115} INFO - [2023-06-05 23:11:08,682] {dagbag.py:507} INFO - Filling up the DagBag from /home/gui/Documentos/airflowalura/venv/lib/python3.9/site-packages/airflow/example_dags/example_task_group_decorator.py
[2023-06-05 23:11:08,736] {processor.py:651} INFO - DAG(s) dict_keys(['example_task_group_decorator']) retrieved from /home/gui/Documentos/airflowalura/venv/lib/python3.9/site-packages/airflow/example_dags/example_task_group_decorator.py
[2023-06-05 23:11:08,774] {logging_mixin.py:115} INFO - [2023-06-05 23:11:08,774] {dag.py:2379} INFO - Sync 1 DAGs
[2023-06-05 23:11:08,807] {logging_mixin.py:115} INFO - [2023-06-05 23:11:08,807] {dag.py:2927} INFO - Setting next_dagrun for example_task_group_decorator to 2023-06-05T02:11:08.806444+00:00, run_after=2023-06-06T02:11:08.806444+00:00
[2023-06-05 23:11:08,828] {processor.py:161} INFO - Processing /home/gui/Documentos/airflowalura/venv/lib/python3.9/site-packages/airflow/example_dags/example_task_group_decorator.py took 0.155 seconds
[2023-06-05 23:11:45,392] {processor.py:153} INFO - Started process (PID=45333) to work on /home/gui/Documentos/airflowalura/venv/lib/python3.9/site-packages/airflow/example_dags/example_task_group_decorator.py
[2023-06-05 23:11:45,394] {processor.py:641} INFO - Processing file /home/gui/Documentos/airflowalura/venv/lib/python3.9/site-packages/airflow/example_dags/example_task_group_decorator.py for tasks to queue
[2023-06-05 23:11:45,395] {logging_mixin.py:115} INFO - [2023-06-05 23:11:45,395] {dagbag.py:507} INFO - Filling up the DagBag from /home/gui/Documentos/airflowalura/venv/lib/python3.9/site-packages/airflow/example_dags/example_task_group_decorator.py
[2023-06-05 23:11:45,445] {processor.py:651} INFO - DAG(s) dict_keys(['example_task_group_decorator']) retrieved from /home/gui/Documentos/airflowalura/venv/lib/python3.9/site-packages/airflow/example_dags/example_task_group_decorator.py
[2023-06-05 23:11:45,519] {logging_mixin.py:115} INFO - [2023-06-05 23:11:45,519] {dag.py:2379} INFO - Sync 1 DAGs
[2023-06-05 23:11:45,545] {logging_mixin.py:115} INFO - [2023-06-05 23:11:45,545] {dag.py:2927} INFO - Setting next_dagrun for example_task_group_decorator to 2023-06-05T02:11:45.544935+00:00, run_after=2023-06-06T02:11:45.544935+00:00
[2023-06-05 23:11:45,564] {processor.py:161} INFO - Processing /home/gui/Documentos/airflowalura/venv/lib/python3.9/site-packages/airflow/example_dags/example_task_group_decorator.py took 0.180 seconds
[2023-06-05 23:12:22,827] {processor.py:153} INFO - Started process (PID=45367) to work on /home/gui/Documentos/airflowalura/venv/lib/python3.9/site-packages/airflow/example_dags/example_task_group_decorator.py
[2023-06-05 23:12:22,845] {processor.py:641} INFO - Processing file /home/gui/Documentos/airflowalura/venv/lib/python3.9/site-packages/airflow/example_dags/example_task_group_decorator.py for tasks to queue
[2023-06-05 23:12:22,846] {logging_mixin.py:115} INFO - [2023-06-05 23:12:22,845] {dagbag.py:507} INFO - Filling up the DagBag from /home/gui/Documentos/airflowalura/venv/lib/python3.9/site-packages/airflow/example_dags/example_task_group_decorator.py
[2023-06-05 23:12:22,886] {processor.py:651} INFO - DAG(s) dict_keys(['example_task_group_decorator']) retrieved from /home/gui/Documentos/airflowalura/venv/lib/python3.9/site-packages/airflow/example_dags/example_task_group_decorator.py
[2023-06-05 23:12:22,915] {logging_mixin.py:115} INFO - [2023-06-05 23:12:22,915] {dag.py:2379} INFO - Sync 1 DAGs
[2023-06-05 23:12:22,942] {logging_mixin.py:115} INFO - [2023-06-05 23:12:22,941] {dag.py:2927} INFO - Setting next_dagrun for example_task_group_decorator to 2023-06-05T02:12:22.941456+00:00, run_after=2023-06-06T02:12:22.941456+00:00
[2023-06-05 23:12:22,983] {processor.py:161} INFO - Processing /home/gui/Documentos/airflowalura/venv/lib/python3.9/site-packages/airflow/example_dags/example_task_group_decorator.py took 0.162 seconds
[2023-06-05 23:12:57,370] {processor.py:153} INFO - Started process (PID=45398) to work on /home/gui/Documentos/airflowalura/venv/lib/python3.9/site-packages/airflow/example_dags/example_task_group_decorator.py
[2023-06-05 23:12:57,371] {processor.py:641} INFO - Processing file /home/gui/Documentos/airflowalura/venv/lib/python3.9/site-packages/airflow/example_dags/example_task_group_decorator.py for tasks to queue
[2023-06-05 23:12:57,372] {logging_mixin.py:115} INFO - [2023-06-05 23:12:57,372] {dagbag.py:507} INFO - Filling up the DagBag from /home/gui/Documentos/airflowalura/venv/lib/python3.9/site-packages/airflow/example_dags/example_task_group_decorator.py
[2023-06-05 23:12:57,415] {processor.py:651} INFO - DAG(s) dict_keys(['example_task_group_decorator']) retrieved from /home/gui/Documentos/airflowalura/venv/lib/python3.9/site-packages/airflow/example_dags/example_task_group_decorator.py
[2023-06-05 23:12:57,481] {logging_mixin.py:115} INFO - [2023-06-05 23:12:57,481] {dag.py:2379} INFO - Sync 1 DAGs
[2023-06-05 23:12:57,507] {logging_mixin.py:115} INFO - [2023-06-05 23:12:57,507] {dag.py:2927} INFO - Setting next_dagrun for example_task_group_decorator to 2023-06-05T02:12:57.506821+00:00, run_after=2023-06-06T02:12:57.506821+00:00
[2023-06-05 23:12:57,592] {processor.py:161} INFO - Processing /home/gui/Documentos/airflowalura/venv/lib/python3.9/site-packages/airflow/example_dags/example_task_group_decorator.py took 0.229 seconds
[2023-06-05 23:13:32,703] {processor.py:153} INFO - Started process (PID=45427) to work on /home/gui/Documentos/airflowalura/venv/lib/python3.9/site-packages/airflow/example_dags/example_task_group_decorator.py
[2023-06-05 23:13:32,704] {processor.py:641} INFO - Processing file /home/gui/Documentos/airflowalura/venv/lib/python3.9/site-packages/airflow/example_dags/example_task_group_decorator.py for tasks to queue
[2023-06-05 23:13:32,705] {logging_mixin.py:115} INFO - [2023-06-05 23:13:32,705] {dagbag.py:507} INFO - Filling up the DagBag from /home/gui/Documentos/airflowalura/venv/lib/python3.9/site-packages/airflow/example_dags/example_task_group_decorator.py
[2023-06-05 23:13:32,750] {processor.py:651} INFO - DAG(s) dict_keys(['example_task_group_decorator']) retrieved from /home/gui/Documentos/airflowalura/venv/lib/python3.9/site-packages/airflow/example_dags/example_task_group_decorator.py
[2023-06-05 23:13:32,785] {logging_mixin.py:115} INFO - [2023-06-05 23:13:32,785] {dag.py:2379} INFO - Sync 1 DAGs
[2023-06-05 23:13:32,814] {logging_mixin.py:115} INFO - [2023-06-05 23:13:32,814] {dag.py:2927} INFO - Setting next_dagrun for example_task_group_decorator to 2023-06-05T02:13:32.813755+00:00, run_after=2023-06-06T02:13:32.813755+00:00
[2023-06-05 23:13:32,832] {processor.py:161} INFO - Processing /home/gui/Documentos/airflowalura/venv/lib/python3.9/site-packages/airflow/example_dags/example_task_group_decorator.py took 0.135 seconds
[2023-06-05 23:14:10,324] {processor.py:153} INFO - Started process (PID=45462) to work on /home/gui/Documentos/airflowalura/venv/lib/python3.9/site-packages/airflow/example_dags/example_task_group_decorator.py
[2023-06-05 23:14:10,325] {processor.py:641} INFO - Processing file /home/gui/Documentos/airflowalura/venv/lib/python3.9/site-packages/airflow/example_dags/example_task_group_decorator.py for tasks to queue
[2023-06-05 23:14:10,326] {logging_mixin.py:115} INFO - [2023-06-05 23:14:10,326] {dagbag.py:507} INFO - Filling up the DagBag from /home/gui/Documentos/airflowalura/venv/lib/python3.9/site-packages/airflow/example_dags/example_task_group_decorator.py
[2023-06-05 23:14:10,367] {processor.py:651} INFO - DAG(s) dict_keys(['example_task_group_decorator']) retrieved from /home/gui/Documentos/airflowalura/venv/lib/python3.9/site-packages/airflow/example_dags/example_task_group_decorator.py
[2023-06-05 23:14:10,435] {logging_mixin.py:115} INFO - [2023-06-05 23:14:10,435] {dag.py:2379} INFO - Sync 1 DAGs
[2023-06-05 23:14:10,461] {logging_mixin.py:115} INFO - [2023-06-05 23:14:10,461] {dag.py:2927} INFO - Setting next_dagrun for example_task_group_decorator to 2023-06-05T02:14:10.460743+00:00, run_after=2023-06-06T02:14:10.460743+00:00
[2023-06-05 23:14:10,481] {processor.py:161} INFO - Processing /home/gui/Documentos/airflowalura/venv/lib/python3.9/site-packages/airflow/example_dags/example_task_group_decorator.py took 0.162 seconds
[2023-06-05 23:14:45,481] {processor.py:153} INFO - Started process (PID=45493) to work on /home/gui/Documentos/airflowalura/venv/lib/python3.9/site-packages/airflow/example_dags/example_task_group_decorator.py
[2023-06-05 23:14:45,482] {processor.py:641} INFO - Processing file /home/gui/Documentos/airflowalura/venv/lib/python3.9/site-packages/airflow/example_dags/example_task_group_decorator.py for tasks to queue
[2023-06-05 23:14:45,482] {logging_mixin.py:115} INFO - [2023-06-05 23:14:45,482] {dagbag.py:507} INFO - Filling up the DagBag from /home/gui/Documentos/airflowalura/venv/lib/python3.9/site-packages/airflow/example_dags/example_task_group_decorator.py
[2023-06-05 23:14:45,522] {processor.py:651} INFO - DAG(s) dict_keys(['example_task_group_decorator']) retrieved from /home/gui/Documentos/airflowalura/venv/lib/python3.9/site-packages/airflow/example_dags/example_task_group_decorator.py
[2023-06-05 23:14:45,553] {logging_mixin.py:115} INFO - [2023-06-05 23:14:45,553] {dag.py:2379} INFO - Sync 1 DAGs
[2023-06-05 23:14:45,579] {logging_mixin.py:115} INFO - [2023-06-05 23:14:45,579] {dag.py:2927} INFO - Setting next_dagrun for example_task_group_decorator to 2023-06-05T02:14:45.579008+00:00, run_after=2023-06-06T02:14:45.579008+00:00
[2023-06-05 23:14:45,685] {processor.py:161} INFO - Processing /home/gui/Documentos/airflowalura/venv/lib/python3.9/site-packages/airflow/example_dags/example_task_group_decorator.py took 0.210 seconds
[2023-06-05 23:15:23,543] {processor.py:153} INFO - Started process (PID=45527) to work on /home/gui/Documentos/airflowalura/venv/lib/python3.9/site-packages/airflow/example_dags/example_task_group_decorator.py
[2023-06-05 23:15:23,544] {processor.py:641} INFO - Processing file /home/gui/Documentos/airflowalura/venv/lib/python3.9/site-packages/airflow/example_dags/example_task_group_decorator.py for tasks to queue
[2023-06-05 23:15:23,545] {logging_mixin.py:115} INFO - [2023-06-05 23:15:23,544] {dagbag.py:507} INFO - Filling up the DagBag from /home/gui/Documentos/airflowalura/venv/lib/python3.9/site-packages/airflow/example_dags/example_task_group_decorator.py
[2023-06-05 23:15:23,612] {processor.py:651} INFO - DAG(s) dict_keys(['example_task_group_decorator']) retrieved from /home/gui/Documentos/airflowalura/venv/lib/python3.9/site-packages/airflow/example_dags/example_task_group_decorator.py
[2023-06-05 23:15:23,710] {logging_mixin.py:115} INFO - [2023-06-05 23:15:23,710] {dag.py:2379} INFO - Sync 1 DAGs
[2023-06-05 23:15:23,744] {logging_mixin.py:115} INFO - [2023-06-05 23:15:23,744] {dag.py:2927} INFO - Setting next_dagrun for example_task_group_decorator to 2023-06-05T02:15:23.743882+00:00, run_after=2023-06-06T02:15:23.743882+00:00
[2023-06-05 23:15:23,792] {processor.py:161} INFO - Processing /home/gui/Documentos/airflowalura/venv/lib/python3.9/site-packages/airflow/example_dags/example_task_group_decorator.py took 0.256 seconds
[2023-06-05 23:16:01,975] {processor.py:153} INFO - Started process (PID=45583) to work on /home/gui/Documentos/airflowalura/venv/lib/python3.9/site-packages/airflow/example_dags/example_task_group_decorator.py
[2023-06-05 23:16:01,976] {processor.py:641} INFO - Processing file /home/gui/Documentos/airflowalura/venv/lib/python3.9/site-packages/airflow/example_dags/example_task_group_decorator.py for tasks to queue
[2023-06-05 23:16:01,977] {logging_mixin.py:115} INFO - [2023-06-05 23:16:01,977] {dagbag.py:507} INFO - Filling up the DagBag from /home/gui/Documentos/airflowalura/venv/lib/python3.9/site-packages/airflow/example_dags/example_task_group_decorator.py
[2023-06-05 23:16:02,028] {processor.py:651} INFO - DAG(s) dict_keys(['example_task_group_decorator']) retrieved from /home/gui/Documentos/airflowalura/venv/lib/python3.9/site-packages/airflow/example_dags/example_task_group_decorator.py
[2023-06-05 23:16:02,067] {logging_mixin.py:115} INFO - [2023-06-05 23:16:02,067] {dag.py:2379} INFO - Sync 1 DAGs
[2023-06-05 23:16:02,101] {logging_mixin.py:115} INFO - [2023-06-05 23:16:02,101] {dag.py:2927} INFO - Setting next_dagrun for example_task_group_decorator to 2023-06-05T02:16:02.101282+00:00, run_after=2023-06-06T02:16:02.101282+00:00
[2023-06-05 23:16:02,124] {processor.py:161} INFO - Processing /home/gui/Documentos/airflowalura/venv/lib/python3.9/site-packages/airflow/example_dags/example_task_group_decorator.py took 0.156 seconds
[2023-06-05 23:16:35,300] {processor.py:153} INFO - Started process (PID=45614) to work on /home/gui/Documentos/airflowalura/venv/lib/python3.9/site-packages/airflow/example_dags/example_task_group_decorator.py
[2023-06-05 23:16:35,302] {processor.py:641} INFO - Processing file /home/gui/Documentos/airflowalura/venv/lib/python3.9/site-packages/airflow/example_dags/example_task_group_decorator.py for tasks to queue
[2023-06-05 23:16:35,303] {logging_mixin.py:115} INFO - [2023-06-05 23:16:35,303] {dagbag.py:507} INFO - Filling up the DagBag from /home/gui/Documentos/airflowalura/venv/lib/python3.9/site-packages/airflow/example_dags/example_task_group_decorator.py
[2023-06-05 23:16:35,353] {processor.py:651} INFO - DAG(s) dict_keys(['example_task_group_decorator']) retrieved from /home/gui/Documentos/airflowalura/venv/lib/python3.9/site-packages/airflow/example_dags/example_task_group_decorator.py
[2023-06-05 23:16:35,394] {logging_mixin.py:115} INFO - [2023-06-05 23:16:35,394] {dag.py:2379} INFO - Sync 1 DAGs
[2023-06-05 23:16:35,431] {logging_mixin.py:115} INFO - [2023-06-05 23:16:35,431] {dag.py:2927} INFO - Setting next_dagrun for example_task_group_decorator to 2023-06-05T02:16:35.430775+00:00, run_after=2023-06-06T02:16:35.430775+00:00
[2023-06-05 23:16:35,454] {processor.py:161} INFO - Processing /home/gui/Documentos/airflowalura/venv/lib/python3.9/site-packages/airflow/example_dags/example_task_group_decorator.py took 0.162 seconds
[2023-06-05 23:17:16,496] {processor.py:153} INFO - Started process (PID=45653) to work on /home/gui/Documentos/airflowalura/venv/lib/python3.9/site-packages/airflow/example_dags/example_task_group_decorator.py
[2023-06-05 23:17:16,498] {processor.py:641} INFO - Processing file /home/gui/Documentos/airflowalura/venv/lib/python3.9/site-packages/airflow/example_dags/example_task_group_decorator.py for tasks to queue
[2023-06-05 23:17:16,500] {logging_mixin.py:115} INFO - [2023-06-05 23:17:16,499] {dagbag.py:507} INFO - Filling up the DagBag from /home/gui/Documentos/airflowalura/venv/lib/python3.9/site-packages/airflow/example_dags/example_task_group_decorator.py
[2023-06-05 23:17:16,550] {processor.py:651} INFO - DAG(s) dict_keys(['example_task_group_decorator']) retrieved from /home/gui/Documentos/airflowalura/venv/lib/python3.9/site-packages/airflow/example_dags/example_task_group_decorator.py
[2023-06-05 23:17:16,585] {logging_mixin.py:115} INFO - [2023-06-05 23:17:16,585] {dag.py:2379} INFO - Sync 1 DAGs
[2023-06-05 23:17:16,621] {logging_mixin.py:115} INFO - [2023-06-05 23:17:16,621] {dag.py:2927} INFO - Setting next_dagrun for example_task_group_decorator to 2023-06-05T02:17:16.621115+00:00, run_after=2023-06-06T02:17:16.621115+00:00
[2023-06-05 23:17:16,659] {processor.py:161} INFO - Processing /home/gui/Documentos/airflowalura/venv/lib/python3.9/site-packages/airflow/example_dags/example_task_group_decorator.py took 0.170 seconds
[2023-06-05 23:18:01,221] {processor.py:153} INFO - Started process (PID=45691) to work on /home/gui/Documentos/airflowalura/venv/lib/python3.9/site-packages/airflow/example_dags/example_task_group_decorator.py
[2023-06-05 23:18:01,222] {processor.py:641} INFO - Processing file /home/gui/Documentos/airflowalura/venv/lib/python3.9/site-packages/airflow/example_dags/example_task_group_decorator.py for tasks to queue
[2023-06-05 23:18:01,223] {logging_mixin.py:115} INFO - [2023-06-05 23:18:01,223] {dagbag.py:507} INFO - Filling up the DagBag from /home/gui/Documentos/airflowalura/venv/lib/python3.9/site-packages/airflow/example_dags/example_task_group_decorator.py
[2023-06-05 23:18:01,280] {processor.py:651} INFO - DAG(s) dict_keys(['example_task_group_decorator']) retrieved from /home/gui/Documentos/airflowalura/venv/lib/python3.9/site-packages/airflow/example_dags/example_task_group_decorator.py
[2023-06-05 23:18:01,335] {logging_mixin.py:115} INFO - [2023-06-05 23:18:01,335] {dag.py:2379} INFO - Sync 1 DAGs
[2023-06-05 23:18:01,374] {logging_mixin.py:115} INFO - [2023-06-05 23:18:01,373] {dag.py:2927} INFO - Setting next_dagrun for example_task_group_decorator to 2023-06-05T02:18:01.373537+00:00, run_after=2023-06-06T02:18:01.373537+00:00
[2023-06-05 23:18:01,954] {processor.py:161} INFO - Processing /home/gui/Documentos/airflowalura/venv/lib/python3.9/site-packages/airflow/example_dags/example_task_group_decorator.py took 0.743 seconds
[2023-06-05 23:18:40,889] {processor.py:153} INFO - Started process (PID=45726) to work on /home/gui/Documentos/airflowalura/venv/lib/python3.9/site-packages/airflow/example_dags/example_task_group_decorator.py
[2023-06-05 23:18:40,890] {processor.py:641} INFO - Processing file /home/gui/Documentos/airflowalura/venv/lib/python3.9/site-packages/airflow/example_dags/example_task_group_decorator.py for tasks to queue
[2023-06-05 23:18:40,891] {logging_mixin.py:115} INFO - [2023-06-05 23:18:40,891] {dagbag.py:507} INFO - Filling up the DagBag from /home/gui/Documentos/airflowalura/venv/lib/python3.9/site-packages/airflow/example_dags/example_task_group_decorator.py
[2023-06-05 23:18:40,948] {processor.py:651} INFO - DAG(s) dict_keys(['example_task_group_decorator']) retrieved from /home/gui/Documentos/airflowalura/venv/lib/python3.9/site-packages/airflow/example_dags/example_task_group_decorator.py
[2023-06-05 23:18:40,987] {logging_mixin.py:115} INFO - [2023-06-05 23:18:40,986] {dag.py:2379} INFO - Sync 1 DAGs
[2023-06-05 23:18:41,020] {logging_mixin.py:115} INFO - [2023-06-05 23:18:41,020] {dag.py:2927} INFO - Setting next_dagrun for example_task_group_decorator to 2023-06-05T02:18:41.020151+00:00, run_after=2023-06-06T02:18:41.020151+00:00
[2023-06-05 23:18:41,047] {processor.py:161} INFO - Processing /home/gui/Documentos/airflowalura/venv/lib/python3.9/site-packages/airflow/example_dags/example_task_group_decorator.py took 0.166 seconds
[2023-06-05 23:19:15,177] {processor.py:153} INFO - Started process (PID=45755) to work on /home/gui/Documentos/airflowalura/venv/lib/python3.9/site-packages/airflow/example_dags/example_task_group_decorator.py
[2023-06-05 23:19:15,178] {processor.py:641} INFO - Processing file /home/gui/Documentos/airflowalura/venv/lib/python3.9/site-packages/airflow/example_dags/example_task_group_decorator.py for tasks to queue
[2023-06-05 23:19:15,179] {logging_mixin.py:115} INFO - [2023-06-05 23:19:15,179] {dagbag.py:507} INFO - Filling up the DagBag from /home/gui/Documentos/airflowalura/venv/lib/python3.9/site-packages/airflow/example_dags/example_task_group_decorator.py
[2023-06-05 23:19:15,233] {processor.py:651} INFO - DAG(s) dict_keys(['example_task_group_decorator']) retrieved from /home/gui/Documentos/airflowalura/venv/lib/python3.9/site-packages/airflow/example_dags/example_task_group_decorator.py
[2023-06-05 23:19:15,273] {logging_mixin.py:115} INFO - [2023-06-05 23:19:15,273] {dag.py:2379} INFO - Sync 1 DAGs
[2023-06-05 23:19:15,313] {logging_mixin.py:115} INFO - [2023-06-05 23:19:15,313] {dag.py:2927} INFO - Setting next_dagrun for example_task_group_decorator to 2023-06-05T02:19:15.313028+00:00, run_after=2023-06-06T02:19:15.313028+00:00
[2023-06-05 23:19:15,361] {processor.py:161} INFO - Processing /home/gui/Documentos/airflowalura/venv/lib/python3.9/site-packages/airflow/example_dags/example_task_group_decorator.py took 0.191 seconds
[2023-06-05 23:19:52,391] {processor.py:153} INFO - Started process (PID=45790) to work on /home/gui/Documentos/airflowalura/venv/lib/python3.9/site-packages/airflow/example_dags/example_task_group_decorator.py
[2023-06-05 23:19:52,392] {processor.py:641} INFO - Processing file /home/gui/Documentos/airflowalura/venv/lib/python3.9/site-packages/airflow/example_dags/example_task_group_decorator.py for tasks to queue
[2023-06-05 23:19:52,393] {logging_mixin.py:115} INFO - [2023-06-05 23:19:52,393] {dagbag.py:507} INFO - Filling up the DagBag from /home/gui/Documentos/airflowalura/venv/lib/python3.9/site-packages/airflow/example_dags/example_task_group_decorator.py
[2023-06-05 23:19:52,442] {processor.py:651} INFO - DAG(s) dict_keys(['example_task_group_decorator']) retrieved from /home/gui/Documentos/airflowalura/venv/lib/python3.9/site-packages/airflow/example_dags/example_task_group_decorator.py
[2023-06-05 23:19:52,487] {logging_mixin.py:115} INFO - [2023-06-05 23:19:52,486] {dag.py:2379} INFO - Sync 1 DAGs
[2023-06-05 23:19:52,524] {logging_mixin.py:115} INFO - [2023-06-05 23:19:52,524] {dag.py:2927} INFO - Setting next_dagrun for example_task_group_decorator to 2023-06-05T02:19:52.524031+00:00, run_after=2023-06-06T02:19:52.524031+00:00
[2023-06-05 23:19:52,558] {processor.py:161} INFO - Processing /home/gui/Documentos/airflowalura/venv/lib/python3.9/site-packages/airflow/example_dags/example_task_group_decorator.py took 0.173 seconds
[2023-06-05 23:20:30,299] {processor.py:153} INFO - Started process (PID=45838) to work on /home/gui/Documentos/airflowalura/venv/lib/python3.9/site-packages/airflow/example_dags/example_task_group_decorator.py
[2023-06-05 23:20:30,300] {processor.py:641} INFO - Processing file /home/gui/Documentos/airflowalura/venv/lib/python3.9/site-packages/airflow/example_dags/example_task_group_decorator.py for tasks to queue
[2023-06-05 23:20:30,301] {logging_mixin.py:115} INFO - [2023-06-05 23:20:30,301] {dagbag.py:507} INFO - Filling up the DagBag from /home/gui/Documentos/airflowalura/venv/lib/python3.9/site-packages/airflow/example_dags/example_task_group_decorator.py
[2023-06-05 23:20:30,351] {processor.py:651} INFO - DAG(s) dict_keys(['example_task_group_decorator']) retrieved from /home/gui/Documentos/airflowalura/venv/lib/python3.9/site-packages/airflow/example_dags/example_task_group_decorator.py
[2023-06-05 23:20:30,441] {logging_mixin.py:115} INFO - [2023-06-05 23:20:30,441] {dag.py:2379} INFO - Sync 1 DAGs
[2023-06-05 23:20:30,471] {logging_mixin.py:115} INFO - [2023-06-05 23:20:30,471] {dag.py:2927} INFO - Setting next_dagrun for example_task_group_decorator to 2023-06-05T02:20:30.471120+00:00, run_after=2023-06-06T02:20:30.471120+00:00
[2023-06-05 23:20:30,523] {processor.py:161} INFO - Processing /home/gui/Documentos/airflowalura/venv/lib/python3.9/site-packages/airflow/example_dags/example_task_group_decorator.py took 0.232 seconds
[2023-06-05 23:21:05,497] {processor.py:153} INFO - Started process (PID=45877) to work on /home/gui/Documentos/airflowalura/venv/lib/python3.9/site-packages/airflow/example_dags/example_task_group_decorator.py
[2023-06-05 23:21:05,499] {processor.py:641} INFO - Processing file /home/gui/Documentos/airflowalura/venv/lib/python3.9/site-packages/airflow/example_dags/example_task_group_decorator.py for tasks to queue
[2023-06-05 23:21:05,500] {logging_mixin.py:115} INFO - [2023-06-05 23:21:05,499] {dagbag.py:507} INFO - Filling up the DagBag from /home/gui/Documentos/airflowalura/venv/lib/python3.9/site-packages/airflow/example_dags/example_task_group_decorator.py
[2023-06-05 23:21:05,545] {processor.py:651} INFO - DAG(s) dict_keys(['example_task_group_decorator']) retrieved from /home/gui/Documentos/airflowalura/venv/lib/python3.9/site-packages/airflow/example_dags/example_task_group_decorator.py
[2023-06-05 23:21:05,627] {logging_mixin.py:115} INFO - [2023-06-05 23:21:05,626] {dag.py:2379} INFO - Sync 1 DAGs
[2023-06-05 23:21:05,656] {logging_mixin.py:115} INFO - [2023-06-05 23:21:05,655] {dag.py:2927} INFO - Setting next_dagrun for example_task_group_decorator to 2023-06-05T02:21:05.655591+00:00, run_after=2023-06-06T02:21:05.655591+00:00
[2023-06-05 23:21:05,680] {processor.py:161} INFO - Processing /home/gui/Documentos/airflowalura/venv/lib/python3.9/site-packages/airflow/example_dags/example_task_group_decorator.py took 0.190 seconds
[2023-06-05 23:21:37,401] {processor.py:153} INFO - Started process (PID=45913) to work on /home/gui/Documentos/airflowalura/venv/lib/python3.9/site-packages/airflow/example_dags/example_task_group_decorator.py
[2023-06-05 23:21:37,402] {processor.py:641} INFO - Processing file /home/gui/Documentos/airflowalura/venv/lib/python3.9/site-packages/airflow/example_dags/example_task_group_decorator.py for tasks to queue
[2023-06-05 23:21:37,403] {logging_mixin.py:115} INFO - [2023-06-05 23:21:37,403] {dagbag.py:507} INFO - Filling up the DagBag from /home/gui/Documentos/airflowalura/venv/lib/python3.9/site-packages/airflow/example_dags/example_task_group_decorator.py
[2023-06-05 23:21:37,449] {processor.py:651} INFO - DAG(s) dict_keys(['example_task_group_decorator']) retrieved from /home/gui/Documentos/airflowalura/venv/lib/python3.9/site-packages/airflow/example_dags/example_task_group_decorator.py
[2023-06-05 23:21:37,482] {logging_mixin.py:115} INFO - [2023-06-05 23:21:37,482] {dag.py:2379} INFO - Sync 1 DAGs
[2023-06-05 23:21:37,513] {logging_mixin.py:115} INFO - [2023-06-05 23:21:37,513] {dag.py:2927} INFO - Setting next_dagrun for example_task_group_decorator to 2023-06-05T02:21:37.513015+00:00, run_after=2023-06-06T02:21:37.513015+00:00
[2023-06-05 23:21:37,549] {processor.py:161} INFO - Processing /home/gui/Documentos/airflowalura/venv/lib/python3.9/site-packages/airflow/example_dags/example_task_group_decorator.py took 0.154 seconds
[2023-06-05 23:22:11,188] {processor.py:153} INFO - Started process (PID=45952) to work on /home/gui/Documentos/airflowalura/venv/lib/python3.9/site-packages/airflow/example_dags/example_task_group_decorator.py
[2023-06-05 23:22:11,216] {processor.py:641} INFO - Processing file /home/gui/Documentos/airflowalura/venv/lib/python3.9/site-packages/airflow/example_dags/example_task_group_decorator.py for tasks to queue
[2023-06-05 23:22:11,217] {logging_mixin.py:115} INFO - [2023-06-05 23:22:11,217] {dagbag.py:507} INFO - Filling up the DagBag from /home/gui/Documentos/airflowalura/venv/lib/python3.9/site-packages/airflow/example_dags/example_task_group_decorator.py
[2023-06-05 23:22:11,270] {processor.py:651} INFO - DAG(s) dict_keys(['example_task_group_decorator']) retrieved from /home/gui/Documentos/airflowalura/venv/lib/python3.9/site-packages/airflow/example_dags/example_task_group_decorator.py
[2023-06-05 23:22:11,310] {logging_mixin.py:115} INFO - [2023-06-05 23:22:11,310] {dag.py:2379} INFO - Sync 1 DAGs
[2023-06-05 23:22:11,344] {logging_mixin.py:115} INFO - [2023-06-05 23:22:11,344] {dag.py:2927} INFO - Setting next_dagrun for example_task_group_decorator to 2023-06-05T02:22:11.343912+00:00, run_after=2023-06-06T02:22:11.343912+00:00
[2023-06-05 23:22:11,414] {processor.py:161} INFO - Processing /home/gui/Documentos/airflowalura/venv/lib/python3.9/site-packages/airflow/example_dags/example_task_group_decorator.py took 0.234 seconds
[2023-06-05 23:22:56,254] {processor.py:153} INFO - Started process (PID=46006) to work on /home/gui/Documentos/airflowalura/venv/lib/python3.9/site-packages/airflow/example_dags/example_task_group_decorator.py
[2023-06-05 23:22:56,255] {processor.py:641} INFO - Processing file /home/gui/Documentos/airflowalura/venv/lib/python3.9/site-packages/airflow/example_dags/example_task_group_decorator.py for tasks to queue
[2023-06-05 23:22:56,256] {logging_mixin.py:115} INFO - [2023-06-05 23:22:56,256] {dagbag.py:507} INFO - Filling up the DagBag from /home/gui/Documentos/airflowalura/venv/lib/python3.9/site-packages/airflow/example_dags/example_task_group_decorator.py
[2023-06-05 23:22:56,296] {processor.py:651} INFO - DAG(s) dict_keys(['example_task_group_decorator']) retrieved from /home/gui/Documentos/airflowalura/venv/lib/python3.9/site-packages/airflow/example_dags/example_task_group_decorator.py
[2023-06-05 23:22:56,328] {logging_mixin.py:115} INFO - [2023-06-05 23:22:56,328] {dag.py:2379} INFO - Sync 1 DAGs
[2023-06-05 23:22:56,358] {logging_mixin.py:115} INFO - [2023-06-05 23:22:56,357] {dag.py:2927} INFO - Setting next_dagrun for example_task_group_decorator to 2023-06-05T02:22:56.357478+00:00, run_after=2023-06-06T02:22:56.357478+00:00
[2023-06-05 23:22:56,561] {processor.py:161} INFO - Processing /home/gui/Documentos/airflowalura/venv/lib/python3.9/site-packages/airflow/example_dags/example_task_group_decorator.py took 0.313 seconds
[2023-06-05 23:23:34,683] {processor.py:153} INFO - Started process (PID=46045) to work on /home/gui/Documentos/airflowalura/venv/lib/python3.9/site-packages/airflow/example_dags/example_task_group_decorator.py
[2023-06-05 23:23:34,684] {processor.py:641} INFO - Processing file /home/gui/Documentos/airflowalura/venv/lib/python3.9/site-packages/airflow/example_dags/example_task_group_decorator.py for tasks to queue
[2023-06-05 23:23:34,685] {logging_mixin.py:115} INFO - [2023-06-05 23:23:34,685] {dagbag.py:507} INFO - Filling up the DagBag from /home/gui/Documentos/airflowalura/venv/lib/python3.9/site-packages/airflow/example_dags/example_task_group_decorator.py
[2023-06-05 23:23:34,730] {processor.py:651} INFO - DAG(s) dict_keys(['example_task_group_decorator']) retrieved from /home/gui/Documentos/airflowalura/venv/lib/python3.9/site-packages/airflow/example_dags/example_task_group_decorator.py
[2023-06-05 23:23:34,762] {logging_mixin.py:115} INFO - [2023-06-05 23:23:34,762] {dag.py:2379} INFO - Sync 1 DAGs
[2023-06-05 23:23:34,792] {logging_mixin.py:115} INFO - [2023-06-05 23:23:34,792] {dag.py:2927} INFO - Setting next_dagrun for example_task_group_decorator to 2023-06-05T02:23:34.791948+00:00, run_after=2023-06-06T02:23:34.791948+00:00
[2023-06-05 23:23:34,812] {processor.py:161} INFO - Processing /home/gui/Documentos/airflowalura/venv/lib/python3.9/site-packages/airflow/example_dags/example_task_group_decorator.py took 0.136 seconds
[2023-06-05 23:24:11,123] {processor.py:153} INFO - Started process (PID=46085) to work on /home/gui/Documentos/airflowalura/venv/lib/python3.9/site-packages/airflow/example_dags/example_task_group_decorator.py
[2023-06-05 23:24:11,125] {processor.py:641} INFO - Processing file /home/gui/Documentos/airflowalura/venv/lib/python3.9/site-packages/airflow/example_dags/example_task_group_decorator.py for tasks to queue
[2023-06-05 23:24:11,126] {logging_mixin.py:115} INFO - [2023-06-05 23:24:11,126] {dagbag.py:507} INFO - Filling up the DagBag from /home/gui/Documentos/airflowalura/venv/lib/python3.9/site-packages/airflow/example_dags/example_task_group_decorator.py
[2023-06-05 23:24:11,203] {processor.py:651} INFO - DAG(s) dict_keys(['example_task_group_decorator']) retrieved from /home/gui/Documentos/airflowalura/venv/lib/python3.9/site-packages/airflow/example_dags/example_task_group_decorator.py
[2023-06-05 23:24:11,240] {logging_mixin.py:115} INFO - [2023-06-05 23:24:11,239] {dag.py:2379} INFO - Sync 1 DAGs
[2023-06-05 23:24:11,277] {logging_mixin.py:115} INFO - [2023-06-05 23:24:11,276] {dag.py:2927} INFO - Setting next_dagrun for example_task_group_decorator to 2023-06-05T02:24:11.276258+00:00, run_after=2023-06-06T02:24:11.276258+00:00
[2023-06-05 23:24:11,330] {processor.py:161} INFO - Processing /home/gui/Documentos/airflowalura/venv/lib/python3.9/site-packages/airflow/example_dags/example_task_group_decorator.py took 0.214 seconds
[2023-06-05 23:24:45,963] {processor.py:153} INFO - Started process (PID=46122) to work on /home/gui/Documentos/airflowalura/venv/lib/python3.9/site-packages/airflow/example_dags/example_task_group_decorator.py
[2023-06-05 23:24:45,965] {processor.py:641} INFO - Processing file /home/gui/Documentos/airflowalura/venv/lib/python3.9/site-packages/airflow/example_dags/example_task_group_decorator.py for tasks to queue
[2023-06-05 23:24:45,966] {logging_mixin.py:115} INFO - [2023-06-05 23:24:45,966] {dagbag.py:507} INFO - Filling up the DagBag from /home/gui/Documentos/airflowalura/venv/lib/python3.9/site-packages/airflow/example_dags/example_task_group_decorator.py
[2023-06-05 23:24:46,021] {processor.py:651} INFO - DAG(s) dict_keys(['example_task_group_decorator']) retrieved from /home/gui/Documentos/airflowalura/venv/lib/python3.9/site-packages/airflow/example_dags/example_task_group_decorator.py
[2023-06-05 23:24:46,109] {logging_mixin.py:115} INFO - [2023-06-05 23:24:46,109] {dag.py:2379} INFO - Sync 1 DAGs
[2023-06-05 23:24:46,138] {logging_mixin.py:115} INFO - [2023-06-05 23:24:46,138] {dag.py:2927} INFO - Setting next_dagrun for example_task_group_decorator to 2023-06-05T02:24:46.137533+00:00, run_after=2023-06-06T02:24:46.137533+00:00
[2023-06-05 23:24:46,212] {processor.py:161} INFO - Processing /home/gui/Documentos/airflowalura/venv/lib/python3.9/site-packages/airflow/example_dags/example_task_group_decorator.py took 0.257 seconds
[2023-06-05 23:25:25,678] {processor.py:153} INFO - Started process (PID=46163) to work on /home/gui/Documentos/airflowalura/venv/lib/python3.9/site-packages/airflow/example_dags/example_task_group_decorator.py
[2023-06-05 23:25:25,680] {processor.py:641} INFO - Processing file /home/gui/Documentos/airflowalura/venv/lib/python3.9/site-packages/airflow/example_dags/example_task_group_decorator.py for tasks to queue
[2023-06-05 23:25:25,680] {logging_mixin.py:115} INFO - [2023-06-05 23:25:25,680] {dagbag.py:507} INFO - Filling up the DagBag from /home/gui/Documentos/airflowalura/venv/lib/python3.9/site-packages/airflow/example_dags/example_task_group_decorator.py
[2023-06-05 23:25:25,727] {processor.py:651} INFO - DAG(s) dict_keys(['example_task_group_decorator']) retrieved from /home/gui/Documentos/airflowalura/venv/lib/python3.9/site-packages/airflow/example_dags/example_task_group_decorator.py
[2023-06-05 23:25:25,820] {logging_mixin.py:115} INFO - [2023-06-05 23:25:25,819] {dag.py:2379} INFO - Sync 1 DAGs
[2023-06-05 23:25:25,851] {logging_mixin.py:115} INFO - [2023-06-05 23:25:25,851] {dag.py:2927} INFO - Setting next_dagrun for example_task_group_decorator to 2023-06-05T02:25:25.850791+00:00, run_after=2023-06-06T02:25:25.850791+00:00
[2023-06-05 23:25:25,886] {processor.py:161} INFO - Processing /home/gui/Documentos/airflowalura/venv/lib/python3.9/site-packages/airflow/example_dags/example_task_group_decorator.py took 0.215 seconds
[2023-06-05 23:26:02,363] {processor.py:153} INFO - Started process (PID=46229) to work on /home/gui/Documentos/airflowalura/venv/lib/python3.9/site-packages/airflow/example_dags/example_task_group_decorator.py
[2023-06-05 23:26:02,365] {processor.py:641} INFO - Processing file /home/gui/Documentos/airflowalura/venv/lib/python3.9/site-packages/airflow/example_dags/example_task_group_decorator.py for tasks to queue
[2023-06-05 23:26:02,366] {logging_mixin.py:115} INFO - [2023-06-05 23:26:02,366] {dagbag.py:507} INFO - Filling up the DagBag from /home/gui/Documentos/airflowalura/venv/lib/python3.9/site-packages/airflow/example_dags/example_task_group_decorator.py
[2023-06-05 23:26:02,425] {processor.py:651} INFO - DAG(s) dict_keys(['example_task_group_decorator']) retrieved from /home/gui/Documentos/airflowalura/venv/lib/python3.9/site-packages/airflow/example_dags/example_task_group_decorator.py
[2023-06-05 23:26:02,473] {logging_mixin.py:115} INFO - [2023-06-05 23:26:02,473] {dag.py:2379} INFO - Sync 1 DAGs
[2023-06-05 23:26:02,506] {logging_mixin.py:115} INFO - [2023-06-05 23:26:02,505] {dag.py:2927} INFO - Setting next_dagrun for example_task_group_decorator to 2023-06-05T02:26:02.505479+00:00, run_after=2023-06-06T02:26:02.505479+00:00
[2023-06-05 23:26:02,525] {processor.py:161} INFO - Processing /home/gui/Documentos/airflowalura/venv/lib/python3.9/site-packages/airflow/example_dags/example_task_group_decorator.py took 0.168 seconds
[2023-06-05 23:30:53,335] {processor.py:153} INFO - Started process (PID=46701) to work on /home/gui/Documentos/airflowalura/venv/lib/python3.9/site-packages/airflow/example_dags/example_task_group_decorator.py
[2023-06-05 23:30:53,339] {processor.py:641} INFO - Processing file /home/gui/Documentos/airflowalura/venv/lib/python3.9/site-packages/airflow/example_dags/example_task_group_decorator.py for tasks to queue
[2023-06-05 23:30:53,340] {logging_mixin.py:115} INFO - [2023-06-05 23:30:53,340] {dagbag.py:507} INFO - Filling up the DagBag from /home/gui/Documentos/airflowalura/venv/lib/python3.9/site-packages/airflow/example_dags/example_task_group_decorator.py
[2023-06-05 23:30:53,394] {processor.py:651} INFO - DAG(s) dict_keys(['example_task_group_decorator']) retrieved from /home/gui/Documentos/airflowalura/venv/lib/python3.9/site-packages/airflow/example_dags/example_task_group_decorator.py
[2023-06-05 23:30:53,485] {logging_mixin.py:115} INFO - [2023-06-05 23:30:53,485] {dag.py:2379} INFO - Sync 1 DAGs
[2023-06-05 23:30:53,517] {logging_mixin.py:115} INFO - [2023-06-05 23:30:53,517] {dag.py:2927} INFO - Setting next_dagrun for example_task_group_decorator to 2023-06-05T02:30:53.517070+00:00, run_after=2023-06-06T02:30:53.517070+00:00
[2023-06-05 23:30:53,639] {processor.py:161} INFO - Processing /home/gui/Documentos/airflowalura/venv/lib/python3.9/site-packages/airflow/example_dags/example_task_group_decorator.py took 0.317 seconds
[2023-06-05 23:31:51,237] {processor.py:153} INFO - Started process (PID=46963) to work on /home/gui/Documentos/airflowalura/venv/lib/python3.9/site-packages/airflow/example_dags/example_task_group_decorator.py
[2023-06-05 23:31:51,247] {processor.py:641} INFO - Processing file /home/gui/Documentos/airflowalura/venv/lib/python3.9/site-packages/airflow/example_dags/example_task_group_decorator.py for tasks to queue
[2023-06-05 23:31:51,248] {logging_mixin.py:115} INFO - [2023-06-05 23:31:51,248] {dagbag.py:507} INFO - Filling up the DagBag from /home/gui/Documentos/airflowalura/venv/lib/python3.9/site-packages/airflow/example_dags/example_task_group_decorator.py
[2023-06-05 23:31:51,351] {processor.py:651} INFO - DAG(s) dict_keys(['example_task_group_decorator']) retrieved from /home/gui/Documentos/airflowalura/venv/lib/python3.9/site-packages/airflow/example_dags/example_task_group_decorator.py
[2023-06-05 23:31:51,473] {logging_mixin.py:115} INFO - [2023-06-05 23:31:51,472] {dag.py:2379} INFO - Sync 1 DAGs
[2023-06-05 23:31:51,505] {logging_mixin.py:115} INFO - [2023-06-05 23:31:51,505] {dag.py:2927} INFO - Setting next_dagrun for example_task_group_decorator to 2023-06-05T02:31:51.505201+00:00, run_after=2023-06-06T02:31:51.505201+00:00
[2023-06-05 23:31:51,591] {processor.py:161} INFO - Processing /home/gui/Documentos/airflowalura/venv/lib/python3.9/site-packages/airflow/example_dags/example_task_group_decorator.py took 0.372 seconds
[2023-06-05 23:32:37,069] {processor.py:153} INFO - Started process (PID=47592) to work on /home/gui/Documentos/airflowalura/venv/lib/python3.9/site-packages/airflow/example_dags/example_task_group_decorator.py
[2023-06-05 23:32:37,093] {processor.py:641} INFO - Processing file /home/gui/Documentos/airflowalura/venv/lib/python3.9/site-packages/airflow/example_dags/example_task_group_decorator.py for tasks to queue
[2023-06-05 23:32:37,094] {logging_mixin.py:115} INFO - [2023-06-05 23:32:37,094] {dagbag.py:507} INFO - Filling up the DagBag from /home/gui/Documentos/airflowalura/venv/lib/python3.9/site-packages/airflow/example_dags/example_task_group_decorator.py
[2023-06-05 23:32:37,156] {processor.py:651} INFO - DAG(s) dict_keys(['example_task_group_decorator']) retrieved from /home/gui/Documentos/airflowalura/venv/lib/python3.9/site-packages/airflow/example_dags/example_task_group_decorator.py
[2023-06-05 23:32:37,259] {logging_mixin.py:115} INFO - [2023-06-05 23:32:37,259] {dag.py:2379} INFO - Sync 1 DAGs
[2023-06-05 23:32:37,309] {logging_mixin.py:115} INFO - [2023-06-05 23:32:37,309] {dag.py:2927} INFO - Setting next_dagrun for example_task_group_decorator to 2023-06-05T02:32:37.308849+00:00, run_after=2023-06-06T02:32:37.308849+00:00
[2023-06-05 23:32:37,402] {processor.py:161} INFO - Processing /home/gui/Documentos/airflowalura/venv/lib/python3.9/site-packages/airflow/example_dags/example_task_group_decorator.py took 0.345 seconds
[2023-06-05 23:33:19,557] {processor.py:153} INFO - Started process (PID=48236) to work on /home/gui/Documentos/airflowalura/venv/lib/python3.9/site-packages/airflow/example_dags/example_task_group_decorator.py
[2023-06-05 23:33:19,611] {processor.py:641} INFO - Processing file /home/gui/Documentos/airflowalura/venv/lib/python3.9/site-packages/airflow/example_dags/example_task_group_decorator.py for tasks to queue
[2023-06-05 23:33:19,612] {logging_mixin.py:115} INFO - [2023-06-05 23:33:19,612] {dagbag.py:507} INFO - Filling up the DagBag from /home/gui/Documentos/airflowalura/venv/lib/python3.9/site-packages/airflow/example_dags/example_task_group_decorator.py
[2023-06-05 23:33:19,702] {processor.py:651} INFO - DAG(s) dict_keys(['example_task_group_decorator']) retrieved from /home/gui/Documentos/airflowalura/venv/lib/python3.9/site-packages/airflow/example_dags/example_task_group_decorator.py
[2023-06-05 23:33:20,160] {logging_mixin.py:115} INFO - [2023-06-05 23:33:20,155] {dag.py:2379} INFO - Sync 1 DAGs
[2023-06-05 23:33:20,253] {logging_mixin.py:115} INFO - [2023-06-05 23:33:20,253] {dag.py:2927} INFO - Setting next_dagrun for example_task_group_decorator to 2023-06-05T02:33:20.252443+00:00, run_after=2023-06-06T02:33:20.252443+00:00
[2023-06-05 23:33:20,297] {processor.py:161} INFO - Processing /home/gui/Documentos/airflowalura/venv/lib/python3.9/site-packages/airflow/example_dags/example_task_group_decorator.py took 0.746 seconds
[2023-06-05 23:34:00,694] {processor.py:153} INFO - Started process (PID=48859) to work on /home/gui/Documentos/airflowalura/venv/lib/python3.9/site-packages/airflow/example_dags/example_task_group_decorator.py
[2023-06-05 23:34:00,699] {processor.py:641} INFO - Processing file /home/gui/Documentos/airflowalura/venv/lib/python3.9/site-packages/airflow/example_dags/example_task_group_decorator.py for tasks to queue
[2023-06-05 23:34:00,700] {logging_mixin.py:115} INFO - [2023-06-05 23:34:00,700] {dagbag.py:507} INFO - Filling up the DagBag from /home/gui/Documentos/airflowalura/venv/lib/python3.9/site-packages/airflow/example_dags/example_task_group_decorator.py
[2023-06-05 23:34:00,773] {processor.py:651} INFO - DAG(s) dict_keys(['example_task_group_decorator']) retrieved from /home/gui/Documentos/airflowalura/venv/lib/python3.9/site-packages/airflow/example_dags/example_task_group_decorator.py
[2023-06-05 23:34:00,886] {logging_mixin.py:115} INFO - [2023-06-05 23:34:00,885] {dag.py:2379} INFO - Sync 1 DAGs
[2023-06-05 23:34:00,919] {logging_mixin.py:115} INFO - [2023-06-05 23:34:00,919] {dag.py:2927} INFO - Setting next_dagrun for example_task_group_decorator to 2023-06-05T02:34:00.918872+00:00, run_after=2023-06-06T02:34:00.918872+00:00
[2023-06-05 23:34:01,155] {processor.py:161} INFO - Processing /home/gui/Documentos/airflowalura/venv/lib/python3.9/site-packages/airflow/example_dags/example_task_group_decorator.py took 0.472 seconds
[2023-06-05 23:34:37,144] {processor.py:153} INFO - Started process (PID=49484) to work on /home/gui/Documentos/airflowalura/venv/lib/python3.9/site-packages/airflow/example_dags/example_task_group_decorator.py
[2023-06-05 23:34:37,145] {processor.py:641} INFO - Processing file /home/gui/Documentos/airflowalura/venv/lib/python3.9/site-packages/airflow/example_dags/example_task_group_decorator.py for tasks to queue
[2023-06-05 23:34:37,146] {logging_mixin.py:115} INFO - [2023-06-05 23:34:37,145] {dagbag.py:507} INFO - Filling up the DagBag from /home/gui/Documentos/airflowalura/venv/lib/python3.9/site-packages/airflow/example_dags/example_task_group_decorator.py
[2023-06-05 23:34:37,195] {processor.py:651} INFO - DAG(s) dict_keys(['example_task_group_decorator']) retrieved from /home/gui/Documentos/airflowalura/venv/lib/python3.9/site-packages/airflow/example_dags/example_task_group_decorator.py
[2023-06-05 23:34:37,292] {logging_mixin.py:115} INFO - [2023-06-05 23:34:37,292] {dag.py:2379} INFO - Sync 1 DAGs
[2023-06-05 23:34:37,324] {logging_mixin.py:115} INFO - [2023-06-05 23:34:37,324] {dag.py:2927} INFO - Setting next_dagrun for example_task_group_decorator to 2023-06-05T02:34:37.323987+00:00, run_after=2023-06-06T02:34:37.323987+00:00
[2023-06-05 23:34:37,359] {processor.py:161} INFO - Processing /home/gui/Documentos/airflowalura/venv/lib/python3.9/site-packages/airflow/example_dags/example_task_group_decorator.py took 0.225 seconds
[2023-06-05 23:35:17,713] {processor.py:153} INFO - Started process (PID=49546) to work on /home/gui/Documentos/airflowalura/venv/lib/python3.9/site-packages/airflow/example_dags/example_task_group_decorator.py
[2023-06-05 23:35:17,714] {processor.py:641} INFO - Processing file /home/gui/Documentos/airflowalura/venv/lib/python3.9/site-packages/airflow/example_dags/example_task_group_decorator.py for tasks to queue
[2023-06-05 23:35:17,715] {logging_mixin.py:115} INFO - [2023-06-05 23:35:17,715] {dagbag.py:507} INFO - Filling up the DagBag from /home/gui/Documentos/airflowalura/venv/lib/python3.9/site-packages/airflow/example_dags/example_task_group_decorator.py
[2023-06-05 23:35:17,777] {processor.py:651} INFO - DAG(s) dict_keys(['example_task_group_decorator']) retrieved from /home/gui/Documentos/airflowalura/venv/lib/python3.9/site-packages/airflow/example_dags/example_task_group_decorator.py
[2023-06-05 23:35:17,909] {logging_mixin.py:115} INFO - [2023-06-05 23:35:17,909] {dag.py:2379} INFO - Sync 1 DAGs
[2023-06-05 23:35:17,949] {logging_mixin.py:115} INFO - [2023-06-05 23:35:17,949] {dag.py:2927} INFO - Setting next_dagrun for example_task_group_decorator to 2023-06-05T02:35:17.949071+00:00, run_after=2023-06-06T02:35:17.949071+00:00
[2023-06-05 23:35:17,983] {processor.py:161} INFO - Processing /home/gui/Documentos/airflowalura/venv/lib/python3.9/site-packages/airflow/example_dags/example_task_group_decorator.py took 0.285 seconds
[2023-06-05 23:35:59,885] {processor.py:153} INFO - Started process (PID=49605) to work on /home/gui/Documentos/airflowalura/venv/lib/python3.9/site-packages/airflow/example_dags/example_task_group_decorator.py
[2023-06-05 23:35:59,891] {processor.py:641} INFO - Processing file /home/gui/Documentos/airflowalura/venv/lib/python3.9/site-packages/airflow/example_dags/example_task_group_decorator.py for tasks to queue
[2023-06-05 23:35:59,892] {logging_mixin.py:115} INFO - [2023-06-05 23:35:59,892] {dagbag.py:507} INFO - Filling up the DagBag from /home/gui/Documentos/airflowalura/venv/lib/python3.9/site-packages/airflow/example_dags/example_task_group_decorator.py
[2023-06-05 23:35:59,959] {processor.py:651} INFO - DAG(s) dict_keys(['example_task_group_decorator']) retrieved from /home/gui/Documentos/airflowalura/venv/lib/python3.9/site-packages/airflow/example_dags/example_task_group_decorator.py
[2023-06-05 23:36:00,121] {logging_mixin.py:115} INFO - [2023-06-05 23:36:00,121] {dag.py:2379} INFO - Sync 1 DAGs
[2023-06-05 23:36:00,158] {logging_mixin.py:115} INFO - [2023-06-05 23:36:00,157] {dag.py:2927} INFO - Setting next_dagrun for example_task_group_decorator to 2023-06-05T02:36:00.156969+00:00, run_after=2023-06-06T02:36:00.156969+00:00
[2023-06-05 23:36:00,526] {processor.py:161} INFO - Processing /home/gui/Documentos/airflowalura/venv/lib/python3.9/site-packages/airflow/example_dags/example_task_group_decorator.py took 0.650 seconds
[2023-06-05 23:36:36,534] {processor.py:153} INFO - Started process (PID=49676) to work on /home/gui/Documentos/airflowalura/venv/lib/python3.9/site-packages/airflow/example_dags/example_task_group_decorator.py
[2023-06-05 23:36:36,540] {processor.py:641} INFO - Processing file /home/gui/Documentos/airflowalura/venv/lib/python3.9/site-packages/airflow/example_dags/example_task_group_decorator.py for tasks to queue
[2023-06-05 23:36:36,541] {logging_mixin.py:115} INFO - [2023-06-05 23:36:36,541] {dagbag.py:507} INFO - Filling up the DagBag from /home/gui/Documentos/airflowalura/venv/lib/python3.9/site-packages/airflow/example_dags/example_task_group_decorator.py
[2023-06-05 23:36:36,636] {processor.py:651} INFO - DAG(s) dict_keys(['example_task_group_decorator']) retrieved from /home/gui/Documentos/airflowalura/venv/lib/python3.9/site-packages/airflow/example_dags/example_task_group_decorator.py
[2023-06-05 23:36:36,688] {logging_mixin.py:115} INFO - [2023-06-05 23:36:36,688] {dag.py:2379} INFO - Sync 1 DAGs
[2023-06-05 23:36:36,746] {logging_mixin.py:115} INFO - [2023-06-05 23:36:36,746] {dag.py:2927} INFO - Setting next_dagrun for example_task_group_decorator to 2023-06-05T02:36:36.746074+00:00, run_after=2023-06-06T02:36:36.746074+00:00
[2023-06-05 23:36:36,825] {processor.py:161} INFO - Processing /home/gui/Documentos/airflowalura/venv/lib/python3.9/site-packages/airflow/example_dags/example_task_group_decorator.py took 0.306 seconds
[2023-06-05 23:37:19,993] {processor.py:153} INFO - Started process (PID=49769) to work on /home/gui/Documentos/airflowalura/venv/lib/python3.9/site-packages/airflow/example_dags/example_task_group_decorator.py
[2023-06-05 23:37:20,004] {processor.py:641} INFO - Processing file /home/gui/Documentos/airflowalura/venv/lib/python3.9/site-packages/airflow/example_dags/example_task_group_decorator.py for tasks to queue
[2023-06-05 23:37:20,005] {logging_mixin.py:115} INFO - [2023-06-05 23:37:20,005] {dagbag.py:507} INFO - Filling up the DagBag from /home/gui/Documentos/airflowalura/venv/lib/python3.9/site-packages/airflow/example_dags/example_task_group_decorator.py
[2023-06-05 23:37:20,088] {processor.py:651} INFO - DAG(s) dict_keys(['example_task_group_decorator']) retrieved from /home/gui/Documentos/airflowalura/venv/lib/python3.9/site-packages/airflow/example_dags/example_task_group_decorator.py
[2023-06-05 23:37:20,286] {logging_mixin.py:115} INFO - [2023-06-05 23:37:20,286] {dag.py:2379} INFO - Sync 1 DAGs
[2023-06-05 23:37:20,323] {logging_mixin.py:115} INFO - [2023-06-05 23:37:20,323] {dag.py:2927} INFO - Setting next_dagrun for example_task_group_decorator to 2023-06-05T02:37:20.322327+00:00, run_after=2023-06-06T02:37:20.322327+00:00
[2023-06-05 23:37:20,466] {processor.py:161} INFO - Processing /home/gui/Documentos/airflowalura/venv/lib/python3.9/site-packages/airflow/example_dags/example_task_group_decorator.py took 0.489 seconds
[2023-06-05 23:37:59,351] {processor.py:153} INFO - Started process (PID=49882) to work on /home/gui/Documentos/airflowalura/venv/lib/python3.9/site-packages/airflow/example_dags/example_task_group_decorator.py
[2023-06-05 23:37:59,352] {processor.py:641} INFO - Processing file /home/gui/Documentos/airflowalura/venv/lib/python3.9/site-packages/airflow/example_dags/example_task_group_decorator.py for tasks to queue
[2023-06-05 23:37:59,353] {logging_mixin.py:115} INFO - [2023-06-05 23:37:59,353] {dagbag.py:507} INFO - Filling up the DagBag from /home/gui/Documentos/airflowalura/venv/lib/python3.9/site-packages/airflow/example_dags/example_task_group_decorator.py
[2023-06-05 23:37:59,396] {processor.py:651} INFO - DAG(s) dict_keys(['example_task_group_decorator']) retrieved from /home/gui/Documentos/airflowalura/venv/lib/python3.9/site-packages/airflow/example_dags/example_task_group_decorator.py
[2023-06-05 23:37:59,429] {logging_mixin.py:115} INFO - [2023-06-05 23:37:59,428] {dag.py:2379} INFO - Sync 1 DAGs
[2023-06-05 23:37:59,458] {logging_mixin.py:115} INFO - [2023-06-05 23:37:59,458] {dag.py:2927} INFO - Setting next_dagrun for example_task_group_decorator to 2023-06-05T02:37:59.458148+00:00, run_after=2023-06-06T02:37:59.458148+00:00
[2023-06-05 23:37:59,482] {processor.py:161} INFO - Processing /home/gui/Documentos/airflowalura/venv/lib/python3.9/site-packages/airflow/example_dags/example_task_group_decorator.py took 0.137 seconds
[2023-06-05 23:38:45,619] {processor.py:153} INFO - Started process (PID=49962) to work on /home/gui/Documentos/airflowalura/venv/lib/python3.9/site-packages/airflow/example_dags/example_task_group_decorator.py
[2023-06-05 23:38:45,624] {processor.py:641} INFO - Processing file /home/gui/Documentos/airflowalura/venv/lib/python3.9/site-packages/airflow/example_dags/example_task_group_decorator.py for tasks to queue
[2023-06-05 23:38:45,625] {logging_mixin.py:115} INFO - [2023-06-05 23:38:45,625] {dagbag.py:507} INFO - Filling up the DagBag from /home/gui/Documentos/airflowalura/venv/lib/python3.9/site-packages/airflow/example_dags/example_task_group_decorator.py
[2023-06-05 23:38:45,694] {processor.py:651} INFO - DAG(s) dict_keys(['example_task_group_decorator']) retrieved from /home/gui/Documentos/airflowalura/venv/lib/python3.9/site-packages/airflow/example_dags/example_task_group_decorator.py
[2023-06-05 23:38:45,774] {logging_mixin.py:115} INFO - [2023-06-05 23:38:45,774] {dag.py:2379} INFO - Sync 1 DAGs
[2023-06-05 23:38:45,811] {logging_mixin.py:115} INFO - [2023-06-05 23:38:45,811] {dag.py:2927} INFO - Setting next_dagrun for example_task_group_decorator to 2023-06-05T02:38:45.810759+00:00, run_after=2023-06-06T02:38:45.810759+00:00
[2023-06-05 23:38:45,842] {processor.py:161} INFO - Processing /home/gui/Documentos/airflowalura/venv/lib/python3.9/site-packages/airflow/example_dags/example_task_group_decorator.py took 0.231 seconds
[2023-06-05 23:39:21,136] {processor.py:153} INFO - Started process (PID=50020) to work on /home/gui/Documentos/airflowalura/venv/lib/python3.9/site-packages/airflow/example_dags/example_task_group_decorator.py
[2023-06-05 23:39:21,143] {processor.py:641} INFO - Processing file /home/gui/Documentos/airflowalura/venv/lib/python3.9/site-packages/airflow/example_dags/example_task_group_decorator.py for tasks to queue
[2023-06-05 23:39:21,144] {logging_mixin.py:115} INFO - [2023-06-05 23:39:21,143] {dagbag.py:507} INFO - Filling up the DagBag from /home/gui/Documentos/airflowalura/venv/lib/python3.9/site-packages/airflow/example_dags/example_task_group_decorator.py
[2023-06-05 23:39:21,225] {processor.py:651} INFO - DAG(s) dict_keys(['example_task_group_decorator']) retrieved from /home/gui/Documentos/airflowalura/venv/lib/python3.9/site-packages/airflow/example_dags/example_task_group_decorator.py
[2023-06-05 23:39:21,339] {logging_mixin.py:115} INFO - [2023-06-05 23:39:21,339] {dag.py:2379} INFO - Sync 1 DAGs
[2023-06-05 23:39:21,378] {logging_mixin.py:115} INFO - [2023-06-05 23:39:21,377] {dag.py:2927} INFO - Setting next_dagrun for example_task_group_decorator to 2023-06-05T02:39:21.377073+00:00, run_after=2023-06-06T02:39:21.377073+00:00
[2023-06-05 23:39:21,450] {processor.py:161} INFO - Processing /home/gui/Documentos/airflowalura/venv/lib/python3.9/site-packages/airflow/example_dags/example_task_group_decorator.py took 0.320 seconds
[2023-06-05 23:39:55,747] {processor.py:153} INFO - Started process (PID=50211) to work on /home/gui/Documentos/airflowalura/venv/lib/python3.9/site-packages/airflow/example_dags/example_task_group_decorator.py
[2023-06-05 23:39:55,751] {processor.py:641} INFO - Processing file /home/gui/Documentos/airflowalura/venv/lib/python3.9/site-packages/airflow/example_dags/example_task_group_decorator.py for tasks to queue
[2023-06-05 23:39:55,753] {logging_mixin.py:115} INFO - [2023-06-05 23:39:55,752] {dagbag.py:507} INFO - Filling up the DagBag from /home/gui/Documentos/airflowalura/venv/lib/python3.9/site-packages/airflow/example_dags/example_task_group_decorator.py
[2023-06-05 23:39:55,838] {processor.py:651} INFO - DAG(s) dict_keys(['example_task_group_decorator']) retrieved from /home/gui/Documentos/airflowalura/venv/lib/python3.9/site-packages/airflow/example_dags/example_task_group_decorator.py
[2023-06-05 23:39:55,898] {logging_mixin.py:115} INFO - [2023-06-05 23:39:55,897] {dag.py:2379} INFO - Sync 1 DAGs
[2023-06-05 23:39:55,940] {logging_mixin.py:115} INFO - [2023-06-05 23:39:55,940] {dag.py:2927} INFO - Setting next_dagrun for example_task_group_decorator to 2023-06-05T02:39:55.939923+00:00, run_after=2023-06-06T02:39:55.939923+00:00
[2023-06-05 23:39:55,968] {processor.py:161} INFO - Processing /home/gui/Documentos/airflowalura/venv/lib/python3.9/site-packages/airflow/example_dags/example_task_group_decorator.py took 0.240 seconds
[2023-06-05 23:40:34,269] {processor.py:153} INFO - Started process (PID=50405) to work on /home/gui/Documentos/airflowalura/venv/lib/python3.9/site-packages/airflow/example_dags/example_task_group_decorator.py
[2023-06-05 23:40:34,275] {processor.py:641} INFO - Processing file /home/gui/Documentos/airflowalura/venv/lib/python3.9/site-packages/airflow/example_dags/example_task_group_decorator.py for tasks to queue
[2023-06-05 23:40:34,276] {logging_mixin.py:115} INFO - [2023-06-05 23:40:34,276] {dagbag.py:507} INFO - Filling up the DagBag from /home/gui/Documentos/airflowalura/venv/lib/python3.9/site-packages/airflow/example_dags/example_task_group_decorator.py
[2023-06-05 23:40:34,355] {processor.py:651} INFO - DAG(s) dict_keys(['example_task_group_decorator']) retrieved from /home/gui/Documentos/airflowalura/venv/lib/python3.9/site-packages/airflow/example_dags/example_task_group_decorator.py
[2023-06-05 23:40:34,403] {logging_mixin.py:115} INFO - [2023-06-05 23:40:34,403] {dag.py:2379} INFO - Sync 1 DAGs
[2023-06-05 23:40:34,446] {logging_mixin.py:115} INFO - [2023-06-05 23:40:34,445] {dag.py:2927} INFO - Setting next_dagrun for example_task_group_decorator to 2023-06-05T02:40:34.445351+00:00, run_after=2023-06-06T02:40:34.445351+00:00
[2023-06-05 23:40:34,470] {processor.py:161} INFO - Processing /home/gui/Documentos/airflowalura/venv/lib/python3.9/site-packages/airflow/example_dags/example_task_group_decorator.py took 0.217 seconds
[2023-06-05 23:41:11,824] {processor.py:153} INFO - Started process (PID=50700) to work on /home/gui/Documentos/airflowalura/venv/lib/python3.9/site-packages/airflow/example_dags/example_task_group_decorator.py
[2023-06-05 23:41:11,831] {processor.py:641} INFO - Processing file /home/gui/Documentos/airflowalura/venv/lib/python3.9/site-packages/airflow/example_dags/example_task_group_decorator.py for tasks to queue
[2023-06-05 23:41:11,832] {logging_mixin.py:115} INFO - [2023-06-05 23:41:11,832] {dagbag.py:507} INFO - Filling up the DagBag from /home/gui/Documentos/airflowalura/venv/lib/python3.9/site-packages/airflow/example_dags/example_task_group_decorator.py
[2023-06-05 23:41:11,910] {processor.py:651} INFO - DAG(s) dict_keys(['example_task_group_decorator']) retrieved from /home/gui/Documentos/airflowalura/venv/lib/python3.9/site-packages/airflow/example_dags/example_task_group_decorator.py
[2023-06-05 23:41:12,025] {logging_mixin.py:115} INFO - [2023-06-05 23:41:12,025] {dag.py:2379} INFO - Sync 1 DAGs
[2023-06-05 23:41:12,062] {logging_mixin.py:115} INFO - [2023-06-05 23:41:12,062] {dag.py:2927} INFO - Setting next_dagrun for example_task_group_decorator to 2023-06-05T02:41:12.061851+00:00, run_after=2023-06-06T02:41:12.061851+00:00
[2023-06-05 23:41:12,146] {processor.py:161} INFO - Processing /home/gui/Documentos/airflowalura/venv/lib/python3.9/site-packages/airflow/example_dags/example_task_group_decorator.py took 0.330 seconds
[2023-06-05 23:41:52,541] {processor.py:153} INFO - Started process (PID=50777) to work on /home/gui/Documentos/airflowalura/venv/lib/python3.9/site-packages/airflow/example_dags/example_task_group_decorator.py
[2023-06-05 23:41:52,546] {processor.py:641} INFO - Processing file /home/gui/Documentos/airflowalura/venv/lib/python3.9/site-packages/airflow/example_dags/example_task_group_decorator.py for tasks to queue
[2023-06-05 23:41:52,546] {logging_mixin.py:115} INFO - [2023-06-05 23:41:52,546] {dagbag.py:507} INFO - Filling up the DagBag from /home/gui/Documentos/airflowalura/venv/lib/python3.9/site-packages/airflow/example_dags/example_task_group_decorator.py
[2023-06-05 23:41:52,600] {processor.py:651} INFO - DAG(s) dict_keys(['example_task_group_decorator']) retrieved from /home/gui/Documentos/airflowalura/venv/lib/python3.9/site-packages/airflow/example_dags/example_task_group_decorator.py
[2023-06-05 23:41:52,638] {logging_mixin.py:115} INFO - [2023-06-05 23:41:52,638] {dag.py:2379} INFO - Sync 1 DAGs
[2023-06-05 23:41:52,682] {logging_mixin.py:115} INFO - [2023-06-05 23:41:52,682] {dag.py:2927} INFO - Setting next_dagrun for example_task_group_decorator to 2023-06-05T02:41:52.681365+00:00, run_after=2023-06-06T02:41:52.681365+00:00
[2023-06-05 23:41:52,708] {processor.py:161} INFO - Processing /home/gui/Documentos/airflowalura/venv/lib/python3.9/site-packages/airflow/example_dags/example_task_group_decorator.py took 0.175 seconds
[2023-06-05 23:42:28,188] {processor.py:153} INFO - Started process (PID=50852) to work on /home/gui/Documentos/airflowalura/venv/lib/python3.9/site-packages/airflow/example_dags/example_task_group_decorator.py
[2023-06-05 23:42:28,195] {processor.py:641} INFO - Processing file /home/gui/Documentos/airflowalura/venv/lib/python3.9/site-packages/airflow/example_dags/example_task_group_decorator.py for tasks to queue
[2023-06-05 23:42:28,197] {logging_mixin.py:115} INFO - [2023-06-05 23:42:28,196] {dagbag.py:507} INFO - Filling up the DagBag from /home/gui/Documentos/airflowalura/venv/lib/python3.9/site-packages/airflow/example_dags/example_task_group_decorator.py
[2023-06-05 23:42:28,269] {processor.py:651} INFO - DAG(s) dict_keys(['example_task_group_decorator']) retrieved from /home/gui/Documentos/airflowalura/venv/lib/python3.9/site-packages/airflow/example_dags/example_task_group_decorator.py
[2023-06-05 23:42:28,397] {logging_mixin.py:115} INFO - [2023-06-05 23:42:28,397] {dag.py:2379} INFO - Sync 1 DAGs
[2023-06-05 23:42:28,431] {logging_mixin.py:115} INFO - [2023-06-05 23:42:28,431] {dag.py:2927} INFO - Setting next_dagrun for example_task_group_decorator to 2023-06-05T02:42:28.430565+00:00, run_after=2023-06-06T02:42:28.430565+00:00
[2023-06-05 23:42:28,475] {processor.py:161} INFO - Processing /home/gui/Documentos/airflowalura/venv/lib/python3.9/site-packages/airflow/example_dags/example_task_group_decorator.py took 0.295 seconds
