[2023-06-05 23:02:20,545] {processor.py:153} INFO - Started process (PID=44520) to work on /home/gui/Documentos/airflowalura/venv/lib/python3.9/site-packages/airflow/example_dags/example_short_circuit_operator.py
[2023-06-05 23:02:20,546] {processor.py:641} INFO - Processing file /home/gui/Documentos/airflowalura/venv/lib/python3.9/site-packages/airflow/example_dags/example_short_circuit_operator.py for tasks to queue
[2023-06-05 23:02:20,546] {logging_mixin.py:115} INFO - [2023-06-05 23:02:20,546] {dagbag.py:507} INFO - Filling up the DagBag from /home/gui/Documentos/airflowalura/venv/lib/python3.9/site-packages/airflow/example_dags/example_short_circuit_operator.py
[2023-06-05 23:02:20,562] {processor.py:651} INFO - DAG(s) dict_keys(['example_short_circuit_operator']) retrieved from /home/gui/Documentos/airflowalura/venv/lib/python3.9/site-packages/airflow/example_dags/example_short_circuit_operator.py
[2023-06-05 23:02:20,678] {logging_mixin.py:115} INFO - [2023-06-05 23:02:20,678] {manager.py:508} INFO - Created Permission View: can read on DAG:example_short_circuit_operator
[2023-06-05 23:02:20,693] {logging_mixin.py:115} INFO - [2023-06-05 23:02:20,693] {manager.py:508} INFO - Created Permission View: can edit on DAG:example_short_circuit_operator
[2023-06-05 23:02:20,704] {logging_mixin.py:115} INFO - [2023-06-05 23:02:20,704] {manager.py:508} INFO - Created Permission View: can delete on DAG:example_short_circuit_operator
[2023-06-05 23:02:20,704] {logging_mixin.py:115} INFO - [2023-06-05 23:02:20,704] {dag.py:2379} INFO - Sync 1 DAGs
[2023-06-05 23:02:20,720] {logging_mixin.py:115} INFO - [2023-06-05 23:02:20,720] {dag.py:2398} INFO - Creating ORM DAG for example_short_circuit_operator
[2023-06-05 23:02:20,734] {logging_mixin.py:115} INFO - [2023-06-05 23:02:20,733] {dag.py:2927} INFO - Setting next_dagrun for example_short_circuit_operator to 2023-06-05T02:02:20.733514+00:00, run_after=2023-06-06T02:02:20.733514+00:00
[2023-06-05 23:02:20,756] {processor.py:161} INFO - Processing /home/gui/Documentos/airflowalura/venv/lib/python3.9/site-packages/airflow/example_dags/example_short_circuit_operator.py took 0.217 seconds
[2023-06-05 23:05:28,393] {processor.py:153} INFO - Started process (PID=44971) to work on /home/gui/Documentos/airflowalura/venv/lib/python3.9/site-packages/airflow/example_dags/example_short_circuit_operator.py
[2023-06-05 23:05:28,394] {processor.py:641} INFO - Processing file /home/gui/Documentos/airflowalura/venv/lib/python3.9/site-packages/airflow/example_dags/example_short_circuit_operator.py for tasks to queue
[2023-06-05 23:05:28,395] {logging_mixin.py:115} INFO - [2023-06-05 23:05:28,395] {dagbag.py:507} INFO - Filling up the DagBag from /home/gui/Documentos/airflowalura/venv/lib/python3.9/site-packages/airflow/example_dags/example_short_circuit_operator.py
[2023-06-05 23:05:28,411] {processor.py:651} INFO - DAG(s) dict_keys(['example_short_circuit_operator']) retrieved from /home/gui/Documentos/airflowalura/venv/lib/python3.9/site-packages/airflow/example_dags/example_short_circuit_operator.py
[2023-06-05 23:05:28,441] {logging_mixin.py:115} INFO - [2023-06-05 23:05:28,441] {dag.py:2379} INFO - Sync 1 DAGs
[2023-06-05 23:05:28,467] {logging_mixin.py:115} INFO - [2023-06-05 23:05:28,467] {dag.py:2927} INFO - Setting next_dagrun for example_short_circuit_operator to 2023-06-05T02:05:28.466517+00:00, run_after=2023-06-06T02:05:28.466517+00:00
[2023-06-05 23:05:28,484] {processor.py:161} INFO - Processing /home/gui/Documentos/airflowalura/venv/lib/python3.9/site-packages/airflow/example_dags/example_short_circuit_operator.py took 0.097 seconds
[2023-06-05 23:06:08,076] {processor.py:153} INFO - Started process (PID=45008) to work on /home/gui/Documentos/airflowalura/venv/lib/python3.9/site-packages/airflow/example_dags/example_short_circuit_operator.py
[2023-06-05 23:06:08,078] {processor.py:641} INFO - Processing file /home/gui/Documentos/airflowalura/venv/lib/python3.9/site-packages/airflow/example_dags/example_short_circuit_operator.py for tasks to queue
[2023-06-05 23:06:08,080] {logging_mixin.py:115} INFO - [2023-06-05 23:06:08,079] {dagbag.py:507} INFO - Filling up the DagBag from /home/gui/Documentos/airflowalura/venv/lib/python3.9/site-packages/airflow/example_dags/example_short_circuit_operator.py
[2023-06-05 23:06:08,101] {processor.py:651} INFO - DAG(s) dict_keys(['example_short_circuit_operator']) retrieved from /home/gui/Documentos/airflowalura/venv/lib/python3.9/site-packages/airflow/example_dags/example_short_circuit_operator.py
[2023-06-05 23:06:08,132] {logging_mixin.py:115} INFO - [2023-06-05 23:06:08,132] {dag.py:2379} INFO - Sync 1 DAGs
[2023-06-05 23:06:08,160] {logging_mixin.py:115} INFO - [2023-06-05 23:06:08,159] {dag.py:2927} INFO - Setting next_dagrun for example_short_circuit_operator to 2023-06-05T02:06:08.159421+00:00, run_after=2023-06-06T02:06:08.159421+00:00
[2023-06-05 23:06:08,199] {processor.py:161} INFO - Processing /home/gui/Documentos/airflowalura/venv/lib/python3.9/site-packages/airflow/example_dags/example_short_circuit_operator.py took 0.131 seconds
[2023-06-05 23:06:45,149] {processor.py:153} INFO - Started process (PID=45042) to work on /home/gui/Documentos/airflowalura/venv/lib/python3.9/site-packages/airflow/example_dags/example_short_circuit_operator.py
[2023-06-05 23:06:45,151] {processor.py:641} INFO - Processing file /home/gui/Documentos/airflowalura/venv/lib/python3.9/site-packages/airflow/example_dags/example_short_circuit_operator.py for tasks to queue
[2023-06-05 23:06:45,152] {logging_mixin.py:115} INFO - [2023-06-05 23:06:45,151] {dagbag.py:507} INFO - Filling up the DagBag from /home/gui/Documentos/airflowalura/venv/lib/python3.9/site-packages/airflow/example_dags/example_short_circuit_operator.py
[2023-06-05 23:06:45,167] {processor.py:651} INFO - DAG(s) dict_keys(['example_short_circuit_operator']) retrieved from /home/gui/Documentos/airflowalura/venv/lib/python3.9/site-packages/airflow/example_dags/example_short_circuit_operator.py
[2023-06-05 23:06:45,199] {logging_mixin.py:115} INFO - [2023-06-05 23:06:45,198] {dag.py:2379} INFO - Sync 1 DAGs
[2023-06-05 23:06:45,224] {logging_mixin.py:115} INFO - [2023-06-05 23:06:45,224] {dag.py:2927} INFO - Setting next_dagrun for example_short_circuit_operator to 2023-06-05T02:06:45.223723+00:00, run_after=2023-06-06T02:06:45.223723+00:00
[2023-06-05 23:06:45,254] {processor.py:161} INFO - Processing /home/gui/Documentos/airflowalura/venv/lib/python3.9/site-packages/airflow/example_dags/example_short_circuit_operator.py took 0.110 seconds
[2023-06-05 23:07:23,325] {processor.py:153} INFO - Started process (PID=45097) to work on /home/gui/Documentos/airflowalura/venv/lib/python3.9/site-packages/airflow/example_dags/example_short_circuit_operator.py
[2023-06-05 23:07:23,334] {processor.py:641} INFO - Processing file /home/gui/Documentos/airflowalura/venv/lib/python3.9/site-packages/airflow/example_dags/example_short_circuit_operator.py for tasks to queue
[2023-06-05 23:07:23,335] {logging_mixin.py:115} INFO - [2023-06-05 23:07:23,335] {dagbag.py:507} INFO - Filling up the DagBag from /home/gui/Documentos/airflowalura/venv/lib/python3.9/site-packages/airflow/example_dags/example_short_circuit_operator.py
[2023-06-05 23:07:23,352] {processor.py:651} INFO - DAG(s) dict_keys(['example_short_circuit_operator']) retrieved from /home/gui/Documentos/airflowalura/venv/lib/python3.9/site-packages/airflow/example_dags/example_short_circuit_operator.py
[2023-06-05 23:07:23,386] {logging_mixin.py:115} INFO - [2023-06-05 23:07:23,385] {dag.py:2379} INFO - Sync 1 DAGs
[2023-06-05 23:07:23,414] {logging_mixin.py:115} INFO - [2023-06-05 23:07:23,414] {dag.py:2927} INFO - Setting next_dagrun for example_short_circuit_operator to 2023-06-05T02:07:23.413838+00:00, run_after=2023-06-06T02:07:23.413838+00:00
[2023-06-05 23:07:23,434] {processor.py:161} INFO - Processing /home/gui/Documentos/airflowalura/venv/lib/python3.9/site-packages/airflow/example_dags/example_short_circuit_operator.py took 0.116 seconds
[2023-06-05 23:08:02,673] {processor.py:153} INFO - Started process (PID=45137) to work on /home/gui/Documentos/airflowalura/venv/lib/python3.9/site-packages/airflow/example_dags/example_short_circuit_operator.py
[2023-06-05 23:08:02,674] {processor.py:641} INFO - Processing file /home/gui/Documentos/airflowalura/venv/lib/python3.9/site-packages/airflow/example_dags/example_short_circuit_operator.py for tasks to queue
[2023-06-05 23:08:02,675] {logging_mixin.py:115} INFO - [2023-06-05 23:08:02,675] {dagbag.py:507} INFO - Filling up the DagBag from /home/gui/Documentos/airflowalura/venv/lib/python3.9/site-packages/airflow/example_dags/example_short_circuit_operator.py
[2023-06-05 23:08:02,691] {processor.py:651} INFO - DAG(s) dict_keys(['example_short_circuit_operator']) retrieved from /home/gui/Documentos/airflowalura/venv/lib/python3.9/site-packages/airflow/example_dags/example_short_circuit_operator.py
[2023-06-05 23:08:02,722] {logging_mixin.py:115} INFO - [2023-06-05 23:08:02,722] {dag.py:2379} INFO - Sync 1 DAGs
[2023-06-05 23:08:02,750] {logging_mixin.py:115} INFO - [2023-06-05 23:08:02,750] {dag.py:2927} INFO - Setting next_dagrun for example_short_circuit_operator to 2023-06-05T02:08:02.750150+00:00, run_after=2023-06-06T02:08:02.750150+00:00
[2023-06-05 23:08:02,878] {processor.py:161} INFO - Processing /home/gui/Documentos/airflowalura/venv/lib/python3.9/site-packages/airflow/example_dags/example_short_circuit_operator.py took 0.211 seconds
[2023-06-05 23:08:41,864] {processor.py:153} INFO - Started process (PID=45173) to work on /home/gui/Documentos/airflowalura/venv/lib/python3.9/site-packages/airflow/example_dags/example_short_circuit_operator.py
[2023-06-05 23:08:41,866] {processor.py:641} INFO - Processing file /home/gui/Documentos/airflowalura/venv/lib/python3.9/site-packages/airflow/example_dags/example_short_circuit_operator.py for tasks to queue
[2023-06-05 23:08:41,867] {logging_mixin.py:115} INFO - [2023-06-05 23:08:41,866] {dagbag.py:507} INFO - Filling up the DagBag from /home/gui/Documentos/airflowalura/venv/lib/python3.9/site-packages/airflow/example_dags/example_short_circuit_operator.py
[2023-06-05 23:08:41,885] {processor.py:651} INFO - DAG(s) dict_keys(['example_short_circuit_operator']) retrieved from /home/gui/Documentos/airflowalura/venv/lib/python3.9/site-packages/airflow/example_dags/example_short_circuit_operator.py
[2023-06-05 23:08:41,917] {logging_mixin.py:115} INFO - [2023-06-05 23:08:41,916] {dag.py:2379} INFO - Sync 1 DAGs
[2023-06-05 23:08:41,945] {logging_mixin.py:115} INFO - [2023-06-05 23:08:41,945] {dag.py:2927} INFO - Setting next_dagrun for example_short_circuit_operator to 2023-06-05T02:08:41.944785+00:00, run_after=2023-06-06T02:08:41.944785+00:00
[2023-06-05 23:08:41,964] {processor.py:161} INFO - Processing /home/gui/Documentos/airflowalura/venv/lib/python3.9/site-packages/airflow/example_dags/example_short_circuit_operator.py took 0.105 seconds
[2023-06-05 23:09:23,815] {processor.py:153} INFO - Started process (PID=45207) to work on /home/gui/Documentos/airflowalura/venv/lib/python3.9/site-packages/airflow/example_dags/example_short_circuit_operator.py
[2023-06-05 23:09:23,833] {processor.py:641} INFO - Processing file /home/gui/Documentos/airflowalura/venv/lib/python3.9/site-packages/airflow/example_dags/example_short_circuit_operator.py for tasks to queue
[2023-06-05 23:09:23,833] {logging_mixin.py:115} INFO - [2023-06-05 23:09:23,833] {dagbag.py:507} INFO - Filling up the DagBag from /home/gui/Documentos/airflowalura/venv/lib/python3.9/site-packages/airflow/example_dags/example_short_circuit_operator.py
[2023-06-05 23:09:23,853] {processor.py:651} INFO - DAG(s) dict_keys(['example_short_circuit_operator']) retrieved from /home/gui/Documentos/airflowalura/venv/lib/python3.9/site-packages/airflow/example_dags/example_short_circuit_operator.py
[2023-06-05 23:09:23,889] {logging_mixin.py:115} INFO - [2023-06-05 23:09:23,889] {dag.py:2379} INFO - Sync 1 DAGs
[2023-06-05 23:09:23,923] {logging_mixin.py:115} INFO - [2023-06-05 23:09:23,923] {dag.py:2927} INFO - Setting next_dagrun for example_short_circuit_operator to 2023-06-05T02:09:23.922958+00:00, run_after=2023-06-06T02:09:23.922958+00:00
[2023-06-05 23:09:24,026] {processor.py:161} INFO - Processing /home/gui/Documentos/airflowalura/venv/lib/python3.9/site-packages/airflow/example_dags/example_short_circuit_operator.py took 0.218 seconds
[2023-06-05 23:10:02,082] {processor.py:153} INFO - Started process (PID=45241) to work on /home/gui/Documentos/airflowalura/venv/lib/python3.9/site-packages/airflow/example_dags/example_short_circuit_operator.py
[2023-06-05 23:10:02,083] {processor.py:641} INFO - Processing file /home/gui/Documentos/airflowalura/venv/lib/python3.9/site-packages/airflow/example_dags/example_short_circuit_operator.py for tasks to queue
[2023-06-05 23:10:02,084] {logging_mixin.py:115} INFO - [2023-06-05 23:10:02,084] {dagbag.py:507} INFO - Filling up the DagBag from /home/gui/Documentos/airflowalura/venv/lib/python3.9/site-packages/airflow/example_dags/example_short_circuit_operator.py
[2023-06-05 23:10:02,103] {processor.py:651} INFO - DAG(s) dict_keys(['example_short_circuit_operator']) retrieved from /home/gui/Documentos/airflowalura/venv/lib/python3.9/site-packages/airflow/example_dags/example_short_circuit_operator.py
[2023-06-05 23:10:02,139] {logging_mixin.py:115} INFO - [2023-06-05 23:10:02,139] {dag.py:2379} INFO - Sync 1 DAGs
[2023-06-05 23:10:02,172] {logging_mixin.py:115} INFO - [2023-06-05 23:10:02,172] {dag.py:2927} INFO - Setting next_dagrun for example_short_circuit_operator to 2023-06-05T02:10:02.172364+00:00, run_after=2023-06-06T02:10:02.172364+00:00
[2023-06-05 23:10:02,193] {processor.py:161} INFO - Processing /home/gui/Documentos/airflowalura/venv/lib/python3.9/site-packages/airflow/example_dags/example_short_circuit_operator.py took 0.118 seconds
[2023-06-05 23:10:45,491] {processor.py:153} INFO - Started process (PID=45276) to work on /home/gui/Documentos/airflowalura/venv/lib/python3.9/site-packages/airflow/example_dags/example_short_circuit_operator.py
[2023-06-05 23:10:45,493] {processor.py:641} INFO - Processing file /home/gui/Documentos/airflowalura/venv/lib/python3.9/site-packages/airflow/example_dags/example_short_circuit_operator.py for tasks to queue
[2023-06-05 23:10:45,495] {logging_mixin.py:115} INFO - [2023-06-05 23:10:45,495] {dagbag.py:507} INFO - Filling up the DagBag from /home/gui/Documentos/airflowalura/venv/lib/python3.9/site-packages/airflow/example_dags/example_short_circuit_operator.py
[2023-06-05 23:10:45,523] {processor.py:651} INFO - DAG(s) dict_keys(['example_short_circuit_operator']) retrieved from /home/gui/Documentos/airflowalura/venv/lib/python3.9/site-packages/airflow/example_dags/example_short_circuit_operator.py
[2023-06-05 23:10:45,580] {logging_mixin.py:115} INFO - [2023-06-05 23:10:45,580] {dag.py:2379} INFO - Sync 1 DAGs
[2023-06-05 23:10:45,631] {logging_mixin.py:115} INFO - [2023-06-05 23:10:45,631] {dag.py:2927} INFO - Setting next_dagrun for example_short_circuit_operator to 2023-06-05T02:10:45.630109+00:00, run_after=2023-06-06T02:10:45.630109+00:00
[2023-06-05 23:10:45,714] {processor.py:161} INFO - Processing /home/gui/Documentos/airflowalura/venv/lib/python3.9/site-packages/airflow/example_dags/example_short_circuit_operator.py took 0.232 seconds
[2023-06-05 23:11:23,426] {processor.py:153} INFO - Started process (PID=45313) to work on /home/gui/Documentos/airflowalura/venv/lib/python3.9/site-packages/airflow/example_dags/example_short_circuit_operator.py
[2023-06-05 23:11:23,427] {processor.py:641} INFO - Processing file /home/gui/Documentos/airflowalura/venv/lib/python3.9/site-packages/airflow/example_dags/example_short_circuit_operator.py for tasks to queue
[2023-06-05 23:11:23,428] {logging_mixin.py:115} INFO - [2023-06-05 23:11:23,428] {dagbag.py:507} INFO - Filling up the DagBag from /home/gui/Documentos/airflowalura/venv/lib/python3.9/site-packages/airflow/example_dags/example_short_circuit_operator.py
[2023-06-05 23:11:23,446] {processor.py:651} INFO - DAG(s) dict_keys(['example_short_circuit_operator']) retrieved from /home/gui/Documentos/airflowalura/venv/lib/python3.9/site-packages/airflow/example_dags/example_short_circuit_operator.py
[2023-06-05 23:11:23,480] {logging_mixin.py:115} INFO - [2023-06-05 23:11:23,480] {dag.py:2379} INFO - Sync 1 DAGs
[2023-06-05 23:11:23,522] {logging_mixin.py:115} INFO - [2023-06-05 23:11:23,522] {dag.py:2927} INFO - Setting next_dagrun for example_short_circuit_operator to 2023-06-05T02:11:23.522195+00:00, run_after=2023-06-06T02:11:23.522195+00:00
[2023-06-05 23:11:23,544] {processor.py:161} INFO - Processing /home/gui/Documentos/airflowalura/venv/lib/python3.9/site-packages/airflow/example_dags/example_short_circuit_operator.py took 0.124 seconds
[2023-06-05 23:12:03,274] {processor.py:153} INFO - Started process (PID=45349) to work on /home/gui/Documentos/airflowalura/venv/lib/python3.9/site-packages/airflow/example_dags/example_short_circuit_operator.py
[2023-06-05 23:12:03,275] {processor.py:641} INFO - Processing file /home/gui/Documentos/airflowalura/venv/lib/python3.9/site-packages/airflow/example_dags/example_short_circuit_operator.py for tasks to queue
[2023-06-05 23:12:03,276] {logging_mixin.py:115} INFO - [2023-06-05 23:12:03,276] {dagbag.py:507} INFO - Filling up the DagBag from /home/gui/Documentos/airflowalura/venv/lib/python3.9/site-packages/airflow/example_dags/example_short_circuit_operator.py
[2023-06-05 23:12:03,292] {processor.py:651} INFO - DAG(s) dict_keys(['example_short_circuit_operator']) retrieved from /home/gui/Documentos/airflowalura/venv/lib/python3.9/site-packages/airflow/example_dags/example_short_circuit_operator.py
[2023-06-05 23:12:03,323] {logging_mixin.py:115} INFO - [2023-06-05 23:12:03,323] {dag.py:2379} INFO - Sync 1 DAGs
[2023-06-05 23:12:03,350] {logging_mixin.py:115} INFO - [2023-06-05 23:12:03,350] {dag.py:2927} INFO - Setting next_dagrun for example_short_circuit_operator to 2023-06-05T02:12:03.349754+00:00, run_after=2023-06-06T02:12:03.349754+00:00
[2023-06-05 23:12:03,383] {processor.py:161} INFO - Processing /home/gui/Documentos/airflowalura/venv/lib/python3.9/site-packages/airflow/example_dags/example_short_circuit_operator.py took 0.115 seconds
[2023-06-05 23:12:45,517] {processor.py:153} INFO - Started process (PID=45387) to work on /home/gui/Documentos/airflowalura/venv/lib/python3.9/site-packages/airflow/example_dags/example_short_circuit_operator.py
[2023-06-05 23:12:45,519] {processor.py:641} INFO - Processing file /home/gui/Documentos/airflowalura/venv/lib/python3.9/site-packages/airflow/example_dags/example_short_circuit_operator.py for tasks to queue
[2023-06-05 23:12:45,521] {logging_mixin.py:115} INFO - [2023-06-05 23:12:45,520] {dagbag.py:507} INFO - Filling up the DagBag from /home/gui/Documentos/airflowalura/venv/lib/python3.9/site-packages/airflow/example_dags/example_short_circuit_operator.py
[2023-06-05 23:12:45,545] {processor.py:651} INFO - DAG(s) dict_keys(['example_short_circuit_operator']) retrieved from /home/gui/Documentos/airflowalura/venv/lib/python3.9/site-packages/airflow/example_dags/example_short_circuit_operator.py
[2023-06-05 23:12:45,581] {logging_mixin.py:115} INFO - [2023-06-05 23:12:45,581] {dag.py:2379} INFO - Sync 1 DAGs
[2023-06-05 23:12:45,609] {logging_mixin.py:115} INFO - [2023-06-05 23:12:45,609] {dag.py:2927} INFO - Setting next_dagrun for example_short_circuit_operator to 2023-06-05T02:12:45.608752+00:00, run_after=2023-06-06T02:12:45.608752+00:00
[2023-06-05 23:12:45,640] {processor.py:161} INFO - Processing /home/gui/Documentos/airflowalura/venv/lib/python3.9/site-packages/airflow/example_dags/example_short_circuit_operator.py took 0.131 seconds
[2023-06-05 23:13:23,533] {processor.py:153} INFO - Started process (PID=45419) to work on /home/gui/Documentos/airflowalura/venv/lib/python3.9/site-packages/airflow/example_dags/example_short_circuit_operator.py
[2023-06-05 23:13:23,534] {processor.py:641} INFO - Processing file /home/gui/Documentos/airflowalura/venv/lib/python3.9/site-packages/airflow/example_dags/example_short_circuit_operator.py for tasks to queue
[2023-06-05 23:13:23,535] {logging_mixin.py:115} INFO - [2023-06-05 23:13:23,535] {dagbag.py:507} INFO - Filling up the DagBag from /home/gui/Documentos/airflowalura/venv/lib/python3.9/site-packages/airflow/example_dags/example_short_circuit_operator.py
[2023-06-05 23:13:23,553] {processor.py:651} INFO - DAG(s) dict_keys(['example_short_circuit_operator']) retrieved from /home/gui/Documentos/airflowalura/venv/lib/python3.9/site-packages/airflow/example_dags/example_short_circuit_operator.py
[2023-06-05 23:13:23,585] {logging_mixin.py:115} INFO - [2023-06-05 23:13:23,585] {dag.py:2379} INFO - Sync 1 DAGs
[2023-06-05 23:13:23,612] {logging_mixin.py:115} INFO - [2023-06-05 23:13:23,612] {dag.py:2927} INFO - Setting next_dagrun for example_short_circuit_operator to 2023-06-05T02:13:23.611779+00:00, run_after=2023-06-06T02:13:23.611779+00:00
[2023-06-05 23:13:23,630] {processor.py:161} INFO - Processing /home/gui/Documentos/airflowalura/venv/lib/python3.9/site-packages/airflow/example_dags/example_short_circuit_operator.py took 0.103 seconds
[2023-06-05 23:14:01,701] {processor.py:153} INFO - Started process (PID=45455) to work on /home/gui/Documentos/airflowalura/venv/lib/python3.9/site-packages/airflow/example_dags/example_short_circuit_operator.py
[2023-06-05 23:14:01,702] {processor.py:641} INFO - Processing file /home/gui/Documentos/airflowalura/venv/lib/python3.9/site-packages/airflow/example_dags/example_short_circuit_operator.py for tasks to queue
[2023-06-05 23:14:01,703] {logging_mixin.py:115} INFO - [2023-06-05 23:14:01,703] {dagbag.py:507} INFO - Filling up the DagBag from /home/gui/Documentos/airflowalura/venv/lib/python3.9/site-packages/airflow/example_dags/example_short_circuit_operator.py
[2023-06-05 23:14:01,723] {processor.py:651} INFO - DAG(s) dict_keys(['example_short_circuit_operator']) retrieved from /home/gui/Documentos/airflowalura/venv/lib/python3.9/site-packages/airflow/example_dags/example_short_circuit_operator.py
[2023-06-05 23:14:01,761] {logging_mixin.py:115} INFO - [2023-06-05 23:14:01,761] {dag.py:2379} INFO - Sync 1 DAGs
[2023-06-05 23:14:01,793] {logging_mixin.py:115} INFO - [2023-06-05 23:14:01,793] {dag.py:2927} INFO - Setting next_dagrun for example_short_circuit_operator to 2023-06-05T02:14:01.792733+00:00, run_after=2023-06-06T02:14:01.792733+00:00
[2023-06-05 23:14:01,824] {processor.py:161} INFO - Processing /home/gui/Documentos/airflowalura/venv/lib/python3.9/site-packages/airflow/example_dags/example_short_circuit_operator.py took 0.129 seconds
[2023-06-05 23:14:39,329] {processor.py:153} INFO - Started process (PID=45488) to work on /home/gui/Documentos/airflowalura/venv/lib/python3.9/site-packages/airflow/example_dags/example_short_circuit_operator.py
[2023-06-05 23:14:39,330] {processor.py:641} INFO - Processing file /home/gui/Documentos/airflowalura/venv/lib/python3.9/site-packages/airflow/example_dags/example_short_circuit_operator.py for tasks to queue
[2023-06-05 23:14:39,331] {logging_mixin.py:115} INFO - [2023-06-05 23:14:39,331] {dagbag.py:507} INFO - Filling up the DagBag from /home/gui/Documentos/airflowalura/venv/lib/python3.9/site-packages/airflow/example_dags/example_short_circuit_operator.py
[2023-06-05 23:14:39,346] {processor.py:651} INFO - DAG(s) dict_keys(['example_short_circuit_operator']) retrieved from /home/gui/Documentos/airflowalura/venv/lib/python3.9/site-packages/airflow/example_dags/example_short_circuit_operator.py
[2023-06-05 23:14:39,385] {logging_mixin.py:115} INFO - [2023-06-05 23:14:39,385] {dag.py:2379} INFO - Sync 1 DAGs
[2023-06-05 23:14:39,419] {logging_mixin.py:115} INFO - [2023-06-05 23:14:39,419] {dag.py:2927} INFO - Setting next_dagrun for example_short_circuit_operator to 2023-06-05T02:14:39.418973+00:00, run_after=2023-06-06T02:14:39.418973+00:00
[2023-06-05 23:14:39,454] {processor.py:161} INFO - Processing /home/gui/Documentos/airflowalura/venv/lib/python3.9/site-packages/airflow/example_dags/example_short_circuit_operator.py took 0.131 seconds
[2023-06-05 23:15:17,551] {processor.py:153} INFO - Started process (PID=45522) to work on /home/gui/Documentos/airflowalura/venv/lib/python3.9/site-packages/airflow/example_dags/example_short_circuit_operator.py
[2023-06-05 23:15:17,552] {processor.py:641} INFO - Processing file /home/gui/Documentos/airflowalura/venv/lib/python3.9/site-packages/airflow/example_dags/example_short_circuit_operator.py for tasks to queue
[2023-06-05 23:15:17,553] {logging_mixin.py:115} INFO - [2023-06-05 23:15:17,553] {dagbag.py:507} INFO - Filling up the DagBag from /home/gui/Documentos/airflowalura/venv/lib/python3.9/site-packages/airflow/example_dags/example_short_circuit_operator.py
[2023-06-05 23:15:17,573] {processor.py:651} INFO - DAG(s) dict_keys(['example_short_circuit_operator']) retrieved from /home/gui/Documentos/airflowalura/venv/lib/python3.9/site-packages/airflow/example_dags/example_short_circuit_operator.py
[2023-06-05 23:15:17,614] {logging_mixin.py:115} INFO - [2023-06-05 23:15:17,614] {dag.py:2379} INFO - Sync 1 DAGs
[2023-06-05 23:15:17,651] {logging_mixin.py:115} INFO - [2023-06-05 23:15:17,651] {dag.py:2927} INFO - Setting next_dagrun for example_short_circuit_operator to 2023-06-05T02:15:17.650349+00:00, run_after=2023-06-06T02:15:17.650349+00:00
[2023-06-05 23:15:17,675] {processor.py:161} INFO - Processing /home/gui/Documentos/airflowalura/venv/lib/python3.9/site-packages/airflow/example_dags/example_short_circuit_operator.py took 0.132 seconds
[2023-06-05 23:15:55,458] {processor.py:153} INFO - Started process (PID=45577) to work on /home/gui/Documentos/airflowalura/venv/lib/python3.9/site-packages/airflow/example_dags/example_short_circuit_operator.py
[2023-06-05 23:15:55,459] {processor.py:641} INFO - Processing file /home/gui/Documentos/airflowalura/venv/lib/python3.9/site-packages/airflow/example_dags/example_short_circuit_operator.py for tasks to queue
[2023-06-05 23:15:55,460] {logging_mixin.py:115} INFO - [2023-06-05 23:15:55,460] {dagbag.py:507} INFO - Filling up the DagBag from /home/gui/Documentos/airflowalura/venv/lib/python3.9/site-packages/airflow/example_dags/example_short_circuit_operator.py
[2023-06-05 23:15:55,479] {processor.py:651} INFO - DAG(s) dict_keys(['example_short_circuit_operator']) retrieved from /home/gui/Documentos/airflowalura/venv/lib/python3.9/site-packages/airflow/example_dags/example_short_circuit_operator.py
[2023-06-05 23:15:55,523] {logging_mixin.py:115} INFO - [2023-06-05 23:15:55,523] {dag.py:2379} INFO - Sync 1 DAGs
[2023-06-05 23:15:55,558] {logging_mixin.py:115} INFO - [2023-06-05 23:15:55,558] {dag.py:2927} INFO - Setting next_dagrun for example_short_circuit_operator to 2023-06-05T02:15:55.557729+00:00, run_after=2023-06-06T02:15:55.557729+00:00
[2023-06-05 23:15:55,591] {processor.py:161} INFO - Processing /home/gui/Documentos/airflowalura/venv/lib/python3.9/site-packages/airflow/example_dags/example_short_circuit_operator.py took 0.141 seconds
[2023-06-05 23:16:36,114] {processor.py:153} INFO - Started process (PID=45615) to work on /home/gui/Documentos/airflowalura/venv/lib/python3.9/site-packages/airflow/example_dags/example_short_circuit_operator.py
[2023-06-05 23:16:36,115] {processor.py:641} INFO - Processing file /home/gui/Documentos/airflowalura/venv/lib/python3.9/site-packages/airflow/example_dags/example_short_circuit_operator.py for tasks to queue
[2023-06-05 23:16:36,116] {logging_mixin.py:115} INFO - [2023-06-05 23:16:36,116] {dagbag.py:507} INFO - Filling up the DagBag from /home/gui/Documentos/airflowalura/venv/lib/python3.9/site-packages/airflow/example_dags/example_short_circuit_operator.py
[2023-06-05 23:16:36,135] {processor.py:651} INFO - DAG(s) dict_keys(['example_short_circuit_operator']) retrieved from /home/gui/Documentos/airflowalura/venv/lib/python3.9/site-packages/airflow/example_dags/example_short_circuit_operator.py
[2023-06-05 23:16:36,180] {logging_mixin.py:115} INFO - [2023-06-05 23:16:36,180] {dag.py:2379} INFO - Sync 1 DAGs
[2023-06-05 23:16:36,214] {logging_mixin.py:115} INFO - [2023-06-05 23:16:36,214] {dag.py:2927} INFO - Setting next_dagrun for example_short_circuit_operator to 2023-06-05T02:16:36.213518+00:00, run_after=2023-06-06T02:16:36.213518+00:00
[2023-06-05 23:16:36,263] {processor.py:161} INFO - Processing /home/gui/Documentos/airflowalura/venv/lib/python3.9/site-packages/airflow/example_dags/example_short_circuit_operator.py took 0.156 seconds
[2023-06-05 23:17:18,380] {processor.py:153} INFO - Started process (PID=45655) to work on /home/gui/Documentos/airflowalura/venv/lib/python3.9/site-packages/airflow/example_dags/example_short_circuit_operator.py
[2023-06-05 23:17:18,382] {processor.py:641} INFO - Processing file /home/gui/Documentos/airflowalura/venv/lib/python3.9/site-packages/airflow/example_dags/example_short_circuit_operator.py for tasks to queue
[2023-06-05 23:17:18,383] {logging_mixin.py:115} INFO - [2023-06-05 23:17:18,383] {dagbag.py:507} INFO - Filling up the DagBag from /home/gui/Documentos/airflowalura/venv/lib/python3.9/site-packages/airflow/example_dags/example_short_circuit_operator.py
[2023-06-05 23:17:18,408] {processor.py:651} INFO - DAG(s) dict_keys(['example_short_circuit_operator']) retrieved from /home/gui/Documentos/airflowalura/venv/lib/python3.9/site-packages/airflow/example_dags/example_short_circuit_operator.py
[2023-06-05 23:17:18,449] {logging_mixin.py:115} INFO - [2023-06-05 23:17:18,449] {dag.py:2379} INFO - Sync 1 DAGs
[2023-06-05 23:17:18,495] {logging_mixin.py:115} INFO - [2023-06-05 23:17:18,495] {dag.py:2927} INFO - Setting next_dagrun for example_short_circuit_operator to 2023-06-05T02:17:18.494786+00:00, run_after=2023-06-06T02:17:18.494786+00:00
[2023-06-05 23:17:18,857] {processor.py:161} INFO - Processing /home/gui/Documentos/airflowalura/venv/lib/python3.9/site-packages/airflow/example_dags/example_short_circuit_operator.py took 0.484 seconds
[2023-06-05 23:18:05,676] {processor.py:153} INFO - Started process (PID=45694) to work on /home/gui/Documentos/airflowalura/venv/lib/python3.9/site-packages/airflow/example_dags/example_short_circuit_operator.py
[2023-06-05 23:18:05,677] {processor.py:641} INFO - Processing file /home/gui/Documentos/airflowalura/venv/lib/python3.9/site-packages/airflow/example_dags/example_short_circuit_operator.py for tasks to queue
[2023-06-05 23:18:05,679] {logging_mixin.py:115} INFO - [2023-06-05 23:18:05,678] {dagbag.py:507} INFO - Filling up the DagBag from /home/gui/Documentos/airflowalura/venv/lib/python3.9/site-packages/airflow/example_dags/example_short_circuit_operator.py
[2023-06-05 23:18:05,701] {processor.py:651} INFO - DAG(s) dict_keys(['example_short_circuit_operator']) retrieved from /home/gui/Documentos/airflowalura/venv/lib/python3.9/site-packages/airflow/example_dags/example_short_circuit_operator.py
[2023-06-05 23:18:05,739] {logging_mixin.py:115} INFO - [2023-06-05 23:18:05,739] {dag.py:2379} INFO - Sync 1 DAGs
[2023-06-05 23:18:05,774] {logging_mixin.py:115} INFO - [2023-06-05 23:18:05,774] {dag.py:2927} INFO - Setting next_dagrun for example_short_circuit_operator to 2023-06-05T02:18:05.773351+00:00, run_after=2023-06-06T02:18:05.773351+00:00
[2023-06-05 23:18:06,199] {processor.py:161} INFO - Processing /home/gui/Documentos/airflowalura/venv/lib/python3.9/site-packages/airflow/example_dags/example_short_circuit_operator.py took 0.532 seconds
[2023-06-05 23:18:44,636] {processor.py:153} INFO - Started process (PID=45729) to work on /home/gui/Documentos/airflowalura/venv/lib/python3.9/site-packages/airflow/example_dags/example_short_circuit_operator.py
[2023-06-05 23:18:44,637] {processor.py:641} INFO - Processing file /home/gui/Documentos/airflowalura/venv/lib/python3.9/site-packages/airflow/example_dags/example_short_circuit_operator.py for tasks to queue
[2023-06-05 23:18:44,638] {logging_mixin.py:115} INFO - [2023-06-05 23:18:44,638] {dagbag.py:507} INFO - Filling up the DagBag from /home/gui/Documentos/airflowalura/venv/lib/python3.9/site-packages/airflow/example_dags/example_short_circuit_operator.py
[2023-06-05 23:18:44,658] {processor.py:651} INFO - DAG(s) dict_keys(['example_short_circuit_operator']) retrieved from /home/gui/Documentos/airflowalura/venv/lib/python3.9/site-packages/airflow/example_dags/example_short_circuit_operator.py
[2023-06-05 23:18:44,697] {logging_mixin.py:115} INFO - [2023-06-05 23:18:44,696] {dag.py:2379} INFO - Sync 1 DAGs
[2023-06-05 23:18:44,733] {logging_mixin.py:115} INFO - [2023-06-05 23:18:44,732] {dag.py:2927} INFO - Setting next_dagrun for example_short_circuit_operator to 2023-06-05T02:18:44.732125+00:00, run_after=2023-06-06T02:18:44.732125+00:00
[2023-06-05 23:18:44,771] {processor.py:161} INFO - Processing /home/gui/Documentos/airflowalura/venv/lib/python3.9/site-packages/airflow/example_dags/example_short_circuit_operator.py took 0.141 seconds
[2023-06-05 23:19:30,537] {processor.py:153} INFO - Started process (PID=45768) to work on /home/gui/Documentos/airflowalura/venv/lib/python3.9/site-packages/airflow/example_dags/example_short_circuit_operator.py
[2023-06-05 23:19:30,539] {processor.py:641} INFO - Processing file /home/gui/Documentos/airflowalura/venv/lib/python3.9/site-packages/airflow/example_dags/example_short_circuit_operator.py for tasks to queue
[2023-06-05 23:19:30,540] {logging_mixin.py:115} INFO - [2023-06-05 23:19:30,539] {dagbag.py:507} INFO - Filling up the DagBag from /home/gui/Documentos/airflowalura/venv/lib/python3.9/site-packages/airflow/example_dags/example_short_circuit_operator.py
[2023-06-05 23:19:30,560] {processor.py:651} INFO - DAG(s) dict_keys(['example_short_circuit_operator']) retrieved from /home/gui/Documentos/airflowalura/venv/lib/python3.9/site-packages/airflow/example_dags/example_short_circuit_operator.py
[2023-06-05 23:19:30,598] {logging_mixin.py:115} INFO - [2023-06-05 23:19:30,597] {dag.py:2379} INFO - Sync 1 DAGs
[2023-06-05 23:19:30,634] {logging_mixin.py:115} INFO - [2023-06-05 23:19:30,634] {dag.py:2927} INFO - Setting next_dagrun for example_short_circuit_operator to 2023-06-05T02:19:30.633721+00:00, run_after=2023-06-06T02:19:30.633721+00:00
[2023-06-05 23:19:30,667] {processor.py:161} INFO - Processing /home/gui/Documentos/airflowalura/venv/lib/python3.9/site-packages/airflow/example_dags/example_short_circuit_operator.py took 0.139 seconds
[2023-06-05 23:20:05,518] {processor.py:153} INFO - Started process (PID=45807) to work on /home/gui/Documentos/airflowalura/venv/lib/python3.9/site-packages/airflow/example_dags/example_short_circuit_operator.py
[2023-06-05 23:20:05,520] {processor.py:641} INFO - Processing file /home/gui/Documentos/airflowalura/venv/lib/python3.9/site-packages/airflow/example_dags/example_short_circuit_operator.py for tasks to queue
[2023-06-05 23:20:05,521] {logging_mixin.py:115} INFO - [2023-06-05 23:20:05,520] {dagbag.py:507} INFO - Filling up the DagBag from /home/gui/Documentos/airflowalura/venv/lib/python3.9/site-packages/airflow/example_dags/example_short_circuit_operator.py
[2023-06-05 23:20:05,539] {processor.py:651} INFO - DAG(s) dict_keys(['example_short_circuit_operator']) retrieved from /home/gui/Documentos/airflowalura/venv/lib/python3.9/site-packages/airflow/example_dags/example_short_circuit_operator.py
[2023-06-05 23:20:05,570] {logging_mixin.py:115} INFO - [2023-06-05 23:20:05,570] {dag.py:2379} INFO - Sync 1 DAGs
[2023-06-05 23:20:05,605] {logging_mixin.py:115} INFO - [2023-06-05 23:20:05,605] {dag.py:2927} INFO - Setting next_dagrun for example_short_circuit_operator to 2023-06-05T02:20:05.605037+00:00, run_after=2023-06-06T02:20:05.605037+00:00
[2023-06-05 23:20:05,783] {processor.py:161} INFO - Processing /home/gui/Documentos/airflowalura/venv/lib/python3.9/site-packages/airflow/example_dags/example_short_circuit_operator.py took 0.272 seconds
[2023-06-05 23:20:42,688] {processor.py:153} INFO - Started process (PID=45850) to work on /home/gui/Documentos/airflowalura/venv/lib/python3.9/site-packages/airflow/example_dags/example_short_circuit_operator.py
[2023-06-05 23:20:42,690] {processor.py:641} INFO - Processing file /home/gui/Documentos/airflowalura/venv/lib/python3.9/site-packages/airflow/example_dags/example_short_circuit_operator.py for tasks to queue
[2023-06-05 23:20:42,691] {logging_mixin.py:115} INFO - [2023-06-05 23:20:42,690] {dagbag.py:507} INFO - Filling up the DagBag from /home/gui/Documentos/airflowalura/venv/lib/python3.9/site-packages/airflow/example_dags/example_short_circuit_operator.py
[2023-06-05 23:20:42,711] {processor.py:651} INFO - DAG(s) dict_keys(['example_short_circuit_operator']) retrieved from /home/gui/Documentos/airflowalura/venv/lib/python3.9/site-packages/airflow/example_dags/example_short_circuit_operator.py
[2023-06-05 23:20:42,751] {logging_mixin.py:115} INFO - [2023-06-05 23:20:42,751] {dag.py:2379} INFO - Sync 1 DAGs
[2023-06-05 23:20:42,786] {logging_mixin.py:115} INFO - [2023-06-05 23:20:42,786] {dag.py:2927} INFO - Setting next_dagrun for example_short_circuit_operator to 2023-06-05T02:20:42.785804+00:00, run_after=2023-06-06T02:20:42.785804+00:00
[2023-06-05 23:20:42,812] {processor.py:161} INFO - Processing /home/gui/Documentos/airflowalura/venv/lib/python3.9/site-packages/airflow/example_dags/example_short_circuit_operator.py took 0.131 seconds
[2023-06-05 23:21:19,394] {processor.py:153} INFO - Started process (PID=45894) to work on /home/gui/Documentos/airflowalura/venv/lib/python3.9/site-packages/airflow/example_dags/example_short_circuit_operator.py
[2023-06-05 23:21:19,395] {processor.py:641} INFO - Processing file /home/gui/Documentos/airflowalura/venv/lib/python3.9/site-packages/airflow/example_dags/example_short_circuit_operator.py for tasks to queue
[2023-06-05 23:21:19,396] {logging_mixin.py:115} INFO - [2023-06-05 23:21:19,396] {dagbag.py:507} INFO - Filling up the DagBag from /home/gui/Documentos/airflowalura/venv/lib/python3.9/site-packages/airflow/example_dags/example_short_circuit_operator.py
[2023-06-05 23:21:19,412] {processor.py:651} INFO - DAG(s) dict_keys(['example_short_circuit_operator']) retrieved from /home/gui/Documentos/airflowalura/venv/lib/python3.9/site-packages/airflow/example_dags/example_short_circuit_operator.py
[2023-06-05 23:21:19,443] {logging_mixin.py:115} INFO - [2023-06-05 23:21:19,443] {dag.py:2379} INFO - Sync 1 DAGs
[2023-06-05 23:21:19,477] {logging_mixin.py:115} INFO - [2023-06-05 23:21:19,477] {dag.py:2927} INFO - Setting next_dagrun for example_short_circuit_operator to 2023-06-05T02:21:19.476789+00:00, run_after=2023-06-06T02:21:19.476789+00:00
[2023-06-05 23:21:19,497] {processor.py:161} INFO - Processing /home/gui/Documentos/airflowalura/venv/lib/python3.9/site-packages/airflow/example_dags/example_short_circuit_operator.py took 0.109 seconds
[2023-06-05 23:21:57,940] {processor.py:153} INFO - Started process (PID=45939) to work on /home/gui/Documentos/airflowalura/venv/lib/python3.9/site-packages/airflow/example_dags/example_short_circuit_operator.py
[2023-06-05 23:21:57,941] {processor.py:641} INFO - Processing file /home/gui/Documentos/airflowalura/venv/lib/python3.9/site-packages/airflow/example_dags/example_short_circuit_operator.py for tasks to queue
[2023-06-05 23:21:57,942] {logging_mixin.py:115} INFO - [2023-06-05 23:21:57,942] {dagbag.py:507} INFO - Filling up the DagBag from /home/gui/Documentos/airflowalura/venv/lib/python3.9/site-packages/airflow/example_dags/example_short_circuit_operator.py
[2023-06-05 23:21:57,961] {processor.py:651} INFO - DAG(s) dict_keys(['example_short_circuit_operator']) retrieved from /home/gui/Documentos/airflowalura/venv/lib/python3.9/site-packages/airflow/example_dags/example_short_circuit_operator.py
[2023-06-05 23:21:57,997] {logging_mixin.py:115} INFO - [2023-06-05 23:21:57,997] {dag.py:2379} INFO - Sync 1 DAGs
[2023-06-05 23:21:58,029] {logging_mixin.py:115} INFO - [2023-06-05 23:21:58,029] {dag.py:2927} INFO - Setting next_dagrun for example_short_circuit_operator to 2023-06-05T02:21:58.028468+00:00, run_after=2023-06-06T02:21:58.028468+00:00
[2023-06-05 23:21:58,053] {processor.py:161} INFO - Processing /home/gui/Documentos/airflowalura/venv/lib/python3.9/site-packages/airflow/example_dags/example_short_circuit_operator.py took 0.119 seconds
[2023-06-05 23:22:47,166] {processor.py:153} INFO - Started process (PID=45992) to work on /home/gui/Documentos/airflowalura/venv/lib/python3.9/site-packages/airflow/example_dags/example_short_circuit_operator.py
[2023-06-05 23:22:47,168] {processor.py:641} INFO - Processing file /home/gui/Documentos/airflowalura/venv/lib/python3.9/site-packages/airflow/example_dags/example_short_circuit_operator.py for tasks to queue
[2023-06-05 23:22:47,169] {logging_mixin.py:115} INFO - [2023-06-05 23:22:47,169] {dagbag.py:507} INFO - Filling up the DagBag from /home/gui/Documentos/airflowalura/venv/lib/python3.9/site-packages/airflow/example_dags/example_short_circuit_operator.py
[2023-06-05 23:22:47,185] {processor.py:651} INFO - DAG(s) dict_keys(['example_short_circuit_operator']) retrieved from /home/gui/Documentos/airflowalura/venv/lib/python3.9/site-packages/airflow/example_dags/example_short_circuit_operator.py
[2023-06-05 23:22:47,216] {logging_mixin.py:115} INFO - [2023-06-05 23:22:47,215] {dag.py:2379} INFO - Sync 1 DAGs
[2023-06-05 23:22:47,245] {logging_mixin.py:115} INFO - [2023-06-05 23:22:47,245] {dag.py:2927} INFO - Setting next_dagrun for example_short_circuit_operator to 2023-06-05T02:22:47.245238+00:00, run_after=2023-06-06T02:22:47.245238+00:00
[2023-06-05 23:22:47,330] {processor.py:161} INFO - Processing /home/gui/Documentos/airflowalura/venv/lib/python3.9/site-packages/airflow/example_dags/example_short_circuit_operator.py took 0.170 seconds
[2023-06-05 23:23:28,511] {processor.py:153} INFO - Started process (PID=46036) to work on /home/gui/Documentos/airflowalura/venv/lib/python3.9/site-packages/airflow/example_dags/example_short_circuit_operator.py
[2023-06-05 23:23:28,512] {processor.py:641} INFO - Processing file /home/gui/Documentos/airflowalura/venv/lib/python3.9/site-packages/airflow/example_dags/example_short_circuit_operator.py for tasks to queue
[2023-06-05 23:23:28,513] {logging_mixin.py:115} INFO - [2023-06-05 23:23:28,513] {dagbag.py:507} INFO - Filling up the DagBag from /home/gui/Documentos/airflowalura/venv/lib/python3.9/site-packages/airflow/example_dags/example_short_circuit_operator.py
[2023-06-05 23:23:28,528] {processor.py:651} INFO - DAG(s) dict_keys(['example_short_circuit_operator']) retrieved from /home/gui/Documentos/airflowalura/venv/lib/python3.9/site-packages/airflow/example_dags/example_short_circuit_operator.py
[2023-06-05 23:23:28,559] {logging_mixin.py:115} INFO - [2023-06-05 23:23:28,559] {dag.py:2379} INFO - Sync 1 DAGs
[2023-06-05 23:23:28,588] {logging_mixin.py:115} INFO - [2023-06-05 23:23:28,588] {dag.py:2927} INFO - Setting next_dagrun for example_short_circuit_operator to 2023-06-05T02:23:28.587850+00:00, run_after=2023-06-06T02:23:28.587850+00:00
[2023-06-05 23:23:28,640] {processor.py:161} INFO - Processing /home/gui/Documentos/airflowalura/venv/lib/python3.9/site-packages/airflow/example_dags/example_short_circuit_operator.py took 0.134 seconds
[2023-06-05 23:24:05,184] {processor.py:153} INFO - Started process (PID=46081) to work on /home/gui/Documentos/airflowalura/venv/lib/python3.9/site-packages/airflow/example_dags/example_short_circuit_operator.py
[2023-06-05 23:24:05,185] {processor.py:641} INFO - Processing file /home/gui/Documentos/airflowalura/venv/lib/python3.9/site-packages/airflow/example_dags/example_short_circuit_operator.py for tasks to queue
[2023-06-05 23:24:05,186] {logging_mixin.py:115} INFO - [2023-06-05 23:24:05,185] {dagbag.py:507} INFO - Filling up the DagBag from /home/gui/Documentos/airflowalura/venv/lib/python3.9/site-packages/airflow/example_dags/example_short_circuit_operator.py
[2023-06-05 23:24:05,205] {processor.py:651} INFO - DAG(s) dict_keys(['example_short_circuit_operator']) retrieved from /home/gui/Documentos/airflowalura/venv/lib/python3.9/site-packages/airflow/example_dags/example_short_circuit_operator.py
[2023-06-05 23:24:05,241] {logging_mixin.py:115} INFO - [2023-06-05 23:24:05,241] {dag.py:2379} INFO - Sync 1 DAGs
[2023-06-05 23:24:05,269] {logging_mixin.py:115} INFO - [2023-06-05 23:24:05,269] {dag.py:2927} INFO - Setting next_dagrun for example_short_circuit_operator to 2023-06-05T02:24:05.268851+00:00, run_after=2023-06-06T02:24:05.268851+00:00
[2023-06-05 23:24:05,538] {processor.py:161} INFO - Processing /home/gui/Documentos/airflowalura/venv/lib/python3.9/site-packages/airflow/example_dags/example_short_circuit_operator.py took 0.361 seconds
[2023-06-05 23:24:49,530] {processor.py:153} INFO - Started process (PID=46125) to work on /home/gui/Documentos/airflowalura/venv/lib/python3.9/site-packages/airflow/example_dags/example_short_circuit_operator.py
[2023-06-05 23:24:49,531] {processor.py:641} INFO - Processing file /home/gui/Documentos/airflowalura/venv/lib/python3.9/site-packages/airflow/example_dags/example_short_circuit_operator.py for tasks to queue
[2023-06-05 23:24:49,532] {logging_mixin.py:115} INFO - [2023-06-05 23:24:49,532] {dagbag.py:507} INFO - Filling up the DagBag from /home/gui/Documentos/airflowalura/venv/lib/python3.9/site-packages/airflow/example_dags/example_short_circuit_operator.py
[2023-06-05 23:24:49,552] {processor.py:651} INFO - DAG(s) dict_keys(['example_short_circuit_operator']) retrieved from /home/gui/Documentos/airflowalura/venv/lib/python3.9/site-packages/airflow/example_dags/example_short_circuit_operator.py
[2023-06-05 23:24:49,588] {logging_mixin.py:115} INFO - [2023-06-05 23:24:49,588] {dag.py:2379} INFO - Sync 1 DAGs
[2023-06-05 23:24:49,622] {logging_mixin.py:115} INFO - [2023-06-05 23:24:49,622] {dag.py:2927} INFO - Setting next_dagrun for example_short_circuit_operator to 2023-06-05T02:24:49.622007+00:00, run_after=2023-06-06T02:24:49.622007+00:00
[2023-06-05 23:24:49,646] {processor.py:161} INFO - Processing /home/gui/Documentos/airflowalura/venv/lib/python3.9/site-packages/airflow/example_dags/example_short_circuit_operator.py took 0.122 seconds
[2023-06-05 23:25:29,365] {processor.py:153} INFO - Started process (PID=46168) to work on /home/gui/Documentos/airflowalura/venv/lib/python3.9/site-packages/airflow/example_dags/example_short_circuit_operator.py
[2023-06-05 23:25:29,367] {processor.py:641} INFO - Processing file /home/gui/Documentos/airflowalura/venv/lib/python3.9/site-packages/airflow/example_dags/example_short_circuit_operator.py for tasks to queue
[2023-06-05 23:25:29,368] {logging_mixin.py:115} INFO - [2023-06-05 23:25:29,368] {dagbag.py:507} INFO - Filling up the DagBag from /home/gui/Documentos/airflowalura/venv/lib/python3.9/site-packages/airflow/example_dags/example_short_circuit_operator.py
[2023-06-05 23:25:29,389] {processor.py:651} INFO - DAG(s) dict_keys(['example_short_circuit_operator']) retrieved from /home/gui/Documentos/airflowalura/venv/lib/python3.9/site-packages/airflow/example_dags/example_short_circuit_operator.py
[2023-06-05 23:25:29,425] {logging_mixin.py:115} INFO - [2023-06-05 23:25:29,425] {dag.py:2379} INFO - Sync 1 DAGs
[2023-06-05 23:25:29,457] {logging_mixin.py:115} INFO - [2023-06-05 23:25:29,457] {dag.py:2927} INFO - Setting next_dagrun for example_short_circuit_operator to 2023-06-05T02:25:29.457002+00:00, run_after=2023-06-06T02:25:29.457002+00:00
[2023-06-05 23:25:29,484] {processor.py:161} INFO - Processing /home/gui/Documentos/airflowalura/venv/lib/python3.9/site-packages/airflow/example_dags/example_short_circuit_operator.py took 0.124 seconds
[2023-06-05 23:26:05,965] {processor.py:153} INFO - Started process (PID=46232) to work on /home/gui/Documentos/airflowalura/venv/lib/python3.9/site-packages/airflow/example_dags/example_short_circuit_operator.py
[2023-06-05 23:26:05,966] {processor.py:641} INFO - Processing file /home/gui/Documentos/airflowalura/venv/lib/python3.9/site-packages/airflow/example_dags/example_short_circuit_operator.py for tasks to queue
[2023-06-05 23:26:05,967] {logging_mixin.py:115} INFO - [2023-06-05 23:26:05,967] {dagbag.py:507} INFO - Filling up the DagBag from /home/gui/Documentos/airflowalura/venv/lib/python3.9/site-packages/airflow/example_dags/example_short_circuit_operator.py
[2023-06-05 23:26:05,985] {processor.py:651} INFO - DAG(s) dict_keys(['example_short_circuit_operator']) retrieved from /home/gui/Documentos/airflowalura/venv/lib/python3.9/site-packages/airflow/example_dags/example_short_circuit_operator.py
[2023-06-05 23:26:06,020] {logging_mixin.py:115} INFO - [2023-06-05 23:26:06,020] {dag.py:2379} INFO - Sync 1 DAGs
[2023-06-05 23:26:06,055] {logging_mixin.py:115} INFO - [2023-06-05 23:26:06,055] {dag.py:2927} INFO - Setting next_dagrun for example_short_circuit_operator to 2023-06-05T02:26:06.054548+00:00, run_after=2023-06-06T02:26:06.054548+00:00
[2023-06-05 23:26:06,075] {processor.py:161} INFO - Processing /home/gui/Documentos/airflowalura/venv/lib/python3.9/site-packages/airflow/example_dags/example_short_circuit_operator.py took 0.117 seconds
[2023-06-05 23:31:07,557] {processor.py:153} INFO - Started process (PID=46726) to work on /home/gui/Documentos/airflowalura/venv/lib/python3.9/site-packages/airflow/example_dags/example_short_circuit_operator.py
[2023-06-05 23:31:07,598] {processor.py:641} INFO - Processing file /home/gui/Documentos/airflowalura/venv/lib/python3.9/site-packages/airflow/example_dags/example_short_circuit_operator.py for tasks to queue
[2023-06-05 23:31:07,599] {logging_mixin.py:115} INFO - [2023-06-05 23:31:07,598] {dagbag.py:507} INFO - Filling up the DagBag from /home/gui/Documentos/airflowalura/venv/lib/python3.9/site-packages/airflow/example_dags/example_short_circuit_operator.py
[2023-06-05 23:31:07,621] {processor.py:651} INFO - DAG(s) dict_keys(['example_short_circuit_operator']) retrieved from /home/gui/Documentos/airflowalura/venv/lib/python3.9/site-packages/airflow/example_dags/example_short_circuit_operator.py
[2023-06-05 23:31:07,658] {logging_mixin.py:115} INFO - [2023-06-05 23:31:07,658] {dag.py:2379} INFO - Sync 1 DAGs
[2023-06-05 23:31:07,801] {logging_mixin.py:115} INFO - [2023-06-05 23:31:07,801] {dag.py:2927} INFO - Setting next_dagrun for example_short_circuit_operator to 2023-06-05T02:31:07.800673+00:00, run_after=2023-06-06T02:31:07.800673+00:00
[2023-06-05 23:31:07,837] {processor.py:161} INFO - Processing /home/gui/Documentos/airflowalura/venv/lib/python3.9/site-packages/airflow/example_dags/example_short_circuit_operator.py took 0.287 seconds
[2023-06-05 23:32:05,687] {processor.py:153} INFO - Started process (PID=47177) to work on /home/gui/Documentos/airflowalura/venv/lib/python3.9/site-packages/airflow/example_dags/example_short_circuit_operator.py
[2023-06-05 23:32:05,695] {processor.py:641} INFO - Processing file /home/gui/Documentos/airflowalura/venv/lib/python3.9/site-packages/airflow/example_dags/example_short_circuit_operator.py for tasks to queue
[2023-06-05 23:32:05,696] {logging_mixin.py:115} INFO - [2023-06-05 23:32:05,696] {dagbag.py:507} INFO - Filling up the DagBag from /home/gui/Documentos/airflowalura/venv/lib/python3.9/site-packages/airflow/example_dags/example_short_circuit_operator.py
[2023-06-05 23:32:05,724] {processor.py:651} INFO - DAG(s) dict_keys(['example_short_circuit_operator']) retrieved from /home/gui/Documentos/airflowalura/venv/lib/python3.9/site-packages/airflow/example_dags/example_short_circuit_operator.py
[2023-06-05 23:32:05,781] {logging_mixin.py:115} INFO - [2023-06-05 23:32:05,781] {dag.py:2379} INFO - Sync 1 DAGs
[2023-06-05 23:32:05,836] {logging_mixin.py:115} INFO - [2023-06-05 23:32:05,836] {dag.py:2927} INFO - Setting next_dagrun for example_short_circuit_operator to 2023-06-05T02:32:05.835477+00:00, run_after=2023-06-06T02:32:05.835477+00:00
[2023-06-05 23:32:05,941] {processor.py:161} INFO - Processing /home/gui/Documentos/airflowalura/venv/lib/python3.9/site-packages/airflow/example_dags/example_short_circuit_operator.py took 0.262 seconds
[2023-06-05 23:32:52,288] {processor.py:153} INFO - Started process (PID=47835) to work on /home/gui/Documentos/airflowalura/venv/lib/python3.9/site-packages/airflow/example_dags/example_short_circuit_operator.py
[2023-06-05 23:32:52,297] {processor.py:641} INFO - Processing file /home/gui/Documentos/airflowalura/venv/lib/python3.9/site-packages/airflow/example_dags/example_short_circuit_operator.py for tasks to queue
[2023-06-05 23:32:52,299] {logging_mixin.py:115} INFO - [2023-06-05 23:32:52,299] {dagbag.py:507} INFO - Filling up the DagBag from /home/gui/Documentos/airflowalura/venv/lib/python3.9/site-packages/airflow/example_dags/example_short_circuit_operator.py
[2023-06-05 23:32:52,334] {processor.py:651} INFO - DAG(s) dict_keys(['example_short_circuit_operator']) retrieved from /home/gui/Documentos/airflowalura/venv/lib/python3.9/site-packages/airflow/example_dags/example_short_circuit_operator.py
[2023-06-05 23:32:52,423] {logging_mixin.py:115} INFO - [2023-06-05 23:32:52,423] {dag.py:2379} INFO - Sync 1 DAGs
[2023-06-05 23:32:52,502] {logging_mixin.py:115} INFO - [2023-06-05 23:32:52,501] {dag.py:2927} INFO - Setting next_dagrun for example_short_circuit_operator to 2023-06-05T02:32:52.500845+00:00, run_after=2023-06-06T02:32:52.500845+00:00
[2023-06-05 23:32:52,582] {processor.py:161} INFO - Processing /home/gui/Documentos/airflowalura/venv/lib/python3.9/site-packages/airflow/example_dags/example_short_circuit_operator.py took 0.308 seconds
[2023-06-05 23:33:36,651] {processor.py:153} INFO - Started process (PID=48507) to work on /home/gui/Documentos/airflowalura/venv/lib/python3.9/site-packages/airflow/example_dags/example_short_circuit_operator.py
[2023-06-05 23:33:36,659] {processor.py:641} INFO - Processing file /home/gui/Documentos/airflowalura/venv/lib/python3.9/site-packages/airflow/example_dags/example_short_circuit_operator.py for tasks to queue
[2023-06-05 23:33:36,661] {logging_mixin.py:115} INFO - [2023-06-05 23:33:36,660] {dagbag.py:507} INFO - Filling up the DagBag from /home/gui/Documentos/airflowalura/venv/lib/python3.9/site-packages/airflow/example_dags/example_short_circuit_operator.py
[2023-06-05 23:33:36,717] {processor.py:651} INFO - DAG(s) dict_keys(['example_short_circuit_operator']) retrieved from /home/gui/Documentos/airflowalura/venv/lib/python3.9/site-packages/airflow/example_dags/example_short_circuit_operator.py
[2023-06-05 23:33:36,784] {logging_mixin.py:115} INFO - [2023-06-05 23:33:36,784] {dag.py:2379} INFO - Sync 1 DAGs
[2023-06-05 23:33:36,836] {logging_mixin.py:115} INFO - [2023-06-05 23:33:36,835] {dag.py:2927} INFO - Setting next_dagrun for example_short_circuit_operator to 2023-06-05T02:33:36.835010+00:00, run_after=2023-06-06T02:33:36.835010+00:00
[2023-06-05 23:33:36,907] {processor.py:161} INFO - Processing /home/gui/Documentos/airflowalura/venv/lib/python3.9/site-packages/airflow/example_dags/example_short_circuit_operator.py took 0.265 seconds
[2023-06-05 23:34:15,360] {processor.py:153} INFO - Started process (PID=49072) to work on /home/gui/Documentos/airflowalura/venv/lib/python3.9/site-packages/airflow/example_dags/example_short_circuit_operator.py
[2023-06-05 23:34:15,361] {processor.py:641} INFO - Processing file /home/gui/Documentos/airflowalura/venv/lib/python3.9/site-packages/airflow/example_dags/example_short_circuit_operator.py for tasks to queue
[2023-06-05 23:34:15,362] {logging_mixin.py:115} INFO - [2023-06-05 23:34:15,362] {dagbag.py:507} INFO - Filling up the DagBag from /home/gui/Documentos/airflowalura/venv/lib/python3.9/site-packages/airflow/example_dags/example_short_circuit_operator.py
[2023-06-05 23:34:15,402] {processor.py:651} INFO - DAG(s) dict_keys(['example_short_circuit_operator']) retrieved from /home/gui/Documentos/airflowalura/venv/lib/python3.9/site-packages/airflow/example_dags/example_short_circuit_operator.py
[2023-06-05 23:34:15,467] {logging_mixin.py:115} INFO - [2023-06-05 23:34:15,467] {dag.py:2379} INFO - Sync 1 DAGs
[2023-06-05 23:34:15,520] {logging_mixin.py:115} INFO - [2023-06-05 23:34:15,519] {dag.py:2927} INFO - Setting next_dagrun for example_short_circuit_operator to 2023-06-05T02:34:15.519444+00:00, run_after=2023-06-06T02:34:15.519444+00:00
[2023-06-05 23:34:15,631] {processor.py:161} INFO - Processing /home/gui/Documentos/airflowalura/venv/lib/python3.9/site-packages/airflow/example_dags/example_short_circuit_operator.py took 0.287 seconds
[2023-06-05 23:34:56,578] {processor.py:153} INFO - Started process (PID=49514) to work on /home/gui/Documentos/airflowalura/venv/lib/python3.9/site-packages/airflow/example_dags/example_short_circuit_operator.py
[2023-06-05 23:34:56,597] {processor.py:641} INFO - Processing file /home/gui/Documentos/airflowalura/venv/lib/python3.9/site-packages/airflow/example_dags/example_short_circuit_operator.py for tasks to queue
[2023-06-05 23:34:56,599] {logging_mixin.py:115} INFO - [2023-06-05 23:34:56,598] {dagbag.py:507} INFO - Filling up the DagBag from /home/gui/Documentos/airflowalura/venv/lib/python3.9/site-packages/airflow/example_dags/example_short_circuit_operator.py
[2023-06-05 23:34:56,620] {processor.py:651} INFO - DAG(s) dict_keys(['example_short_circuit_operator']) retrieved from /home/gui/Documentos/airflowalura/venv/lib/python3.9/site-packages/airflow/example_dags/example_short_circuit_operator.py
[2023-06-05 23:34:56,665] {logging_mixin.py:115} INFO - [2023-06-05 23:34:56,665] {dag.py:2379} INFO - Sync 1 DAGs
[2023-06-05 23:34:56,707] {logging_mixin.py:115} INFO - [2023-06-05 23:34:56,704] {dag.py:2927} INFO - Setting next_dagrun for example_short_circuit_operator to 2023-06-05T02:34:56.703569+00:00, run_after=2023-06-06T02:34:56.703569+00:00
[2023-06-05 23:34:56,748] {processor.py:161} INFO - Processing /home/gui/Documentos/airflowalura/venv/lib/python3.9/site-packages/airflow/example_dags/example_short_circuit_operator.py took 0.183 seconds
[2023-06-05 23:35:34,710] {processor.py:153} INFO - Started process (PID=49576) to work on /home/gui/Documentos/airflowalura/venv/lib/python3.9/site-packages/airflow/example_dags/example_short_circuit_operator.py
[2023-06-05 23:35:34,719] {processor.py:641} INFO - Processing file /home/gui/Documentos/airflowalura/venv/lib/python3.9/site-packages/airflow/example_dags/example_short_circuit_operator.py for tasks to queue
[2023-06-05 23:35:34,720] {logging_mixin.py:115} INFO - [2023-06-05 23:35:34,720] {dagbag.py:507} INFO - Filling up the DagBag from /home/gui/Documentos/airflowalura/venv/lib/python3.9/site-packages/airflow/example_dags/example_short_circuit_operator.py
[2023-06-05 23:35:34,747] {processor.py:651} INFO - DAG(s) dict_keys(['example_short_circuit_operator']) retrieved from /home/gui/Documentos/airflowalura/venv/lib/python3.9/site-packages/airflow/example_dags/example_short_circuit_operator.py
[2023-06-05 23:35:34,793] {logging_mixin.py:115} INFO - [2023-06-05 23:35:34,793] {dag.py:2379} INFO - Sync 1 DAGs
[2023-06-05 23:35:34,840] {logging_mixin.py:115} INFO - [2023-06-05 23:35:34,840] {dag.py:2927} INFO - Setting next_dagrun for example_short_circuit_operator to 2023-06-05T02:35:34.839437+00:00, run_after=2023-06-06T02:35:34.839437+00:00
[2023-06-05 23:35:34,884] {processor.py:161} INFO - Processing /home/gui/Documentos/airflowalura/venv/lib/python3.9/site-packages/airflow/example_dags/example_short_circuit_operator.py took 0.182 seconds
[2023-06-05 23:36:22,943] {processor.py:153} INFO - Started process (PID=49643) to work on /home/gui/Documentos/airflowalura/venv/lib/python3.9/site-packages/airflow/example_dags/example_short_circuit_operator.py
[2023-06-05 23:36:22,948] {processor.py:641} INFO - Processing file /home/gui/Documentos/airflowalura/venv/lib/python3.9/site-packages/airflow/example_dags/example_short_circuit_operator.py for tasks to queue
[2023-06-05 23:36:22,949] {logging_mixin.py:115} INFO - [2023-06-05 23:36:22,949] {dagbag.py:507} INFO - Filling up the DagBag from /home/gui/Documentos/airflowalura/venv/lib/python3.9/site-packages/airflow/example_dags/example_short_circuit_operator.py
[2023-06-05 23:36:22,975] {processor.py:651} INFO - DAG(s) dict_keys(['example_short_circuit_operator']) retrieved from /home/gui/Documentos/airflowalura/venv/lib/python3.9/site-packages/airflow/example_dags/example_short_circuit_operator.py
[2023-06-05 23:36:23,017] {logging_mixin.py:115} INFO - [2023-06-05 23:36:23,017] {dag.py:2379} INFO - Sync 1 DAGs
[2023-06-05 23:36:23,062] {logging_mixin.py:115} INFO - [2023-06-05 23:36:23,062] {dag.py:2927} INFO - Setting next_dagrun for example_short_circuit_operator to 2023-06-05T02:36:23.061752+00:00, run_after=2023-06-06T02:36:23.061752+00:00
[2023-06-05 23:36:23,141] {processor.py:161} INFO - Processing /home/gui/Documentos/airflowalura/venv/lib/python3.9/site-packages/airflow/example_dags/example_short_circuit_operator.py took 0.213 seconds
[2023-06-05 23:37:08,754] {processor.py:153} INFO - Started process (PID=49750) to work on /home/gui/Documentos/airflowalura/venv/lib/python3.9/site-packages/airflow/example_dags/example_short_circuit_operator.py
[2023-06-05 23:37:08,761] {processor.py:641} INFO - Processing file /home/gui/Documentos/airflowalura/venv/lib/python3.9/site-packages/airflow/example_dags/example_short_circuit_operator.py for tasks to queue
[2023-06-05 23:37:08,762] {logging_mixin.py:115} INFO - [2023-06-05 23:37:08,762] {dagbag.py:507} INFO - Filling up the DagBag from /home/gui/Documentos/airflowalura/venv/lib/python3.9/site-packages/airflow/example_dags/example_short_circuit_operator.py
[2023-06-05 23:37:08,787] {processor.py:651} INFO - DAG(s) dict_keys(['example_short_circuit_operator']) retrieved from /home/gui/Documentos/airflowalura/venv/lib/python3.9/site-packages/airflow/example_dags/example_short_circuit_operator.py
[2023-06-05 23:37:08,834] {logging_mixin.py:115} INFO - [2023-06-05 23:37:08,833] {dag.py:2379} INFO - Sync 1 DAGs
[2023-06-05 23:37:08,880] {logging_mixin.py:115} INFO - [2023-06-05 23:37:08,880] {dag.py:2927} INFO - Setting next_dagrun for example_short_circuit_operator to 2023-06-05T02:37:08.879945+00:00, run_after=2023-06-06T02:37:08.879945+00:00
[2023-06-05 23:37:09,111] {processor.py:161} INFO - Processing /home/gui/Documentos/airflowalura/venv/lib/python3.9/site-packages/airflow/example_dags/example_short_circuit_operator.py took 0.372 seconds
[2023-06-05 23:37:49,177] {processor.py:153} INFO - Started process (PID=49869) to work on /home/gui/Documentos/airflowalura/venv/lib/python3.9/site-packages/airflow/example_dags/example_short_circuit_operator.py
[2023-06-05 23:37:49,178] {processor.py:641} INFO - Processing file /home/gui/Documentos/airflowalura/venv/lib/python3.9/site-packages/airflow/example_dags/example_short_circuit_operator.py for tasks to queue
[2023-06-05 23:37:49,179] {logging_mixin.py:115} INFO - [2023-06-05 23:37:49,179] {dagbag.py:507} INFO - Filling up the DagBag from /home/gui/Documentos/airflowalura/venv/lib/python3.9/site-packages/airflow/example_dags/example_short_circuit_operator.py
[2023-06-05 23:37:49,200] {processor.py:651} INFO - DAG(s) dict_keys(['example_short_circuit_operator']) retrieved from /home/gui/Documentos/airflowalura/venv/lib/python3.9/site-packages/airflow/example_dags/example_short_circuit_operator.py
[2023-06-05 23:37:49,240] {logging_mixin.py:115} INFO - [2023-06-05 23:37:49,240] {dag.py:2379} INFO - Sync 1 DAGs
[2023-06-05 23:37:49,278] {logging_mixin.py:115} INFO - [2023-06-05 23:37:49,278] {dag.py:2927} INFO - Setting next_dagrun for example_short_circuit_operator to 2023-06-05T02:37:49.277799+00:00, run_after=2023-06-06T02:37:49.277799+00:00
[2023-06-05 23:37:49,367] {processor.py:161} INFO - Processing /home/gui/Documentos/airflowalura/venv/lib/python3.9/site-packages/airflow/example_dags/example_short_circuit_operator.py took 0.200 seconds
[2023-06-05 23:38:32,056] {processor.py:153} INFO - Started process (PID=49942) to work on /home/gui/Documentos/airflowalura/venv/lib/python3.9/site-packages/airflow/example_dags/example_short_circuit_operator.py
[2023-06-05 23:38:32,059] {processor.py:641} INFO - Processing file /home/gui/Documentos/airflowalura/venv/lib/python3.9/site-packages/airflow/example_dags/example_short_circuit_operator.py for tasks to queue
[2023-06-05 23:38:32,060] {logging_mixin.py:115} INFO - [2023-06-05 23:38:32,060] {dagbag.py:507} INFO - Filling up the DagBag from /home/gui/Documentos/airflowalura/venv/lib/python3.9/site-packages/airflow/example_dags/example_short_circuit_operator.py
[2023-06-05 23:38:32,082] {processor.py:651} INFO - DAG(s) dict_keys(['example_short_circuit_operator']) retrieved from /home/gui/Documentos/airflowalura/venv/lib/python3.9/site-packages/airflow/example_dags/example_short_circuit_operator.py
[2023-06-05 23:38:32,122] {logging_mixin.py:115} INFO - [2023-06-05 23:38:32,122] {dag.py:2379} INFO - Sync 1 DAGs
[2023-06-05 23:38:32,152] {logging_mixin.py:115} INFO - [2023-06-05 23:38:32,152] {dag.py:2927} INFO - Setting next_dagrun for example_short_circuit_operator to 2023-06-05T02:38:32.151870+00:00, run_after=2023-06-06T02:38:32.151870+00:00
[2023-06-05 23:38:32,202] {processor.py:161} INFO - Processing /home/gui/Documentos/airflowalura/venv/lib/python3.9/site-packages/airflow/example_dags/example_short_circuit_operator.py took 0.159 seconds
[2023-06-05 23:39:13,129] {processor.py:153} INFO - Started process (PID=50006) to work on /home/gui/Documentos/airflowalura/venv/lib/python3.9/site-packages/airflow/example_dags/example_short_circuit_operator.py
[2023-06-05 23:39:13,131] {processor.py:641} INFO - Processing file /home/gui/Documentos/airflowalura/venv/lib/python3.9/site-packages/airflow/example_dags/example_short_circuit_operator.py for tasks to queue
[2023-06-05 23:39:13,132] {logging_mixin.py:115} INFO - [2023-06-05 23:39:13,132] {dagbag.py:507} INFO - Filling up the DagBag from /home/gui/Documentos/airflowalura/venv/lib/python3.9/site-packages/airflow/example_dags/example_short_circuit_operator.py
[2023-06-05 23:39:13,158] {processor.py:651} INFO - DAG(s) dict_keys(['example_short_circuit_operator']) retrieved from /home/gui/Documentos/airflowalura/venv/lib/python3.9/site-packages/airflow/example_dags/example_short_circuit_operator.py
[2023-06-05 23:39:13,213] {logging_mixin.py:115} INFO - [2023-06-05 23:39:13,213] {dag.py:2379} INFO - Sync 1 DAGs
[2023-06-05 23:39:13,252] {logging_mixin.py:115} INFO - [2023-06-05 23:39:13,251] {dag.py:2927} INFO - Setting next_dagrun for example_short_circuit_operator to 2023-06-05T02:39:13.251447+00:00, run_after=2023-06-06T02:39:13.251447+00:00
[2023-06-05 23:39:13,315] {processor.py:161} INFO - Processing /home/gui/Documentos/airflowalura/venv/lib/python3.9/site-packages/airflow/example_dags/example_short_circuit_operator.py took 0.199 seconds
[2023-06-05 23:40:00,885] {processor.py:153} INFO - Started process (PID=50279) to work on /home/gui/Documentos/airflowalura/venv/lib/python3.9/site-packages/airflow/example_dags/example_short_circuit_operator.py
[2023-06-05 23:40:00,925] {processor.py:641} INFO - Processing file /home/gui/Documentos/airflowalura/venv/lib/python3.9/site-packages/airflow/example_dags/example_short_circuit_operator.py for tasks to queue
[2023-06-05 23:40:00,925] {logging_mixin.py:115} INFO - [2023-06-05 23:40:00,925] {dagbag.py:507} INFO - Filling up the DagBag from /home/gui/Documentos/airflowalura/venv/lib/python3.9/site-packages/airflow/example_dags/example_short_circuit_operator.py
[2023-06-05 23:40:00,951] {processor.py:651} INFO - DAG(s) dict_keys(['example_short_circuit_operator']) retrieved from /home/gui/Documentos/airflowalura/venv/lib/python3.9/site-packages/airflow/example_dags/example_short_circuit_operator.py
[2023-06-05 23:40:00,990] {logging_mixin.py:115} INFO - [2023-06-05 23:40:00,990] {dag.py:2379} INFO - Sync 1 DAGs
[2023-06-05 23:40:01,030] {logging_mixin.py:115} INFO - [2023-06-05 23:40:01,029] {dag.py:2927} INFO - Setting next_dagrun for example_short_circuit_operator to 2023-06-05T02:40:01.029086+00:00, run_after=2023-06-06T02:40:01.029086+00:00
[2023-06-05 23:40:01,059] {processor.py:161} INFO - Processing /home/gui/Documentos/airflowalura/venv/lib/python3.9/site-packages/airflow/example_dags/example_short_circuit_operator.py took 0.188 seconds
[2023-06-05 23:40:39,146] {processor.py:153} INFO - Started process (PID=50411) to work on /home/gui/Documentos/airflowalura/venv/lib/python3.9/site-packages/airflow/example_dags/example_short_circuit_operator.py
[2023-06-05 23:40:39,152] {processor.py:641} INFO - Processing file /home/gui/Documentos/airflowalura/venv/lib/python3.9/site-packages/airflow/example_dags/example_short_circuit_operator.py for tasks to queue
[2023-06-05 23:40:39,153] {logging_mixin.py:115} INFO - [2023-06-05 23:40:39,153] {dagbag.py:507} INFO - Filling up the DagBag from /home/gui/Documentos/airflowalura/venv/lib/python3.9/site-packages/airflow/example_dags/example_short_circuit_operator.py
[2023-06-05 23:40:39,173] {processor.py:651} INFO - DAG(s) dict_keys(['example_short_circuit_operator']) retrieved from /home/gui/Documentos/airflowalura/venv/lib/python3.9/site-packages/airflow/example_dags/example_short_circuit_operator.py
[2023-06-05 23:40:39,208] {logging_mixin.py:115} INFO - [2023-06-05 23:40:39,208] {dag.py:2379} INFO - Sync 1 DAGs
[2023-06-05 23:40:39,256] {logging_mixin.py:115} INFO - [2023-06-05 23:40:39,253] {dag.py:2927} INFO - Setting next_dagrun for example_short_circuit_operator to 2023-06-05T02:40:39.253037+00:00, run_after=2023-06-06T02:40:39.253037+00:00
[2023-06-05 23:40:39,292] {processor.py:161} INFO - Processing /home/gui/Documentos/airflowalura/venv/lib/python3.9/site-packages/airflow/example_dags/example_short_circuit_operator.py took 0.153 seconds
[2023-06-05 23:41:21,907] {processor.py:153} INFO - Started process (PID=50718) to work on /home/gui/Documentos/airflowalura/venv/lib/python3.9/site-packages/airflow/example_dags/example_short_circuit_operator.py
[2023-06-05 23:41:21,911] {processor.py:641} INFO - Processing file /home/gui/Documentos/airflowalura/venv/lib/python3.9/site-packages/airflow/example_dags/example_short_circuit_operator.py for tasks to queue
[2023-06-05 23:41:21,912] {logging_mixin.py:115} INFO - [2023-06-05 23:41:21,912] {dagbag.py:507} INFO - Filling up the DagBag from /home/gui/Documentos/airflowalura/venv/lib/python3.9/site-packages/airflow/example_dags/example_short_circuit_operator.py
[2023-06-05 23:41:21,944] {processor.py:651} INFO - DAG(s) dict_keys(['example_short_circuit_operator']) retrieved from /home/gui/Documentos/airflowalura/venv/lib/python3.9/site-packages/airflow/example_dags/example_short_circuit_operator.py
[2023-06-05 23:41:21,994] {logging_mixin.py:115} INFO - [2023-06-05 23:41:21,993] {dag.py:2379} INFO - Sync 1 DAGs
[2023-06-05 23:41:22,032] {logging_mixin.py:115} INFO - [2023-06-05 23:41:22,032] {dag.py:2927} INFO - Setting next_dagrun for example_short_circuit_operator to 2023-06-05T02:41:22.031708+00:00, run_after=2023-06-06T02:41:22.031708+00:00
[2023-06-05 23:41:22,092] {processor.py:161} INFO - Processing /home/gui/Documentos/airflowalura/venv/lib/python3.9/site-packages/airflow/example_dags/example_short_circuit_operator.py took 0.196 seconds
[2023-06-05 23:42:05,038] {processor.py:153} INFO - Started process (PID=50813) to work on /home/gui/Documentos/airflowalura/venv/lib/python3.9/site-packages/airflow/example_dags/example_short_circuit_operator.py
[2023-06-05 23:42:05,043] {processor.py:641} INFO - Processing file /home/gui/Documentos/airflowalura/venv/lib/python3.9/site-packages/airflow/example_dags/example_short_circuit_operator.py for tasks to queue
[2023-06-05 23:42:05,044] {logging_mixin.py:115} INFO - [2023-06-05 23:42:05,043] {dagbag.py:507} INFO - Filling up the DagBag from /home/gui/Documentos/airflowalura/venv/lib/python3.9/site-packages/airflow/example_dags/example_short_circuit_operator.py
[2023-06-05 23:42:05,078] {processor.py:651} INFO - DAG(s) dict_keys(['example_short_circuit_operator']) retrieved from /home/gui/Documentos/airflowalura/venv/lib/python3.9/site-packages/airflow/example_dags/example_short_circuit_operator.py
[2023-06-05 23:42:05,135] {logging_mixin.py:115} INFO - [2023-06-05 23:42:05,135] {dag.py:2379} INFO - Sync 1 DAGs
[2023-06-05 23:42:05,178] {logging_mixin.py:115} INFO - [2023-06-05 23:42:05,178] {dag.py:2927} INFO - Setting next_dagrun for example_short_circuit_operator to 2023-06-05T02:42:05.177836+00:00, run_after=2023-06-06T02:42:05.177836+00:00
[2023-06-05 23:42:05,211] {processor.py:161} INFO - Processing /home/gui/Documentos/airflowalura/venv/lib/python3.9/site-packages/airflow/example_dags/example_short_circuit_operator.py took 0.179 seconds
