[2023-06-05 23:02:19,086] {processor.py:153} INFO - Started process (PID=44519) to work on /home/gui/Documentos/airflowalura/venv/lib/python3.9/site-packages/airflow/example_dags/example_sla_dag.py
[2023-06-05 23:02:19,087] {processor.py:641} INFO - Processing file /home/gui/Documentos/airflowalura/venv/lib/python3.9/site-packages/airflow/example_dags/example_sla_dag.py for tasks to queue
[2023-06-05 23:02:19,088] {logging_mixin.py:115} INFO - [2023-06-05 23:02:19,088] {dagbag.py:507} INFO - Filling up the DagBag from /home/gui/Documentos/airflowalura/venv/lib/python3.9/site-packages/airflow/example_dags/example_sla_dag.py
[2023-06-05 23:02:19,128] {processor.py:651} INFO - DAG(s) dict_keys(['example_sla_dag']) retrieved from /home/gui/Documentos/airflowalura/venv/lib/python3.9/site-packages/airflow/example_dags/example_sla_dag.py
[2023-06-05 23:02:19,281] {logging_mixin.py:115} INFO - [2023-06-05 23:02:19,281] {manager.py:508} INFO - Created Permission View: can read on DAG:example_sla_dag
[2023-06-05 23:02:19,298] {logging_mixin.py:115} INFO - [2023-06-05 23:02:19,298] {manager.py:508} INFO - Created Permission View: can edit on DAG:example_sla_dag
[2023-06-05 23:02:19,312] {logging_mixin.py:115} INFO - [2023-06-05 23:02:19,311] {manager.py:508} INFO - Created Permission View: can delete on DAG:example_sla_dag
[2023-06-05 23:02:19,312] {logging_mixin.py:115} INFO - [2023-06-05 23:02:19,312] {dag.py:2379} INFO - Sync 1 DAGs
[2023-06-05 23:02:19,329] {logging_mixin.py:115} INFO - [2023-06-05 23:02:19,329] {dag.py:2398} INFO - Creating ORM DAG for example_sla_dag
[2023-06-05 23:02:19,353] {logging_mixin.py:115} INFO - [2023-06-05 23:02:19,353] {dag.py:2927} INFO - Setting next_dagrun for example_sla_dag to 2023-06-06T02:00:00+00:00, run_after=2023-06-06T02:02:00+00:00
[2023-06-05 23:02:19,379] {processor.py:161} INFO - Processing /home/gui/Documentos/airflowalura/venv/lib/python3.9/site-packages/airflow/example_dags/example_sla_dag.py took 0.299 seconds
[2023-06-05 23:05:27,131] {processor.py:153} INFO - Started process (PID=44970) to work on /home/gui/Documentos/airflowalura/venv/lib/python3.9/site-packages/airflow/example_dags/example_sla_dag.py
[2023-06-05 23:05:27,133] {processor.py:641} INFO - Processing file /home/gui/Documentos/airflowalura/venv/lib/python3.9/site-packages/airflow/example_dags/example_sla_dag.py for tasks to queue
[2023-06-05 23:05:27,133] {logging_mixin.py:115} INFO - [2023-06-05 23:05:27,133] {dagbag.py:507} INFO - Filling up the DagBag from /home/gui/Documentos/airflowalura/venv/lib/python3.9/site-packages/airflow/example_dags/example_sla_dag.py
[2023-06-05 23:05:27,164] {processor.py:651} INFO - DAG(s) dict_keys(['example_sla_dag']) retrieved from /home/gui/Documentos/airflowalura/venv/lib/python3.9/site-packages/airflow/example_dags/example_sla_dag.py
[2023-06-05 23:05:27,189] {logging_mixin.py:115} INFO - [2023-06-05 23:05:27,189] {dag.py:2379} INFO - Sync 1 DAGs
[2023-06-05 23:05:27,221] {logging_mixin.py:115} INFO - [2023-06-05 23:05:27,221] {dag.py:2927} INFO - Setting next_dagrun for example_sla_dag to 2023-06-06T02:02:00+00:00, run_after=2023-06-06T02:04:00+00:00
[2023-06-05 23:05:27,279] {processor.py:161} INFO - Processing /home/gui/Documentos/airflowalura/venv/lib/python3.9/site-packages/airflow/example_dags/example_sla_dag.py took 0.154 seconds
[2023-06-05 23:06:06,699] {processor.py:153} INFO - Started process (PID=45007) to work on /home/gui/Documentos/airflowalura/venv/lib/python3.9/site-packages/airflow/example_dags/example_sla_dag.py
[2023-06-05 23:06:06,701] {processor.py:641} INFO - Processing file /home/gui/Documentos/airflowalura/venv/lib/python3.9/site-packages/airflow/example_dags/example_sla_dag.py for tasks to queue
[2023-06-05 23:06:06,702] {logging_mixin.py:115} INFO - [2023-06-05 23:06:06,702] {dagbag.py:507} INFO - Filling up the DagBag from /home/gui/Documentos/airflowalura/venv/lib/python3.9/site-packages/airflow/example_dags/example_sla_dag.py
[2023-06-05 23:06:06,732] {processor.py:651} INFO - DAG(s) dict_keys(['example_sla_dag']) retrieved from /home/gui/Documentos/airflowalura/venv/lib/python3.9/site-packages/airflow/example_dags/example_sla_dag.py
[2023-06-05 23:06:06,757] {logging_mixin.py:115} INFO - [2023-06-05 23:06:06,757] {dag.py:2379} INFO - Sync 1 DAGs
[2023-06-05 23:06:06,790] {logging_mixin.py:115} INFO - [2023-06-05 23:06:06,790] {dag.py:2927} INFO - Setting next_dagrun for example_sla_dag to 2023-06-06T02:04:00+00:00, run_after=2023-06-06T02:06:00+00:00
[2023-06-05 23:06:06,973] {processor.py:161} INFO - Processing /home/gui/Documentos/airflowalura/venv/lib/python3.9/site-packages/airflow/example_dags/example_sla_dag.py took 0.280 seconds
[2023-06-05 23:06:44,433] {processor.py:153} INFO - Started process (PID=45041) to work on /home/gui/Documentos/airflowalura/venv/lib/python3.9/site-packages/airflow/example_dags/example_sla_dag.py
[2023-06-05 23:06:44,434] {processor.py:641} INFO - Processing file /home/gui/Documentos/airflowalura/venv/lib/python3.9/site-packages/airflow/example_dags/example_sla_dag.py for tasks to queue
[2023-06-05 23:06:44,435] {logging_mixin.py:115} INFO - [2023-06-05 23:06:44,435] {dagbag.py:507} INFO - Filling up the DagBag from /home/gui/Documentos/airflowalura/venv/lib/python3.9/site-packages/airflow/example_dags/example_sla_dag.py
[2023-06-05 23:06:44,464] {processor.py:651} INFO - DAG(s) dict_keys(['example_sla_dag']) retrieved from /home/gui/Documentos/airflowalura/venv/lib/python3.9/site-packages/airflow/example_dags/example_sla_dag.py
[2023-06-05 23:06:44,489] {logging_mixin.py:115} INFO - [2023-06-05 23:06:44,489] {dag.py:2379} INFO - Sync 1 DAGs
[2023-06-05 23:06:44,521] {logging_mixin.py:115} INFO - [2023-06-05 23:06:44,521] {dag.py:2927} INFO - Setting next_dagrun for example_sla_dag to 2023-06-06T02:04:00+00:00, run_after=2023-06-06T02:06:00+00:00
[2023-06-05 23:06:44,563] {processor.py:161} INFO - Processing /home/gui/Documentos/airflowalura/venv/lib/python3.9/site-packages/airflow/example_dags/example_sla_dag.py took 0.136 seconds
[2023-06-05 23:07:22,066] {processor.py:153} INFO - Started process (PID=45096) to work on /home/gui/Documentos/airflowalura/venv/lib/python3.9/site-packages/airflow/example_dags/example_sla_dag.py
[2023-06-05 23:07:22,067] {processor.py:641} INFO - Processing file /home/gui/Documentos/airflowalura/venv/lib/python3.9/site-packages/airflow/example_dags/example_sla_dag.py for tasks to queue
[2023-06-05 23:07:22,068] {logging_mixin.py:115} INFO - [2023-06-05 23:07:22,068] {dagbag.py:507} INFO - Filling up the DagBag from /home/gui/Documentos/airflowalura/venv/lib/python3.9/site-packages/airflow/example_dags/example_sla_dag.py
[2023-06-05 23:07:22,097] {processor.py:651} INFO - DAG(s) dict_keys(['example_sla_dag']) retrieved from /home/gui/Documentos/airflowalura/venv/lib/python3.9/site-packages/airflow/example_dags/example_sla_dag.py
[2023-06-05 23:07:22,123] {logging_mixin.py:115} INFO - [2023-06-05 23:07:22,122] {dag.py:2379} INFO - Sync 1 DAGs
[2023-06-05 23:07:22,154] {logging_mixin.py:115} INFO - [2023-06-05 23:07:22,153] {dag.py:2927} INFO - Setting next_dagrun for example_sla_dag to 2023-06-06T02:04:00+00:00, run_after=2023-06-06T02:06:00+00:00
[2023-06-05 23:07:22,172] {processor.py:161} INFO - Processing /home/gui/Documentos/airflowalura/venv/lib/python3.9/site-packages/airflow/example_dags/example_sla_dag.py took 0.111 seconds
[2023-06-05 23:08:01,280] {processor.py:153} INFO - Started process (PID=45136) to work on /home/gui/Documentos/airflowalura/venv/lib/python3.9/site-packages/airflow/example_dags/example_sla_dag.py
[2023-06-05 23:08:01,282] {processor.py:641} INFO - Processing file /home/gui/Documentos/airflowalura/venv/lib/python3.9/site-packages/airflow/example_dags/example_sla_dag.py for tasks to queue
[2023-06-05 23:08:01,283] {logging_mixin.py:115} INFO - [2023-06-05 23:08:01,283] {dagbag.py:507} INFO - Filling up the DagBag from /home/gui/Documentos/airflowalura/venv/lib/python3.9/site-packages/airflow/example_dags/example_sla_dag.py
[2023-06-05 23:08:01,323] {processor.py:651} INFO - DAG(s) dict_keys(['example_sla_dag']) retrieved from /home/gui/Documentos/airflowalura/venv/lib/python3.9/site-packages/airflow/example_dags/example_sla_dag.py
[2023-06-05 23:08:01,366] {logging_mixin.py:115} INFO - [2023-06-05 23:08:01,366] {dag.py:2379} INFO - Sync 1 DAGs
[2023-06-05 23:08:01,411] {logging_mixin.py:115} INFO - [2023-06-05 23:08:01,411] {dag.py:2927} INFO - Setting next_dagrun for example_sla_dag to 2023-06-06T02:06:00+00:00, run_after=2023-06-06T02:08:00+00:00
[2023-06-05 23:08:01,504] {processor.py:161} INFO - Processing /home/gui/Documentos/airflowalura/venv/lib/python3.9/site-packages/airflow/example_dags/example_sla_dag.py took 0.232 seconds
[2023-06-05 23:08:41,288] {processor.py:153} INFO - Started process (PID=45172) to work on /home/gui/Documentos/airflowalura/venv/lib/python3.9/site-packages/airflow/example_dags/example_sla_dag.py
[2023-06-05 23:08:41,289] {processor.py:641} INFO - Processing file /home/gui/Documentos/airflowalura/venv/lib/python3.9/site-packages/airflow/example_dags/example_sla_dag.py for tasks to queue
[2023-06-05 23:08:41,290] {logging_mixin.py:115} INFO - [2023-06-05 23:08:41,290] {dagbag.py:507} INFO - Filling up the DagBag from /home/gui/Documentos/airflowalura/venv/lib/python3.9/site-packages/airflow/example_dags/example_sla_dag.py
[2023-06-05 23:08:41,320] {processor.py:651} INFO - DAG(s) dict_keys(['example_sla_dag']) retrieved from /home/gui/Documentos/airflowalura/venv/lib/python3.9/site-packages/airflow/example_dags/example_sla_dag.py
[2023-06-05 23:08:41,348] {logging_mixin.py:115} INFO - [2023-06-05 23:08:41,347] {dag.py:2379} INFO - Sync 1 DAGs
[2023-06-05 23:08:41,386] {logging_mixin.py:115} INFO - [2023-06-05 23:08:41,386] {dag.py:2927} INFO - Setting next_dagrun for example_sla_dag to 2023-06-06T02:06:00+00:00, run_after=2023-06-06T02:08:00+00:00
[2023-06-05 23:08:41,475] {processor.py:161} INFO - Processing /home/gui/Documentos/airflowalura/venv/lib/python3.9/site-packages/airflow/example_dags/example_sla_dag.py took 0.192 seconds
[2023-06-05 23:09:22,471] {processor.py:153} INFO - Started process (PID=45206) to work on /home/gui/Documentos/airflowalura/venv/lib/python3.9/site-packages/airflow/example_dags/example_sla_dag.py
[2023-06-05 23:09:22,472] {processor.py:641} INFO - Processing file /home/gui/Documentos/airflowalura/venv/lib/python3.9/site-packages/airflow/example_dags/example_sla_dag.py for tasks to queue
[2023-06-05 23:09:22,473] {logging_mixin.py:115} INFO - [2023-06-05 23:09:22,473] {dagbag.py:507} INFO - Filling up the DagBag from /home/gui/Documentos/airflowalura/venv/lib/python3.9/site-packages/airflow/example_dags/example_sla_dag.py
[2023-06-05 23:09:22,511] {processor.py:651} INFO - DAG(s) dict_keys(['example_sla_dag']) retrieved from /home/gui/Documentos/airflowalura/venv/lib/python3.9/site-packages/airflow/example_dags/example_sla_dag.py
[2023-06-05 23:09:22,543] {logging_mixin.py:115} INFO - [2023-06-05 23:09:22,543] {dag.py:2379} INFO - Sync 1 DAGs
[2023-06-05 23:09:22,693] {logging_mixin.py:115} INFO - [2023-06-05 23:09:22,693] {dag.py:2927} INFO - Setting next_dagrun for example_sla_dag to 2023-06-06T02:06:00+00:00, run_after=2023-06-06T02:08:00+00:00
[2023-06-05 23:09:22,714] {processor.py:161} INFO - Processing /home/gui/Documentos/airflowalura/venv/lib/python3.9/site-packages/airflow/example_dags/example_sla_dag.py took 0.253 seconds
[2023-06-05 23:10:01,136] {processor.py:153} INFO - Started process (PID=45240) to work on /home/gui/Documentos/airflowalura/venv/lib/python3.9/site-packages/airflow/example_dags/example_sla_dag.py
[2023-06-05 23:10:01,138] {processor.py:641} INFO - Processing file /home/gui/Documentos/airflowalura/venv/lib/python3.9/site-packages/airflow/example_dags/example_sla_dag.py for tasks to queue
[2023-06-05 23:10:01,139] {logging_mixin.py:115} INFO - [2023-06-05 23:10:01,138] {dagbag.py:507} INFO - Filling up the DagBag from /home/gui/Documentos/airflowalura/venv/lib/python3.9/site-packages/airflow/example_dags/example_sla_dag.py
[2023-06-05 23:10:01,178] {processor.py:651} INFO - DAG(s) dict_keys(['example_sla_dag']) retrieved from /home/gui/Documentos/airflowalura/venv/lib/python3.9/site-packages/airflow/example_dags/example_sla_dag.py
[2023-06-05 23:10:01,208] {logging_mixin.py:115} INFO - [2023-06-05 23:10:01,208] {dag.py:2379} INFO - Sync 1 DAGs
[2023-06-05 23:10:01,249] {logging_mixin.py:115} INFO - [2023-06-05 23:10:01,248] {dag.py:2927} INFO - Setting next_dagrun for example_sla_dag to 2023-06-06T02:08:00+00:00, run_after=2023-06-06T02:10:00+00:00
[2023-06-05 23:10:01,290] {processor.py:161} INFO - Processing /home/gui/Documentos/airflowalura/venv/lib/python3.9/site-packages/airflow/example_dags/example_sla_dag.py took 0.161 seconds
[2023-06-05 23:10:44,189] {processor.py:153} INFO - Started process (PID=45275) to work on /home/gui/Documentos/airflowalura/venv/lib/python3.9/site-packages/airflow/example_dags/example_sla_dag.py
[2023-06-05 23:10:44,190] {processor.py:641} INFO - Processing file /home/gui/Documentos/airflowalura/venv/lib/python3.9/site-packages/airflow/example_dags/example_sla_dag.py for tasks to queue
[2023-06-05 23:10:44,192] {logging_mixin.py:115} INFO - [2023-06-05 23:10:44,191] {dagbag.py:507} INFO - Filling up the DagBag from /home/gui/Documentos/airflowalura/venv/lib/python3.9/site-packages/airflow/example_dags/example_sla_dag.py
[2023-06-05 23:10:44,228] {processor.py:651} INFO - DAG(s) dict_keys(['example_sla_dag']) retrieved from /home/gui/Documentos/airflowalura/venv/lib/python3.9/site-packages/airflow/example_dags/example_sla_dag.py
[2023-06-05 23:10:44,260] {logging_mixin.py:115} INFO - [2023-06-05 23:10:44,260] {dag.py:2379} INFO - Sync 1 DAGs
[2023-06-05 23:10:44,300] {logging_mixin.py:115} INFO - [2023-06-05 23:10:44,299] {dag.py:2927} INFO - Setting next_dagrun for example_sla_dag to 2023-06-06T02:08:00+00:00, run_after=2023-06-06T02:10:00+00:00
[2023-06-05 23:10:44,339] {processor.py:161} INFO - Processing /home/gui/Documentos/airflowalura/venv/lib/python3.9/site-packages/airflow/example_dags/example_sla_dag.py took 0.158 seconds
[2023-06-05 23:11:22,011] {processor.py:153} INFO - Started process (PID=45312) to work on /home/gui/Documentos/airflowalura/venv/lib/python3.9/site-packages/airflow/example_dags/example_sla_dag.py
[2023-06-05 23:11:22,116] {processor.py:641} INFO - Processing file /home/gui/Documentos/airflowalura/venv/lib/python3.9/site-packages/airflow/example_dags/example_sla_dag.py for tasks to queue
[2023-06-05 23:11:22,116] {logging_mixin.py:115} INFO - [2023-06-05 23:11:22,116] {dagbag.py:507} INFO - Filling up the DagBag from /home/gui/Documentos/airflowalura/venv/lib/python3.9/site-packages/airflow/example_dags/example_sla_dag.py
[2023-06-05 23:11:22,149] {processor.py:651} INFO - DAG(s) dict_keys(['example_sla_dag']) retrieved from /home/gui/Documentos/airflowalura/venv/lib/python3.9/site-packages/airflow/example_dags/example_sla_dag.py
[2023-06-05 23:11:22,180] {logging_mixin.py:115} INFO - [2023-06-05 23:11:22,180] {dag.py:2379} INFO - Sync 1 DAGs
[2023-06-05 23:11:22,218] {logging_mixin.py:115} INFO - [2023-06-05 23:11:22,218] {dag.py:2927} INFO - Setting next_dagrun for example_sla_dag to 2023-06-06T02:08:00+00:00, run_after=2023-06-06T02:10:00+00:00
[2023-06-05 23:11:22,270] {processor.py:161} INFO - Processing /home/gui/Documentos/airflowalura/venv/lib/python3.9/site-packages/airflow/example_dags/example_sla_dag.py took 0.265 seconds
[2023-06-05 23:12:01,985] {processor.py:153} INFO - Started process (PID=45348) to work on /home/gui/Documentos/airflowalura/venv/lib/python3.9/site-packages/airflow/example_dags/example_sla_dag.py
[2023-06-05 23:12:01,986] {processor.py:641} INFO - Processing file /home/gui/Documentos/airflowalura/venv/lib/python3.9/site-packages/airflow/example_dags/example_sla_dag.py for tasks to queue
[2023-06-05 23:12:01,987] {logging_mixin.py:115} INFO - [2023-06-05 23:12:01,987] {dagbag.py:507} INFO - Filling up the DagBag from /home/gui/Documentos/airflowalura/venv/lib/python3.9/site-packages/airflow/example_dags/example_sla_dag.py
[2023-06-05 23:12:02,017] {processor.py:651} INFO - DAG(s) dict_keys(['example_sla_dag']) retrieved from /home/gui/Documentos/airflowalura/venv/lib/python3.9/site-packages/airflow/example_dags/example_sla_dag.py
[2023-06-05 23:12:02,041] {logging_mixin.py:115} INFO - [2023-06-05 23:12:02,041] {dag.py:2379} INFO - Sync 1 DAGs
[2023-06-05 23:12:02,074] {logging_mixin.py:115} INFO - [2023-06-05 23:12:02,074] {dag.py:2927} INFO - Setting next_dagrun for example_sla_dag to 2023-06-06T02:10:00+00:00, run_after=2023-06-06T02:12:00+00:00
[2023-06-05 23:12:02,117] {processor.py:161} INFO - Processing /home/gui/Documentos/airflowalura/venv/lib/python3.9/site-packages/airflow/example_dags/example_sla_dag.py took 0.137 seconds
[2023-06-05 23:12:44,260] {processor.py:153} INFO - Started process (PID=45386) to work on /home/gui/Documentos/airflowalura/venv/lib/python3.9/site-packages/airflow/example_dags/example_sla_dag.py
[2023-06-05 23:12:44,262] {processor.py:641} INFO - Processing file /home/gui/Documentos/airflowalura/venv/lib/python3.9/site-packages/airflow/example_dags/example_sla_dag.py for tasks to queue
[2023-06-05 23:12:44,263] {logging_mixin.py:115} INFO - [2023-06-05 23:12:44,263] {dagbag.py:507} INFO - Filling up the DagBag from /home/gui/Documentos/airflowalura/venv/lib/python3.9/site-packages/airflow/example_dags/example_sla_dag.py
[2023-06-05 23:12:44,294] {processor.py:651} INFO - DAG(s) dict_keys(['example_sla_dag']) retrieved from /home/gui/Documentos/airflowalura/venv/lib/python3.9/site-packages/airflow/example_dags/example_sla_dag.py
[2023-06-05 23:12:44,320] {logging_mixin.py:115} INFO - [2023-06-05 23:12:44,320] {dag.py:2379} INFO - Sync 1 DAGs
[2023-06-05 23:12:44,353] {logging_mixin.py:115} INFO - [2023-06-05 23:12:44,353] {dag.py:2927} INFO - Setting next_dagrun for example_sla_dag to 2023-06-06T02:10:00+00:00, run_after=2023-06-06T02:12:00+00:00
[2023-06-05 23:12:44,424] {processor.py:161} INFO - Processing /home/gui/Documentos/airflowalura/venv/lib/python3.9/site-packages/airflow/example_dags/example_sla_dag.py took 0.169 seconds
[2023-06-05 23:13:22,110] {processor.py:153} INFO - Started process (PID=45418) to work on /home/gui/Documentos/airflowalura/venv/lib/python3.9/site-packages/airflow/example_dags/example_sla_dag.py
[2023-06-05 23:13:22,112] {processor.py:641} INFO - Processing file /home/gui/Documentos/airflowalura/venv/lib/python3.9/site-packages/airflow/example_dags/example_sla_dag.py for tasks to queue
[2023-06-05 23:13:22,113] {logging_mixin.py:115} INFO - [2023-06-05 23:13:22,113] {dagbag.py:507} INFO - Filling up the DagBag from /home/gui/Documentos/airflowalura/venv/lib/python3.9/site-packages/airflow/example_dags/example_sla_dag.py
[2023-06-05 23:13:22,150] {processor.py:651} INFO - DAG(s) dict_keys(['example_sla_dag']) retrieved from /home/gui/Documentos/airflowalura/venv/lib/python3.9/site-packages/airflow/example_dags/example_sla_dag.py
[2023-06-05 23:13:22,177] {logging_mixin.py:115} INFO - [2023-06-05 23:13:22,177] {dag.py:2379} INFO - Sync 1 DAGs
[2023-06-05 23:13:22,209] {logging_mixin.py:115} INFO - [2023-06-05 23:13:22,208] {dag.py:2927} INFO - Setting next_dagrun for example_sla_dag to 2023-06-06T02:10:00+00:00, run_after=2023-06-06T02:12:00+00:00
[2023-06-05 23:13:22,350] {processor.py:161} INFO - Processing /home/gui/Documentos/airflowalura/venv/lib/python3.9/site-packages/airflow/example_dags/example_sla_dag.py took 0.252 seconds
[2023-06-05 23:14:01,170] {processor.py:153} INFO - Started process (PID=45454) to work on /home/gui/Documentos/airflowalura/venv/lib/python3.9/site-packages/airflow/example_dags/example_sla_dag.py
[2023-06-05 23:14:01,171] {processor.py:641} INFO - Processing file /home/gui/Documentos/airflowalura/venv/lib/python3.9/site-packages/airflow/example_dags/example_sla_dag.py for tasks to queue
[2023-06-05 23:14:01,172] {logging_mixin.py:115} INFO - [2023-06-05 23:14:01,172] {dagbag.py:507} INFO - Filling up the DagBag from /home/gui/Documentos/airflowalura/venv/lib/python3.9/site-packages/airflow/example_dags/example_sla_dag.py
[2023-06-05 23:14:01,201] {processor.py:651} INFO - DAG(s) dict_keys(['example_sla_dag']) retrieved from /home/gui/Documentos/airflowalura/venv/lib/python3.9/site-packages/airflow/example_dags/example_sla_dag.py
[2023-06-05 23:14:01,228] {logging_mixin.py:115} INFO - [2023-06-05 23:14:01,228] {dag.py:2379} INFO - Sync 1 DAGs
[2023-06-05 23:14:01,260] {logging_mixin.py:115} INFO - [2023-06-05 23:14:01,260] {dag.py:2927} INFO - Setting next_dagrun for example_sla_dag to 2023-06-06T02:12:00+00:00, run_after=2023-06-06T02:14:00+00:00
[2023-06-05 23:14:01,344] {processor.py:161} INFO - Processing /home/gui/Documentos/airflowalura/venv/lib/python3.9/site-packages/airflow/example_dags/example_sla_dag.py took 0.180 seconds
[2023-06-05 23:14:38,042] {processor.py:153} INFO - Started process (PID=45487) to work on /home/gui/Documentos/airflowalura/venv/lib/python3.9/site-packages/airflow/example_dags/example_sla_dag.py
[2023-06-05 23:14:38,043] {processor.py:641} INFO - Processing file /home/gui/Documentos/airflowalura/venv/lib/python3.9/site-packages/airflow/example_dags/example_sla_dag.py for tasks to queue
[2023-06-05 23:14:38,044] {logging_mixin.py:115} INFO - [2023-06-05 23:14:38,044] {dagbag.py:507} INFO - Filling up the DagBag from /home/gui/Documentos/airflowalura/venv/lib/python3.9/site-packages/airflow/example_dags/example_sla_dag.py
[2023-06-05 23:14:38,073] {processor.py:651} INFO - DAG(s) dict_keys(['example_sla_dag']) retrieved from /home/gui/Documentos/airflowalura/venv/lib/python3.9/site-packages/airflow/example_dags/example_sla_dag.py
[2023-06-05 23:14:38,099] {logging_mixin.py:115} INFO - [2023-06-05 23:14:38,099] {dag.py:2379} INFO - Sync 1 DAGs
[2023-06-05 23:14:38,132] {logging_mixin.py:115} INFO - [2023-06-05 23:14:38,132] {dag.py:2927} INFO - Setting next_dagrun for example_sla_dag to 2023-06-06T02:12:00+00:00, run_after=2023-06-06T02:14:00+00:00
[2023-06-05 23:14:38,149] {processor.py:161} INFO - Processing /home/gui/Documentos/airflowalura/venv/lib/python3.9/site-packages/airflow/example_dags/example_sla_dag.py took 0.113 seconds
[2023-06-05 23:15:17,143] {processor.py:153} INFO - Started process (PID=45521) to work on /home/gui/Documentos/airflowalura/venv/lib/python3.9/site-packages/airflow/example_dags/example_sla_dag.py
[2023-06-05 23:15:17,144] {processor.py:641} INFO - Processing file /home/gui/Documentos/airflowalura/venv/lib/python3.9/site-packages/airflow/example_dags/example_sla_dag.py for tasks to queue
[2023-06-05 23:15:17,145] {logging_mixin.py:115} INFO - [2023-06-05 23:15:17,145] {dagbag.py:507} INFO - Filling up the DagBag from /home/gui/Documentos/airflowalura/venv/lib/python3.9/site-packages/airflow/example_dags/example_sla_dag.py
[2023-06-05 23:15:17,183] {processor.py:651} INFO - DAG(s) dict_keys(['example_sla_dag']) retrieved from /home/gui/Documentos/airflowalura/venv/lib/python3.9/site-packages/airflow/example_dags/example_sla_dag.py
[2023-06-05 23:15:17,221] {logging_mixin.py:115} INFO - [2023-06-05 23:15:17,221] {dag.py:2379} INFO - Sync 1 DAGs
[2023-06-05 23:15:17,263] {logging_mixin.py:115} INFO - [2023-06-05 23:15:17,263] {dag.py:2927} INFO - Setting next_dagrun for example_sla_dag to 2023-06-06T02:12:00+00:00, run_after=2023-06-06T02:14:00+00:00
[2023-06-05 23:15:17,325] {processor.py:161} INFO - Processing /home/gui/Documentos/airflowalura/venv/lib/python3.9/site-packages/airflow/example_dags/example_sla_dag.py took 0.189 seconds
[2023-06-05 23:15:54,187] {processor.py:153} INFO - Started process (PID=45576) to work on /home/gui/Documentos/airflowalura/venv/lib/python3.9/site-packages/airflow/example_dags/example_sla_dag.py
[2023-06-05 23:15:54,189] {processor.py:641} INFO - Processing file /home/gui/Documentos/airflowalura/venv/lib/python3.9/site-packages/airflow/example_dags/example_sla_dag.py for tasks to queue
[2023-06-05 23:15:54,190] {logging_mixin.py:115} INFO - [2023-06-05 23:15:54,190] {dagbag.py:507} INFO - Filling up the DagBag from /home/gui/Documentos/airflowalura/venv/lib/python3.9/site-packages/airflow/example_dags/example_sla_dag.py
[2023-06-05 23:15:54,226] {processor.py:651} INFO - DAG(s) dict_keys(['example_sla_dag']) retrieved from /home/gui/Documentos/airflowalura/venv/lib/python3.9/site-packages/airflow/example_dags/example_sla_dag.py
[2023-06-05 23:15:54,261] {logging_mixin.py:115} INFO - [2023-06-05 23:15:54,260] {dag.py:2379} INFO - Sync 1 DAGs
[2023-06-05 23:15:54,305] {logging_mixin.py:115} INFO - [2023-06-05 23:15:54,305] {dag.py:2927} INFO - Setting next_dagrun for example_sla_dag to 2023-06-06T02:12:00+00:00, run_after=2023-06-06T02:14:00+00:00
[2023-06-05 23:15:54,327] {processor.py:161} INFO - Processing /home/gui/Documentos/airflowalura/venv/lib/python3.9/site-packages/airflow/example_dags/example_sla_dag.py took 0.147 seconds
[2023-06-05 23:16:30,499] {processor.py:153} INFO - Started process (PID=45609) to work on /home/gui/Documentos/airflowalura/venv/lib/python3.9/site-packages/airflow/example_dags/example_sla_dag.py
[2023-06-05 23:16:30,501] {processor.py:641} INFO - Processing file /home/gui/Documentos/airflowalura/venv/lib/python3.9/site-packages/airflow/example_dags/example_sla_dag.py for tasks to queue
[2023-06-05 23:16:30,501] {logging_mixin.py:115} INFO - [2023-06-05 23:16:30,501] {dagbag.py:507} INFO - Filling up the DagBag from /home/gui/Documentos/airflowalura/venv/lib/python3.9/site-packages/airflow/example_dags/example_sla_dag.py
[2023-06-05 23:16:30,538] {processor.py:651} INFO - DAG(s) dict_keys(['example_sla_dag']) retrieved from /home/gui/Documentos/airflowalura/venv/lib/python3.9/site-packages/airflow/example_dags/example_sla_dag.py
[2023-06-05 23:16:30,570] {logging_mixin.py:115} INFO - [2023-06-05 23:16:30,570] {dag.py:2379} INFO - Sync 1 DAGs
[2023-06-05 23:16:30,614] {logging_mixin.py:115} INFO - [2023-06-05 23:16:30,613] {dag.py:2927} INFO - Setting next_dagrun for example_sla_dag to 2023-06-06T02:14:00+00:00, run_after=2023-06-06T02:16:00+00:00
[2023-06-05 23:16:30,634] {processor.py:161} INFO - Processing /home/gui/Documentos/airflowalura/venv/lib/python3.9/site-packages/airflow/example_dags/example_sla_dag.py took 0.142 seconds
[2023-06-05 23:17:07,483] {processor.py:153} INFO - Started process (PID=45644) to work on /home/gui/Documentos/airflowalura/venv/lib/python3.9/site-packages/airflow/example_dags/example_sla_dag.py
[2023-06-05 23:17:07,484] {processor.py:641} INFO - Processing file /home/gui/Documentos/airflowalura/venv/lib/python3.9/site-packages/airflow/example_dags/example_sla_dag.py for tasks to queue
[2023-06-05 23:17:07,485] {logging_mixin.py:115} INFO - [2023-06-05 23:17:07,485] {dagbag.py:507} INFO - Filling up the DagBag from /home/gui/Documentos/airflowalura/venv/lib/python3.9/site-packages/airflow/example_dags/example_sla_dag.py
[2023-06-05 23:17:07,525] {processor.py:651} INFO - DAG(s) dict_keys(['example_sla_dag']) retrieved from /home/gui/Documentos/airflowalura/venv/lib/python3.9/site-packages/airflow/example_dags/example_sla_dag.py
[2023-06-05 23:17:07,557] {logging_mixin.py:115} INFO - [2023-06-05 23:17:07,557] {dag.py:2379} INFO - Sync 1 DAGs
[2023-06-05 23:17:07,596] {logging_mixin.py:115} INFO - [2023-06-05 23:17:07,596] {dag.py:2927} INFO - Setting next_dagrun for example_sla_dag to 2023-06-06T02:14:00+00:00, run_after=2023-06-06T02:16:00+00:00
[2023-06-05 23:17:07,641] {processor.py:161} INFO - Processing /home/gui/Documentos/airflowalura/venv/lib/python3.9/site-packages/airflow/example_dags/example_sla_dag.py took 0.165 seconds
[2023-06-05 23:17:47,681] {processor.py:153} INFO - Started process (PID=45681) to work on /home/gui/Documentos/airflowalura/venv/lib/python3.9/site-packages/airflow/example_dags/example_sla_dag.py
[2023-06-05 23:17:47,682] {processor.py:641} INFO - Processing file /home/gui/Documentos/airflowalura/venv/lib/python3.9/site-packages/airflow/example_dags/example_sla_dag.py for tasks to queue
[2023-06-05 23:17:47,683] {logging_mixin.py:115} INFO - [2023-06-05 23:17:47,682] {dagbag.py:507} INFO - Filling up the DagBag from /home/gui/Documentos/airflowalura/venv/lib/python3.9/site-packages/airflow/example_dags/example_sla_dag.py
[2023-06-05 23:17:47,716] {processor.py:651} INFO - DAG(s) dict_keys(['example_sla_dag']) retrieved from /home/gui/Documentos/airflowalura/venv/lib/python3.9/site-packages/airflow/example_dags/example_sla_dag.py
[2023-06-05 23:17:47,745] {logging_mixin.py:115} INFO - [2023-06-05 23:17:47,745] {dag.py:2379} INFO - Sync 1 DAGs
[2023-06-05 23:17:47,780] {logging_mixin.py:115} INFO - [2023-06-05 23:17:47,780] {dag.py:2927} INFO - Setting next_dagrun for example_sla_dag to 2023-06-06T02:14:00+00:00, run_after=2023-06-06T02:16:00+00:00
[2023-06-05 23:17:48,279] {processor.py:161} INFO - Processing /home/gui/Documentos/airflowalura/venv/lib/python3.9/site-packages/airflow/example_dags/example_sla_dag.py took 0.606 seconds
[2023-06-05 23:18:35,613] {processor.py:153} INFO - Started process (PID=45720) to work on /home/gui/Documentos/airflowalura/venv/lib/python3.9/site-packages/airflow/example_dags/example_sla_dag.py
[2023-06-05 23:18:35,615] {processor.py:641} INFO - Processing file /home/gui/Documentos/airflowalura/venv/lib/python3.9/site-packages/airflow/example_dags/example_sla_dag.py for tasks to queue
[2023-06-05 23:18:35,616] {logging_mixin.py:115} INFO - [2023-06-05 23:18:35,616] {dagbag.py:507} INFO - Filling up the DagBag from /home/gui/Documentos/airflowalura/venv/lib/python3.9/site-packages/airflow/example_dags/example_sla_dag.py
[2023-06-05 23:18:35,653] {processor.py:651} INFO - DAG(s) dict_keys(['example_sla_dag']) retrieved from /home/gui/Documentos/airflowalura/venv/lib/python3.9/site-packages/airflow/example_dags/example_sla_dag.py
[2023-06-05 23:18:35,686] {logging_mixin.py:115} INFO - [2023-06-05 23:18:35,685] {dag.py:2379} INFO - Sync 1 DAGs
[2023-06-05 23:18:35,727] {logging_mixin.py:115} INFO - [2023-06-05 23:18:35,727] {dag.py:2927} INFO - Setting next_dagrun for example_sla_dag to 2023-06-06T02:16:00+00:00, run_after=2023-06-06T02:18:00+00:00
[2023-06-05 23:18:35,750] {processor.py:161} INFO - Processing /home/gui/Documentos/airflowalura/venv/lib/python3.9/site-packages/airflow/example_dags/example_sla_dag.py took 0.144 seconds
[2023-06-05 23:19:18,920] {processor.py:153} INFO - Started process (PID=45758) to work on /home/gui/Documentos/airflowalura/venv/lib/python3.9/site-packages/airflow/example_dags/example_sla_dag.py
[2023-06-05 23:19:18,922] {processor.py:641} INFO - Processing file /home/gui/Documentos/airflowalura/venv/lib/python3.9/site-packages/airflow/example_dags/example_sla_dag.py for tasks to queue
[2023-06-05 23:19:18,923] {logging_mixin.py:115} INFO - [2023-06-05 23:19:18,923] {dagbag.py:507} INFO - Filling up the DagBag from /home/gui/Documentos/airflowalura/venv/lib/python3.9/site-packages/airflow/example_dags/example_sla_dag.py
[2023-06-05 23:19:18,963] {processor.py:651} INFO - DAG(s) dict_keys(['example_sla_dag']) retrieved from /home/gui/Documentos/airflowalura/venv/lib/python3.9/site-packages/airflow/example_dags/example_sla_dag.py
[2023-06-05 23:19:18,997] {logging_mixin.py:115} INFO - [2023-06-05 23:19:18,996] {dag.py:2379} INFO - Sync 1 DAGs
[2023-06-05 23:19:19,044] {logging_mixin.py:115} INFO - [2023-06-05 23:19:19,043] {dag.py:2927} INFO - Setting next_dagrun for example_sla_dag to 2023-06-06T02:16:00+00:00, run_after=2023-06-06T02:18:00+00:00
[2023-06-05 23:19:19,182] {processor.py:161} INFO - Processing /home/gui/Documentos/airflowalura/venv/lib/python3.9/site-packages/airflow/example_dags/example_sla_dag.py took 0.269 seconds
[2023-06-05 23:19:57,690] {processor.py:153} INFO - Started process (PID=45798) to work on /home/gui/Documentos/airflowalura/venv/lib/python3.9/site-packages/airflow/example_dags/example_sla_dag.py
[2023-06-05 23:19:57,691] {processor.py:641} INFO - Processing file /home/gui/Documentos/airflowalura/venv/lib/python3.9/site-packages/airflow/example_dags/example_sla_dag.py for tasks to queue
[2023-06-05 23:19:57,693] {logging_mixin.py:115} INFO - [2023-06-05 23:19:57,692] {dagbag.py:507} INFO - Filling up the DagBag from /home/gui/Documentos/airflowalura/venv/lib/python3.9/site-packages/airflow/example_dags/example_sla_dag.py
[2023-06-05 23:19:57,732] {processor.py:651} INFO - DAG(s) dict_keys(['example_sla_dag']) retrieved from /home/gui/Documentos/airflowalura/venv/lib/python3.9/site-packages/airflow/example_dags/example_sla_dag.py
[2023-06-05 23:19:57,763] {logging_mixin.py:115} INFO - [2023-06-05 23:19:57,762] {dag.py:2379} INFO - Sync 1 DAGs
[2023-06-05 23:19:57,799] {logging_mixin.py:115} INFO - [2023-06-05 23:19:57,798] {dag.py:2927} INFO - Setting next_dagrun for example_sla_dag to 2023-06-06T02:16:00+00:00, run_after=2023-06-06T02:18:00+00:00
[2023-06-05 23:19:57,824] {processor.py:161} INFO - Processing /home/gui/Documentos/airflowalura/venv/lib/python3.9/site-packages/airflow/example_dags/example_sla_dag.py took 0.141 seconds
[2023-06-05 23:20:35,940] {processor.py:153} INFO - Started process (PID=45844) to work on /home/gui/Documentos/airflowalura/venv/lib/python3.9/site-packages/airflow/example_dags/example_sla_dag.py
[2023-06-05 23:20:35,942] {processor.py:641} INFO - Processing file /home/gui/Documentos/airflowalura/venv/lib/python3.9/site-packages/airflow/example_dags/example_sla_dag.py for tasks to queue
[2023-06-05 23:20:35,943] {logging_mixin.py:115} INFO - [2023-06-05 23:20:35,943] {dagbag.py:507} INFO - Filling up the DagBag from /home/gui/Documentos/airflowalura/venv/lib/python3.9/site-packages/airflow/example_dags/example_sla_dag.py
[2023-06-05 23:20:35,978] {processor.py:651} INFO - DAG(s) dict_keys(['example_sla_dag']) retrieved from /home/gui/Documentos/airflowalura/venv/lib/python3.9/site-packages/airflow/example_dags/example_sla_dag.py
[2023-06-05 23:20:36,007] {logging_mixin.py:115} INFO - [2023-06-05 23:20:36,007] {dag.py:2379} INFO - Sync 1 DAGs
[2023-06-05 23:20:36,047] {logging_mixin.py:115} INFO - [2023-06-05 23:20:36,046] {dag.py:2927} INFO - Setting next_dagrun for example_sla_dag to 2023-06-06T02:18:00+00:00, run_after=2023-06-06T02:20:00+00:00
[2023-06-05 23:20:36,121] {processor.py:161} INFO - Processing /home/gui/Documentos/airflowalura/venv/lib/python3.9/site-packages/airflow/example_dags/example_sla_dag.py took 0.187 seconds
[2023-06-05 23:21:18,032] {processor.py:153} INFO - Started process (PID=45893) to work on /home/gui/Documentos/airflowalura/venv/lib/python3.9/site-packages/airflow/example_dags/example_sla_dag.py
[2023-06-05 23:21:18,033] {processor.py:641} INFO - Processing file /home/gui/Documentos/airflowalura/venv/lib/python3.9/site-packages/airflow/example_dags/example_sla_dag.py for tasks to queue
[2023-06-05 23:21:18,034] {logging_mixin.py:115} INFO - [2023-06-05 23:21:18,034] {dagbag.py:507} INFO - Filling up the DagBag from /home/gui/Documentos/airflowalura/venv/lib/python3.9/site-packages/airflow/example_dags/example_sla_dag.py
[2023-06-05 23:21:18,067] {processor.py:651} INFO - DAG(s) dict_keys(['example_sla_dag']) retrieved from /home/gui/Documentos/airflowalura/venv/lib/python3.9/site-packages/airflow/example_dags/example_sla_dag.py
[2023-06-05 23:21:18,098] {logging_mixin.py:115} INFO - [2023-06-05 23:21:18,097] {dag.py:2379} INFO - Sync 1 DAGs
[2023-06-05 23:21:18,135] {logging_mixin.py:115} INFO - [2023-06-05 23:21:18,135] {dag.py:2927} INFO - Setting next_dagrun for example_sla_dag to 2023-06-06T02:18:00+00:00, run_after=2023-06-06T02:20:00+00:00
[2023-06-05 23:21:18,304] {processor.py:161} INFO - Processing /home/gui/Documentos/airflowalura/venv/lib/python3.9/site-packages/airflow/example_dags/example_sla_dag.py took 0.280 seconds
[2023-06-05 23:21:56,688] {processor.py:153} INFO - Started process (PID=45937) to work on /home/gui/Documentos/airflowalura/venv/lib/python3.9/site-packages/airflow/example_dags/example_sla_dag.py
[2023-06-05 23:21:56,689] {processor.py:641} INFO - Processing file /home/gui/Documentos/airflowalura/venv/lib/python3.9/site-packages/airflow/example_dags/example_sla_dag.py for tasks to queue
[2023-06-05 23:21:56,691] {logging_mixin.py:115} INFO - [2023-06-05 23:21:56,690] {dagbag.py:507} INFO - Filling up the DagBag from /home/gui/Documentos/airflowalura/venv/lib/python3.9/site-packages/airflow/example_dags/example_sla_dag.py
[2023-06-05 23:21:56,729] {processor.py:651} INFO - DAG(s) dict_keys(['example_sla_dag']) retrieved from /home/gui/Documentos/airflowalura/venv/lib/python3.9/site-packages/airflow/example_dags/example_sla_dag.py
[2023-06-05 23:21:56,797] {logging_mixin.py:115} INFO - [2023-06-05 23:21:56,797] {dag.py:2379} INFO - Sync 1 DAGs
[2023-06-05 23:21:56,841] {logging_mixin.py:115} INFO - [2023-06-05 23:21:56,841] {dag.py:2927} INFO - Setting next_dagrun for example_sla_dag to 2023-06-06T02:18:00+00:00, run_after=2023-06-06T02:20:00+00:00
[2023-06-05 23:21:56,867] {processor.py:161} INFO - Processing /home/gui/Documentos/airflowalura/venv/lib/python3.9/site-packages/airflow/example_dags/example_sla_dag.py took 0.186 seconds
[2023-06-05 23:22:34,099] {processor.py:153} INFO - Started process (PID=45976) to work on /home/gui/Documentos/airflowalura/venv/lib/python3.9/site-packages/airflow/example_dags/example_sla_dag.py
[2023-06-05 23:22:34,100] {processor.py:641} INFO - Processing file /home/gui/Documentos/airflowalura/venv/lib/python3.9/site-packages/airflow/example_dags/example_sla_dag.py for tasks to queue
[2023-06-05 23:22:34,101] {logging_mixin.py:115} INFO - [2023-06-05 23:22:34,100] {dagbag.py:507} INFO - Filling up the DagBag from /home/gui/Documentos/airflowalura/venv/lib/python3.9/site-packages/airflow/example_dags/example_sla_dag.py
[2023-06-05 23:22:34,141] {processor.py:651} INFO - DAG(s) dict_keys(['example_sla_dag']) retrieved from /home/gui/Documentos/airflowalura/venv/lib/python3.9/site-packages/airflow/example_dags/example_sla_dag.py
[2023-06-05 23:22:34,190] {logging_mixin.py:115} INFO - [2023-06-05 23:22:34,190] {dag.py:2379} INFO - Sync 1 DAGs
[2023-06-05 23:22:34,240] {logging_mixin.py:115} INFO - [2023-06-05 23:22:34,239] {dag.py:2927} INFO - Setting next_dagrun for example_sla_dag to 2023-06-06T02:20:00+00:00, run_after=2023-06-06T02:22:00+00:00
[2023-06-05 23:22:34,632] {processor.py:161} INFO - Processing /home/gui/Documentos/airflowalura/venv/lib/python3.9/site-packages/airflow/example_dags/example_sla_dag.py took 0.540 seconds
[2023-06-05 23:23:15,397] {processor.py:153} INFO - Started process (PID=46024) to work on /home/gui/Documentos/airflowalura/venv/lib/python3.9/site-packages/airflow/example_dags/example_sla_dag.py
[2023-06-05 23:23:15,399] {processor.py:641} INFO - Processing file /home/gui/Documentos/airflowalura/venv/lib/python3.9/site-packages/airflow/example_dags/example_sla_dag.py for tasks to queue
[2023-06-05 23:23:15,400] {logging_mixin.py:115} INFO - [2023-06-05 23:23:15,400] {dagbag.py:507} INFO - Filling up the DagBag from /home/gui/Documentos/airflowalura/venv/lib/python3.9/site-packages/airflow/example_dags/example_sla_dag.py
[2023-06-05 23:23:15,440] {processor.py:651} INFO - DAG(s) dict_keys(['example_sla_dag']) retrieved from /home/gui/Documentos/airflowalura/venv/lib/python3.9/site-packages/airflow/example_dags/example_sla_dag.py
[2023-06-05 23:23:15,476] {logging_mixin.py:115} INFO - [2023-06-05 23:23:15,476] {dag.py:2379} INFO - Sync 1 DAGs
[2023-06-05 23:23:15,518] {logging_mixin.py:115} INFO - [2023-06-05 23:23:15,518] {dag.py:2927} INFO - Setting next_dagrun for example_sla_dag to 2023-06-06T02:20:00+00:00, run_after=2023-06-06T02:22:00+00:00
[2023-06-05 23:23:15,540] {processor.py:161} INFO - Processing /home/gui/Documentos/airflowalura/venv/lib/python3.9/site-packages/airflow/example_dags/example_sla_dag.py took 0.151 seconds
[2023-06-05 23:23:52,755] {processor.py:153} INFO - Started process (PID=46066) to work on /home/gui/Documentos/airflowalura/venv/lib/python3.9/site-packages/airflow/example_dags/example_sla_dag.py
[2023-06-05 23:23:52,756] {processor.py:641} INFO - Processing file /home/gui/Documentos/airflowalura/venv/lib/python3.9/site-packages/airflow/example_dags/example_sla_dag.py for tasks to queue
[2023-06-05 23:23:52,757] {logging_mixin.py:115} INFO - [2023-06-05 23:23:52,757] {dagbag.py:507} INFO - Filling up the DagBag from /home/gui/Documentos/airflowalura/venv/lib/python3.9/site-packages/airflow/example_dags/example_sla_dag.py
[2023-06-05 23:23:52,791] {processor.py:651} INFO - DAG(s) dict_keys(['example_sla_dag']) retrieved from /home/gui/Documentos/airflowalura/venv/lib/python3.9/site-packages/airflow/example_dags/example_sla_dag.py
[2023-06-05 23:23:52,821] {logging_mixin.py:115} INFO - [2023-06-05 23:23:52,821] {dag.py:2379} INFO - Sync 1 DAGs
[2023-06-05 23:23:52,857] {logging_mixin.py:115} INFO - [2023-06-05 23:23:52,857] {dag.py:2927} INFO - Setting next_dagrun for example_sla_dag to 2023-06-06T02:20:00+00:00, run_after=2023-06-06T02:22:00+00:00
[2023-06-05 23:23:52,888] {processor.py:161} INFO - Processing /home/gui/Documentos/airflowalura/venv/lib/python3.9/site-packages/airflow/example_dags/example_sla_dag.py took 0.139 seconds
[2023-06-05 23:24:33,900] {processor.py:153} INFO - Started process (PID=46108) to work on /home/gui/Documentos/airflowalura/venv/lib/python3.9/site-packages/airflow/example_dags/example_sla_dag.py
[2023-06-05 23:24:33,901] {processor.py:641} INFO - Processing file /home/gui/Documentos/airflowalura/venv/lib/python3.9/site-packages/airflow/example_dags/example_sla_dag.py for tasks to queue
[2023-06-05 23:24:33,902] {logging_mixin.py:115} INFO - [2023-06-05 23:24:33,902] {dagbag.py:507} INFO - Filling up the DagBag from /home/gui/Documentos/airflowalura/venv/lib/python3.9/site-packages/airflow/example_dags/example_sla_dag.py
[2023-06-05 23:24:33,938] {processor.py:651} INFO - DAG(s) dict_keys(['example_sla_dag']) retrieved from /home/gui/Documentos/airflowalura/venv/lib/python3.9/site-packages/airflow/example_dags/example_sla_dag.py
[2023-06-05 23:24:33,967] {logging_mixin.py:115} INFO - [2023-06-05 23:24:33,967] {dag.py:2379} INFO - Sync 1 DAGs
[2023-06-05 23:24:34,006] {logging_mixin.py:115} INFO - [2023-06-05 23:24:34,006] {dag.py:2927} INFO - Setting next_dagrun for example_sla_dag to 2023-06-06T02:22:00+00:00, run_after=2023-06-06T02:24:00+00:00
[2023-06-05 23:24:34,041] {processor.py:161} INFO - Processing /home/gui/Documentos/airflowalura/venv/lib/python3.9/site-packages/airflow/example_dags/example_sla_dag.py took 0.148 seconds
[2023-06-05 23:25:15,508] {processor.py:153} INFO - Started process (PID=46153) to work on /home/gui/Documentos/airflowalura/venv/lib/python3.9/site-packages/airflow/example_dags/example_sla_dag.py
[2023-06-05 23:25:15,509] {processor.py:641} INFO - Processing file /home/gui/Documentos/airflowalura/venv/lib/python3.9/site-packages/airflow/example_dags/example_sla_dag.py for tasks to queue
[2023-06-05 23:25:15,510] {logging_mixin.py:115} INFO - [2023-06-05 23:25:15,510] {dagbag.py:507} INFO - Filling up the DagBag from /home/gui/Documentos/airflowalura/venv/lib/python3.9/site-packages/airflow/example_dags/example_sla_dag.py
[2023-06-05 23:25:15,545] {processor.py:651} INFO - DAG(s) dict_keys(['example_sla_dag']) retrieved from /home/gui/Documentos/airflowalura/venv/lib/python3.9/site-packages/airflow/example_dags/example_sla_dag.py
[2023-06-05 23:25:15,577] {logging_mixin.py:115} INFO - [2023-06-05 23:25:15,576] {dag.py:2379} INFO - Sync 1 DAGs
[2023-06-05 23:25:15,613] {logging_mixin.py:115} INFO - [2023-06-05 23:25:15,613] {dag.py:2927} INFO - Setting next_dagrun for example_sla_dag to 2023-06-06T02:22:00+00:00, run_after=2023-06-06T02:24:00+00:00
[2023-06-05 23:25:15,636] {processor.py:161} INFO - Processing /home/gui/Documentos/airflowalura/venv/lib/python3.9/site-packages/airflow/example_dags/example_sla_dag.py took 0.135 seconds
[2023-06-05 23:25:53,370] {processor.py:153} INFO - Started process (PID=46212) to work on /home/gui/Documentos/airflowalura/venv/lib/python3.9/site-packages/airflow/example_dags/example_sla_dag.py
[2023-06-05 23:25:53,372] {processor.py:641} INFO - Processing file /home/gui/Documentos/airflowalura/venv/lib/python3.9/site-packages/airflow/example_dags/example_sla_dag.py for tasks to queue
[2023-06-05 23:25:53,373] {logging_mixin.py:115} INFO - [2023-06-05 23:25:53,373] {dagbag.py:507} INFO - Filling up the DagBag from /home/gui/Documentos/airflowalura/venv/lib/python3.9/site-packages/airflow/example_dags/example_sla_dag.py
[2023-06-05 23:25:53,410] {processor.py:651} INFO - DAG(s) dict_keys(['example_sla_dag']) retrieved from /home/gui/Documentos/airflowalura/venv/lib/python3.9/site-packages/airflow/example_dags/example_sla_dag.py
[2023-06-05 23:25:53,446] {logging_mixin.py:115} INFO - [2023-06-05 23:25:53,446] {dag.py:2379} INFO - Sync 1 DAGs
[2023-06-05 23:25:53,485] {logging_mixin.py:115} INFO - [2023-06-05 23:25:53,485] {dag.py:2927} INFO - Setting next_dagrun for example_sla_dag to 2023-06-06T02:22:00+00:00, run_after=2023-06-06T02:24:00+00:00
[2023-06-05 23:25:53,803] {processor.py:161} INFO - Processing /home/gui/Documentos/airflowalura/venv/lib/python3.9/site-packages/airflow/example_dags/example_sla_dag.py took 0.440 seconds
[2023-06-05 23:26:30,123] {processor.py:153} INFO - Started process (PID=46283) to work on /home/gui/Documentos/airflowalura/venv/lib/python3.9/site-packages/airflow/example_dags/example_sla_dag.py
[2023-06-05 23:26:30,157] {processor.py:641} INFO - Processing file /home/gui/Documentos/airflowalura/venv/lib/python3.9/site-packages/airflow/example_dags/example_sla_dag.py for tasks to queue
[2023-06-05 23:26:30,158] {logging_mixin.py:115} INFO - [2023-06-05 23:26:30,158] {dagbag.py:507} INFO - Filling up the DagBag from /home/gui/Documentos/airflowalura/venv/lib/python3.9/site-packages/airflow/example_dags/example_sla_dag.py
[2023-06-05 23:26:30,233] {processor.py:651} INFO - DAG(s) dict_keys(['example_sla_dag']) retrieved from /home/gui/Documentos/airflowalura/venv/lib/python3.9/site-packages/airflow/example_dags/example_sla_dag.py
[2023-06-05 23:26:30,289] {logging_mixin.py:115} INFO - [2023-06-05 23:26:30,289] {dag.py:2379} INFO - Sync 1 DAGs
[2023-06-05 23:26:30,390] {logging_mixin.py:115} INFO - [2023-06-05 23:26:30,390] {dag.py:2927} INFO - Setting next_dagrun for example_sla_dag to 2023-06-06T02:24:00+00:00, run_after=2023-06-06T02:26:00+00:00
[2023-06-05 23:26:30,482] {processor.py:161} INFO - Processing /home/gui/Documentos/airflowalura/venv/lib/python3.9/site-packages/airflow/example_dags/example_sla_dag.py took 0.367 seconds
[2023-06-05 23:31:06,692] {processor.py:153} INFO - Started process (PID=46725) to work on /home/gui/Documentos/airflowalura/venv/lib/python3.9/site-packages/airflow/example_dags/example_sla_dag.py
[2023-06-05 23:31:06,694] {processor.py:641} INFO - Processing file /home/gui/Documentos/airflowalura/venv/lib/python3.9/site-packages/airflow/example_dags/example_sla_dag.py for tasks to queue
[2023-06-05 23:31:06,695] {logging_mixin.py:115} INFO - [2023-06-05 23:31:06,694] {dagbag.py:507} INFO - Filling up the DagBag from /home/gui/Documentos/airflowalura/venv/lib/python3.9/site-packages/airflow/example_dags/example_sla_dag.py
[2023-06-05 23:31:06,755] {processor.py:651} INFO - DAG(s) dict_keys(['example_sla_dag']) retrieved from /home/gui/Documentos/airflowalura/venv/lib/python3.9/site-packages/airflow/example_dags/example_sla_dag.py
[2023-06-05 23:31:06,792] {logging_mixin.py:115} INFO - [2023-06-05 23:31:06,792] {dag.py:2379} INFO - Sync 1 DAGs
[2023-06-05 23:31:06,841] {logging_mixin.py:115} INFO - [2023-06-05 23:31:06,841] {dag.py:2927} INFO - Setting next_dagrun for example_sla_dag to 2023-06-06T02:28:00+00:00, run_after=2023-06-06T02:30:00+00:00
[2023-06-05 23:31:06,884] {processor.py:161} INFO - Processing /home/gui/Documentos/airflowalura/venv/lib/python3.9/site-packages/airflow/example_dags/example_sla_dag.py took 0.203 seconds
[2023-06-05 23:32:05,092] {processor.py:153} INFO - Started process (PID=47170) to work on /home/gui/Documentos/airflowalura/venv/lib/python3.9/site-packages/airflow/example_dags/example_sla_dag.py
[2023-06-05 23:32:05,099] {processor.py:641} INFO - Processing file /home/gui/Documentos/airflowalura/venv/lib/python3.9/site-packages/airflow/example_dags/example_sla_dag.py for tasks to queue
[2023-06-05 23:32:05,100] {logging_mixin.py:115} INFO - [2023-06-05 23:32:05,100] {dagbag.py:507} INFO - Filling up the DagBag from /home/gui/Documentos/airflowalura/venv/lib/python3.9/site-packages/airflow/example_dags/example_sla_dag.py
[2023-06-05 23:32:05,141] {processor.py:651} INFO - DAG(s) dict_keys(['example_sla_dag']) retrieved from /home/gui/Documentos/airflowalura/venv/lib/python3.9/site-packages/airflow/example_dags/example_sla_dag.py
[2023-06-05 23:32:05,176] {logging_mixin.py:115} INFO - [2023-06-05 23:32:05,176] {dag.py:2379} INFO - Sync 1 DAGs
[2023-06-05 23:32:05,221] {logging_mixin.py:115} INFO - [2023-06-05 23:32:05,221] {dag.py:2927} INFO - Setting next_dagrun for example_sla_dag to 2023-06-06T02:30:00+00:00, run_after=2023-06-06T02:32:00+00:00
[2023-06-05 23:32:05,282] {processor.py:161} INFO - Processing /home/gui/Documentos/airflowalura/venv/lib/python3.9/site-packages/airflow/example_dags/example_sla_dag.py took 0.203 seconds
[2023-06-05 23:32:50,790] {processor.py:153} INFO - Started process (PID=47815) to work on /home/gui/Documentos/airflowalura/venv/lib/python3.9/site-packages/airflow/example_dags/example_sla_dag.py
[2023-06-05 23:32:50,795] {processor.py:641} INFO - Processing file /home/gui/Documentos/airflowalura/venv/lib/python3.9/site-packages/airflow/example_dags/example_sla_dag.py for tasks to queue
[2023-06-05 23:32:50,796] {logging_mixin.py:115} INFO - [2023-06-05 23:32:50,796] {dagbag.py:507} INFO - Filling up the DagBag from /home/gui/Documentos/airflowalura/venv/lib/python3.9/site-packages/airflow/example_dags/example_sla_dag.py
[2023-06-05 23:32:50,862] {processor.py:651} INFO - DAG(s) dict_keys(['example_sla_dag']) retrieved from /home/gui/Documentos/airflowalura/venv/lib/python3.9/site-packages/airflow/example_dags/example_sla_dag.py
[2023-06-05 23:32:50,901] {logging_mixin.py:115} INFO - [2023-06-05 23:32:50,901] {dag.py:2379} INFO - Sync 1 DAGs
[2023-06-05 23:32:50,968] {logging_mixin.py:115} INFO - [2023-06-05 23:32:50,967] {dag.py:2927} INFO - Setting next_dagrun for example_sla_dag to 2023-06-06T02:30:00+00:00, run_after=2023-06-06T02:32:00+00:00
[2023-06-05 23:32:51,064] {processor.py:161} INFO - Processing /home/gui/Documentos/airflowalura/venv/lib/python3.9/site-packages/airflow/example_dags/example_sla_dag.py took 0.293 seconds
[2023-06-05 23:33:34,969] {processor.py:153} INFO - Started process (PID=48484) to work on /home/gui/Documentos/airflowalura/venv/lib/python3.9/site-packages/airflow/example_dags/example_sla_dag.py
[2023-06-05 23:33:34,975] {processor.py:641} INFO - Processing file /home/gui/Documentos/airflowalura/venv/lib/python3.9/site-packages/airflow/example_dags/example_sla_dag.py for tasks to queue
[2023-06-05 23:33:34,976] {logging_mixin.py:115} INFO - [2023-06-05 23:33:34,976] {dagbag.py:507} INFO - Filling up the DagBag from /home/gui/Documentos/airflowalura/venv/lib/python3.9/site-packages/airflow/example_dags/example_sla_dag.py
[2023-06-05 23:33:35,024] {processor.py:651} INFO - DAG(s) dict_keys(['example_sla_dag']) retrieved from /home/gui/Documentos/airflowalura/venv/lib/python3.9/site-packages/airflow/example_dags/example_sla_dag.py
[2023-06-05 23:33:35,072] {logging_mixin.py:115} INFO - [2023-06-05 23:33:35,072] {dag.py:2379} INFO - Sync 1 DAGs
[2023-06-05 23:33:35,151] {logging_mixin.py:115} INFO - [2023-06-05 23:33:35,151] {dag.py:2927} INFO - Setting next_dagrun for example_sla_dag to 2023-06-06T02:30:00+00:00, run_after=2023-06-06T02:32:00+00:00
[2023-06-05 23:33:35,455] {processor.py:161} INFO - Processing /home/gui/Documentos/airflowalura/venv/lib/python3.9/site-packages/airflow/example_dags/example_sla_dag.py took 0.501 seconds
[2023-06-05 23:34:14,632] {processor.py:153} INFO - Started process (PID=49063) to work on /home/gui/Documentos/airflowalura/venv/lib/python3.9/site-packages/airflow/example_dags/example_sla_dag.py
[2023-06-05 23:34:14,641] {processor.py:641} INFO - Processing file /home/gui/Documentos/airflowalura/venv/lib/python3.9/site-packages/airflow/example_dags/example_sla_dag.py for tasks to queue
[2023-06-05 23:34:14,647] {logging_mixin.py:115} INFO - [2023-06-05 23:34:14,647] {dagbag.py:507} INFO - Filling up the DagBag from /home/gui/Documentos/airflowalura/venv/lib/python3.9/site-packages/airflow/example_dags/example_sla_dag.py
[2023-06-05 23:34:14,714] {processor.py:651} INFO - DAG(s) dict_keys(['example_sla_dag']) retrieved from /home/gui/Documentos/airflowalura/venv/lib/python3.9/site-packages/airflow/example_dags/example_sla_dag.py
[2023-06-05 23:34:14,777] {logging_mixin.py:115} INFO - [2023-06-05 23:34:14,776] {dag.py:2379} INFO - Sync 1 DAGs
[2023-06-05 23:34:14,869] {logging_mixin.py:115} INFO - [2023-06-05 23:34:14,869] {dag.py:2927} INFO - Setting next_dagrun for example_sla_dag to 2023-06-06T02:32:00+00:00, run_after=2023-06-06T02:34:00+00:00
[2023-06-05 23:34:14,912] {processor.py:161} INFO - Processing /home/gui/Documentos/airflowalura/venv/lib/python3.9/site-packages/airflow/example_dags/example_sla_dag.py took 0.300 seconds
[2023-06-05 23:34:55,080] {processor.py:153} INFO - Started process (PID=49510) to work on /home/gui/Documentos/airflowalura/venv/lib/python3.9/site-packages/airflow/example_dags/example_sla_dag.py
[2023-06-05 23:34:55,084] {processor.py:641} INFO - Processing file /home/gui/Documentos/airflowalura/venv/lib/python3.9/site-packages/airflow/example_dags/example_sla_dag.py for tasks to queue
[2023-06-05 23:34:55,085] {logging_mixin.py:115} INFO - [2023-06-05 23:34:55,085] {dagbag.py:507} INFO - Filling up the DagBag from /home/gui/Documentos/airflowalura/venv/lib/python3.9/site-packages/airflow/example_dags/example_sla_dag.py
[2023-06-05 23:34:55,166] {processor.py:651} INFO - DAG(s) dict_keys(['example_sla_dag']) retrieved from /home/gui/Documentos/airflowalura/venv/lib/python3.9/site-packages/airflow/example_dags/example_sla_dag.py
[2023-06-05 23:34:55,219] {logging_mixin.py:115} INFO - [2023-06-05 23:34:55,219] {dag.py:2379} INFO - Sync 1 DAGs
[2023-06-05 23:34:55,294] {logging_mixin.py:115} INFO - [2023-06-05 23:34:55,294] {dag.py:2927} INFO - Setting next_dagrun for example_sla_dag to 2023-06-06T02:32:00+00:00, run_after=2023-06-06T02:34:00+00:00
[2023-06-05 23:34:55,354] {processor.py:161} INFO - Processing /home/gui/Documentos/airflowalura/venv/lib/python3.9/site-packages/airflow/example_dags/example_sla_dag.py took 0.284 seconds
[2023-06-05 23:35:33,338] {processor.py:153} INFO - Started process (PID=49575) to work on /home/gui/Documentos/airflowalura/venv/lib/python3.9/site-packages/airflow/example_dags/example_sla_dag.py
[2023-06-05 23:35:33,339] {processor.py:641} INFO - Processing file /home/gui/Documentos/airflowalura/venv/lib/python3.9/site-packages/airflow/example_dags/example_sla_dag.py for tasks to queue
[2023-06-05 23:35:33,341] {logging_mixin.py:115} INFO - [2023-06-05 23:35:33,340] {dagbag.py:507} INFO - Filling up the DagBag from /home/gui/Documentos/airflowalura/venv/lib/python3.9/site-packages/airflow/example_dags/example_sla_dag.py
[2023-06-05 23:35:33,402] {processor.py:651} INFO - DAG(s) dict_keys(['example_sla_dag']) retrieved from /home/gui/Documentos/airflowalura/venv/lib/python3.9/site-packages/airflow/example_dags/example_sla_dag.py
[2023-06-05 23:35:33,443] {logging_mixin.py:115} INFO - [2023-06-05 23:35:33,442] {dag.py:2379} INFO - Sync 1 DAGs
[2023-06-05 23:35:33,482] {logging_mixin.py:115} INFO - [2023-06-05 23:35:33,481] {dag.py:2927} INFO - Setting next_dagrun for example_sla_dag to 2023-06-06T02:32:00+00:00, run_after=2023-06-06T02:34:00+00:00
[2023-06-05 23:35:33,513] {processor.py:161} INFO - Processing /home/gui/Documentos/airflowalura/venv/lib/python3.9/site-packages/airflow/example_dags/example_sla_dag.py took 0.193 seconds
[2023-06-05 23:36:21,532] {processor.py:153} INFO - Started process (PID=49641) to work on /home/gui/Documentos/airflowalura/venv/lib/python3.9/site-packages/airflow/example_dags/example_sla_dag.py
[2023-06-05 23:36:21,534] {processor.py:641} INFO - Processing file /home/gui/Documentos/airflowalura/venv/lib/python3.9/site-packages/airflow/example_dags/example_sla_dag.py for tasks to queue
[2023-06-05 23:36:21,549] {logging_mixin.py:115} INFO - [2023-06-05 23:36:21,549] {dagbag.py:507} INFO - Filling up the DagBag from /home/gui/Documentos/airflowalura/venv/lib/python3.9/site-packages/airflow/example_dags/example_sla_dag.py
[2023-06-05 23:36:21,615] {processor.py:651} INFO - DAG(s) dict_keys(['example_sla_dag']) retrieved from /home/gui/Documentos/airflowalura/venv/lib/python3.9/site-packages/airflow/example_dags/example_sla_dag.py
[2023-06-05 23:36:21,666] {logging_mixin.py:115} INFO - [2023-06-05 23:36:21,665] {dag.py:2379} INFO - Sync 1 DAGs
[2023-06-05 23:36:21,747] {logging_mixin.py:115} INFO - [2023-06-05 23:36:21,746] {dag.py:2927} INFO - Setting next_dagrun for example_sla_dag to 2023-06-06T02:34:00+00:00, run_after=2023-06-06T02:36:00+00:00
[2023-06-05 23:36:21,776] {processor.py:161} INFO - Processing /home/gui/Documentos/airflowalura/venv/lib/python3.9/site-packages/airflow/example_dags/example_sla_dag.py took 0.251 seconds
[2023-06-05 23:37:07,974] {processor.py:153} INFO - Started process (PID=49749) to work on /home/gui/Documentos/airflowalura/venv/lib/python3.9/site-packages/airflow/example_dags/example_sla_dag.py
[2023-06-05 23:37:07,976] {processor.py:641} INFO - Processing file /home/gui/Documentos/airflowalura/venv/lib/python3.9/site-packages/airflow/example_dags/example_sla_dag.py for tasks to queue
[2023-06-05 23:37:07,978] {logging_mixin.py:115} INFO - [2023-06-05 23:37:07,977] {dagbag.py:507} INFO - Filling up the DagBag from /home/gui/Documentos/airflowalura/venv/lib/python3.9/site-packages/airflow/example_dags/example_sla_dag.py
[2023-06-05 23:37:08,040] {processor.py:651} INFO - DAG(s) dict_keys(['example_sla_dag']) retrieved from /home/gui/Documentos/airflowalura/venv/lib/python3.9/site-packages/airflow/example_dags/example_sla_dag.py
[2023-06-05 23:37:08,084] {logging_mixin.py:115} INFO - [2023-06-05 23:37:08,084] {dag.py:2379} INFO - Sync 1 DAGs
[2023-06-05 23:37:08,130] {logging_mixin.py:115} INFO - [2023-06-05 23:37:08,129] {dag.py:2927} INFO - Setting next_dagrun for example_sla_dag to 2023-06-06T02:34:00+00:00, run_after=2023-06-06T02:36:00+00:00
[2023-06-05 23:37:08,321] {processor.py:161} INFO - Processing /home/gui/Documentos/airflowalura/venv/lib/python3.9/site-packages/airflow/example_dags/example_sla_dag.py took 0.355 seconds
[2023-06-05 23:37:47,825] {processor.py:153} INFO - Started process (PID=49868) to work on /home/gui/Documentos/airflowalura/venv/lib/python3.9/site-packages/airflow/example_dags/example_sla_dag.py
[2023-06-05 23:37:47,831] {processor.py:641} INFO - Processing file /home/gui/Documentos/airflowalura/venv/lib/python3.9/site-packages/airflow/example_dags/example_sla_dag.py for tasks to queue
[2023-06-05 23:37:47,832] {logging_mixin.py:115} INFO - [2023-06-05 23:37:47,832] {dagbag.py:507} INFO - Filling up the DagBag from /home/gui/Documentos/airflowalura/venv/lib/python3.9/site-packages/airflow/example_dags/example_sla_dag.py
[2023-06-05 23:37:47,867] {processor.py:651} INFO - DAG(s) dict_keys(['example_sla_dag']) retrieved from /home/gui/Documentos/airflowalura/venv/lib/python3.9/site-packages/airflow/example_dags/example_sla_dag.py
[2023-06-05 23:37:47,894] {logging_mixin.py:115} INFO - [2023-06-05 23:37:47,894] {dag.py:2379} INFO - Sync 1 DAGs
[2023-06-05 23:37:47,927] {logging_mixin.py:115} INFO - [2023-06-05 23:37:47,927] {dag.py:2927} INFO - Setting next_dagrun for example_sla_dag to 2023-06-06T02:34:00+00:00, run_after=2023-06-06T02:36:00+00:00
[2023-06-05 23:37:47,951] {processor.py:161} INFO - Processing /home/gui/Documentos/airflowalura/venv/lib/python3.9/site-packages/airflow/example_dags/example_sla_dag.py took 0.132 seconds
[2023-06-05 23:38:30,547] {processor.py:153} INFO - Started process (PID=49939) to work on /home/gui/Documentos/airflowalura/venv/lib/python3.9/site-packages/airflow/example_dags/example_sla_dag.py
[2023-06-05 23:38:30,549] {processor.py:641} INFO - Processing file /home/gui/Documentos/airflowalura/venv/lib/python3.9/site-packages/airflow/example_dags/example_sla_dag.py for tasks to queue
[2023-06-05 23:38:30,551] {logging_mixin.py:115} INFO - [2023-06-05 23:38:30,551] {dagbag.py:507} INFO - Filling up the DagBag from /home/gui/Documentos/airflowalura/venv/lib/python3.9/site-packages/airflow/example_dags/example_sla_dag.py
[2023-06-05 23:38:30,632] {processor.py:651} INFO - DAG(s) dict_keys(['example_sla_dag']) retrieved from /home/gui/Documentos/airflowalura/venv/lib/python3.9/site-packages/airflow/example_dags/example_sla_dag.py
[2023-06-05 23:38:30,681] {logging_mixin.py:115} INFO - [2023-06-05 23:38:30,681] {dag.py:2379} INFO - Sync 1 DAGs
[2023-06-05 23:38:30,737] {logging_mixin.py:115} INFO - [2023-06-05 23:38:30,737] {dag.py:2927} INFO - Setting next_dagrun for example_sla_dag to 2023-06-06T02:36:00+00:00, run_after=2023-06-06T02:38:00+00:00
[2023-06-05 23:38:30,884] {processor.py:161} INFO - Processing /home/gui/Documentos/airflowalura/venv/lib/python3.9/site-packages/airflow/example_dags/example_sla_dag.py took 0.356 seconds
[2023-06-05 23:39:11,886] {processor.py:153} INFO - Started process (PID=50004) to work on /home/gui/Documentos/airflowalura/venv/lib/python3.9/site-packages/airflow/example_dags/example_sla_dag.py
[2023-06-05 23:39:11,891] {processor.py:641} INFO - Processing file /home/gui/Documentos/airflowalura/venv/lib/python3.9/site-packages/airflow/example_dags/example_sla_dag.py for tasks to queue
[2023-06-05 23:39:11,892] {logging_mixin.py:115} INFO - [2023-06-05 23:39:11,891] {dagbag.py:507} INFO - Filling up the DagBag from /home/gui/Documentos/airflowalura/venv/lib/python3.9/site-packages/airflow/example_dags/example_sla_dag.py
[2023-06-05 23:39:11,931] {processor.py:651} INFO - DAG(s) dict_keys(['example_sla_dag']) retrieved from /home/gui/Documentos/airflowalura/venv/lib/python3.9/site-packages/airflow/example_dags/example_sla_dag.py
[2023-06-05 23:39:11,968] {logging_mixin.py:115} INFO - [2023-06-05 23:39:11,968] {dag.py:2379} INFO - Sync 1 DAGs
[2023-06-05 23:39:12,010] {logging_mixin.py:115} INFO - [2023-06-05 23:39:12,010] {dag.py:2927} INFO - Setting next_dagrun for example_sla_dag to 2023-06-06T02:36:00+00:00, run_after=2023-06-06T02:38:00+00:00
[2023-06-05 23:39:12,033] {processor.py:161} INFO - Processing /home/gui/Documentos/airflowalura/venv/lib/python3.9/site-packages/airflow/example_dags/example_sla_dag.py took 0.155 seconds
[2023-06-05 23:39:59,496] {processor.py:153} INFO - Started process (PID=50248) to work on /home/gui/Documentos/airflowalura/venv/lib/python3.9/site-packages/airflow/example_dags/example_sla_dag.py
[2023-06-05 23:39:59,507] {processor.py:641} INFO - Processing file /home/gui/Documentos/airflowalura/venv/lib/python3.9/site-packages/airflow/example_dags/example_sla_dag.py for tasks to queue
[2023-06-05 23:39:59,508] {logging_mixin.py:115} INFO - [2023-06-05 23:39:59,508] {dagbag.py:507} INFO - Filling up the DagBag from /home/gui/Documentos/airflowalura/venv/lib/python3.9/site-packages/airflow/example_dags/example_sla_dag.py
[2023-06-05 23:39:59,559] {processor.py:651} INFO - DAG(s) dict_keys(['example_sla_dag']) retrieved from /home/gui/Documentos/airflowalura/venv/lib/python3.9/site-packages/airflow/example_dags/example_sla_dag.py
[2023-06-05 23:39:59,588] {logging_mixin.py:115} INFO - [2023-06-05 23:39:59,587] {dag.py:2379} INFO - Sync 1 DAGs
[2023-06-05 23:39:59,636] {logging_mixin.py:115} INFO - [2023-06-05 23:39:59,636] {dag.py:2927} INFO - Setting next_dagrun for example_sla_dag to 2023-06-06T02:36:00+00:00, run_after=2023-06-06T02:38:00+00:00
[2023-06-05 23:39:59,719] {processor.py:161} INFO - Processing /home/gui/Documentos/airflowalura/venv/lib/python3.9/site-packages/airflow/example_dags/example_sla_dag.py took 0.238 seconds
[2023-06-05 23:40:37,788] {processor.py:153} INFO - Started process (PID=50409) to work on /home/gui/Documentos/airflowalura/venv/lib/python3.9/site-packages/airflow/example_dags/example_sla_dag.py
[2023-06-05 23:40:37,791] {processor.py:641} INFO - Processing file /home/gui/Documentos/airflowalura/venv/lib/python3.9/site-packages/airflow/example_dags/example_sla_dag.py for tasks to queue
[2023-06-05 23:40:37,793] {logging_mixin.py:115} INFO - [2023-06-05 23:40:37,792] {dagbag.py:507} INFO - Filling up the DagBag from /home/gui/Documentos/airflowalura/venv/lib/python3.9/site-packages/airflow/example_dags/example_sla_dag.py
[2023-06-05 23:40:37,864] {processor.py:651} INFO - DAG(s) dict_keys(['example_sla_dag']) retrieved from /home/gui/Documentos/airflowalura/venv/lib/python3.9/site-packages/airflow/example_dags/example_sla_dag.py
[2023-06-05 23:40:37,924] {logging_mixin.py:115} INFO - [2023-06-05 23:40:37,924] {dag.py:2379} INFO - Sync 1 DAGs
[2023-06-05 23:40:37,973] {logging_mixin.py:115} INFO - [2023-06-05 23:40:37,973] {dag.py:2927} INFO - Setting next_dagrun for example_sla_dag to 2023-06-06T02:38:00+00:00, run_after=2023-06-06T02:40:00+00:00
[2023-06-05 23:40:38,003] {processor.py:161} INFO - Processing /home/gui/Documentos/airflowalura/venv/lib/python3.9/site-packages/airflow/example_dags/example_sla_dag.py took 0.230 seconds
[2023-06-05 23:41:20,483] {processor.py:153} INFO - Started process (PID=50715) to work on /home/gui/Documentos/airflowalura/venv/lib/python3.9/site-packages/airflow/example_dags/example_sla_dag.py
[2023-06-05 23:41:20,484] {processor.py:641} INFO - Processing file /home/gui/Documentos/airflowalura/venv/lib/python3.9/site-packages/airflow/example_dags/example_sla_dag.py for tasks to queue
[2023-06-05 23:41:20,485] {logging_mixin.py:115} INFO - [2023-06-05 23:41:20,484] {dagbag.py:507} INFO - Filling up the DagBag from /home/gui/Documentos/airflowalura/venv/lib/python3.9/site-packages/airflow/example_dags/example_sla_dag.py
[2023-06-05 23:41:20,532] {processor.py:651} INFO - DAG(s) dict_keys(['example_sla_dag']) retrieved from /home/gui/Documentos/airflowalura/venv/lib/python3.9/site-packages/airflow/example_dags/example_sla_dag.py
[2023-06-05 23:41:20,572] {logging_mixin.py:115} INFO - [2023-06-05 23:41:20,571] {dag.py:2379} INFO - Sync 1 DAGs
[2023-06-05 23:41:20,622] {logging_mixin.py:115} INFO - [2023-06-05 23:41:20,622] {dag.py:2927} INFO - Setting next_dagrun for example_sla_dag to 2023-06-06T02:38:00+00:00, run_after=2023-06-06T02:40:00+00:00
[2023-06-05 23:41:20,684] {processor.py:161} INFO - Processing /home/gui/Documentos/airflowalura/venv/lib/python3.9/site-packages/airflow/example_dags/example_sla_dag.py took 0.212 seconds
[2023-06-05 23:42:03,028] {processor.py:153} INFO - Started process (PID=50798) to work on /home/gui/Documentos/airflowalura/venv/lib/python3.9/site-packages/airflow/example_dags/example_sla_dag.py
[2023-06-05 23:42:03,041] {processor.py:641} INFO - Processing file /home/gui/Documentos/airflowalura/venv/lib/python3.9/site-packages/airflow/example_dags/example_sla_dag.py for tasks to queue
[2023-06-05 23:42:03,044] {logging_mixin.py:115} INFO - [2023-06-05 23:42:03,043] {dagbag.py:507} INFO - Filling up the DagBag from /home/gui/Documentos/airflowalura/venv/lib/python3.9/site-packages/airflow/example_dags/example_sla_dag.py
[2023-06-05 23:42:03,077] {processor.py:651} INFO - DAG(s) dict_keys(['example_sla_dag']) retrieved from /home/gui/Documentos/airflowalura/venv/lib/python3.9/site-packages/airflow/example_dags/example_sla_dag.py
[2023-06-05 23:42:03,254] {logging_mixin.py:115} INFO - [2023-06-05 23:42:03,254] {dag.py:2379} INFO - Sync 1 DAGs
[2023-06-05 23:42:03,313] {logging_mixin.py:115} INFO - [2023-06-05 23:42:03,312] {dag.py:2927} INFO - Setting next_dagrun for example_sla_dag to 2023-06-06T02:40:00+00:00, run_after=2023-06-06T02:42:00+00:00
[2023-06-05 23:42:03,352] {processor.py:161} INFO - Processing /home/gui/Documentos/airflowalura/venv/lib/python3.9/site-packages/airflow/example_dags/example_sla_dag.py took 0.331 seconds
