[2023-06-05 23:01:57,658] {processor.py:153} INFO - Started process (PID=44500) to work on /home/gui/Documentos/airflowalura/venv/lib/python3.9/site-packages/airflow/example_dags/example_time_delta_sensor_async.py
[2023-06-05 23:01:57,659] {processor.py:641} INFO - Processing file /home/gui/Documentos/airflowalura/venv/lib/python3.9/site-packages/airflow/example_dags/example_time_delta_sensor_async.py for tasks to queue
[2023-06-05 23:01:57,660] {logging_mixin.py:115} INFO - [2023-06-05 23:01:57,660] {dagbag.py:507} INFO - Filling up the DagBag from /home/gui/Documentos/airflowalura/venv/lib/python3.9/site-packages/airflow/example_dags/example_time_delta_sensor_async.py
[2023-06-05 23:01:57,678] {processor.py:651} INFO - DAG(s) dict_keys(['example_time_delta_sensor_async']) retrieved from /home/gui/Documentos/airflowalura/venv/lib/python3.9/site-packages/airflow/example_dags/example_time_delta_sensor_async.py
[2023-06-05 23:01:57,792] {logging_mixin.py:115} INFO - [2023-06-05 23:01:57,791] {manager.py:508} INFO - Created Permission View: can read on DAG:example_time_delta_sensor_async
[2023-06-05 23:01:57,811] {logging_mixin.py:115} INFO - [2023-06-05 23:01:57,810] {manager.py:508} INFO - Created Permission View: can edit on DAG:example_time_delta_sensor_async
[2023-06-05 23:01:57,824] {logging_mixin.py:115} INFO - [2023-06-05 23:01:57,824] {manager.py:508} INFO - Created Permission View: can delete on DAG:example_time_delta_sensor_async
[2023-06-05 23:01:57,824] {logging_mixin.py:115} INFO - [2023-06-05 23:01:57,824] {dag.py:2379} INFO - Sync 1 DAGs
[2023-06-05 23:01:57,838] {logging_mixin.py:115} INFO - [2023-06-05 23:01:57,838] {dag.py:2398} INFO - Creating ORM DAG for example_time_delta_sensor_async
[2023-06-05 23:01:57,853] {logging_mixin.py:115} INFO - [2023-06-05 23:01:57,853] {dag.py:2927} INFO - Setting next_dagrun for example_time_delta_sensor_async to None, run_after=None
[2023-06-05 23:01:57,878] {processor.py:161} INFO - Processing /home/gui/Documentos/airflowalura/venv/lib/python3.9/site-packages/airflow/example_dags/example_time_delta_sensor_async.py took 0.227 seconds
[2023-06-05 23:05:08,740] {processor.py:153} INFO - Started process (PID=44949) to work on /home/gui/Documentos/airflowalura/venv/lib/python3.9/site-packages/airflow/example_dags/example_time_delta_sensor_async.py
[2023-06-05 23:05:08,756] {processor.py:641} INFO - Processing file /home/gui/Documentos/airflowalura/venv/lib/python3.9/site-packages/airflow/example_dags/example_time_delta_sensor_async.py for tasks to queue
[2023-06-05 23:05:08,758] {logging_mixin.py:115} INFO - [2023-06-05 23:05:08,757] {dagbag.py:507} INFO - Filling up the DagBag from /home/gui/Documentos/airflowalura/venv/lib/python3.9/site-packages/airflow/example_dags/example_time_delta_sensor_async.py
[2023-06-05 23:05:08,779] {processor.py:651} INFO - DAG(s) dict_keys(['example_time_delta_sensor_async']) retrieved from /home/gui/Documentos/airflowalura/venv/lib/python3.9/site-packages/airflow/example_dags/example_time_delta_sensor_async.py
[2023-06-05 23:05:08,828] {logging_mixin.py:115} INFO - [2023-06-05 23:05:08,828] {dag.py:2379} INFO - Sync 1 DAGs
[2023-06-05 23:05:08,860] {logging_mixin.py:115} INFO - [2023-06-05 23:05:08,860] {dag.py:2927} INFO - Setting next_dagrun for example_time_delta_sensor_async to None, run_after=None
[2023-06-05 23:05:08,878] {processor.py:161} INFO - Processing /home/gui/Documentos/airflowalura/venv/lib/python3.9/site-packages/airflow/example_dags/example_time_delta_sensor_async.py took 0.144 seconds
[2023-06-05 23:05:50,813] {processor.py:153} INFO - Started process (PID=44989) to work on /home/gui/Documentos/airflowalura/venv/lib/python3.9/site-packages/airflow/example_dags/example_time_delta_sensor_async.py
[2023-06-05 23:05:50,815] {processor.py:641} INFO - Processing file /home/gui/Documentos/airflowalura/venv/lib/python3.9/site-packages/airflow/example_dags/example_time_delta_sensor_async.py for tasks to queue
[2023-06-05 23:05:50,816] {logging_mixin.py:115} INFO - [2023-06-05 23:05:50,816] {dagbag.py:507} INFO - Filling up the DagBag from /home/gui/Documentos/airflowalura/venv/lib/python3.9/site-packages/airflow/example_dags/example_time_delta_sensor_async.py
[2023-06-05 23:05:50,831] {processor.py:651} INFO - DAG(s) dict_keys(['example_time_delta_sensor_async']) retrieved from /home/gui/Documentos/airflowalura/venv/lib/python3.9/site-packages/airflow/example_dags/example_time_delta_sensor_async.py
[2023-06-05 23:05:50,884] {logging_mixin.py:115} INFO - [2023-06-05 23:05:50,884] {dag.py:2379} INFO - Sync 1 DAGs
[2023-06-05 23:05:50,911] {logging_mixin.py:115} INFO - [2023-06-05 23:05:50,910] {dag.py:2927} INFO - Setting next_dagrun for example_time_delta_sensor_async to None, run_after=None
[2023-06-05 23:05:50,928] {processor.py:161} INFO - Processing /home/gui/Documentos/airflowalura/venv/lib/python3.9/site-packages/airflow/example_dags/example_time_delta_sensor_async.py took 0.123 seconds
[2023-06-05 23:06:25,811] {processor.py:153} INFO - Started process (PID=45025) to work on /home/gui/Documentos/airflowalura/venv/lib/python3.9/site-packages/airflow/example_dags/example_time_delta_sensor_async.py
[2023-06-05 23:06:25,812] {processor.py:641} INFO - Processing file /home/gui/Documentos/airflowalura/venv/lib/python3.9/site-packages/airflow/example_dags/example_time_delta_sensor_async.py for tasks to queue
[2023-06-05 23:06:25,813] {logging_mixin.py:115} INFO - [2023-06-05 23:06:25,813] {dagbag.py:507} INFO - Filling up the DagBag from /home/gui/Documentos/airflowalura/venv/lib/python3.9/site-packages/airflow/example_dags/example_time_delta_sensor_async.py
[2023-06-05 23:06:25,823] {processor.py:651} INFO - DAG(s) dict_keys(['example_time_delta_sensor_async']) retrieved from /home/gui/Documentos/airflowalura/venv/lib/python3.9/site-packages/airflow/example_dags/example_time_delta_sensor_async.py
[2023-06-05 23:06:25,861] {logging_mixin.py:115} INFO - [2023-06-05 23:06:25,861] {dag.py:2379} INFO - Sync 1 DAGs
[2023-06-05 23:06:25,887] {logging_mixin.py:115} INFO - [2023-06-05 23:06:25,887] {dag.py:2927} INFO - Setting next_dagrun for example_time_delta_sensor_async to None, run_after=None
[2023-06-05 23:06:25,904] {processor.py:161} INFO - Processing /home/gui/Documentos/airflowalura/venv/lib/python3.9/site-packages/airflow/example_dags/example_time_delta_sensor_async.py took 0.099 seconds
[2023-06-05 23:07:03,816] {processor.py:153} INFO - Started process (PID=45079) to work on /home/gui/Documentos/airflowalura/venv/lib/python3.9/site-packages/airflow/example_dags/example_time_delta_sensor_async.py
[2023-06-05 23:07:03,818] {processor.py:641} INFO - Processing file /home/gui/Documentos/airflowalura/venv/lib/python3.9/site-packages/airflow/example_dags/example_time_delta_sensor_async.py for tasks to queue
[2023-06-05 23:07:03,819] {logging_mixin.py:115} INFO - [2023-06-05 23:07:03,819] {dagbag.py:507} INFO - Filling up the DagBag from /home/gui/Documentos/airflowalura/venv/lib/python3.9/site-packages/airflow/example_dags/example_time_delta_sensor_async.py
[2023-06-05 23:07:03,834] {processor.py:651} INFO - DAG(s) dict_keys(['example_time_delta_sensor_async']) retrieved from /home/gui/Documentos/airflowalura/venv/lib/python3.9/site-packages/airflow/example_dags/example_time_delta_sensor_async.py
[2023-06-05 23:07:03,871] {logging_mixin.py:115} INFO - [2023-06-05 23:07:03,871] {dag.py:2379} INFO - Sync 1 DAGs
[2023-06-05 23:07:03,899] {logging_mixin.py:115} INFO - [2023-06-05 23:07:03,898] {dag.py:2927} INFO - Setting next_dagrun for example_time_delta_sensor_async to None, run_after=None
[2023-06-05 23:07:04,153] {processor.py:161} INFO - Processing /home/gui/Documentos/airflowalura/venv/lib/python3.9/site-packages/airflow/example_dags/example_time_delta_sensor_async.py took 0.346 seconds
[2023-06-05 23:07:42,270] {processor.py:153} INFO - Started process (PID=45119) to work on /home/gui/Documentos/airflowalura/venv/lib/python3.9/site-packages/airflow/example_dags/example_time_delta_sensor_async.py
[2023-06-05 23:07:42,271] {processor.py:641} INFO - Processing file /home/gui/Documentos/airflowalura/venv/lib/python3.9/site-packages/airflow/example_dags/example_time_delta_sensor_async.py for tasks to queue
[2023-06-05 23:07:42,272] {logging_mixin.py:115} INFO - [2023-06-05 23:07:42,272] {dagbag.py:507} INFO - Filling up the DagBag from /home/gui/Documentos/airflowalura/venv/lib/python3.9/site-packages/airflow/example_dags/example_time_delta_sensor_async.py
[2023-06-05 23:07:42,283] {processor.py:651} INFO - DAG(s) dict_keys(['example_time_delta_sensor_async']) retrieved from /home/gui/Documentos/airflowalura/venv/lib/python3.9/site-packages/airflow/example_dags/example_time_delta_sensor_async.py
[2023-06-05 23:07:42,321] {logging_mixin.py:115} INFO - [2023-06-05 23:07:42,321] {dag.py:2379} INFO - Sync 1 DAGs
[2023-06-05 23:07:42,350] {logging_mixin.py:115} INFO - [2023-06-05 23:07:42,350] {dag.py:2927} INFO - Setting next_dagrun for example_time_delta_sensor_async to None, run_after=None
[2023-06-05 23:07:42,393] {processor.py:161} INFO - Processing /home/gui/Documentos/airflowalura/venv/lib/python3.9/site-packages/airflow/example_dags/example_time_delta_sensor_async.py took 0.130 seconds
[2023-06-05 23:08:13,017] {processor.py:153} INFO - Started process (PID=45145) to work on /home/gui/Documentos/airflowalura/venv/lib/python3.9/site-packages/airflow/example_dags/example_time_delta_sensor_async.py
[2023-06-05 23:08:13,018] {processor.py:641} INFO - Processing file /home/gui/Documentos/airflowalura/venv/lib/python3.9/site-packages/airflow/example_dags/example_time_delta_sensor_async.py for tasks to queue
[2023-06-05 23:08:13,019] {logging_mixin.py:115} INFO - [2023-06-05 23:08:13,019] {dagbag.py:507} INFO - Filling up the DagBag from /home/gui/Documentos/airflowalura/venv/lib/python3.9/site-packages/airflow/example_dags/example_time_delta_sensor_async.py
[2023-06-05 23:08:13,030] {processor.py:651} INFO - DAG(s) dict_keys(['example_time_delta_sensor_async']) retrieved from /home/gui/Documentos/airflowalura/venv/lib/python3.9/site-packages/airflow/example_dags/example_time_delta_sensor_async.py
[2023-06-05 23:08:13,071] {logging_mixin.py:115} INFO - [2023-06-05 23:08:13,071] {dag.py:2379} INFO - Sync 1 DAGs
[2023-06-05 23:08:13,099] {logging_mixin.py:115} INFO - [2023-06-05 23:08:13,099] {dag.py:2927} INFO - Setting next_dagrun for example_time_delta_sensor_async to None, run_after=None
[2023-06-05 23:08:13,134] {processor.py:161} INFO - Processing /home/gui/Documentos/airflowalura/venv/lib/python3.9/site-packages/airflow/example_dags/example_time_delta_sensor_async.py took 0.123 seconds
[2023-06-05 23:08:43,283] {processor.py:153} INFO - Started process (PID=45174) to work on /home/gui/Documentos/airflowalura/venv/lib/python3.9/site-packages/airflow/example_dags/example_time_delta_sensor_async.py
[2023-06-05 23:08:43,284] {processor.py:641} INFO - Processing file /home/gui/Documentos/airflowalura/venv/lib/python3.9/site-packages/airflow/example_dags/example_time_delta_sensor_async.py for tasks to queue
[2023-06-05 23:08:43,285] {logging_mixin.py:115} INFO - [2023-06-05 23:08:43,285] {dagbag.py:507} INFO - Filling up the DagBag from /home/gui/Documentos/airflowalura/venv/lib/python3.9/site-packages/airflow/example_dags/example_time_delta_sensor_async.py
[2023-06-05 23:08:43,296] {processor.py:651} INFO - DAG(s) dict_keys(['example_time_delta_sensor_async']) retrieved from /home/gui/Documentos/airflowalura/venv/lib/python3.9/site-packages/airflow/example_dags/example_time_delta_sensor_async.py
[2023-06-05 23:08:43,335] {logging_mixin.py:115} INFO - [2023-06-05 23:08:43,335] {dag.py:2379} INFO - Sync 1 DAGs
[2023-06-05 23:08:43,363] {logging_mixin.py:115} INFO - [2023-06-05 23:08:43,363] {dag.py:2927} INFO - Setting next_dagrun for example_time_delta_sensor_async to None, run_after=None
[2023-06-05 23:08:43,382] {processor.py:161} INFO - Processing /home/gui/Documentos/airflowalura/venv/lib/python3.9/site-packages/airflow/example_dags/example_time_delta_sensor_async.py took 0.105 seconds
[2023-06-05 23:09:14,043] {processor.py:153} INFO - Started process (PID=45198) to work on /home/gui/Documentos/airflowalura/venv/lib/python3.9/site-packages/airflow/example_dags/example_time_delta_sensor_async.py
[2023-06-05 23:09:14,044] {processor.py:641} INFO - Processing file /home/gui/Documentos/airflowalura/venv/lib/python3.9/site-packages/airflow/example_dags/example_time_delta_sensor_async.py for tasks to queue
[2023-06-05 23:09:14,044] {logging_mixin.py:115} INFO - [2023-06-05 23:09:14,044] {dagbag.py:507} INFO - Filling up the DagBag from /home/gui/Documentos/airflowalura/venv/lib/python3.9/site-packages/airflow/example_dags/example_time_delta_sensor_async.py
[2023-06-05 23:09:14,055] {processor.py:651} INFO - DAG(s) dict_keys(['example_time_delta_sensor_async']) retrieved from /home/gui/Documentos/airflowalura/venv/lib/python3.9/site-packages/airflow/example_dags/example_time_delta_sensor_async.py
[2023-06-05 23:09:14,097] {logging_mixin.py:115} INFO - [2023-06-05 23:09:14,097] {dag.py:2379} INFO - Sync 1 DAGs
[2023-06-05 23:09:14,127] {logging_mixin.py:115} INFO - [2023-06-05 23:09:14,127] {dag.py:2927} INFO - Setting next_dagrun for example_time_delta_sensor_async to None, run_after=None
[2023-06-05 23:09:14,147] {processor.py:161} INFO - Processing /home/gui/Documentos/airflowalura/venv/lib/python3.9/site-packages/airflow/example_dags/example_time_delta_sensor_async.py took 0.111 seconds
[2023-06-05 23:09:44,452] {processor.py:153} INFO - Started process (PID=45226) to work on /home/gui/Documentos/airflowalura/venv/lib/python3.9/site-packages/airflow/example_dags/example_time_delta_sensor_async.py
[2023-06-05 23:09:44,454] {processor.py:641} INFO - Processing file /home/gui/Documentos/airflowalura/venv/lib/python3.9/site-packages/airflow/example_dags/example_time_delta_sensor_async.py for tasks to queue
[2023-06-05 23:09:44,455] {logging_mixin.py:115} INFO - [2023-06-05 23:09:44,455] {dagbag.py:507} INFO - Filling up the DagBag from /home/gui/Documentos/airflowalura/venv/lib/python3.9/site-packages/airflow/example_dags/example_time_delta_sensor_async.py
[2023-06-05 23:09:44,466] {processor.py:651} INFO - DAG(s) dict_keys(['example_time_delta_sensor_async']) retrieved from /home/gui/Documentos/airflowalura/venv/lib/python3.9/site-packages/airflow/example_dags/example_time_delta_sensor_async.py
[2023-06-05 23:09:44,509] {logging_mixin.py:115} INFO - [2023-06-05 23:09:44,509] {dag.py:2379} INFO - Sync 1 DAGs
[2023-06-05 23:09:44,544] {logging_mixin.py:115} INFO - [2023-06-05 23:09:44,544] {dag.py:2927} INFO - Setting next_dagrun for example_time_delta_sensor_async to None, run_after=None
[2023-06-05 23:09:44,568] {processor.py:161} INFO - Processing /home/gui/Documentos/airflowalura/venv/lib/python3.9/site-packages/airflow/example_dags/example_time_delta_sensor_async.py took 0.123 seconds
[2023-06-05 23:10:27,853] {processor.py:153} INFO - Started process (PID=45261) to work on /home/gui/Documentos/airflowalura/venv/lib/python3.9/site-packages/airflow/example_dags/example_time_delta_sensor_async.py
[2023-06-05 23:10:27,854] {processor.py:641} INFO - Processing file /home/gui/Documentos/airflowalura/venv/lib/python3.9/site-packages/airflow/example_dags/example_time_delta_sensor_async.py for tasks to queue
[2023-06-05 23:10:27,856] {logging_mixin.py:115} INFO - [2023-06-05 23:10:27,855] {dagbag.py:507} INFO - Filling up the DagBag from /home/gui/Documentos/airflowalura/venv/lib/python3.9/site-packages/airflow/example_dags/example_time_delta_sensor_async.py
[2023-06-05 23:10:27,866] {processor.py:651} INFO - DAG(s) dict_keys(['example_time_delta_sensor_async']) retrieved from /home/gui/Documentos/airflowalura/venv/lib/python3.9/site-packages/airflow/example_dags/example_time_delta_sensor_async.py
[2023-06-05 23:10:27,915] {logging_mixin.py:115} INFO - [2023-06-05 23:10:27,915] {dag.py:2379} INFO - Sync 1 DAGs
[2023-06-05 23:10:27,954] {logging_mixin.py:115} INFO - [2023-06-05 23:10:27,954] {dag.py:2927} INFO - Setting next_dagrun for example_time_delta_sensor_async to None, run_after=None
[2023-06-05 23:10:27,998] {processor.py:161} INFO - Processing /home/gui/Documentos/airflowalura/venv/lib/python3.9/site-packages/airflow/example_dags/example_time_delta_sensor_async.py took 0.152 seconds
[2023-06-05 23:11:06,322] {processor.py:153} INFO - Started process (PID=45294) to work on /home/gui/Documentos/airflowalura/venv/lib/python3.9/site-packages/airflow/example_dags/example_time_delta_sensor_async.py
[2023-06-05 23:11:06,323] {processor.py:641} INFO - Processing file /home/gui/Documentos/airflowalura/venv/lib/python3.9/site-packages/airflow/example_dags/example_time_delta_sensor_async.py for tasks to queue
[2023-06-05 23:11:06,324] {logging_mixin.py:115} INFO - [2023-06-05 23:11:06,324] {dagbag.py:507} INFO - Filling up the DagBag from /home/gui/Documentos/airflowalura/venv/lib/python3.9/site-packages/airflow/example_dags/example_time_delta_sensor_async.py
[2023-06-05 23:11:06,337] {processor.py:651} INFO - DAG(s) dict_keys(['example_time_delta_sensor_async']) retrieved from /home/gui/Documentos/airflowalura/venv/lib/python3.9/site-packages/airflow/example_dags/example_time_delta_sensor_async.py
[2023-06-05 23:11:06,389] {logging_mixin.py:115} INFO - [2023-06-05 23:11:06,388] {dag.py:2379} INFO - Sync 1 DAGs
[2023-06-05 23:11:06,424] {logging_mixin.py:115} INFO - [2023-06-05 23:11:06,424] {dag.py:2927} INFO - Setting next_dagrun for example_time_delta_sensor_async to None, run_after=None
[2023-06-05 23:11:06,462] {processor.py:161} INFO - Processing /home/gui/Documentos/airflowalura/venv/lib/python3.9/site-packages/airflow/example_dags/example_time_delta_sensor_async.py took 0.149 seconds
[2023-06-05 23:11:42,958] {processor.py:153} INFO - Started process (PID=45331) to work on /home/gui/Documentos/airflowalura/venv/lib/python3.9/site-packages/airflow/example_dags/example_time_delta_sensor_async.py
[2023-06-05 23:11:42,959] {processor.py:641} INFO - Processing file /home/gui/Documentos/airflowalura/venv/lib/python3.9/site-packages/airflow/example_dags/example_time_delta_sensor_async.py for tasks to queue
[2023-06-05 23:11:42,960] {logging_mixin.py:115} INFO - [2023-06-05 23:11:42,960] {dagbag.py:507} INFO - Filling up the DagBag from /home/gui/Documentos/airflowalura/venv/lib/python3.9/site-packages/airflow/example_dags/example_time_delta_sensor_async.py
[2023-06-05 23:11:42,970] {processor.py:651} INFO - DAG(s) dict_keys(['example_time_delta_sensor_async']) retrieved from /home/gui/Documentos/airflowalura/venv/lib/python3.9/site-packages/airflow/example_dags/example_time_delta_sensor_async.py
[2023-06-05 23:11:43,008] {logging_mixin.py:115} INFO - [2023-06-05 23:11:43,008] {dag.py:2379} INFO - Sync 1 DAGs
[2023-06-05 23:11:43,037] {logging_mixin.py:115} INFO - [2023-06-05 23:11:43,037] {dag.py:2927} INFO - Setting next_dagrun for example_time_delta_sensor_async to None, run_after=None
[2023-06-05 23:11:43,055] {processor.py:161} INFO - Processing /home/gui/Documentos/airflowalura/venv/lib/python3.9/site-packages/airflow/example_dags/example_time_delta_sensor_async.py took 0.103 seconds
[2023-06-05 23:12:15,001] {processor.py:153} INFO - Started process (PID=45360) to work on /home/gui/Documentos/airflowalura/venv/lib/python3.9/site-packages/airflow/example_dags/example_time_delta_sensor_async.py
[2023-06-05 23:12:15,003] {processor.py:641} INFO - Processing file /home/gui/Documentos/airflowalura/venv/lib/python3.9/site-packages/airflow/example_dags/example_time_delta_sensor_async.py for tasks to queue
[2023-06-05 23:12:15,003] {logging_mixin.py:115} INFO - [2023-06-05 23:12:15,003] {dagbag.py:507} INFO - Filling up the DagBag from /home/gui/Documentos/airflowalura/venv/lib/python3.9/site-packages/airflow/example_dags/example_time_delta_sensor_async.py
[2023-06-05 23:12:15,013] {processor.py:651} INFO - DAG(s) dict_keys(['example_time_delta_sensor_async']) retrieved from /home/gui/Documentos/airflowalura/venv/lib/python3.9/site-packages/airflow/example_dags/example_time_delta_sensor_async.py
[2023-06-05 23:12:15,051] {logging_mixin.py:115} INFO - [2023-06-05 23:12:15,051] {dag.py:2379} INFO - Sync 1 DAGs
[2023-06-05 23:12:15,077] {logging_mixin.py:115} INFO - [2023-06-05 23:12:15,077] {dag.py:2927} INFO - Setting next_dagrun for example_time_delta_sensor_async to None, run_after=None
[2023-06-05 23:12:15,140] {processor.py:161} INFO - Processing /home/gui/Documentos/airflowalura/venv/lib/python3.9/site-packages/airflow/example_dags/example_time_delta_sensor_async.py took 0.145 seconds
[2023-06-05 23:12:55,815] {processor.py:153} INFO - Started process (PID=45396) to work on /home/gui/Documentos/airflowalura/venv/lib/python3.9/site-packages/airflow/example_dags/example_time_delta_sensor_async.py
[2023-06-05 23:12:55,816] {processor.py:641} INFO - Processing file /home/gui/Documentos/airflowalura/venv/lib/python3.9/site-packages/airflow/example_dags/example_time_delta_sensor_async.py for tasks to queue
[2023-06-05 23:12:55,817] {logging_mixin.py:115} INFO - [2023-06-05 23:12:55,817] {dagbag.py:507} INFO - Filling up the DagBag from /home/gui/Documentos/airflowalura/venv/lib/python3.9/site-packages/airflow/example_dags/example_time_delta_sensor_async.py
[2023-06-05 23:12:55,829] {processor.py:651} INFO - DAG(s) dict_keys(['example_time_delta_sensor_async']) retrieved from /home/gui/Documentos/airflowalura/venv/lib/python3.9/site-packages/airflow/example_dags/example_time_delta_sensor_async.py
[2023-06-05 23:12:55,869] {logging_mixin.py:115} INFO - [2023-06-05 23:12:55,869] {dag.py:2379} INFO - Sync 1 DAGs
[2023-06-05 23:12:55,897] {logging_mixin.py:115} INFO - [2023-06-05 23:12:55,897] {dag.py:2927} INFO - Setting next_dagrun for example_time_delta_sensor_async to None, run_after=None
[2023-06-05 23:12:55,939] {processor.py:161} INFO - Processing /home/gui/Documentos/airflowalura/venv/lib/python3.9/site-packages/airflow/example_dags/example_time_delta_sensor_async.py took 0.133 seconds
[2023-06-05 23:13:31,081] {processor.py:153} INFO - Started process (PID=45425) to work on /home/gui/Documentos/airflowalura/venv/lib/python3.9/site-packages/airflow/example_dags/example_time_delta_sensor_async.py
[2023-06-05 23:13:31,082] {processor.py:641} INFO - Processing file /home/gui/Documentos/airflowalura/venv/lib/python3.9/site-packages/airflow/example_dags/example_time_delta_sensor_async.py for tasks to queue
[2023-06-05 23:13:31,083] {logging_mixin.py:115} INFO - [2023-06-05 23:13:31,083] {dagbag.py:507} INFO - Filling up the DagBag from /home/gui/Documentos/airflowalura/venv/lib/python3.9/site-packages/airflow/example_dags/example_time_delta_sensor_async.py
[2023-06-05 23:13:31,092] {processor.py:651} INFO - DAG(s) dict_keys(['example_time_delta_sensor_async']) retrieved from /home/gui/Documentos/airflowalura/venv/lib/python3.9/site-packages/airflow/example_dags/example_time_delta_sensor_async.py
[2023-06-05 23:13:31,169] {logging_mixin.py:115} INFO - [2023-06-05 23:13:31,169] {dag.py:2379} INFO - Sync 1 DAGs
[2023-06-05 23:13:31,196] {logging_mixin.py:115} INFO - [2023-06-05 23:13:31,196] {dag.py:2927} INFO - Setting next_dagrun for example_time_delta_sensor_async to None, run_after=None
[2023-06-05 23:13:31,213] {processor.py:161} INFO - Processing /home/gui/Documentos/airflowalura/venv/lib/python3.9/site-packages/airflow/example_dags/example_time_delta_sensor_async.py took 0.138 seconds
[2023-06-05 23:14:07,788] {processor.py:153} INFO - Started process (PID=45460) to work on /home/gui/Documentos/airflowalura/venv/lib/python3.9/site-packages/airflow/example_dags/example_time_delta_sensor_async.py
[2023-06-05 23:14:07,789] {processor.py:641} INFO - Processing file /home/gui/Documentos/airflowalura/venv/lib/python3.9/site-packages/airflow/example_dags/example_time_delta_sensor_async.py for tasks to queue
[2023-06-05 23:14:07,790] {logging_mixin.py:115} INFO - [2023-06-05 23:14:07,790] {dagbag.py:507} INFO - Filling up the DagBag from /home/gui/Documentos/airflowalura/venv/lib/python3.9/site-packages/airflow/example_dags/example_time_delta_sensor_async.py
[2023-06-05 23:14:07,801] {processor.py:651} INFO - DAG(s) dict_keys(['example_time_delta_sensor_async']) retrieved from /home/gui/Documentos/airflowalura/venv/lib/python3.9/site-packages/airflow/example_dags/example_time_delta_sensor_async.py
[2023-06-05 23:14:07,839] {logging_mixin.py:115} INFO - [2023-06-05 23:14:07,839] {dag.py:2379} INFO - Sync 1 DAGs
[2023-06-05 23:14:07,866] {logging_mixin.py:115} INFO - [2023-06-05 23:14:07,865] {dag.py:2927} INFO - Setting next_dagrun for example_time_delta_sensor_async to None, run_after=None
[2023-06-05 23:14:07,944] {processor.py:161} INFO - Processing /home/gui/Documentos/airflowalura/venv/lib/python3.9/site-packages/airflow/example_dags/example_time_delta_sensor_async.py took 0.161 seconds
[2023-06-05 23:14:42,631] {processor.py:153} INFO - Started process (PID=45491) to work on /home/gui/Documentos/airflowalura/venv/lib/python3.9/site-packages/airflow/example_dags/example_time_delta_sensor_async.py
[2023-06-05 23:14:42,633] {processor.py:641} INFO - Processing file /home/gui/Documentos/airflowalura/venv/lib/python3.9/site-packages/airflow/example_dags/example_time_delta_sensor_async.py for tasks to queue
[2023-06-05 23:14:42,633] {logging_mixin.py:115} INFO - [2023-06-05 23:14:42,633] {dagbag.py:507} INFO - Filling up the DagBag from /home/gui/Documentos/airflowalura/venv/lib/python3.9/site-packages/airflow/example_dags/example_time_delta_sensor_async.py
[2023-06-05 23:14:42,643] {processor.py:651} INFO - DAG(s) dict_keys(['example_time_delta_sensor_async']) retrieved from /home/gui/Documentos/airflowalura/venv/lib/python3.9/site-packages/airflow/example_dags/example_time_delta_sensor_async.py
[2023-06-05 23:14:42,681] {logging_mixin.py:115} INFO - [2023-06-05 23:14:42,681] {dag.py:2379} INFO - Sync 1 DAGs
[2023-06-05 23:14:42,707] {logging_mixin.py:115} INFO - [2023-06-05 23:14:42,706] {dag.py:2927} INFO - Setting next_dagrun for example_time_delta_sensor_async to None, run_after=None
[2023-06-05 23:14:42,724] {processor.py:161} INFO - Processing /home/gui/Documentos/airflowalura/venv/lib/python3.9/site-packages/airflow/example_dags/example_time_delta_sensor_async.py took 0.098 seconds
[2023-06-05 23:15:21,645] {processor.py:153} INFO - Started process (PID=45525) to work on /home/gui/Documentos/airflowalura/venv/lib/python3.9/site-packages/airflow/example_dags/example_time_delta_sensor_async.py
[2023-06-05 23:15:21,647] {processor.py:641} INFO - Processing file /home/gui/Documentos/airflowalura/venv/lib/python3.9/site-packages/airflow/example_dags/example_time_delta_sensor_async.py for tasks to queue
[2023-06-05 23:15:21,649] {logging_mixin.py:115} INFO - [2023-06-05 23:15:21,648] {dagbag.py:507} INFO - Filling up the DagBag from /home/gui/Documentos/airflowalura/venv/lib/python3.9/site-packages/airflow/example_dags/example_time_delta_sensor_async.py
[2023-06-05 23:15:21,661] {processor.py:651} INFO - DAG(s) dict_keys(['example_time_delta_sensor_async']) retrieved from /home/gui/Documentos/airflowalura/venv/lib/python3.9/site-packages/airflow/example_dags/example_time_delta_sensor_async.py
[2023-06-05 23:15:21,717] {logging_mixin.py:115} INFO - [2023-06-05 23:15:21,717] {dag.py:2379} INFO - Sync 1 DAGs
[2023-06-05 23:15:21,757] {logging_mixin.py:115} INFO - [2023-06-05 23:15:21,757] {dag.py:2927} INFO - Setting next_dagrun for example_time_delta_sensor_async to None, run_after=None
[2023-06-05 23:15:21,819] {processor.py:161} INFO - Processing /home/gui/Documentos/airflowalura/venv/lib/python3.9/site-packages/airflow/example_dags/example_time_delta_sensor_async.py took 0.182 seconds
[2023-06-05 23:15:59,456] {processor.py:153} INFO - Started process (PID=45581) to work on /home/gui/Documentos/airflowalura/venv/lib/python3.9/site-packages/airflow/example_dags/example_time_delta_sensor_async.py
[2023-06-05 23:15:59,458] {processor.py:641} INFO - Processing file /home/gui/Documentos/airflowalura/venv/lib/python3.9/site-packages/airflow/example_dags/example_time_delta_sensor_async.py for tasks to queue
[2023-06-05 23:15:59,459] {logging_mixin.py:115} INFO - [2023-06-05 23:15:59,459] {dagbag.py:507} INFO - Filling up the DagBag from /home/gui/Documentos/airflowalura/venv/lib/python3.9/site-packages/airflow/example_dags/example_time_delta_sensor_async.py
[2023-06-05 23:15:59,470] {processor.py:651} INFO - DAG(s) dict_keys(['example_time_delta_sensor_async']) retrieved from /home/gui/Documentos/airflowalura/venv/lib/python3.9/site-packages/airflow/example_dags/example_time_delta_sensor_async.py
[2023-06-05 23:15:59,518] {logging_mixin.py:115} INFO - [2023-06-05 23:15:59,518] {dag.py:2379} INFO - Sync 1 DAGs
[2023-06-05 23:15:59,554] {logging_mixin.py:115} INFO - [2023-06-05 23:15:59,553] {dag.py:2927} INFO - Setting next_dagrun for example_time_delta_sensor_async to None, run_after=None
[2023-06-05 23:15:59,575] {processor.py:161} INFO - Processing /home/gui/Documentos/airflowalura/venv/lib/python3.9/site-packages/airflow/example_dags/example_time_delta_sensor_async.py took 0.125 seconds
[2023-06-05 23:16:33,445] {processor.py:153} INFO - Started process (PID=45612) to work on /home/gui/Documentos/airflowalura/venv/lib/python3.9/site-packages/airflow/example_dags/example_time_delta_sensor_async.py
[2023-06-05 23:16:33,447] {processor.py:641} INFO - Processing file /home/gui/Documentos/airflowalura/venv/lib/python3.9/site-packages/airflow/example_dags/example_time_delta_sensor_async.py for tasks to queue
[2023-06-05 23:16:33,448] {logging_mixin.py:115} INFO - [2023-06-05 23:16:33,447] {dagbag.py:507} INFO - Filling up the DagBag from /home/gui/Documentos/airflowalura/venv/lib/python3.9/site-packages/airflow/example_dags/example_time_delta_sensor_async.py
[2023-06-05 23:16:33,460] {processor.py:651} INFO - DAG(s) dict_keys(['example_time_delta_sensor_async']) retrieved from /home/gui/Documentos/airflowalura/venv/lib/python3.9/site-packages/airflow/example_dags/example_time_delta_sensor_async.py
[2023-06-05 23:16:33,509] {logging_mixin.py:115} INFO - [2023-06-05 23:16:33,509] {dag.py:2379} INFO - Sync 1 DAGs
[2023-06-05 23:16:33,541] {logging_mixin.py:115} INFO - [2023-06-05 23:16:33,541] {dag.py:2927} INFO - Setting next_dagrun for example_time_delta_sensor_async to None, run_after=None
[2023-06-05 23:16:33,813] {processor.py:161} INFO - Processing /home/gui/Documentos/airflowalura/venv/lib/python3.9/site-packages/airflow/example_dags/example_time_delta_sensor_async.py took 0.376 seconds
[2023-06-05 23:17:12,864] {processor.py:153} INFO - Started process (PID=45649) to work on /home/gui/Documentos/airflowalura/venv/lib/python3.9/site-packages/airflow/example_dags/example_time_delta_sensor_async.py
[2023-06-05 23:17:12,866] {processor.py:641} INFO - Processing file /home/gui/Documentos/airflowalura/venv/lib/python3.9/site-packages/airflow/example_dags/example_time_delta_sensor_async.py for tasks to queue
[2023-06-05 23:17:12,867] {logging_mixin.py:115} INFO - [2023-06-05 23:17:12,867] {dagbag.py:507} INFO - Filling up the DagBag from /home/gui/Documentos/airflowalura/venv/lib/python3.9/site-packages/airflow/example_dags/example_time_delta_sensor_async.py
[2023-06-05 23:17:12,877] {processor.py:651} INFO - DAG(s) dict_keys(['example_time_delta_sensor_async']) retrieved from /home/gui/Documentos/airflowalura/venv/lib/python3.9/site-packages/airflow/example_dags/example_time_delta_sensor_async.py
[2023-06-05 23:17:12,928] {logging_mixin.py:115} INFO - [2023-06-05 23:17:12,927] {dag.py:2379} INFO - Sync 1 DAGs
[2023-06-05 23:17:12,977] {logging_mixin.py:115} INFO - [2023-06-05 23:17:12,977] {dag.py:2927} INFO - Setting next_dagrun for example_time_delta_sensor_async to None, run_after=None
[2023-06-05 23:17:13,023] {processor.py:161} INFO - Processing /home/gui/Documentos/airflowalura/venv/lib/python3.9/site-packages/airflow/example_dags/example_time_delta_sensor_async.py took 0.166 seconds
[2023-06-05 23:17:56,198] {processor.py:153} INFO - Started process (PID=45686) to work on /home/gui/Documentos/airflowalura/venv/lib/python3.9/site-packages/airflow/example_dags/example_time_delta_sensor_async.py
[2023-06-05 23:17:56,351] {processor.py:641} INFO - Processing file /home/gui/Documentos/airflowalura/venv/lib/python3.9/site-packages/airflow/example_dags/example_time_delta_sensor_async.py for tasks to queue
[2023-06-05 23:17:56,353] {logging_mixin.py:115} INFO - [2023-06-05 23:17:56,352] {dagbag.py:507} INFO - Filling up the DagBag from /home/gui/Documentos/airflowalura/venv/lib/python3.9/site-packages/airflow/example_dags/example_time_delta_sensor_async.py
[2023-06-05 23:17:56,368] {processor.py:651} INFO - DAG(s) dict_keys(['example_time_delta_sensor_async']) retrieved from /home/gui/Documentos/airflowalura/venv/lib/python3.9/site-packages/airflow/example_dags/example_time_delta_sensor_async.py
[2023-06-05 23:17:56,434] {logging_mixin.py:115} INFO - [2023-06-05 23:17:56,434] {dag.py:2379} INFO - Sync 1 DAGs
[2023-06-05 23:17:56,476] {logging_mixin.py:115} INFO - [2023-06-05 23:17:56,476] {dag.py:2927} INFO - Setting next_dagrun for example_time_delta_sensor_async to None, run_after=None
[2023-06-05 23:17:56,686] {processor.py:161} INFO - Processing /home/gui/Documentos/airflowalura/venv/lib/python3.9/site-packages/airflow/example_dags/example_time_delta_sensor_async.py took 0.496 seconds
[2023-06-05 23:18:29,068] {processor.py:153} INFO - Started process (PID=45714) to work on /home/gui/Documentos/airflowalura/venv/lib/python3.9/site-packages/airflow/example_dags/example_time_delta_sensor_async.py
[2023-06-05 23:18:29,069] {processor.py:641} INFO - Processing file /home/gui/Documentos/airflowalura/venv/lib/python3.9/site-packages/airflow/example_dags/example_time_delta_sensor_async.py for tasks to queue
[2023-06-05 23:18:29,070] {logging_mixin.py:115} INFO - [2023-06-05 23:18:29,069] {dagbag.py:507} INFO - Filling up the DagBag from /home/gui/Documentos/airflowalura/venv/lib/python3.9/site-packages/airflow/example_dags/example_time_delta_sensor_async.py
[2023-06-05 23:18:29,079] {processor.py:651} INFO - DAG(s) dict_keys(['example_time_delta_sensor_async']) retrieved from /home/gui/Documentos/airflowalura/venv/lib/python3.9/site-packages/airflow/example_dags/example_time_delta_sensor_async.py
[2023-06-05 23:18:29,127] {logging_mixin.py:115} INFO - [2023-06-05 23:18:29,127] {dag.py:2379} INFO - Sync 1 DAGs
[2023-06-05 23:18:29,164] {logging_mixin.py:115} INFO - [2023-06-05 23:18:29,164] {dag.py:2927} INFO - Setting next_dagrun for example_time_delta_sensor_async to None, run_after=None
[2023-06-05 23:18:29,190] {processor.py:161} INFO - Processing /home/gui/Documentos/airflowalura/venv/lib/python3.9/site-packages/airflow/example_dags/example_time_delta_sensor_async.py took 0.129 seconds
[2023-06-05 23:19:05,609] {processor.py:153} INFO - Started process (PID=45747) to work on /home/gui/Documentos/airflowalura/venv/lib/python3.9/site-packages/airflow/example_dags/example_time_delta_sensor_async.py
[2023-06-05 23:19:05,621] {processor.py:641} INFO - Processing file /home/gui/Documentos/airflowalura/venv/lib/python3.9/site-packages/airflow/example_dags/example_time_delta_sensor_async.py for tasks to queue
[2023-06-05 23:19:05,623] {logging_mixin.py:115} INFO - [2023-06-05 23:19:05,622] {dagbag.py:507} INFO - Filling up the DagBag from /home/gui/Documentos/airflowalura/venv/lib/python3.9/site-packages/airflow/example_dags/example_time_delta_sensor_async.py
[2023-06-05 23:19:05,639] {processor.py:651} INFO - DAG(s) dict_keys(['example_time_delta_sensor_async']) retrieved from /home/gui/Documentos/airflowalura/venv/lib/python3.9/site-packages/airflow/example_dags/example_time_delta_sensor_async.py
[2023-06-05 23:19:05,685] {logging_mixin.py:115} INFO - [2023-06-05 23:19:05,685] {dag.py:2379} INFO - Sync 1 DAGs
[2023-06-05 23:19:05,719] {logging_mixin.py:115} INFO - [2023-06-05 23:19:05,719] {dag.py:2927} INFO - Setting next_dagrun for example_time_delta_sensor_async to None, run_after=None
[2023-06-05 23:19:05,741] {processor.py:161} INFO - Processing /home/gui/Documentos/airflowalura/venv/lib/python3.9/site-packages/airflow/example_dags/example_time_delta_sensor_async.py took 0.140 seconds
[2023-06-05 23:19:38,226] {processor.py:153} INFO - Started process (PID=45774) to work on /home/gui/Documentos/airflowalura/venv/lib/python3.9/site-packages/airflow/example_dags/example_time_delta_sensor_async.py
[2023-06-05 23:19:38,227] {processor.py:641} INFO - Processing file /home/gui/Documentos/airflowalura/venv/lib/python3.9/site-packages/airflow/example_dags/example_time_delta_sensor_async.py for tasks to queue
[2023-06-05 23:19:38,229] {logging_mixin.py:115} INFO - [2023-06-05 23:19:38,228] {dagbag.py:507} INFO - Filling up the DagBag from /home/gui/Documentos/airflowalura/venv/lib/python3.9/site-packages/airflow/example_dags/example_time_delta_sensor_async.py
[2023-06-05 23:19:38,244] {processor.py:651} INFO - DAG(s) dict_keys(['example_time_delta_sensor_async']) retrieved from /home/gui/Documentos/airflowalura/venv/lib/python3.9/site-packages/airflow/example_dags/example_time_delta_sensor_async.py
[2023-06-05 23:19:38,308] {logging_mixin.py:115} INFO - [2023-06-05 23:19:38,307] {dag.py:2379} INFO - Sync 1 DAGs
[2023-06-05 23:19:38,343] {logging_mixin.py:115} INFO - [2023-06-05 23:19:38,343] {dag.py:2927} INFO - Setting next_dagrun for example_time_delta_sensor_async to None, run_after=None
[2023-06-05 23:19:38,367] {processor.py:161} INFO - Processing /home/gui/Documentos/airflowalura/venv/lib/python3.9/site-packages/airflow/example_dags/example_time_delta_sensor_async.py took 0.149 seconds
[2023-06-05 23:20:11,090] {processor.py:153} INFO - Started process (PID=45815) to work on /home/gui/Documentos/airflowalura/venv/lib/python3.9/site-packages/airflow/example_dags/example_time_delta_sensor_async.py
[2023-06-05 23:20:11,092] {processor.py:641} INFO - Processing file /home/gui/Documentos/airflowalura/venv/lib/python3.9/site-packages/airflow/example_dags/example_time_delta_sensor_async.py for tasks to queue
[2023-06-05 23:20:11,093] {logging_mixin.py:115} INFO - [2023-06-05 23:20:11,093] {dagbag.py:507} INFO - Filling up the DagBag from /home/gui/Documentos/airflowalura/venv/lib/python3.9/site-packages/airflow/example_dags/example_time_delta_sensor_async.py
[2023-06-05 23:20:11,105] {processor.py:651} INFO - DAG(s) dict_keys(['example_time_delta_sensor_async']) retrieved from /home/gui/Documentos/airflowalura/venv/lib/python3.9/site-packages/airflow/example_dags/example_time_delta_sensor_async.py
[2023-06-05 23:20:11,173] {logging_mixin.py:115} INFO - [2023-06-05 23:20:11,173] {dag.py:2379} INFO - Sync 1 DAGs
[2023-06-05 23:20:11,249] {logging_mixin.py:115} INFO - [2023-06-05 23:20:11,248] {dag.py:2927} INFO - Setting next_dagrun for example_time_delta_sensor_async to None, run_after=None
[2023-06-05 23:20:11,301] {processor.py:161} INFO - Processing /home/gui/Documentos/airflowalura/venv/lib/python3.9/site-packages/airflow/example_dags/example_time_delta_sensor_async.py took 0.218 seconds
[2023-06-05 23:20:47,491] {processor.py:153} INFO - Started process (PID=45855) to work on /home/gui/Documentos/airflowalura/venv/lib/python3.9/site-packages/airflow/example_dags/example_time_delta_sensor_async.py
[2023-06-05 23:20:47,492] {processor.py:641} INFO - Processing file /home/gui/Documentos/airflowalura/venv/lib/python3.9/site-packages/airflow/example_dags/example_time_delta_sensor_async.py for tasks to queue
[2023-06-05 23:20:47,493] {logging_mixin.py:115} INFO - [2023-06-05 23:20:47,493] {dagbag.py:507} INFO - Filling up the DagBag from /home/gui/Documentos/airflowalura/venv/lib/python3.9/site-packages/airflow/example_dags/example_time_delta_sensor_async.py
[2023-06-05 23:20:47,504] {processor.py:651} INFO - DAG(s) dict_keys(['example_time_delta_sensor_async']) retrieved from /home/gui/Documentos/airflowalura/venv/lib/python3.9/site-packages/airflow/example_dags/example_time_delta_sensor_async.py
[2023-06-05 23:20:47,545] {logging_mixin.py:115} INFO - [2023-06-05 23:20:47,545] {dag.py:2379} INFO - Sync 1 DAGs
[2023-06-05 23:20:47,575] {logging_mixin.py:115} INFO - [2023-06-05 23:20:47,575] {dag.py:2927} INFO - Setting next_dagrun for example_time_delta_sensor_async to None, run_after=None
[2023-06-05 23:20:47,613] {processor.py:161} INFO - Processing /home/gui/Documentos/airflowalura/venv/lib/python3.9/site-packages/airflow/example_dags/example_time_delta_sensor_async.py took 0.128 seconds
[2023-06-05 23:21:21,898] {processor.py:153} INFO - Started process (PID=45896) to work on /home/gui/Documentos/airflowalura/venv/lib/python3.9/site-packages/airflow/example_dags/example_time_delta_sensor_async.py
[2023-06-05 23:21:21,900] {processor.py:641} INFO - Processing file /home/gui/Documentos/airflowalura/venv/lib/python3.9/site-packages/airflow/example_dags/example_time_delta_sensor_async.py for tasks to queue
[2023-06-05 23:21:21,901] {logging_mixin.py:115} INFO - [2023-06-05 23:21:21,901] {dagbag.py:507} INFO - Filling up the DagBag from /home/gui/Documentos/airflowalura/venv/lib/python3.9/site-packages/airflow/example_dags/example_time_delta_sensor_async.py
[2023-06-05 23:21:21,913] {processor.py:651} INFO - DAG(s) dict_keys(['example_time_delta_sensor_async']) retrieved from /home/gui/Documentos/airflowalura/venv/lib/python3.9/site-packages/airflow/example_dags/example_time_delta_sensor_async.py
[2023-06-05 23:21:21,963] {logging_mixin.py:115} INFO - [2023-06-05 23:21:21,962] {dag.py:2379} INFO - Sync 1 DAGs
[2023-06-05 23:21:21,994] {logging_mixin.py:115} INFO - [2023-06-05 23:21:21,994] {dag.py:2927} INFO - Setting next_dagrun for example_time_delta_sensor_async to None, run_after=None
[2023-06-05 23:21:22,051] {processor.py:161} INFO - Processing /home/gui/Documentos/airflowalura/venv/lib/python3.9/site-packages/airflow/example_dags/example_time_delta_sensor_async.py took 0.161 seconds
[2023-06-05 23:21:52,221] {processor.py:153} INFO - Started process (PID=45933) to work on /home/gui/Documentos/airflowalura/venv/lib/python3.9/site-packages/airflow/example_dags/example_time_delta_sensor_async.py
[2023-06-05 23:21:52,222] {processor.py:641} INFO - Processing file /home/gui/Documentos/airflowalura/venv/lib/python3.9/site-packages/airflow/example_dags/example_time_delta_sensor_async.py for tasks to queue
[2023-06-05 23:21:52,223] {logging_mixin.py:115} INFO - [2023-06-05 23:21:52,223] {dagbag.py:507} INFO - Filling up the DagBag from /home/gui/Documentos/airflowalura/venv/lib/python3.9/site-packages/airflow/example_dags/example_time_delta_sensor_async.py
[2023-06-05 23:21:52,234] {processor.py:651} INFO - DAG(s) dict_keys(['example_time_delta_sensor_async']) retrieved from /home/gui/Documentos/airflowalura/venv/lib/python3.9/site-packages/airflow/example_dags/example_time_delta_sensor_async.py
[2023-06-05 23:21:52,285] {logging_mixin.py:115} INFO - [2023-06-05 23:21:52,285] {dag.py:2379} INFO - Sync 1 DAGs
[2023-06-05 23:21:52,317] {logging_mixin.py:115} INFO - [2023-06-05 23:21:52,317] {dag.py:2927} INFO - Setting next_dagrun for example_time_delta_sensor_async to None, run_after=None
[2023-06-05 23:21:52,344] {processor.py:161} INFO - Processing /home/gui/Documentos/airflowalura/venv/lib/python3.9/site-packages/airflow/example_dags/example_time_delta_sensor_async.py took 0.129 seconds
[2023-06-05 23:22:27,190] {processor.py:153} INFO - Started process (PID=45968) to work on /home/gui/Documentos/airflowalura/venv/lib/python3.9/site-packages/airflow/example_dags/example_time_delta_sensor_async.py
[2023-06-05 23:22:27,447] {processor.py:641} INFO - Processing file /home/gui/Documentos/airflowalura/venv/lib/python3.9/site-packages/airflow/example_dags/example_time_delta_sensor_async.py for tasks to queue
[2023-06-05 23:22:27,448] {logging_mixin.py:115} INFO - [2023-06-05 23:22:27,448] {dagbag.py:507} INFO - Filling up the DagBag from /home/gui/Documentos/airflowalura/venv/lib/python3.9/site-packages/airflow/example_dags/example_time_delta_sensor_async.py
[2023-06-05 23:22:27,460] {processor.py:651} INFO - DAG(s) dict_keys(['example_time_delta_sensor_async']) retrieved from /home/gui/Documentos/airflowalura/venv/lib/python3.9/site-packages/airflow/example_dags/example_time_delta_sensor_async.py
[2023-06-05 23:22:27,509] {logging_mixin.py:115} INFO - [2023-06-05 23:22:27,509] {dag.py:2379} INFO - Sync 1 DAGs
[2023-06-05 23:22:27,545] {logging_mixin.py:115} INFO - [2023-06-05 23:22:27,545] {dag.py:2927} INFO - Setting next_dagrun for example_time_delta_sensor_async to None, run_after=None
[2023-06-05 23:22:28,037] {processor.py:161} INFO - Processing /home/gui/Documentos/airflowalura/venv/lib/python3.9/site-packages/airflow/example_dags/example_time_delta_sensor_async.py took 0.853 seconds
[2023-06-05 23:23:09,625] {processor.py:153} INFO - Started process (PID=46018) to work on /home/gui/Documentos/airflowalura/venv/lib/python3.9/site-packages/airflow/example_dags/example_time_delta_sensor_async.py
[2023-06-05 23:23:09,626] {processor.py:641} INFO - Processing file /home/gui/Documentos/airflowalura/venv/lib/python3.9/site-packages/airflow/example_dags/example_time_delta_sensor_async.py for tasks to queue
[2023-06-05 23:23:09,627] {logging_mixin.py:115} INFO - [2023-06-05 23:23:09,627] {dagbag.py:507} INFO - Filling up the DagBag from /home/gui/Documentos/airflowalura/venv/lib/python3.9/site-packages/airflow/example_dags/example_time_delta_sensor_async.py
[2023-06-05 23:23:09,638] {processor.py:651} INFO - DAG(s) dict_keys(['example_time_delta_sensor_async']) retrieved from /home/gui/Documentos/airflowalura/venv/lib/python3.9/site-packages/airflow/example_dags/example_time_delta_sensor_async.py
[2023-06-05 23:23:09,687] {logging_mixin.py:115} INFO - [2023-06-05 23:23:09,687] {dag.py:2379} INFO - Sync 1 DAGs
[2023-06-05 23:23:09,728] {logging_mixin.py:115} INFO - [2023-06-05 23:23:09,728] {dag.py:2927} INFO - Setting next_dagrun for example_time_delta_sensor_async to None, run_after=None
[2023-06-05 23:23:09,816] {processor.py:161} INFO - Processing /home/gui/Documentos/airflowalura/venv/lib/python3.9/site-packages/airflow/example_dags/example_time_delta_sensor_async.py took 0.198 seconds
[2023-06-05 23:23:47,522] {processor.py:153} INFO - Started process (PID=46060) to work on /home/gui/Documentos/airflowalura/venv/lib/python3.9/site-packages/airflow/example_dags/example_time_delta_sensor_async.py
[2023-06-05 23:23:47,523] {processor.py:641} INFO - Processing file /home/gui/Documentos/airflowalura/venv/lib/python3.9/site-packages/airflow/example_dags/example_time_delta_sensor_async.py for tasks to queue
[2023-06-05 23:23:47,523] {logging_mixin.py:115} INFO - [2023-06-05 23:23:47,523] {dagbag.py:507} INFO - Filling up the DagBag from /home/gui/Documentos/airflowalura/venv/lib/python3.9/site-packages/airflow/example_dags/example_time_delta_sensor_async.py
[2023-06-05 23:23:47,533] {processor.py:651} INFO - DAG(s) dict_keys(['example_time_delta_sensor_async']) retrieved from /home/gui/Documentos/airflowalura/venv/lib/python3.9/site-packages/airflow/example_dags/example_time_delta_sensor_async.py
[2023-06-05 23:23:47,580] {logging_mixin.py:115} INFO - [2023-06-05 23:23:47,580] {dag.py:2379} INFO - Sync 1 DAGs
[2023-06-05 23:23:47,610] {logging_mixin.py:115} INFO - [2023-06-05 23:23:47,610] {dag.py:2927} INFO - Setting next_dagrun for example_time_delta_sensor_async to None, run_after=None
[2023-06-05 23:23:47,628] {processor.py:161} INFO - Processing /home/gui/Documentos/airflowalura/venv/lib/python3.9/site-packages/airflow/example_dags/example_time_delta_sensor_async.py took 0.113 seconds
[2023-06-05 23:24:20,112] {processor.py:153} INFO - Started process (PID=46094) to work on /home/gui/Documentos/airflowalura/venv/lib/python3.9/site-packages/airflow/example_dags/example_time_delta_sensor_async.py
[2023-06-05 23:24:20,113] {processor.py:641} INFO - Processing file /home/gui/Documentos/airflowalura/venv/lib/python3.9/site-packages/airflow/example_dags/example_time_delta_sensor_async.py for tasks to queue
[2023-06-05 23:24:20,114] {logging_mixin.py:115} INFO - [2023-06-05 23:24:20,114] {dagbag.py:507} INFO - Filling up the DagBag from /home/gui/Documentos/airflowalura/venv/lib/python3.9/site-packages/airflow/example_dags/example_time_delta_sensor_async.py
[2023-06-05 23:24:20,125] {processor.py:651} INFO - DAG(s) dict_keys(['example_time_delta_sensor_async']) retrieved from /home/gui/Documentos/airflowalura/venv/lib/python3.9/site-packages/airflow/example_dags/example_time_delta_sensor_async.py
[2023-06-05 23:24:20,172] {logging_mixin.py:115} INFO - [2023-06-05 23:24:20,172] {dag.py:2379} INFO - Sync 1 DAGs
[2023-06-05 23:24:20,207] {logging_mixin.py:115} INFO - [2023-06-05 23:24:20,206] {dag.py:2927} INFO - Setting next_dagrun for example_time_delta_sensor_async to None, run_after=None
[2023-06-05 23:24:20,254] {processor.py:161} INFO - Processing /home/gui/Documentos/airflowalura/venv/lib/python3.9/site-packages/airflow/example_dags/example_time_delta_sensor_async.py took 0.148 seconds
[2023-06-05 23:24:52,397] {processor.py:153} INFO - Started process (PID=46129) to work on /home/gui/Documentos/airflowalura/venv/lib/python3.9/site-packages/airflow/example_dags/example_time_delta_sensor_async.py
[2023-06-05 23:24:52,398] {processor.py:641} INFO - Processing file /home/gui/Documentos/airflowalura/venv/lib/python3.9/site-packages/airflow/example_dags/example_time_delta_sensor_async.py for tasks to queue
[2023-06-05 23:24:52,399] {logging_mixin.py:115} INFO - [2023-06-05 23:24:52,399] {dagbag.py:507} INFO - Filling up the DagBag from /home/gui/Documentos/airflowalura/venv/lib/python3.9/site-packages/airflow/example_dags/example_time_delta_sensor_async.py
[2023-06-05 23:24:52,410] {processor.py:651} INFO - DAG(s) dict_keys(['example_time_delta_sensor_async']) retrieved from /home/gui/Documentos/airflowalura/venv/lib/python3.9/site-packages/airflow/example_dags/example_time_delta_sensor_async.py
[2023-06-05 23:24:52,460] {logging_mixin.py:115} INFO - [2023-06-05 23:24:52,460] {dag.py:2379} INFO - Sync 1 DAGs
[2023-06-05 23:24:52,493] {logging_mixin.py:115} INFO - [2023-06-05 23:24:52,493] {dag.py:2927} INFO - Setting next_dagrun for example_time_delta_sensor_async to None, run_after=None
[2023-06-05 23:24:52,516] {processor.py:161} INFO - Processing /home/gui/Documentos/airflowalura/venv/lib/python3.9/site-packages/airflow/example_dags/example_time_delta_sensor_async.py took 0.125 seconds
[2023-06-05 23:25:23,819] {processor.py:153} INFO - Started process (PID=46161) to work on /home/gui/Documentos/airflowalura/venv/lib/python3.9/site-packages/airflow/example_dags/example_time_delta_sensor_async.py
[2023-06-05 23:25:23,828] {processor.py:641} INFO - Processing file /home/gui/Documentos/airflowalura/venv/lib/python3.9/site-packages/airflow/example_dags/example_time_delta_sensor_async.py for tasks to queue
[2023-06-05 23:25:23,830] {logging_mixin.py:115} INFO - [2023-06-05 23:25:23,829] {dagbag.py:507} INFO - Filling up the DagBag from /home/gui/Documentos/airflowalura/venv/lib/python3.9/site-packages/airflow/example_dags/example_time_delta_sensor_async.py
[2023-06-05 23:25:23,842] {processor.py:651} INFO - DAG(s) dict_keys(['example_time_delta_sensor_async']) retrieved from /home/gui/Documentos/airflowalura/venv/lib/python3.9/site-packages/airflow/example_dags/example_time_delta_sensor_async.py
[2023-06-05 23:25:23,886] {logging_mixin.py:115} INFO - [2023-06-05 23:25:23,886] {dag.py:2379} INFO - Sync 1 DAGs
[2023-06-05 23:25:23,918] {logging_mixin.py:115} INFO - [2023-06-05 23:25:23,918] {dag.py:2927} INFO - Setting next_dagrun for example_time_delta_sensor_async to None, run_after=None
[2023-06-05 23:25:23,937] {processor.py:161} INFO - Processing /home/gui/Documentos/airflowalura/venv/lib/python3.9/site-packages/airflow/example_dags/example_time_delta_sensor_async.py took 0.126 seconds
[2023-06-05 23:26:01,212] {processor.py:153} INFO - Started process (PID=46225) to work on /home/gui/Documentos/airflowalura/venv/lib/python3.9/site-packages/airflow/example_dags/example_time_delta_sensor_async.py
[2023-06-05 23:26:01,213] {processor.py:641} INFO - Processing file /home/gui/Documentos/airflowalura/venv/lib/python3.9/site-packages/airflow/example_dags/example_time_delta_sensor_async.py for tasks to queue
[2023-06-05 23:26:01,215] {logging_mixin.py:115} INFO - [2023-06-05 23:26:01,214] {dagbag.py:507} INFO - Filling up the DagBag from /home/gui/Documentos/airflowalura/venv/lib/python3.9/site-packages/airflow/example_dags/example_time_delta_sensor_async.py
[2023-06-05 23:26:01,226] {processor.py:651} INFO - DAG(s) dict_keys(['example_time_delta_sensor_async']) retrieved from /home/gui/Documentos/airflowalura/venv/lib/python3.9/site-packages/airflow/example_dags/example_time_delta_sensor_async.py
[2023-06-05 23:26:01,274] {logging_mixin.py:115} INFO - [2023-06-05 23:26:01,273] {dag.py:2379} INFO - Sync 1 DAGs
[2023-06-05 23:26:01,307] {logging_mixin.py:115} INFO - [2023-06-05 23:26:01,307] {dag.py:2927} INFO - Setting next_dagrun for example_time_delta_sensor_async to None, run_after=None
[2023-06-05 23:26:01,329] {processor.py:161} INFO - Processing /home/gui/Documentos/airflowalura/venv/lib/python3.9/site-packages/airflow/example_dags/example_time_delta_sensor_async.py took 0.124 seconds
[2023-06-05 23:30:47,072] {processor.py:153} INFO - Started process (PID=46691) to work on /home/gui/Documentos/airflowalura/venv/lib/python3.9/site-packages/airflow/example_dags/example_time_delta_sensor_async.py
[2023-06-05 23:30:47,091] {processor.py:641} INFO - Processing file /home/gui/Documentos/airflowalura/venv/lib/python3.9/site-packages/airflow/example_dags/example_time_delta_sensor_async.py for tasks to queue
[2023-06-05 23:30:47,092] {logging_mixin.py:115} INFO - [2023-06-05 23:30:47,092] {dagbag.py:507} INFO - Filling up the DagBag from /home/gui/Documentos/airflowalura/venv/lib/python3.9/site-packages/airflow/example_dags/example_time_delta_sensor_async.py
[2023-06-05 23:30:47,125] {processor.py:651} INFO - DAG(s) dict_keys(['example_time_delta_sensor_async']) retrieved from /home/gui/Documentos/airflowalura/venv/lib/python3.9/site-packages/airflow/example_dags/example_time_delta_sensor_async.py
[2023-06-05 23:30:47,185] {logging_mixin.py:115} INFO - [2023-06-05 23:30:47,185] {dag.py:2379} INFO - Sync 1 DAGs
[2023-06-05 23:30:47,234] {logging_mixin.py:115} INFO - [2023-06-05 23:30:47,234] {dag.py:2927} INFO - Setting next_dagrun for example_time_delta_sensor_async to None, run_after=None
[2023-06-05 23:30:47,260] {processor.py:161} INFO - Processing /home/gui/Documentos/airflowalura/venv/lib/python3.9/site-packages/airflow/example_dags/example_time_delta_sensor_async.py took 0.206 seconds
[2023-06-05 23:31:44,268] {processor.py:153} INFO - Started process (PID=46890) to work on /home/gui/Documentos/airflowalura/venv/lib/python3.9/site-packages/airflow/example_dags/example_time_delta_sensor_async.py
[2023-06-05 23:31:44,295] {processor.py:641} INFO - Processing file /home/gui/Documentos/airflowalura/venv/lib/python3.9/site-packages/airflow/example_dags/example_time_delta_sensor_async.py for tasks to queue
[2023-06-05 23:31:44,297] {logging_mixin.py:115} INFO - [2023-06-05 23:31:44,296] {dagbag.py:507} INFO - Filling up the DagBag from /home/gui/Documentos/airflowalura/venv/lib/python3.9/site-packages/airflow/example_dags/example_time_delta_sensor_async.py
[2023-06-05 23:31:44,342] {processor.py:651} INFO - DAG(s) dict_keys(['example_time_delta_sensor_async']) retrieved from /home/gui/Documentos/airflowalura/venv/lib/python3.9/site-packages/airflow/example_dags/example_time_delta_sensor_async.py
[2023-06-05 23:31:44,451] {logging_mixin.py:115} INFO - [2023-06-05 23:31:44,451] {dag.py:2379} INFO - Sync 1 DAGs
[2023-06-05 23:31:44,495] {logging_mixin.py:115} INFO - [2023-06-05 23:31:44,495] {dag.py:2927} INFO - Setting next_dagrun for example_time_delta_sensor_async to None, run_after=None
[2023-06-05 23:31:44,544] {processor.py:161} INFO - Processing /home/gui/Documentos/airflowalura/venv/lib/python3.9/site-packages/airflow/example_dags/example_time_delta_sensor_async.py took 0.293 seconds
[2023-06-05 23:32:30,194] {processor.py:153} INFO - Started process (PID=47490) to work on /home/gui/Documentos/airflowalura/venv/lib/python3.9/site-packages/airflow/example_dags/example_time_delta_sensor_async.py
[2023-06-05 23:32:30,200] {processor.py:641} INFO - Processing file /home/gui/Documentos/airflowalura/venv/lib/python3.9/site-packages/airflow/example_dags/example_time_delta_sensor_async.py for tasks to queue
[2023-06-05 23:32:30,201] {logging_mixin.py:115} INFO - [2023-06-05 23:32:30,201] {dagbag.py:507} INFO - Filling up the DagBag from /home/gui/Documentos/airflowalura/venv/lib/python3.9/site-packages/airflow/example_dags/example_time_delta_sensor_async.py
[2023-06-05 23:32:30,219] {processor.py:651} INFO - DAG(s) dict_keys(['example_time_delta_sensor_async']) retrieved from /home/gui/Documentos/airflowalura/venv/lib/python3.9/site-packages/airflow/example_dags/example_time_delta_sensor_async.py
[2023-06-05 23:32:30,283] {logging_mixin.py:115} INFO - [2023-06-05 23:32:30,283] {dag.py:2379} INFO - Sync 1 DAGs
[2023-06-05 23:32:30,333] {logging_mixin.py:115} INFO - [2023-06-05 23:32:30,333] {dag.py:2927} INFO - Setting next_dagrun for example_time_delta_sensor_async to None, run_after=None
[2023-06-05 23:32:30,796] {processor.py:161} INFO - Processing /home/gui/Documentos/airflowalura/venv/lib/python3.9/site-packages/airflow/example_dags/example_time_delta_sensor_async.py took 0.608 seconds
[2023-06-05 23:33:04,534] {processor.py:153} INFO - Started process (PID=48002) to work on /home/gui/Documentos/airflowalura/venv/lib/python3.9/site-packages/airflow/example_dags/example_time_delta_sensor_async.py
[2023-06-05 23:33:04,539] {processor.py:641} INFO - Processing file /home/gui/Documentos/airflowalura/venv/lib/python3.9/site-packages/airflow/example_dags/example_time_delta_sensor_async.py for tasks to queue
[2023-06-05 23:33:04,540] {logging_mixin.py:115} INFO - [2023-06-05 23:33:04,540] {dagbag.py:507} INFO - Filling up the DagBag from /home/gui/Documentos/airflowalura/venv/lib/python3.9/site-packages/airflow/example_dags/example_time_delta_sensor_async.py
[2023-06-05 23:33:04,562] {processor.py:651} INFO - DAG(s) dict_keys(['example_time_delta_sensor_async']) retrieved from /home/gui/Documentos/airflowalura/venv/lib/python3.9/site-packages/airflow/example_dags/example_time_delta_sensor_async.py
[2023-06-05 23:33:04,638] {logging_mixin.py:115} INFO - [2023-06-05 23:33:04,638] {dag.py:2379} INFO - Sync 1 DAGs
[2023-06-05 23:33:04,688] {logging_mixin.py:115} INFO - [2023-06-05 23:33:04,687] {dag.py:2927} INFO - Setting next_dagrun for example_time_delta_sensor_async to None, run_after=None
[2023-06-05 23:33:04,748] {processor.py:161} INFO - Processing /home/gui/Documentos/airflowalura/venv/lib/python3.9/site-packages/airflow/example_dags/example_time_delta_sensor_async.py took 0.232 seconds
[2023-06-05 23:33:44,483] {processor.py:153} INFO - Started process (PID=48614) to work on /home/gui/Documentos/airflowalura/venv/lib/python3.9/site-packages/airflow/example_dags/example_time_delta_sensor_async.py
[2023-06-05 23:33:44,486] {processor.py:641} INFO - Processing file /home/gui/Documentos/airflowalura/venv/lib/python3.9/site-packages/airflow/example_dags/example_time_delta_sensor_async.py for tasks to queue
[2023-06-05 23:33:44,487] {logging_mixin.py:115} INFO - [2023-06-05 23:33:44,487] {dagbag.py:507} INFO - Filling up the DagBag from /home/gui/Documentos/airflowalura/venv/lib/python3.9/site-packages/airflow/example_dags/example_time_delta_sensor_async.py
[2023-06-05 23:33:44,504] {processor.py:651} INFO - DAG(s) dict_keys(['example_time_delta_sensor_async']) retrieved from /home/gui/Documentos/airflowalura/venv/lib/python3.9/site-packages/airflow/example_dags/example_time_delta_sensor_async.py
[2023-06-05 23:33:44,561] {logging_mixin.py:115} INFO - [2023-06-05 23:33:44,561] {dag.py:2379} INFO - Sync 1 DAGs
[2023-06-05 23:33:44,609] {logging_mixin.py:115} INFO - [2023-06-05 23:33:44,609] {dag.py:2927} INFO - Setting next_dagrun for example_time_delta_sensor_async to None, run_after=None
[2023-06-05 23:33:44,649] {processor.py:161} INFO - Processing /home/gui/Documentos/airflowalura/venv/lib/python3.9/site-packages/airflow/example_dags/example_time_delta_sensor_async.py took 0.178 seconds
[2023-06-05 23:34:22,203] {processor.py:153} INFO - Started process (PID=49265) to work on /home/gui/Documentos/airflowalura/venv/lib/python3.9/site-packages/airflow/example_dags/example_time_delta_sensor_async.py
[2023-06-05 23:34:22,216] {processor.py:641} INFO - Processing file /home/gui/Documentos/airflowalura/venv/lib/python3.9/site-packages/airflow/example_dags/example_time_delta_sensor_async.py for tasks to queue
[2023-06-05 23:34:22,217] {logging_mixin.py:115} INFO - [2023-06-05 23:34:22,217] {dagbag.py:507} INFO - Filling up the DagBag from /home/gui/Documentos/airflowalura/venv/lib/python3.9/site-packages/airflow/example_dags/example_time_delta_sensor_async.py
[2023-06-05 23:34:22,247] {processor.py:651} INFO - DAG(s) dict_keys(['example_time_delta_sensor_async']) retrieved from /home/gui/Documentos/airflowalura/venv/lib/python3.9/site-packages/airflow/example_dags/example_time_delta_sensor_async.py
[2023-06-05 23:34:22,348] {logging_mixin.py:115} INFO - [2023-06-05 23:34:22,348] {dag.py:2379} INFO - Sync 1 DAGs
[2023-06-05 23:34:22,425] {logging_mixin.py:115} INFO - [2023-06-05 23:34:22,425] {dag.py:2927} INFO - Setting next_dagrun for example_time_delta_sensor_async to None, run_after=None
[2023-06-05 23:34:22,482] {processor.py:161} INFO - Processing /home/gui/Documentos/airflowalura/venv/lib/python3.9/site-packages/airflow/example_dags/example_time_delta_sensor_async.py took 0.301 seconds
[2023-06-05 23:35:02,829] {processor.py:153} INFO - Started process (PID=49523) to work on /home/gui/Documentos/airflowalura/venv/lib/python3.9/site-packages/airflow/example_dags/example_time_delta_sensor_async.py
[2023-06-05 23:35:02,830] {processor.py:641} INFO - Processing file /home/gui/Documentos/airflowalura/venv/lib/python3.9/site-packages/airflow/example_dags/example_time_delta_sensor_async.py for tasks to queue
[2023-06-05 23:35:02,831] {logging_mixin.py:115} INFO - [2023-06-05 23:35:02,831] {dagbag.py:507} INFO - Filling up the DagBag from /home/gui/Documentos/airflowalura/venv/lib/python3.9/site-packages/airflow/example_dags/example_time_delta_sensor_async.py
[2023-06-05 23:35:02,851] {processor.py:651} INFO - DAG(s) dict_keys(['example_time_delta_sensor_async']) retrieved from /home/gui/Documentos/airflowalura/venv/lib/python3.9/site-packages/airflow/example_dags/example_time_delta_sensor_async.py
[2023-06-05 23:35:02,908] {logging_mixin.py:115} INFO - [2023-06-05 23:35:02,908] {dag.py:2379} INFO - Sync 1 DAGs
[2023-06-05 23:35:02,941] {logging_mixin.py:115} INFO - [2023-06-05 23:35:02,941] {dag.py:2927} INFO - Setting next_dagrun for example_time_delta_sensor_async to None, run_after=None
[2023-06-05 23:35:03,036] {processor.py:161} INFO - Processing /home/gui/Documentos/airflowalura/venv/lib/python3.9/site-packages/airflow/example_dags/example_time_delta_sensor_async.py took 0.218 seconds
[2023-06-05 23:35:39,824] {processor.py:153} INFO - Started process (PID=49584) to work on /home/gui/Documentos/airflowalura/venv/lib/python3.9/site-packages/airflow/example_dags/example_time_delta_sensor_async.py
[2023-06-05 23:35:39,825] {processor.py:641} INFO - Processing file /home/gui/Documentos/airflowalura/venv/lib/python3.9/site-packages/airflow/example_dags/example_time_delta_sensor_async.py for tasks to queue
[2023-06-05 23:35:39,827] {logging_mixin.py:115} INFO - [2023-06-05 23:35:39,827] {dagbag.py:507} INFO - Filling up the DagBag from /home/gui/Documentos/airflowalura/venv/lib/python3.9/site-packages/airflow/example_dags/example_time_delta_sensor_async.py
[2023-06-05 23:35:39,844] {processor.py:651} INFO - DAG(s) dict_keys(['example_time_delta_sensor_async']) retrieved from /home/gui/Documentos/airflowalura/venv/lib/python3.9/site-packages/airflow/example_dags/example_time_delta_sensor_async.py
[2023-06-05 23:35:39,905] {logging_mixin.py:115} INFO - [2023-06-05 23:35:39,905] {dag.py:2379} INFO - Sync 1 DAGs
[2023-06-05 23:35:39,949] {logging_mixin.py:115} INFO - [2023-06-05 23:35:39,949] {dag.py:2927} INFO - Setting next_dagrun for example_time_delta_sensor_async to None, run_after=None
[2023-06-05 23:35:39,988] {processor.py:161} INFO - Processing /home/gui/Documentos/airflowalura/venv/lib/python3.9/site-packages/airflow/example_dags/example_time_delta_sensor_async.py took 0.175 seconds
[2023-06-05 23:36:11,939] {processor.py:153} INFO - Started process (PID=49625) to work on /home/gui/Documentos/airflowalura/venv/lib/python3.9/site-packages/airflow/example_dags/example_time_delta_sensor_async.py
[2023-06-05 23:36:11,940] {processor.py:641} INFO - Processing file /home/gui/Documentos/airflowalura/venv/lib/python3.9/site-packages/airflow/example_dags/example_time_delta_sensor_async.py for tasks to queue
[2023-06-05 23:36:11,941] {logging_mixin.py:115} INFO - [2023-06-05 23:36:11,941] {dagbag.py:507} INFO - Filling up the DagBag from /home/gui/Documentos/airflowalura/venv/lib/python3.9/site-packages/airflow/example_dags/example_time_delta_sensor_async.py
[2023-06-05 23:36:11,962] {processor.py:651} INFO - DAG(s) dict_keys(['example_time_delta_sensor_async']) retrieved from /home/gui/Documentos/airflowalura/venv/lib/python3.9/site-packages/airflow/example_dags/example_time_delta_sensor_async.py
[2023-06-05 23:36:12,033] {logging_mixin.py:115} INFO - [2023-06-05 23:36:12,033] {dag.py:2379} INFO - Sync 1 DAGs
[2023-06-05 23:36:12,073] {logging_mixin.py:115} INFO - [2023-06-05 23:36:12,073] {dag.py:2927} INFO - Setting next_dagrun for example_time_delta_sensor_async to None, run_after=None
[2023-06-05 23:36:12,117] {processor.py:161} INFO - Processing /home/gui/Documentos/airflowalura/venv/lib/python3.9/site-packages/airflow/example_dags/example_time_delta_sensor_async.py took 0.187 seconds
[2023-06-05 23:36:48,530] {processor.py:153} INFO - Started process (PID=49702) to work on /home/gui/Documentos/airflowalura/venv/lib/python3.9/site-packages/airflow/example_dags/example_time_delta_sensor_async.py
[2023-06-05 23:36:48,545] {processor.py:641} INFO - Processing file /home/gui/Documentos/airflowalura/venv/lib/python3.9/site-packages/airflow/example_dags/example_time_delta_sensor_async.py for tasks to queue
[2023-06-05 23:36:48,547] {logging_mixin.py:115} INFO - [2023-06-05 23:36:48,546] {dagbag.py:507} INFO - Filling up the DagBag from /home/gui/Documentos/airflowalura/venv/lib/python3.9/site-packages/airflow/example_dags/example_time_delta_sensor_async.py
[2023-06-05 23:36:48,563] {processor.py:651} INFO - DAG(s) dict_keys(['example_time_delta_sensor_async']) retrieved from /home/gui/Documentos/airflowalura/venv/lib/python3.9/site-packages/airflow/example_dags/example_time_delta_sensor_async.py
[2023-06-05 23:36:48,617] {logging_mixin.py:115} INFO - [2023-06-05 23:36:48,617] {dag.py:2379} INFO - Sync 1 DAGs
[2023-06-05 23:36:48,657] {logging_mixin.py:115} INFO - [2023-06-05 23:36:48,657] {dag.py:2927} INFO - Setting next_dagrun for example_time_delta_sensor_async to None, run_after=None
[2023-06-05 23:36:48,702] {processor.py:161} INFO - Processing /home/gui/Documentos/airflowalura/venv/lib/python3.9/site-packages/airflow/example_dags/example_time_delta_sensor_async.py took 0.183 seconds
[2023-06-05 23:37:30,157] {processor.py:153} INFO - Started process (PID=49781) to work on /home/gui/Documentos/airflowalura/venv/lib/python3.9/site-packages/airflow/example_dags/example_time_delta_sensor_async.py
[2023-06-05 23:37:30,163] {processor.py:641} INFO - Processing file /home/gui/Documentos/airflowalura/venv/lib/python3.9/site-packages/airflow/example_dags/example_time_delta_sensor_async.py for tasks to queue
[2023-06-05 23:37:30,164] {logging_mixin.py:115} INFO - [2023-06-05 23:37:30,164] {dagbag.py:507} INFO - Filling up the DagBag from /home/gui/Documentos/airflowalura/venv/lib/python3.9/site-packages/airflow/example_dags/example_time_delta_sensor_async.py
[2023-06-05 23:37:30,181] {processor.py:651} INFO - DAG(s) dict_keys(['example_time_delta_sensor_async']) retrieved from /home/gui/Documentos/airflowalura/venv/lib/python3.9/site-packages/airflow/example_dags/example_time_delta_sensor_async.py
[2023-06-05 23:37:30,240] {logging_mixin.py:115} INFO - [2023-06-05 23:37:30,239] {dag.py:2379} INFO - Sync 1 DAGs
[2023-06-05 23:37:30,288] {logging_mixin.py:115} INFO - [2023-06-05 23:37:30,288] {dag.py:2927} INFO - Setting next_dagrun for example_time_delta_sensor_async to None, run_after=None
[2023-06-05 23:37:30,316] {processor.py:161} INFO - Processing /home/gui/Documentos/airflowalura/venv/lib/python3.9/site-packages/airflow/example_dags/example_time_delta_sensor_async.py took 0.168 seconds
[2023-06-05 23:38:11,068] {processor.py:153} INFO - Started process (PID=49901) to work on /home/gui/Documentos/airflowalura/venv/lib/python3.9/site-packages/airflow/example_dags/example_time_delta_sensor_async.py
[2023-06-05 23:38:11,069] {processor.py:641} INFO - Processing file /home/gui/Documentos/airflowalura/venv/lib/python3.9/site-packages/airflow/example_dags/example_time_delta_sensor_async.py for tasks to queue
[2023-06-05 23:38:11,070] {logging_mixin.py:115} INFO - [2023-06-05 23:38:11,070] {dagbag.py:507} INFO - Filling up the DagBag from /home/gui/Documentos/airflowalura/venv/lib/python3.9/site-packages/airflow/example_dags/example_time_delta_sensor_async.py
[2023-06-05 23:38:11,090] {processor.py:651} INFO - DAG(s) dict_keys(['example_time_delta_sensor_async']) retrieved from /home/gui/Documentos/airflowalura/venv/lib/python3.9/site-packages/airflow/example_dags/example_time_delta_sensor_async.py
[2023-06-05 23:38:11,133] {logging_mixin.py:115} INFO - [2023-06-05 23:38:11,133] {dag.py:2379} INFO - Sync 1 DAGs
[2023-06-05 23:38:11,161] {logging_mixin.py:115} INFO - [2023-06-05 23:38:11,160] {dag.py:2927} INFO - Setting next_dagrun for example_time_delta_sensor_async to None, run_after=None
[2023-06-05 23:38:11,487] {processor.py:161} INFO - Processing /home/gui/Documentos/airflowalura/venv/lib/python3.9/site-packages/airflow/example_dags/example_time_delta_sensor_async.py took 0.431 seconds
[2023-06-05 23:38:55,839] {processor.py:153} INFO - Started process (PID=49977) to work on /home/gui/Documentos/airflowalura/venv/lib/python3.9/site-packages/airflow/example_dags/example_time_delta_sensor_async.py
[2023-06-05 23:38:55,841] {processor.py:641} INFO - Processing file /home/gui/Documentos/airflowalura/venv/lib/python3.9/site-packages/airflow/example_dags/example_time_delta_sensor_async.py for tasks to queue
[2023-06-05 23:38:55,841] {logging_mixin.py:115} INFO - [2023-06-05 23:38:55,841] {dagbag.py:507} INFO - Filling up the DagBag from /home/gui/Documentos/airflowalura/venv/lib/python3.9/site-packages/airflow/example_dags/example_time_delta_sensor_async.py
[2023-06-05 23:38:55,860] {processor.py:651} INFO - DAG(s) dict_keys(['example_time_delta_sensor_async']) retrieved from /home/gui/Documentos/airflowalura/venv/lib/python3.9/site-packages/airflow/example_dags/example_time_delta_sensor_async.py
[2023-06-05 23:38:55,923] {logging_mixin.py:115} INFO - [2023-06-05 23:38:55,923] {dag.py:2379} INFO - Sync 1 DAGs
[2023-06-05 23:38:55,955] {logging_mixin.py:115} INFO - [2023-06-05 23:38:55,955] {dag.py:2927} INFO - Setting next_dagrun for example_time_delta_sensor_async to None, run_after=None
[2023-06-05 23:38:55,977] {processor.py:161} INFO - Processing /home/gui/Documentos/airflowalura/venv/lib/python3.9/site-packages/airflow/example_dags/example_time_delta_sensor_async.py took 0.151 seconds
[2023-06-05 23:39:29,381] {processor.py:153} INFO - Started process (PID=50036) to work on /home/gui/Documentos/airflowalura/venv/lib/python3.9/site-packages/airflow/example_dags/example_time_delta_sensor_async.py
[2023-06-05 23:39:29,383] {processor.py:641} INFO - Processing file /home/gui/Documentos/airflowalura/venv/lib/python3.9/site-packages/airflow/example_dags/example_time_delta_sensor_async.py for tasks to queue
[2023-06-05 23:39:29,383] {logging_mixin.py:115} INFO - [2023-06-05 23:39:29,383] {dagbag.py:507} INFO - Filling up the DagBag from /home/gui/Documentos/airflowalura/venv/lib/python3.9/site-packages/airflow/example_dags/example_time_delta_sensor_async.py
[2023-06-05 23:39:29,393] {processor.py:651} INFO - DAG(s) dict_keys(['example_time_delta_sensor_async']) retrieved from /home/gui/Documentos/airflowalura/venv/lib/python3.9/site-packages/airflow/example_dags/example_time_delta_sensor_async.py
[2023-06-05 23:39:29,479] {logging_mixin.py:115} INFO - [2023-06-05 23:39:29,478] {dag.py:2379} INFO - Sync 1 DAGs
[2023-06-05 23:39:29,508] {logging_mixin.py:115} INFO - [2023-06-05 23:39:29,508] {dag.py:2927} INFO - Setting next_dagrun for example_time_delta_sensor_async to None, run_after=None
[2023-06-05 23:39:29,570] {processor.py:161} INFO - Processing /home/gui/Documentos/airflowalura/venv/lib/python3.9/site-packages/airflow/example_dags/example_time_delta_sensor_async.py took 0.199 seconds
[2023-06-05 23:40:07,631] {processor.py:153} INFO - Started process (PID=50348) to work on /home/gui/Documentos/airflowalura/venv/lib/python3.9/site-packages/airflow/example_dags/example_time_delta_sensor_async.py
[2023-06-05 23:40:07,633] {processor.py:641} INFO - Processing file /home/gui/Documentos/airflowalura/venv/lib/python3.9/site-packages/airflow/example_dags/example_time_delta_sensor_async.py for tasks to queue
[2023-06-05 23:40:07,634] {logging_mixin.py:115} INFO - [2023-06-05 23:40:07,633] {dagbag.py:507} INFO - Filling up the DagBag from /home/gui/Documentos/airflowalura/venv/lib/python3.9/site-packages/airflow/example_dags/example_time_delta_sensor_async.py
[2023-06-05 23:40:07,652] {processor.py:651} INFO - DAG(s) dict_keys(['example_time_delta_sensor_async']) retrieved from /home/gui/Documentos/airflowalura/venv/lib/python3.9/site-packages/airflow/example_dags/example_time_delta_sensor_async.py
[2023-06-05 23:40:07,729] {logging_mixin.py:115} INFO - [2023-06-05 23:40:07,729] {dag.py:2379} INFO - Sync 1 DAGs
[2023-06-05 23:40:07,786] {logging_mixin.py:115} INFO - [2023-06-05 23:40:07,786] {dag.py:2927} INFO - Setting next_dagrun for example_time_delta_sensor_async to None, run_after=None
[2023-06-05 23:40:07,858] {processor.py:161} INFO - Processing /home/gui/Documentos/airflowalura/venv/lib/python3.9/site-packages/airflow/example_dags/example_time_delta_sensor_async.py took 0.242 seconds
[2023-06-05 23:40:42,351] {processor.py:153} INFO - Started process (PID=50418) to work on /home/gui/Documentos/airflowalura/venv/lib/python3.9/site-packages/airflow/example_dags/example_time_delta_sensor_async.py
[2023-06-05 23:40:42,355] {processor.py:641} INFO - Processing file /home/gui/Documentos/airflowalura/venv/lib/python3.9/site-packages/airflow/example_dags/example_time_delta_sensor_async.py for tasks to queue
[2023-06-05 23:40:42,356] {logging_mixin.py:115} INFO - [2023-06-05 23:40:42,356] {dagbag.py:507} INFO - Filling up the DagBag from /home/gui/Documentos/airflowalura/venv/lib/python3.9/site-packages/airflow/example_dags/example_time_delta_sensor_async.py
[2023-06-05 23:40:42,388] {processor.py:651} INFO - DAG(s) dict_keys(['example_time_delta_sensor_async']) retrieved from /home/gui/Documentos/airflowalura/venv/lib/python3.9/site-packages/airflow/example_dags/example_time_delta_sensor_async.py
[2023-06-05 23:40:42,496] {logging_mixin.py:115} INFO - [2023-06-05 23:40:42,496] {dag.py:2379} INFO - Sync 1 DAGs
[2023-06-05 23:40:42,586] {logging_mixin.py:115} INFO - [2023-06-05 23:40:42,586] {dag.py:2927} INFO - Setting next_dagrun for example_time_delta_sensor_async to None, run_after=None
[2023-06-05 23:40:42,621] {processor.py:161} INFO - Processing /home/gui/Documentos/airflowalura/venv/lib/python3.9/site-packages/airflow/example_dags/example_time_delta_sensor_async.py took 0.289 seconds
[2023-06-05 23:41:25,740] {processor.py:153} INFO - Started process (PID=50722) to work on /home/gui/Documentos/airflowalura/venv/lib/python3.9/site-packages/airflow/example_dags/example_time_delta_sensor_async.py
[2023-06-05 23:41:25,748] {processor.py:641} INFO - Processing file /home/gui/Documentos/airflowalura/venv/lib/python3.9/site-packages/airflow/example_dags/example_time_delta_sensor_async.py for tasks to queue
[2023-06-05 23:41:25,748] {logging_mixin.py:115} INFO - [2023-06-05 23:41:25,748] {dagbag.py:507} INFO - Filling up the DagBag from /home/gui/Documentos/airflowalura/venv/lib/python3.9/site-packages/airflow/example_dags/example_time_delta_sensor_async.py
[2023-06-05 23:41:25,758] {processor.py:651} INFO - DAG(s) dict_keys(['example_time_delta_sensor_async']) retrieved from /home/gui/Documentos/airflowalura/venv/lib/python3.9/site-packages/airflow/example_dags/example_time_delta_sensor_async.py
[2023-06-05 23:41:25,801] {logging_mixin.py:115} INFO - [2023-06-05 23:41:25,800] {dag.py:2379} INFO - Sync 1 DAGs
[2023-06-05 23:41:25,832] {logging_mixin.py:115} INFO - [2023-06-05 23:41:25,832] {dag.py:2927} INFO - Setting next_dagrun for example_time_delta_sensor_async to None, run_after=None
[2023-06-05 23:41:25,876] {processor.py:161} INFO - Processing /home/gui/Documentos/airflowalura/venv/lib/python3.9/site-packages/airflow/example_dags/example_time_delta_sensor_async.py took 0.142 seconds
[2023-06-05 23:41:58,586] {processor.py:153} INFO - Started process (PID=50787) to work on /home/gui/Documentos/airflowalura/venv/lib/python3.9/site-packages/airflow/example_dags/example_time_delta_sensor_async.py
[2023-06-05 23:41:58,588] {processor.py:641} INFO - Processing file /home/gui/Documentos/airflowalura/venv/lib/python3.9/site-packages/airflow/example_dags/example_time_delta_sensor_async.py for tasks to queue
[2023-06-05 23:41:58,589] {logging_mixin.py:115} INFO - [2023-06-05 23:41:58,588] {dagbag.py:507} INFO - Filling up the DagBag from /home/gui/Documentos/airflowalura/venv/lib/python3.9/site-packages/airflow/example_dags/example_time_delta_sensor_async.py
[2023-06-05 23:41:58,607] {processor.py:651} INFO - DAG(s) dict_keys(['example_time_delta_sensor_async']) retrieved from /home/gui/Documentos/airflowalura/venv/lib/python3.9/site-packages/airflow/example_dags/example_time_delta_sensor_async.py
[2023-06-05 23:41:58,668] {logging_mixin.py:115} INFO - [2023-06-05 23:41:58,668] {dag.py:2379} INFO - Sync 1 DAGs
[2023-06-05 23:41:58,707] {logging_mixin.py:115} INFO - [2023-06-05 23:41:58,707] {dag.py:2927} INFO - Setting next_dagrun for example_time_delta_sensor_async to None, run_after=None
[2023-06-05 23:41:58,756] {processor.py:161} INFO - Processing /home/gui/Documentos/airflowalura/venv/lib/python3.9/site-packages/airflow/example_dags/example_time_delta_sensor_async.py took 0.182 seconds
