[2023-06-05 23:05:37,362] {processor.py:153} INFO - Started process (PID=44978) to work on /home/gui/Documentos/airflowalura/venv/lib/python3.9/site-packages/airflow/example_dags/example_branch_day_of_week_operator.py
[2023-06-05 23:05:37,363] {processor.py:641} INFO - Processing file /home/gui/Documentos/airflowalura/venv/lib/python3.9/site-packages/airflow/example_dags/example_branch_day_of_week_operator.py for tasks to queue
[2023-06-05 23:05:37,363] {logging_mixin.py:115} INFO - [2023-06-05 23:05:37,363] {dagbag.py:507} INFO - Filling up the DagBag from /home/gui/Documentos/airflowalura/venv/lib/python3.9/site-packages/airflow/example_dags/example_branch_day_of_week_operator.py
[2023-06-05 23:05:37,377] {processor.py:651} INFO - DAG(s) dict_keys(['example_weekday_branch_operator']) retrieved from /home/gui/Documentos/airflowalura/venv/lib/python3.9/site-packages/airflow/example_dags/example_branch_day_of_week_operator.py
[2023-06-05 23:05:37,483] {logging_mixin.py:115} INFO - [2023-06-05 23:05:37,483] {manager.py:508} INFO - Created Permission View: can edit on DAG:example_weekday_branch_operator
[2023-06-05 23:05:37,537] {logging_mixin.py:115} INFO - [2023-06-05 23:05:37,537] {manager.py:508} INFO - Created Permission View: can delete on DAG:example_weekday_branch_operator
[2023-06-05 23:05:37,597] {logging_mixin.py:115} INFO - [2023-06-05 23:05:37,597] {manager.py:508} INFO - Created Permission View: can read on DAG:example_weekday_branch_operator
[2023-06-05 23:05:37,597] {logging_mixin.py:115} INFO - [2023-06-05 23:05:37,597] {dag.py:2379} INFO - Sync 1 DAGs
[2023-06-05 23:05:37,612] {logging_mixin.py:115} INFO - [2023-06-05 23:05:37,612] {dag.py:2398} INFO - Creating ORM DAG for example_weekday_branch_operator
[2023-06-05 23:05:37,627] {logging_mixin.py:115} INFO - [2023-06-05 23:05:37,627] {dag.py:2927} INFO - Setting next_dagrun for example_weekday_branch_operator to 2023-06-05T00:00:00+00:00, run_after=2023-06-06T00:00:00+00:00
[2023-06-05 23:05:37,647] {processor.py:161} INFO - Processing /home/gui/Documentos/airflowalura/venv/lib/python3.9/site-packages/airflow/example_dags/example_branch_day_of_week_operator.py took 0.291 seconds
[2023-06-05 23:06:15,919] {processor.py:153} INFO - Started process (PID=45015) to work on /home/gui/Documentos/airflowalura/venv/lib/python3.9/site-packages/airflow/example_dags/example_branch_day_of_week_operator.py
[2023-06-05 23:06:15,921] {processor.py:641} INFO - Processing file /home/gui/Documentos/airflowalura/venv/lib/python3.9/site-packages/airflow/example_dags/example_branch_day_of_week_operator.py for tasks to queue
[2023-06-05 23:06:15,921] {logging_mixin.py:115} INFO - [2023-06-05 23:06:15,921] {dagbag.py:507} INFO - Filling up the DagBag from /home/gui/Documentos/airflowalura/venv/lib/python3.9/site-packages/airflow/example_dags/example_branch_day_of_week_operator.py
[2023-06-05 23:06:15,936] {processor.py:651} INFO - DAG(s) dict_keys(['example_weekday_branch_operator']) retrieved from /home/gui/Documentos/airflowalura/venv/lib/python3.9/site-packages/airflow/example_dags/example_branch_day_of_week_operator.py
[2023-06-05 23:06:15,963] {logging_mixin.py:115} INFO - [2023-06-05 23:06:15,963] {dag.py:2379} INFO - Sync 1 DAGs
[2023-06-05 23:06:15,992] {logging_mixin.py:115} INFO - [2023-06-05 23:06:15,992] {dag.py:2927} INFO - Setting next_dagrun for example_weekday_branch_operator to 2023-06-05T00:00:00+00:00, run_after=2023-06-06T00:00:00+00:00
[2023-06-05 23:06:16,009] {processor.py:161} INFO - Processing /home/gui/Documentos/airflowalura/venv/lib/python3.9/site-packages/airflow/example_dags/example_branch_day_of_week_operator.py took 0.095 seconds
[2023-06-05 23:06:52,387] {processor.py:153} INFO - Started process (PID=45049) to work on /home/gui/Documentos/airflowalura/venv/lib/python3.9/site-packages/airflow/example_dags/example_branch_day_of_week_operator.py
[2023-06-05 23:06:52,389] {processor.py:641} INFO - Processing file /home/gui/Documentos/airflowalura/venv/lib/python3.9/site-packages/airflow/example_dags/example_branch_day_of_week_operator.py for tasks to queue
[2023-06-05 23:06:52,391] {logging_mixin.py:115} INFO - [2023-06-05 23:06:52,390] {dagbag.py:507} INFO - Filling up the DagBag from /home/gui/Documentos/airflowalura/venv/lib/python3.9/site-packages/airflow/example_dags/example_branch_day_of_week_operator.py
[2023-06-05 23:06:52,409] {processor.py:651} INFO - DAG(s) dict_keys(['example_weekday_branch_operator']) retrieved from /home/gui/Documentos/airflowalura/venv/lib/python3.9/site-packages/airflow/example_dags/example_branch_day_of_week_operator.py
[2023-06-05 23:06:52,438] {logging_mixin.py:115} INFO - [2023-06-05 23:06:52,437] {dag.py:2379} INFO - Sync 1 DAGs
[2023-06-05 23:06:52,466] {logging_mixin.py:115} INFO - [2023-06-05 23:06:52,466] {dag.py:2927} INFO - Setting next_dagrun for example_weekday_branch_operator to 2023-06-05T00:00:00+00:00, run_after=2023-06-06T00:00:00+00:00
[2023-06-05 23:06:52,603] {processor.py:161} INFO - Processing /home/gui/Documentos/airflowalura/venv/lib/python3.9/site-packages/airflow/example_dags/example_branch_day_of_week_operator.py took 0.225 seconds
[2023-06-05 23:07:32,028] {processor.py:153} INFO - Started process (PID=45104) to work on /home/gui/Documentos/airflowalura/venv/lib/python3.9/site-packages/airflow/example_dags/example_branch_day_of_week_operator.py
[2023-06-05 23:07:32,029] {processor.py:641} INFO - Processing file /home/gui/Documentos/airflowalura/venv/lib/python3.9/site-packages/airflow/example_dags/example_branch_day_of_week_operator.py for tasks to queue
[2023-06-05 23:07:32,030] {logging_mixin.py:115} INFO - [2023-06-05 23:07:32,030] {dagbag.py:507} INFO - Filling up the DagBag from /home/gui/Documentos/airflowalura/venv/lib/python3.9/site-packages/airflow/example_dags/example_branch_day_of_week_operator.py
[2023-06-05 23:07:32,045] {processor.py:651} INFO - DAG(s) dict_keys(['example_weekday_branch_operator']) retrieved from /home/gui/Documentos/airflowalura/venv/lib/python3.9/site-packages/airflow/example_dags/example_branch_day_of_week_operator.py
[2023-06-05 23:07:32,072] {logging_mixin.py:115} INFO - [2023-06-05 23:07:32,072] {dag.py:2379} INFO - Sync 1 DAGs
[2023-06-05 23:07:32,105] {logging_mixin.py:115} INFO - [2023-06-05 23:07:32,105] {dag.py:2927} INFO - Setting next_dagrun for example_weekday_branch_operator to 2023-06-05T00:00:00+00:00, run_after=2023-06-06T00:00:00+00:00
[2023-06-05 23:07:32,123] {processor.py:161} INFO - Processing /home/gui/Documentos/airflowalura/venv/lib/python3.9/site-packages/airflow/example_dags/example_branch_day_of_week_operator.py took 0.102 seconds
[2023-06-05 23:08:12,621] {processor.py:153} INFO - Started process (PID=45144) to work on /home/gui/Documentos/airflowalura/venv/lib/python3.9/site-packages/airflow/example_dags/example_branch_day_of_week_operator.py
[2023-06-05 23:08:12,622] {processor.py:641} INFO - Processing file /home/gui/Documentos/airflowalura/venv/lib/python3.9/site-packages/airflow/example_dags/example_branch_day_of_week_operator.py for tasks to queue
[2023-06-05 23:08:12,623] {logging_mixin.py:115} INFO - [2023-06-05 23:08:12,623] {dagbag.py:507} INFO - Filling up the DagBag from /home/gui/Documentos/airflowalura/venv/lib/python3.9/site-packages/airflow/example_dags/example_branch_day_of_week_operator.py
[2023-06-05 23:08:12,637] {processor.py:651} INFO - DAG(s) dict_keys(['example_weekday_branch_operator']) retrieved from /home/gui/Documentos/airflowalura/venv/lib/python3.9/site-packages/airflow/example_dags/example_branch_day_of_week_operator.py
[2023-06-05 23:08:12,666] {logging_mixin.py:115} INFO - [2023-06-05 23:08:12,666] {dag.py:2379} INFO - Sync 1 DAGs
[2023-06-05 23:08:12,696] {logging_mixin.py:115} INFO - [2023-06-05 23:08:12,696] {dag.py:2927} INFO - Setting next_dagrun for example_weekday_branch_operator to 2023-06-05T00:00:00+00:00, run_after=2023-06-06T00:00:00+00:00
[2023-06-05 23:08:12,724] {processor.py:161} INFO - Processing /home/gui/Documentos/airflowalura/venv/lib/python3.9/site-packages/airflow/example_dags/example_branch_day_of_week_operator.py took 0.110 seconds
[2023-06-05 23:08:50,711] {processor.py:153} INFO - Started process (PID=45181) to work on /home/gui/Documentos/airflowalura/venv/lib/python3.9/site-packages/airflow/example_dags/example_branch_day_of_week_operator.py
[2023-06-05 23:08:50,765] {processor.py:641} INFO - Processing file /home/gui/Documentos/airflowalura/venv/lib/python3.9/site-packages/airflow/example_dags/example_branch_day_of_week_operator.py for tasks to queue
[2023-06-05 23:08:50,767] {logging_mixin.py:115} INFO - [2023-06-05 23:08:50,766] {dagbag.py:507} INFO - Filling up the DagBag from /home/gui/Documentos/airflowalura/venv/lib/python3.9/site-packages/airflow/example_dags/example_branch_day_of_week_operator.py
[2023-06-05 23:08:50,783] {processor.py:651} INFO - DAG(s) dict_keys(['example_weekday_branch_operator']) retrieved from /home/gui/Documentos/airflowalura/venv/lib/python3.9/site-packages/airflow/example_dags/example_branch_day_of_week_operator.py
[2023-06-05 23:08:50,813] {logging_mixin.py:115} INFO - [2023-06-05 23:08:50,813] {dag.py:2379} INFO - Sync 1 DAGs
[2023-06-05 23:08:50,842] {logging_mixin.py:115} INFO - [2023-06-05 23:08:50,842] {dag.py:2927} INFO - Setting next_dagrun for example_weekday_branch_operator to 2023-06-05T00:00:00+00:00, run_after=2023-06-06T00:00:00+00:00
[2023-06-05 23:08:50,993] {processor.py:161} INFO - Processing /home/gui/Documentos/airflowalura/venv/lib/python3.9/site-packages/airflow/example_dags/example_branch_day_of_week_operator.py took 0.290 seconds
[2023-06-05 23:09:31,703] {processor.py:153} INFO - Started process (PID=45215) to work on /home/gui/Documentos/airflowalura/venv/lib/python3.9/site-packages/airflow/example_dags/example_branch_day_of_week_operator.py
[2023-06-05 23:09:31,704] {processor.py:641} INFO - Processing file /home/gui/Documentos/airflowalura/venv/lib/python3.9/site-packages/airflow/example_dags/example_branch_day_of_week_operator.py for tasks to queue
[2023-06-05 23:09:31,705] {logging_mixin.py:115} INFO - [2023-06-05 23:09:31,705] {dagbag.py:507} INFO - Filling up the DagBag from /home/gui/Documentos/airflowalura/venv/lib/python3.9/site-packages/airflow/example_dags/example_branch_day_of_week_operator.py
[2023-06-05 23:09:31,722] {processor.py:651} INFO - DAG(s) dict_keys(['example_weekday_branch_operator']) retrieved from /home/gui/Documentos/airflowalura/venv/lib/python3.9/site-packages/airflow/example_dags/example_branch_day_of_week_operator.py
[2023-06-05 23:09:31,753] {logging_mixin.py:115} INFO - [2023-06-05 23:09:31,753] {dag.py:2379} INFO - Sync 1 DAGs
[2023-06-05 23:09:31,788] {logging_mixin.py:115} INFO - [2023-06-05 23:09:31,788] {dag.py:2927} INFO - Setting next_dagrun for example_weekday_branch_operator to 2023-06-05T00:00:00+00:00, run_after=2023-06-06T00:00:00+00:00
[2023-06-05 23:09:31,813] {processor.py:161} INFO - Processing /home/gui/Documentos/airflowalura/venv/lib/python3.9/site-packages/airflow/example_dags/example_branch_day_of_week_operator.py took 0.116 seconds
[2023-06-05 23:10:11,100] {processor.py:153} INFO - Started process (PID=45248) to work on /home/gui/Documentos/airflowalura/venv/lib/python3.9/site-packages/airflow/example_dags/example_branch_day_of_week_operator.py
[2023-06-05 23:10:11,101] {processor.py:641} INFO - Processing file /home/gui/Documentos/airflowalura/venv/lib/python3.9/site-packages/airflow/example_dags/example_branch_day_of_week_operator.py for tasks to queue
[2023-06-05 23:10:11,102] {logging_mixin.py:115} INFO - [2023-06-05 23:10:11,102] {dagbag.py:507} INFO - Filling up the DagBag from /home/gui/Documentos/airflowalura/venv/lib/python3.9/site-packages/airflow/example_dags/example_branch_day_of_week_operator.py
[2023-06-05 23:10:11,119] {processor.py:651} INFO - DAG(s) dict_keys(['example_weekday_branch_operator']) retrieved from /home/gui/Documentos/airflowalura/venv/lib/python3.9/site-packages/airflow/example_dags/example_branch_day_of_week_operator.py
[2023-06-05 23:10:11,155] {logging_mixin.py:115} INFO - [2023-06-05 23:10:11,154] {dag.py:2379} INFO - Sync 1 DAGs
[2023-06-05 23:10:11,193] {logging_mixin.py:115} INFO - [2023-06-05 23:10:11,192] {dag.py:2927} INFO - Setting next_dagrun for example_weekday_branch_operator to 2023-06-05T00:00:00+00:00, run_after=2023-06-06T00:00:00+00:00
[2023-06-05 23:10:11,308] {processor.py:161} INFO - Processing /home/gui/Documentos/airflowalura/venv/lib/python3.9/site-packages/airflow/example_dags/example_branch_day_of_week_operator.py took 0.215 seconds
[2023-06-05 23:10:58,420] {processor.py:153} INFO - Started process (PID=45287) to work on /home/gui/Documentos/airflowalura/venv/lib/python3.9/site-packages/airflow/example_dags/example_branch_day_of_week_operator.py
[2023-06-05 23:10:58,422] {processor.py:641} INFO - Processing file /home/gui/Documentos/airflowalura/venv/lib/python3.9/site-packages/airflow/example_dags/example_branch_day_of_week_operator.py for tasks to queue
[2023-06-05 23:10:58,423] {logging_mixin.py:115} INFO - [2023-06-05 23:10:58,423] {dagbag.py:507} INFO - Filling up the DagBag from /home/gui/Documentos/airflowalura/venv/lib/python3.9/site-packages/airflow/example_dags/example_branch_day_of_week_operator.py
[2023-06-05 23:10:58,439] {processor.py:651} INFO - DAG(s) dict_keys(['example_weekday_branch_operator']) retrieved from /home/gui/Documentos/airflowalura/venv/lib/python3.9/site-packages/airflow/example_dags/example_branch_day_of_week_operator.py
[2023-06-05 23:10:58,474] {logging_mixin.py:115} INFO - [2023-06-05 23:10:58,474] {dag.py:2379} INFO - Sync 1 DAGs
[2023-06-05 23:10:58,510] {logging_mixin.py:115} INFO - [2023-06-05 23:10:58,509] {dag.py:2927} INFO - Setting next_dagrun for example_weekday_branch_operator to 2023-06-05T00:00:00+00:00, run_after=2023-06-06T00:00:00+00:00
[2023-06-05 23:10:58,548] {processor.py:161} INFO - Processing /home/gui/Documentos/airflowalura/venv/lib/python3.9/site-packages/airflow/example_dags/example_branch_day_of_week_operator.py took 0.135 seconds
[2023-06-05 23:11:36,310] {processor.py:153} INFO - Started process (PID=45325) to work on /home/gui/Documentos/airflowalura/venv/lib/python3.9/site-packages/airflow/example_dags/example_branch_day_of_week_operator.py
[2023-06-05 23:11:36,312] {processor.py:641} INFO - Processing file /home/gui/Documentos/airflowalura/venv/lib/python3.9/site-packages/airflow/example_dags/example_branch_day_of_week_operator.py for tasks to queue
[2023-06-05 23:11:36,313] {logging_mixin.py:115} INFO - [2023-06-05 23:11:36,313] {dagbag.py:507} INFO - Filling up the DagBag from /home/gui/Documentos/airflowalura/venv/lib/python3.9/site-packages/airflow/example_dags/example_branch_day_of_week_operator.py
[2023-06-05 23:11:36,331] {processor.py:651} INFO - DAG(s) dict_keys(['example_weekday_branch_operator']) retrieved from /home/gui/Documentos/airflowalura/venv/lib/python3.9/site-packages/airflow/example_dags/example_branch_day_of_week_operator.py
[2023-06-05 23:11:36,367] {logging_mixin.py:115} INFO - [2023-06-05 23:11:36,367] {dag.py:2379} INFO - Sync 1 DAGs
[2023-06-05 23:11:36,408] {logging_mixin.py:115} INFO - [2023-06-05 23:11:36,407] {dag.py:2927} INFO - Setting next_dagrun for example_weekday_branch_operator to 2023-06-05T00:00:00+00:00, run_after=2023-06-06T00:00:00+00:00
[2023-06-05 23:11:36,528] {processor.py:161} INFO - Processing /home/gui/Documentos/airflowalura/venv/lib/python3.9/site-packages/airflow/example_dags/example_branch_day_of_week_operator.py took 0.225 seconds
[2023-06-05 23:12:13,744] {processor.py:153} INFO - Started process (PID=45359) to work on /home/gui/Documentos/airflowalura/venv/lib/python3.9/site-packages/airflow/example_dags/example_branch_day_of_week_operator.py
[2023-06-05 23:12:13,746] {processor.py:641} INFO - Processing file /home/gui/Documentos/airflowalura/venv/lib/python3.9/site-packages/airflow/example_dags/example_branch_day_of_week_operator.py for tasks to queue
[2023-06-05 23:12:13,746] {logging_mixin.py:115} INFO - [2023-06-05 23:12:13,746] {dagbag.py:507} INFO - Filling up the DagBag from /home/gui/Documentos/airflowalura/venv/lib/python3.9/site-packages/airflow/example_dags/example_branch_day_of_week_operator.py
[2023-06-05 23:12:13,760] {processor.py:651} INFO - DAG(s) dict_keys(['example_weekday_branch_operator']) retrieved from /home/gui/Documentos/airflowalura/venv/lib/python3.9/site-packages/airflow/example_dags/example_branch_day_of_week_operator.py
[2023-06-05 23:12:13,787] {logging_mixin.py:115} INFO - [2023-06-05 23:12:13,787] {dag.py:2379} INFO - Sync 1 DAGs
[2023-06-05 23:12:13,817] {logging_mixin.py:115} INFO - [2023-06-05 23:12:13,817] {dag.py:2927} INFO - Setting next_dagrun for example_weekday_branch_operator to 2023-06-05T00:00:00+00:00, run_after=2023-06-06T00:00:00+00:00
[2023-06-05 23:12:13,848] {processor.py:161} INFO - Processing /home/gui/Documentos/airflowalura/venv/lib/python3.9/site-packages/airflow/example_dags/example_branch_day_of_week_operator.py took 0.110 seconds
[2023-06-05 23:13:01,352] {processor.py:153} INFO - Started process (PID=45401) to work on /home/gui/Documentos/airflowalura/venv/lib/python3.9/site-packages/airflow/example_dags/example_branch_day_of_week_operator.py
[2023-06-05 23:13:01,353] {processor.py:641} INFO - Processing file /home/gui/Documentos/airflowalura/venv/lib/python3.9/site-packages/airflow/example_dags/example_branch_day_of_week_operator.py for tasks to queue
[2023-06-05 23:13:01,354] {logging_mixin.py:115} INFO - [2023-06-05 23:13:01,354] {dagbag.py:507} INFO - Filling up the DagBag from /home/gui/Documentos/airflowalura/venv/lib/python3.9/site-packages/airflow/example_dags/example_branch_day_of_week_operator.py
[2023-06-05 23:13:01,367] {processor.py:651} INFO - DAG(s) dict_keys(['example_weekday_branch_operator']) retrieved from /home/gui/Documentos/airflowalura/venv/lib/python3.9/site-packages/airflow/example_dags/example_branch_day_of_week_operator.py
[2023-06-05 23:13:01,395] {logging_mixin.py:115} INFO - [2023-06-05 23:13:01,395] {dag.py:2379} INFO - Sync 1 DAGs
[2023-06-05 23:13:01,424] {logging_mixin.py:115} INFO - [2023-06-05 23:13:01,424] {dag.py:2927} INFO - Setting next_dagrun for example_weekday_branch_operator to 2023-06-05T00:00:00+00:00, run_after=2023-06-06T00:00:00+00:00
[2023-06-05 23:13:01,455] {processor.py:161} INFO - Processing /home/gui/Documentos/airflowalura/venv/lib/python3.9/site-packages/airflow/example_dags/example_branch_day_of_week_operator.py took 0.109 seconds
[2023-06-05 23:13:43,247] {processor.py:153} INFO - Started process (PID=45439) to work on /home/gui/Documentos/airflowalura/venv/lib/python3.9/site-packages/airflow/example_dags/example_branch_day_of_week_operator.py
[2023-06-05 23:13:43,248] {processor.py:641} INFO - Processing file /home/gui/Documentos/airflowalura/venv/lib/python3.9/site-packages/airflow/example_dags/example_branch_day_of_week_operator.py for tasks to queue
[2023-06-05 23:13:43,249] {logging_mixin.py:115} INFO - [2023-06-05 23:13:43,248] {dagbag.py:507} INFO - Filling up the DagBag from /home/gui/Documentos/airflowalura/venv/lib/python3.9/site-packages/airflow/example_dags/example_branch_day_of_week_operator.py
[2023-06-05 23:13:43,262] {processor.py:651} INFO - DAG(s) dict_keys(['example_weekday_branch_operator']) retrieved from /home/gui/Documentos/airflowalura/venv/lib/python3.9/site-packages/airflow/example_dags/example_branch_day_of_week_operator.py
[2023-06-05 23:13:43,289] {logging_mixin.py:115} INFO - [2023-06-05 23:13:43,289] {dag.py:2379} INFO - Sync 1 DAGs
[2023-06-05 23:13:43,320] {logging_mixin.py:115} INFO - [2023-06-05 23:13:43,320] {dag.py:2927} INFO - Setting next_dagrun for example_weekday_branch_operator to 2023-06-05T00:00:00+00:00, run_after=2023-06-06T00:00:00+00:00
[2023-06-05 23:13:43,337] {processor.py:161} INFO - Processing /home/gui/Documentos/airflowalura/venv/lib/python3.9/site-packages/airflow/example_dags/example_branch_day_of_week_operator.py took 0.096 seconds
[2023-06-05 23:14:19,836] {processor.py:153} INFO - Started process (PID=45471) to work on /home/gui/Documentos/airflowalura/venv/lib/python3.9/site-packages/airflow/example_dags/example_branch_day_of_week_operator.py
[2023-06-05 23:14:19,837] {processor.py:641} INFO - Processing file /home/gui/Documentos/airflowalura/venv/lib/python3.9/site-packages/airflow/example_dags/example_branch_day_of_week_operator.py for tasks to queue
[2023-06-05 23:14:19,838] {logging_mixin.py:115} INFO - [2023-06-05 23:14:19,838] {dagbag.py:507} INFO - Filling up the DagBag from /home/gui/Documentos/airflowalura/venv/lib/python3.9/site-packages/airflow/example_dags/example_branch_day_of_week_operator.py
[2023-06-05 23:14:19,852] {processor.py:651} INFO - DAG(s) dict_keys(['example_weekday_branch_operator']) retrieved from /home/gui/Documentos/airflowalura/venv/lib/python3.9/site-packages/airflow/example_dags/example_branch_day_of_week_operator.py
[2023-06-05 23:14:19,880] {logging_mixin.py:115} INFO - [2023-06-05 23:14:19,880] {dag.py:2379} INFO - Sync 1 DAGs
[2023-06-05 23:14:19,909] {logging_mixin.py:115} INFO - [2023-06-05 23:14:19,909] {dag.py:2927} INFO - Setting next_dagrun for example_weekday_branch_operator to 2023-06-05T00:00:00+00:00, run_after=2023-06-06T00:00:00+00:00
[2023-06-05 23:14:19,928] {processor.py:161} INFO - Processing /home/gui/Documentos/airflowalura/venv/lib/python3.9/site-packages/airflow/example_dags/example_branch_day_of_week_operator.py took 0.099 seconds
[2023-06-05 23:14:57,693] {processor.py:153} INFO - Started process (PID=45504) to work on /home/gui/Documentos/airflowalura/venv/lib/python3.9/site-packages/airflow/example_dags/example_branch_day_of_week_operator.py
[2023-06-05 23:14:57,695] {processor.py:641} INFO - Processing file /home/gui/Documentos/airflowalura/venv/lib/python3.9/site-packages/airflow/example_dags/example_branch_day_of_week_operator.py for tasks to queue
[2023-06-05 23:14:57,696] {logging_mixin.py:115} INFO - [2023-06-05 23:14:57,696] {dagbag.py:507} INFO - Filling up the DagBag from /home/gui/Documentos/airflowalura/venv/lib/python3.9/site-packages/airflow/example_dags/example_branch_day_of_week_operator.py
[2023-06-05 23:14:57,712] {processor.py:651} INFO - DAG(s) dict_keys(['example_weekday_branch_operator']) retrieved from /home/gui/Documentos/airflowalura/venv/lib/python3.9/site-packages/airflow/example_dags/example_branch_day_of_week_operator.py
[2023-06-05 23:14:57,748] {logging_mixin.py:115} INFO - [2023-06-05 23:14:57,748] {dag.py:2379} INFO - Sync 1 DAGs
[2023-06-05 23:14:57,789] {logging_mixin.py:115} INFO - [2023-06-05 23:14:57,788] {dag.py:2927} INFO - Setting next_dagrun for example_weekday_branch_operator to 2023-06-05T00:00:00+00:00, run_after=2023-06-06T00:00:00+00:00
[2023-06-05 23:14:57,816] {processor.py:161} INFO - Processing /home/gui/Documentos/airflowalura/venv/lib/python3.9/site-packages/airflow/example_dags/example_branch_day_of_week_operator.py took 0.130 seconds
[2023-06-05 23:15:36,625] {processor.py:153} INFO - Started process (PID=45559) to work on /home/gui/Documentos/airflowalura/venv/lib/python3.9/site-packages/airflow/example_dags/example_branch_day_of_week_operator.py
[2023-06-05 23:15:36,627] {processor.py:641} INFO - Processing file /home/gui/Documentos/airflowalura/venv/lib/python3.9/site-packages/airflow/example_dags/example_branch_day_of_week_operator.py for tasks to queue
[2023-06-05 23:15:36,627] {logging_mixin.py:115} INFO - [2023-06-05 23:15:36,627] {dagbag.py:507} INFO - Filling up the DagBag from /home/gui/Documentos/airflowalura/venv/lib/python3.9/site-packages/airflow/example_dags/example_branch_day_of_week_operator.py
[2023-06-05 23:15:36,644] {processor.py:651} INFO - DAG(s) dict_keys(['example_weekday_branch_operator']) retrieved from /home/gui/Documentos/airflowalura/venv/lib/python3.9/site-packages/airflow/example_dags/example_branch_day_of_week_operator.py
[2023-06-05 23:15:36,678] {logging_mixin.py:115} INFO - [2023-06-05 23:15:36,678] {dag.py:2379} INFO - Sync 1 DAGs
[2023-06-05 23:15:36,715] {logging_mixin.py:115} INFO - [2023-06-05 23:15:36,714] {dag.py:2927} INFO - Setting next_dagrun for example_weekday_branch_operator to 2023-06-05T00:00:00+00:00, run_after=2023-06-06T00:00:00+00:00
[2023-06-05 23:15:36,783] {processor.py:161} INFO - Processing /home/gui/Documentos/airflowalura/venv/lib/python3.9/site-packages/airflow/example_dags/example_branch_day_of_week_operator.py took 0.165 seconds
[2023-06-05 23:16:14,735] {processor.py:153} INFO - Started process (PID=45594) to work on /home/gui/Documentos/airflowalura/venv/lib/python3.9/site-packages/airflow/example_dags/example_branch_day_of_week_operator.py
[2023-06-05 23:16:14,737] {processor.py:641} INFO - Processing file /home/gui/Documentos/airflowalura/venv/lib/python3.9/site-packages/airflow/example_dags/example_branch_day_of_week_operator.py for tasks to queue
[2023-06-05 23:16:14,738] {logging_mixin.py:115} INFO - [2023-06-05 23:16:14,738] {dagbag.py:507} INFO - Filling up the DagBag from /home/gui/Documentos/airflowalura/venv/lib/python3.9/site-packages/airflow/example_dags/example_branch_day_of_week_operator.py
[2023-06-05 23:16:14,756] {processor.py:651} INFO - DAG(s) dict_keys(['example_weekday_branch_operator']) retrieved from /home/gui/Documentos/airflowalura/venv/lib/python3.9/site-packages/airflow/example_dags/example_branch_day_of_week_operator.py
[2023-06-05 23:16:14,790] {logging_mixin.py:115} INFO - [2023-06-05 23:16:14,790] {dag.py:2379} INFO - Sync 1 DAGs
[2023-06-05 23:16:14,836] {logging_mixin.py:115} INFO - [2023-06-05 23:16:14,835] {dag.py:2927} INFO - Setting next_dagrun for example_weekday_branch_operator to 2023-06-05T00:00:00+00:00, run_after=2023-06-06T00:00:00+00:00
[2023-06-05 23:16:14,859] {processor.py:161} INFO - Processing /home/gui/Documentos/airflowalura/venv/lib/python3.9/site-packages/airflow/example_dags/example_branch_day_of_week_operator.py took 0.130 seconds
[2023-06-05 23:16:51,587] {processor.py:153} INFO - Started process (PID=45628) to work on /home/gui/Documentos/airflowalura/venv/lib/python3.9/site-packages/airflow/example_dags/example_branch_day_of_week_operator.py
[2023-06-05 23:16:51,588] {processor.py:641} INFO - Processing file /home/gui/Documentos/airflowalura/venv/lib/python3.9/site-packages/airflow/example_dags/example_branch_day_of_week_operator.py for tasks to queue
[2023-06-05 23:16:51,589] {logging_mixin.py:115} INFO - [2023-06-05 23:16:51,589] {dagbag.py:507} INFO - Filling up the DagBag from /home/gui/Documentos/airflowalura/venv/lib/python3.9/site-packages/airflow/example_dags/example_branch_day_of_week_operator.py
[2023-06-05 23:16:51,609] {processor.py:651} INFO - DAG(s) dict_keys(['example_weekday_branch_operator']) retrieved from /home/gui/Documentos/airflowalura/venv/lib/python3.9/site-packages/airflow/example_dags/example_branch_day_of_week_operator.py
[2023-06-05 23:16:51,643] {logging_mixin.py:115} INFO - [2023-06-05 23:16:51,642] {dag.py:2379} INFO - Sync 1 DAGs
[2023-06-05 23:16:51,694] {logging_mixin.py:115} INFO - [2023-06-05 23:16:51,693] {dag.py:2927} INFO - Setting next_dagrun for example_weekday_branch_operator to 2023-06-05T00:00:00+00:00, run_after=2023-06-06T00:00:00+00:00
[2023-06-05 23:16:51,721] {processor.py:161} INFO - Processing /home/gui/Documentos/airflowalura/venv/lib/python3.9/site-packages/airflow/example_dags/example_branch_day_of_week_operator.py took 0.141 seconds
[2023-06-05 23:17:29,273] {processor.py:153} INFO - Started process (PID=45664) to work on /home/gui/Documentos/airflowalura/venv/lib/python3.9/site-packages/airflow/example_dags/example_branch_day_of_week_operator.py
[2023-06-05 23:17:29,275] {processor.py:641} INFO - Processing file /home/gui/Documentos/airflowalura/venv/lib/python3.9/site-packages/airflow/example_dags/example_branch_day_of_week_operator.py for tasks to queue
[2023-06-05 23:17:29,276] {logging_mixin.py:115} INFO - [2023-06-05 23:17:29,276] {dagbag.py:507} INFO - Filling up the DagBag from /home/gui/Documentos/airflowalura/venv/lib/python3.9/site-packages/airflow/example_dags/example_branch_day_of_week_operator.py
[2023-06-05 23:17:29,293] {processor.py:651} INFO - DAG(s) dict_keys(['example_weekday_branch_operator']) retrieved from /home/gui/Documentos/airflowalura/venv/lib/python3.9/site-packages/airflow/example_dags/example_branch_day_of_week_operator.py
[2023-06-05 23:17:29,329] {logging_mixin.py:115} INFO - [2023-06-05 23:17:29,329] {dag.py:2379} INFO - Sync 1 DAGs
[2023-06-05 23:17:29,368] {logging_mixin.py:115} INFO - [2023-06-05 23:17:29,368] {dag.py:2927} INFO - Setting next_dagrun for example_weekday_branch_operator to 2023-06-05T00:00:00+00:00, run_after=2023-06-06T00:00:00+00:00
[2023-06-05 23:17:29,707] {processor.py:161} INFO - Processing /home/gui/Documentos/airflowalura/venv/lib/python3.9/site-packages/airflow/example_dags/example_branch_day_of_week_operator.py took 0.443 seconds
[2023-06-05 23:18:21,679] {processor.py:153} INFO - Started process (PID=45708) to work on /home/gui/Documentos/airflowalura/venv/lib/python3.9/site-packages/airflow/example_dags/example_branch_day_of_week_operator.py
[2023-06-05 23:18:21,680] {processor.py:641} INFO - Processing file /home/gui/Documentos/airflowalura/venv/lib/python3.9/site-packages/airflow/example_dags/example_branch_day_of_week_operator.py for tasks to queue
[2023-06-05 23:18:21,681] {logging_mixin.py:115} INFO - [2023-06-05 23:18:21,681] {dagbag.py:507} INFO - Filling up the DagBag from /home/gui/Documentos/airflowalura/venv/lib/python3.9/site-packages/airflow/example_dags/example_branch_day_of_week_operator.py
[2023-06-05 23:18:21,698] {processor.py:651} INFO - DAG(s) dict_keys(['example_weekday_branch_operator']) retrieved from /home/gui/Documentos/airflowalura/venv/lib/python3.9/site-packages/airflow/example_dags/example_branch_day_of_week_operator.py
[2023-06-05 23:18:21,731] {logging_mixin.py:115} INFO - [2023-06-05 23:18:21,731] {dag.py:2379} INFO - Sync 1 DAGs
[2023-06-05 23:18:21,772] {logging_mixin.py:115} INFO - [2023-06-05 23:18:21,772] {dag.py:2927} INFO - Setting next_dagrun for example_weekday_branch_operator to 2023-06-05T00:00:00+00:00, run_after=2023-06-06T00:00:00+00:00
[2023-06-05 23:18:21,986] {processor.py:161} INFO - Processing /home/gui/Documentos/airflowalura/venv/lib/python3.9/site-packages/airflow/example_dags/example_branch_day_of_week_operator.py took 0.314 seconds
[2023-06-05 23:19:00,386] {processor.py:153} INFO - Started process (PID=45743) to work on /home/gui/Documentos/airflowalura/venv/lib/python3.9/site-packages/airflow/example_dags/example_branch_day_of_week_operator.py
[2023-06-05 23:19:00,389] {processor.py:641} INFO - Processing file /home/gui/Documentos/airflowalura/venv/lib/python3.9/site-packages/airflow/example_dags/example_branch_day_of_week_operator.py for tasks to queue
[2023-06-05 23:19:00,391] {logging_mixin.py:115} INFO - [2023-06-05 23:19:00,390] {dagbag.py:507} INFO - Filling up the DagBag from /home/gui/Documentos/airflowalura/venv/lib/python3.9/site-packages/airflow/example_dags/example_branch_day_of_week_operator.py
[2023-06-05 23:19:00,416] {processor.py:651} INFO - DAG(s) dict_keys(['example_weekday_branch_operator']) retrieved from /home/gui/Documentos/airflowalura/venv/lib/python3.9/site-packages/airflow/example_dags/example_branch_day_of_week_operator.py
[2023-06-05 23:19:00,456] {logging_mixin.py:115} INFO - [2023-06-05 23:19:00,456] {dag.py:2379} INFO - Sync 1 DAGs
[2023-06-05 23:19:00,517] {logging_mixin.py:115} INFO - [2023-06-05 23:19:00,516] {dag.py:2927} INFO - Setting next_dagrun for example_weekday_branch_operator to 2023-06-05T00:00:00+00:00, run_after=2023-06-06T00:00:00+00:00
[2023-06-05 23:19:00,557] {processor.py:161} INFO - Processing /home/gui/Documentos/airflowalura/venv/lib/python3.9/site-packages/airflow/example_dags/example_branch_day_of_week_operator.py took 0.180 seconds
[2023-06-05 23:19:44,538] {processor.py:153} INFO - Started process (PID=45783) to work on /home/gui/Documentos/airflowalura/venv/lib/python3.9/site-packages/airflow/example_dags/example_branch_day_of_week_operator.py
[2023-06-05 23:19:44,540] {processor.py:641} INFO - Processing file /home/gui/Documentos/airflowalura/venv/lib/python3.9/site-packages/airflow/example_dags/example_branch_day_of_week_operator.py for tasks to queue
[2023-06-05 23:19:44,542] {logging_mixin.py:115} INFO - [2023-06-05 23:19:44,542] {dagbag.py:507} INFO - Filling up the DagBag from /home/gui/Documentos/airflowalura/venv/lib/python3.9/site-packages/airflow/example_dags/example_branch_day_of_week_operator.py
[2023-06-05 23:19:44,558] {processor.py:651} INFO - DAG(s) dict_keys(['example_weekday_branch_operator']) retrieved from /home/gui/Documentos/airflowalura/venv/lib/python3.9/site-packages/airflow/example_dags/example_branch_day_of_week_operator.py
[2023-06-05 23:19:44,589] {logging_mixin.py:115} INFO - [2023-06-05 23:19:44,589] {dag.py:2379} INFO - Sync 1 DAGs
[2023-06-05 23:19:44,626] {logging_mixin.py:115} INFO - [2023-06-05 23:19:44,626] {dag.py:2927} INFO - Setting next_dagrun for example_weekday_branch_operator to 2023-06-05T00:00:00+00:00, run_after=2023-06-06T00:00:00+00:00
[2023-06-05 23:19:44,855] {processor.py:161} INFO - Processing /home/gui/Documentos/airflowalura/venv/lib/python3.9/site-packages/airflow/example_dags/example_branch_day_of_week_operator.py took 0.326 seconds
[2023-06-05 23:20:25,039] {processor.py:153} INFO - Started process (PID=45831) to work on /home/gui/Documentos/airflowalura/venv/lib/python3.9/site-packages/airflow/example_dags/example_branch_day_of_week_operator.py
[2023-06-05 23:20:25,040] {processor.py:641} INFO - Processing file /home/gui/Documentos/airflowalura/venv/lib/python3.9/site-packages/airflow/example_dags/example_branch_day_of_week_operator.py for tasks to queue
[2023-06-05 23:20:25,041] {logging_mixin.py:115} INFO - [2023-06-05 23:20:25,041] {dagbag.py:507} INFO - Filling up the DagBag from /home/gui/Documentos/airflowalura/venv/lib/python3.9/site-packages/airflow/example_dags/example_branch_day_of_week_operator.py
[2023-06-05 23:20:25,058] {processor.py:651} INFO - DAG(s) dict_keys(['example_weekday_branch_operator']) retrieved from /home/gui/Documentos/airflowalura/venv/lib/python3.9/site-packages/airflow/example_dags/example_branch_day_of_week_operator.py
[2023-06-05 23:20:25,095] {logging_mixin.py:115} INFO - [2023-06-05 23:20:25,094] {dag.py:2379} INFO - Sync 1 DAGs
[2023-06-05 23:20:25,131] {logging_mixin.py:115} INFO - [2023-06-05 23:20:25,131] {dag.py:2927} INFO - Setting next_dagrun for example_weekday_branch_operator to 2023-06-05T00:00:00+00:00, run_after=2023-06-06T00:00:00+00:00
[2023-06-05 23:20:25,165] {processor.py:161} INFO - Processing /home/gui/Documentos/airflowalura/venv/lib/python3.9/site-packages/airflow/example_dags/example_branch_day_of_week_operator.py took 0.132 seconds
[2023-06-05 23:21:02,984] {processor.py:153} INFO - Started process (PID=45873) to work on /home/gui/Documentos/airflowalura/venv/lib/python3.9/site-packages/airflow/example_dags/example_branch_day_of_week_operator.py
[2023-06-05 23:21:02,985] {processor.py:641} INFO - Processing file /home/gui/Documentos/airflowalura/venv/lib/python3.9/site-packages/airflow/example_dags/example_branch_day_of_week_operator.py for tasks to queue
[2023-06-05 23:21:02,986] {logging_mixin.py:115} INFO - [2023-06-05 23:21:02,986] {dagbag.py:507} INFO - Filling up the DagBag from /home/gui/Documentos/airflowalura/venv/lib/python3.9/site-packages/airflow/example_dags/example_branch_day_of_week_operator.py
[2023-06-05 23:21:03,002] {processor.py:651} INFO - DAG(s) dict_keys(['example_weekday_branch_operator']) retrieved from /home/gui/Documentos/airflowalura/venv/lib/python3.9/site-packages/airflow/example_dags/example_branch_day_of_week_operator.py
[2023-06-05 23:21:03,035] {logging_mixin.py:115} INFO - [2023-06-05 23:21:03,035] {dag.py:2379} INFO - Sync 1 DAGs
[2023-06-05 23:21:03,082] {logging_mixin.py:115} INFO - [2023-06-05 23:21:03,082] {dag.py:2927} INFO - Setting next_dagrun for example_weekday_branch_operator to 2023-06-05T00:00:00+00:00, run_after=2023-06-06T00:00:00+00:00
[2023-06-05 23:21:03,121] {processor.py:161} INFO - Processing /home/gui/Documentos/airflowalura/venv/lib/python3.9/site-packages/airflow/example_dags/example_branch_day_of_week_operator.py took 0.145 seconds
[2023-06-05 23:21:42,684] {processor.py:153} INFO - Started process (PID=45918) to work on /home/gui/Documentos/airflowalura/venv/lib/python3.9/site-packages/airflow/example_dags/example_branch_day_of_week_operator.py
[2023-06-05 23:21:42,686] {processor.py:641} INFO - Processing file /home/gui/Documentos/airflowalura/venv/lib/python3.9/site-packages/airflow/example_dags/example_branch_day_of_week_operator.py for tasks to queue
[2023-06-05 23:21:42,687] {logging_mixin.py:115} INFO - [2023-06-05 23:21:42,687] {dagbag.py:507} INFO - Filling up the DagBag from /home/gui/Documentos/airflowalura/venv/lib/python3.9/site-packages/airflow/example_dags/example_branch_day_of_week_operator.py
[2023-06-05 23:21:42,705] {processor.py:651} INFO - DAG(s) dict_keys(['example_weekday_branch_operator']) retrieved from /home/gui/Documentos/airflowalura/venv/lib/python3.9/site-packages/airflow/example_dags/example_branch_day_of_week_operator.py
[2023-06-05 23:21:42,740] {logging_mixin.py:115} INFO - [2023-06-05 23:21:42,740] {dag.py:2379} INFO - Sync 1 DAGs
[2023-06-05 23:21:42,784] {logging_mixin.py:115} INFO - [2023-06-05 23:21:42,783] {dag.py:2927} INFO - Setting next_dagrun for example_weekday_branch_operator to 2023-06-05T00:00:00+00:00, run_after=2023-06-06T00:00:00+00:00
[2023-06-05 23:21:42,826] {processor.py:161} INFO - Processing /home/gui/Documentos/airflowalura/venv/lib/python3.9/site-packages/airflow/example_dags/example_branch_day_of_week_operator.py took 0.149 seconds
[2023-06-05 23:22:24,275] {processor.py:153} INFO - Started process (PID=45966) to work on /home/gui/Documentos/airflowalura/venv/lib/python3.9/site-packages/airflow/example_dags/example_branch_day_of_week_operator.py
[2023-06-05 23:22:24,277] {processor.py:641} INFO - Processing file /home/gui/Documentos/airflowalura/venv/lib/python3.9/site-packages/airflow/example_dags/example_branch_day_of_week_operator.py for tasks to queue
[2023-06-05 23:22:24,278] {logging_mixin.py:115} INFO - [2023-06-05 23:22:24,278] {dagbag.py:507} INFO - Filling up the DagBag from /home/gui/Documentos/airflowalura/venv/lib/python3.9/site-packages/airflow/example_dags/example_branch_day_of_week_operator.py
[2023-06-05 23:22:24,296] {processor.py:651} INFO - DAG(s) dict_keys(['example_weekday_branch_operator']) retrieved from /home/gui/Documentos/airflowalura/venv/lib/python3.9/site-packages/airflow/example_dags/example_branch_day_of_week_operator.py
[2023-06-05 23:22:24,328] {logging_mixin.py:115} INFO - [2023-06-05 23:22:24,328] {dag.py:2379} INFO - Sync 1 DAGs
[2023-06-05 23:22:24,368] {logging_mixin.py:115} INFO - [2023-06-05 23:22:24,368] {dag.py:2927} INFO - Setting next_dagrun for example_weekday_branch_operator to 2023-06-05T00:00:00+00:00, run_after=2023-06-06T00:00:00+00:00
[2023-06-05 23:22:24,454] {processor.py:161} INFO - Processing /home/gui/Documentos/airflowalura/venv/lib/python3.9/site-packages/airflow/example_dags/example_branch_day_of_week_operator.py took 0.185 seconds
[2023-06-05 23:23:06,985] {processor.py:153} INFO - Started process (PID=46015) to work on /home/gui/Documentos/airflowalura/venv/lib/python3.9/site-packages/airflow/example_dags/example_branch_day_of_week_operator.py
[2023-06-05 23:23:06,986] {processor.py:641} INFO - Processing file /home/gui/Documentos/airflowalura/venv/lib/python3.9/site-packages/airflow/example_dags/example_branch_day_of_week_operator.py for tasks to queue
[2023-06-05 23:23:06,987] {logging_mixin.py:115} INFO - [2023-06-05 23:23:06,987] {dagbag.py:507} INFO - Filling up the DagBag from /home/gui/Documentos/airflowalura/venv/lib/python3.9/site-packages/airflow/example_dags/example_branch_day_of_week_operator.py
[2023-06-05 23:23:07,004] {processor.py:651} INFO - DAG(s) dict_keys(['example_weekday_branch_operator']) retrieved from /home/gui/Documentos/airflowalura/venv/lib/python3.9/site-packages/airflow/example_dags/example_branch_day_of_week_operator.py
[2023-06-05 23:23:07,032] {logging_mixin.py:115} INFO - [2023-06-05 23:23:07,032] {dag.py:2379} INFO - Sync 1 DAGs
[2023-06-05 23:23:07,062] {logging_mixin.py:115} INFO - [2023-06-05 23:23:07,062] {dag.py:2927} INFO - Setting next_dagrun for example_weekday_branch_operator to 2023-06-05T00:00:00+00:00, run_after=2023-06-06T00:00:00+00:00
[2023-06-05 23:23:07,086] {processor.py:161} INFO - Processing /home/gui/Documentos/airflowalura/venv/lib/python3.9/site-packages/airflow/example_dags/example_branch_day_of_week_operator.py took 0.109 seconds
[2023-06-05 23:23:55,932] {processor.py:153} INFO - Started process (PID=46070) to work on /home/gui/Documentos/airflowalura/venv/lib/python3.9/site-packages/airflow/example_dags/example_branch_day_of_week_operator.py
[2023-06-05 23:23:55,933] {processor.py:641} INFO - Processing file /home/gui/Documentos/airflowalura/venv/lib/python3.9/site-packages/airflow/example_dags/example_branch_day_of_week_operator.py for tasks to queue
[2023-06-05 23:23:55,934] {logging_mixin.py:115} INFO - [2023-06-05 23:23:55,934] {dagbag.py:507} INFO - Filling up the DagBag from /home/gui/Documentos/airflowalura/venv/lib/python3.9/site-packages/airflow/example_dags/example_branch_day_of_week_operator.py
[2023-06-05 23:23:55,950] {processor.py:651} INFO - DAG(s) dict_keys(['example_weekday_branch_operator']) retrieved from /home/gui/Documentos/airflowalura/venv/lib/python3.9/site-packages/airflow/example_dags/example_branch_day_of_week_operator.py
[2023-06-05 23:23:55,981] {logging_mixin.py:115} INFO - [2023-06-05 23:23:55,981] {dag.py:2379} INFO - Sync 1 DAGs
[2023-06-05 23:23:56,011] {logging_mixin.py:115} INFO - [2023-06-05 23:23:56,011] {dag.py:2927} INFO - Setting next_dagrun for example_weekday_branch_operator to 2023-06-05T00:00:00+00:00, run_after=2023-06-06T00:00:00+00:00
[2023-06-05 23:23:56,064] {processor.py:161} INFO - Processing /home/gui/Documentos/airflowalura/venv/lib/python3.9/site-packages/airflow/example_dags/example_branch_day_of_week_operator.py took 0.137 seconds
[2023-06-05 23:24:37,887] {processor.py:153} INFO - Started process (PID=46114) to work on /home/gui/Documentos/airflowalura/venv/lib/python3.9/site-packages/airflow/example_dags/example_branch_day_of_week_operator.py
[2023-06-05 23:24:37,889] {processor.py:641} INFO - Processing file /home/gui/Documentos/airflowalura/venv/lib/python3.9/site-packages/airflow/example_dags/example_branch_day_of_week_operator.py for tasks to queue
[2023-06-05 23:24:37,890] {logging_mixin.py:115} INFO - [2023-06-05 23:24:37,889] {dagbag.py:507} INFO - Filling up the DagBag from /home/gui/Documentos/airflowalura/venv/lib/python3.9/site-packages/airflow/example_dags/example_branch_day_of_week_operator.py
[2023-06-05 23:24:37,910] {processor.py:651} INFO - DAG(s) dict_keys(['example_weekday_branch_operator']) retrieved from /home/gui/Documentos/airflowalura/venv/lib/python3.9/site-packages/airflow/example_dags/example_branch_day_of_week_operator.py
[2023-06-05 23:24:37,942] {logging_mixin.py:115} INFO - [2023-06-05 23:24:37,941] {dag.py:2379} INFO - Sync 1 DAGs
[2023-06-05 23:24:37,977] {logging_mixin.py:115} INFO - [2023-06-05 23:24:37,977] {dag.py:2927} INFO - Setting next_dagrun for example_weekday_branch_operator to 2023-06-05T00:00:00+00:00, run_after=2023-06-06T00:00:00+00:00
[2023-06-05 23:24:37,999] {processor.py:161} INFO - Processing /home/gui/Documentos/airflowalura/venv/lib/python3.9/site-packages/airflow/example_dags/example_branch_day_of_week_operator.py took 0.118 seconds
[2023-06-05 23:25:18,873] {processor.py:153} INFO - Started process (PID=46157) to work on /home/gui/Documentos/airflowalura/venv/lib/python3.9/site-packages/airflow/example_dags/example_branch_day_of_week_operator.py
[2023-06-05 23:25:18,874] {processor.py:641} INFO - Processing file /home/gui/Documentos/airflowalura/venv/lib/python3.9/site-packages/airflow/example_dags/example_branch_day_of_week_operator.py for tasks to queue
[2023-06-05 23:25:18,875] {logging_mixin.py:115} INFO - [2023-06-05 23:25:18,875] {dagbag.py:507} INFO - Filling up the DagBag from /home/gui/Documentos/airflowalura/venv/lib/python3.9/site-packages/airflow/example_dags/example_branch_day_of_week_operator.py
[2023-06-05 23:25:18,891] {processor.py:651} INFO - DAG(s) dict_keys(['example_weekday_branch_operator']) retrieved from /home/gui/Documentos/airflowalura/venv/lib/python3.9/site-packages/airflow/example_dags/example_branch_day_of_week_operator.py
[2023-06-05 23:25:18,923] {logging_mixin.py:115} INFO - [2023-06-05 23:25:18,923] {dag.py:2379} INFO - Sync 1 DAGs
[2023-06-05 23:25:18,959] {logging_mixin.py:115} INFO - [2023-06-05 23:25:18,958] {dag.py:2927} INFO - Setting next_dagrun for example_weekday_branch_operator to 2023-06-05T00:00:00+00:00, run_after=2023-06-06T00:00:00+00:00
[2023-06-05 23:25:18,978] {processor.py:161} INFO - Processing /home/gui/Documentos/airflowalura/venv/lib/python3.9/site-packages/airflow/example_dags/example_branch_day_of_week_operator.py took 0.114 seconds
[2023-06-05 23:25:57,501] {processor.py:153} INFO - Started process (PID=46221) to work on /home/gui/Documentos/airflowalura/venv/lib/python3.9/site-packages/airflow/example_dags/example_branch_day_of_week_operator.py
[2023-06-05 23:25:57,502] {processor.py:641} INFO - Processing file /home/gui/Documentos/airflowalura/venv/lib/python3.9/site-packages/airflow/example_dags/example_branch_day_of_week_operator.py for tasks to queue
[2023-06-05 23:25:57,503] {logging_mixin.py:115} INFO - [2023-06-05 23:25:57,502] {dagbag.py:507} INFO - Filling up the DagBag from /home/gui/Documentos/airflowalura/venv/lib/python3.9/site-packages/airflow/example_dags/example_branch_day_of_week_operator.py
[2023-06-05 23:25:57,518] {processor.py:651} INFO - DAG(s) dict_keys(['example_weekday_branch_operator']) retrieved from /home/gui/Documentos/airflowalura/venv/lib/python3.9/site-packages/airflow/example_dags/example_branch_day_of_week_operator.py
[2023-06-05 23:25:57,550] {logging_mixin.py:115} INFO - [2023-06-05 23:25:57,550] {dag.py:2379} INFO - Sync 1 DAGs
[2023-06-05 23:25:57,586] {logging_mixin.py:115} INFO - [2023-06-05 23:25:57,586] {dag.py:2927} INFO - Setting next_dagrun for example_weekday_branch_operator to 2023-06-05T00:00:00+00:00, run_after=2023-06-06T00:00:00+00:00
[2023-06-05 23:25:57,630] {processor.py:161} INFO - Processing /home/gui/Documentos/airflowalura/venv/lib/python3.9/site-packages/airflow/example_dags/example_branch_day_of_week_operator.py took 0.135 seconds
[2023-06-05 23:31:16,915] {processor.py:153} INFO - Started process (PID=46757) to work on /home/gui/Documentos/airflowalura/venv/lib/python3.9/site-packages/airflow/example_dags/example_branch_day_of_week_operator.py
[2023-06-05 23:31:16,922] {processor.py:641} INFO - Processing file /home/gui/Documentos/airflowalura/venv/lib/python3.9/site-packages/airflow/example_dags/example_branch_day_of_week_operator.py for tasks to queue
[2023-06-05 23:31:16,925] {logging_mixin.py:115} INFO - [2023-06-05 23:31:16,925] {dagbag.py:507} INFO - Filling up the DagBag from /home/gui/Documentos/airflowalura/venv/lib/python3.9/site-packages/airflow/example_dags/example_branch_day_of_week_operator.py
[2023-06-05 23:31:16,960] {processor.py:651} INFO - DAG(s) dict_keys(['example_weekday_branch_operator']) retrieved from /home/gui/Documentos/airflowalura/venv/lib/python3.9/site-packages/airflow/example_dags/example_branch_day_of_week_operator.py
[2023-06-05 23:31:17,018] {logging_mixin.py:115} INFO - [2023-06-05 23:31:17,018] {dag.py:2379} INFO - Sync 1 DAGs
[2023-06-05 23:31:17,113] {logging_mixin.py:115} INFO - [2023-06-05 23:31:17,112] {dag.py:2927} INFO - Setting next_dagrun for example_weekday_branch_operator to 2023-06-05T00:00:00+00:00, run_after=2023-06-06T00:00:00+00:00
[2023-06-05 23:31:17,217] {processor.py:161} INFO - Processing /home/gui/Documentos/airflowalura/venv/lib/python3.9/site-packages/airflow/example_dags/example_branch_day_of_week_operator.py took 0.315 seconds
[2023-06-05 23:32:14,884] {processor.py:153} INFO - Started process (PID=47329) to work on /home/gui/Documentos/airflowalura/venv/lib/python3.9/site-packages/airflow/example_dags/example_branch_day_of_week_operator.py
[2023-06-05 23:32:14,891] {processor.py:641} INFO - Processing file /home/gui/Documentos/airflowalura/venv/lib/python3.9/site-packages/airflow/example_dags/example_branch_day_of_week_operator.py for tasks to queue
[2023-06-05 23:32:14,892] {logging_mixin.py:115} INFO - [2023-06-05 23:32:14,892] {dagbag.py:507} INFO - Filling up the DagBag from /home/gui/Documentos/airflowalura/venv/lib/python3.9/site-packages/airflow/example_dags/example_branch_day_of_week_operator.py
[2023-06-05 23:32:14,919] {processor.py:651} INFO - DAG(s) dict_keys(['example_weekday_branch_operator']) retrieved from /home/gui/Documentos/airflowalura/venv/lib/python3.9/site-packages/airflow/example_dags/example_branch_day_of_week_operator.py
[2023-06-05 23:32:14,965] {logging_mixin.py:115} INFO - [2023-06-05 23:32:14,965] {dag.py:2379} INFO - Sync 1 DAGs
[2023-06-05 23:32:15,028] {logging_mixin.py:115} INFO - [2023-06-05 23:32:15,028] {dag.py:2927} INFO - Setting next_dagrun for example_weekday_branch_operator to 2023-06-05T00:00:00+00:00, run_after=2023-06-06T00:00:00+00:00
[2023-06-05 23:32:15,067] {processor.py:161} INFO - Processing /home/gui/Documentos/airflowalura/venv/lib/python3.9/site-packages/airflow/example_dags/example_branch_day_of_week_operator.py took 0.195 seconds
[2023-06-05 23:33:01,591] {processor.py:153} INFO - Started process (PID=47961) to work on /home/gui/Documentos/airflowalura/venv/lib/python3.9/site-packages/airflow/example_dags/example_branch_day_of_week_operator.py
[2023-06-05 23:33:01,595] {processor.py:641} INFO - Processing file /home/gui/Documentos/airflowalura/venv/lib/python3.9/site-packages/airflow/example_dags/example_branch_day_of_week_operator.py for tasks to queue
[2023-06-05 23:33:01,597] {logging_mixin.py:115} INFO - [2023-06-05 23:33:01,596] {dagbag.py:507} INFO - Filling up the DagBag from /home/gui/Documentos/airflowalura/venv/lib/python3.9/site-packages/airflow/example_dags/example_branch_day_of_week_operator.py
[2023-06-05 23:33:01,630] {processor.py:651} INFO - DAG(s) dict_keys(['example_weekday_branch_operator']) retrieved from /home/gui/Documentos/airflowalura/venv/lib/python3.9/site-packages/airflow/example_dags/example_branch_day_of_week_operator.py
[2023-06-05 23:33:01,677] {logging_mixin.py:115} INFO - [2023-06-05 23:33:01,677] {dag.py:2379} INFO - Sync 1 DAGs
[2023-06-05 23:33:01,766] {logging_mixin.py:115} INFO - [2023-06-05 23:33:01,766] {dag.py:2927} INFO - Setting next_dagrun for example_weekday_branch_operator to 2023-06-05T00:00:00+00:00, run_after=2023-06-06T00:00:00+00:00
[2023-06-05 23:33:01,797] {processor.py:161} INFO - Processing /home/gui/Documentos/airflowalura/venv/lib/python3.9/site-packages/airflow/example_dags/example_branch_day_of_week_operator.py took 0.219 seconds
[2023-06-05 23:33:48,417] {processor.py:153} INFO - Started process (PID=48671) to work on /home/gui/Documentos/airflowalura/venv/lib/python3.9/site-packages/airflow/example_dags/example_branch_day_of_week_operator.py
[2023-06-05 23:33:48,419] {processor.py:641} INFO - Processing file /home/gui/Documentos/airflowalura/venv/lib/python3.9/site-packages/airflow/example_dags/example_branch_day_of_week_operator.py for tasks to queue
[2023-06-05 23:33:48,421] {logging_mixin.py:115} INFO - [2023-06-05 23:33:48,420] {dagbag.py:507} INFO - Filling up the DagBag from /home/gui/Documentos/airflowalura/venv/lib/python3.9/site-packages/airflow/example_dags/example_branch_day_of_week_operator.py
[2023-06-05 23:33:48,458] {processor.py:651} INFO - DAG(s) dict_keys(['example_weekday_branch_operator']) retrieved from /home/gui/Documentos/airflowalura/venv/lib/python3.9/site-packages/airflow/example_dags/example_branch_day_of_week_operator.py
[2023-06-05 23:33:48,513] {logging_mixin.py:115} INFO - [2023-06-05 23:33:48,513] {dag.py:2379} INFO - Sync 1 DAGs
[2023-06-05 23:33:48,571] {logging_mixin.py:115} INFO - [2023-06-05 23:33:48,567] {dag.py:2927} INFO - Setting next_dagrun for example_weekday_branch_operator to 2023-06-05T00:00:00+00:00, run_after=2023-06-06T00:00:00+00:00
[2023-06-05 23:33:48,620] {processor.py:161} INFO - Processing /home/gui/Documentos/airflowalura/venv/lib/python3.9/site-packages/airflow/example_dags/example_branch_day_of_week_operator.py took 0.211 seconds
[2023-06-05 23:34:31,726] {processor.py:153} INFO - Started process (PID=49402) to work on /home/gui/Documentos/airflowalura/venv/lib/python3.9/site-packages/airflow/example_dags/example_branch_day_of_week_operator.py
[2023-06-05 23:34:31,728] {processor.py:641} INFO - Processing file /home/gui/Documentos/airflowalura/venv/lib/python3.9/site-packages/airflow/example_dags/example_branch_day_of_week_operator.py for tasks to queue
[2023-06-05 23:34:31,729] {logging_mixin.py:115} INFO - [2023-06-05 23:34:31,729] {dagbag.py:507} INFO - Filling up the DagBag from /home/gui/Documentos/airflowalura/venv/lib/python3.9/site-packages/airflow/example_dags/example_branch_day_of_week_operator.py
[2023-06-05 23:34:31,753] {processor.py:651} INFO - DAG(s) dict_keys(['example_weekday_branch_operator']) retrieved from /home/gui/Documentos/airflowalura/venv/lib/python3.9/site-packages/airflow/example_dags/example_branch_day_of_week_operator.py
[2023-06-05 23:34:31,800] {logging_mixin.py:115} INFO - [2023-06-05 23:34:31,800] {dag.py:2379} INFO - Sync 1 DAGs
[2023-06-05 23:34:31,854] {logging_mixin.py:115} INFO - [2023-06-05 23:34:31,854] {dag.py:2927} INFO - Setting next_dagrun for example_weekday_branch_operator to 2023-06-05T00:00:00+00:00, run_after=2023-06-06T00:00:00+00:00
[2023-06-05 23:34:31,953] {processor.py:161} INFO - Processing /home/gui/Documentos/airflowalura/venv/lib/python3.9/site-packages/airflow/example_dags/example_branch_day_of_week_operator.py took 0.238 seconds
[2023-06-05 23:35:10,564] {processor.py:153} INFO - Started process (PID=49536) to work on /home/gui/Documentos/airflowalura/venv/lib/python3.9/site-packages/airflow/example_dags/example_branch_day_of_week_operator.py
[2023-06-05 23:35:10,567] {processor.py:641} INFO - Processing file /home/gui/Documentos/airflowalura/venv/lib/python3.9/site-packages/airflow/example_dags/example_branch_day_of_week_operator.py for tasks to queue
[2023-06-05 23:35:10,568] {logging_mixin.py:115} INFO - [2023-06-05 23:35:10,568] {dagbag.py:507} INFO - Filling up the DagBag from /home/gui/Documentos/airflowalura/venv/lib/python3.9/site-packages/airflow/example_dags/example_branch_day_of_week_operator.py
[2023-06-05 23:35:10,585] {processor.py:651} INFO - DAG(s) dict_keys(['example_weekday_branch_operator']) retrieved from /home/gui/Documentos/airflowalura/venv/lib/python3.9/site-packages/airflow/example_dags/example_branch_day_of_week_operator.py
[2023-06-05 23:35:10,635] {logging_mixin.py:115} INFO - [2023-06-05 23:35:10,635] {dag.py:2379} INFO - Sync 1 DAGs
[2023-06-05 23:35:10,678] {logging_mixin.py:115} INFO - [2023-06-05 23:35:10,677] {dag.py:2927} INFO - Setting next_dagrun for example_weekday_branch_operator to 2023-06-05T00:00:00+00:00, run_after=2023-06-06T00:00:00+00:00
[2023-06-05 23:35:10,705] {processor.py:161} INFO - Processing /home/gui/Documentos/airflowalura/venv/lib/python3.9/site-packages/airflow/example_dags/example_branch_day_of_week_operator.py took 0.154 seconds
[2023-06-05 23:36:06,853] {processor.py:153} INFO - Started process (PID=49618) to work on /home/gui/Documentos/airflowalura/venv/lib/python3.9/site-packages/airflow/example_dags/example_branch_day_of_week_operator.py
[2023-06-05 23:36:06,948] {processor.py:641} INFO - Processing file /home/gui/Documentos/airflowalura/venv/lib/python3.9/site-packages/airflow/example_dags/example_branch_day_of_week_operator.py for tasks to queue
[2023-06-05 23:36:06,950] {logging_mixin.py:115} INFO - [2023-06-05 23:36:06,949] {dagbag.py:507} INFO - Filling up the DagBag from /home/gui/Documentos/airflowalura/venv/lib/python3.9/site-packages/airflow/example_dags/example_branch_day_of_week_operator.py
[2023-06-05 23:36:06,966] {processor.py:651} INFO - DAG(s) dict_keys(['example_weekday_branch_operator']) retrieved from /home/gui/Documentos/airflowalura/venv/lib/python3.9/site-packages/airflow/example_dags/example_branch_day_of_week_operator.py
[2023-06-05 23:36:07,439] {logging_mixin.py:115} INFO - [2023-06-05 23:36:07,439] {dag.py:2379} INFO - Sync 1 DAGs
[2023-06-05 23:36:07,498] {logging_mixin.py:115} INFO - [2023-06-05 23:36:07,497] {dag.py:2927} INFO - Setting next_dagrun for example_weekday_branch_operator to 2023-06-05T00:00:00+00:00, run_after=2023-06-06T00:00:00+00:00
[2023-06-05 23:36:07,971] {processor.py:161} INFO - Processing /home/gui/Documentos/airflowalura/venv/lib/python3.9/site-packages/airflow/example_dags/example_branch_day_of_week_operator.py took 1.124 seconds
[2023-06-05 23:36:59,126] {processor.py:153} INFO - Started process (PID=49731) to work on /home/gui/Documentos/airflowalura/venv/lib/python3.9/site-packages/airflow/example_dags/example_branch_day_of_week_operator.py
[2023-06-05 23:36:59,131] {processor.py:641} INFO - Processing file /home/gui/Documentos/airflowalura/venv/lib/python3.9/site-packages/airflow/example_dags/example_branch_day_of_week_operator.py for tasks to queue
[2023-06-05 23:36:59,132] {logging_mixin.py:115} INFO - [2023-06-05 23:36:59,132] {dagbag.py:507} INFO - Filling up the DagBag from /home/gui/Documentos/airflowalura/venv/lib/python3.9/site-packages/airflow/example_dags/example_branch_day_of_week_operator.py
[2023-06-05 23:36:59,157] {processor.py:651} INFO - DAG(s) dict_keys(['example_weekday_branch_operator']) retrieved from /home/gui/Documentos/airflowalura/venv/lib/python3.9/site-packages/airflow/example_dags/example_branch_day_of_week_operator.py
[2023-06-05 23:36:59,204] {logging_mixin.py:115} INFO - [2023-06-05 23:36:59,204] {dag.py:2379} INFO - Sync 1 DAGs
[2023-06-05 23:36:59,247] {logging_mixin.py:115} INFO - [2023-06-05 23:36:59,246] {dag.py:2927} INFO - Setting next_dagrun for example_weekday_branch_operator to 2023-06-05T00:00:00+00:00, run_after=2023-06-06T00:00:00+00:00
[2023-06-05 23:36:59,276] {processor.py:161} INFO - Processing /home/gui/Documentos/airflowalura/venv/lib/python3.9/site-packages/airflow/example_dags/example_branch_day_of_week_operator.py took 0.164 seconds
[2023-06-05 23:37:40,585] {processor.py:153} INFO - Started process (PID=49832) to work on /home/gui/Documentos/airflowalura/venv/lib/python3.9/site-packages/airflow/example_dags/example_branch_day_of_week_operator.py
[2023-06-05 23:37:40,586] {processor.py:641} INFO - Processing file /home/gui/Documentos/airflowalura/venv/lib/python3.9/site-packages/airflow/example_dags/example_branch_day_of_week_operator.py for tasks to queue
[2023-06-05 23:37:40,587] {logging_mixin.py:115} INFO - [2023-06-05 23:37:40,587] {dagbag.py:507} INFO - Filling up the DagBag from /home/gui/Documentos/airflowalura/venv/lib/python3.9/site-packages/airflow/example_dags/example_branch_day_of_week_operator.py
[2023-06-05 23:37:40,601] {processor.py:651} INFO - DAG(s) dict_keys(['example_weekday_branch_operator']) retrieved from /home/gui/Documentos/airflowalura/venv/lib/python3.9/site-packages/airflow/example_dags/example_branch_day_of_week_operator.py
[2023-06-05 23:37:40,635] {logging_mixin.py:115} INFO - [2023-06-05 23:37:40,635] {dag.py:2379} INFO - Sync 1 DAGs
[2023-06-05 23:37:40,691] {logging_mixin.py:115} INFO - [2023-06-05 23:37:40,691] {dag.py:2927} INFO - Setting next_dagrun for example_weekday_branch_operator to 2023-06-05T00:00:00+00:00, run_after=2023-06-06T00:00:00+00:00
[2023-06-05 23:37:41,032] {processor.py:161} INFO - Processing /home/gui/Documentos/airflowalura/venv/lib/python3.9/site-packages/airflow/example_dags/example_branch_day_of_week_operator.py took 0.453 seconds
[2023-06-05 23:38:32,520] {processor.py:153} INFO - Started process (PID=49945) to work on /home/gui/Documentos/airflowalura/venv/lib/python3.9/site-packages/airflow/example_dags/example_branch_day_of_week_operator.py
[2023-06-05 23:38:32,523] {processor.py:641} INFO - Processing file /home/gui/Documentos/airflowalura/venv/lib/python3.9/site-packages/airflow/example_dags/example_branch_day_of_week_operator.py for tasks to queue
[2023-06-05 23:38:32,524] {logging_mixin.py:115} INFO - [2023-06-05 23:38:32,524] {dagbag.py:507} INFO - Filling up the DagBag from /home/gui/Documentos/airflowalura/venv/lib/python3.9/site-packages/airflow/example_dags/example_branch_day_of_week_operator.py
[2023-06-05 23:38:32,555] {processor.py:651} INFO - DAG(s) dict_keys(['example_weekday_branch_operator']) retrieved from /home/gui/Documentos/airflowalura/venv/lib/python3.9/site-packages/airflow/example_dags/example_branch_day_of_week_operator.py
[2023-06-05 23:38:32,614] {logging_mixin.py:115} INFO - [2023-06-05 23:38:32,614] {dag.py:2379} INFO - Sync 1 DAGs
[2023-06-05 23:38:32,676] {logging_mixin.py:115} INFO - [2023-06-05 23:38:32,675] {dag.py:2927} INFO - Setting next_dagrun for example_weekday_branch_operator to 2023-06-05T00:00:00+00:00, run_after=2023-06-06T00:00:00+00:00
[2023-06-05 23:38:32,703] {processor.py:161} INFO - Processing /home/gui/Documentos/airflowalura/venv/lib/python3.9/site-packages/airflow/example_dags/example_branch_day_of_week_operator.py took 0.190 seconds
[2023-06-05 23:39:14,480] {processor.py:153} INFO - Started process (PID=50010) to work on /home/gui/Documentos/airflowalura/venv/lib/python3.9/site-packages/airflow/example_dags/example_branch_day_of_week_operator.py
[2023-06-05 23:39:14,487] {processor.py:641} INFO - Processing file /home/gui/Documentos/airflowalura/venv/lib/python3.9/site-packages/airflow/example_dags/example_branch_day_of_week_operator.py for tasks to queue
[2023-06-05 23:39:14,499] {logging_mixin.py:115} INFO - [2023-06-05 23:39:14,499] {dagbag.py:507} INFO - Filling up the DagBag from /home/gui/Documentos/airflowalura/venv/lib/python3.9/site-packages/airflow/example_dags/example_branch_day_of_week_operator.py
[2023-06-05 23:39:14,513] {processor.py:651} INFO - DAG(s) dict_keys(['example_weekday_branch_operator']) retrieved from /home/gui/Documentos/airflowalura/venv/lib/python3.9/site-packages/airflow/example_dags/example_branch_day_of_week_operator.py
[2023-06-05 23:39:14,569] {logging_mixin.py:115} INFO - [2023-06-05 23:39:14,568] {dag.py:2379} INFO - Sync 1 DAGs
[2023-06-05 23:39:14,645] {logging_mixin.py:115} INFO - [2023-06-05 23:39:14,645] {dag.py:2927} INFO - Setting next_dagrun for example_weekday_branch_operator to 2023-06-05T00:00:00+00:00, run_after=2023-06-06T00:00:00+00:00
[2023-06-05 23:39:14,683] {processor.py:161} INFO - Processing /home/gui/Documentos/airflowalura/venv/lib/python3.9/site-packages/airflow/example_dags/example_branch_day_of_week_operator.py took 0.210 seconds
[2023-06-05 23:40:02,237] {processor.py:153} INFO - Started process (PID=50315) to work on /home/gui/Documentos/airflowalura/venv/lib/python3.9/site-packages/airflow/example_dags/example_branch_day_of_week_operator.py
[2023-06-05 23:40:02,243] {processor.py:641} INFO - Processing file /home/gui/Documentos/airflowalura/venv/lib/python3.9/site-packages/airflow/example_dags/example_branch_day_of_week_operator.py for tasks to queue
[2023-06-05 23:40:02,244] {logging_mixin.py:115} INFO - [2023-06-05 23:40:02,244] {dagbag.py:507} INFO - Filling up the DagBag from /home/gui/Documentos/airflowalura/venv/lib/python3.9/site-packages/airflow/example_dags/example_branch_day_of_week_operator.py
[2023-06-05 23:40:02,267] {processor.py:651} INFO - DAG(s) dict_keys(['example_weekday_branch_operator']) retrieved from /home/gui/Documentos/airflowalura/venv/lib/python3.9/site-packages/airflow/example_dags/example_branch_day_of_week_operator.py
[2023-06-05 23:40:02,302] {logging_mixin.py:115} INFO - [2023-06-05 23:40:02,302] {dag.py:2379} INFO - Sync 1 DAGs
[2023-06-05 23:40:02,347] {logging_mixin.py:115} INFO - [2023-06-05 23:40:02,346] {dag.py:2927} INFO - Setting next_dagrun for example_weekday_branch_operator to 2023-06-05T00:00:00+00:00, run_after=2023-06-06T00:00:00+00:00
[2023-06-05 23:40:02,420] {processor.py:161} INFO - Processing /home/gui/Documentos/airflowalura/venv/lib/python3.9/site-packages/airflow/example_dags/example_branch_day_of_week_operator.py took 0.196 seconds
[2023-06-05 23:40:47,449] {processor.py:153} INFO - Started process (PID=50426) to work on /home/gui/Documentos/airflowalura/venv/lib/python3.9/site-packages/airflow/example_dags/example_branch_day_of_week_operator.py
[2023-06-05 23:40:47,455] {processor.py:641} INFO - Processing file /home/gui/Documentos/airflowalura/venv/lib/python3.9/site-packages/airflow/example_dags/example_branch_day_of_week_operator.py for tasks to queue
[2023-06-05 23:40:47,456] {logging_mixin.py:115} INFO - [2023-06-05 23:40:47,456] {dagbag.py:507} INFO - Filling up the DagBag from /home/gui/Documentos/airflowalura/venv/lib/python3.9/site-packages/airflow/example_dags/example_branch_day_of_week_operator.py
[2023-06-05 23:40:47,478] {processor.py:651} INFO - DAG(s) dict_keys(['example_weekday_branch_operator']) retrieved from /home/gui/Documentos/airflowalura/venv/lib/python3.9/site-packages/airflow/example_dags/example_branch_day_of_week_operator.py
[2023-06-05 23:40:47,523] {logging_mixin.py:115} INFO - [2023-06-05 23:40:47,523] {dag.py:2379} INFO - Sync 1 DAGs
[2023-06-05 23:40:47,579] {logging_mixin.py:115} INFO - [2023-06-05 23:40:47,578] {dag.py:2927} INFO - Setting next_dagrun for example_weekday_branch_operator to 2023-06-05T00:00:00+00:00, run_after=2023-06-06T00:00:00+00:00
[2023-06-05 23:40:47,620] {processor.py:161} INFO - Processing /home/gui/Documentos/airflowalura/venv/lib/python3.9/site-packages/airflow/example_dags/example_branch_day_of_week_operator.py took 0.182 seconds
[2023-06-05 23:41:33,090] {processor.py:153} INFO - Started process (PID=50736) to work on /home/gui/Documentos/airflowalura/venv/lib/python3.9/site-packages/airflow/example_dags/example_branch_day_of_week_operator.py
[2023-06-05 23:41:33,095] {processor.py:641} INFO - Processing file /home/gui/Documentos/airflowalura/venv/lib/python3.9/site-packages/airflow/example_dags/example_branch_day_of_week_operator.py for tasks to queue
[2023-06-05 23:41:33,096] {logging_mixin.py:115} INFO - [2023-06-05 23:41:33,096] {dagbag.py:507} INFO - Filling up the DagBag from /home/gui/Documentos/airflowalura/venv/lib/python3.9/site-packages/airflow/example_dags/example_branch_day_of_week_operator.py
[2023-06-05 23:41:33,117] {processor.py:651} INFO - DAG(s) dict_keys(['example_weekday_branch_operator']) retrieved from /home/gui/Documentos/airflowalura/venv/lib/python3.9/site-packages/airflow/example_dags/example_branch_day_of_week_operator.py
[2023-06-05 23:41:33,151] {logging_mixin.py:115} INFO - [2023-06-05 23:41:33,150] {dag.py:2379} INFO - Sync 1 DAGs
[2023-06-05 23:41:33,186] {logging_mixin.py:115} INFO - [2023-06-05 23:41:33,186] {dag.py:2927} INFO - Setting next_dagrun for example_weekday_branch_operator to 2023-06-05T00:00:00+00:00, run_after=2023-06-06T00:00:00+00:00
[2023-06-05 23:41:33,224] {processor.py:161} INFO - Processing /home/gui/Documentos/airflowalura/venv/lib/python3.9/site-packages/airflow/example_dags/example_branch_day_of_week_operator.py took 0.141 seconds
[2023-06-05 23:42:16,932] {processor.py:153} INFO - Started process (PID=50830) to work on /home/gui/Documentos/airflowalura/venv/lib/python3.9/site-packages/airflow/example_dags/example_branch_day_of_week_operator.py
[2023-06-05 23:42:16,935] {processor.py:641} INFO - Processing file /home/gui/Documentos/airflowalura/venv/lib/python3.9/site-packages/airflow/example_dags/example_branch_day_of_week_operator.py for tasks to queue
[2023-06-05 23:42:16,936] {logging_mixin.py:115} INFO - [2023-06-05 23:42:16,936] {dagbag.py:507} INFO - Filling up the DagBag from /home/gui/Documentos/airflowalura/venv/lib/python3.9/site-packages/airflow/example_dags/example_branch_day_of_week_operator.py
[2023-06-05 23:42:16,958] {processor.py:651} INFO - DAG(s) dict_keys(['example_weekday_branch_operator']) retrieved from /home/gui/Documentos/airflowalura/venv/lib/python3.9/site-packages/airflow/example_dags/example_branch_day_of_week_operator.py
[2023-06-05 23:42:16,993] {logging_mixin.py:115} INFO - [2023-06-05 23:42:16,993] {dag.py:2379} INFO - Sync 1 DAGs
[2023-06-05 23:42:17,036] {logging_mixin.py:115} INFO - [2023-06-05 23:42:17,035] {dag.py:2927} INFO - Setting next_dagrun for example_weekday_branch_operator to 2023-06-05T00:00:00+00:00, run_after=2023-06-06T00:00:00+00:00
[2023-06-05 23:42:17,068] {processor.py:161} INFO - Processing /home/gui/Documentos/airflowalura/venv/lib/python3.9/site-packages/airflow/example_dags/example_branch_day_of_week_operator.py took 0.157 seconds
