[2023-06-05 23:02:21,913] {processor.py:153} INFO - Started process (PID=44521) to work on /home/gui/Documentos/airflowalura/venv/lib/python3.9/site-packages/airflow/example_dags/example_latest_only_with_trigger.py
[2023-06-05 23:02:21,913] {processor.py:641} INFO - Processing file /home/gui/Documentos/airflowalura/venv/lib/python3.9/site-packages/airflow/example_dags/example_latest_only_with_trigger.py for tasks to queue
[2023-06-05 23:02:21,914] {logging_mixin.py:115} INFO - [2023-06-05 23:02:21,914] {dagbag.py:507} INFO - Filling up the DagBag from /home/gui/Documentos/airflowalura/venv/lib/python3.9/site-packages/airflow/example_dags/example_latest_only_with_trigger.py
[2023-06-05 23:02:21,927] {processor.py:651} INFO - DAG(s) dict_keys(['latest_only_with_trigger']) retrieved from /home/gui/Documentos/airflowalura/venv/lib/python3.9/site-packages/airflow/example_dags/example_latest_only_with_trigger.py
[2023-06-05 23:02:22,039] {logging_mixin.py:115} INFO - [2023-06-05 23:02:22,039] {manager.py:508} INFO - Created Permission View: can read on DAG:latest_only_with_trigger
[2023-06-05 23:02:22,053] {logging_mixin.py:115} INFO - [2023-06-05 23:02:22,053] {manager.py:508} INFO - Created Permission View: can edit on DAG:latest_only_with_trigger
[2023-06-05 23:02:22,065] {logging_mixin.py:115} INFO - [2023-06-05 23:02:22,065] {manager.py:508} INFO - Created Permission View: can delete on DAG:latest_only_with_trigger
[2023-06-05 23:02:22,065] {logging_mixin.py:115} INFO - [2023-06-05 23:02:22,065] {dag.py:2379} INFO - Sync 1 DAGs
[2023-06-05 23:02:22,080] {logging_mixin.py:115} INFO - [2023-06-05 23:02:22,080] {dag.py:2398} INFO - Creating ORM DAG for latest_only_with_trigger
[2023-06-05 23:02:22,093] {logging_mixin.py:115} INFO - [2023-06-05 23:02:22,093] {dag.py:2927} INFO - Setting next_dagrun for latest_only_with_trigger to 2023-06-05T22:02:22.092713+00:00, run_after=2023-06-06T02:02:22.092713+00:00
[2023-06-05 23:02:22,115] {processor.py:161} INFO - Processing /home/gui/Documentos/airflowalura/venv/lib/python3.9/site-packages/airflow/example_dags/example_latest_only_with_trigger.py took 0.209 seconds
[2023-06-05 23:05:29,025] {processor.py:153} INFO - Started process (PID=44972) to work on /home/gui/Documentos/airflowalura/venv/lib/python3.9/site-packages/airflow/example_dags/example_latest_only_with_trigger.py
[2023-06-05 23:05:29,027] {processor.py:641} INFO - Processing file /home/gui/Documentos/airflowalura/venv/lib/python3.9/site-packages/airflow/example_dags/example_latest_only_with_trigger.py for tasks to queue
[2023-06-05 23:05:29,028] {logging_mixin.py:115} INFO - [2023-06-05 23:05:29,028] {dagbag.py:507} INFO - Filling up the DagBag from /home/gui/Documentos/airflowalura/venv/lib/python3.9/site-packages/airflow/example_dags/example_latest_only_with_trigger.py
[2023-06-05 23:05:29,041] {processor.py:651} INFO - DAG(s) dict_keys(['latest_only_with_trigger']) retrieved from /home/gui/Documentos/airflowalura/venv/lib/python3.9/site-packages/airflow/example_dags/example_latest_only_with_trigger.py
[2023-06-05 23:05:29,070] {logging_mixin.py:115} INFO - [2023-06-05 23:05:29,070] {dag.py:2379} INFO - Sync 1 DAGs
[2023-06-05 23:05:29,097] {logging_mixin.py:115} INFO - [2023-06-05 23:05:29,097] {dag.py:2927} INFO - Setting next_dagrun for latest_only_with_trigger to 2023-06-05T22:05:29.097185+00:00, run_after=2023-06-06T02:05:29.097185+00:00
[2023-06-05 23:05:29,116] {processor.py:161} INFO - Processing /home/gui/Documentos/airflowalura/venv/lib/python3.9/site-packages/airflow/example_dags/example_latest_only_with_trigger.py took 0.099 seconds
[2023-06-05 23:06:09,340] {processor.py:153} INFO - Started process (PID=45009) to work on /home/gui/Documentos/airflowalura/venv/lib/python3.9/site-packages/airflow/example_dags/example_latest_only_with_trigger.py
[2023-06-05 23:06:09,341] {processor.py:641} INFO - Processing file /home/gui/Documentos/airflowalura/venv/lib/python3.9/site-packages/airflow/example_dags/example_latest_only_with_trigger.py for tasks to queue
[2023-06-05 23:06:09,342] {logging_mixin.py:115} INFO - [2023-06-05 23:06:09,341] {dagbag.py:507} INFO - Filling up the DagBag from /home/gui/Documentos/airflowalura/venv/lib/python3.9/site-packages/airflow/example_dags/example_latest_only_with_trigger.py
[2023-06-05 23:06:09,351] {processor.py:651} INFO - DAG(s) dict_keys(['latest_only_with_trigger']) retrieved from /home/gui/Documentos/airflowalura/venv/lib/python3.9/site-packages/airflow/example_dags/example_latest_only_with_trigger.py
[2023-06-05 23:06:09,376] {logging_mixin.py:115} INFO - [2023-06-05 23:06:09,376] {dag.py:2379} INFO - Sync 1 DAGs
[2023-06-05 23:06:09,402] {logging_mixin.py:115} INFO - [2023-06-05 23:06:09,402] {dag.py:2927} INFO - Setting next_dagrun for latest_only_with_trigger to 2023-06-05T22:06:09.401862+00:00, run_after=2023-06-06T02:06:09.401862+00:00
[2023-06-05 23:06:09,419] {processor.py:161} INFO - Processing /home/gui/Documentos/airflowalura/venv/lib/python3.9/site-packages/airflow/example_dags/example_latest_only_with_trigger.py took 0.085 seconds
[2023-06-05 23:06:46,408] {processor.py:153} INFO - Started process (PID=45043) to work on /home/gui/Documentos/airflowalura/venv/lib/python3.9/site-packages/airflow/example_dags/example_latest_only_with_trigger.py
[2023-06-05 23:06:46,410] {processor.py:641} INFO - Processing file /home/gui/Documentos/airflowalura/venv/lib/python3.9/site-packages/airflow/example_dags/example_latest_only_with_trigger.py for tasks to queue
[2023-06-05 23:06:46,411] {logging_mixin.py:115} INFO - [2023-06-05 23:06:46,410] {dagbag.py:507} INFO - Filling up the DagBag from /home/gui/Documentos/airflowalura/venv/lib/python3.9/site-packages/airflow/example_dags/example_latest_only_with_trigger.py
[2023-06-05 23:06:46,421] {processor.py:651} INFO - DAG(s) dict_keys(['latest_only_with_trigger']) retrieved from /home/gui/Documentos/airflowalura/venv/lib/python3.9/site-packages/airflow/example_dags/example_latest_only_with_trigger.py
[2023-06-05 23:06:46,450] {logging_mixin.py:115} INFO - [2023-06-05 23:06:46,450] {dag.py:2379} INFO - Sync 1 DAGs
[2023-06-05 23:06:46,476] {logging_mixin.py:115} INFO - [2023-06-05 23:06:46,476] {dag.py:2927} INFO - Setting next_dagrun for latest_only_with_trigger to 2023-06-05T22:06:46.475815+00:00, run_after=2023-06-06T02:06:46.475815+00:00
[2023-06-05 23:06:46,497] {processor.py:161} INFO - Processing /home/gui/Documentos/airflowalura/venv/lib/python3.9/site-packages/airflow/example_dags/example_latest_only_with_trigger.py took 0.095 seconds
[2023-06-05 23:07:24,638] {processor.py:153} INFO - Started process (PID=45098) to work on /home/gui/Documentos/airflowalura/venv/lib/python3.9/site-packages/airflow/example_dags/example_latest_only_with_trigger.py
[2023-06-05 23:07:24,640] {processor.py:641} INFO - Processing file /home/gui/Documentos/airflowalura/venv/lib/python3.9/site-packages/airflow/example_dags/example_latest_only_with_trigger.py for tasks to queue
[2023-06-05 23:07:24,640] {logging_mixin.py:115} INFO - [2023-06-05 23:07:24,640] {dagbag.py:507} INFO - Filling up the DagBag from /home/gui/Documentos/airflowalura/venv/lib/python3.9/site-packages/airflow/example_dags/example_latest_only_with_trigger.py
[2023-06-05 23:07:24,656] {processor.py:651} INFO - DAG(s) dict_keys(['latest_only_with_trigger']) retrieved from /home/gui/Documentos/airflowalura/venv/lib/python3.9/site-packages/airflow/example_dags/example_latest_only_with_trigger.py
[2023-06-05 23:07:24,701] {logging_mixin.py:115} INFO - [2023-06-05 23:07:24,701] {dag.py:2379} INFO - Sync 1 DAGs
[2023-06-05 23:07:24,743] {logging_mixin.py:115} INFO - [2023-06-05 23:07:24,743] {dag.py:2927} INFO - Setting next_dagrun for latest_only_with_trigger to 2023-06-05T22:07:24.742952+00:00, run_after=2023-06-06T02:07:24.742952+00:00
[2023-06-05 23:07:24,956] {processor.py:161} INFO - Processing /home/gui/Documentos/airflowalura/venv/lib/python3.9/site-packages/airflow/example_dags/example_latest_only_with_trigger.py took 0.326 seconds
[2023-06-05 23:08:04,018] {processor.py:153} INFO - Started process (PID=45138) to work on /home/gui/Documentos/airflowalura/venv/lib/python3.9/site-packages/airflow/example_dags/example_latest_only_with_trigger.py
[2023-06-05 23:08:04,025] {processor.py:641} INFO - Processing file /home/gui/Documentos/airflowalura/venv/lib/python3.9/site-packages/airflow/example_dags/example_latest_only_with_trigger.py for tasks to queue
[2023-06-05 23:08:04,025] {logging_mixin.py:115} INFO - [2023-06-05 23:08:04,025] {dagbag.py:507} INFO - Filling up the DagBag from /home/gui/Documentos/airflowalura/venv/lib/python3.9/site-packages/airflow/example_dags/example_latest_only_with_trigger.py
[2023-06-05 23:08:04,037] {processor.py:651} INFO - DAG(s) dict_keys(['latest_only_with_trigger']) retrieved from /home/gui/Documentos/airflowalura/venv/lib/python3.9/site-packages/airflow/example_dags/example_latest_only_with_trigger.py
[2023-06-05 23:08:04,067] {logging_mixin.py:115} INFO - [2023-06-05 23:08:04,067] {dag.py:2379} INFO - Sync 1 DAGs
[2023-06-05 23:08:04,094] {logging_mixin.py:115} INFO - [2023-06-05 23:08:04,093] {dag.py:2927} INFO - Setting next_dagrun for latest_only_with_trigger to 2023-06-05T22:08:04.093471+00:00, run_after=2023-06-06T02:08:04.093471+00:00
[2023-06-05 23:08:04,112] {processor.py:161} INFO - Processing /home/gui/Documentos/airflowalura/venv/lib/python3.9/site-packages/airflow/example_dags/example_latest_only_with_trigger.py took 0.100 seconds
[2023-06-05 23:08:43,589] {processor.py:153} INFO - Started process (PID=45175) to work on /home/gui/Documentos/airflowalura/venv/lib/python3.9/site-packages/airflow/example_dags/example_latest_only_with_trigger.py
[2023-06-05 23:08:43,590] {processor.py:641} INFO - Processing file /home/gui/Documentos/airflowalura/venv/lib/python3.9/site-packages/airflow/example_dags/example_latest_only_with_trigger.py for tasks to queue
[2023-06-05 23:08:43,590] {logging_mixin.py:115} INFO - [2023-06-05 23:08:43,590] {dagbag.py:507} INFO - Filling up the DagBag from /home/gui/Documentos/airflowalura/venv/lib/python3.9/site-packages/airflow/example_dags/example_latest_only_with_trigger.py
[2023-06-05 23:08:43,601] {processor.py:651} INFO - DAG(s) dict_keys(['latest_only_with_trigger']) retrieved from /home/gui/Documentos/airflowalura/venv/lib/python3.9/site-packages/airflow/example_dags/example_latest_only_with_trigger.py
[2023-06-05 23:08:43,629] {logging_mixin.py:115} INFO - [2023-06-05 23:08:43,629] {dag.py:2379} INFO - Sync 1 DAGs
[2023-06-05 23:08:43,657] {logging_mixin.py:115} INFO - [2023-06-05 23:08:43,657] {dag.py:2927} INFO - Setting next_dagrun for latest_only_with_trigger to 2023-06-05T22:08:43.657389+00:00, run_after=2023-06-06T02:08:43.657389+00:00
[2023-06-05 23:08:43,677] {processor.py:161} INFO - Processing /home/gui/Documentos/airflowalura/venv/lib/python3.9/site-packages/airflow/example_dags/example_latest_only_with_trigger.py took 0.094 seconds
[2023-06-05 23:09:24,747] {processor.py:153} INFO - Started process (PID=45208) to work on /home/gui/Documentos/airflowalura/venv/lib/python3.9/site-packages/airflow/example_dags/example_latest_only_with_trigger.py
[2023-06-05 23:09:24,749] {processor.py:641} INFO - Processing file /home/gui/Documentos/airflowalura/venv/lib/python3.9/site-packages/airflow/example_dags/example_latest_only_with_trigger.py for tasks to queue
[2023-06-05 23:09:24,750] {logging_mixin.py:115} INFO - [2023-06-05 23:09:24,750] {dagbag.py:507} INFO - Filling up the DagBag from /home/gui/Documentos/airflowalura/venv/lib/python3.9/site-packages/airflow/example_dags/example_latest_only_with_trigger.py
[2023-06-05 23:09:24,761] {processor.py:651} INFO - DAG(s) dict_keys(['latest_only_with_trigger']) retrieved from /home/gui/Documentos/airflowalura/venv/lib/python3.9/site-packages/airflow/example_dags/example_latest_only_with_trigger.py
[2023-06-05 23:09:24,793] {logging_mixin.py:115} INFO - [2023-06-05 23:09:24,793] {dag.py:2379} INFO - Sync 1 DAGs
[2023-06-05 23:09:24,834] {logging_mixin.py:115} INFO - [2023-06-05 23:09:24,833] {dag.py:2927} INFO - Setting next_dagrun for latest_only_with_trigger to 2023-06-05T22:09:24.833302+00:00, run_after=2023-06-06T02:09:24.833302+00:00
[2023-06-05 23:09:24,857] {processor.py:161} INFO - Processing /home/gui/Documentos/airflowalura/venv/lib/python3.9/site-packages/airflow/example_dags/example_latest_only_with_trigger.py took 0.116 seconds
[2023-06-05 23:10:03,358] {processor.py:153} INFO - Started process (PID=45242) to work on /home/gui/Documentos/airflowalura/venv/lib/python3.9/site-packages/airflow/example_dags/example_latest_only_with_trigger.py
[2023-06-05 23:10:03,360] {processor.py:641} INFO - Processing file /home/gui/Documentos/airflowalura/venv/lib/python3.9/site-packages/airflow/example_dags/example_latest_only_with_trigger.py for tasks to queue
[2023-06-05 23:10:03,361] {logging_mixin.py:115} INFO - [2023-06-05 23:10:03,361] {dagbag.py:507} INFO - Filling up the DagBag from /home/gui/Documentos/airflowalura/venv/lib/python3.9/site-packages/airflow/example_dags/example_latest_only_with_trigger.py
[2023-06-05 23:10:03,373] {processor.py:651} INFO - DAG(s) dict_keys(['latest_only_with_trigger']) retrieved from /home/gui/Documentos/airflowalura/venv/lib/python3.9/site-packages/airflow/example_dags/example_latest_only_with_trigger.py
[2023-06-05 23:10:03,405] {logging_mixin.py:115} INFO - [2023-06-05 23:10:03,405] {dag.py:2379} INFO - Sync 1 DAGs
[2023-06-05 23:10:03,437] {logging_mixin.py:115} INFO - [2023-06-05 23:10:03,437] {dag.py:2927} INFO - Setting next_dagrun for latest_only_with_trigger to 2023-06-05T22:10:03.437290+00:00, run_after=2023-06-06T02:10:03.437290+00:00
[2023-06-05 23:10:03,473] {processor.py:161} INFO - Processing /home/gui/Documentos/airflowalura/venv/lib/python3.9/site-packages/airflow/example_dags/example_latest_only_with_trigger.py took 0.121 seconds
[2023-06-05 23:10:46,906] {processor.py:153} INFO - Started process (PID=45277) to work on /home/gui/Documentos/airflowalura/venv/lib/python3.9/site-packages/airflow/example_dags/example_latest_only_with_trigger.py
[2023-06-05 23:10:46,908] {processor.py:641} INFO - Processing file /home/gui/Documentos/airflowalura/venv/lib/python3.9/site-packages/airflow/example_dags/example_latest_only_with_trigger.py for tasks to queue
[2023-06-05 23:10:46,910] {logging_mixin.py:115} INFO - [2023-06-05 23:10:46,909] {dagbag.py:507} INFO - Filling up the DagBag from /home/gui/Documentos/airflowalura/venv/lib/python3.9/site-packages/airflow/example_dags/example_latest_only_with_trigger.py
[2023-06-05 23:10:46,924] {processor.py:651} INFO - DAG(s) dict_keys(['latest_only_with_trigger']) retrieved from /home/gui/Documentos/airflowalura/venv/lib/python3.9/site-packages/airflow/example_dags/example_latest_only_with_trigger.py
[2023-06-05 23:10:46,959] {logging_mixin.py:115} INFO - [2023-06-05 23:10:46,959] {dag.py:2379} INFO - Sync 1 DAGs
[2023-06-05 23:10:46,998] {logging_mixin.py:115} INFO - [2023-06-05 23:10:46,998] {dag.py:2927} INFO - Setting next_dagrun for latest_only_with_trigger to 2023-06-05T22:10:46.997582+00:00, run_after=2023-06-06T02:10:46.997582+00:00
[2023-06-05 23:10:47,020] {processor.py:161} INFO - Processing /home/gui/Documentos/airflowalura/venv/lib/python3.9/site-packages/airflow/example_dags/example_latest_only_with_trigger.py took 0.122 seconds
[2023-06-05 23:11:27,829] {processor.py:153} INFO - Started process (PID=45318) to work on /home/gui/Documentos/airflowalura/venv/lib/python3.9/site-packages/airflow/example_dags/example_latest_only_with_trigger.py
[2023-06-05 23:11:27,830] {processor.py:641} INFO - Processing file /home/gui/Documentos/airflowalura/venv/lib/python3.9/site-packages/airflow/example_dags/example_latest_only_with_trigger.py for tasks to queue
[2023-06-05 23:11:27,831] {logging_mixin.py:115} INFO - [2023-06-05 23:11:27,831] {dagbag.py:507} INFO - Filling up the DagBag from /home/gui/Documentos/airflowalura/venv/lib/python3.9/site-packages/airflow/example_dags/example_latest_only_with_trigger.py
[2023-06-05 23:11:27,842] {processor.py:651} INFO - DAG(s) dict_keys(['latest_only_with_trigger']) retrieved from /home/gui/Documentos/airflowalura/venv/lib/python3.9/site-packages/airflow/example_dags/example_latest_only_with_trigger.py
[2023-06-05 23:11:27,874] {logging_mixin.py:115} INFO - [2023-06-05 23:11:27,874] {dag.py:2379} INFO - Sync 1 DAGs
[2023-06-05 23:11:27,909] {logging_mixin.py:115} INFO - [2023-06-05 23:11:27,909] {dag.py:2927} INFO - Setting next_dagrun for latest_only_with_trigger to 2023-06-05T22:11:27.908808+00:00, run_after=2023-06-06T02:11:27.908808+00:00
[2023-06-05 23:11:27,930] {processor.py:161} INFO - Processing /home/gui/Documentos/airflowalura/venv/lib/python3.9/site-packages/airflow/example_dags/example_latest_only_with_trigger.py took 0.107 seconds
[2023-06-05 23:12:03,562] {processor.py:153} INFO - Started process (PID=45350) to work on /home/gui/Documentos/airflowalura/venv/lib/python3.9/site-packages/airflow/example_dags/example_latest_only_with_trigger.py
[2023-06-05 23:12:03,563] {processor.py:641} INFO - Processing file /home/gui/Documentos/airflowalura/venv/lib/python3.9/site-packages/airflow/example_dags/example_latest_only_with_trigger.py for tasks to queue
[2023-06-05 23:12:03,564] {logging_mixin.py:115} INFO - [2023-06-05 23:12:03,564] {dagbag.py:507} INFO - Filling up the DagBag from /home/gui/Documentos/airflowalura/venv/lib/python3.9/site-packages/airflow/example_dags/example_latest_only_with_trigger.py
[2023-06-05 23:12:03,574] {processor.py:651} INFO - DAG(s) dict_keys(['latest_only_with_trigger']) retrieved from /home/gui/Documentos/airflowalura/venv/lib/python3.9/site-packages/airflow/example_dags/example_latest_only_with_trigger.py
[2023-06-05 23:12:03,602] {logging_mixin.py:115} INFO - [2023-06-05 23:12:03,602] {dag.py:2379} INFO - Sync 1 DAGs
[2023-06-05 23:12:03,629] {logging_mixin.py:115} INFO - [2023-06-05 23:12:03,629] {dag.py:2927} INFO - Setting next_dagrun for latest_only_with_trigger to 2023-06-05T22:12:03.629055+00:00, run_after=2023-06-06T02:12:03.629055+00:00
[2023-06-05 23:12:03,647] {processor.py:161} INFO - Processing /home/gui/Documentos/airflowalura/venv/lib/python3.9/site-packages/airflow/example_dags/example_latest_only_with_trigger.py took 0.091 seconds
[2023-06-05 23:12:46,378] {processor.py:153} INFO - Started process (PID=45388) to work on /home/gui/Documentos/airflowalura/venv/lib/python3.9/site-packages/airflow/example_dags/example_latest_only_with_trigger.py
[2023-06-05 23:12:46,379] {processor.py:641} INFO - Processing file /home/gui/Documentos/airflowalura/venv/lib/python3.9/site-packages/airflow/example_dags/example_latest_only_with_trigger.py for tasks to queue
[2023-06-05 23:12:46,380] {logging_mixin.py:115} INFO - [2023-06-05 23:12:46,380] {dagbag.py:507} INFO - Filling up the DagBag from /home/gui/Documentos/airflowalura/venv/lib/python3.9/site-packages/airflow/example_dags/example_latest_only_with_trigger.py
[2023-06-05 23:12:46,390] {processor.py:651} INFO - DAG(s) dict_keys(['latest_only_with_trigger']) retrieved from /home/gui/Documentos/airflowalura/venv/lib/python3.9/site-packages/airflow/example_dags/example_latest_only_with_trigger.py
[2023-06-05 23:12:46,417] {logging_mixin.py:115} INFO - [2023-06-05 23:12:46,417] {dag.py:2379} INFO - Sync 1 DAGs
[2023-06-05 23:12:46,445] {logging_mixin.py:115} INFO - [2023-06-05 23:12:46,444] {dag.py:2927} INFO - Setting next_dagrun for latest_only_with_trigger to 2023-06-05T22:12:46.444570+00:00, run_after=2023-06-06T02:12:46.444570+00:00
[2023-06-05 23:12:46,463] {processor.py:161} INFO - Processing /home/gui/Documentos/airflowalura/venv/lib/python3.9/site-packages/airflow/example_dags/example_latest_only_with_trigger.py took 0.091 seconds
[2023-06-05 23:13:24,825] {processor.py:153} INFO - Started process (PID=45420) to work on /home/gui/Documentos/airflowalura/venv/lib/python3.9/site-packages/airflow/example_dags/example_latest_only_with_trigger.py
[2023-06-05 23:13:24,826] {processor.py:641} INFO - Processing file /home/gui/Documentos/airflowalura/venv/lib/python3.9/site-packages/airflow/example_dags/example_latest_only_with_trigger.py for tasks to queue
[2023-06-05 23:13:24,827] {logging_mixin.py:115} INFO - [2023-06-05 23:13:24,827] {dagbag.py:507} INFO - Filling up the DagBag from /home/gui/Documentos/airflowalura/venv/lib/python3.9/site-packages/airflow/example_dags/example_latest_only_with_trigger.py
[2023-06-05 23:13:24,837] {processor.py:651} INFO - DAG(s) dict_keys(['latest_only_with_trigger']) retrieved from /home/gui/Documentos/airflowalura/venv/lib/python3.9/site-packages/airflow/example_dags/example_latest_only_with_trigger.py
[2023-06-05 23:13:24,865] {logging_mixin.py:115} INFO - [2023-06-05 23:13:24,865] {dag.py:2379} INFO - Sync 1 DAGs
[2023-06-05 23:13:24,892] {logging_mixin.py:115} INFO - [2023-06-05 23:13:24,892] {dag.py:2927} INFO - Setting next_dagrun for latest_only_with_trigger to 2023-06-05T22:13:24.891962+00:00, run_after=2023-06-06T02:13:24.891962+00:00
[2023-06-05 23:13:24,909] {processor.py:161} INFO - Processing /home/gui/Documentos/airflowalura/venv/lib/python3.9/site-packages/airflow/example_dags/example_latest_only_with_trigger.py took 0.090 seconds
[2023-06-05 23:14:02,268] {processor.py:153} INFO - Started process (PID=45456) to work on /home/gui/Documentos/airflowalura/venv/lib/python3.9/site-packages/airflow/example_dags/example_latest_only_with_trigger.py
[2023-06-05 23:14:02,270] {processor.py:641} INFO - Processing file /home/gui/Documentos/airflowalura/venv/lib/python3.9/site-packages/airflow/example_dags/example_latest_only_with_trigger.py for tasks to queue
[2023-06-05 23:14:02,271] {logging_mixin.py:115} INFO - [2023-06-05 23:14:02,271] {dagbag.py:507} INFO - Filling up the DagBag from /home/gui/Documentos/airflowalura/venv/lib/python3.9/site-packages/airflow/example_dags/example_latest_only_with_trigger.py
[2023-06-05 23:14:02,281] {processor.py:651} INFO - DAG(s) dict_keys(['latest_only_with_trigger']) retrieved from /home/gui/Documentos/airflowalura/venv/lib/python3.9/site-packages/airflow/example_dags/example_latest_only_with_trigger.py
[2023-06-05 23:14:02,314] {logging_mixin.py:115} INFO - [2023-06-05 23:14:02,314] {dag.py:2379} INFO - Sync 1 DAGs
[2023-06-05 23:14:02,341] {logging_mixin.py:115} INFO - [2023-06-05 23:14:02,341] {dag.py:2927} INFO - Setting next_dagrun for latest_only_with_trigger to 2023-06-05T22:14:02.341317+00:00, run_after=2023-06-06T02:14:02.341317+00:00
[2023-06-05 23:14:02,659] {processor.py:161} INFO - Processing /home/gui/Documentos/airflowalura/venv/lib/python3.9/site-packages/airflow/example_dags/example_latest_only_with_trigger.py took 0.397 seconds
[2023-06-05 23:14:40,592] {processor.py:153} INFO - Started process (PID=45489) to work on /home/gui/Documentos/airflowalura/venv/lib/python3.9/site-packages/airflow/example_dags/example_latest_only_with_trigger.py
[2023-06-05 23:14:40,594] {processor.py:641} INFO - Processing file /home/gui/Documentos/airflowalura/venv/lib/python3.9/site-packages/airflow/example_dags/example_latest_only_with_trigger.py for tasks to queue
[2023-06-05 23:14:40,595] {logging_mixin.py:115} INFO - [2023-06-05 23:14:40,594] {dagbag.py:507} INFO - Filling up the DagBag from /home/gui/Documentos/airflowalura/venv/lib/python3.9/site-packages/airflow/example_dags/example_latest_only_with_trigger.py
[2023-06-05 23:14:40,605] {processor.py:651} INFO - DAG(s) dict_keys(['latest_only_with_trigger']) retrieved from /home/gui/Documentos/airflowalura/venv/lib/python3.9/site-packages/airflow/example_dags/example_latest_only_with_trigger.py
[2023-06-05 23:14:40,634] {logging_mixin.py:115} INFO - [2023-06-05 23:14:40,633] {dag.py:2379} INFO - Sync 1 DAGs
[2023-06-05 23:14:40,663] {logging_mixin.py:115} INFO - [2023-06-05 23:14:40,663] {dag.py:2927} INFO - Setting next_dagrun for latest_only_with_trigger to 2023-06-05T22:14:40.662509+00:00, run_after=2023-06-06T02:14:40.662509+00:00
[2023-06-05 23:14:40,681] {processor.py:161} INFO - Processing /home/gui/Documentos/airflowalura/venv/lib/python3.9/site-packages/airflow/example_dags/example_latest_only_with_trigger.py took 0.096 seconds
[2023-06-05 23:15:18,824] {processor.py:153} INFO - Started process (PID=45523) to work on /home/gui/Documentos/airflowalura/venv/lib/python3.9/site-packages/airflow/example_dags/example_latest_only_with_trigger.py
[2023-06-05 23:15:18,825] {processor.py:641} INFO - Processing file /home/gui/Documentos/airflowalura/venv/lib/python3.9/site-packages/airflow/example_dags/example_latest_only_with_trigger.py for tasks to queue
[2023-06-05 23:15:18,826] {logging_mixin.py:115} INFO - [2023-06-05 23:15:18,826] {dagbag.py:507} INFO - Filling up the DagBag from /home/gui/Documentos/airflowalura/venv/lib/python3.9/site-packages/airflow/example_dags/example_latest_only_with_trigger.py
[2023-06-05 23:15:18,841] {processor.py:651} INFO - DAG(s) dict_keys(['latest_only_with_trigger']) retrieved from /home/gui/Documentos/airflowalura/venv/lib/python3.9/site-packages/airflow/example_dags/example_latest_only_with_trigger.py
[2023-06-05 23:15:18,878] {logging_mixin.py:115} INFO - [2023-06-05 23:15:18,878] {dag.py:2379} INFO - Sync 1 DAGs
[2023-06-05 23:15:18,913] {logging_mixin.py:115} INFO - [2023-06-05 23:15:18,913] {dag.py:2927} INFO - Setting next_dagrun for latest_only_with_trigger to 2023-06-05T22:15:18.912514+00:00, run_after=2023-06-06T02:15:18.912514+00:00
[2023-06-05 23:15:18,938] {processor.py:161} INFO - Processing /home/gui/Documentos/airflowalura/venv/lib/python3.9/site-packages/airflow/example_dags/example_latest_only_with_trigger.py took 0.121 seconds
[2023-06-05 23:15:56,734] {processor.py:153} INFO - Started process (PID=45579) to work on /home/gui/Documentos/airflowalura/venv/lib/python3.9/site-packages/airflow/example_dags/example_latest_only_with_trigger.py
[2023-06-05 23:15:56,735] {processor.py:641} INFO - Processing file /home/gui/Documentos/airflowalura/venv/lib/python3.9/site-packages/airflow/example_dags/example_latest_only_with_trigger.py for tasks to queue
[2023-06-05 23:15:56,736] {logging_mixin.py:115} INFO - [2023-06-05 23:15:56,736] {dagbag.py:507} INFO - Filling up the DagBag from /home/gui/Documentos/airflowalura/venv/lib/python3.9/site-packages/airflow/example_dags/example_latest_only_with_trigger.py
[2023-06-05 23:15:56,748] {processor.py:651} INFO - DAG(s) dict_keys(['latest_only_with_trigger']) retrieved from /home/gui/Documentos/airflowalura/venv/lib/python3.9/site-packages/airflow/example_dags/example_latest_only_with_trigger.py
[2023-06-05 23:15:56,785] {logging_mixin.py:115} INFO - [2023-06-05 23:15:56,785] {dag.py:2379} INFO - Sync 1 DAGs
[2023-06-05 23:15:56,821] {logging_mixin.py:115} INFO - [2023-06-05 23:15:56,821] {dag.py:2927} INFO - Setting next_dagrun for latest_only_with_trigger to 2023-06-05T22:15:56.820546+00:00, run_after=2023-06-06T02:15:56.820546+00:00
[2023-06-05 23:15:57,361] {processor.py:161} INFO - Processing /home/gui/Documentos/airflowalura/venv/lib/python3.9/site-packages/airflow/example_dags/example_latest_only_with_trigger.py took 0.634 seconds
[2023-06-05 23:16:37,405] {processor.py:153} INFO - Started process (PID=45616) to work on /home/gui/Documentos/airflowalura/venv/lib/python3.9/site-packages/airflow/example_dags/example_latest_only_with_trigger.py
[2023-06-05 23:16:37,407] {processor.py:641} INFO - Processing file /home/gui/Documentos/airflowalura/venv/lib/python3.9/site-packages/airflow/example_dags/example_latest_only_with_trigger.py for tasks to queue
[2023-06-05 23:16:37,409] {logging_mixin.py:115} INFO - [2023-06-05 23:16:37,408] {dagbag.py:507} INFO - Filling up the DagBag from /home/gui/Documentos/airflowalura/venv/lib/python3.9/site-packages/airflow/example_dags/example_latest_only_with_trigger.py
[2023-06-05 23:16:37,421] {processor.py:651} INFO - DAG(s) dict_keys(['latest_only_with_trigger']) retrieved from /home/gui/Documentos/airflowalura/venv/lib/python3.9/site-packages/airflow/example_dags/example_latest_only_with_trigger.py
[2023-06-05 23:16:37,457] {logging_mixin.py:115} INFO - [2023-06-05 23:16:37,457] {dag.py:2379} INFO - Sync 1 DAGs
[2023-06-05 23:16:37,495] {logging_mixin.py:115} INFO - [2023-06-05 23:16:37,495] {dag.py:2927} INFO - Setting next_dagrun for latest_only_with_trigger to 2023-06-05T22:16:37.494882+00:00, run_after=2023-06-06T02:16:37.494882+00:00
[2023-06-05 23:16:37,531] {processor.py:161} INFO - Processing /home/gui/Documentos/airflowalura/venv/lib/python3.9/site-packages/airflow/example_dags/example_latest_only_with_trigger.py took 0.133 seconds
[2023-06-05 23:17:20,134] {processor.py:153} INFO - Started process (PID=45656) to work on /home/gui/Documentos/airflowalura/venv/lib/python3.9/site-packages/airflow/example_dags/example_latest_only_with_trigger.py
[2023-06-05 23:17:20,136] {processor.py:641} INFO - Processing file /home/gui/Documentos/airflowalura/venv/lib/python3.9/site-packages/airflow/example_dags/example_latest_only_with_trigger.py for tasks to queue
[2023-06-05 23:17:20,137] {logging_mixin.py:115} INFO - [2023-06-05 23:17:20,137] {dagbag.py:507} INFO - Filling up the DagBag from /home/gui/Documentos/airflowalura/venv/lib/python3.9/site-packages/airflow/example_dags/example_latest_only_with_trigger.py
[2023-06-05 23:17:20,151] {processor.py:651} INFO - DAG(s) dict_keys(['latest_only_with_trigger']) retrieved from /home/gui/Documentos/airflowalura/venv/lib/python3.9/site-packages/airflow/example_dags/example_latest_only_with_trigger.py
[2023-06-05 23:17:20,188] {logging_mixin.py:115} INFO - [2023-06-05 23:17:20,188] {dag.py:2379} INFO - Sync 1 DAGs
[2023-06-05 23:17:20,223] {logging_mixin.py:115} INFO - [2023-06-05 23:17:20,223] {dag.py:2927} INFO - Setting next_dagrun for latest_only_with_trigger to 2023-06-05T22:17:20.222911+00:00, run_after=2023-06-06T02:17:20.222911+00:00
[2023-06-05 23:17:20,412] {processor.py:161} INFO - Processing /home/gui/Documentos/airflowalura/venv/lib/python3.9/site-packages/airflow/example_dags/example_latest_only_with_trigger.py took 0.284 seconds
[2023-06-05 23:18:07,093] {processor.py:153} INFO - Started process (PID=45695) to work on /home/gui/Documentos/airflowalura/venv/lib/python3.9/site-packages/airflow/example_dags/example_latest_only_with_trigger.py
[2023-06-05 23:18:07,095] {processor.py:641} INFO - Processing file /home/gui/Documentos/airflowalura/venv/lib/python3.9/site-packages/airflow/example_dags/example_latest_only_with_trigger.py for tasks to queue
[2023-06-05 23:18:07,095] {logging_mixin.py:115} INFO - [2023-06-05 23:18:07,095] {dagbag.py:507} INFO - Filling up the DagBag from /home/gui/Documentos/airflowalura/venv/lib/python3.9/site-packages/airflow/example_dags/example_latest_only_with_trigger.py
[2023-06-05 23:18:07,110] {processor.py:651} INFO - DAG(s) dict_keys(['latest_only_with_trigger']) retrieved from /home/gui/Documentos/airflowalura/venv/lib/python3.9/site-packages/airflow/example_dags/example_latest_only_with_trigger.py
[2023-06-05 23:18:07,145] {logging_mixin.py:115} INFO - [2023-06-05 23:18:07,145] {dag.py:2379} INFO - Sync 1 DAGs
[2023-06-05 23:18:07,201] {logging_mixin.py:115} INFO - [2023-06-05 23:18:07,201] {dag.py:2927} INFO - Setting next_dagrun for latest_only_with_trigger to 2023-06-05T22:18:07.201145+00:00, run_after=2023-06-06T02:18:07.201145+00:00
[2023-06-05 23:18:07,836] {processor.py:161} INFO - Processing /home/gui/Documentos/airflowalura/venv/lib/python3.9/site-packages/airflow/example_dags/example_latest_only_with_trigger.py took 0.749 seconds
[2023-06-05 23:18:45,960] {processor.py:153} INFO - Started process (PID=45730) to work on /home/gui/Documentos/airflowalura/venv/lib/python3.9/site-packages/airflow/example_dags/example_latest_only_with_trigger.py
[2023-06-05 23:18:45,962] {processor.py:641} INFO - Processing file /home/gui/Documentos/airflowalura/venv/lib/python3.9/site-packages/airflow/example_dags/example_latest_only_with_trigger.py for tasks to queue
[2023-06-05 23:18:45,963] {logging_mixin.py:115} INFO - [2023-06-05 23:18:45,963] {dagbag.py:507} INFO - Filling up the DagBag from /home/gui/Documentos/airflowalura/venv/lib/python3.9/site-packages/airflow/example_dags/example_latest_only_with_trigger.py
[2023-06-05 23:18:45,977] {processor.py:651} INFO - DAG(s) dict_keys(['latest_only_with_trigger']) retrieved from /home/gui/Documentos/airflowalura/venv/lib/python3.9/site-packages/airflow/example_dags/example_latest_only_with_trigger.py
[2023-06-05 23:18:46,012] {logging_mixin.py:115} INFO - [2023-06-05 23:18:46,011] {dag.py:2379} INFO - Sync 1 DAGs
[2023-06-05 23:18:46,046] {logging_mixin.py:115} INFO - [2023-06-05 23:18:46,046] {dag.py:2927} INFO - Setting next_dagrun for latest_only_with_trigger to 2023-06-05T22:18:46.045768+00:00, run_after=2023-06-06T02:18:46.045768+00:00
[2023-06-05 23:18:46,067] {processor.py:161} INFO - Processing /home/gui/Documentos/airflowalura/venv/lib/python3.9/site-packages/airflow/example_dags/example_latest_only_with_trigger.py took 0.114 seconds
[2023-06-05 23:19:31,805] {processor.py:153} INFO - Started process (PID=45769) to work on /home/gui/Documentos/airflowalura/venv/lib/python3.9/site-packages/airflow/example_dags/example_latest_only_with_trigger.py
[2023-06-05 23:19:31,807] {processor.py:641} INFO - Processing file /home/gui/Documentos/airflowalura/venv/lib/python3.9/site-packages/airflow/example_dags/example_latest_only_with_trigger.py for tasks to queue
[2023-06-05 23:19:31,808] {logging_mixin.py:115} INFO - [2023-06-05 23:19:31,808] {dagbag.py:507} INFO - Filling up the DagBag from /home/gui/Documentos/airflowalura/venv/lib/python3.9/site-packages/airflow/example_dags/example_latest_only_with_trigger.py
[2023-06-05 23:19:31,822] {processor.py:651} INFO - DAG(s) dict_keys(['latest_only_with_trigger']) retrieved from /home/gui/Documentos/airflowalura/venv/lib/python3.9/site-packages/airflow/example_dags/example_latest_only_with_trigger.py
[2023-06-05 23:19:31,859] {logging_mixin.py:115} INFO - [2023-06-05 23:19:31,859] {dag.py:2379} INFO - Sync 1 DAGs
[2023-06-05 23:19:31,894] {logging_mixin.py:115} INFO - [2023-06-05 23:19:31,893] {dag.py:2927} INFO - Setting next_dagrun for latest_only_with_trigger to 2023-06-05T22:19:31.893261+00:00, run_after=2023-06-06T02:19:31.893261+00:00
[2023-06-05 23:19:31,919] {processor.py:161} INFO - Processing /home/gui/Documentos/airflowalura/venv/lib/python3.9/site-packages/airflow/example_dags/example_latest_only_with_trigger.py took 0.121 seconds
[2023-06-05 23:20:14,764] {processor.py:153} INFO - Started process (PID=45820) to work on /home/gui/Documentos/airflowalura/venv/lib/python3.9/site-packages/airflow/example_dags/example_latest_only_with_trigger.py
[2023-06-05 23:20:14,766] {processor.py:641} INFO - Processing file /home/gui/Documentos/airflowalura/venv/lib/python3.9/site-packages/airflow/example_dags/example_latest_only_with_trigger.py for tasks to queue
[2023-06-05 23:20:14,768] {logging_mixin.py:115} INFO - [2023-06-05 23:20:14,768] {dagbag.py:507} INFO - Filling up the DagBag from /home/gui/Documentos/airflowalura/venv/lib/python3.9/site-packages/airflow/example_dags/example_latest_only_with_trigger.py
[2023-06-05 23:20:14,782] {processor.py:651} INFO - DAG(s) dict_keys(['latest_only_with_trigger']) retrieved from /home/gui/Documentos/airflowalura/venv/lib/python3.9/site-packages/airflow/example_dags/example_latest_only_with_trigger.py
[2023-06-05 23:20:14,819] {logging_mixin.py:115} INFO - [2023-06-05 23:20:14,819] {dag.py:2379} INFO - Sync 1 DAGs
[2023-06-05 23:20:14,854] {logging_mixin.py:115} INFO - [2023-06-05 23:20:14,854] {dag.py:2927} INFO - Setting next_dagrun for latest_only_with_trigger to 2023-06-05T22:20:14.854020+00:00, run_after=2023-06-06T02:20:14.854020+00:00
[2023-06-05 23:20:14,890] {processor.py:161} INFO - Processing /home/gui/Documentos/airflowalura/venv/lib/python3.9/site-packages/airflow/example_dags/example_latest_only_with_trigger.py took 0.134 seconds
[2023-06-05 23:20:51,478] {processor.py:153} INFO - Started process (PID=45860) to work on /home/gui/Documentos/airflowalura/venv/lib/python3.9/site-packages/airflow/example_dags/example_latest_only_with_trigger.py
[2023-06-05 23:20:51,480] {processor.py:641} INFO - Processing file /home/gui/Documentos/airflowalura/venv/lib/python3.9/site-packages/airflow/example_dags/example_latest_only_with_trigger.py for tasks to queue
[2023-06-05 23:20:51,481] {logging_mixin.py:115} INFO - [2023-06-05 23:20:51,481] {dagbag.py:507} INFO - Filling up the DagBag from /home/gui/Documentos/airflowalura/venv/lib/python3.9/site-packages/airflow/example_dags/example_latest_only_with_trigger.py
[2023-06-05 23:20:51,494] {processor.py:651} INFO - DAG(s) dict_keys(['latest_only_with_trigger']) retrieved from /home/gui/Documentos/airflowalura/venv/lib/python3.9/site-packages/airflow/example_dags/example_latest_only_with_trigger.py
[2023-06-05 23:20:51,530] {logging_mixin.py:115} INFO - [2023-06-05 23:20:51,530] {dag.py:2379} INFO - Sync 1 DAGs
[2023-06-05 23:20:51,565] {logging_mixin.py:115} INFO - [2023-06-05 23:20:51,565] {dag.py:2927} INFO - Setting next_dagrun for latest_only_with_trigger to 2023-06-05T22:20:51.564437+00:00, run_after=2023-06-06T02:20:51.564437+00:00
[2023-06-05 23:20:51,598] {processor.py:161} INFO - Processing /home/gui/Documentos/airflowalura/venv/lib/python3.9/site-packages/airflow/example_dags/example_latest_only_with_trigger.py took 0.126 seconds
[2023-06-05 23:21:25,852] {processor.py:153} INFO - Started process (PID=45901) to work on /home/gui/Documentos/airflowalura/venv/lib/python3.9/site-packages/airflow/example_dags/example_latest_only_with_trigger.py
[2023-06-05 23:21:25,853] {processor.py:641} INFO - Processing file /home/gui/Documentos/airflowalura/venv/lib/python3.9/site-packages/airflow/example_dags/example_latest_only_with_trigger.py for tasks to queue
[2023-06-05 23:21:25,854] {logging_mixin.py:115} INFO - [2023-06-05 23:21:25,854] {dagbag.py:507} INFO - Filling up the DagBag from /home/gui/Documentos/airflowalura/venv/lib/python3.9/site-packages/airflow/example_dags/example_latest_only_with_trigger.py
[2023-06-05 23:21:25,866] {processor.py:651} INFO - DAG(s) dict_keys(['latest_only_with_trigger']) retrieved from /home/gui/Documentos/airflowalura/venv/lib/python3.9/site-packages/airflow/example_dags/example_latest_only_with_trigger.py
[2023-06-05 23:21:25,900] {logging_mixin.py:115} INFO - [2023-06-05 23:21:25,900] {dag.py:2379} INFO - Sync 1 DAGs
[2023-06-05 23:21:25,935] {logging_mixin.py:115} INFO - [2023-06-05 23:21:25,934] {dag.py:2927} INFO - Setting next_dagrun for latest_only_with_trigger to 2023-06-05T22:21:25.934340+00:00, run_after=2023-06-06T02:21:25.934340+00:00
[2023-06-05 23:21:25,954] {processor.py:161} INFO - Processing /home/gui/Documentos/airflowalura/venv/lib/python3.9/site-packages/airflow/example_dags/example_latest_only_with_trigger.py took 0.109 seconds
[2023-06-05 23:22:04,195] {processor.py:153} INFO - Started process (PID=45945) to work on /home/gui/Documentos/airflowalura/venv/lib/python3.9/site-packages/airflow/example_dags/example_latest_only_with_trigger.py
[2023-06-05 23:22:04,196] {processor.py:641} INFO - Processing file /home/gui/Documentos/airflowalura/venv/lib/python3.9/site-packages/airflow/example_dags/example_latest_only_with_trigger.py for tasks to queue
[2023-06-05 23:22:04,197] {logging_mixin.py:115} INFO - [2023-06-05 23:22:04,197] {dagbag.py:507} INFO - Filling up the DagBag from /home/gui/Documentos/airflowalura/venv/lib/python3.9/site-packages/airflow/example_dags/example_latest_only_with_trigger.py
[2023-06-05 23:22:04,210] {processor.py:651} INFO - DAG(s) dict_keys(['latest_only_with_trigger']) retrieved from /home/gui/Documentos/airflowalura/venv/lib/python3.9/site-packages/airflow/example_dags/example_latest_only_with_trigger.py
[2023-06-05 23:22:04,244] {logging_mixin.py:115} INFO - [2023-06-05 23:22:04,244] {dag.py:2379} INFO - Sync 1 DAGs
[2023-06-05 23:22:04,282] {logging_mixin.py:115} INFO - [2023-06-05 23:22:04,282] {dag.py:2927} INFO - Setting next_dagrun for latest_only_with_trigger to 2023-06-05T22:22:04.281477+00:00, run_after=2023-06-06T02:22:04.281477+00:00
[2023-06-05 23:22:04,606] {processor.py:161} INFO - Processing /home/gui/Documentos/airflowalura/venv/lib/python3.9/site-packages/airflow/example_dags/example_latest_only_with_trigger.py took 0.426 seconds
[2023-06-05 23:22:48,181] {processor.py:153} INFO - Started process (PID=45993) to work on /home/gui/Documentos/airflowalura/venv/lib/python3.9/site-packages/airflow/example_dags/example_latest_only_with_trigger.py
[2023-06-05 23:22:48,182] {processor.py:641} INFO - Processing file /home/gui/Documentos/airflowalura/venv/lib/python3.9/site-packages/airflow/example_dags/example_latest_only_with_trigger.py for tasks to queue
[2023-06-05 23:22:48,183] {logging_mixin.py:115} INFO - [2023-06-05 23:22:48,183] {dagbag.py:507} INFO - Filling up the DagBag from /home/gui/Documentos/airflowalura/venv/lib/python3.9/site-packages/airflow/example_dags/example_latest_only_with_trigger.py
[2023-06-05 23:22:48,193] {processor.py:651} INFO - DAG(s) dict_keys(['latest_only_with_trigger']) retrieved from /home/gui/Documentos/airflowalura/venv/lib/python3.9/site-packages/airflow/example_dags/example_latest_only_with_trigger.py
[2023-06-05 23:22:48,221] {logging_mixin.py:115} INFO - [2023-06-05 23:22:48,221] {dag.py:2379} INFO - Sync 1 DAGs
[2023-06-05 23:22:48,247] {logging_mixin.py:115} INFO - [2023-06-05 23:22:48,247] {dag.py:2927} INFO - Setting next_dagrun for latest_only_with_trigger to 2023-06-05T22:22:48.246733+00:00, run_after=2023-06-06T02:22:48.246733+00:00
[2023-06-05 23:22:48,537] {processor.py:161} INFO - Processing /home/gui/Documentos/airflowalura/venv/lib/python3.9/site-packages/airflow/example_dags/example_latest_only_with_trigger.py took 0.361 seconds
[2023-06-05 23:23:29,772] {processor.py:153} INFO - Started process (PID=46037) to work on /home/gui/Documentos/airflowalura/venv/lib/python3.9/site-packages/airflow/example_dags/example_latest_only_with_trigger.py
[2023-06-05 23:23:29,773] {processor.py:641} INFO - Processing file /home/gui/Documentos/airflowalura/venv/lib/python3.9/site-packages/airflow/example_dags/example_latest_only_with_trigger.py for tasks to queue
[2023-06-05 23:23:29,774] {logging_mixin.py:115} INFO - [2023-06-05 23:23:29,774] {dagbag.py:507} INFO - Filling up the DagBag from /home/gui/Documentos/airflowalura/venv/lib/python3.9/site-packages/airflow/example_dags/example_latest_only_with_trigger.py
[2023-06-05 23:23:29,784] {processor.py:651} INFO - DAG(s) dict_keys(['latest_only_with_trigger']) retrieved from /home/gui/Documentos/airflowalura/venv/lib/python3.9/site-packages/airflow/example_dags/example_latest_only_with_trigger.py
[2023-06-05 23:23:29,819] {logging_mixin.py:115} INFO - [2023-06-05 23:23:29,819] {dag.py:2379} INFO - Sync 1 DAGs
[2023-06-05 23:23:29,855] {logging_mixin.py:115} INFO - [2023-06-05 23:23:29,855] {dag.py:2927} INFO - Setting next_dagrun for latest_only_with_trigger to 2023-06-05T22:23:29.854595+00:00, run_after=2023-06-06T02:23:29.854595+00:00
[2023-06-05 23:23:29,899] {processor.py:161} INFO - Processing /home/gui/Documentos/airflowalura/venv/lib/python3.9/site-packages/airflow/example_dags/example_latest_only_with_trigger.py took 0.133 seconds
[2023-06-05 23:24:16,673] {processor.py:153} INFO - Started process (PID=46090) to work on /home/gui/Documentos/airflowalura/venv/lib/python3.9/site-packages/airflow/example_dags/example_latest_only_with_trigger.py
[2023-06-05 23:24:16,675] {processor.py:641} INFO - Processing file /home/gui/Documentos/airflowalura/venv/lib/python3.9/site-packages/airflow/example_dags/example_latest_only_with_trigger.py for tasks to queue
[2023-06-05 23:24:16,676] {logging_mixin.py:115} INFO - [2023-06-05 23:24:16,675] {dagbag.py:507} INFO - Filling up the DagBag from /home/gui/Documentos/airflowalura/venv/lib/python3.9/site-packages/airflow/example_dags/example_latest_only_with_trigger.py
[2023-06-05 23:24:16,689] {processor.py:651} INFO - DAG(s) dict_keys(['latest_only_with_trigger']) retrieved from /home/gui/Documentos/airflowalura/venv/lib/python3.9/site-packages/airflow/example_dags/example_latest_only_with_trigger.py
[2023-06-05 23:24:16,725] {logging_mixin.py:115} INFO - [2023-06-05 23:24:16,724] {dag.py:2379} INFO - Sync 1 DAGs
[2023-06-05 23:24:16,759] {logging_mixin.py:115} INFO - [2023-06-05 23:24:16,758] {dag.py:2927} INFO - Setting next_dagrun for latest_only_with_trigger to 2023-06-05T22:24:16.758436+00:00, run_after=2023-06-06T02:24:16.758436+00:00
[2023-06-05 23:24:16,796] {processor.py:161} INFO - Processing /home/gui/Documentos/airflowalura/venv/lib/python3.9/site-packages/airflow/example_dags/example_latest_only_with_trigger.py took 0.129 seconds
[2023-06-05 23:24:59,959] {processor.py:153} INFO - Started process (PID=46137) to work on /home/gui/Documentos/airflowalura/venv/lib/python3.9/site-packages/airflow/example_dags/example_latest_only_with_trigger.py
[2023-06-05 23:24:59,961] {processor.py:641} INFO - Processing file /home/gui/Documentos/airflowalura/venv/lib/python3.9/site-packages/airflow/example_dags/example_latest_only_with_trigger.py for tasks to queue
[2023-06-05 23:24:59,962] {logging_mixin.py:115} INFO - [2023-06-05 23:24:59,962] {dagbag.py:507} INFO - Filling up the DagBag from /home/gui/Documentos/airflowalura/venv/lib/python3.9/site-packages/airflow/example_dags/example_latest_only_with_trigger.py
[2023-06-05 23:24:59,973] {processor.py:651} INFO - DAG(s) dict_keys(['latest_only_with_trigger']) retrieved from /home/gui/Documentos/airflowalura/venv/lib/python3.9/site-packages/airflow/example_dags/example_latest_only_with_trigger.py
[2023-06-05 23:25:00,006] {logging_mixin.py:115} INFO - [2023-06-05 23:25:00,005] {dag.py:2379} INFO - Sync 1 DAGs
[2023-06-05 23:25:00,052] {logging_mixin.py:115} INFO - [2023-06-05 23:25:00,052] {dag.py:2927} INFO - Setting next_dagrun for latest_only_with_trigger to 2023-06-05T22:25:00.051564+00:00, run_after=2023-06-06T02:25:00.051564+00:00
[2023-06-05 23:25:00,189] {processor.py:161} INFO - Processing /home/gui/Documentos/airflowalura/venv/lib/python3.9/site-packages/airflow/example_dags/example_latest_only_with_trigger.py took 0.236 seconds
[2023-06-05 23:25:38,600] {processor.py:153} INFO - Started process (PID=46179) to work on /home/gui/Documentos/airflowalura/venv/lib/python3.9/site-packages/airflow/example_dags/example_latest_only_with_trigger.py
[2023-06-05 23:25:38,601] {processor.py:641} INFO - Processing file /home/gui/Documentos/airflowalura/venv/lib/python3.9/site-packages/airflow/example_dags/example_latest_only_with_trigger.py for tasks to queue
[2023-06-05 23:25:38,602] {logging_mixin.py:115} INFO - [2023-06-05 23:25:38,602] {dagbag.py:507} INFO - Filling up the DagBag from /home/gui/Documentos/airflowalura/venv/lib/python3.9/site-packages/airflow/example_dags/example_latest_only_with_trigger.py
[2023-06-05 23:25:38,615] {processor.py:651} INFO - DAG(s) dict_keys(['latest_only_with_trigger']) retrieved from /home/gui/Documentos/airflowalura/venv/lib/python3.9/site-packages/airflow/example_dags/example_latest_only_with_trigger.py
[2023-06-05 23:25:38,650] {logging_mixin.py:115} INFO - [2023-06-05 23:25:38,650] {dag.py:2379} INFO - Sync 1 DAGs
[2023-06-05 23:25:38,684] {logging_mixin.py:115} INFO - [2023-06-05 23:25:38,684] {dag.py:2927} INFO - Setting next_dagrun for latest_only_with_trigger to 2023-06-05T22:25:38.683880+00:00, run_after=2023-06-06T02:25:38.683880+00:00
[2023-06-05 23:25:38,713] {processor.py:161} INFO - Processing /home/gui/Documentos/airflowalura/venv/lib/python3.9/site-packages/airflow/example_dags/example_latest_only_with_trigger.py took 0.122 seconds
[2023-06-05 23:26:20,943] {processor.py:153} INFO - Started process (PID=46256) to work on /home/gui/Documentos/airflowalura/venv/lib/python3.9/site-packages/airflow/example_dags/example_latest_only_with_trigger.py
[2023-06-05 23:26:20,944] {processor.py:641} INFO - Processing file /home/gui/Documentos/airflowalura/venv/lib/python3.9/site-packages/airflow/example_dags/example_latest_only_with_trigger.py for tasks to queue
[2023-06-05 23:26:20,945] {logging_mixin.py:115} INFO - [2023-06-05 23:26:20,945] {dagbag.py:507} INFO - Filling up the DagBag from /home/gui/Documentos/airflowalura/venv/lib/python3.9/site-packages/airflow/example_dags/example_latest_only_with_trigger.py
[2023-06-05 23:26:20,964] {processor.py:651} INFO - DAG(s) dict_keys(['latest_only_with_trigger']) retrieved from /home/gui/Documentos/airflowalura/venv/lib/python3.9/site-packages/airflow/example_dags/example_latest_only_with_trigger.py
[2023-06-05 23:26:21,003] {logging_mixin.py:115} INFO - [2023-06-05 23:26:21,003] {dag.py:2379} INFO - Sync 1 DAGs
[2023-06-05 23:26:21,047] {logging_mixin.py:115} INFO - [2023-06-05 23:26:21,047] {dag.py:2927} INFO - Setting next_dagrun for latest_only_with_trigger to 2023-06-05T22:26:21.047194+00:00, run_after=2023-06-06T02:26:21.047194+00:00
[2023-06-05 23:26:21,108] {processor.py:161} INFO - Processing /home/gui/Documentos/airflowalura/venv/lib/python3.9/site-packages/airflow/example_dags/example_latest_only_with_trigger.py took 0.173 seconds
[2023-06-05 23:31:08,970] {processor.py:153} INFO - Started process (PID=46727) to work on /home/gui/Documentos/airflowalura/venv/lib/python3.9/site-packages/airflow/example_dags/example_latest_only_with_trigger.py
[2023-06-05 23:31:08,974] {processor.py:641} INFO - Processing file /home/gui/Documentos/airflowalura/venv/lib/python3.9/site-packages/airflow/example_dags/example_latest_only_with_trigger.py for tasks to queue
[2023-06-05 23:31:08,975] {logging_mixin.py:115} INFO - [2023-06-05 23:31:08,975] {dagbag.py:507} INFO - Filling up the DagBag from /home/gui/Documentos/airflowalura/venv/lib/python3.9/site-packages/airflow/example_dags/example_latest_only_with_trigger.py
[2023-06-05 23:31:08,994] {processor.py:651} INFO - DAG(s) dict_keys(['latest_only_with_trigger']) retrieved from /home/gui/Documentos/airflowalura/venv/lib/python3.9/site-packages/airflow/example_dags/example_latest_only_with_trigger.py
[2023-06-05 23:31:09,041] {logging_mixin.py:115} INFO - [2023-06-05 23:31:09,041] {dag.py:2379} INFO - Sync 1 DAGs
[2023-06-05 23:31:09,081] {logging_mixin.py:115} INFO - [2023-06-05 23:31:09,081] {dag.py:2927} INFO - Setting next_dagrun for latest_only_with_trigger to 2023-06-05T22:31:09.080546+00:00, run_after=2023-06-06T02:31:09.080546+00:00
[2023-06-05 23:31:09,107] {processor.py:161} INFO - Processing /home/gui/Documentos/airflowalura/venv/lib/python3.9/site-packages/airflow/example_dags/example_latest_only_with_trigger.py took 0.163 seconds
[2023-06-05 23:32:07,084] {processor.py:153} INFO - Started process (PID=47196) to work on /home/gui/Documentos/airflowalura/venv/lib/python3.9/site-packages/airflow/example_dags/example_latest_only_with_trigger.py
[2023-06-05 23:32:07,085] {processor.py:641} INFO - Processing file /home/gui/Documentos/airflowalura/venv/lib/python3.9/site-packages/airflow/example_dags/example_latest_only_with_trigger.py for tasks to queue
[2023-06-05 23:32:07,086] {logging_mixin.py:115} INFO - [2023-06-05 23:32:07,086] {dagbag.py:507} INFO - Filling up the DagBag from /home/gui/Documentos/airflowalura/venv/lib/python3.9/site-packages/airflow/example_dags/example_latest_only_with_trigger.py
[2023-06-05 23:32:07,102] {processor.py:651} INFO - DAG(s) dict_keys(['latest_only_with_trigger']) retrieved from /home/gui/Documentos/airflowalura/venv/lib/python3.9/site-packages/airflow/example_dags/example_latest_only_with_trigger.py
[2023-06-05 23:32:07,156] {logging_mixin.py:115} INFO - [2023-06-05 23:32:07,156] {dag.py:2379} INFO - Sync 1 DAGs
[2023-06-05 23:32:07,195] {logging_mixin.py:115} INFO - [2023-06-05 23:32:07,195] {dag.py:2927} INFO - Setting next_dagrun for latest_only_with_trigger to 2023-06-05T22:32:07.194811+00:00, run_after=2023-06-06T02:32:07.194811+00:00
[2023-06-05 23:32:07,252] {processor.py:161} INFO - Processing /home/gui/Documentos/airflowalura/venv/lib/python3.9/site-packages/airflow/example_dags/example_latest_only_with_trigger.py took 0.175 seconds
[2023-06-05 23:32:53,777] {processor.py:153} INFO - Started process (PID=47855) to work on /home/gui/Documentos/airflowalura/venv/lib/python3.9/site-packages/airflow/example_dags/example_latest_only_with_trigger.py
[2023-06-05 23:32:53,781] {processor.py:641} INFO - Processing file /home/gui/Documentos/airflowalura/venv/lib/python3.9/site-packages/airflow/example_dags/example_latest_only_with_trigger.py for tasks to queue
[2023-06-05 23:32:53,782] {logging_mixin.py:115} INFO - [2023-06-05 23:32:53,782] {dagbag.py:507} INFO - Filling up the DagBag from /home/gui/Documentos/airflowalura/venv/lib/python3.9/site-packages/airflow/example_dags/example_latest_only_with_trigger.py
[2023-06-05 23:32:53,804] {processor.py:651} INFO - DAG(s) dict_keys(['latest_only_with_trigger']) retrieved from /home/gui/Documentos/airflowalura/venv/lib/python3.9/site-packages/airflow/example_dags/example_latest_only_with_trigger.py
[2023-06-05 23:32:53,855] {logging_mixin.py:115} INFO - [2023-06-05 23:32:53,855] {dag.py:2379} INFO - Sync 1 DAGs
[2023-06-05 23:32:53,904] {logging_mixin.py:115} INFO - [2023-06-05 23:32:53,904] {dag.py:2927} INFO - Setting next_dagrun for latest_only_with_trigger to 2023-06-05T22:32:53.903900+00:00, run_after=2023-06-06T02:32:53.903900+00:00
[2023-06-05 23:32:54,043] {processor.py:161} INFO - Processing /home/gui/Documentos/airflowalura/venv/lib/python3.9/site-packages/airflow/example_dags/example_latest_only_with_trigger.py took 0.274 seconds
[2023-06-05 23:33:37,586] {processor.py:153} INFO - Started process (PID=48518) to work on /home/gui/Documentos/airflowalura/venv/lib/python3.9/site-packages/airflow/example_dags/example_latest_only_with_trigger.py
[2023-06-05 23:33:37,588] {processor.py:641} INFO - Processing file /home/gui/Documentos/airflowalura/venv/lib/python3.9/site-packages/airflow/example_dags/example_latest_only_with_trigger.py for tasks to queue
[2023-06-05 23:33:37,589] {logging_mixin.py:115} INFO - [2023-06-05 23:33:37,589] {dagbag.py:507} INFO - Filling up the DagBag from /home/gui/Documentos/airflowalura/venv/lib/python3.9/site-packages/airflow/example_dags/example_latest_only_with_trigger.py
[2023-06-05 23:33:37,603] {processor.py:651} INFO - DAG(s) dict_keys(['latest_only_with_trigger']) retrieved from /home/gui/Documentos/airflowalura/venv/lib/python3.9/site-packages/airflow/example_dags/example_latest_only_with_trigger.py
[2023-06-05 23:33:37,667] {logging_mixin.py:115} INFO - [2023-06-05 23:33:37,667] {dag.py:2379} INFO - Sync 1 DAGs
[2023-06-05 23:33:37,735] {logging_mixin.py:115} INFO - [2023-06-05 23:33:37,735] {dag.py:2927} INFO - Setting next_dagrun for latest_only_with_trigger to 2023-06-05T22:33:37.734964+00:00, run_after=2023-06-06T02:33:37.734964+00:00
[2023-06-05 23:33:37,776] {processor.py:161} INFO - Processing /home/gui/Documentos/airflowalura/venv/lib/python3.9/site-packages/airflow/example_dags/example_latest_only_with_trigger.py took 0.210 seconds
[2023-06-05 23:34:16,769] {processor.py:153} INFO - Started process (PID=49100) to work on /home/gui/Documentos/airflowalura/venv/lib/python3.9/site-packages/airflow/example_dags/example_latest_only_with_trigger.py
[2023-06-05 23:34:16,771] {processor.py:641} INFO - Processing file /home/gui/Documentos/airflowalura/venv/lib/python3.9/site-packages/airflow/example_dags/example_latest_only_with_trigger.py for tasks to queue
[2023-06-05 23:34:16,772] {logging_mixin.py:115} INFO - [2023-06-05 23:34:16,771] {dagbag.py:507} INFO - Filling up the DagBag from /home/gui/Documentos/airflowalura/venv/lib/python3.9/site-packages/airflow/example_dags/example_latest_only_with_trigger.py
[2023-06-05 23:34:16,783] {processor.py:651} INFO - DAG(s) dict_keys(['latest_only_with_trigger']) retrieved from /home/gui/Documentos/airflowalura/venv/lib/python3.9/site-packages/airflow/example_dags/example_latest_only_with_trigger.py
[2023-06-05 23:34:16,836] {logging_mixin.py:115} INFO - [2023-06-05 23:34:16,836] {dag.py:2379} INFO - Sync 1 DAGs
[2023-06-05 23:34:16,884] {logging_mixin.py:115} INFO - [2023-06-05 23:34:16,883] {dag.py:2927} INFO - Setting next_dagrun for latest_only_with_trigger to 2023-06-05T22:34:16.883456+00:00, run_after=2023-06-06T02:34:16.883456+00:00
[2023-06-05 23:34:16,911] {processor.py:161} INFO - Processing /home/gui/Documentos/airflowalura/venv/lib/python3.9/site-packages/airflow/example_dags/example_latest_only_with_trigger.py took 0.156 seconds
[2023-06-05 23:34:57,843] {processor.py:153} INFO - Started process (PID=49516) to work on /home/gui/Documentos/airflowalura/venv/lib/python3.9/site-packages/airflow/example_dags/example_latest_only_with_trigger.py
[2023-06-05 23:34:57,845] {processor.py:641} INFO - Processing file /home/gui/Documentos/airflowalura/venv/lib/python3.9/site-packages/airflow/example_dags/example_latest_only_with_trigger.py for tasks to queue
[2023-06-05 23:34:57,846] {logging_mixin.py:115} INFO - [2023-06-05 23:34:57,846] {dagbag.py:507} INFO - Filling up the DagBag from /home/gui/Documentos/airflowalura/venv/lib/python3.9/site-packages/airflow/example_dags/example_latest_only_with_trigger.py
[2023-06-05 23:34:57,866] {processor.py:651} INFO - DAG(s) dict_keys(['latest_only_with_trigger']) retrieved from /home/gui/Documentos/airflowalura/venv/lib/python3.9/site-packages/airflow/example_dags/example_latest_only_with_trigger.py
[2023-06-05 23:34:57,930] {logging_mixin.py:115} INFO - [2023-06-05 23:34:57,930] {dag.py:2379} INFO - Sync 1 DAGs
[2023-06-05 23:34:57,972] {logging_mixin.py:115} INFO - [2023-06-05 23:34:57,972] {dag.py:2927} INFO - Setting next_dagrun for latest_only_with_trigger to 2023-06-05T22:34:57.972039+00:00, run_after=2023-06-06T02:34:57.972039+00:00
[2023-06-05 23:34:58,020] {processor.py:161} INFO - Processing /home/gui/Documentos/airflowalura/venv/lib/python3.9/site-packages/airflow/example_dags/example_latest_only_with_trigger.py took 0.192 seconds
[2023-06-05 23:35:43,719] {processor.py:153} INFO - Started process (PID=49587) to work on /home/gui/Documentos/airflowalura/venv/lib/python3.9/site-packages/airflow/example_dags/example_latest_only_with_trigger.py
[2023-06-05 23:35:43,731] {processor.py:641} INFO - Processing file /home/gui/Documentos/airflowalura/venv/lib/python3.9/site-packages/airflow/example_dags/example_latest_only_with_trigger.py for tasks to queue
[2023-06-05 23:35:43,736] {logging_mixin.py:115} INFO - [2023-06-05 23:35:43,735] {dagbag.py:507} INFO - Filling up the DagBag from /home/gui/Documentos/airflowalura/venv/lib/python3.9/site-packages/airflow/example_dags/example_latest_only_with_trigger.py
[2023-06-05 23:35:43,780] {processor.py:651} INFO - DAG(s) dict_keys(['latest_only_with_trigger']) retrieved from /home/gui/Documentos/airflowalura/venv/lib/python3.9/site-packages/airflow/example_dags/example_latest_only_with_trigger.py
[2023-06-05 23:35:43,909] {logging_mixin.py:115} INFO - [2023-06-05 23:35:43,909] {dag.py:2379} INFO - Sync 1 DAGs
[2023-06-05 23:35:43,969] {logging_mixin.py:115} INFO - [2023-06-05 23:35:43,968] {dag.py:2927} INFO - Setting next_dagrun for latest_only_with_trigger to 2023-06-05T22:35:43.968267+00:00, run_after=2023-06-06T02:35:43.968267+00:00
[2023-06-05 23:35:44,015] {processor.py:161} INFO - Processing /home/gui/Documentos/airflowalura/venv/lib/python3.9/site-packages/airflow/example_dags/example_latest_only_with_trigger.py took 0.304 seconds
[2023-06-05 23:36:39,396] {processor.py:153} INFO - Started process (PID=49688) to work on /home/gui/Documentos/airflowalura/venv/lib/python3.9/site-packages/airflow/example_dags/example_latest_only_with_trigger.py
[2023-06-05 23:36:39,417] {processor.py:641} INFO - Processing file /home/gui/Documentos/airflowalura/venv/lib/python3.9/site-packages/airflow/example_dags/example_latest_only_with_trigger.py for tasks to queue
[2023-06-05 23:36:39,418] {logging_mixin.py:115} INFO - [2023-06-05 23:36:39,418] {dagbag.py:507} INFO - Filling up the DagBag from /home/gui/Documentos/airflowalura/venv/lib/python3.9/site-packages/airflow/example_dags/example_latest_only_with_trigger.py
[2023-06-05 23:36:39,430] {processor.py:651} INFO - DAG(s) dict_keys(['latest_only_with_trigger']) retrieved from /home/gui/Documentos/airflowalura/venv/lib/python3.9/site-packages/airflow/example_dags/example_latest_only_with_trigger.py
[2023-06-05 23:36:40,014] {logging_mixin.py:115} INFO - [2023-06-05 23:36:40,014] {dag.py:2379} INFO - Sync 1 DAGs
[2023-06-05 23:36:40,065] {logging_mixin.py:115} INFO - [2023-06-05 23:36:40,064] {dag.py:2927} INFO - Setting next_dagrun for latest_only_with_trigger to 2023-06-05T22:36:40.064288+00:00, run_after=2023-06-06T02:36:40.064288+00:00
[2023-06-05 23:36:40,110] {processor.py:161} INFO - Processing /home/gui/Documentos/airflowalura/venv/lib/python3.9/site-packages/airflow/example_dags/example_latest_only_with_trigger.py took 0.723 seconds
[2023-06-05 23:37:22,988] {processor.py:153} INFO - Started process (PID=49771) to work on /home/gui/Documentos/airflowalura/venv/lib/python3.9/site-packages/airflow/example_dags/example_latest_only_with_trigger.py
[2023-06-05 23:37:22,991] {processor.py:641} INFO - Processing file /home/gui/Documentos/airflowalura/venv/lib/python3.9/site-packages/airflow/example_dags/example_latest_only_with_trigger.py for tasks to queue
[2023-06-05 23:37:22,993] {logging_mixin.py:115} INFO - [2023-06-05 23:37:22,992] {dagbag.py:507} INFO - Filling up the DagBag from /home/gui/Documentos/airflowalura/venv/lib/python3.9/site-packages/airflow/example_dags/example_latest_only_with_trigger.py
[2023-06-05 23:37:23,012] {processor.py:651} INFO - DAG(s) dict_keys(['latest_only_with_trigger']) retrieved from /home/gui/Documentos/airflowalura/venv/lib/python3.9/site-packages/airflow/example_dags/example_latest_only_with_trigger.py
[2023-06-05 23:37:23,059] {logging_mixin.py:115} INFO - [2023-06-05 23:37:23,058] {dag.py:2379} INFO - Sync 1 DAGs
[2023-06-05 23:37:23,094] {logging_mixin.py:115} INFO - [2023-06-05 23:37:23,094] {dag.py:2927} INFO - Setting next_dagrun for latest_only_with_trigger to 2023-06-05T22:37:23.093899+00:00, run_after=2023-06-06T02:37:23.093899+00:00
[2023-06-05 23:37:23,125] {processor.py:161} INFO - Processing /home/gui/Documentos/airflowalura/venv/lib/python3.9/site-packages/airflow/example_dags/example_latest_only_with_trigger.py took 0.151 seconds
[2023-06-05 23:38:01,827] {processor.py:153} INFO - Started process (PID=49887) to work on /home/gui/Documentos/airflowalura/venv/lib/python3.9/site-packages/airflow/example_dags/example_latest_only_with_trigger.py
[2023-06-05 23:38:01,831] {processor.py:641} INFO - Processing file /home/gui/Documentos/airflowalura/venv/lib/python3.9/site-packages/airflow/example_dags/example_latest_only_with_trigger.py for tasks to queue
[2023-06-05 23:38:01,832] {logging_mixin.py:115} INFO - [2023-06-05 23:38:01,832] {dagbag.py:507} INFO - Filling up the DagBag from /home/gui/Documentos/airflowalura/venv/lib/python3.9/site-packages/airflow/example_dags/example_latest_only_with_trigger.py
[2023-06-05 23:38:01,850] {processor.py:651} INFO - DAG(s) dict_keys(['latest_only_with_trigger']) retrieved from /home/gui/Documentos/airflowalura/venv/lib/python3.9/site-packages/airflow/example_dags/example_latest_only_with_trigger.py
[2023-06-05 23:38:01,907] {logging_mixin.py:115} INFO - [2023-06-05 23:38:01,907] {dag.py:2379} INFO - Sync 1 DAGs
[2023-06-05 23:38:01,952] {logging_mixin.py:115} INFO - [2023-06-05 23:38:01,952] {dag.py:2927} INFO - Setting next_dagrun for latest_only_with_trigger to 2023-06-05T22:38:01.951985+00:00, run_after=2023-06-06T02:38:01.951985+00:00
[2023-06-05 23:38:01,983] {processor.py:161} INFO - Processing /home/gui/Documentos/airflowalura/venv/lib/python3.9/site-packages/airflow/example_dags/example_latest_only_with_trigger.py took 0.163 seconds
[2023-06-05 23:38:47,796] {processor.py:153} INFO - Started process (PID=49964) to work on /home/gui/Documentos/airflowalura/venv/lib/python3.9/site-packages/airflow/example_dags/example_latest_only_with_trigger.py
[2023-06-05 23:38:47,799] {processor.py:641} INFO - Processing file /home/gui/Documentos/airflowalura/venv/lib/python3.9/site-packages/airflow/example_dags/example_latest_only_with_trigger.py for tasks to queue
[2023-06-05 23:38:47,800] {logging_mixin.py:115} INFO - [2023-06-05 23:38:47,799] {dagbag.py:507} INFO - Filling up the DagBag from /home/gui/Documentos/airflowalura/venv/lib/python3.9/site-packages/airflow/example_dags/example_latest_only_with_trigger.py
[2023-06-05 23:38:47,813] {processor.py:651} INFO - DAG(s) dict_keys(['latest_only_with_trigger']) retrieved from /home/gui/Documentos/airflowalura/venv/lib/python3.9/site-packages/airflow/example_dags/example_latest_only_with_trigger.py
[2023-06-05 23:38:47,856] {logging_mixin.py:115} INFO - [2023-06-05 23:38:47,856] {dag.py:2379} INFO - Sync 1 DAGs
[2023-06-05 23:38:47,898] {logging_mixin.py:115} INFO - [2023-06-05 23:38:47,898] {dag.py:2927} INFO - Setting next_dagrun for latest_only_with_trigger to 2023-06-05T22:38:47.897746+00:00, run_after=2023-06-06T02:38:47.897746+00:00
[2023-06-05 23:38:47,916] {processor.py:161} INFO - Processing /home/gui/Documentos/airflowalura/venv/lib/python3.9/site-packages/airflow/example_dags/example_latest_only_with_trigger.py took 0.129 seconds
[2023-06-05 23:39:23,862] {processor.py:153} INFO - Started process (PID=50026) to work on /home/gui/Documentos/airflowalura/venv/lib/python3.9/site-packages/airflow/example_dags/example_latest_only_with_trigger.py
[2023-06-05 23:39:23,866] {processor.py:641} INFO - Processing file /home/gui/Documentos/airflowalura/venv/lib/python3.9/site-packages/airflow/example_dags/example_latest_only_with_trigger.py for tasks to queue
[2023-06-05 23:39:23,867] {logging_mixin.py:115} INFO - [2023-06-05 23:39:23,867] {dagbag.py:507} INFO - Filling up the DagBag from /home/gui/Documentos/airflowalura/venv/lib/python3.9/site-packages/airflow/example_dags/example_latest_only_with_trigger.py
[2023-06-05 23:39:23,887] {processor.py:651} INFO - DAG(s) dict_keys(['latest_only_with_trigger']) retrieved from /home/gui/Documentos/airflowalura/venv/lib/python3.9/site-packages/airflow/example_dags/example_latest_only_with_trigger.py
[2023-06-05 23:39:23,923] {logging_mixin.py:115} INFO - [2023-06-05 23:39:23,923] {dag.py:2379} INFO - Sync 1 DAGs
[2023-06-05 23:39:23,968] {logging_mixin.py:115} INFO - [2023-06-05 23:39:23,968] {dag.py:2927} INFO - Setting next_dagrun for latest_only_with_trigger to 2023-06-05T22:39:23.967348+00:00, run_after=2023-06-06T02:39:23.967348+00:00
[2023-06-05 23:39:24,222] {processor.py:161} INFO - Processing /home/gui/Documentos/airflowalura/venv/lib/python3.9/site-packages/airflow/example_dags/example_latest_only_with_trigger.py took 0.369 seconds
[2023-06-05 23:40:11,263] {processor.py:153} INFO - Started process (PID=50354) to work on /home/gui/Documentos/airflowalura/venv/lib/python3.9/site-packages/airflow/example_dags/example_latest_only_with_trigger.py
[2023-06-05 23:40:11,277] {processor.py:641} INFO - Processing file /home/gui/Documentos/airflowalura/venv/lib/python3.9/site-packages/airflow/example_dags/example_latest_only_with_trigger.py for tasks to queue
[2023-06-05 23:40:11,279] {logging_mixin.py:115} INFO - [2023-06-05 23:40:11,278] {dagbag.py:507} INFO - Filling up the DagBag from /home/gui/Documentos/airflowalura/venv/lib/python3.9/site-packages/airflow/example_dags/example_latest_only_with_trigger.py
[2023-06-05 23:40:11,295] {processor.py:651} INFO - DAG(s) dict_keys(['latest_only_with_trigger']) retrieved from /home/gui/Documentos/airflowalura/venv/lib/python3.9/site-packages/airflow/example_dags/example_latest_only_with_trigger.py
[2023-06-05 23:40:11,353] {logging_mixin.py:115} INFO - [2023-06-05 23:40:11,352] {dag.py:2379} INFO - Sync 1 DAGs
[2023-06-05 23:40:11,418] {logging_mixin.py:115} INFO - [2023-06-05 23:40:11,418] {dag.py:2927} INFO - Setting next_dagrun for latest_only_with_trigger to 2023-06-05T22:40:11.417810+00:00, run_after=2023-06-06T02:40:11.417810+00:00
[2023-06-05 23:40:11,460] {processor.py:161} INFO - Processing /home/gui/Documentos/airflowalura/venv/lib/python3.9/site-packages/airflow/example_dags/example_latest_only_with_trigger.py took 0.207 seconds
[2023-06-05 23:40:46,384] {processor.py:153} INFO - Started process (PID=50424) to work on /home/gui/Documentos/airflowalura/venv/lib/python3.9/site-packages/airflow/example_dags/example_latest_only_with_trigger.py
[2023-06-05 23:40:46,386] {processor.py:641} INFO - Processing file /home/gui/Documentos/airflowalura/venv/lib/python3.9/site-packages/airflow/example_dags/example_latest_only_with_trigger.py for tasks to queue
[2023-06-05 23:40:46,387] {logging_mixin.py:115} INFO - [2023-06-05 23:40:46,387] {dagbag.py:507} INFO - Filling up the DagBag from /home/gui/Documentos/airflowalura/venv/lib/python3.9/site-packages/airflow/example_dags/example_latest_only_with_trigger.py
[2023-06-05 23:40:46,408] {processor.py:651} INFO - DAG(s) dict_keys(['latest_only_with_trigger']) retrieved from /home/gui/Documentos/airflowalura/venv/lib/python3.9/site-packages/airflow/example_dags/example_latest_only_with_trigger.py
[2023-06-05 23:40:46,489] {logging_mixin.py:115} INFO - [2023-06-05 23:40:46,488] {dag.py:2379} INFO - Sync 1 DAGs
[2023-06-05 23:40:46,540] {logging_mixin.py:115} INFO - [2023-06-05 23:40:46,539] {dag.py:2927} INFO - Setting next_dagrun for latest_only_with_trigger to 2023-06-05T22:40:46.538591+00:00, run_after=2023-06-06T02:40:46.538591+00:00
[2023-06-05 23:40:46,607] {processor.py:161} INFO - Processing /home/gui/Documentos/airflowalura/venv/lib/python3.9/site-packages/airflow/example_dags/example_latest_only_with_trigger.py took 0.238 seconds
[2023-06-05 23:41:31,339] {processor.py:153} INFO - Started process (PID=50733) to work on /home/gui/Documentos/airflowalura/venv/lib/python3.9/site-packages/airflow/example_dags/example_latest_only_with_trigger.py
[2023-06-05 23:41:31,340] {processor.py:641} INFO - Processing file /home/gui/Documentos/airflowalura/venv/lib/python3.9/site-packages/airflow/example_dags/example_latest_only_with_trigger.py for tasks to queue
[2023-06-05 23:41:31,340] {logging_mixin.py:115} INFO - [2023-06-05 23:41:31,340] {dagbag.py:507} INFO - Filling up the DagBag from /home/gui/Documentos/airflowalura/venv/lib/python3.9/site-packages/airflow/example_dags/example_latest_only_with_trigger.py
[2023-06-05 23:41:31,355] {processor.py:651} INFO - DAG(s) dict_keys(['latest_only_with_trigger']) retrieved from /home/gui/Documentos/airflowalura/venv/lib/python3.9/site-packages/airflow/example_dags/example_latest_only_with_trigger.py
[2023-06-05 23:41:31,392] {logging_mixin.py:115} INFO - [2023-06-05 23:41:31,392] {dag.py:2379} INFO - Sync 1 DAGs
[2023-06-05 23:41:31,421] {logging_mixin.py:115} INFO - [2023-06-05 23:41:31,421] {dag.py:2927} INFO - Setting next_dagrun for latest_only_with_trigger to 2023-06-05T22:41:31.420810+00:00, run_after=2023-06-06T02:41:31.420810+00:00
[2023-06-05 23:41:31,446] {processor.py:161} INFO - Processing /home/gui/Documentos/airflowalura/venv/lib/python3.9/site-packages/airflow/example_dags/example_latest_only_with_trigger.py took 0.118 seconds
[2023-06-05 23:42:14,058] {processor.py:153} INFO - Started process (PID=50827) to work on /home/gui/Documentos/airflowalura/venv/lib/python3.9/site-packages/airflow/example_dags/example_latest_only_with_trigger.py
[2023-06-05 23:42:14,067] {processor.py:641} INFO - Processing file /home/gui/Documentos/airflowalura/venv/lib/python3.9/site-packages/airflow/example_dags/example_latest_only_with_trigger.py for tasks to queue
[2023-06-05 23:42:14,068] {logging_mixin.py:115} INFO - [2023-06-05 23:42:14,068] {dagbag.py:507} INFO - Filling up the DagBag from /home/gui/Documentos/airflowalura/venv/lib/python3.9/site-packages/airflow/example_dags/example_latest_only_with_trigger.py
[2023-06-05 23:42:14,086] {processor.py:651} INFO - DAG(s) dict_keys(['latest_only_with_trigger']) retrieved from /home/gui/Documentos/airflowalura/venv/lib/python3.9/site-packages/airflow/example_dags/example_latest_only_with_trigger.py
[2023-06-05 23:42:14,123] {logging_mixin.py:115} INFO - [2023-06-05 23:42:14,123] {dag.py:2379} INFO - Sync 1 DAGs
[2023-06-05 23:42:14,168] {logging_mixin.py:115} INFO - [2023-06-05 23:42:14,168] {dag.py:2927} INFO - Setting next_dagrun for latest_only_with_trigger to 2023-06-05T22:42:14.168258+00:00, run_after=2023-06-06T02:42:14.168258+00:00
[2023-06-05 23:42:14,426] {processor.py:161} INFO - Processing /home/gui/Documentos/airflowalura/venv/lib/python3.9/site-packages/airflow/example_dags/example_latest_only_with_trigger.py took 0.376 seconds
