[2023-06-05 23:05:29,911] {processor.py:153} INFO - Started process (PID=44973) to work on /home/gui/Documentos/airflowalura/venv/lib/python3.9/site-packages/airflow/example_dags/example_nested_branch_dag.py
[2023-06-05 23:05:29,912] {processor.py:641} INFO - Processing file /home/gui/Documentos/airflowalura/venv/lib/python3.9/site-packages/airflow/example_dags/example_nested_branch_dag.py for tasks to queue
[2023-06-05 23:05:29,913] {logging_mixin.py:115} INFO - [2023-06-05 23:05:29,913] {dagbag.py:507} INFO - Filling up the DagBag from /home/gui/Documentos/airflowalura/venv/lib/python3.9/site-packages/airflow/example_dags/example_nested_branch_dag.py
[2023-06-05 23:05:29,930] {processor.py:651} INFO - DAG(s) dict_keys(['example_nested_branch_dag']) retrieved from /home/gui/Documentos/airflowalura/venv/lib/python3.9/site-packages/airflow/example_dags/example_nested_branch_dag.py
[2023-06-05 23:05:30,024] {logging_mixin.py:115} INFO - [2023-06-05 23:05:30,024] {manager.py:508} INFO - Created Permission View: can edit on DAG:example_nested_branch_dag
[2023-06-05 23:05:30,036] {logging_mixin.py:115} INFO - [2023-06-05 23:05:30,036] {manager.py:508} INFO - Created Permission View: can delete on DAG:example_nested_branch_dag
[2023-06-05 23:05:30,046] {logging_mixin.py:115} INFO - [2023-06-05 23:05:30,046] {manager.py:508} INFO - Created Permission View: can read on DAG:example_nested_branch_dag
[2023-06-05 23:05:30,047] {logging_mixin.py:115} INFO - [2023-06-05 23:05:30,047] {dag.py:2379} INFO - Sync 1 DAGs
[2023-06-05 23:05:30,061] {logging_mixin.py:115} INFO - [2023-06-05 23:05:30,061] {dag.py:2398} INFO - Creating ORM DAG for example_nested_branch_dag
[2023-06-05 23:05:30,077] {logging_mixin.py:115} INFO - [2023-06-05 23:05:30,077] {dag.py:2927} INFO - Setting next_dagrun for example_nested_branch_dag to 2023-06-05T00:00:00+00:00, run_after=2023-06-06T00:00:00+00:00
[2023-06-05 23:05:30,376] {processor.py:161} INFO - Processing /home/gui/Documentos/airflowalura/venv/lib/python3.9/site-packages/airflow/example_dags/example_nested_branch_dag.py took 0.475 seconds
[2023-06-05 23:06:10,054] {processor.py:153} INFO - Started process (PID=45010) to work on /home/gui/Documentos/airflowalura/venv/lib/python3.9/site-packages/airflow/example_dags/example_nested_branch_dag.py
[2023-06-05 23:06:10,055] {processor.py:641} INFO - Processing file /home/gui/Documentos/airflowalura/venv/lib/python3.9/site-packages/airflow/example_dags/example_nested_branch_dag.py for tasks to queue
[2023-06-05 23:06:10,056] {logging_mixin.py:115} INFO - [2023-06-05 23:06:10,056] {dagbag.py:507} INFO - Filling up the DagBag from /home/gui/Documentos/airflowalura/venv/lib/python3.9/site-packages/airflow/example_dags/example_nested_branch_dag.py
[2023-06-05 23:06:10,073] {processor.py:651} INFO - DAG(s) dict_keys(['example_nested_branch_dag']) retrieved from /home/gui/Documentos/airflowalura/venv/lib/python3.9/site-packages/airflow/example_dags/example_nested_branch_dag.py
[2023-06-05 23:06:10,103] {logging_mixin.py:115} INFO - [2023-06-05 23:06:10,103] {dag.py:2379} INFO - Sync 1 DAGs
[2023-06-05 23:06:10,130] {logging_mixin.py:115} INFO - [2023-06-05 23:06:10,130] {dag.py:2927} INFO - Setting next_dagrun for example_nested_branch_dag to 2023-06-05T00:00:00+00:00, run_after=2023-06-06T00:00:00+00:00
[2023-06-05 23:06:10,149] {processor.py:161} INFO - Processing /home/gui/Documentos/airflowalura/venv/lib/python3.9/site-packages/airflow/example_dags/example_nested_branch_dag.py took 0.100 seconds
[2023-06-05 23:06:47,582] {processor.py:153} INFO - Started process (PID=45044) to work on /home/gui/Documentos/airflowalura/venv/lib/python3.9/site-packages/airflow/example_dags/example_nested_branch_dag.py
[2023-06-05 23:06:47,583] {processor.py:641} INFO - Processing file /home/gui/Documentos/airflowalura/venv/lib/python3.9/site-packages/airflow/example_dags/example_nested_branch_dag.py for tasks to queue
[2023-06-05 23:06:47,584] {logging_mixin.py:115} INFO - [2023-06-05 23:06:47,584] {dagbag.py:507} INFO - Filling up the DagBag from /home/gui/Documentos/airflowalura/venv/lib/python3.9/site-packages/airflow/example_dags/example_nested_branch_dag.py
[2023-06-05 23:06:47,607] {processor.py:651} INFO - DAG(s) dict_keys(['example_nested_branch_dag']) retrieved from /home/gui/Documentos/airflowalura/venv/lib/python3.9/site-packages/airflow/example_dags/example_nested_branch_dag.py
[2023-06-05 23:06:47,640] {logging_mixin.py:115} INFO - [2023-06-05 23:06:47,640] {dag.py:2379} INFO - Sync 1 DAGs
[2023-06-05 23:06:47,669] {logging_mixin.py:115} INFO - [2023-06-05 23:06:47,669] {dag.py:2927} INFO - Setting next_dagrun for example_nested_branch_dag to 2023-06-05T00:00:00+00:00, run_after=2023-06-06T00:00:00+00:00
[2023-06-05 23:06:47,686] {processor.py:161} INFO - Processing /home/gui/Documentos/airflowalura/venv/lib/python3.9/site-packages/airflow/example_dags/example_nested_branch_dag.py took 0.111 seconds
[2023-06-05 23:07:25,772] {processor.py:153} INFO - Started process (PID=45099) to work on /home/gui/Documentos/airflowalura/venv/lib/python3.9/site-packages/airflow/example_dags/example_nested_branch_dag.py
[2023-06-05 23:07:25,774] {processor.py:641} INFO - Processing file /home/gui/Documentos/airflowalura/venv/lib/python3.9/site-packages/airflow/example_dags/example_nested_branch_dag.py for tasks to queue
[2023-06-05 23:07:25,775] {logging_mixin.py:115} INFO - [2023-06-05 23:07:25,775] {dagbag.py:507} INFO - Filling up the DagBag from /home/gui/Documentos/airflowalura/venv/lib/python3.9/site-packages/airflow/example_dags/example_nested_branch_dag.py
[2023-06-05 23:07:25,801] {processor.py:651} INFO - DAG(s) dict_keys(['example_nested_branch_dag']) retrieved from /home/gui/Documentos/airflowalura/venv/lib/python3.9/site-packages/airflow/example_dags/example_nested_branch_dag.py
[2023-06-05 23:07:25,844] {logging_mixin.py:115} INFO - [2023-06-05 23:07:25,844] {dag.py:2379} INFO - Sync 1 DAGs
[2023-06-05 23:07:25,889] {logging_mixin.py:115} INFO - [2023-06-05 23:07:25,889] {dag.py:2927} INFO - Setting next_dagrun for example_nested_branch_dag to 2023-06-05T00:00:00+00:00, run_after=2023-06-06T00:00:00+00:00
[2023-06-05 23:07:26,006] {processor.py:161} INFO - Processing /home/gui/Documentos/airflowalura/venv/lib/python3.9/site-packages/airflow/example_dags/example_nested_branch_dag.py took 0.240 seconds
[2023-06-05 23:08:05,269] {processor.py:153} INFO - Started process (PID=45139) to work on /home/gui/Documentos/airflowalura/venv/lib/python3.9/site-packages/airflow/example_dags/example_nested_branch_dag.py
[2023-06-05 23:08:05,271] {processor.py:641} INFO - Processing file /home/gui/Documentos/airflowalura/venv/lib/python3.9/site-packages/airflow/example_dags/example_nested_branch_dag.py for tasks to queue
[2023-06-05 23:08:05,272] {logging_mixin.py:115} INFO - [2023-06-05 23:08:05,271] {dagbag.py:507} INFO - Filling up the DagBag from /home/gui/Documentos/airflowalura/venv/lib/python3.9/site-packages/airflow/example_dags/example_nested_branch_dag.py
[2023-06-05 23:08:05,289] {processor.py:651} INFO - DAG(s) dict_keys(['example_nested_branch_dag']) retrieved from /home/gui/Documentos/airflowalura/venv/lib/python3.9/site-packages/airflow/example_dags/example_nested_branch_dag.py
[2023-06-05 23:08:05,319] {logging_mixin.py:115} INFO - [2023-06-05 23:08:05,319] {dag.py:2379} INFO - Sync 1 DAGs
[2023-06-05 23:08:05,356] {logging_mixin.py:115} INFO - [2023-06-05 23:08:05,355] {dag.py:2927} INFO - Setting next_dagrun for example_nested_branch_dag to 2023-06-05T00:00:00+00:00, run_after=2023-06-06T00:00:00+00:00
[2023-06-05 23:08:05,523] {processor.py:161} INFO - Processing /home/gui/Documentos/airflowalura/venv/lib/python3.9/site-packages/airflow/example_dags/example_nested_branch_dag.py took 0.260 seconds
[2023-06-05 23:08:44,749] {processor.py:153} INFO - Started process (PID=45176) to work on /home/gui/Documentos/airflowalura/venv/lib/python3.9/site-packages/airflow/example_dags/example_nested_branch_dag.py
[2023-06-05 23:08:44,750] {processor.py:641} INFO - Processing file /home/gui/Documentos/airflowalura/venv/lib/python3.9/site-packages/airflow/example_dags/example_nested_branch_dag.py for tasks to queue
[2023-06-05 23:08:44,751] {logging_mixin.py:115} INFO - [2023-06-05 23:08:44,751] {dagbag.py:507} INFO - Filling up the DagBag from /home/gui/Documentos/airflowalura/venv/lib/python3.9/site-packages/airflow/example_dags/example_nested_branch_dag.py
[2023-06-05 23:08:44,776] {processor.py:651} INFO - DAG(s) dict_keys(['example_nested_branch_dag']) retrieved from /home/gui/Documentos/airflowalura/venv/lib/python3.9/site-packages/airflow/example_dags/example_nested_branch_dag.py
[2023-06-05 23:08:44,822] {logging_mixin.py:115} INFO - [2023-06-05 23:08:44,822] {dag.py:2379} INFO - Sync 1 DAGs
[2023-06-05 23:08:44,866] {logging_mixin.py:115} INFO - [2023-06-05 23:08:44,866] {dag.py:2927} INFO - Setting next_dagrun for example_nested_branch_dag to 2023-06-05T00:00:00+00:00, run_after=2023-06-06T00:00:00+00:00
[2023-06-05 23:08:44,907] {processor.py:161} INFO - Processing /home/gui/Documentos/airflowalura/venv/lib/python3.9/site-packages/airflow/example_dags/example_nested_branch_dag.py took 0.165 seconds
[2023-06-05 23:09:26,442] {processor.py:153} INFO - Started process (PID=45210) to work on /home/gui/Documentos/airflowalura/venv/lib/python3.9/site-packages/airflow/example_dags/example_nested_branch_dag.py
[2023-06-05 23:09:26,444] {processor.py:641} INFO - Processing file /home/gui/Documentos/airflowalura/venv/lib/python3.9/site-packages/airflow/example_dags/example_nested_branch_dag.py for tasks to queue
[2023-06-05 23:09:26,445] {logging_mixin.py:115} INFO - [2023-06-05 23:09:26,445] {dagbag.py:507} INFO - Filling up the DagBag from /home/gui/Documentos/airflowalura/venv/lib/python3.9/site-packages/airflow/example_dags/example_nested_branch_dag.py
[2023-06-05 23:09:26,464] {processor.py:651} INFO - DAG(s) dict_keys(['example_nested_branch_dag']) retrieved from /home/gui/Documentos/airflowalura/venv/lib/python3.9/site-packages/airflow/example_dags/example_nested_branch_dag.py
[2023-06-05 23:09:26,500] {logging_mixin.py:115} INFO - [2023-06-05 23:09:26,500] {dag.py:2379} INFO - Sync 1 DAGs
[2023-06-05 23:09:26,539] {logging_mixin.py:115} INFO - [2023-06-05 23:09:26,539] {dag.py:2927} INFO - Setting next_dagrun for example_nested_branch_dag to 2023-06-05T00:00:00+00:00, run_after=2023-06-06T00:00:00+00:00
[2023-06-05 23:09:26,561] {processor.py:161} INFO - Processing /home/gui/Documentos/airflowalura/venv/lib/python3.9/site-packages/airflow/example_dags/example_nested_branch_dag.py took 0.125 seconds
[2023-06-05 23:10:04,607] {processor.py:153} INFO - Started process (PID=45243) to work on /home/gui/Documentos/airflowalura/venv/lib/python3.9/site-packages/airflow/example_dags/example_nested_branch_dag.py
[2023-06-05 23:10:04,621] {processor.py:641} INFO - Processing file /home/gui/Documentos/airflowalura/venv/lib/python3.9/site-packages/airflow/example_dags/example_nested_branch_dag.py for tasks to queue
[2023-06-05 23:10:04,622] {logging_mixin.py:115} INFO - [2023-06-05 23:10:04,622] {dagbag.py:507} INFO - Filling up the DagBag from /home/gui/Documentos/airflowalura/venv/lib/python3.9/site-packages/airflow/example_dags/example_nested_branch_dag.py
[2023-06-05 23:10:04,647] {processor.py:651} INFO - DAG(s) dict_keys(['example_nested_branch_dag']) retrieved from /home/gui/Documentos/airflowalura/venv/lib/python3.9/site-packages/airflow/example_dags/example_nested_branch_dag.py
[2023-06-05 23:10:04,688] {logging_mixin.py:115} INFO - [2023-06-05 23:10:04,688] {dag.py:2379} INFO - Sync 1 DAGs
[2023-06-05 23:10:04,722] {logging_mixin.py:115} INFO - [2023-06-05 23:10:04,722] {dag.py:2927} INFO - Setting next_dagrun for example_nested_branch_dag to 2023-06-05T00:00:00+00:00, run_after=2023-06-06T00:00:00+00:00
[2023-06-05 23:10:04,741] {processor.py:161} INFO - Processing /home/gui/Documentos/airflowalura/venv/lib/python3.9/site-packages/airflow/example_dags/example_nested_branch_dag.py took 0.142 seconds
[2023-06-05 23:10:48,187] {processor.py:153} INFO - Started process (PID=45278) to work on /home/gui/Documentos/airflowalura/venv/lib/python3.9/site-packages/airflow/example_dags/example_nested_branch_dag.py
[2023-06-05 23:10:48,188] {processor.py:641} INFO - Processing file /home/gui/Documentos/airflowalura/venv/lib/python3.9/site-packages/airflow/example_dags/example_nested_branch_dag.py for tasks to queue
[2023-06-05 23:10:48,190] {logging_mixin.py:115} INFO - [2023-06-05 23:10:48,190] {dagbag.py:507} INFO - Filling up the DagBag from /home/gui/Documentos/airflowalura/venv/lib/python3.9/site-packages/airflow/example_dags/example_nested_branch_dag.py
[2023-06-05 23:10:48,212] {processor.py:651} INFO - DAG(s) dict_keys(['example_nested_branch_dag']) retrieved from /home/gui/Documentos/airflowalura/venv/lib/python3.9/site-packages/airflow/example_dags/example_nested_branch_dag.py
[2023-06-05 23:10:48,250] {logging_mixin.py:115} INFO - [2023-06-05 23:10:48,250] {dag.py:2379} INFO - Sync 1 DAGs
[2023-06-05 23:10:48,290] {logging_mixin.py:115} INFO - [2023-06-05 23:10:48,289] {dag.py:2927} INFO - Setting next_dagrun for example_nested_branch_dag to 2023-06-05T00:00:00+00:00, run_after=2023-06-06T00:00:00+00:00
[2023-06-05 23:10:48,316] {processor.py:161} INFO - Processing /home/gui/Documentos/airflowalura/venv/lib/python3.9/site-packages/airflow/example_dags/example_nested_branch_dag.py took 0.137 seconds
[2023-06-05 23:11:29,081] {processor.py:153} INFO - Started process (PID=45319) to work on /home/gui/Documentos/airflowalura/venv/lib/python3.9/site-packages/airflow/example_dags/example_nested_branch_dag.py
[2023-06-05 23:11:29,082] {processor.py:641} INFO - Processing file /home/gui/Documentos/airflowalura/venv/lib/python3.9/site-packages/airflow/example_dags/example_nested_branch_dag.py for tasks to queue
[2023-06-05 23:11:29,083] {logging_mixin.py:115} INFO - [2023-06-05 23:11:29,083] {dagbag.py:507} INFO - Filling up the DagBag from /home/gui/Documentos/airflowalura/venv/lib/python3.9/site-packages/airflow/example_dags/example_nested_branch_dag.py
[2023-06-05 23:11:29,104] {processor.py:651} INFO - DAG(s) dict_keys(['example_nested_branch_dag']) retrieved from /home/gui/Documentos/airflowalura/venv/lib/python3.9/site-packages/airflow/example_dags/example_nested_branch_dag.py
[2023-06-05 23:11:29,135] {logging_mixin.py:115} INFO - [2023-06-05 23:11:29,135] {dag.py:2379} INFO - Sync 1 DAGs
[2023-06-05 23:11:29,172] {logging_mixin.py:115} INFO - [2023-06-05 23:11:29,172] {dag.py:2927} INFO - Setting next_dagrun for example_nested_branch_dag to 2023-06-05T00:00:00+00:00, run_after=2023-06-06T00:00:00+00:00
[2023-06-05 23:11:29,192] {processor.py:161} INFO - Processing /home/gui/Documentos/airflowalura/venv/lib/python3.9/site-packages/airflow/example_dags/example_nested_branch_dag.py took 0.118 seconds
[2023-06-05 23:12:08,415] {processor.py:153} INFO - Started process (PID=45354) to work on /home/gui/Documentos/airflowalura/venv/lib/python3.9/site-packages/airflow/example_dags/example_nested_branch_dag.py
[2023-06-05 23:12:08,416] {processor.py:641} INFO - Processing file /home/gui/Documentos/airflowalura/venv/lib/python3.9/site-packages/airflow/example_dags/example_nested_branch_dag.py for tasks to queue
[2023-06-05 23:12:08,417] {logging_mixin.py:115} INFO - [2023-06-05 23:12:08,417] {dagbag.py:507} INFO - Filling up the DagBag from /home/gui/Documentos/airflowalura/venv/lib/python3.9/site-packages/airflow/example_dags/example_nested_branch_dag.py
[2023-06-05 23:12:08,435] {processor.py:651} INFO - DAG(s) dict_keys(['example_nested_branch_dag']) retrieved from /home/gui/Documentos/airflowalura/venv/lib/python3.9/site-packages/airflow/example_dags/example_nested_branch_dag.py
[2023-06-05 23:12:08,464] {logging_mixin.py:115} INFO - [2023-06-05 23:12:08,464] {dag.py:2379} INFO - Sync 1 DAGs
[2023-06-05 23:12:08,494] {logging_mixin.py:115} INFO - [2023-06-05 23:12:08,494] {dag.py:2927} INFO - Setting next_dagrun for example_nested_branch_dag to 2023-06-05T00:00:00+00:00, run_after=2023-06-06T00:00:00+00:00
[2023-06-05 23:12:08,532] {processor.py:161} INFO - Processing /home/gui/Documentos/airflowalura/venv/lib/python3.9/site-packages/airflow/example_dags/example_nested_branch_dag.py took 0.123 seconds
[2023-06-05 23:12:47,527] {processor.py:153} INFO - Started process (PID=45389) to work on /home/gui/Documentos/airflowalura/venv/lib/python3.9/site-packages/airflow/example_dags/example_nested_branch_dag.py
[2023-06-05 23:12:47,529] {processor.py:641} INFO - Processing file /home/gui/Documentos/airflowalura/venv/lib/python3.9/site-packages/airflow/example_dags/example_nested_branch_dag.py for tasks to queue
[2023-06-05 23:12:47,529] {logging_mixin.py:115} INFO - [2023-06-05 23:12:47,529] {dagbag.py:507} INFO - Filling up the DagBag from /home/gui/Documentos/airflowalura/venv/lib/python3.9/site-packages/airflow/example_dags/example_nested_branch_dag.py
[2023-06-05 23:12:47,546] {processor.py:651} INFO - DAG(s) dict_keys(['example_nested_branch_dag']) retrieved from /home/gui/Documentos/airflowalura/venv/lib/python3.9/site-packages/airflow/example_dags/example_nested_branch_dag.py
[2023-06-05 23:12:47,575] {logging_mixin.py:115} INFO - [2023-06-05 23:12:47,575] {dag.py:2379} INFO - Sync 1 DAGs
[2023-06-05 23:12:47,604] {logging_mixin.py:115} INFO - [2023-06-05 23:12:47,604] {dag.py:2927} INFO - Setting next_dagrun for example_nested_branch_dag to 2023-06-05T00:00:00+00:00, run_after=2023-06-06T00:00:00+00:00
[2023-06-05 23:12:47,622] {processor.py:161} INFO - Processing /home/gui/Documentos/airflowalura/venv/lib/python3.9/site-packages/airflow/example_dags/example_nested_branch_dag.py took 0.101 seconds
[2023-06-05 23:13:26,055] {processor.py:153} INFO - Started process (PID=45421) to work on /home/gui/Documentos/airflowalura/venv/lib/python3.9/site-packages/airflow/example_dags/example_nested_branch_dag.py
[2023-06-05 23:13:26,056] {processor.py:641} INFO - Processing file /home/gui/Documentos/airflowalura/venv/lib/python3.9/site-packages/airflow/example_dags/example_nested_branch_dag.py for tasks to queue
[2023-06-05 23:13:26,057] {logging_mixin.py:115} INFO - [2023-06-05 23:13:26,057] {dagbag.py:507} INFO - Filling up the DagBag from /home/gui/Documentos/airflowalura/venv/lib/python3.9/site-packages/airflow/example_dags/example_nested_branch_dag.py
[2023-06-05 23:13:26,077] {processor.py:651} INFO - DAG(s) dict_keys(['example_nested_branch_dag']) retrieved from /home/gui/Documentos/airflowalura/venv/lib/python3.9/site-packages/airflow/example_dags/example_nested_branch_dag.py
[2023-06-05 23:13:26,106] {logging_mixin.py:115} INFO - [2023-06-05 23:13:26,106] {dag.py:2379} INFO - Sync 1 DAGs
[2023-06-05 23:13:26,135] {logging_mixin.py:115} INFO - [2023-06-05 23:13:26,135] {dag.py:2927} INFO - Setting next_dagrun for example_nested_branch_dag to 2023-06-05T00:00:00+00:00, run_after=2023-06-06T00:00:00+00:00
[2023-06-05 23:13:26,165] {processor.py:161} INFO - Processing /home/gui/Documentos/airflowalura/venv/lib/python3.9/site-packages/airflow/example_dags/example_nested_branch_dag.py took 0.118 seconds
[2023-06-05 23:14:03,831] {processor.py:153} INFO - Started process (PID=45457) to work on /home/gui/Documentos/airflowalura/venv/lib/python3.9/site-packages/airflow/example_dags/example_nested_branch_dag.py
[2023-06-05 23:14:03,833] {processor.py:641} INFO - Processing file /home/gui/Documentos/airflowalura/venv/lib/python3.9/site-packages/airflow/example_dags/example_nested_branch_dag.py for tasks to queue
[2023-06-05 23:14:03,835] {logging_mixin.py:115} INFO - [2023-06-05 23:14:03,835] {dagbag.py:507} INFO - Filling up the DagBag from /home/gui/Documentos/airflowalura/venv/lib/python3.9/site-packages/airflow/example_dags/example_nested_branch_dag.py
[2023-06-05 23:14:03,855] {processor.py:651} INFO - DAG(s) dict_keys(['example_nested_branch_dag']) retrieved from /home/gui/Documentos/airflowalura/venv/lib/python3.9/site-packages/airflow/example_dags/example_nested_branch_dag.py
[2023-06-05 23:14:03,884] {logging_mixin.py:115} INFO - [2023-06-05 23:14:03,883] {dag.py:2379} INFO - Sync 1 DAGs
[2023-06-05 23:14:03,913] {logging_mixin.py:115} INFO - [2023-06-05 23:14:03,913] {dag.py:2927} INFO - Setting next_dagrun for example_nested_branch_dag to 2023-06-05T00:00:00+00:00, run_after=2023-06-06T00:00:00+00:00
[2023-06-05 23:14:03,931] {processor.py:161} INFO - Processing /home/gui/Documentos/airflowalura/venv/lib/python3.9/site-packages/airflow/example_dags/example_nested_branch_dag.py took 0.108 seconds
[2023-06-05 23:14:48,378] {processor.py:153} INFO - Started process (PID=45496) to work on /home/gui/Documentos/airflowalura/venv/lib/python3.9/site-packages/airflow/example_dags/example_nested_branch_dag.py
[2023-06-05 23:14:48,379] {processor.py:641} INFO - Processing file /home/gui/Documentos/airflowalura/venv/lib/python3.9/site-packages/airflow/example_dags/example_nested_branch_dag.py for tasks to queue
[2023-06-05 23:14:48,380] {logging_mixin.py:115} INFO - [2023-06-05 23:14:48,380] {dagbag.py:507} INFO - Filling up the DagBag from /home/gui/Documentos/airflowalura/venv/lib/python3.9/site-packages/airflow/example_dags/example_nested_branch_dag.py
[2023-06-05 23:14:48,401] {processor.py:651} INFO - DAG(s) dict_keys(['example_nested_branch_dag']) retrieved from /home/gui/Documentos/airflowalura/venv/lib/python3.9/site-packages/airflow/example_dags/example_nested_branch_dag.py
[2023-06-05 23:14:48,434] {logging_mixin.py:115} INFO - [2023-06-05 23:14:48,434] {dag.py:2379} INFO - Sync 1 DAGs
[2023-06-05 23:14:48,466] {logging_mixin.py:115} INFO - [2023-06-05 23:14:48,465] {dag.py:2927} INFO - Setting next_dagrun for example_nested_branch_dag to 2023-06-05T00:00:00+00:00, run_after=2023-06-06T00:00:00+00:00
[2023-06-05 23:14:48,483] {processor.py:161} INFO - Processing /home/gui/Documentos/airflowalura/venv/lib/python3.9/site-packages/airflow/example_dags/example_nested_branch_dag.py took 0.113 seconds
[2023-06-05 23:15:27,925] {processor.py:153} INFO - Started process (PID=45538) to work on /home/gui/Documentos/airflowalura/venv/lib/python3.9/site-packages/airflow/example_dags/example_nested_branch_dag.py
[2023-06-05 23:15:27,926] {processor.py:641} INFO - Processing file /home/gui/Documentos/airflowalura/venv/lib/python3.9/site-packages/airflow/example_dags/example_nested_branch_dag.py for tasks to queue
[2023-06-05 23:15:27,927] {logging_mixin.py:115} INFO - [2023-06-05 23:15:27,927] {dagbag.py:507} INFO - Filling up the DagBag from /home/gui/Documentos/airflowalura/venv/lib/python3.9/site-packages/airflow/example_dags/example_nested_branch_dag.py
[2023-06-05 23:15:27,949] {processor.py:651} INFO - DAG(s) dict_keys(['example_nested_branch_dag']) retrieved from /home/gui/Documentos/airflowalura/venv/lib/python3.9/site-packages/airflow/example_dags/example_nested_branch_dag.py
[2023-06-05 23:15:27,982] {logging_mixin.py:115} INFO - [2023-06-05 23:15:27,982] {dag.py:2379} INFO - Sync 1 DAGs
[2023-06-05 23:15:28,021] {logging_mixin.py:115} INFO - [2023-06-05 23:15:28,021] {dag.py:2927} INFO - Setting next_dagrun for example_nested_branch_dag to 2023-06-05T00:00:00+00:00, run_after=2023-06-06T00:00:00+00:00
[2023-06-05 23:15:28,042] {processor.py:161} INFO - Processing /home/gui/Documentos/airflowalura/venv/lib/python3.9/site-packages/airflow/example_dags/example_nested_branch_dag.py took 0.125 seconds
[2023-06-05 23:16:05,747] {processor.py:153} INFO - Started process (PID=45586) to work on /home/gui/Documentos/airflowalura/venv/lib/python3.9/site-packages/airflow/example_dags/example_nested_branch_dag.py
[2023-06-05 23:16:05,748] {processor.py:641} INFO - Processing file /home/gui/Documentos/airflowalura/venv/lib/python3.9/site-packages/airflow/example_dags/example_nested_branch_dag.py for tasks to queue
[2023-06-05 23:16:05,750] {logging_mixin.py:115} INFO - [2023-06-05 23:16:05,750] {dagbag.py:507} INFO - Filling up the DagBag from /home/gui/Documentos/airflowalura/venv/lib/python3.9/site-packages/airflow/example_dags/example_nested_branch_dag.py
[2023-06-05 23:16:05,771] {processor.py:651} INFO - DAG(s) dict_keys(['example_nested_branch_dag']) retrieved from /home/gui/Documentos/airflowalura/venv/lib/python3.9/site-packages/airflow/example_dags/example_nested_branch_dag.py
[2023-06-05 23:16:05,808] {logging_mixin.py:115} INFO - [2023-06-05 23:16:05,808] {dag.py:2379} INFO - Sync 1 DAGs
[2023-06-05 23:16:05,849] {logging_mixin.py:115} INFO - [2023-06-05 23:16:05,848] {dag.py:2927} INFO - Setting next_dagrun for example_nested_branch_dag to 2023-06-05T00:00:00+00:00, run_after=2023-06-06T00:00:00+00:00
[2023-06-05 23:16:05,872] {processor.py:161} INFO - Processing /home/gui/Documentos/airflowalura/venv/lib/python3.9/site-packages/airflow/example_dags/example_nested_branch_dag.py took 0.131 seconds
[2023-06-05 23:16:45,178] {processor.py:153} INFO - Started process (PID=45622) to work on /home/gui/Documentos/airflowalura/venv/lib/python3.9/site-packages/airflow/example_dags/example_nested_branch_dag.py
[2023-06-05 23:16:45,179] {processor.py:641} INFO - Processing file /home/gui/Documentos/airflowalura/venv/lib/python3.9/site-packages/airflow/example_dags/example_nested_branch_dag.py for tasks to queue
[2023-06-05 23:16:45,180] {logging_mixin.py:115} INFO - [2023-06-05 23:16:45,180] {dagbag.py:507} INFO - Filling up the DagBag from /home/gui/Documentos/airflowalura/venv/lib/python3.9/site-packages/airflow/example_dags/example_nested_branch_dag.py
[2023-06-05 23:16:45,202] {processor.py:651} INFO - DAG(s) dict_keys(['example_nested_branch_dag']) retrieved from /home/gui/Documentos/airflowalura/venv/lib/python3.9/site-packages/airflow/example_dags/example_nested_branch_dag.py
[2023-06-05 23:16:45,238] {logging_mixin.py:115} INFO - [2023-06-05 23:16:45,238] {dag.py:2379} INFO - Sync 1 DAGs
[2023-06-05 23:16:45,275] {logging_mixin.py:115} INFO - [2023-06-05 23:16:45,274] {dag.py:2927} INFO - Setting next_dagrun for example_nested_branch_dag to 2023-06-05T00:00:00+00:00, run_after=2023-06-06T00:00:00+00:00
[2023-06-05 23:16:45,321] {processor.py:161} INFO - Processing /home/gui/Documentos/airflowalura/venv/lib/python3.9/site-packages/airflow/example_dags/example_nested_branch_dag.py took 0.150 seconds
[2023-06-05 23:17:23,772] {processor.py:153} INFO - Started process (PID=45659) to work on /home/gui/Documentos/airflowalura/venv/lib/python3.9/site-packages/airflow/example_dags/example_nested_branch_dag.py
[2023-06-05 23:17:23,774] {processor.py:641} INFO - Processing file /home/gui/Documentos/airflowalura/venv/lib/python3.9/site-packages/airflow/example_dags/example_nested_branch_dag.py for tasks to queue
[2023-06-05 23:17:23,775] {logging_mixin.py:115} INFO - [2023-06-05 23:17:23,774] {dagbag.py:507} INFO - Filling up the DagBag from /home/gui/Documentos/airflowalura/venv/lib/python3.9/site-packages/airflow/example_dags/example_nested_branch_dag.py
[2023-06-05 23:17:23,795] {processor.py:651} INFO - DAG(s) dict_keys(['example_nested_branch_dag']) retrieved from /home/gui/Documentos/airflowalura/venv/lib/python3.9/site-packages/airflow/example_dags/example_nested_branch_dag.py
[2023-06-05 23:17:23,835] {logging_mixin.py:115} INFO - [2023-06-05 23:17:23,835] {dag.py:2379} INFO - Sync 1 DAGs
[2023-06-05 23:17:23,873] {logging_mixin.py:115} INFO - [2023-06-05 23:17:23,873] {dag.py:2927} INFO - Setting next_dagrun for example_nested_branch_dag to 2023-06-05T00:00:00+00:00, run_after=2023-06-06T00:00:00+00:00
[2023-06-05 23:17:23,910] {processor.py:161} INFO - Processing /home/gui/Documentos/airflowalura/venv/lib/python3.9/site-packages/airflow/example_dags/example_nested_branch_dag.py took 0.145 seconds
[2023-06-05 23:18:08,680] {processor.py:153} INFO - Started process (PID=45696) to work on /home/gui/Documentos/airflowalura/venv/lib/python3.9/site-packages/airflow/example_dags/example_nested_branch_dag.py
[2023-06-05 23:18:08,681] {processor.py:641} INFO - Processing file /home/gui/Documentos/airflowalura/venv/lib/python3.9/site-packages/airflow/example_dags/example_nested_branch_dag.py for tasks to queue
[2023-06-05 23:18:08,682] {logging_mixin.py:115} INFO - [2023-06-05 23:18:08,682] {dagbag.py:507} INFO - Filling up the DagBag from /home/gui/Documentos/airflowalura/venv/lib/python3.9/site-packages/airflow/example_dags/example_nested_branch_dag.py
[2023-06-05 23:18:08,700] {processor.py:651} INFO - DAG(s) dict_keys(['example_nested_branch_dag']) retrieved from /home/gui/Documentos/airflowalura/venv/lib/python3.9/site-packages/airflow/example_dags/example_nested_branch_dag.py
[2023-06-05 23:18:08,730] {logging_mixin.py:115} INFO - [2023-06-05 23:18:08,730] {dag.py:2379} INFO - Sync 1 DAGs
[2023-06-05 23:18:08,764] {logging_mixin.py:115} INFO - [2023-06-05 23:18:08,764] {dag.py:2927} INFO - Setting next_dagrun for example_nested_branch_dag to 2023-06-05T00:00:00+00:00, run_after=2023-06-06T00:00:00+00:00
[2023-06-05 23:18:08,825] {processor.py:161} INFO - Processing /home/gui/Documentos/airflowalura/venv/lib/python3.9/site-packages/airflow/example_dags/example_nested_branch_dag.py took 0.151 seconds
[2023-06-05 23:18:47,221] {processor.py:153} INFO - Started process (PID=45731) to work on /home/gui/Documentos/airflowalura/venv/lib/python3.9/site-packages/airflow/example_dags/example_nested_branch_dag.py
[2023-06-05 23:18:47,222] {processor.py:641} INFO - Processing file /home/gui/Documentos/airflowalura/venv/lib/python3.9/site-packages/airflow/example_dags/example_nested_branch_dag.py for tasks to queue
[2023-06-05 23:18:47,223] {logging_mixin.py:115} INFO - [2023-06-05 23:18:47,223] {dagbag.py:507} INFO - Filling up the DagBag from /home/gui/Documentos/airflowalura/venv/lib/python3.9/site-packages/airflow/example_dags/example_nested_branch_dag.py
[2023-06-05 23:18:47,243] {processor.py:651} INFO - DAG(s) dict_keys(['example_nested_branch_dag']) retrieved from /home/gui/Documentos/airflowalura/venv/lib/python3.9/site-packages/airflow/example_dags/example_nested_branch_dag.py
[2023-06-05 23:18:47,278] {logging_mixin.py:115} INFO - [2023-06-05 23:18:47,278] {dag.py:2379} INFO - Sync 1 DAGs
[2023-06-05 23:18:47,316] {logging_mixin.py:115} INFO - [2023-06-05 23:18:47,316] {dag.py:2927} INFO - Setting next_dagrun for example_nested_branch_dag to 2023-06-05T00:00:00+00:00, run_after=2023-06-06T00:00:00+00:00
[2023-06-05 23:18:47,420] {processor.py:161} INFO - Processing /home/gui/Documentos/airflowalura/venv/lib/python3.9/site-packages/airflow/example_dags/example_nested_branch_dag.py took 0.205 seconds
[2023-06-05 23:19:33,072] {processor.py:153} INFO - Started process (PID=45770) to work on /home/gui/Documentos/airflowalura/venv/lib/python3.9/site-packages/airflow/example_dags/example_nested_branch_dag.py
[2023-06-05 23:19:33,073] {processor.py:641} INFO - Processing file /home/gui/Documentos/airflowalura/venv/lib/python3.9/site-packages/airflow/example_dags/example_nested_branch_dag.py for tasks to queue
[2023-06-05 23:19:33,074] {logging_mixin.py:115} INFO - [2023-06-05 23:19:33,074] {dagbag.py:507} INFO - Filling up the DagBag from /home/gui/Documentos/airflowalura/venv/lib/python3.9/site-packages/airflow/example_dags/example_nested_branch_dag.py
[2023-06-05 23:19:33,094] {processor.py:651} INFO - DAG(s) dict_keys(['example_nested_branch_dag']) retrieved from /home/gui/Documentos/airflowalura/venv/lib/python3.9/site-packages/airflow/example_dags/example_nested_branch_dag.py
[2023-06-05 23:19:33,134] {logging_mixin.py:115} INFO - [2023-06-05 23:19:33,134] {dag.py:2379} INFO - Sync 1 DAGs
[2023-06-05 23:19:33,173] {logging_mixin.py:115} INFO - [2023-06-05 23:19:33,173] {dag.py:2927} INFO - Setting next_dagrun for example_nested_branch_dag to 2023-06-05T00:00:00+00:00, run_after=2023-06-06T00:00:00+00:00
[2023-06-05 23:19:33,291] {processor.py:161} INFO - Processing /home/gui/Documentos/airflowalura/venv/lib/python3.9/site-packages/airflow/example_dags/example_nested_branch_dag.py took 0.226 seconds
[2023-06-05 23:20:16,015] {processor.py:153} INFO - Started process (PID=45821) to work on /home/gui/Documentos/airflowalura/venv/lib/python3.9/site-packages/airflow/example_dags/example_nested_branch_dag.py
[2023-06-05 23:20:16,017] {processor.py:641} INFO - Processing file /home/gui/Documentos/airflowalura/venv/lib/python3.9/site-packages/airflow/example_dags/example_nested_branch_dag.py for tasks to queue
[2023-06-05 23:20:16,018] {logging_mixin.py:115} INFO - [2023-06-05 23:20:16,018] {dagbag.py:507} INFO - Filling up the DagBag from /home/gui/Documentos/airflowalura/venv/lib/python3.9/site-packages/airflow/example_dags/example_nested_branch_dag.py
[2023-06-05 23:20:16,039] {processor.py:651} INFO - DAG(s) dict_keys(['example_nested_branch_dag']) retrieved from /home/gui/Documentos/airflowalura/venv/lib/python3.9/site-packages/airflow/example_dags/example_nested_branch_dag.py
[2023-06-05 23:20:16,084] {logging_mixin.py:115} INFO - [2023-06-05 23:20:16,084] {dag.py:2379} INFO - Sync 1 DAGs
[2023-06-05 23:20:16,124] {logging_mixin.py:115} INFO - [2023-06-05 23:20:16,123] {dag.py:2927} INFO - Setting next_dagrun for example_nested_branch_dag to 2023-06-05T00:00:00+00:00, run_after=2023-06-06T00:00:00+00:00
[2023-06-05 23:20:16,165] {processor.py:161} INFO - Processing /home/gui/Documentos/airflowalura/venv/lib/python3.9/site-packages/airflow/example_dags/example_nested_branch_dag.py took 0.158 seconds
[2023-06-05 23:20:52,734] {processor.py:153} INFO - Started process (PID=45862) to work on /home/gui/Documentos/airflowalura/venv/lib/python3.9/site-packages/airflow/example_dags/example_nested_branch_dag.py
[2023-06-05 23:20:52,735] {processor.py:641} INFO - Processing file /home/gui/Documentos/airflowalura/venv/lib/python3.9/site-packages/airflow/example_dags/example_nested_branch_dag.py for tasks to queue
[2023-06-05 23:20:52,736] {logging_mixin.py:115} INFO - [2023-06-05 23:20:52,736] {dagbag.py:507} INFO - Filling up the DagBag from /home/gui/Documentos/airflowalura/venv/lib/python3.9/site-packages/airflow/example_dags/example_nested_branch_dag.py
[2023-06-05 23:20:52,757] {processor.py:651} INFO - DAG(s) dict_keys(['example_nested_branch_dag']) retrieved from /home/gui/Documentos/airflowalura/venv/lib/python3.9/site-packages/airflow/example_dags/example_nested_branch_dag.py
[2023-06-05 23:20:52,793] {logging_mixin.py:115} INFO - [2023-06-05 23:20:52,792] {dag.py:2379} INFO - Sync 1 DAGs
[2023-06-05 23:20:52,837] {logging_mixin.py:115} INFO - [2023-06-05 23:20:52,837] {dag.py:2927} INFO - Setting next_dagrun for example_nested_branch_dag to 2023-06-05T00:00:00+00:00, run_after=2023-06-06T00:00:00+00:00
[2023-06-05 23:20:52,877] {processor.py:161} INFO - Processing /home/gui/Documentos/airflowalura/venv/lib/python3.9/site-packages/airflow/example_dags/example_nested_branch_dag.py took 0.151 seconds
[2023-06-05 23:21:32,407] {processor.py:153} INFO - Started process (PID=45909) to work on /home/gui/Documentos/airflowalura/venv/lib/python3.9/site-packages/airflow/example_dags/example_nested_branch_dag.py
[2023-06-05 23:21:32,409] {processor.py:641} INFO - Processing file /home/gui/Documentos/airflowalura/venv/lib/python3.9/site-packages/airflow/example_dags/example_nested_branch_dag.py for tasks to queue
[2023-06-05 23:21:32,410] {logging_mixin.py:115} INFO - [2023-06-05 23:21:32,410] {dagbag.py:507} INFO - Filling up the DagBag from /home/gui/Documentos/airflowalura/venv/lib/python3.9/site-packages/airflow/example_dags/example_nested_branch_dag.py
[2023-06-05 23:21:32,431] {processor.py:651} INFO - DAG(s) dict_keys(['example_nested_branch_dag']) retrieved from /home/gui/Documentos/airflowalura/venv/lib/python3.9/site-packages/airflow/example_dags/example_nested_branch_dag.py
[2023-06-05 23:21:32,469] {logging_mixin.py:115} INFO - [2023-06-05 23:21:32,468] {dag.py:2379} INFO - Sync 1 DAGs
[2023-06-05 23:21:32,505] {logging_mixin.py:115} INFO - [2023-06-05 23:21:32,505] {dag.py:2927} INFO - Setting next_dagrun for example_nested_branch_dag to 2023-06-05T00:00:00+00:00, run_after=2023-06-06T00:00:00+00:00
[2023-06-05 23:21:32,531] {processor.py:161} INFO - Processing /home/gui/Documentos/airflowalura/venv/lib/python3.9/site-packages/airflow/example_dags/example_nested_branch_dag.py took 0.131 seconds
[2023-06-05 23:22:13,229] {processor.py:153} INFO - Started process (PID=45954) to work on /home/gui/Documentos/airflowalura/venv/lib/python3.9/site-packages/airflow/example_dags/example_nested_branch_dag.py
[2023-06-05 23:22:13,230] {processor.py:641} INFO - Processing file /home/gui/Documentos/airflowalura/venv/lib/python3.9/site-packages/airflow/example_dags/example_nested_branch_dag.py for tasks to queue
[2023-06-05 23:22:13,231] {logging_mixin.py:115} INFO - [2023-06-05 23:22:13,231] {dagbag.py:507} INFO - Filling up the DagBag from /home/gui/Documentos/airflowalura/venv/lib/python3.9/site-packages/airflow/example_dags/example_nested_branch_dag.py
[2023-06-05 23:22:13,254] {processor.py:651} INFO - DAG(s) dict_keys(['example_nested_branch_dag']) retrieved from /home/gui/Documentos/airflowalura/venv/lib/python3.9/site-packages/airflow/example_dags/example_nested_branch_dag.py
[2023-06-05 23:22:13,288] {logging_mixin.py:115} INFO - [2023-06-05 23:22:13,288] {dag.py:2379} INFO - Sync 1 DAGs
[2023-06-05 23:22:13,325] {logging_mixin.py:115} INFO - [2023-06-05 23:22:13,325] {dag.py:2927} INFO - Setting next_dagrun for example_nested_branch_dag to 2023-06-05T00:00:00+00:00, run_after=2023-06-06T00:00:00+00:00
[2023-06-05 23:22:13,349] {processor.py:161} INFO - Processing /home/gui/Documentos/airflowalura/venv/lib/python3.9/site-packages/airflow/example_dags/example_nested_branch_dag.py took 0.127 seconds
[2023-06-05 23:23:00,290] {processor.py:153} INFO - Started process (PID=46010) to work on /home/gui/Documentos/airflowalura/venv/lib/python3.9/site-packages/airflow/example_dags/example_nested_branch_dag.py
[2023-06-05 23:23:00,291] {processor.py:641} INFO - Processing file /home/gui/Documentos/airflowalura/venv/lib/python3.9/site-packages/airflow/example_dags/example_nested_branch_dag.py for tasks to queue
[2023-06-05 23:23:00,292] {logging_mixin.py:115} INFO - [2023-06-05 23:23:00,292] {dagbag.py:507} INFO - Filling up the DagBag from /home/gui/Documentos/airflowalura/venv/lib/python3.9/site-packages/airflow/example_dags/example_nested_branch_dag.py
[2023-06-05 23:23:00,309] {processor.py:651} INFO - DAG(s) dict_keys(['example_nested_branch_dag']) retrieved from /home/gui/Documentos/airflowalura/venv/lib/python3.9/site-packages/airflow/example_dags/example_nested_branch_dag.py
[2023-06-05 23:23:00,337] {logging_mixin.py:115} INFO - [2023-06-05 23:23:00,337] {dag.py:2379} INFO - Sync 1 DAGs
[2023-06-05 23:23:00,365] {logging_mixin.py:115} INFO - [2023-06-05 23:23:00,365] {dag.py:2927} INFO - Setting next_dagrun for example_nested_branch_dag to 2023-06-05T00:00:00+00:00, run_after=2023-06-06T00:00:00+00:00
[2023-06-05 23:23:00,616] {processor.py:161} INFO - Processing /home/gui/Documentos/airflowalura/venv/lib/python3.9/site-packages/airflow/example_dags/example_nested_branch_dag.py took 0.332 seconds
[2023-06-05 23:23:39,927] {processor.py:153} INFO - Started process (PID=46050) to work on /home/gui/Documentos/airflowalura/venv/lib/python3.9/site-packages/airflow/example_dags/example_nested_branch_dag.py
[2023-06-05 23:23:39,929] {processor.py:641} INFO - Processing file /home/gui/Documentos/airflowalura/venv/lib/python3.9/site-packages/airflow/example_dags/example_nested_branch_dag.py for tasks to queue
[2023-06-05 23:23:39,929] {logging_mixin.py:115} INFO - [2023-06-05 23:23:39,929] {dagbag.py:507} INFO - Filling up the DagBag from /home/gui/Documentos/airflowalura/venv/lib/python3.9/site-packages/airflow/example_dags/example_nested_branch_dag.py
[2023-06-05 23:23:39,949] {processor.py:651} INFO - DAG(s) dict_keys(['example_nested_branch_dag']) retrieved from /home/gui/Documentos/airflowalura/venv/lib/python3.9/site-packages/airflow/example_dags/example_nested_branch_dag.py
[2023-06-05 23:23:39,980] {logging_mixin.py:115} INFO - [2023-06-05 23:23:39,980] {dag.py:2379} INFO - Sync 1 DAGs
[2023-06-05 23:23:40,010] {logging_mixin.py:115} INFO - [2023-06-05 23:23:40,010] {dag.py:2927} INFO - Setting next_dagrun for example_nested_branch_dag to 2023-06-05T00:00:00+00:00, run_after=2023-06-06T00:00:00+00:00
[2023-06-05 23:23:40,089] {processor.py:161} INFO - Processing /home/gui/Documentos/airflowalura/venv/lib/python3.9/site-packages/airflow/example_dags/example_nested_branch_dag.py took 0.167 seconds
[2023-06-05 23:24:23,283] {processor.py:153} INFO - Started process (PID=46098) to work on /home/gui/Documentos/airflowalura/venv/lib/python3.9/site-packages/airflow/example_dags/example_nested_branch_dag.py
[2023-06-05 23:24:23,284] {processor.py:641} INFO - Processing file /home/gui/Documentos/airflowalura/venv/lib/python3.9/site-packages/airflow/example_dags/example_nested_branch_dag.py for tasks to queue
[2023-06-05 23:24:23,286] {logging_mixin.py:115} INFO - [2023-06-05 23:24:23,285] {dagbag.py:507} INFO - Filling up the DagBag from /home/gui/Documentos/airflowalura/venv/lib/python3.9/site-packages/airflow/example_dags/example_nested_branch_dag.py
[2023-06-05 23:24:23,311] {processor.py:651} INFO - DAG(s) dict_keys(['example_nested_branch_dag']) retrieved from /home/gui/Documentos/airflowalura/venv/lib/python3.9/site-packages/airflow/example_dags/example_nested_branch_dag.py
[2023-06-05 23:24:23,362] {logging_mixin.py:115} INFO - [2023-06-05 23:24:23,362] {dag.py:2379} INFO - Sync 1 DAGs
[2023-06-05 23:24:23,401] {logging_mixin.py:115} INFO - [2023-06-05 23:24:23,401] {dag.py:2927} INFO - Setting next_dagrun for example_nested_branch_dag to 2023-06-05T00:00:00+00:00, run_after=2023-06-06T00:00:00+00:00
[2023-06-05 23:24:23,432] {processor.py:161} INFO - Processing /home/gui/Documentos/airflowalura/venv/lib/python3.9/site-packages/airflow/example_dags/example_nested_branch_dag.py took 0.157 seconds
[2023-06-05 23:25:06,927] {processor.py:153} INFO - Started process (PID=46143) to work on /home/gui/Documentos/airflowalura/venv/lib/python3.9/site-packages/airflow/example_dags/example_nested_branch_dag.py
[2023-06-05 23:25:06,928] {processor.py:641} INFO - Processing file /home/gui/Documentos/airflowalura/venv/lib/python3.9/site-packages/airflow/example_dags/example_nested_branch_dag.py for tasks to queue
[2023-06-05 23:25:06,929] {logging_mixin.py:115} INFO - [2023-06-05 23:25:06,929] {dagbag.py:507} INFO - Filling up the DagBag from /home/gui/Documentos/airflowalura/venv/lib/python3.9/site-packages/airflow/example_dags/example_nested_branch_dag.py
[2023-06-05 23:25:06,952] {processor.py:651} INFO - DAG(s) dict_keys(['example_nested_branch_dag']) retrieved from /home/gui/Documentos/airflowalura/venv/lib/python3.9/site-packages/airflow/example_dags/example_nested_branch_dag.py
[2023-06-05 23:25:07,004] {logging_mixin.py:115} INFO - [2023-06-05 23:25:07,004] {dag.py:2379} INFO - Sync 1 DAGs
[2023-06-05 23:25:07,041] {logging_mixin.py:115} INFO - [2023-06-05 23:25:07,041] {dag.py:2927} INFO - Setting next_dagrun for example_nested_branch_dag to 2023-06-05T00:00:00+00:00, run_after=2023-06-06T00:00:00+00:00
[2023-06-05 23:25:07,331] {processor.py:161} INFO - Processing /home/gui/Documentos/airflowalura/venv/lib/python3.9/site-packages/airflow/example_dags/example_nested_branch_dag.py took 0.410 seconds
[2023-06-05 23:25:45,177] {processor.py:153} INFO - Started process (PID=46189) to work on /home/gui/Documentos/airflowalura/venv/lib/python3.9/site-packages/airflow/example_dags/example_nested_branch_dag.py
[2023-06-05 23:25:45,178] {processor.py:641} INFO - Processing file /home/gui/Documentos/airflowalura/venv/lib/python3.9/site-packages/airflow/example_dags/example_nested_branch_dag.py for tasks to queue
[2023-06-05 23:25:45,179] {logging_mixin.py:115} INFO - [2023-06-05 23:25:45,179] {dagbag.py:507} INFO - Filling up the DagBag from /home/gui/Documentos/airflowalura/venv/lib/python3.9/site-packages/airflow/example_dags/example_nested_branch_dag.py
[2023-06-05 23:25:45,204] {processor.py:651} INFO - DAG(s) dict_keys(['example_nested_branch_dag']) retrieved from /home/gui/Documentos/airflowalura/venv/lib/python3.9/site-packages/airflow/example_dags/example_nested_branch_dag.py
[2023-06-05 23:25:45,238] {logging_mixin.py:115} INFO - [2023-06-05 23:25:45,238] {dag.py:2379} INFO - Sync 1 DAGs
[2023-06-05 23:25:45,273] {logging_mixin.py:115} INFO - [2023-06-05 23:25:45,273] {dag.py:2927} INFO - Setting next_dagrun for example_nested_branch_dag to 2023-06-05T00:00:00+00:00, run_after=2023-06-06T00:00:00+00:00
[2023-06-05 23:25:45,470] {processor.py:161} INFO - Processing /home/gui/Documentos/airflowalura/venv/lib/python3.9/site-packages/airflow/example_dags/example_nested_branch_dag.py took 0.300 seconds
[2023-06-05 23:31:10,213] {processor.py:153} INFO - Started process (PID=46738) to work on /home/gui/Documentos/airflowalura/venv/lib/python3.9/site-packages/airflow/example_dags/example_nested_branch_dag.py
[2023-06-05 23:31:10,224] {processor.py:641} INFO - Processing file /home/gui/Documentos/airflowalura/venv/lib/python3.9/site-packages/airflow/example_dags/example_nested_branch_dag.py for tasks to queue
[2023-06-05 23:31:10,225] {logging_mixin.py:115} INFO - [2023-06-05 23:31:10,225] {dagbag.py:507} INFO - Filling up the DagBag from /home/gui/Documentos/airflowalura/venv/lib/python3.9/site-packages/airflow/example_dags/example_nested_branch_dag.py
[2023-06-05 23:31:10,251] {processor.py:651} INFO - DAG(s) dict_keys(['example_nested_branch_dag']) retrieved from /home/gui/Documentos/airflowalura/venv/lib/python3.9/site-packages/airflow/example_dags/example_nested_branch_dag.py
[2023-06-05 23:31:10,289] {logging_mixin.py:115} INFO - [2023-06-05 23:31:10,289] {dag.py:2379} INFO - Sync 1 DAGs
[2023-06-05 23:31:10,328] {logging_mixin.py:115} INFO - [2023-06-05 23:31:10,328] {dag.py:2927} INFO - Setting next_dagrun for example_nested_branch_dag to 2023-06-05T00:00:00+00:00, run_after=2023-06-06T00:00:00+00:00
[2023-06-05 23:31:10,355] {processor.py:161} INFO - Processing /home/gui/Documentos/airflowalura/venv/lib/python3.9/site-packages/airflow/example_dags/example_nested_branch_dag.py took 0.153 seconds
[2023-06-05 23:32:08,362] {processor.py:153} INFO - Started process (PID=47218) to work on /home/gui/Documentos/airflowalura/venv/lib/python3.9/site-packages/airflow/example_dags/example_nested_branch_dag.py
[2023-06-05 23:32:08,366] {processor.py:641} INFO - Processing file /home/gui/Documentos/airflowalura/venv/lib/python3.9/site-packages/airflow/example_dags/example_nested_branch_dag.py for tasks to queue
[2023-06-05 23:32:08,367] {logging_mixin.py:115} INFO - [2023-06-05 23:32:08,367] {dagbag.py:507} INFO - Filling up the DagBag from /home/gui/Documentos/airflowalura/venv/lib/python3.9/site-packages/airflow/example_dags/example_nested_branch_dag.py
[2023-06-05 23:32:08,399] {processor.py:651} INFO - DAG(s) dict_keys(['example_nested_branch_dag']) retrieved from /home/gui/Documentos/airflowalura/venv/lib/python3.9/site-packages/airflow/example_dags/example_nested_branch_dag.py
[2023-06-05 23:32:08,448] {logging_mixin.py:115} INFO - [2023-06-05 23:32:08,448] {dag.py:2379} INFO - Sync 1 DAGs
[2023-06-05 23:32:08,497] {logging_mixin.py:115} INFO - [2023-06-05 23:32:08,496] {dag.py:2927} INFO - Setting next_dagrun for example_nested_branch_dag to 2023-06-05T00:00:00+00:00, run_after=2023-06-06T00:00:00+00:00
[2023-06-05 23:32:08,571] {processor.py:161} INFO - Processing /home/gui/Documentos/airflowalura/venv/lib/python3.9/site-packages/airflow/example_dags/example_nested_branch_dag.py took 0.217 seconds
[2023-06-05 23:32:54,780] {processor.py:153} INFO - Started process (PID=47869) to work on /home/gui/Documentos/airflowalura/venv/lib/python3.9/site-packages/airflow/example_dags/example_nested_branch_dag.py
[2023-06-05 23:32:54,781] {processor.py:641} INFO - Processing file /home/gui/Documentos/airflowalura/venv/lib/python3.9/site-packages/airflow/example_dags/example_nested_branch_dag.py for tasks to queue
[2023-06-05 23:32:54,782] {logging_mixin.py:115} INFO - [2023-06-05 23:32:54,782] {dagbag.py:507} INFO - Filling up the DagBag from /home/gui/Documentos/airflowalura/venv/lib/python3.9/site-packages/airflow/example_dags/example_nested_branch_dag.py
[2023-06-05 23:32:54,812] {processor.py:651} INFO - DAG(s) dict_keys(['example_nested_branch_dag']) retrieved from /home/gui/Documentos/airflowalura/venv/lib/python3.9/site-packages/airflow/example_dags/example_nested_branch_dag.py
[2023-06-05 23:32:54,872] {logging_mixin.py:115} INFO - [2023-06-05 23:32:54,872] {dag.py:2379} INFO - Sync 1 DAGs
[2023-06-05 23:32:54,929] {logging_mixin.py:115} INFO - [2023-06-05 23:32:54,929] {dag.py:2927} INFO - Setting next_dagrun for example_nested_branch_dag to 2023-06-05T00:00:00+00:00, run_after=2023-06-06T00:00:00+00:00
[2023-06-05 23:32:55,007] {processor.py:161} INFO - Processing /home/gui/Documentos/airflowalura/venv/lib/python3.9/site-packages/airflow/example_dags/example_nested_branch_dag.py took 0.233 seconds
[2023-06-05 23:33:38,428] {processor.py:153} INFO - Started process (PID=48529) to work on /home/gui/Documentos/airflowalura/venv/lib/python3.9/site-packages/airflow/example_dags/example_nested_branch_dag.py
[2023-06-05 23:33:38,430] {processor.py:641} INFO - Processing file /home/gui/Documentos/airflowalura/venv/lib/python3.9/site-packages/airflow/example_dags/example_nested_branch_dag.py for tasks to queue
[2023-06-05 23:33:38,431] {logging_mixin.py:115} INFO - [2023-06-05 23:33:38,431] {dagbag.py:507} INFO - Filling up the DagBag from /home/gui/Documentos/airflowalura/venv/lib/python3.9/site-packages/airflow/example_dags/example_nested_branch_dag.py
[2023-06-05 23:33:38,468] {processor.py:651} INFO - DAG(s) dict_keys(['example_nested_branch_dag']) retrieved from /home/gui/Documentos/airflowalura/venv/lib/python3.9/site-packages/airflow/example_dags/example_nested_branch_dag.py
[2023-06-05 23:33:38,523] {logging_mixin.py:115} INFO - [2023-06-05 23:33:38,523] {dag.py:2379} INFO - Sync 1 DAGs
[2023-06-05 23:33:38,577] {logging_mixin.py:115} INFO - [2023-06-05 23:33:38,577] {dag.py:2927} INFO - Setting next_dagrun for example_nested_branch_dag to 2023-06-05T00:00:00+00:00, run_after=2023-06-06T00:00:00+00:00
[2023-06-05 23:33:38,609] {processor.py:161} INFO - Processing /home/gui/Documentos/airflowalura/venv/lib/python3.9/site-packages/airflow/example_dags/example_nested_branch_dag.py took 0.189 seconds
[2023-06-05 23:34:18,060] {processor.py:153} INFO - Started process (PID=49130) to work on /home/gui/Documentos/airflowalura/venv/lib/python3.9/site-packages/airflow/example_dags/example_nested_branch_dag.py
[2023-06-05 23:34:18,067] {processor.py:641} INFO - Processing file /home/gui/Documentos/airflowalura/venv/lib/python3.9/site-packages/airflow/example_dags/example_nested_branch_dag.py for tasks to queue
[2023-06-05 23:34:18,068] {logging_mixin.py:115} INFO - [2023-06-05 23:34:18,068] {dagbag.py:507} INFO - Filling up the DagBag from /home/gui/Documentos/airflowalura/venv/lib/python3.9/site-packages/airflow/example_dags/example_nested_branch_dag.py
[2023-06-05 23:34:18,103] {processor.py:651} INFO - DAG(s) dict_keys(['example_nested_branch_dag']) retrieved from /home/gui/Documentos/airflowalura/venv/lib/python3.9/site-packages/airflow/example_dags/example_nested_branch_dag.py
[2023-06-05 23:34:18,155] {logging_mixin.py:115} INFO - [2023-06-05 23:34:18,155] {dag.py:2379} INFO - Sync 1 DAGs
[2023-06-05 23:34:18,204] {logging_mixin.py:115} INFO - [2023-06-05 23:34:18,204] {dag.py:2927} INFO - Setting next_dagrun for example_nested_branch_dag to 2023-06-05T00:00:00+00:00, run_after=2023-06-06T00:00:00+00:00
[2023-06-05 23:34:18,231] {processor.py:161} INFO - Processing /home/gui/Documentos/airflowalura/venv/lib/python3.9/site-packages/airflow/example_dags/example_nested_branch_dag.py took 0.183 seconds
[2023-06-05 23:34:59,068] {processor.py:153} INFO - Started process (PID=49520) to work on /home/gui/Documentos/airflowalura/venv/lib/python3.9/site-packages/airflow/example_dags/example_nested_branch_dag.py
[2023-06-05 23:34:59,070] {processor.py:641} INFO - Processing file /home/gui/Documentos/airflowalura/venv/lib/python3.9/site-packages/airflow/example_dags/example_nested_branch_dag.py for tasks to queue
[2023-06-05 23:34:59,071] {logging_mixin.py:115} INFO - [2023-06-05 23:34:59,071] {dagbag.py:507} INFO - Filling up the DagBag from /home/gui/Documentos/airflowalura/venv/lib/python3.9/site-packages/airflow/example_dags/example_nested_branch_dag.py
[2023-06-05 23:34:59,097] {processor.py:651} INFO - DAG(s) dict_keys(['example_nested_branch_dag']) retrieved from /home/gui/Documentos/airflowalura/venv/lib/python3.9/site-packages/airflow/example_dags/example_nested_branch_dag.py
[2023-06-05 23:34:59,146] {logging_mixin.py:115} INFO - [2023-06-05 23:34:59,146] {dag.py:2379} INFO - Sync 1 DAGs
[2023-06-05 23:34:59,202] {logging_mixin.py:115} INFO - [2023-06-05 23:34:59,201] {dag.py:2927} INFO - Setting next_dagrun for example_nested_branch_dag to 2023-06-05T00:00:00+00:00, run_after=2023-06-06T00:00:00+00:00
[2023-06-05 23:34:59,234] {processor.py:161} INFO - Processing /home/gui/Documentos/airflowalura/venv/lib/python3.9/site-packages/airflow/example_dags/example_nested_branch_dag.py took 0.186 seconds
[2023-06-05 23:35:45,213] {processor.py:153} INFO - Started process (PID=49588) to work on /home/gui/Documentos/airflowalura/venv/lib/python3.9/site-packages/airflow/example_dags/example_nested_branch_dag.py
[2023-06-05 23:35:45,219] {processor.py:641} INFO - Processing file /home/gui/Documentos/airflowalura/venv/lib/python3.9/site-packages/airflow/example_dags/example_nested_branch_dag.py for tasks to queue
[2023-06-05 23:35:45,220] {logging_mixin.py:115} INFO - [2023-06-05 23:35:45,220] {dagbag.py:507} INFO - Filling up the DagBag from /home/gui/Documentos/airflowalura/venv/lib/python3.9/site-packages/airflow/example_dags/example_nested_branch_dag.py
[2023-06-05 23:35:45,267] {processor.py:651} INFO - DAG(s) dict_keys(['example_nested_branch_dag']) retrieved from /home/gui/Documentos/airflowalura/venv/lib/python3.9/site-packages/airflow/example_dags/example_nested_branch_dag.py
[2023-06-05 23:35:45,334] {logging_mixin.py:115} INFO - [2023-06-05 23:35:45,334] {dag.py:2379} INFO - Sync 1 DAGs
[2023-06-05 23:35:45,384] {logging_mixin.py:115} INFO - [2023-06-05 23:35:45,383] {dag.py:2927} INFO - Setting next_dagrun for example_nested_branch_dag to 2023-06-05T00:00:00+00:00, run_after=2023-06-06T00:00:00+00:00
[2023-06-05 23:35:45,428] {processor.py:161} INFO - Processing /home/gui/Documentos/airflowalura/venv/lib/python3.9/site-packages/airflow/example_dags/example_nested_branch_dag.py took 0.224 seconds
[2023-06-05 23:36:41,295] {processor.py:153} INFO - Started process (PID=49690) to work on /home/gui/Documentos/airflowalura/venv/lib/python3.9/site-packages/airflow/example_dags/example_nested_branch_dag.py
[2023-06-05 23:36:41,300] {processor.py:641} INFO - Processing file /home/gui/Documentos/airflowalura/venv/lib/python3.9/site-packages/airflow/example_dags/example_nested_branch_dag.py for tasks to queue
[2023-06-05 23:36:41,301] {logging_mixin.py:115} INFO - [2023-06-05 23:36:41,301] {dagbag.py:507} INFO - Filling up the DagBag from /home/gui/Documentos/airflowalura/venv/lib/python3.9/site-packages/airflow/example_dags/example_nested_branch_dag.py
[2023-06-05 23:36:41,338] {processor.py:651} INFO - DAG(s) dict_keys(['example_nested_branch_dag']) retrieved from /home/gui/Documentos/airflowalura/venv/lib/python3.9/site-packages/airflow/example_dags/example_nested_branch_dag.py
[2023-06-05 23:36:41,393] {logging_mixin.py:115} INFO - [2023-06-05 23:36:41,393] {dag.py:2379} INFO - Sync 1 DAGs
[2023-06-05 23:36:41,437] {logging_mixin.py:115} INFO - [2023-06-05 23:36:41,437] {dag.py:2927} INFO - Setting next_dagrun for example_nested_branch_dag to 2023-06-05T00:00:00+00:00, run_after=2023-06-06T00:00:00+00:00
[2023-06-05 23:36:41,463] {processor.py:161} INFO - Processing /home/gui/Documentos/airflowalura/venv/lib/python3.9/site-packages/airflow/example_dags/example_nested_branch_dag.py took 0.177 seconds
[2023-06-05 23:37:24,253] {processor.py:153} INFO - Started process (PID=49772) to work on /home/gui/Documentos/airflowalura/venv/lib/python3.9/site-packages/airflow/example_dags/example_nested_branch_dag.py
[2023-06-05 23:37:24,259] {processor.py:641} INFO - Processing file /home/gui/Documentos/airflowalura/venv/lib/python3.9/site-packages/airflow/example_dags/example_nested_branch_dag.py for tasks to queue
[2023-06-05 23:37:24,261] {logging_mixin.py:115} INFO - [2023-06-05 23:37:24,261] {dagbag.py:507} INFO - Filling up the DagBag from /home/gui/Documentos/airflowalura/venv/lib/python3.9/site-packages/airflow/example_dags/example_nested_branch_dag.py
[2023-06-05 23:37:24,289] {processor.py:651} INFO - DAG(s) dict_keys(['example_nested_branch_dag']) retrieved from /home/gui/Documentos/airflowalura/venv/lib/python3.9/site-packages/airflow/example_dags/example_nested_branch_dag.py
[2023-06-05 23:37:24,339] {logging_mixin.py:115} INFO - [2023-06-05 23:37:24,339] {dag.py:2379} INFO - Sync 1 DAGs
[2023-06-05 23:37:24,387] {logging_mixin.py:115} INFO - [2023-06-05 23:37:24,386] {dag.py:2927} INFO - Setting next_dagrun for example_nested_branch_dag to 2023-06-05T00:00:00+00:00, run_after=2023-06-06T00:00:00+00:00
[2023-06-05 23:37:24,421] {processor.py:161} INFO - Processing /home/gui/Documentos/airflowalura/venv/lib/python3.9/site-packages/airflow/example_dags/example_nested_branch_dag.py took 0.181 seconds
[2023-06-05 23:38:03,106] {processor.py:153} INFO - Started process (PID=49889) to work on /home/gui/Documentos/airflowalura/venv/lib/python3.9/site-packages/airflow/example_dags/example_nested_branch_dag.py
[2023-06-05 23:38:03,107] {processor.py:641} INFO - Processing file /home/gui/Documentos/airflowalura/venv/lib/python3.9/site-packages/airflow/example_dags/example_nested_branch_dag.py for tasks to queue
[2023-06-05 23:38:03,108] {logging_mixin.py:115} INFO - [2023-06-05 23:38:03,108] {dagbag.py:507} INFO - Filling up the DagBag from /home/gui/Documentos/airflowalura/venv/lib/python3.9/site-packages/airflow/example_dags/example_nested_branch_dag.py
[2023-06-05 23:38:03,127] {processor.py:651} INFO - DAG(s) dict_keys(['example_nested_branch_dag']) retrieved from /home/gui/Documentos/airflowalura/venv/lib/python3.9/site-packages/airflow/example_dags/example_nested_branch_dag.py
[2023-06-05 23:38:03,553] {logging_mixin.py:115} INFO - [2023-06-05 23:38:03,553] {dag.py:2379} INFO - Sync 1 DAGs
[2023-06-05 23:38:03,604] {logging_mixin.py:115} INFO - [2023-06-05 23:38:03,604] {dag.py:2927} INFO - Setting next_dagrun for example_nested_branch_dag to 2023-06-05T00:00:00+00:00, run_after=2023-06-06T00:00:00+00:00
[2023-06-05 23:38:03,637] {processor.py:161} INFO - Processing /home/gui/Documentos/airflowalura/venv/lib/python3.9/site-packages/airflow/example_dags/example_nested_branch_dag.py took 0.538 seconds
[2023-06-05 23:38:48,117] {processor.py:153} INFO - Started process (PID=49965) to work on /home/gui/Documentos/airflowalura/venv/lib/python3.9/site-packages/airflow/example_dags/example_nested_branch_dag.py
[2023-06-05 23:38:48,118] {processor.py:641} INFO - Processing file /home/gui/Documentos/airflowalura/venv/lib/python3.9/site-packages/airflow/example_dags/example_nested_branch_dag.py for tasks to queue
[2023-06-05 23:38:48,119] {logging_mixin.py:115} INFO - [2023-06-05 23:38:48,119] {dagbag.py:507} INFO - Filling up the DagBag from /home/gui/Documentos/airflowalura/venv/lib/python3.9/site-packages/airflow/example_dags/example_nested_branch_dag.py
[2023-06-05 23:38:48,143] {processor.py:651} INFO - DAG(s) dict_keys(['example_nested_branch_dag']) retrieved from /home/gui/Documentos/airflowalura/venv/lib/python3.9/site-packages/airflow/example_dags/example_nested_branch_dag.py
[2023-06-05 23:38:48,190] {logging_mixin.py:115} INFO - [2023-06-05 23:38:48,190] {dag.py:2379} INFO - Sync 1 DAGs
[2023-06-05 23:38:48,225] {logging_mixin.py:115} INFO - [2023-06-05 23:38:48,225] {dag.py:2927} INFO - Setting next_dagrun for example_nested_branch_dag to 2023-06-05T00:00:00+00:00, run_after=2023-06-06T00:00:00+00:00
[2023-06-05 23:38:48,249] {processor.py:161} INFO - Processing /home/gui/Documentos/airflowalura/venv/lib/python3.9/site-packages/airflow/example_dags/example_nested_branch_dag.py took 0.142 seconds
[2023-06-05 23:39:25,127] {processor.py:153} INFO - Started process (PID=50029) to work on /home/gui/Documentos/airflowalura/venv/lib/python3.9/site-packages/airflow/example_dags/example_nested_branch_dag.py
[2023-06-05 23:39:25,131] {processor.py:641} INFO - Processing file /home/gui/Documentos/airflowalura/venv/lib/python3.9/site-packages/airflow/example_dags/example_nested_branch_dag.py for tasks to queue
[2023-06-05 23:39:25,132] {logging_mixin.py:115} INFO - [2023-06-05 23:39:25,132] {dagbag.py:507} INFO - Filling up the DagBag from /home/gui/Documentos/airflowalura/venv/lib/python3.9/site-packages/airflow/example_dags/example_nested_branch_dag.py
[2023-06-05 23:39:25,151] {processor.py:651} INFO - DAG(s) dict_keys(['example_nested_branch_dag']) retrieved from /home/gui/Documentos/airflowalura/venv/lib/python3.9/site-packages/airflow/example_dags/example_nested_branch_dag.py
[2023-06-05 23:39:25,180] {logging_mixin.py:115} INFO - [2023-06-05 23:39:25,180] {dag.py:2379} INFO - Sync 1 DAGs
[2023-06-05 23:39:25,214] {logging_mixin.py:115} INFO - [2023-06-05 23:39:25,214] {dag.py:2927} INFO - Setting next_dagrun for example_nested_branch_dag to 2023-06-05T00:00:00+00:00, run_after=2023-06-06T00:00:00+00:00
[2023-06-05 23:39:25,239] {processor.py:161} INFO - Processing /home/gui/Documentos/airflowalura/venv/lib/python3.9/site-packages/airflow/example_dags/example_nested_branch_dag.py took 0.119 seconds
[2023-06-05 23:40:12,657] {processor.py:153} INFO - Started process (PID=50359) to work on /home/gui/Documentos/airflowalura/venv/lib/python3.9/site-packages/airflow/example_dags/example_nested_branch_dag.py
[2023-06-05 23:40:12,683] {processor.py:641} INFO - Processing file /home/gui/Documentos/airflowalura/venv/lib/python3.9/site-packages/airflow/example_dags/example_nested_branch_dag.py for tasks to queue
[2023-06-05 23:40:12,684] {logging_mixin.py:115} INFO - [2023-06-05 23:40:12,684] {dagbag.py:507} INFO - Filling up the DagBag from /home/gui/Documentos/airflowalura/venv/lib/python3.9/site-packages/airflow/example_dags/example_nested_branch_dag.py
[2023-06-05 23:40:12,715] {processor.py:651} INFO - DAG(s) dict_keys(['example_nested_branch_dag']) retrieved from /home/gui/Documentos/airflowalura/venv/lib/python3.9/site-packages/airflow/example_dags/example_nested_branch_dag.py
[2023-06-05 23:40:12,754] {logging_mixin.py:115} INFO - [2023-06-05 23:40:12,753] {dag.py:2379} INFO - Sync 1 DAGs
[2023-06-05 23:40:12,800] {logging_mixin.py:115} INFO - [2023-06-05 23:40:12,799] {dag.py:2927} INFO - Setting next_dagrun for example_nested_branch_dag to 2023-06-05T00:00:00+00:00, run_after=2023-06-06T00:00:00+00:00
[2023-06-05 23:40:12,826] {processor.py:161} INFO - Processing /home/gui/Documentos/airflowalura/venv/lib/python3.9/site-packages/airflow/example_dags/example_nested_branch_dag.py took 0.186 seconds
[2023-06-05 23:41:00,997] {processor.py:153} INFO - Started process (PID=50614) to work on /home/gui/Documentos/airflowalura/venv/lib/python3.9/site-packages/airflow/example_dags/example_nested_branch_dag.py
[2023-06-05 23:41:00,998] {processor.py:641} INFO - Processing file /home/gui/Documentos/airflowalura/venv/lib/python3.9/site-packages/airflow/example_dags/example_nested_branch_dag.py for tasks to queue
[2023-06-05 23:41:00,999] {logging_mixin.py:115} INFO - [2023-06-05 23:41:00,999] {dagbag.py:507} INFO - Filling up the DagBag from /home/gui/Documentos/airflowalura/venv/lib/python3.9/site-packages/airflow/example_dags/example_nested_branch_dag.py
[2023-06-05 23:41:01,026] {processor.py:651} INFO - DAG(s) dict_keys(['example_nested_branch_dag']) retrieved from /home/gui/Documentos/airflowalura/venv/lib/python3.9/site-packages/airflow/example_dags/example_nested_branch_dag.py
[2023-06-05 23:41:01,065] {logging_mixin.py:115} INFO - [2023-06-05 23:41:01,065] {dag.py:2379} INFO - Sync 1 DAGs
[2023-06-05 23:41:01,100] {logging_mixin.py:115} INFO - [2023-06-05 23:41:01,100] {dag.py:2927} INFO - Setting next_dagrun for example_nested_branch_dag to 2023-06-05T00:00:00+00:00, run_after=2023-06-06T00:00:00+00:00
[2023-06-05 23:41:01,207] {processor.py:161} INFO - Processing /home/gui/Documentos/airflowalura/venv/lib/python3.9/site-packages/airflow/example_dags/example_nested_branch_dag.py took 0.224 seconds
[2023-06-05 23:41:42,995] {processor.py:153} INFO - Started process (PID=50756) to work on /home/gui/Documentos/airflowalura/venv/lib/python3.9/site-packages/airflow/example_dags/example_nested_branch_dag.py
[2023-06-05 23:41:42,996] {processor.py:641} INFO - Processing file /home/gui/Documentos/airflowalura/venv/lib/python3.9/site-packages/airflow/example_dags/example_nested_branch_dag.py for tasks to queue
[2023-06-05 23:41:42,997] {logging_mixin.py:115} INFO - [2023-06-05 23:41:42,997] {dagbag.py:507} INFO - Filling up the DagBag from /home/gui/Documentos/airflowalura/venv/lib/python3.9/site-packages/airflow/example_dags/example_nested_branch_dag.py
[2023-06-05 23:41:43,031] {processor.py:651} INFO - DAG(s) dict_keys(['example_nested_branch_dag']) retrieved from /home/gui/Documentos/airflowalura/venv/lib/python3.9/site-packages/airflow/example_dags/example_nested_branch_dag.py
[2023-06-05 23:41:43,074] {logging_mixin.py:115} INFO - [2023-06-05 23:41:43,074] {dag.py:2379} INFO - Sync 1 DAGs
[2023-06-05 23:41:43,119] {logging_mixin.py:115} INFO - [2023-06-05 23:41:43,118] {dag.py:2927} INFO - Setting next_dagrun for example_nested_branch_dag to 2023-06-05T00:00:00+00:00, run_after=2023-06-06T00:00:00+00:00
[2023-06-05 23:41:43,241] {processor.py:161} INFO - Processing /home/gui/Documentos/airflowalura/venv/lib/python3.9/site-packages/airflow/example_dags/example_nested_branch_dag.py took 0.258 seconds
