[2023-06-05 23:05:39,282] {processor.py:153} INFO - Started process (PID=44980) to work on /home/gui/Documentos/airflowalura/venv/lib/python3.9/site-packages/airflow/example_dags/example_branch_datetime_operator.py
[2023-06-05 23:05:39,283] {processor.py:641} INFO - Processing file /home/gui/Documentos/airflowalura/venv/lib/python3.9/site-packages/airflow/example_dags/example_branch_datetime_operator.py for tasks to queue
[2023-06-05 23:05:39,283] {logging_mixin.py:115} INFO - [2023-06-05 23:05:39,283] {dagbag.py:507} INFO - Filling up the DagBag from /home/gui/Documentos/airflowalura/venv/lib/python3.9/site-packages/airflow/example_dags/example_branch_datetime_operator.py
[2023-06-05 23:05:39,297] {processor.py:651} INFO - DAG(s) dict_keys(['example_branch_datetime_operator_2']) retrieved from /home/gui/Documentos/airflowalura/venv/lib/python3.9/site-packages/airflow/example_dags/example_branch_datetime_operator.py
[2023-06-05 23:05:39,390] {logging_mixin.py:115} INFO - [2023-06-05 23:05:39,390] {manager.py:508} INFO - Created Permission View: can edit on DAG:example_branch_datetime_operator_2
[2023-06-05 23:05:39,404] {logging_mixin.py:115} INFO - [2023-06-05 23:05:39,403] {manager.py:508} INFO - Created Permission View: can delete on DAG:example_branch_datetime_operator_2
[2023-06-05 23:05:39,413] {logging_mixin.py:115} INFO - [2023-06-05 23:05:39,413] {manager.py:508} INFO - Created Permission View: can read on DAG:example_branch_datetime_operator_2
[2023-06-05 23:05:39,413] {logging_mixin.py:115} INFO - [2023-06-05 23:05:39,413] {dag.py:2379} INFO - Sync 1 DAGs
[2023-06-05 23:05:39,428] {logging_mixin.py:115} INFO - [2023-06-05 23:05:39,428] {dag.py:2398} INFO - Creating ORM DAG for example_branch_datetime_operator_2
[2023-06-05 23:05:39,442] {logging_mixin.py:115} INFO - [2023-06-05 23:05:39,442] {dag.py:2927} INFO - Setting next_dagrun for example_branch_datetime_operator_2 to 2023-06-05T00:00:00+00:00, run_after=2023-06-06T00:00:00+00:00
[2023-06-05 23:05:39,464] {processor.py:161} INFO - Processing /home/gui/Documentos/airflowalura/venv/lib/python3.9/site-packages/airflow/example_dags/example_branch_datetime_operator.py took 0.188 seconds
[2023-06-05 23:06:18,413] {processor.py:153} INFO - Started process (PID=45017) to work on /home/gui/Documentos/airflowalura/venv/lib/python3.9/site-packages/airflow/example_dags/example_branch_datetime_operator.py
[2023-06-05 23:06:18,414] {processor.py:641} INFO - Processing file /home/gui/Documentos/airflowalura/venv/lib/python3.9/site-packages/airflow/example_dags/example_branch_datetime_operator.py for tasks to queue
[2023-06-05 23:06:18,416] {logging_mixin.py:115} INFO - [2023-06-05 23:06:18,415] {dagbag.py:507} INFO - Filling up the DagBag from /home/gui/Documentos/airflowalura/venv/lib/python3.9/site-packages/airflow/example_dags/example_branch_datetime_operator.py
[2023-06-05 23:06:18,429] {processor.py:651} INFO - DAG(s) dict_keys(['example_branch_datetime_operator_2']) retrieved from /home/gui/Documentos/airflowalura/venv/lib/python3.9/site-packages/airflow/example_dags/example_branch_datetime_operator.py
[2023-06-05 23:06:18,456] {logging_mixin.py:115} INFO - [2023-06-05 23:06:18,455] {dag.py:2379} INFO - Sync 1 DAGs
[2023-06-05 23:06:18,484] {logging_mixin.py:115} INFO - [2023-06-05 23:06:18,484] {dag.py:2927} INFO - Setting next_dagrun for example_branch_datetime_operator_2 to 2023-06-05T00:00:00+00:00, run_after=2023-06-06T00:00:00+00:00
[2023-06-05 23:06:18,552] {processor.py:161} INFO - Processing /home/gui/Documentos/airflowalura/venv/lib/python3.9/site-packages/airflow/example_dags/example_branch_datetime_operator.py took 0.148 seconds
[2023-06-05 23:06:55,126] {processor.py:153} INFO - Started process (PID=45051) to work on /home/gui/Documentos/airflowalura/venv/lib/python3.9/site-packages/airflow/example_dags/example_branch_datetime_operator.py
[2023-06-05 23:06:55,127] {processor.py:641} INFO - Processing file /home/gui/Documentos/airflowalura/venv/lib/python3.9/site-packages/airflow/example_dags/example_branch_datetime_operator.py for tasks to queue
[2023-06-05 23:06:55,128] {logging_mixin.py:115} INFO - [2023-06-05 23:06:55,128] {dagbag.py:507} INFO - Filling up the DagBag from /home/gui/Documentos/airflowalura/venv/lib/python3.9/site-packages/airflow/example_dags/example_branch_datetime_operator.py
[2023-06-05 23:06:55,145] {processor.py:651} INFO - DAG(s) dict_keys(['example_branch_datetime_operator_2']) retrieved from /home/gui/Documentos/airflowalura/venv/lib/python3.9/site-packages/airflow/example_dags/example_branch_datetime_operator.py
[2023-06-05 23:06:55,175] {logging_mixin.py:115} INFO - [2023-06-05 23:06:55,174] {dag.py:2379} INFO - Sync 1 DAGs
[2023-06-05 23:06:55,206] {logging_mixin.py:115} INFO - [2023-06-05 23:06:55,206] {dag.py:2927} INFO - Setting next_dagrun for example_branch_datetime_operator_2 to 2023-06-05T00:00:00+00:00, run_after=2023-06-06T00:00:00+00:00
[2023-06-05 23:06:55,346] {processor.py:161} INFO - Processing /home/gui/Documentos/airflowalura/venv/lib/python3.9/site-packages/airflow/example_dags/example_branch_datetime_operator.py took 0.226 seconds
[2023-06-05 23:07:33,757] {processor.py:153} INFO - Started process (PID=45107) to work on /home/gui/Documentos/airflowalura/venv/lib/python3.9/site-packages/airflow/example_dags/example_branch_datetime_operator.py
[2023-06-05 23:07:33,758] {processor.py:641} INFO - Processing file /home/gui/Documentos/airflowalura/venv/lib/python3.9/site-packages/airflow/example_dags/example_branch_datetime_operator.py for tasks to queue
[2023-06-05 23:07:33,759] {logging_mixin.py:115} INFO - [2023-06-05 23:07:33,759] {dagbag.py:507} INFO - Filling up the DagBag from /home/gui/Documentos/airflowalura/venv/lib/python3.9/site-packages/airflow/example_dags/example_branch_datetime_operator.py
[2023-06-05 23:07:33,773] {processor.py:651} INFO - DAG(s) dict_keys(['example_branch_datetime_operator_2']) retrieved from /home/gui/Documentos/airflowalura/venv/lib/python3.9/site-packages/airflow/example_dags/example_branch_datetime_operator.py
[2023-06-05 23:07:33,801] {logging_mixin.py:115} INFO - [2023-06-05 23:07:33,801] {dag.py:2379} INFO - Sync 1 DAGs
[2023-06-05 23:07:33,834] {logging_mixin.py:115} INFO - [2023-06-05 23:07:33,834] {dag.py:2927} INFO - Setting next_dagrun for example_branch_datetime_operator_2 to 2023-06-05T00:00:00+00:00, run_after=2023-06-06T00:00:00+00:00
[2023-06-05 23:07:33,852] {processor.py:161} INFO - Processing /home/gui/Documentos/airflowalura/venv/lib/python3.9/site-packages/airflow/example_dags/example_branch_datetime_operator.py took 0.100 seconds
[2023-06-05 23:08:15,055] {processor.py:153} INFO - Started process (PID=45147) to work on /home/gui/Documentos/airflowalura/venv/lib/python3.9/site-packages/airflow/example_dags/example_branch_datetime_operator.py
[2023-06-05 23:08:15,073] {processor.py:641} INFO - Processing file /home/gui/Documentos/airflowalura/venv/lib/python3.9/site-packages/airflow/example_dags/example_branch_datetime_operator.py for tasks to queue
[2023-06-05 23:08:15,074] {logging_mixin.py:115} INFO - [2023-06-05 23:08:15,074] {dagbag.py:507} INFO - Filling up the DagBag from /home/gui/Documentos/airflowalura/venv/lib/python3.9/site-packages/airflow/example_dags/example_branch_datetime_operator.py
[2023-06-05 23:08:15,088] {processor.py:651} INFO - DAG(s) dict_keys(['example_branch_datetime_operator_2']) retrieved from /home/gui/Documentos/airflowalura/venv/lib/python3.9/site-packages/airflow/example_dags/example_branch_datetime_operator.py
[2023-06-05 23:08:15,116] {logging_mixin.py:115} INFO - [2023-06-05 23:08:15,116] {dag.py:2379} INFO - Sync 1 DAGs
[2023-06-05 23:08:15,146] {logging_mixin.py:115} INFO - [2023-06-05 23:08:15,146] {dag.py:2927} INFO - Setting next_dagrun for example_branch_datetime_operator_2 to 2023-06-05T00:00:00+00:00, run_after=2023-06-06T00:00:00+00:00
[2023-06-05 23:08:15,166] {processor.py:161} INFO - Processing /home/gui/Documentos/airflowalura/venv/lib/python3.9/site-packages/airflow/example_dags/example_branch_datetime_operator.py took 0.117 seconds
[2023-06-05 23:08:53,748] {processor.py:153} INFO - Started process (PID=45183) to work on /home/gui/Documentos/airflowalura/venv/lib/python3.9/site-packages/airflow/example_dags/example_branch_datetime_operator.py
[2023-06-05 23:08:53,749] {processor.py:641} INFO - Processing file /home/gui/Documentos/airflowalura/venv/lib/python3.9/site-packages/airflow/example_dags/example_branch_datetime_operator.py for tasks to queue
[2023-06-05 23:08:53,751] {logging_mixin.py:115} INFO - [2023-06-05 23:08:53,751] {dagbag.py:507} INFO - Filling up the DagBag from /home/gui/Documentos/airflowalura/venv/lib/python3.9/site-packages/airflow/example_dags/example_branch_datetime_operator.py
[2023-06-05 23:08:53,768] {processor.py:651} INFO - DAG(s) dict_keys(['example_branch_datetime_operator_2']) retrieved from /home/gui/Documentos/airflowalura/venv/lib/python3.9/site-packages/airflow/example_dags/example_branch_datetime_operator.py
[2023-06-05 23:08:53,809] {logging_mixin.py:115} INFO - [2023-06-05 23:08:53,809] {dag.py:2379} INFO - Sync 1 DAGs
[2023-06-05 23:08:53,856] {logging_mixin.py:115} INFO - [2023-06-05 23:08:53,856] {dag.py:2927} INFO - Setting next_dagrun for example_branch_datetime_operator_2 to 2023-06-05T00:00:00+00:00, run_after=2023-06-06T00:00:00+00:00
[2023-06-05 23:08:54,118] {processor.py:161} INFO - Processing /home/gui/Documentos/airflowalura/venv/lib/python3.9/site-packages/airflow/example_dags/example_branch_datetime_operator.py took 0.378 seconds
[2023-06-05 23:09:34,205] {processor.py:153} INFO - Started process (PID=45217) to work on /home/gui/Documentos/airflowalura/venv/lib/python3.9/site-packages/airflow/example_dags/example_branch_datetime_operator.py
[2023-06-05 23:09:34,206] {processor.py:641} INFO - Processing file /home/gui/Documentos/airflowalura/venv/lib/python3.9/site-packages/airflow/example_dags/example_branch_datetime_operator.py for tasks to queue
[2023-06-05 23:09:34,207] {logging_mixin.py:115} INFO - [2023-06-05 23:09:34,207] {dagbag.py:507} INFO - Filling up the DagBag from /home/gui/Documentos/airflowalura/venv/lib/python3.9/site-packages/airflow/example_dags/example_branch_datetime_operator.py
[2023-06-05 23:09:34,224] {processor.py:651} INFO - DAG(s) dict_keys(['example_branch_datetime_operator_2']) retrieved from /home/gui/Documentos/airflowalura/venv/lib/python3.9/site-packages/airflow/example_dags/example_branch_datetime_operator.py
[2023-06-05 23:09:34,255] {logging_mixin.py:115} INFO - [2023-06-05 23:09:34,255] {dag.py:2379} INFO - Sync 1 DAGs
[2023-06-05 23:09:34,292] {logging_mixin.py:115} INFO - [2023-06-05 23:09:34,291] {dag.py:2927} INFO - Setting next_dagrun for example_branch_datetime_operator_2 to 2023-06-05T00:00:00+00:00, run_after=2023-06-06T00:00:00+00:00
[2023-06-05 23:09:34,313] {processor.py:161} INFO - Processing /home/gui/Documentos/airflowalura/venv/lib/python3.9/site-packages/airflow/example_dags/example_branch_datetime_operator.py took 0.114 seconds
[2023-06-05 23:10:19,422] {processor.py:153} INFO - Started process (PID=45254) to work on /home/gui/Documentos/airflowalura/venv/lib/python3.9/site-packages/airflow/example_dags/example_branch_datetime_operator.py
[2023-06-05 23:10:19,449] {processor.py:641} INFO - Processing file /home/gui/Documentos/airflowalura/venv/lib/python3.9/site-packages/airflow/example_dags/example_branch_datetime_operator.py for tasks to queue
[2023-06-05 23:10:19,449] {logging_mixin.py:115} INFO - [2023-06-05 23:10:19,449] {dagbag.py:507} INFO - Filling up the DagBag from /home/gui/Documentos/airflowalura/venv/lib/python3.9/site-packages/airflow/example_dags/example_branch_datetime_operator.py
[2023-06-05 23:10:19,466] {processor.py:651} INFO - DAG(s) dict_keys(['example_branch_datetime_operator_2']) retrieved from /home/gui/Documentos/airflowalura/venv/lib/python3.9/site-packages/airflow/example_dags/example_branch_datetime_operator.py
[2023-06-05 23:10:19,501] {logging_mixin.py:115} INFO - [2023-06-05 23:10:19,501] {dag.py:2379} INFO - Sync 1 DAGs
[2023-06-05 23:10:19,541] {logging_mixin.py:115} INFO - [2023-06-05 23:10:19,541] {dag.py:2927} INFO - Setting next_dagrun for example_branch_datetime_operator_2 to 2023-06-05T00:00:00+00:00, run_after=2023-06-06T00:00:00+00:00
[2023-06-05 23:10:19,582] {processor.py:161} INFO - Processing /home/gui/Documentos/airflowalura/venv/lib/python3.9/site-packages/airflow/example_dags/example_branch_datetime_operator.py took 0.167 seconds
[2023-06-05 23:11:00,751] {processor.py:153} INFO - Started process (PID=45289) to work on /home/gui/Documentos/airflowalura/venv/lib/python3.9/site-packages/airflow/example_dags/example_branch_datetime_operator.py
[2023-06-05 23:11:00,753] {processor.py:641} INFO - Processing file /home/gui/Documentos/airflowalura/venv/lib/python3.9/site-packages/airflow/example_dags/example_branch_datetime_operator.py for tasks to queue
[2023-06-05 23:11:00,754] {logging_mixin.py:115} INFO - [2023-06-05 23:11:00,754] {dagbag.py:507} INFO - Filling up the DagBag from /home/gui/Documentos/airflowalura/venv/lib/python3.9/site-packages/airflow/example_dags/example_branch_datetime_operator.py
[2023-06-05 23:11:00,774] {processor.py:651} INFO - DAG(s) dict_keys(['example_branch_datetime_operator_2']) retrieved from /home/gui/Documentos/airflowalura/venv/lib/python3.9/site-packages/airflow/example_dags/example_branch_datetime_operator.py
[2023-06-05 23:11:00,813] {logging_mixin.py:115} INFO - [2023-06-05 23:11:00,813] {dag.py:2379} INFO - Sync 1 DAGs
[2023-06-05 23:11:00,856] {logging_mixin.py:115} INFO - [2023-06-05 23:11:00,855] {dag.py:2927} INFO - Setting next_dagrun for example_branch_datetime_operator_2 to 2023-06-05T00:00:00+00:00, run_after=2023-06-06T00:00:00+00:00
[2023-06-05 23:11:01,065] {processor.py:161} INFO - Processing /home/gui/Documentos/airflowalura/venv/lib/python3.9/site-packages/airflow/example_dags/example_branch_datetime_operator.py took 0.323 seconds
[2023-06-05 23:11:38,106] {processor.py:153} INFO - Started process (PID=45327) to work on /home/gui/Documentos/airflowalura/venv/lib/python3.9/site-packages/airflow/example_dags/example_branch_datetime_operator.py
[2023-06-05 23:11:38,124] {processor.py:641} INFO - Processing file /home/gui/Documentos/airflowalura/venv/lib/python3.9/site-packages/airflow/example_dags/example_branch_datetime_operator.py for tasks to queue
[2023-06-05 23:11:38,126] {logging_mixin.py:115} INFO - [2023-06-05 23:11:38,125] {dagbag.py:507} INFO - Filling up the DagBag from /home/gui/Documentos/airflowalura/venv/lib/python3.9/site-packages/airflow/example_dags/example_branch_datetime_operator.py
[2023-06-05 23:11:38,144] {processor.py:651} INFO - DAG(s) dict_keys(['example_branch_datetime_operator_2']) retrieved from /home/gui/Documentos/airflowalura/venv/lib/python3.9/site-packages/airflow/example_dags/example_branch_datetime_operator.py
[2023-06-05 23:11:38,183] {logging_mixin.py:115} INFO - [2023-06-05 23:11:38,183] {dag.py:2379} INFO - Sync 1 DAGs
[2023-06-05 23:11:38,221] {logging_mixin.py:115} INFO - [2023-06-05 23:11:38,221] {dag.py:2927} INFO - Setting next_dagrun for example_branch_datetime_operator_2 to 2023-06-05T00:00:00+00:00, run_after=2023-06-06T00:00:00+00:00
[2023-06-05 23:11:38,242] {processor.py:161} INFO - Processing /home/gui/Documentos/airflowalura/venv/lib/python3.9/site-packages/airflow/example_dags/example_branch_datetime_operator.py took 0.143 seconds
[2023-06-05 23:12:18,492] {processor.py:153} INFO - Started process (PID=45363) to work on /home/gui/Documentos/airflowalura/venv/lib/python3.9/site-packages/airflow/example_dags/example_branch_datetime_operator.py
[2023-06-05 23:12:18,493] {processor.py:641} INFO - Processing file /home/gui/Documentos/airflowalura/venv/lib/python3.9/site-packages/airflow/example_dags/example_branch_datetime_operator.py for tasks to queue
[2023-06-05 23:12:18,495] {logging_mixin.py:115} INFO - [2023-06-05 23:12:18,494] {dagbag.py:507} INFO - Filling up the DagBag from /home/gui/Documentos/airflowalura/venv/lib/python3.9/site-packages/airflow/example_dags/example_branch_datetime_operator.py
[2023-06-05 23:12:18,508] {processor.py:651} INFO - DAG(s) dict_keys(['example_branch_datetime_operator_2']) retrieved from /home/gui/Documentos/airflowalura/venv/lib/python3.9/site-packages/airflow/example_dags/example_branch_datetime_operator.py
[2023-06-05 23:12:18,544] {logging_mixin.py:115} INFO - [2023-06-05 23:12:18,544] {dag.py:2379} INFO - Sync 1 DAGs
[2023-06-05 23:12:18,577] {logging_mixin.py:115} INFO - [2023-06-05 23:12:18,577] {dag.py:2927} INFO - Setting next_dagrun for example_branch_datetime_operator_2 to 2023-06-05T00:00:00+00:00, run_after=2023-06-06T00:00:00+00:00
[2023-06-05 23:12:18,686] {processor.py:161} INFO - Processing /home/gui/Documentos/airflowalura/venv/lib/python3.9/site-packages/airflow/example_dags/example_branch_datetime_operator.py took 0.200 seconds
[2023-06-05 23:13:03,968] {processor.py:153} INFO - Started process (PID=45403) to work on /home/gui/Documentos/airflowalura/venv/lib/python3.9/site-packages/airflow/example_dags/example_branch_datetime_operator.py
[2023-06-05 23:13:03,969] {processor.py:641} INFO - Processing file /home/gui/Documentos/airflowalura/venv/lib/python3.9/site-packages/airflow/example_dags/example_branch_datetime_operator.py for tasks to queue
[2023-06-05 23:13:03,971] {logging_mixin.py:115} INFO - [2023-06-05 23:13:03,971] {dagbag.py:507} INFO - Filling up the DagBag from /home/gui/Documentos/airflowalura/venv/lib/python3.9/site-packages/airflow/example_dags/example_branch_datetime_operator.py
[2023-06-05 23:13:03,990] {processor.py:651} INFO - DAG(s) dict_keys(['example_branch_datetime_operator_2']) retrieved from /home/gui/Documentos/airflowalura/venv/lib/python3.9/site-packages/airflow/example_dags/example_branch_datetime_operator.py
[2023-06-05 23:13:04,019] {logging_mixin.py:115} INFO - [2023-06-05 23:13:04,019] {dag.py:2379} INFO - Sync 1 DAGs
[2023-06-05 23:13:04,050] {logging_mixin.py:115} INFO - [2023-06-05 23:13:04,050] {dag.py:2927} INFO - Setting next_dagrun for example_branch_datetime_operator_2 to 2023-06-05T00:00:00+00:00, run_after=2023-06-06T00:00:00+00:00
[2023-06-05 23:13:04,149] {processor.py:161} INFO - Processing /home/gui/Documentos/airflowalura/venv/lib/python3.9/site-packages/airflow/example_dags/example_branch_datetime_operator.py took 0.189 seconds
[2023-06-05 23:13:45,760] {processor.py:153} INFO - Started process (PID=45441) to work on /home/gui/Documentos/airflowalura/venv/lib/python3.9/site-packages/airflow/example_dags/example_branch_datetime_operator.py
[2023-06-05 23:13:45,761] {processor.py:641} INFO - Processing file /home/gui/Documentos/airflowalura/venv/lib/python3.9/site-packages/airflow/example_dags/example_branch_datetime_operator.py for tasks to queue
[2023-06-05 23:13:45,763] {logging_mixin.py:115} INFO - [2023-06-05 23:13:45,762] {dagbag.py:507} INFO - Filling up the DagBag from /home/gui/Documentos/airflowalura/venv/lib/python3.9/site-packages/airflow/example_dags/example_branch_datetime_operator.py
[2023-06-05 23:13:45,776] {processor.py:651} INFO - DAG(s) dict_keys(['example_branch_datetime_operator_2']) retrieved from /home/gui/Documentos/airflowalura/venv/lib/python3.9/site-packages/airflow/example_dags/example_branch_datetime_operator.py
[2023-06-05 23:13:45,805] {logging_mixin.py:115} INFO - [2023-06-05 23:13:45,805] {dag.py:2379} INFO - Sync 1 DAGs
[2023-06-05 23:13:45,840] {logging_mixin.py:115} INFO - [2023-06-05 23:13:45,840] {dag.py:2927} INFO - Setting next_dagrun for example_branch_datetime_operator_2 to 2023-06-05T00:00:00+00:00, run_after=2023-06-06T00:00:00+00:00
[2023-06-05 23:13:46,029] {processor.py:161} INFO - Processing /home/gui/Documentos/airflowalura/venv/lib/python3.9/site-packages/airflow/example_dags/example_branch_datetime_operator.py took 0.274 seconds
[2023-06-05 23:14:28,721] {processor.py:153} INFO - Started process (PID=45479) to work on /home/gui/Documentos/airflowalura/venv/lib/python3.9/site-packages/airflow/example_dags/example_branch_datetime_operator.py
[2023-06-05 23:14:28,723] {processor.py:641} INFO - Processing file /home/gui/Documentos/airflowalura/venv/lib/python3.9/site-packages/airflow/example_dags/example_branch_datetime_operator.py for tasks to queue
[2023-06-05 23:14:28,724] {logging_mixin.py:115} INFO - [2023-06-05 23:14:28,724] {dagbag.py:507} INFO - Filling up the DagBag from /home/gui/Documentos/airflowalura/venv/lib/python3.9/site-packages/airflow/example_dags/example_branch_datetime_operator.py
[2023-06-05 23:14:28,741] {processor.py:651} INFO - DAG(s) dict_keys(['example_branch_datetime_operator_2']) retrieved from /home/gui/Documentos/airflowalura/venv/lib/python3.9/site-packages/airflow/example_dags/example_branch_datetime_operator.py
[2023-06-05 23:14:28,768] {logging_mixin.py:115} INFO - [2023-06-05 23:14:28,768] {dag.py:2379} INFO - Sync 1 DAGs
[2023-06-05 23:14:28,797] {logging_mixin.py:115} INFO - [2023-06-05 23:14:28,797] {dag.py:2927} INFO - Setting next_dagrun for example_branch_datetime_operator_2 to 2023-06-05T00:00:00+00:00, run_after=2023-06-06T00:00:00+00:00
[2023-06-05 23:14:28,834] {processor.py:161} INFO - Processing /home/gui/Documentos/airflowalura/venv/lib/python3.9/site-packages/airflow/example_dags/example_branch_datetime_operator.py took 0.123 seconds
[2023-06-05 23:15:06,331] {processor.py:153} INFO - Started process (PID=45512) to work on /home/gui/Documentos/airflowalura/venv/lib/python3.9/site-packages/airflow/example_dags/example_branch_datetime_operator.py
[2023-06-05 23:15:06,333] {processor.py:641} INFO - Processing file /home/gui/Documentos/airflowalura/venv/lib/python3.9/site-packages/airflow/example_dags/example_branch_datetime_operator.py for tasks to queue
[2023-06-05 23:15:06,334] {logging_mixin.py:115} INFO - [2023-06-05 23:15:06,333] {dagbag.py:507} INFO - Filling up the DagBag from /home/gui/Documentos/airflowalura/venv/lib/python3.9/site-packages/airflow/example_dags/example_branch_datetime_operator.py
[2023-06-05 23:15:06,353] {processor.py:651} INFO - DAG(s) dict_keys(['example_branch_datetime_operator_2']) retrieved from /home/gui/Documentos/airflowalura/venv/lib/python3.9/site-packages/airflow/example_dags/example_branch_datetime_operator.py
[2023-06-05 23:15:06,387] {logging_mixin.py:115} INFO - [2023-06-05 23:15:06,387] {dag.py:2379} INFO - Sync 1 DAGs
[2023-06-05 23:15:06,426] {logging_mixin.py:115} INFO - [2023-06-05 23:15:06,425] {dag.py:2927} INFO - Setting next_dagrun for example_branch_datetime_operator_2 to 2023-06-05T00:00:00+00:00, run_after=2023-06-06T00:00:00+00:00
[2023-06-05 23:15:06,783] {processor.py:161} INFO - Processing /home/gui/Documentos/airflowalura/venv/lib/python3.9/site-packages/airflow/example_dags/example_branch_datetime_operator.py took 0.458 seconds
[2023-06-05 23:15:45,338] {processor.py:153} INFO - Started process (PID=45568) to work on /home/gui/Documentos/airflowalura/venv/lib/python3.9/site-packages/airflow/example_dags/example_branch_datetime_operator.py
[2023-06-05 23:15:45,340] {processor.py:641} INFO - Processing file /home/gui/Documentos/airflowalura/venv/lib/python3.9/site-packages/airflow/example_dags/example_branch_datetime_operator.py for tasks to queue
[2023-06-05 23:15:45,341] {logging_mixin.py:115} INFO - [2023-06-05 23:15:45,341] {dagbag.py:507} INFO - Filling up the DagBag from /home/gui/Documentos/airflowalura/venv/lib/python3.9/site-packages/airflow/example_dags/example_branch_datetime_operator.py
[2023-06-05 23:15:45,358] {processor.py:651} INFO - DAG(s) dict_keys(['example_branch_datetime_operator_2']) retrieved from /home/gui/Documentos/airflowalura/venv/lib/python3.9/site-packages/airflow/example_dags/example_branch_datetime_operator.py
[2023-06-05 23:15:45,389] {logging_mixin.py:115} INFO - [2023-06-05 23:15:45,389] {dag.py:2379} INFO - Sync 1 DAGs
[2023-06-05 23:15:45,431] {logging_mixin.py:115} INFO - [2023-06-05 23:15:45,431] {dag.py:2927} INFO - Setting next_dagrun for example_branch_datetime_operator_2 to 2023-06-05T00:00:00+00:00, run_after=2023-06-06T00:00:00+00:00
[2023-06-05 23:15:45,456] {processor.py:161} INFO - Processing /home/gui/Documentos/airflowalura/venv/lib/python3.9/site-packages/airflow/example_dags/example_branch_datetime_operator.py took 0.125 seconds
[2023-06-05 23:16:21,617] {processor.py:153} INFO - Started process (PID=45601) to work on /home/gui/Documentos/airflowalura/venv/lib/python3.9/site-packages/airflow/example_dags/example_branch_datetime_operator.py
[2023-06-05 23:16:21,619] {processor.py:641} INFO - Processing file /home/gui/Documentos/airflowalura/venv/lib/python3.9/site-packages/airflow/example_dags/example_branch_datetime_operator.py for tasks to queue
[2023-06-05 23:16:21,620] {logging_mixin.py:115} INFO - [2023-06-05 23:16:21,620] {dagbag.py:507} INFO - Filling up the DagBag from /home/gui/Documentos/airflowalura/venv/lib/python3.9/site-packages/airflow/example_dags/example_branch_datetime_operator.py
[2023-06-05 23:16:21,641] {processor.py:651} INFO - DAG(s) dict_keys(['example_branch_datetime_operator_2']) retrieved from /home/gui/Documentos/airflowalura/venv/lib/python3.9/site-packages/airflow/example_dags/example_branch_datetime_operator.py
[2023-06-05 23:16:21,671] {logging_mixin.py:115} INFO - [2023-06-05 23:16:21,670] {dag.py:2379} INFO - Sync 1 DAGs
[2023-06-05 23:16:21,710] {logging_mixin.py:115} INFO - [2023-06-05 23:16:21,710] {dag.py:2927} INFO - Setting next_dagrun for example_branch_datetime_operator_2 to 2023-06-05T00:00:00+00:00, run_after=2023-06-06T00:00:00+00:00
[2023-06-05 23:16:21,732] {processor.py:161} INFO - Processing /home/gui/Documentos/airflowalura/venv/lib/python3.9/site-packages/airflow/example_dags/example_branch_datetime_operator.py took 0.121 seconds
[2023-06-05 23:16:58,766] {processor.py:153} INFO - Started process (PID=45634) to work on /home/gui/Documentos/airflowalura/venv/lib/python3.9/site-packages/airflow/example_dags/example_branch_datetime_operator.py
[2023-06-05 23:16:58,768] {processor.py:641} INFO - Processing file /home/gui/Documentos/airflowalura/venv/lib/python3.9/site-packages/airflow/example_dags/example_branch_datetime_operator.py for tasks to queue
[2023-06-05 23:16:58,769] {logging_mixin.py:115} INFO - [2023-06-05 23:16:58,769] {dagbag.py:507} INFO - Filling up the DagBag from /home/gui/Documentos/airflowalura/venv/lib/python3.9/site-packages/airflow/example_dags/example_branch_datetime_operator.py
[2023-06-05 23:16:58,786] {processor.py:651} INFO - DAG(s) dict_keys(['example_branch_datetime_operator_2']) retrieved from /home/gui/Documentos/airflowalura/venv/lib/python3.9/site-packages/airflow/example_dags/example_branch_datetime_operator.py
[2023-06-05 23:16:58,821] {logging_mixin.py:115} INFO - [2023-06-05 23:16:58,821] {dag.py:2379} INFO - Sync 1 DAGs
[2023-06-05 23:16:58,860] {logging_mixin.py:115} INFO - [2023-06-05 23:16:58,860] {dag.py:2927} INFO - Setting next_dagrun for example_branch_datetime_operator_2 to 2023-06-05T00:00:00+00:00, run_after=2023-06-06T00:00:00+00:00
[2023-06-05 23:16:59,166] {processor.py:161} INFO - Processing /home/gui/Documentos/airflowalura/venv/lib/python3.9/site-packages/airflow/example_dags/example_branch_datetime_operator.py took 0.406 seconds
[2023-06-05 23:17:39,856] {processor.py:153} INFO - Started process (PID=45675) to work on /home/gui/Documentos/airflowalura/venv/lib/python3.9/site-packages/airflow/example_dags/example_branch_datetime_operator.py
[2023-06-05 23:17:39,857] {processor.py:641} INFO - Processing file /home/gui/Documentos/airflowalura/venv/lib/python3.9/site-packages/airflow/example_dags/example_branch_datetime_operator.py for tasks to queue
[2023-06-05 23:17:39,859] {logging_mixin.py:115} INFO - [2023-06-05 23:17:39,859] {dagbag.py:507} INFO - Filling up the DagBag from /home/gui/Documentos/airflowalura/venv/lib/python3.9/site-packages/airflow/example_dags/example_branch_datetime_operator.py
[2023-06-05 23:17:39,877] {processor.py:651} INFO - DAG(s) dict_keys(['example_branch_datetime_operator_2']) retrieved from /home/gui/Documentos/airflowalura/venv/lib/python3.9/site-packages/airflow/example_dags/example_branch_datetime_operator.py
[2023-06-05 23:17:39,913] {logging_mixin.py:115} INFO - [2023-06-05 23:17:39,912] {dag.py:2379} INFO - Sync 1 DAGs
[2023-06-05 23:17:39,952] {logging_mixin.py:115} INFO - [2023-06-05 23:17:39,952] {dag.py:2927} INFO - Setting next_dagrun for example_branch_datetime_operator_2 to 2023-06-05T00:00:00+00:00, run_after=2023-06-06T00:00:00+00:00
[2023-06-05 23:17:39,993] {processor.py:161} INFO - Processing /home/gui/Documentos/airflowalura/venv/lib/python3.9/site-packages/airflow/example_dags/example_branch_datetime_operator.py took 0.145 seconds
[2023-06-05 23:18:23,875] {processor.py:153} INFO - Started process (PID=45710) to work on /home/gui/Documentos/airflowalura/venv/lib/python3.9/site-packages/airflow/example_dags/example_branch_datetime_operator.py
[2023-06-05 23:18:23,876] {processor.py:641} INFO - Processing file /home/gui/Documentos/airflowalura/venv/lib/python3.9/site-packages/airflow/example_dags/example_branch_datetime_operator.py for tasks to queue
[2023-06-05 23:18:23,878] {logging_mixin.py:115} INFO - [2023-06-05 23:18:23,877] {dagbag.py:507} INFO - Filling up the DagBag from /home/gui/Documentos/airflowalura/venv/lib/python3.9/site-packages/airflow/example_dags/example_branch_datetime_operator.py
[2023-06-05 23:18:23,895] {processor.py:651} INFO - DAG(s) dict_keys(['example_branch_datetime_operator_2']) retrieved from /home/gui/Documentos/airflowalura/venv/lib/python3.9/site-packages/airflow/example_dags/example_branch_datetime_operator.py
[2023-06-05 23:18:23,928] {logging_mixin.py:115} INFO - [2023-06-05 23:18:23,928] {dag.py:2379} INFO - Sync 1 DAGs
[2023-06-05 23:18:23,964] {logging_mixin.py:115} INFO - [2023-06-05 23:18:23,964] {dag.py:2927} INFO - Setting next_dagrun for example_branch_datetime_operator_2 to 2023-06-05T00:00:00+00:00, run_after=2023-06-06T00:00:00+00:00
[2023-06-05 23:18:23,985] {processor.py:161} INFO - Processing /home/gui/Documentos/airflowalura/venv/lib/python3.9/site-packages/airflow/example_dags/example_branch_datetime_operator.py took 0.118 seconds
[2023-06-05 23:19:03,000] {processor.py:153} INFO - Started process (PID=45745) to work on /home/gui/Documentos/airflowalura/venv/lib/python3.9/site-packages/airflow/example_dags/example_branch_datetime_operator.py
[2023-06-05 23:19:03,001] {processor.py:641} INFO - Processing file /home/gui/Documentos/airflowalura/venv/lib/python3.9/site-packages/airflow/example_dags/example_branch_datetime_operator.py for tasks to queue
[2023-06-05 23:19:03,002] {logging_mixin.py:115} INFO - [2023-06-05 23:19:03,002] {dagbag.py:507} INFO - Filling up the DagBag from /home/gui/Documentos/airflowalura/venv/lib/python3.9/site-packages/airflow/example_dags/example_branch_datetime_operator.py
[2023-06-05 23:19:03,021] {processor.py:651} INFO - DAG(s) dict_keys(['example_branch_datetime_operator_2']) retrieved from /home/gui/Documentos/airflowalura/venv/lib/python3.9/site-packages/airflow/example_dags/example_branch_datetime_operator.py
[2023-06-05 23:19:03,058] {logging_mixin.py:115} INFO - [2023-06-05 23:19:03,058] {dag.py:2379} INFO - Sync 1 DAGs
[2023-06-05 23:19:03,096] {logging_mixin.py:115} INFO - [2023-06-05 23:19:03,096] {dag.py:2927} INFO - Setting next_dagrun for example_branch_datetime_operator_2 to 2023-06-05T00:00:00+00:00, run_after=2023-06-06T00:00:00+00:00
[2023-06-05 23:19:03,261] {processor.py:161} INFO - Processing /home/gui/Documentos/airflowalura/venv/lib/python3.9/site-packages/airflow/example_dags/example_branch_datetime_operator.py took 0.270 seconds
[2023-06-05 23:19:47,228] {processor.py:153} INFO - Started process (PID=45785) to work on /home/gui/Documentos/airflowalura/venv/lib/python3.9/site-packages/airflow/example_dags/example_branch_datetime_operator.py
[2023-06-05 23:19:47,229] {processor.py:641} INFO - Processing file /home/gui/Documentos/airflowalura/venv/lib/python3.9/site-packages/airflow/example_dags/example_branch_datetime_operator.py for tasks to queue
[2023-06-05 23:19:47,230] {logging_mixin.py:115} INFO - [2023-06-05 23:19:47,230] {dagbag.py:507} INFO - Filling up the DagBag from /home/gui/Documentos/airflowalura/venv/lib/python3.9/site-packages/airflow/example_dags/example_branch_datetime_operator.py
[2023-06-05 23:19:47,245] {processor.py:651} INFO - DAG(s) dict_keys(['example_branch_datetime_operator_2']) retrieved from /home/gui/Documentos/airflowalura/venv/lib/python3.9/site-packages/airflow/example_dags/example_branch_datetime_operator.py
[2023-06-05 23:19:47,278] {logging_mixin.py:115} INFO - [2023-06-05 23:19:47,278] {dag.py:2379} INFO - Sync 1 DAGs
[2023-06-05 23:19:47,310] {logging_mixin.py:115} INFO - [2023-06-05 23:19:47,310] {dag.py:2927} INFO - Setting next_dagrun for example_branch_datetime_operator_2 to 2023-06-05T00:00:00+00:00, run_after=2023-06-06T00:00:00+00:00
[2023-06-05 23:19:47,331] {processor.py:161} INFO - Processing /home/gui/Documentos/airflowalura/venv/lib/python3.9/site-packages/airflow/example_dags/example_branch_datetime_operator.py took 0.109 seconds
[2023-06-05 23:20:27,665] {processor.py:153} INFO - Started process (PID=45836) to work on /home/gui/Documentos/airflowalura/venv/lib/python3.9/site-packages/airflow/example_dags/example_branch_datetime_operator.py
[2023-06-05 23:20:27,666] {processor.py:641} INFO - Processing file /home/gui/Documentos/airflowalura/venv/lib/python3.9/site-packages/airflow/example_dags/example_branch_datetime_operator.py for tasks to queue
[2023-06-05 23:20:27,667] {logging_mixin.py:115} INFO - [2023-06-05 23:20:27,667] {dagbag.py:507} INFO - Filling up the DagBag from /home/gui/Documentos/airflowalura/venv/lib/python3.9/site-packages/airflow/example_dags/example_branch_datetime_operator.py
[2023-06-05 23:20:27,682] {processor.py:651} INFO - DAG(s) dict_keys(['example_branch_datetime_operator_2']) retrieved from /home/gui/Documentos/airflowalura/venv/lib/python3.9/site-packages/airflow/example_dags/example_branch_datetime_operator.py
[2023-06-05 23:20:27,717] {logging_mixin.py:115} INFO - [2023-06-05 23:20:27,717] {dag.py:2379} INFO - Sync 1 DAGs
[2023-06-05 23:20:27,750] {logging_mixin.py:115} INFO - [2023-06-05 23:20:27,749] {dag.py:2927} INFO - Setting next_dagrun for example_branch_datetime_operator_2 to 2023-06-05T00:00:00+00:00, run_after=2023-06-06T00:00:00+00:00
[2023-06-05 23:20:27,770] {processor.py:161} INFO - Processing /home/gui/Documentos/airflowalura/venv/lib/python3.9/site-packages/airflow/example_dags/example_branch_datetime_operator.py took 0.111 seconds
[2023-06-05 23:21:11,414] {processor.py:153} INFO - Started process (PID=45886) to work on /home/gui/Documentos/airflowalura/venv/lib/python3.9/site-packages/airflow/example_dags/example_branch_datetime_operator.py
[2023-06-05 23:21:11,415] {processor.py:641} INFO - Processing file /home/gui/Documentos/airflowalura/venv/lib/python3.9/site-packages/airflow/example_dags/example_branch_datetime_operator.py for tasks to queue
[2023-06-05 23:21:11,416] {logging_mixin.py:115} INFO - [2023-06-05 23:21:11,416] {dagbag.py:507} INFO - Filling up the DagBag from /home/gui/Documentos/airflowalura/venv/lib/python3.9/site-packages/airflow/example_dags/example_branch_datetime_operator.py
[2023-06-05 23:21:11,432] {processor.py:651} INFO - DAG(s) dict_keys(['example_branch_datetime_operator_2']) retrieved from /home/gui/Documentos/airflowalura/venv/lib/python3.9/site-packages/airflow/example_dags/example_branch_datetime_operator.py
[2023-06-05 23:21:11,468] {logging_mixin.py:115} INFO - [2023-06-05 23:21:11,467] {dag.py:2379} INFO - Sync 1 DAGs
[2023-06-05 23:21:11,514] {logging_mixin.py:115} INFO - [2023-06-05 23:21:11,514] {dag.py:2927} INFO - Setting next_dagrun for example_branch_datetime_operator_2 to 2023-06-05T00:00:00+00:00, run_after=2023-06-06T00:00:00+00:00
[2023-06-05 23:21:11,553] {processor.py:161} INFO - Processing /home/gui/Documentos/airflowalura/venv/lib/python3.9/site-packages/airflow/example_dags/example_branch_datetime_operator.py took 0.147 seconds
[2023-06-05 23:21:49,533] {processor.py:153} INFO - Started process (PID=45930) to work on /home/gui/Documentos/airflowalura/venv/lib/python3.9/site-packages/airflow/example_dags/example_branch_datetime_operator.py
[2023-06-05 23:21:49,535] {processor.py:641} INFO - Processing file /home/gui/Documentos/airflowalura/venv/lib/python3.9/site-packages/airflow/example_dags/example_branch_datetime_operator.py for tasks to queue
[2023-06-05 23:21:49,536] {logging_mixin.py:115} INFO - [2023-06-05 23:21:49,535] {dagbag.py:507} INFO - Filling up the DagBag from /home/gui/Documentos/airflowalura/venv/lib/python3.9/site-packages/airflow/example_dags/example_branch_datetime_operator.py
[2023-06-05 23:21:49,552] {processor.py:651} INFO - DAG(s) dict_keys(['example_branch_datetime_operator_2']) retrieved from /home/gui/Documentos/airflowalura/venv/lib/python3.9/site-packages/airflow/example_dags/example_branch_datetime_operator.py
[2023-06-05 23:21:49,583] {logging_mixin.py:115} INFO - [2023-06-05 23:21:49,583] {dag.py:2379} INFO - Sync 1 DAGs
[2023-06-05 23:21:49,618] {logging_mixin.py:115} INFO - [2023-06-05 23:21:49,618] {dag.py:2927} INFO - Setting next_dagrun for example_branch_datetime_operator_2 to 2023-06-05T00:00:00+00:00, run_after=2023-06-06T00:00:00+00:00
[2023-06-05 23:21:49,647] {processor.py:161} INFO - Processing /home/gui/Documentos/airflowalura/venv/lib/python3.9/site-packages/airflow/example_dags/example_branch_datetime_operator.py took 0.121 seconds
[2023-06-05 23:22:38,168] {processor.py:153} INFO - Started process (PID=45984) to work on /home/gui/Documentos/airflowalura/venv/lib/python3.9/site-packages/airflow/example_dags/example_branch_datetime_operator.py
[2023-06-05 23:22:38,169] {processor.py:641} INFO - Processing file /home/gui/Documentos/airflowalura/venv/lib/python3.9/site-packages/airflow/example_dags/example_branch_datetime_operator.py for tasks to queue
[2023-06-05 23:22:38,170] {logging_mixin.py:115} INFO - [2023-06-05 23:22:38,170] {dagbag.py:507} INFO - Filling up the DagBag from /home/gui/Documentos/airflowalura/venv/lib/python3.9/site-packages/airflow/example_dags/example_branch_datetime_operator.py
[2023-06-05 23:22:38,186] {processor.py:651} INFO - DAG(s) dict_keys(['example_branch_datetime_operator_2']) retrieved from /home/gui/Documentos/airflowalura/venv/lib/python3.9/site-packages/airflow/example_dags/example_branch_datetime_operator.py
[2023-06-05 23:22:38,219] {logging_mixin.py:115} INFO - [2023-06-05 23:22:38,219] {dag.py:2379} INFO - Sync 1 DAGs
[2023-06-05 23:22:38,250] {logging_mixin.py:115} INFO - [2023-06-05 23:22:38,249] {dag.py:2927} INFO - Setting next_dagrun for example_branch_datetime_operator_2 to 2023-06-05T00:00:00+00:00, run_after=2023-06-06T00:00:00+00:00
[2023-06-05 23:22:38,925] {processor.py:161} INFO - Processing /home/gui/Documentos/airflowalura/venv/lib/python3.9/site-packages/airflow/example_dags/example_branch_datetime_operator.py took 0.763 seconds
[2023-06-05 23:23:18,111] {processor.py:153} INFO - Started process (PID=46028) to work on /home/gui/Documentos/airflowalura/venv/lib/python3.9/site-packages/airflow/example_dags/example_branch_datetime_operator.py
[2023-06-05 23:23:18,114] {processor.py:641} INFO - Processing file /home/gui/Documentos/airflowalura/venv/lib/python3.9/site-packages/airflow/example_dags/example_branch_datetime_operator.py for tasks to queue
[2023-06-05 23:23:18,115] {logging_mixin.py:115} INFO - [2023-06-05 23:23:18,114] {dagbag.py:507} INFO - Filling up the DagBag from /home/gui/Documentos/airflowalura/venv/lib/python3.9/site-packages/airflow/example_dags/example_branch_datetime_operator.py
[2023-06-05 23:23:18,135] {processor.py:651} INFO - DAG(s) dict_keys(['example_branch_datetime_operator_2']) retrieved from /home/gui/Documentos/airflowalura/venv/lib/python3.9/site-packages/airflow/example_dags/example_branch_datetime_operator.py
[2023-06-05 23:23:18,183] {logging_mixin.py:115} INFO - [2023-06-05 23:23:18,183] {dag.py:2379} INFO - Sync 1 DAGs
[2023-06-05 23:23:18,220] {logging_mixin.py:115} INFO - [2023-06-05 23:23:18,220] {dag.py:2927} INFO - Setting next_dagrun for example_branch_datetime_operator_2 to 2023-06-05T00:00:00+00:00, run_after=2023-06-06T00:00:00+00:00
[2023-06-05 23:23:18,351] {processor.py:161} INFO - Processing /home/gui/Documentos/airflowalura/venv/lib/python3.9/site-packages/airflow/example_dags/example_branch_datetime_operator.py took 0.250 seconds
[2023-06-05 23:24:06,634] {processor.py:153} INFO - Started process (PID=46082) to work on /home/gui/Documentos/airflowalura/venv/lib/python3.9/site-packages/airflow/example_dags/example_branch_datetime_operator.py
[2023-06-05 23:24:06,635] {processor.py:641} INFO - Processing file /home/gui/Documentos/airflowalura/venv/lib/python3.9/site-packages/airflow/example_dags/example_branch_datetime_operator.py for tasks to queue
[2023-06-05 23:24:06,636] {logging_mixin.py:115} INFO - [2023-06-05 23:24:06,636] {dagbag.py:507} INFO - Filling up the DagBag from /home/gui/Documentos/airflowalura/venv/lib/python3.9/site-packages/airflow/example_dags/example_branch_datetime_operator.py
[2023-06-05 23:24:06,651] {processor.py:651} INFO - DAG(s) dict_keys(['example_branch_datetime_operator_2']) retrieved from /home/gui/Documentos/airflowalura/venv/lib/python3.9/site-packages/airflow/example_dags/example_branch_datetime_operator.py
[2023-06-05 23:24:06,684] {logging_mixin.py:115} INFO - [2023-06-05 23:24:06,684] {dag.py:2379} INFO - Sync 1 DAGs
[2023-06-05 23:24:06,714] {logging_mixin.py:115} INFO - [2023-06-05 23:24:06,714] {dag.py:2927} INFO - Setting next_dagrun for example_branch_datetime_operator_2 to 2023-06-05T00:00:00+00:00, run_after=2023-06-06T00:00:00+00:00
[2023-06-05 23:24:06,754] {processor.py:161} INFO - Processing /home/gui/Documentos/airflowalura/venv/lib/python3.9/site-packages/airflow/example_dags/example_branch_datetime_operator.py took 0.126 seconds
[2023-06-05 23:24:50,813] {processor.py:153} INFO - Started process (PID=46126) to work on /home/gui/Documentos/airflowalura/venv/lib/python3.9/site-packages/airflow/example_dags/example_branch_datetime_operator.py
[2023-06-05 23:24:50,815] {processor.py:641} INFO - Processing file /home/gui/Documentos/airflowalura/venv/lib/python3.9/site-packages/airflow/example_dags/example_branch_datetime_operator.py for tasks to queue
[2023-06-05 23:24:50,816] {logging_mixin.py:115} INFO - [2023-06-05 23:24:50,816] {dagbag.py:507} INFO - Filling up the DagBag from /home/gui/Documentos/airflowalura/venv/lib/python3.9/site-packages/airflow/example_dags/example_branch_datetime_operator.py
[2023-06-05 23:24:50,833] {processor.py:651} INFO - DAG(s) dict_keys(['example_branch_datetime_operator_2']) retrieved from /home/gui/Documentos/airflowalura/venv/lib/python3.9/site-packages/airflow/example_dags/example_branch_datetime_operator.py
[2023-06-05 23:24:50,868] {logging_mixin.py:115} INFO - [2023-06-05 23:24:50,868] {dag.py:2379} INFO - Sync 1 DAGs
[2023-06-05 23:24:50,910] {logging_mixin.py:115} INFO - [2023-06-05 23:24:50,909] {dag.py:2927} INFO - Setting next_dagrun for example_branch_datetime_operator_2 to 2023-06-05T00:00:00+00:00, run_after=2023-06-06T00:00:00+00:00
[2023-06-05 23:24:50,933] {processor.py:161} INFO - Processing /home/gui/Documentos/airflowalura/venv/lib/python3.9/site-packages/airflow/example_dags/example_branch_datetime_operator.py took 0.128 seconds
[2023-06-05 23:25:30,679] {processor.py:153} INFO - Started process (PID=46170) to work on /home/gui/Documentos/airflowalura/venv/lib/python3.9/site-packages/airflow/example_dags/example_branch_datetime_operator.py
[2023-06-05 23:25:30,680] {processor.py:641} INFO - Processing file /home/gui/Documentos/airflowalura/venv/lib/python3.9/site-packages/airflow/example_dags/example_branch_datetime_operator.py for tasks to queue
[2023-06-05 23:25:30,681] {logging_mixin.py:115} INFO - [2023-06-05 23:25:30,681] {dagbag.py:507} INFO - Filling up the DagBag from /home/gui/Documentos/airflowalura/venv/lib/python3.9/site-packages/airflow/example_dags/example_branch_datetime_operator.py
[2023-06-05 23:25:30,698] {processor.py:651} INFO - DAG(s) dict_keys(['example_branch_datetime_operator_2']) retrieved from /home/gui/Documentos/airflowalura/venv/lib/python3.9/site-packages/airflow/example_dags/example_branch_datetime_operator.py
[2023-06-05 23:25:30,731] {logging_mixin.py:115} INFO - [2023-06-05 23:25:30,731] {dag.py:2379} INFO - Sync 1 DAGs
[2023-06-05 23:25:30,769] {logging_mixin.py:115} INFO - [2023-06-05 23:25:30,769] {dag.py:2927} INFO - Setting next_dagrun for example_branch_datetime_operator_2 to 2023-06-05T00:00:00+00:00, run_after=2023-06-06T00:00:00+00:00
[2023-06-05 23:25:30,790] {processor.py:161} INFO - Processing /home/gui/Documentos/airflowalura/venv/lib/python3.9/site-packages/airflow/example_dags/example_branch_datetime_operator.py took 0.121 seconds
[2023-06-05 23:26:06,828] {processor.py:153} INFO - Started process (PID=46233) to work on /home/gui/Documentos/airflowalura/venv/lib/python3.9/site-packages/airflow/example_dags/example_branch_datetime_operator.py
[2023-06-05 23:26:06,829] {processor.py:641} INFO - Processing file /home/gui/Documentos/airflowalura/venv/lib/python3.9/site-packages/airflow/example_dags/example_branch_datetime_operator.py for tasks to queue
[2023-06-05 23:26:06,831] {logging_mixin.py:115} INFO - [2023-06-05 23:26:06,830] {dagbag.py:507} INFO - Filling up the DagBag from /home/gui/Documentos/airflowalura/venv/lib/python3.9/site-packages/airflow/example_dags/example_branch_datetime_operator.py
[2023-06-05 23:26:06,849] {processor.py:651} INFO - DAG(s) dict_keys(['example_branch_datetime_operator_2']) retrieved from /home/gui/Documentos/airflowalura/venv/lib/python3.9/site-packages/airflow/example_dags/example_branch_datetime_operator.py
[2023-06-05 23:26:06,881] {logging_mixin.py:115} INFO - [2023-06-05 23:26:06,881] {dag.py:2379} INFO - Sync 1 DAGs
[2023-06-05 23:26:06,918] {logging_mixin.py:115} INFO - [2023-06-05 23:26:06,918] {dag.py:2927} INFO - Setting next_dagrun for example_branch_datetime_operator_2 to 2023-06-05T00:00:00+00:00, run_after=2023-06-06T00:00:00+00:00
[2023-06-05 23:26:06,957] {processor.py:161} INFO - Processing /home/gui/Documentos/airflowalura/venv/lib/python3.9/site-packages/airflow/example_dags/example_branch_datetime_operator.py took 0.136 seconds
[2023-06-05 23:31:21,848] {processor.py:153} INFO - Started process (PID=46771) to work on /home/gui/Documentos/airflowalura/venv/lib/python3.9/site-packages/airflow/example_dags/example_branch_datetime_operator.py
[2023-06-05 23:31:21,875] {processor.py:641} INFO - Processing file /home/gui/Documentos/airflowalura/venv/lib/python3.9/site-packages/airflow/example_dags/example_branch_datetime_operator.py for tasks to queue
[2023-06-05 23:31:21,876] {logging_mixin.py:115} INFO - [2023-06-05 23:31:21,876] {dagbag.py:507} INFO - Filling up the DagBag from /home/gui/Documentos/airflowalura/venv/lib/python3.9/site-packages/airflow/example_dags/example_branch_datetime_operator.py
[2023-06-05 23:31:21,941] {processor.py:651} INFO - DAG(s) dict_keys(['example_branch_datetime_operator_2']) retrieved from /home/gui/Documentos/airflowalura/venv/lib/python3.9/site-packages/airflow/example_dags/example_branch_datetime_operator.py
[2023-06-05 23:31:21,998] {logging_mixin.py:115} INFO - [2023-06-05 23:31:21,998] {dag.py:2379} INFO - Sync 1 DAGs
[2023-06-05 23:31:22,051] {logging_mixin.py:115} INFO - [2023-06-05 23:31:22,051] {dag.py:2927} INFO - Setting next_dagrun for example_branch_datetime_operator_2 to 2023-06-05T00:00:00+00:00, run_after=2023-06-06T00:00:00+00:00
[2023-06-05 23:31:22,553] {processor.py:161} INFO - Processing /home/gui/Documentos/airflowalura/venv/lib/python3.9/site-packages/airflow/example_dags/example_branch_datetime_operator.py took 0.720 seconds
[2023-06-05 23:32:17,273] {processor.py:153} INFO - Started process (PID=47363) to work on /home/gui/Documentos/airflowalura/venv/lib/python3.9/site-packages/airflow/example_dags/example_branch_datetime_operator.py
[2023-06-05 23:32:17,320] {processor.py:641} INFO - Processing file /home/gui/Documentos/airflowalura/venv/lib/python3.9/site-packages/airflow/example_dags/example_branch_datetime_operator.py for tasks to queue
[2023-06-05 23:32:17,321] {logging_mixin.py:115} INFO - [2023-06-05 23:32:17,321] {dagbag.py:507} INFO - Filling up the DagBag from /home/gui/Documentos/airflowalura/venv/lib/python3.9/site-packages/airflow/example_dags/example_branch_datetime_operator.py
[2023-06-05 23:32:17,354] {processor.py:651} INFO - DAG(s) dict_keys(['example_branch_datetime_operator_2']) retrieved from /home/gui/Documentos/airflowalura/venv/lib/python3.9/site-packages/airflow/example_dags/example_branch_datetime_operator.py
[2023-06-05 23:32:17,402] {logging_mixin.py:115} INFO - [2023-06-05 23:32:17,402] {dag.py:2379} INFO - Sync 1 DAGs
[2023-06-05 23:32:17,443] {logging_mixin.py:115} INFO - [2023-06-05 23:32:17,442] {dag.py:2927} INFO - Setting next_dagrun for example_branch_datetime_operator_2 to 2023-06-05T00:00:00+00:00, run_after=2023-06-06T00:00:00+00:00
[2023-06-05 23:32:17,683] {processor.py:161} INFO - Processing /home/gui/Documentos/airflowalura/venv/lib/python3.9/site-packages/airflow/example_dags/example_branch_datetime_operator.py took 0.417 seconds
[2023-06-05 23:33:07,792] {processor.py:153} INFO - Started process (PID=48045) to work on /home/gui/Documentos/airflowalura/venv/lib/python3.9/site-packages/airflow/example_dags/example_branch_datetime_operator.py
[2023-06-05 23:33:07,799] {processor.py:641} INFO - Processing file /home/gui/Documentos/airflowalura/venv/lib/python3.9/site-packages/airflow/example_dags/example_branch_datetime_operator.py for tasks to queue
[2023-06-05 23:33:07,800] {logging_mixin.py:115} INFO - [2023-06-05 23:33:07,800] {dagbag.py:507} INFO - Filling up the DagBag from /home/gui/Documentos/airflowalura/venv/lib/python3.9/site-packages/airflow/example_dags/example_branch_datetime_operator.py
[2023-06-05 23:33:07,831] {processor.py:651} INFO - DAG(s) dict_keys(['example_branch_datetime_operator_2']) retrieved from /home/gui/Documentos/airflowalura/venv/lib/python3.9/site-packages/airflow/example_dags/example_branch_datetime_operator.py
[2023-06-05 23:33:07,886] {logging_mixin.py:115} INFO - [2023-06-05 23:33:07,878] {dag.py:2379} INFO - Sync 1 DAGs
[2023-06-05 23:33:07,948] {logging_mixin.py:115} INFO - [2023-06-05 23:33:07,948] {dag.py:2927} INFO - Setting next_dagrun for example_branch_datetime_operator_2 to 2023-06-05T00:00:00+00:00, run_after=2023-06-06T00:00:00+00:00
[2023-06-05 23:33:08,072] {processor.py:161} INFO - Processing /home/gui/Documentos/airflowalura/venv/lib/python3.9/site-packages/airflow/example_dags/example_branch_datetime_operator.py took 0.291 seconds
[2023-06-05 23:33:51,049] {processor.py:153} INFO - Started process (PID=48714) to work on /home/gui/Documentos/airflowalura/venv/lib/python3.9/site-packages/airflow/example_dags/example_branch_datetime_operator.py
[2023-06-05 23:33:51,051] {processor.py:641} INFO - Processing file /home/gui/Documentos/airflowalura/venv/lib/python3.9/site-packages/airflow/example_dags/example_branch_datetime_operator.py for tasks to queue
[2023-06-05 23:33:51,053] {logging_mixin.py:115} INFO - [2023-06-05 23:33:51,052] {dagbag.py:507} INFO - Filling up the DagBag from /home/gui/Documentos/airflowalura/venv/lib/python3.9/site-packages/airflow/example_dags/example_branch_datetime_operator.py
[2023-06-05 23:33:51,076] {processor.py:651} INFO - DAG(s) dict_keys(['example_branch_datetime_operator_2']) retrieved from /home/gui/Documentos/airflowalura/venv/lib/python3.9/site-packages/airflow/example_dags/example_branch_datetime_operator.py
[2023-06-05 23:33:51,122] {logging_mixin.py:115} INFO - [2023-06-05 23:33:51,121] {dag.py:2379} INFO - Sync 1 DAGs
[2023-06-05 23:33:51,174] {logging_mixin.py:115} INFO - [2023-06-05 23:33:51,173] {dag.py:2927} INFO - Setting next_dagrun for example_branch_datetime_operator_2 to 2023-06-05T00:00:00+00:00, run_after=2023-06-06T00:00:00+00:00
[2023-06-05 23:33:51,241] {processor.py:161} INFO - Processing /home/gui/Documentos/airflowalura/venv/lib/python3.9/site-packages/airflow/example_dags/example_branch_datetime_operator.py took 0.198 seconds
[2023-06-05 23:34:34,039] {processor.py:153} INFO - Started process (PID=49427) to work on /home/gui/Documentos/airflowalura/venv/lib/python3.9/site-packages/airflow/example_dags/example_branch_datetime_operator.py
[2023-06-05 23:34:34,040] {processor.py:641} INFO - Processing file /home/gui/Documentos/airflowalura/venv/lib/python3.9/site-packages/airflow/example_dags/example_branch_datetime_operator.py for tasks to queue
[2023-06-05 23:34:34,041] {logging_mixin.py:115} INFO - [2023-06-05 23:34:34,041] {dagbag.py:507} INFO - Filling up the DagBag from /home/gui/Documentos/airflowalura/venv/lib/python3.9/site-packages/airflow/example_dags/example_branch_datetime_operator.py
[2023-06-05 23:34:34,061] {processor.py:651} INFO - DAG(s) dict_keys(['example_branch_datetime_operator_2']) retrieved from /home/gui/Documentos/airflowalura/venv/lib/python3.9/site-packages/airflow/example_dags/example_branch_datetime_operator.py
[2023-06-05 23:34:34,107] {logging_mixin.py:115} INFO - [2023-06-05 23:34:34,107] {dag.py:2379} INFO - Sync 1 DAGs
[2023-06-05 23:34:34,146] {logging_mixin.py:115} INFO - [2023-06-05 23:34:34,145] {dag.py:2927} INFO - Setting next_dagrun for example_branch_datetime_operator_2 to 2023-06-05T00:00:00+00:00, run_after=2023-06-06T00:00:00+00:00
[2023-06-05 23:34:34,208] {processor.py:161} INFO - Processing /home/gui/Documentos/airflowalura/venv/lib/python3.9/site-packages/airflow/example_dags/example_branch_datetime_operator.py took 0.186 seconds
[2023-06-05 23:35:25,205] {processor.py:153} INFO - Started process (PID=49560) to work on /home/gui/Documentos/airflowalura/venv/lib/python3.9/site-packages/airflow/example_dags/example_branch_datetime_operator.py
[2023-06-05 23:35:25,210] {processor.py:641} INFO - Processing file /home/gui/Documentos/airflowalura/venv/lib/python3.9/site-packages/airflow/example_dags/example_branch_datetime_operator.py for tasks to queue
[2023-06-05 23:35:25,211] {logging_mixin.py:115} INFO - [2023-06-05 23:35:25,210] {dagbag.py:507} INFO - Filling up the DagBag from /home/gui/Documentos/airflowalura/venv/lib/python3.9/site-packages/airflow/example_dags/example_branch_datetime_operator.py
[2023-06-05 23:35:25,230] {processor.py:651} INFO - DAG(s) dict_keys(['example_branch_datetime_operator_2']) retrieved from /home/gui/Documentos/airflowalura/venv/lib/python3.9/site-packages/airflow/example_dags/example_branch_datetime_operator.py
[2023-06-05 23:35:25,279] {logging_mixin.py:115} INFO - [2023-06-05 23:35:25,279] {dag.py:2379} INFO - Sync 1 DAGs
[2023-06-05 23:35:25,323] {logging_mixin.py:115} INFO - [2023-06-05 23:35:25,323] {dag.py:2927} INFO - Setting next_dagrun for example_branch_datetime_operator_2 to 2023-06-05T00:00:00+00:00, run_after=2023-06-06T00:00:00+00:00
[2023-06-05 23:35:25,411] {processor.py:161} INFO - Processing /home/gui/Documentos/airflowalura/venv/lib/python3.9/site-packages/airflow/example_dags/example_branch_datetime_operator.py took 0.212 seconds
[2023-06-05 23:36:25,539] {processor.py:153} INFO - Started process (PID=49647) to work on /home/gui/Documentos/airflowalura/venv/lib/python3.9/site-packages/airflow/example_dags/example_branch_datetime_operator.py
[2023-06-05 23:36:25,540] {processor.py:641} INFO - Processing file /home/gui/Documentos/airflowalura/venv/lib/python3.9/site-packages/airflow/example_dags/example_branch_datetime_operator.py for tasks to queue
[2023-06-05 23:36:25,542] {logging_mixin.py:115} INFO - [2023-06-05 23:36:25,542] {dagbag.py:507} INFO - Filling up the DagBag from /home/gui/Documentos/airflowalura/venv/lib/python3.9/site-packages/airflow/example_dags/example_branch_datetime_operator.py
[2023-06-05 23:36:25,585] {processor.py:651} INFO - DAG(s) dict_keys(['example_branch_datetime_operator_2']) retrieved from /home/gui/Documentos/airflowalura/venv/lib/python3.9/site-packages/airflow/example_dags/example_branch_datetime_operator.py
[2023-06-05 23:36:25,642] {logging_mixin.py:115} INFO - [2023-06-05 23:36:25,642] {dag.py:2379} INFO - Sync 1 DAGs
[2023-06-05 23:36:25,687] {logging_mixin.py:115} INFO - [2023-06-05 23:36:25,687] {dag.py:2927} INFO - Setting next_dagrun for example_branch_datetime_operator_2 to 2023-06-05T00:00:00+00:00, run_after=2023-06-06T00:00:00+00:00
[2023-06-05 23:36:26,023] {processor.py:161} INFO - Processing /home/gui/Documentos/airflowalura/venv/lib/python3.9/site-packages/airflow/example_dags/example_branch_datetime_operator.py took 0.497 seconds
[2023-06-05 23:37:11,067] {processor.py:153} INFO - Started process (PID=49753) to work on /home/gui/Documentos/airflowalura/venv/lib/python3.9/site-packages/airflow/example_dags/example_branch_datetime_operator.py
[2023-06-05 23:37:11,072] {processor.py:641} INFO - Processing file /home/gui/Documentos/airflowalura/venv/lib/python3.9/site-packages/airflow/example_dags/example_branch_datetime_operator.py for tasks to queue
[2023-06-05 23:37:11,075] {logging_mixin.py:115} INFO - [2023-06-05 23:37:11,075] {dagbag.py:507} INFO - Filling up the DagBag from /home/gui/Documentos/airflowalura/venv/lib/python3.9/site-packages/airflow/example_dags/example_branch_datetime_operator.py
[2023-06-05 23:37:11,114] {processor.py:651} INFO - DAG(s) dict_keys(['example_branch_datetime_operator_2']) retrieved from /home/gui/Documentos/airflowalura/venv/lib/python3.9/site-packages/airflow/example_dags/example_branch_datetime_operator.py
[2023-06-05 23:37:11,166] {logging_mixin.py:115} INFO - [2023-06-05 23:37:11,165] {dag.py:2379} INFO - Sync 1 DAGs
[2023-06-05 23:37:11,254] {logging_mixin.py:115} INFO - [2023-06-05 23:37:11,253] {dag.py:2927} INFO - Setting next_dagrun for example_branch_datetime_operator_2 to 2023-06-05T00:00:00+00:00, run_after=2023-06-06T00:00:00+00:00
[2023-06-05 23:37:11,516] {processor.py:161} INFO - Processing /home/gui/Documentos/airflowalura/venv/lib/python3.9/site-packages/airflow/example_dags/example_branch_datetime_operator.py took 0.469 seconds
[2023-06-05 23:37:51,773] {processor.py:153} INFO - Started process (PID=49871) to work on /home/gui/Documentos/airflowalura/venv/lib/python3.9/site-packages/airflow/example_dags/example_branch_datetime_operator.py
[2023-06-05 23:37:51,780] {processor.py:641} INFO - Processing file /home/gui/Documentos/airflowalura/venv/lib/python3.9/site-packages/airflow/example_dags/example_branch_datetime_operator.py for tasks to queue
[2023-06-05 23:37:51,780] {logging_mixin.py:115} INFO - [2023-06-05 23:37:51,780] {dagbag.py:507} INFO - Filling up the DagBag from /home/gui/Documentos/airflowalura/venv/lib/python3.9/site-packages/airflow/example_dags/example_branch_datetime_operator.py
[2023-06-05 23:37:51,800] {processor.py:651} INFO - DAG(s) dict_keys(['example_branch_datetime_operator_2']) retrieved from /home/gui/Documentos/airflowalura/venv/lib/python3.9/site-packages/airflow/example_dags/example_branch_datetime_operator.py
[2023-06-05 23:37:51,828] {logging_mixin.py:115} INFO - [2023-06-05 23:37:51,828] {dag.py:2379} INFO - Sync 1 DAGs
[2023-06-05 23:37:51,866] {logging_mixin.py:115} INFO - [2023-06-05 23:37:51,866] {dag.py:2927} INFO - Setting next_dagrun for example_branch_datetime_operator_2 to 2023-06-05T00:00:00+00:00, run_after=2023-06-06T00:00:00+00:00
[2023-06-05 23:37:52,012] {processor.py:161} INFO - Processing /home/gui/Documentos/airflowalura/venv/lib/python3.9/site-packages/airflow/example_dags/example_branch_datetime_operator.py took 0.244 seconds
[2023-06-05 23:38:35,180] {processor.py:153} INFO - Started process (PID=49947) to work on /home/gui/Documentos/airflowalura/venv/lib/python3.9/site-packages/airflow/example_dags/example_branch_datetime_operator.py
[2023-06-05 23:38:35,183] {processor.py:641} INFO - Processing file /home/gui/Documentos/airflowalura/venv/lib/python3.9/site-packages/airflow/example_dags/example_branch_datetime_operator.py for tasks to queue
[2023-06-05 23:38:35,184] {logging_mixin.py:115} INFO - [2023-06-05 23:38:35,184] {dagbag.py:507} INFO - Filling up the DagBag from /home/gui/Documentos/airflowalura/venv/lib/python3.9/site-packages/airflow/example_dags/example_branch_datetime_operator.py
[2023-06-05 23:38:35,204] {processor.py:651} INFO - DAG(s) dict_keys(['example_branch_datetime_operator_2']) retrieved from /home/gui/Documentos/airflowalura/venv/lib/python3.9/site-packages/airflow/example_dags/example_branch_datetime_operator.py
[2023-06-05 23:38:35,251] {logging_mixin.py:115} INFO - [2023-06-05 23:38:35,251] {dag.py:2379} INFO - Sync 1 DAGs
[2023-06-05 23:38:35,285] {logging_mixin.py:115} INFO - [2023-06-05 23:38:35,285] {dag.py:2927} INFO - Setting next_dagrun for example_branch_datetime_operator_2 to 2023-06-05T00:00:00+00:00, run_after=2023-06-06T00:00:00+00:00
[2023-06-05 23:38:35,306] {processor.py:161} INFO - Processing /home/gui/Documentos/airflowalura/venv/lib/python3.9/site-packages/airflow/example_dags/example_branch_datetime_operator.py took 0.132 seconds
[2023-06-05 23:39:17,240] {processor.py:153} INFO - Started process (PID=50014) to work on /home/gui/Documentos/airflowalura/venv/lib/python3.9/site-packages/airflow/example_dags/example_branch_datetime_operator.py
[2023-06-05 23:39:17,242] {processor.py:641} INFO - Processing file /home/gui/Documentos/airflowalura/venv/lib/python3.9/site-packages/airflow/example_dags/example_branch_datetime_operator.py for tasks to queue
[2023-06-05 23:39:17,243] {logging_mixin.py:115} INFO - [2023-06-05 23:39:17,243] {dagbag.py:507} INFO - Filling up the DagBag from /home/gui/Documentos/airflowalura/venv/lib/python3.9/site-packages/airflow/example_dags/example_branch_datetime_operator.py
[2023-06-05 23:39:17,259] {processor.py:651} INFO - DAG(s) dict_keys(['example_branch_datetime_operator_2']) retrieved from /home/gui/Documentos/airflowalura/venv/lib/python3.9/site-packages/airflow/example_dags/example_branch_datetime_operator.py
[2023-06-05 23:39:17,293] {logging_mixin.py:115} INFO - [2023-06-05 23:39:17,293] {dag.py:2379} INFO - Sync 1 DAGs
[2023-06-05 23:39:17,325] {logging_mixin.py:115} INFO - [2023-06-05 23:39:17,325] {dag.py:2927} INFO - Setting next_dagrun for example_branch_datetime_operator_2 to 2023-06-05T00:00:00+00:00, run_after=2023-06-06T00:00:00+00:00
[2023-06-05 23:39:17,353] {processor.py:161} INFO - Processing /home/gui/Documentos/airflowalura/venv/lib/python3.9/site-packages/airflow/example_dags/example_branch_datetime_operator.py took 0.124 seconds
[2023-06-05 23:40:04,498] {processor.py:153} INFO - Started process (PID=50322) to work on /home/gui/Documentos/airflowalura/venv/lib/python3.9/site-packages/airflow/example_dags/example_branch_datetime_operator.py
[2023-06-05 23:40:04,515] {processor.py:641} INFO - Processing file /home/gui/Documentos/airflowalura/venv/lib/python3.9/site-packages/airflow/example_dags/example_branch_datetime_operator.py for tasks to queue
[2023-06-05 23:40:04,517] {logging_mixin.py:115} INFO - [2023-06-05 23:40:04,516] {dagbag.py:507} INFO - Filling up the DagBag from /home/gui/Documentos/airflowalura/venv/lib/python3.9/site-packages/airflow/example_dags/example_branch_datetime_operator.py
[2023-06-05 23:40:04,539] {processor.py:651} INFO - DAG(s) dict_keys(['example_branch_datetime_operator_2']) retrieved from /home/gui/Documentos/airflowalura/venv/lib/python3.9/site-packages/airflow/example_dags/example_branch_datetime_operator.py
[2023-06-05 23:40:04,589] {logging_mixin.py:115} INFO - [2023-06-05 23:40:04,589] {dag.py:2379} INFO - Sync 1 DAGs
[2023-06-05 23:40:04,636] {logging_mixin.py:115} INFO - [2023-06-05 23:40:04,635] {dag.py:2927} INFO - Setting next_dagrun for example_branch_datetime_operator_2 to 2023-06-05T00:00:00+00:00, run_after=2023-06-06T00:00:00+00:00
[2023-06-05 23:40:04,694] {processor.py:161} INFO - Processing /home/gui/Documentos/airflowalura/venv/lib/python3.9/site-packages/airflow/example_dags/example_branch_datetime_operator.py took 0.207 seconds
[2023-06-05 23:40:50,122] {processor.py:153} INFO - Started process (PID=50432) to work on /home/gui/Documentos/airflowalura/venv/lib/python3.9/site-packages/airflow/example_dags/example_branch_datetime_operator.py
[2023-06-05 23:40:50,136] {processor.py:641} INFO - Processing file /home/gui/Documentos/airflowalura/venv/lib/python3.9/site-packages/airflow/example_dags/example_branch_datetime_operator.py for tasks to queue
[2023-06-05 23:40:50,137] {logging_mixin.py:115} INFO - [2023-06-05 23:40:50,136] {dagbag.py:507} INFO - Filling up the DagBag from /home/gui/Documentos/airflowalura/venv/lib/python3.9/site-packages/airflow/example_dags/example_branch_datetime_operator.py
[2023-06-05 23:40:50,172] {processor.py:651} INFO - DAG(s) dict_keys(['example_branch_datetime_operator_2']) retrieved from /home/gui/Documentos/airflowalura/venv/lib/python3.9/site-packages/airflow/example_dags/example_branch_datetime_operator.py
[2023-06-05 23:40:50,227] {logging_mixin.py:115} INFO - [2023-06-05 23:40:50,227] {dag.py:2379} INFO - Sync 1 DAGs
[2023-06-05 23:40:50,270] {logging_mixin.py:115} INFO - [2023-06-05 23:40:50,270] {dag.py:2927} INFO - Setting next_dagrun for example_branch_datetime_operator_2 to 2023-06-05T00:00:00+00:00, run_after=2023-06-06T00:00:00+00:00
[2023-06-05 23:40:50,301] {processor.py:161} INFO - Processing /home/gui/Documentos/airflowalura/venv/lib/python3.9/site-packages/airflow/example_dags/example_branch_datetime_operator.py took 0.186 seconds
[2023-06-05 23:41:35,098] {processor.py:153} INFO - Started process (PID=50741) to work on /home/gui/Documentos/airflowalura/venv/lib/python3.9/site-packages/airflow/example_dags/example_branch_datetime_operator.py
[2023-06-05 23:41:35,103] {processor.py:641} INFO - Processing file /home/gui/Documentos/airflowalura/venv/lib/python3.9/site-packages/airflow/example_dags/example_branch_datetime_operator.py for tasks to queue
[2023-06-05 23:41:35,104] {logging_mixin.py:115} INFO - [2023-06-05 23:41:35,104] {dagbag.py:507} INFO - Filling up the DagBag from /home/gui/Documentos/airflowalura/venv/lib/python3.9/site-packages/airflow/example_dags/example_branch_datetime_operator.py
[2023-06-05 23:41:35,124] {processor.py:651} INFO - DAG(s) dict_keys(['example_branch_datetime_operator_2']) retrieved from /home/gui/Documentos/airflowalura/venv/lib/python3.9/site-packages/airflow/example_dags/example_branch_datetime_operator.py
[2023-06-05 23:41:35,153] {logging_mixin.py:115} INFO - [2023-06-05 23:41:35,153] {dag.py:2379} INFO - Sync 1 DAGs
[2023-06-05 23:41:35,194] {logging_mixin.py:115} INFO - [2023-06-05 23:41:35,194] {dag.py:2927} INFO - Setting next_dagrun for example_branch_datetime_operator_2 to 2023-06-05T00:00:00+00:00, run_after=2023-06-06T00:00:00+00:00
[2023-06-05 23:41:35,223] {processor.py:161} INFO - Processing /home/gui/Documentos/airflowalura/venv/lib/python3.9/site-packages/airflow/example_dags/example_branch_datetime_operator.py took 0.135 seconds
[2023-06-05 23:42:19,724] {processor.py:153} INFO - Started process (PID=50836) to work on /home/gui/Documentos/airflowalura/venv/lib/python3.9/site-packages/airflow/example_dags/example_branch_datetime_operator.py
[2023-06-05 23:42:19,727] {processor.py:641} INFO - Processing file /home/gui/Documentos/airflowalura/venv/lib/python3.9/site-packages/airflow/example_dags/example_branch_datetime_operator.py for tasks to queue
[2023-06-05 23:42:19,729] {logging_mixin.py:115} INFO - [2023-06-05 23:42:19,729] {dagbag.py:507} INFO - Filling up the DagBag from /home/gui/Documentos/airflowalura/venv/lib/python3.9/site-packages/airflow/example_dags/example_branch_datetime_operator.py
[2023-06-05 23:42:19,756] {processor.py:651} INFO - DAG(s) dict_keys(['example_branch_datetime_operator_2']) retrieved from /home/gui/Documentos/airflowalura/venv/lib/python3.9/site-packages/airflow/example_dags/example_branch_datetime_operator.py
[2023-06-05 23:42:19,823] {logging_mixin.py:115} INFO - [2023-06-05 23:42:19,822] {dag.py:2379} INFO - Sync 1 DAGs
[2023-06-05 23:42:19,873] {logging_mixin.py:115} INFO - [2023-06-05 23:42:19,873] {dag.py:2927} INFO - Setting next_dagrun for example_branch_datetime_operator_2 to 2023-06-05T00:00:00+00:00, run_after=2023-06-06T00:00:00+00:00
[2023-06-05 23:42:19,900] {processor.py:161} INFO - Processing /home/gui/Documentos/airflowalura/venv/lib/python3.9/site-packages/airflow/example_dags/example_branch_datetime_operator.py took 0.188 seconds
