[2023-06-05 23:02:04,054] {processor.py:153} INFO - Started process (PID=44508) to work on /home/gui/Documentos/airflowalura/venv/lib/python3.9/site-packages/airflow/example_dags/example_xcom.py
[2023-06-05 23:02:04,055] {processor.py:641} INFO - Processing file /home/gui/Documentos/airflowalura/venv/lib/python3.9/site-packages/airflow/example_dags/example_xcom.py for tasks to queue
[2023-06-05 23:02:04,056] {logging_mixin.py:115} INFO - [2023-06-05 23:02:04,056] {dagbag.py:507} INFO - Filling up the DagBag from /home/gui/Documentos/airflowalura/venv/lib/python3.9/site-packages/airflow/example_dags/example_xcom.py
[2023-06-05 23:02:04,135] {processor.py:651} INFO - DAG(s) dict_keys(['example_xcom']) retrieved from /home/gui/Documentos/airflowalura/venv/lib/python3.9/site-packages/airflow/example_dags/example_xcom.py
[2023-06-05 23:02:04,289] {logging_mixin.py:115} INFO - [2023-06-05 23:02:04,289] {manager.py:508} INFO - Created Permission View: can read on DAG:example_xcom
[2023-06-05 23:02:04,312] {logging_mixin.py:115} INFO - [2023-06-05 23:02:04,312] {manager.py:508} INFO - Created Permission View: can edit on DAG:example_xcom
[2023-06-05 23:02:04,332] {logging_mixin.py:115} INFO - [2023-06-05 23:02:04,332] {manager.py:508} INFO - Created Permission View: can delete on DAG:example_xcom
[2023-06-05 23:02:04,333] {logging_mixin.py:115} INFO - [2023-06-05 23:02:04,332] {dag.py:2379} INFO - Sync 1 DAGs
[2023-06-05 23:02:04,356] {logging_mixin.py:115} INFO - [2023-06-05 23:02:04,356] {dag.py:2398} INFO - Creating ORM DAG for example_xcom
[2023-06-05 23:02:04,381] {logging_mixin.py:115} INFO - [2023-06-05 23:02:04,381] {dag.py:2927} INFO - Setting next_dagrun for example_xcom to 2021-01-01T00:00:00+00:00, run_after=2021-01-01T00:00:00+00:00
[2023-06-05 23:02:04,404] {processor.py:161} INFO - Processing /home/gui/Documentos/airflowalura/venv/lib/python3.9/site-packages/airflow/example_dags/example_xcom.py took 0.364 seconds
[2023-06-05 23:05:15,356] {processor.py:153} INFO - Started process (PID=44957) to work on /home/gui/Documentos/airflowalura/venv/lib/python3.9/site-packages/airflow/example_dags/example_xcom.py
[2023-06-05 23:05:15,368] {processor.py:641} INFO - Processing file /home/gui/Documentos/airflowalura/venv/lib/python3.9/site-packages/airflow/example_dags/example_xcom.py for tasks to queue
[2023-06-05 23:05:15,369] {logging_mixin.py:115} INFO - [2023-06-05 23:05:15,369] {dagbag.py:507} INFO - Filling up the DagBag from /home/gui/Documentos/airflowalura/venv/lib/python3.9/site-packages/airflow/example_dags/example_xcom.py
[2023-06-05 23:05:15,440] {processor.py:651} INFO - DAG(s) dict_keys(['example_xcom']) retrieved from /home/gui/Documentos/airflowalura/venv/lib/python3.9/site-packages/airflow/example_dags/example_xcom.py
[2023-06-05 23:05:15,604] {logging_mixin.py:115} INFO - [2023-06-05 23:05:15,604] {dag.py:2379} INFO - Sync 1 DAGs
[2023-06-05 23:05:15,657] {logging_mixin.py:115} INFO - [2023-06-05 23:05:15,657] {dag.py:2927} INFO - Setting next_dagrun for example_xcom to 2021-01-01T00:00:00+00:00, run_after=2021-01-01T00:00:00+00:00
[2023-06-05 23:05:15,712] {processor.py:161} INFO - Processing /home/gui/Documentos/airflowalura/venv/lib/python3.9/site-packages/airflow/example_dags/example_xcom.py took 0.362 seconds
[2023-06-05 23:05:54,067] {processor.py:153} INFO - Started process (PID=44993) to work on /home/gui/Documentos/airflowalura/venv/lib/python3.9/site-packages/airflow/example_dags/example_xcom.py
[2023-06-05 23:05:54,068] {processor.py:641} INFO - Processing file /home/gui/Documentos/airflowalura/venv/lib/python3.9/site-packages/airflow/example_dags/example_xcom.py for tasks to queue
[2023-06-05 23:05:54,069] {logging_mixin.py:115} INFO - [2023-06-05 23:05:54,069] {dagbag.py:507} INFO - Filling up the DagBag from /home/gui/Documentos/airflowalura/venv/lib/python3.9/site-packages/airflow/example_dags/example_xcom.py
[2023-06-05 23:05:54,102] {processor.py:651} INFO - DAG(s) dict_keys(['example_xcom']) retrieved from /home/gui/Documentos/airflowalura/venv/lib/python3.9/site-packages/airflow/example_dags/example_xcom.py
[2023-06-05 23:05:54,170] {logging_mixin.py:115} INFO - [2023-06-05 23:05:54,170] {dag.py:2379} INFO - Sync 1 DAGs
[2023-06-05 23:05:54,195] {logging_mixin.py:115} INFO - [2023-06-05 23:05:54,194] {dag.py:2927} INFO - Setting next_dagrun for example_xcom to 2021-01-01T00:00:00+00:00, run_after=2021-01-01T00:00:00+00:00
[2023-06-05 23:05:54,213] {processor.py:161} INFO - Processing /home/gui/Documentos/airflowalura/venv/lib/python3.9/site-packages/airflow/example_dags/example_xcom.py took 0.153 seconds
[2023-06-05 23:06:30,308] {processor.py:153} INFO - Started process (PID=45029) to work on /home/gui/Documentos/airflowalura/venv/lib/python3.9/site-packages/airflow/example_dags/example_xcom.py
[2023-06-05 23:06:30,310] {processor.py:641} INFO - Processing file /home/gui/Documentos/airflowalura/venv/lib/python3.9/site-packages/airflow/example_dags/example_xcom.py for tasks to queue
[2023-06-05 23:06:30,311] {logging_mixin.py:115} INFO - [2023-06-05 23:06:30,310] {dagbag.py:507} INFO - Filling up the DagBag from /home/gui/Documentos/airflowalura/venv/lib/python3.9/site-packages/airflow/example_dags/example_xcom.py
[2023-06-05 23:06:30,340] {processor.py:651} INFO - DAG(s) dict_keys(['example_xcom']) retrieved from /home/gui/Documentos/airflowalura/venv/lib/python3.9/site-packages/airflow/example_dags/example_xcom.py
[2023-06-05 23:06:30,367] {logging_mixin.py:115} INFO - [2023-06-05 23:06:30,367] {dag.py:2379} INFO - Sync 1 DAGs
[2023-06-05 23:06:30,393] {logging_mixin.py:115} INFO - [2023-06-05 23:06:30,393] {dag.py:2927} INFO - Setting next_dagrun for example_xcom to 2021-01-01T00:00:00+00:00, run_after=2021-01-01T00:00:00+00:00
[2023-06-05 23:06:30,423] {processor.py:161} INFO - Processing /home/gui/Documentos/airflowalura/venv/lib/python3.9/site-packages/airflow/example_dags/example_xcom.py took 0.120 seconds
[2023-06-05 23:07:08,758] {processor.py:153} INFO - Started process (PID=45084) to work on /home/gui/Documentos/airflowalura/venv/lib/python3.9/site-packages/airflow/example_dags/example_xcom.py
[2023-06-05 23:07:08,759] {processor.py:641} INFO - Processing file /home/gui/Documentos/airflowalura/venv/lib/python3.9/site-packages/airflow/example_dags/example_xcom.py for tasks to queue
[2023-06-05 23:07:08,760] {logging_mixin.py:115} INFO - [2023-06-05 23:07:08,760] {dagbag.py:507} INFO - Filling up the DagBag from /home/gui/Documentos/airflowalura/venv/lib/python3.9/site-packages/airflow/example_dags/example_xcom.py
[2023-06-05 23:07:08,794] {processor.py:651} INFO - DAG(s) dict_keys(['example_xcom']) retrieved from /home/gui/Documentos/airflowalura/venv/lib/python3.9/site-packages/airflow/example_dags/example_xcom.py
[2023-06-05 23:07:08,823] {logging_mixin.py:115} INFO - [2023-06-05 23:07:08,823] {dag.py:2379} INFO - Sync 1 DAGs
[2023-06-05 23:07:08,849] {logging_mixin.py:115} INFO - [2023-06-05 23:07:08,849] {dag.py:2927} INFO - Setting next_dagrun for example_xcom to 2021-01-01T00:00:00+00:00, run_after=2021-01-01T00:00:00+00:00
[2023-06-05 23:07:08,885] {processor.py:161} INFO - Processing /home/gui/Documentos/airflowalura/venv/lib/python3.9/site-packages/airflow/example_dags/example_xcom.py took 0.137 seconds
[2023-06-05 23:07:46,628] {processor.py:153} INFO - Started process (PID=45123) to work on /home/gui/Documentos/airflowalura/venv/lib/python3.9/site-packages/airflow/example_dags/example_xcom.py
[2023-06-05 23:07:46,629] {processor.py:641} INFO - Processing file /home/gui/Documentos/airflowalura/venv/lib/python3.9/site-packages/airflow/example_dags/example_xcom.py for tasks to queue
[2023-06-05 23:07:46,629] {logging_mixin.py:115} INFO - [2023-06-05 23:07:46,629] {dagbag.py:507} INFO - Filling up the DagBag from /home/gui/Documentos/airflowalura/venv/lib/python3.9/site-packages/airflow/example_dags/example_xcom.py
[2023-06-05 23:07:46,662] {processor.py:651} INFO - DAG(s) dict_keys(['example_xcom']) retrieved from /home/gui/Documentos/airflowalura/venv/lib/python3.9/site-packages/airflow/example_dags/example_xcom.py
[2023-06-05 23:07:46,731] {logging_mixin.py:115} INFO - [2023-06-05 23:07:46,731] {dag.py:2379} INFO - Sync 1 DAGs
[2023-06-05 23:07:46,757] {logging_mixin.py:115} INFO - [2023-06-05 23:07:46,756] {dag.py:2927} INFO - Setting next_dagrun for example_xcom to 2021-01-01T00:00:00+00:00, run_after=2021-01-01T00:00:00+00:00
[2023-06-05 23:07:47,156] {processor.py:161} INFO - Processing /home/gui/Documentos/airflowalura/venv/lib/python3.9/site-packages/airflow/example_dags/example_xcom.py took 0.534 seconds
[2023-06-05 23:08:26,619] {processor.py:153} INFO - Started process (PID=45158) to work on /home/gui/Documentos/airflowalura/venv/lib/python3.9/site-packages/airflow/example_dags/example_xcom.py
[2023-06-05 23:08:26,621] {processor.py:641} INFO - Processing file /home/gui/Documentos/airflowalura/venv/lib/python3.9/site-packages/airflow/example_dags/example_xcom.py for tasks to queue
[2023-06-05 23:08:26,621] {logging_mixin.py:115} INFO - [2023-06-05 23:08:26,621] {dagbag.py:507} INFO - Filling up the DagBag from /home/gui/Documentos/airflowalura/venv/lib/python3.9/site-packages/airflow/example_dags/example_xcom.py
[2023-06-05 23:08:26,652] {processor.py:651} INFO - DAG(s) dict_keys(['example_xcom']) retrieved from /home/gui/Documentos/airflowalura/venv/lib/python3.9/site-packages/airflow/example_dags/example_xcom.py
[2023-06-05 23:08:26,681] {logging_mixin.py:115} INFO - [2023-06-05 23:08:26,681] {dag.py:2379} INFO - Sync 1 DAGs
[2023-06-05 23:08:26,711] {logging_mixin.py:115} INFO - [2023-06-05 23:08:26,711] {dag.py:2927} INFO - Setting next_dagrun for example_xcom to 2021-01-01T00:00:00+00:00, run_after=2021-01-01T00:00:00+00:00
[2023-06-05 23:08:26,791] {processor.py:161} INFO - Processing /home/gui/Documentos/airflowalura/venv/lib/python3.9/site-packages/airflow/example_dags/example_xcom.py took 0.177 seconds
[2023-06-05 23:09:06,702] {processor.py:153} INFO - Started process (PID=45192) to work on /home/gui/Documentos/airflowalura/venv/lib/python3.9/site-packages/airflow/example_dags/example_xcom.py
[2023-06-05 23:09:06,704] {processor.py:641} INFO - Processing file /home/gui/Documentos/airflowalura/venv/lib/python3.9/site-packages/airflow/example_dags/example_xcom.py for tasks to queue
[2023-06-05 23:09:06,705] {logging_mixin.py:115} INFO - [2023-06-05 23:09:06,705] {dagbag.py:507} INFO - Filling up the DagBag from /home/gui/Documentos/airflowalura/venv/lib/python3.9/site-packages/airflow/example_dags/example_xcom.py
[2023-06-05 23:09:06,740] {processor.py:651} INFO - DAG(s) dict_keys(['example_xcom']) retrieved from /home/gui/Documentos/airflowalura/venv/lib/python3.9/site-packages/airflow/example_dags/example_xcom.py
[2023-06-05 23:09:06,829] {logging_mixin.py:115} INFO - [2023-06-05 23:09:06,829] {dag.py:2379} INFO - Sync 1 DAGs
[2023-06-05 23:09:06,860] {logging_mixin.py:115} INFO - [2023-06-05 23:09:06,859] {dag.py:2927} INFO - Setting next_dagrun for example_xcom to 2021-01-01T00:00:00+00:00, run_after=2021-01-01T00:00:00+00:00
[2023-06-05 23:09:07,015] {processor.py:161} INFO - Processing /home/gui/Documentos/airflowalura/venv/lib/python3.9/site-packages/airflow/example_dags/example_xcom.py took 0.319 seconds
[2023-06-05 23:09:45,366] {processor.py:153} INFO - Started process (PID=45227) to work on /home/gui/Documentos/airflowalura/venv/lib/python3.9/site-packages/airflow/example_dags/example_xcom.py
[2023-06-05 23:09:45,367] {processor.py:641} INFO - Processing file /home/gui/Documentos/airflowalura/venv/lib/python3.9/site-packages/airflow/example_dags/example_xcom.py for tasks to queue
[2023-06-05 23:09:45,368] {logging_mixin.py:115} INFO - [2023-06-05 23:09:45,368] {dagbag.py:507} INFO - Filling up the DagBag from /home/gui/Documentos/airflowalura/venv/lib/python3.9/site-packages/airflow/example_dags/example_xcom.py
[2023-06-05 23:09:45,406] {processor.py:651} INFO - DAG(s) dict_keys(['example_xcom']) retrieved from /home/gui/Documentos/airflowalura/venv/lib/python3.9/site-packages/airflow/example_dags/example_xcom.py
[2023-06-05 23:09:45,437] {logging_mixin.py:115} INFO - [2023-06-05 23:09:45,437] {dag.py:2379} INFO - Sync 1 DAGs
[2023-06-05 23:09:45,469] {logging_mixin.py:115} INFO - [2023-06-05 23:09:45,469] {dag.py:2927} INFO - Setting next_dagrun for example_xcom to 2021-01-01T00:00:00+00:00, run_after=2021-01-01T00:00:00+00:00
[2023-06-05 23:09:45,489] {processor.py:161} INFO - Processing /home/gui/Documentos/airflowalura/venv/lib/python3.9/site-packages/airflow/example_dags/example_xcom.py took 0.130 seconds
[2023-06-05 23:10:29,007] {processor.py:153} INFO - Started process (PID=45262) to work on /home/gui/Documentos/airflowalura/venv/lib/python3.9/site-packages/airflow/example_dags/example_xcom.py
[2023-06-05 23:10:29,008] {processor.py:641} INFO - Processing file /home/gui/Documentos/airflowalura/venv/lib/python3.9/site-packages/airflow/example_dags/example_xcom.py for tasks to queue
[2023-06-05 23:10:29,010] {logging_mixin.py:115} INFO - [2023-06-05 23:10:29,010] {dagbag.py:507} INFO - Filling up the DagBag from /home/gui/Documentos/airflowalura/venv/lib/python3.9/site-packages/airflow/example_dags/example_xcom.py
[2023-06-05 23:10:29,067] {processor.py:651} INFO - DAG(s) dict_keys(['example_xcom']) retrieved from /home/gui/Documentos/airflowalura/venv/lib/python3.9/site-packages/airflow/example_dags/example_xcom.py
[2023-06-05 23:10:29,174] {logging_mixin.py:115} INFO - [2023-06-05 23:10:29,174] {dag.py:2379} INFO - Sync 1 DAGs
[2023-06-05 23:10:29,213] {logging_mixin.py:115} INFO - [2023-06-05 23:10:29,212] {dag.py:2927} INFO - Setting next_dagrun for example_xcom to 2021-01-01T00:00:00+00:00, run_after=2021-01-01T00:00:00+00:00
[2023-06-05 23:10:29,269] {processor.py:161} INFO - Processing /home/gui/Documentos/airflowalura/venv/lib/python3.9/site-packages/airflow/example_dags/example_xcom.py took 0.273 seconds
[2023-06-05 23:11:07,423] {processor.py:153} INFO - Started process (PID=45295) to work on /home/gui/Documentos/airflowalura/venv/lib/python3.9/site-packages/airflow/example_dags/example_xcom.py
[2023-06-05 23:11:07,425] {processor.py:641} INFO - Processing file /home/gui/Documentos/airflowalura/venv/lib/python3.9/site-packages/airflow/example_dags/example_xcom.py for tasks to queue
[2023-06-05 23:11:07,426] {logging_mixin.py:115} INFO - [2023-06-05 23:11:07,426] {dagbag.py:507} INFO - Filling up the DagBag from /home/gui/Documentos/airflowalura/venv/lib/python3.9/site-packages/airflow/example_dags/example_xcom.py
[2023-06-05 23:11:07,462] {processor.py:651} INFO - DAG(s) dict_keys(['example_xcom']) retrieved from /home/gui/Documentos/airflowalura/venv/lib/python3.9/site-packages/airflow/example_dags/example_xcom.py
[2023-06-05 23:11:07,494] {logging_mixin.py:115} INFO - [2023-06-05 23:11:07,494] {dag.py:2379} INFO - Sync 1 DAGs
[2023-06-05 23:11:07,526] {logging_mixin.py:115} INFO - [2023-06-05 23:11:07,526] {dag.py:2927} INFO - Setting next_dagrun for example_xcom to 2021-01-01T00:00:00+00:00, run_after=2021-01-01T00:00:00+00:00
[2023-06-05 23:11:07,547] {processor.py:161} INFO - Processing /home/gui/Documentos/airflowalura/venv/lib/python3.9/site-packages/airflow/example_dags/example_xcom.py took 0.132 seconds
[2023-06-05 23:11:44,214] {processor.py:153} INFO - Started process (PID=45332) to work on /home/gui/Documentos/airflowalura/venv/lib/python3.9/site-packages/airflow/example_dags/example_xcom.py
[2023-06-05 23:11:44,215] {processor.py:641} INFO - Processing file /home/gui/Documentos/airflowalura/venv/lib/python3.9/site-packages/airflow/example_dags/example_xcom.py for tasks to queue
[2023-06-05 23:11:44,216] {logging_mixin.py:115} INFO - [2023-06-05 23:11:44,216] {dagbag.py:507} INFO - Filling up the DagBag from /home/gui/Documentos/airflowalura/venv/lib/python3.9/site-packages/airflow/example_dags/example_xcom.py
[2023-06-05 23:11:44,246] {processor.py:651} INFO - DAG(s) dict_keys(['example_xcom']) retrieved from /home/gui/Documentos/airflowalura/venv/lib/python3.9/site-packages/airflow/example_dags/example_xcom.py
[2023-06-05 23:11:44,313] {logging_mixin.py:115} INFO - [2023-06-05 23:11:44,313] {dag.py:2379} INFO - Sync 1 DAGs
[2023-06-05 23:11:44,339] {logging_mixin.py:115} INFO - [2023-06-05 23:11:44,338] {dag.py:2927} INFO - Setting next_dagrun for example_xcom to 2021-01-01T00:00:00+00:00, run_after=2021-01-01T00:00:00+00:00
[2023-06-05 23:11:44,357] {processor.py:161} INFO - Processing /home/gui/Documentos/airflowalura/venv/lib/python3.9/site-packages/airflow/example_dags/example_xcom.py took 0.149 seconds
[2023-06-05 23:12:15,961] {processor.py:153} INFO - Started process (PID=45361) to work on /home/gui/Documentos/airflowalura/venv/lib/python3.9/site-packages/airflow/example_dags/example_xcom.py
[2023-06-05 23:12:15,962] {processor.py:641} INFO - Processing file /home/gui/Documentos/airflowalura/venv/lib/python3.9/site-packages/airflow/example_dags/example_xcom.py for tasks to queue
[2023-06-05 23:12:15,963] {logging_mixin.py:115} INFO - [2023-06-05 23:12:15,963] {dagbag.py:507} INFO - Filling up the DagBag from /home/gui/Documentos/airflowalura/venv/lib/python3.9/site-packages/airflow/example_dags/example_xcom.py
[2023-06-05 23:12:15,997] {processor.py:651} INFO - DAG(s) dict_keys(['example_xcom']) retrieved from /home/gui/Documentos/airflowalura/venv/lib/python3.9/site-packages/airflow/example_dags/example_xcom.py
[2023-06-05 23:12:16,024] {logging_mixin.py:115} INFO - [2023-06-05 23:12:16,023] {dag.py:2379} INFO - Sync 1 DAGs
[2023-06-05 23:12:16,050] {logging_mixin.py:115} INFO - [2023-06-05 23:12:16,050] {dag.py:2927} INFO - Setting next_dagrun for example_xcom to 2021-01-01T00:00:00+00:00, run_after=2021-01-01T00:00:00+00:00
[2023-06-05 23:12:16,068] {processor.py:161} INFO - Processing /home/gui/Documentos/airflowalura/venv/lib/python3.9/site-packages/airflow/example_dags/example_xcom.py took 0.118 seconds
[2023-06-05 23:12:56,097] {processor.py:153} INFO - Started process (PID=45397) to work on /home/gui/Documentos/airflowalura/venv/lib/python3.9/site-packages/airflow/example_dags/example_xcom.py
[2023-06-05 23:12:56,110] {processor.py:641} INFO - Processing file /home/gui/Documentos/airflowalura/venv/lib/python3.9/site-packages/airflow/example_dags/example_xcom.py for tasks to queue
[2023-06-05 23:12:56,111] {logging_mixin.py:115} INFO - [2023-06-05 23:12:56,111] {dagbag.py:507} INFO - Filling up the DagBag from /home/gui/Documentos/airflowalura/venv/lib/python3.9/site-packages/airflow/example_dags/example_xcom.py
[2023-06-05 23:12:56,140] {processor.py:651} INFO - DAG(s) dict_keys(['example_xcom']) retrieved from /home/gui/Documentos/airflowalura/venv/lib/python3.9/site-packages/airflow/example_dags/example_xcom.py
[2023-06-05 23:12:56,206] {logging_mixin.py:115} INFO - [2023-06-05 23:12:56,206] {dag.py:2379} INFO - Sync 1 DAGs
[2023-06-05 23:12:56,231] {logging_mixin.py:115} INFO - [2023-06-05 23:12:56,231] {dag.py:2927} INFO - Setting next_dagrun for example_xcom to 2021-01-01T00:00:00+00:00, run_after=2021-01-01T00:00:00+00:00
[2023-06-05 23:12:56,249] {processor.py:161} INFO - Processing /home/gui/Documentos/airflowalura/venv/lib/python3.9/site-packages/airflow/example_dags/example_xcom.py took 0.158 seconds
[2023-06-05 23:13:31,770] {processor.py:153} INFO - Started process (PID=45426) to work on /home/gui/Documentos/airflowalura/venv/lib/python3.9/site-packages/airflow/example_dags/example_xcom.py
[2023-06-05 23:13:31,771] {processor.py:641} INFO - Processing file /home/gui/Documentos/airflowalura/venv/lib/python3.9/site-packages/airflow/example_dags/example_xcom.py for tasks to queue
[2023-06-05 23:13:31,772] {logging_mixin.py:115} INFO - [2023-06-05 23:13:31,772] {dagbag.py:507} INFO - Filling up the DagBag from /home/gui/Documentos/airflowalura/venv/lib/python3.9/site-packages/airflow/example_dags/example_xcom.py
[2023-06-05 23:13:31,804] {processor.py:651} INFO - DAG(s) dict_keys(['example_xcom']) retrieved from /home/gui/Documentos/airflowalura/venv/lib/python3.9/site-packages/airflow/example_dags/example_xcom.py
[2023-06-05 23:13:31,832] {logging_mixin.py:115} INFO - [2023-06-05 23:13:31,832] {dag.py:2379} INFO - Sync 1 DAGs
[2023-06-05 23:13:31,859] {logging_mixin.py:115} INFO - [2023-06-05 23:13:31,859] {dag.py:2927} INFO - Setting next_dagrun for example_xcom to 2021-01-01T00:00:00+00:00, run_after=2021-01-01T00:00:00+00:00
[2023-06-05 23:13:31,906] {processor.py:161} INFO - Processing /home/gui/Documentos/airflowalura/venv/lib/python3.9/site-packages/airflow/example_dags/example_xcom.py took 0.142 seconds
[2023-06-05 23:14:09,038] {processor.py:153} INFO - Started process (PID=45461) to work on /home/gui/Documentos/airflowalura/venv/lib/python3.9/site-packages/airflow/example_dags/example_xcom.py
[2023-06-05 23:14:09,039] {processor.py:641} INFO - Processing file /home/gui/Documentos/airflowalura/venv/lib/python3.9/site-packages/airflow/example_dags/example_xcom.py for tasks to queue
[2023-06-05 23:14:09,040] {logging_mixin.py:115} INFO - [2023-06-05 23:14:09,040] {dagbag.py:507} INFO - Filling up the DagBag from /home/gui/Documentos/airflowalura/venv/lib/python3.9/site-packages/airflow/example_dags/example_xcom.py
[2023-06-05 23:14:09,077] {processor.py:651} INFO - DAG(s) dict_keys(['example_xcom']) retrieved from /home/gui/Documentos/airflowalura/venv/lib/python3.9/site-packages/airflow/example_dags/example_xcom.py
[2023-06-05 23:14:09,150] {logging_mixin.py:115} INFO - [2023-06-05 23:14:09,150] {dag.py:2379} INFO - Sync 1 DAGs
[2023-06-05 23:14:09,177] {logging_mixin.py:115} INFO - [2023-06-05 23:14:09,177] {dag.py:2927} INFO - Setting next_dagrun for example_xcom to 2021-01-01T00:00:00+00:00, run_after=2021-01-01T00:00:00+00:00
[2023-06-05 23:14:09,195] {processor.py:161} INFO - Processing /home/gui/Documentos/airflowalura/venv/lib/python3.9/site-packages/airflow/example_dags/example_xcom.py took 0.164 seconds
[2023-06-05 23:14:43,881] {processor.py:153} INFO - Started process (PID=45492) to work on /home/gui/Documentos/airflowalura/venv/lib/python3.9/site-packages/airflow/example_dags/example_xcom.py
[2023-06-05 23:14:43,882] {processor.py:641} INFO - Processing file /home/gui/Documentos/airflowalura/venv/lib/python3.9/site-packages/airflow/example_dags/example_xcom.py for tasks to queue
[2023-06-05 23:14:43,883] {logging_mixin.py:115} INFO - [2023-06-05 23:14:43,883] {dagbag.py:507} INFO - Filling up the DagBag from /home/gui/Documentos/airflowalura/venv/lib/python3.9/site-packages/airflow/example_dags/example_xcom.py
[2023-06-05 23:14:43,910] {processor.py:651} INFO - DAG(s) dict_keys(['example_xcom']) retrieved from /home/gui/Documentos/airflowalura/venv/lib/python3.9/site-packages/airflow/example_dags/example_xcom.py
[2023-06-05 23:14:43,978] {logging_mixin.py:115} INFO - [2023-06-05 23:14:43,978] {dag.py:2379} INFO - Sync 1 DAGs
[2023-06-05 23:14:44,004] {logging_mixin.py:115} INFO - [2023-06-05 23:14:44,004] {dag.py:2927} INFO - Setting next_dagrun for example_xcom to 2021-01-01T00:00:00+00:00, run_after=2021-01-01T00:00:00+00:00
[2023-06-05 23:14:44,220] {processor.py:161} INFO - Processing /home/gui/Documentos/airflowalura/venv/lib/python3.9/site-packages/airflow/example_dags/example_xcom.py took 0.345 seconds
[2023-06-05 23:15:22,824] {processor.py:153} INFO - Started process (PID=45526) to work on /home/gui/Documentos/airflowalura/venv/lib/python3.9/site-packages/airflow/example_dags/example_xcom.py
[2023-06-05 23:15:22,825] {processor.py:641} INFO - Processing file /home/gui/Documentos/airflowalura/venv/lib/python3.9/site-packages/airflow/example_dags/example_xcom.py for tasks to queue
[2023-06-05 23:15:22,826] {logging_mixin.py:115} INFO - [2023-06-05 23:15:22,826] {dagbag.py:507} INFO - Filling up the DagBag from /home/gui/Documentos/airflowalura/venv/lib/python3.9/site-packages/airflow/example_dags/example_xcom.py
[2023-06-05 23:15:22,865] {processor.py:651} INFO - DAG(s) dict_keys(['example_xcom']) retrieved from /home/gui/Documentos/airflowalura/venv/lib/python3.9/site-packages/airflow/example_dags/example_xcom.py
[2023-06-05 23:15:22,951] {logging_mixin.py:115} INFO - [2023-06-05 23:15:22,951] {dag.py:2379} INFO - Sync 1 DAGs
[2023-06-05 23:15:22,985] {logging_mixin.py:115} INFO - [2023-06-05 23:15:22,984] {dag.py:2927} INFO - Setting next_dagrun for example_xcom to 2021-01-01T00:00:00+00:00, run_after=2021-01-01T00:00:00+00:00
[2023-06-05 23:15:23,009] {processor.py:161} INFO - Processing /home/gui/Documentos/airflowalura/venv/lib/python3.9/site-packages/airflow/example_dags/example_xcom.py took 0.191 seconds
[2023-06-05 23:16:00,721] {processor.py:153} INFO - Started process (PID=45582) to work on /home/gui/Documentos/airflowalura/venv/lib/python3.9/site-packages/airflow/example_dags/example_xcom.py
[2023-06-05 23:16:00,722] {processor.py:641} INFO - Processing file /home/gui/Documentos/airflowalura/venv/lib/python3.9/site-packages/airflow/example_dags/example_xcom.py for tasks to queue
[2023-06-05 23:16:00,723] {logging_mixin.py:115} INFO - [2023-06-05 23:16:00,723] {dagbag.py:507} INFO - Filling up the DagBag from /home/gui/Documentos/airflowalura/venv/lib/python3.9/site-packages/airflow/example_dags/example_xcom.py
[2023-06-05 23:16:00,761] {processor.py:651} INFO - DAG(s) dict_keys(['example_xcom']) retrieved from /home/gui/Documentos/airflowalura/venv/lib/python3.9/site-packages/airflow/example_dags/example_xcom.py
[2023-06-05 23:16:00,791] {logging_mixin.py:115} INFO - [2023-06-05 23:16:00,791] {dag.py:2379} INFO - Sync 1 DAGs
[2023-06-05 23:16:00,827] {logging_mixin.py:115} INFO - [2023-06-05 23:16:00,827] {dag.py:2927} INFO - Setting next_dagrun for example_xcom to 2021-01-01T00:00:00+00:00, run_after=2021-01-01T00:00:00+00:00
[2023-06-05 23:16:00,889] {processor.py:161} INFO - Processing /home/gui/Documentos/airflowalura/venv/lib/python3.9/site-packages/airflow/example_dags/example_xcom.py took 0.175 seconds
[2023-06-05 23:16:34,992] {processor.py:153} INFO - Started process (PID=45613) to work on /home/gui/Documentos/airflowalura/venv/lib/python3.9/site-packages/airflow/example_dags/example_xcom.py
[2023-06-05 23:16:34,993] {processor.py:641} INFO - Processing file /home/gui/Documentos/airflowalura/venv/lib/python3.9/site-packages/airflow/example_dags/example_xcom.py for tasks to queue
[2023-06-05 23:16:34,994] {logging_mixin.py:115} INFO - [2023-06-05 23:16:34,994] {dagbag.py:507} INFO - Filling up the DagBag from /home/gui/Documentos/airflowalura/venv/lib/python3.9/site-packages/airflow/example_dags/example_xcom.py
[2023-06-05 23:16:35,031] {processor.py:651} INFO - DAG(s) dict_keys(['example_xcom']) retrieved from /home/gui/Documentos/airflowalura/venv/lib/python3.9/site-packages/airflow/example_dags/example_xcom.py
[2023-06-05 23:16:35,065] {logging_mixin.py:115} INFO - [2023-06-05 23:16:35,065] {dag.py:2379} INFO - Sync 1 DAGs
[2023-06-05 23:16:35,098] {logging_mixin.py:115} INFO - [2023-06-05 23:16:35,097] {dag.py:2927} INFO - Setting next_dagrun for example_xcom to 2021-01-01T00:00:00+00:00, run_after=2021-01-01T00:00:00+00:00
[2023-06-05 23:16:35,137] {processor.py:161} INFO - Processing /home/gui/Documentos/airflowalura/venv/lib/python3.9/site-packages/airflow/example_dags/example_xcom.py took 0.153 seconds
[2023-06-05 23:17:15,647] {processor.py:153} INFO - Started process (PID=45652) to work on /home/gui/Documentos/airflowalura/venv/lib/python3.9/site-packages/airflow/example_dags/example_xcom.py
[2023-06-05 23:17:15,648] {processor.py:641} INFO - Processing file /home/gui/Documentos/airflowalura/venv/lib/python3.9/site-packages/airflow/example_dags/example_xcom.py for tasks to queue
[2023-06-05 23:17:15,649] {logging_mixin.py:115} INFO - [2023-06-05 23:17:15,649] {dagbag.py:507} INFO - Filling up the DagBag from /home/gui/Documentos/airflowalura/venv/lib/python3.9/site-packages/airflow/example_dags/example_xcom.py
[2023-06-05 23:17:15,690] {processor.py:651} INFO - DAG(s) dict_keys(['example_xcom']) retrieved from /home/gui/Documentos/airflowalura/venv/lib/python3.9/site-packages/airflow/example_dags/example_xcom.py
[2023-06-05 23:17:15,724] {logging_mixin.py:115} INFO - [2023-06-05 23:17:15,724] {dag.py:2379} INFO - Sync 1 DAGs
[2023-06-05 23:17:15,762] {logging_mixin.py:115} INFO - [2023-06-05 23:17:15,761] {dag.py:2927} INFO - Setting next_dagrun for example_xcom to 2021-01-01T00:00:00+00:00, run_after=2021-01-01T00:00:00+00:00
[2023-06-05 23:17:16,157] {processor.py:161} INFO - Processing /home/gui/Documentos/airflowalura/venv/lib/python3.9/site-packages/airflow/example_dags/example_xcom.py took 0.519 seconds
[2023-06-05 23:17:59,692] {processor.py:153} INFO - Started process (PID=45689) to work on /home/gui/Documentos/airflowalura/venv/lib/python3.9/site-packages/airflow/example_dags/example_xcom.py
[2023-06-05 23:17:59,693] {processor.py:641} INFO - Processing file /home/gui/Documentos/airflowalura/venv/lib/python3.9/site-packages/airflow/example_dags/example_xcom.py for tasks to queue
[2023-06-05 23:17:59,694] {logging_mixin.py:115} INFO - [2023-06-05 23:17:59,694] {dagbag.py:507} INFO - Filling up the DagBag from /home/gui/Documentos/airflowalura/venv/lib/python3.9/site-packages/airflow/example_dags/example_xcom.py
[2023-06-05 23:17:59,728] {processor.py:651} INFO - DAG(s) dict_keys(['example_xcom']) retrieved from /home/gui/Documentos/airflowalura/venv/lib/python3.9/site-packages/airflow/example_dags/example_xcom.py
[2023-06-05 23:17:59,765] {logging_mixin.py:115} INFO - [2023-06-05 23:17:59,765] {dag.py:2379} INFO - Sync 1 DAGs
[2023-06-05 23:17:59,836] {logging_mixin.py:115} INFO - [2023-06-05 23:17:59,836] {dag.py:2927} INFO - Setting next_dagrun for example_xcom to 2021-01-01T00:00:00+00:00, run_after=2021-01-01T00:00:00+00:00
[2023-06-05 23:18:00,035] {processor.py:161} INFO - Processing /home/gui/Documentos/airflowalura/venv/lib/python3.9/site-packages/airflow/example_dags/example_xcom.py took 0.353 seconds
[2023-06-05 23:18:39,614] {processor.py:153} INFO - Started process (PID=45725) to work on /home/gui/Documentos/airflowalura/venv/lib/python3.9/site-packages/airflow/example_dags/example_xcom.py
[2023-06-05 23:18:39,615] {processor.py:641} INFO - Processing file /home/gui/Documentos/airflowalura/venv/lib/python3.9/site-packages/airflow/example_dags/example_xcom.py for tasks to queue
[2023-06-05 23:18:39,616] {logging_mixin.py:115} INFO - [2023-06-05 23:18:39,616] {dagbag.py:507} INFO - Filling up the DagBag from /home/gui/Documentos/airflowalura/venv/lib/python3.9/site-packages/airflow/example_dags/example_xcom.py
[2023-06-05 23:18:39,654] {processor.py:651} INFO - DAG(s) dict_keys(['example_xcom']) retrieved from /home/gui/Documentos/airflowalura/venv/lib/python3.9/site-packages/airflow/example_dags/example_xcom.py
[2023-06-05 23:18:39,689] {logging_mixin.py:115} INFO - [2023-06-05 23:18:39,689] {dag.py:2379} INFO - Sync 1 DAGs
[2023-06-05 23:18:39,727] {logging_mixin.py:115} INFO - [2023-06-05 23:18:39,727] {dag.py:2927} INFO - Setting next_dagrun for example_xcom to 2021-01-01T00:00:00+00:00, run_after=2021-01-01T00:00:00+00:00
[2023-06-05 23:18:39,749] {processor.py:161} INFO - Processing /home/gui/Documentos/airflowalura/venv/lib/python3.9/site-packages/airflow/example_dags/example_xcom.py took 0.143 seconds
[2023-06-05 23:19:13,693] {processor.py:153} INFO - Started process (PID=45754) to work on /home/gui/Documentos/airflowalura/venv/lib/python3.9/site-packages/airflow/example_dags/example_xcom.py
[2023-06-05 23:19:13,696] {processor.py:641} INFO - Processing file /home/gui/Documentos/airflowalura/venv/lib/python3.9/site-packages/airflow/example_dags/example_xcom.py for tasks to queue
[2023-06-05 23:19:13,697] {logging_mixin.py:115} INFO - [2023-06-05 23:19:13,697] {dagbag.py:507} INFO - Filling up the DagBag from /home/gui/Documentos/airflowalura/venv/lib/python3.9/site-packages/airflow/example_dags/example_xcom.py
[2023-06-05 23:19:13,737] {processor.py:651} INFO - DAG(s) dict_keys(['example_xcom']) retrieved from /home/gui/Documentos/airflowalura/venv/lib/python3.9/site-packages/airflow/example_dags/example_xcom.py
[2023-06-05 23:19:13,773] {logging_mixin.py:115} INFO - [2023-06-05 23:19:13,773] {dag.py:2379} INFO - Sync 1 DAGs
[2023-06-05 23:19:13,812] {logging_mixin.py:115} INFO - [2023-06-05 23:19:13,811] {dag.py:2927} INFO - Setting next_dagrun for example_xcom to 2021-01-01T00:00:00+00:00, run_after=2021-01-01T00:00:00+00:00
[2023-06-05 23:19:14,108] {processor.py:161} INFO - Processing /home/gui/Documentos/airflowalura/venv/lib/python3.9/site-packages/airflow/example_dags/example_xcom.py took 0.424 seconds
[2023-06-05 23:19:51,017] {processor.py:153} INFO - Started process (PID=45788) to work on /home/gui/Documentos/airflowalura/venv/lib/python3.9/site-packages/airflow/example_dags/example_xcom.py
[2023-06-05 23:19:51,020] {processor.py:641} INFO - Processing file /home/gui/Documentos/airflowalura/venv/lib/python3.9/site-packages/airflow/example_dags/example_xcom.py for tasks to queue
[2023-06-05 23:19:51,021] {logging_mixin.py:115} INFO - [2023-06-05 23:19:51,021] {dagbag.py:507} INFO - Filling up the DagBag from /home/gui/Documentos/airflowalura/venv/lib/python3.9/site-packages/airflow/example_dags/example_xcom.py
[2023-06-05 23:19:51,073] {processor.py:651} INFO - DAG(s) dict_keys(['example_xcom']) retrieved from /home/gui/Documentos/airflowalura/venv/lib/python3.9/site-packages/airflow/example_dags/example_xcom.py
[2023-06-05 23:19:51,127] {logging_mixin.py:115} INFO - [2023-06-05 23:19:51,126] {dag.py:2379} INFO - Sync 1 DAGs
[2023-06-05 23:19:51,173] {logging_mixin.py:115} INFO - [2023-06-05 23:19:51,173] {dag.py:2927} INFO - Setting next_dagrun for example_xcom to 2021-01-01T00:00:00+00:00, run_after=2021-01-01T00:00:00+00:00
[2023-06-05 23:19:51,247] {processor.py:161} INFO - Processing /home/gui/Documentos/airflowalura/venv/lib/python3.9/site-packages/airflow/example_dags/example_xcom.py took 0.240 seconds
[2023-06-05 23:20:21,934] {processor.py:153} INFO - Started process (PID=45827) to work on /home/gui/Documentos/airflowalura/venv/lib/python3.9/site-packages/airflow/example_dags/example_xcom.py
[2023-06-05 23:20:21,936] {processor.py:641} INFO - Processing file /home/gui/Documentos/airflowalura/venv/lib/python3.9/site-packages/airflow/example_dags/example_xcom.py for tasks to queue
[2023-06-05 23:20:21,937] {logging_mixin.py:115} INFO - [2023-06-05 23:20:21,937] {dagbag.py:507} INFO - Filling up the DagBag from /home/gui/Documentos/airflowalura/venv/lib/python3.9/site-packages/airflow/example_dags/example_xcom.py
[2023-06-05 23:20:22,005] {processor.py:651} INFO - DAG(s) dict_keys(['example_xcom']) retrieved from /home/gui/Documentos/airflowalura/venv/lib/python3.9/site-packages/airflow/example_dags/example_xcom.py
[2023-06-05 23:20:22,145] {logging_mixin.py:115} INFO - [2023-06-05 23:20:22,145] {dag.py:2379} INFO - Sync 1 DAGs
[2023-06-05 23:20:22,180] {logging_mixin.py:115} INFO - [2023-06-05 23:20:22,180] {dag.py:2927} INFO - Setting next_dagrun for example_xcom to 2021-01-01T00:00:00+00:00, run_after=2021-01-01T00:00:00+00:00
[2023-06-05 23:20:22,222] {processor.py:161} INFO - Processing /home/gui/Documentos/airflowalura/venv/lib/python3.9/site-packages/airflow/example_dags/example_xcom.py took 0.298 seconds
[2023-06-05 23:20:56,878] {processor.py:153} INFO - Started process (PID=45866) to work on /home/gui/Documentos/airflowalura/venv/lib/python3.9/site-packages/airflow/example_dags/example_xcom.py
[2023-06-05 23:20:56,879] {processor.py:641} INFO - Processing file /home/gui/Documentos/airflowalura/venv/lib/python3.9/site-packages/airflow/example_dags/example_xcom.py for tasks to queue
[2023-06-05 23:20:56,881] {logging_mixin.py:115} INFO - [2023-06-05 23:20:56,880] {dagbag.py:507} INFO - Filling up the DagBag from /home/gui/Documentos/airflowalura/venv/lib/python3.9/site-packages/airflow/example_dags/example_xcom.py
[2023-06-05 23:20:56,914] {processor.py:651} INFO - DAG(s) dict_keys(['example_xcom']) retrieved from /home/gui/Documentos/airflowalura/venv/lib/python3.9/site-packages/airflow/example_dags/example_xcom.py
[2023-06-05 23:20:56,991] {logging_mixin.py:115} INFO - [2023-06-05 23:20:56,991] {dag.py:2379} INFO - Sync 1 DAGs
[2023-06-05 23:20:57,019] {logging_mixin.py:115} INFO - [2023-06-05 23:20:57,019] {dag.py:2927} INFO - Setting next_dagrun for example_xcom to 2021-01-01T00:00:00+00:00, run_after=2021-01-01T00:00:00+00:00
[2023-06-05 23:20:57,325] {processor.py:161} INFO - Processing /home/gui/Documentos/airflowalura/venv/lib/python3.9/site-packages/airflow/example_dags/example_xcom.py took 0.453 seconds
[2023-06-05 23:21:31,138] {processor.py:153} INFO - Started process (PID=45908) to work on /home/gui/Documentos/airflowalura/venv/lib/python3.9/site-packages/airflow/example_dags/example_xcom.py
[2023-06-05 23:21:31,139] {processor.py:641} INFO - Processing file /home/gui/Documentos/airflowalura/venv/lib/python3.9/site-packages/airflow/example_dags/example_xcom.py for tasks to queue
[2023-06-05 23:21:31,140] {logging_mixin.py:115} INFO - [2023-06-05 23:21:31,140] {dagbag.py:507} INFO - Filling up the DagBag from /home/gui/Documentos/airflowalura/venv/lib/python3.9/site-packages/airflow/example_dags/example_xcom.py
[2023-06-05 23:21:31,181] {processor.py:651} INFO - DAG(s) dict_keys(['example_xcom']) retrieved from /home/gui/Documentos/airflowalura/venv/lib/python3.9/site-packages/airflow/example_dags/example_xcom.py
[2023-06-05 23:21:31,216] {logging_mixin.py:115} INFO - [2023-06-05 23:21:31,216] {dag.py:2379} INFO - Sync 1 DAGs
[2023-06-05 23:21:31,250] {logging_mixin.py:115} INFO - [2023-06-05 23:21:31,250] {dag.py:2927} INFO - Setting next_dagrun for example_xcom to 2021-01-01T00:00:00+00:00, run_after=2021-01-01T00:00:00+00:00
[2023-06-05 23:21:31,272] {processor.py:161} INFO - Processing /home/gui/Documentos/airflowalura/venv/lib/python3.9/site-packages/airflow/example_dags/example_xcom.py took 0.141 seconds
[2023-06-05 23:22:09,901] {processor.py:153} INFO - Started process (PID=45951) to work on /home/gui/Documentos/airflowalura/venv/lib/python3.9/site-packages/airflow/example_dags/example_xcom.py
[2023-06-05 23:22:09,902] {processor.py:641} INFO - Processing file /home/gui/Documentos/airflowalura/venv/lib/python3.9/site-packages/airflow/example_dags/example_xcom.py for tasks to queue
[2023-06-05 23:22:09,903] {logging_mixin.py:115} INFO - [2023-06-05 23:22:09,902] {dagbag.py:507} INFO - Filling up the DagBag from /home/gui/Documentos/airflowalura/venv/lib/python3.9/site-packages/airflow/example_dags/example_xcom.py
[2023-06-05 23:22:09,936] {processor.py:651} INFO - DAG(s) dict_keys(['example_xcom']) retrieved from /home/gui/Documentos/airflowalura/venv/lib/python3.9/site-packages/airflow/example_dags/example_xcom.py
[2023-06-05 23:22:09,968] {logging_mixin.py:115} INFO - [2023-06-05 23:22:09,968] {dag.py:2379} INFO - Sync 1 DAGs
[2023-06-05 23:22:09,997] {logging_mixin.py:115} INFO - [2023-06-05 23:22:09,997] {dag.py:2927} INFO - Setting next_dagrun for example_xcom to 2021-01-01T00:00:00+00:00, run_after=2021-01-01T00:00:00+00:00
[2023-06-05 23:22:10,029] {processor.py:161} INFO - Processing /home/gui/Documentos/airflowalura/venv/lib/python3.9/site-packages/airflow/example_dags/example_xcom.py took 0.135 seconds
[2023-06-05 23:22:44,231] {processor.py:153} INFO - Started process (PID=45988) to work on /home/gui/Documentos/airflowalura/venv/lib/python3.9/site-packages/airflow/example_dags/example_xcom.py
[2023-06-05 23:22:44,232] {processor.py:641} INFO - Processing file /home/gui/Documentos/airflowalura/venv/lib/python3.9/site-packages/airflow/example_dags/example_xcom.py for tasks to queue
[2023-06-05 23:22:44,233] {logging_mixin.py:115} INFO - [2023-06-05 23:22:44,233] {dagbag.py:507} INFO - Filling up the DagBag from /home/gui/Documentos/airflowalura/venv/lib/python3.9/site-packages/airflow/example_dags/example_xcom.py
[2023-06-05 23:22:44,266] {processor.py:651} INFO - DAG(s) dict_keys(['example_xcom']) retrieved from /home/gui/Documentos/airflowalura/venv/lib/python3.9/site-packages/airflow/example_dags/example_xcom.py
[2023-06-05 23:22:44,296] {logging_mixin.py:115} INFO - [2023-06-05 23:22:44,296] {dag.py:2379} INFO - Sync 1 DAGs
[2023-06-05 23:22:44,326] {logging_mixin.py:115} INFO - [2023-06-05 23:22:44,326] {dag.py:2927} INFO - Setting next_dagrun for example_xcom to 2021-01-01T00:00:00+00:00, run_after=2021-01-01T00:00:00+00:00
[2023-06-05 23:22:44,367] {processor.py:161} INFO - Processing /home/gui/Documentos/airflowalura/venv/lib/python3.9/site-packages/airflow/example_dags/example_xcom.py took 0.142 seconds
[2023-06-05 23:23:24,023] {processor.py:153} INFO - Started process (PID=46033) to work on /home/gui/Documentos/airflowalura/venv/lib/python3.9/site-packages/airflow/example_dags/example_xcom.py
[2023-06-05 23:23:24,024] {processor.py:641} INFO - Processing file /home/gui/Documentos/airflowalura/venv/lib/python3.9/site-packages/airflow/example_dags/example_xcom.py for tasks to queue
[2023-06-05 23:23:24,025] {logging_mixin.py:115} INFO - [2023-06-05 23:23:24,025] {dagbag.py:507} INFO - Filling up the DagBag from /home/gui/Documentos/airflowalura/venv/lib/python3.9/site-packages/airflow/example_dags/example_xcom.py
[2023-06-05 23:23:24,064] {processor.py:651} INFO - DAG(s) dict_keys(['example_xcom']) retrieved from /home/gui/Documentos/airflowalura/venv/lib/python3.9/site-packages/airflow/example_dags/example_xcom.py
[2023-06-05 23:23:24,102] {logging_mixin.py:115} INFO - [2023-06-05 23:23:24,102] {dag.py:2379} INFO - Sync 1 DAGs
[2023-06-05 23:23:24,137] {logging_mixin.py:115} INFO - [2023-06-05 23:23:24,137] {dag.py:2927} INFO - Setting next_dagrun for example_xcom to 2021-01-01T00:00:00+00:00, run_after=2021-01-01T00:00:00+00:00
[2023-06-05 23:23:24,971] {processor.py:161} INFO - Processing /home/gui/Documentos/airflowalura/venv/lib/python3.9/site-packages/airflow/example_dags/example_xcom.py took 0.955 seconds
[2023-06-05 23:24:01,729] {processor.py:153} INFO - Started process (PID=46077) to work on /home/gui/Documentos/airflowalura/venv/lib/python3.9/site-packages/airflow/example_dags/example_xcom.py
[2023-06-05 23:24:01,731] {processor.py:641} INFO - Processing file /home/gui/Documentos/airflowalura/venv/lib/python3.9/site-packages/airflow/example_dags/example_xcom.py for tasks to queue
[2023-06-05 23:24:01,732] {logging_mixin.py:115} INFO - [2023-06-05 23:24:01,732] {dagbag.py:507} INFO - Filling up the DagBag from /home/gui/Documentos/airflowalura/venv/lib/python3.9/site-packages/airflow/example_dags/example_xcom.py
[2023-06-05 23:24:01,760] {processor.py:651} INFO - DAG(s) dict_keys(['example_xcom']) retrieved from /home/gui/Documentos/airflowalura/venv/lib/python3.9/site-packages/airflow/example_dags/example_xcom.py
[2023-06-05 23:24:01,787] {logging_mixin.py:115} INFO - [2023-06-05 23:24:01,787] {dag.py:2379} INFO - Sync 1 DAGs
[2023-06-05 23:24:01,815] {logging_mixin.py:115} INFO - [2023-06-05 23:24:01,814] {dag.py:2927} INFO - Setting next_dagrun for example_xcom to 2021-01-01T00:00:00+00:00, run_after=2021-01-01T00:00:00+00:00
[2023-06-05 23:24:01,862] {processor.py:161} INFO - Processing /home/gui/Documentos/airflowalura/venv/lib/python3.9/site-packages/airflow/example_dags/example_xcom.py took 0.140 seconds
[2023-06-05 23:24:44,604] {processor.py:153} INFO - Started process (PID=46121) to work on /home/gui/Documentos/airflowalura/venv/lib/python3.9/site-packages/airflow/example_dags/example_xcom.py
[2023-06-05 23:24:44,605] {processor.py:641} INFO - Processing file /home/gui/Documentos/airflowalura/venv/lib/python3.9/site-packages/airflow/example_dags/example_xcom.py for tasks to queue
[2023-06-05 23:24:44,606] {logging_mixin.py:115} INFO - [2023-06-05 23:24:44,606] {dagbag.py:507} INFO - Filling up the DagBag from /home/gui/Documentos/airflowalura/venv/lib/python3.9/site-packages/airflow/example_dags/example_xcom.py
[2023-06-05 23:24:44,647] {processor.py:651} INFO - DAG(s) dict_keys(['example_xcom']) retrieved from /home/gui/Documentos/airflowalura/venv/lib/python3.9/site-packages/airflow/example_dags/example_xcom.py
[2023-06-05 23:24:44,737] {logging_mixin.py:115} INFO - [2023-06-05 23:24:44,737] {dag.py:2379} INFO - Sync 1 DAGs
[2023-06-05 23:24:44,769] {logging_mixin.py:115} INFO - [2023-06-05 23:24:44,769] {dag.py:2927} INFO - Setting next_dagrun for example_xcom to 2021-01-01T00:00:00+00:00, run_after=2021-01-01T00:00:00+00:00
[2023-06-05 23:24:44,821] {processor.py:161} INFO - Processing /home/gui/Documentos/airflowalura/venv/lib/python3.9/site-packages/airflow/example_dags/example_xcom.py took 0.223 seconds
[2023-06-05 23:25:24,162] {processor.py:153} INFO - Started process (PID=46162) to work on /home/gui/Documentos/airflowalura/venv/lib/python3.9/site-packages/airflow/example_dags/example_xcom.py
[2023-06-05 23:25:24,163] {processor.py:641} INFO - Processing file /home/gui/Documentos/airflowalura/venv/lib/python3.9/site-packages/airflow/example_dags/example_xcom.py for tasks to queue
[2023-06-05 23:25:24,164] {logging_mixin.py:115} INFO - [2023-06-05 23:25:24,164] {dagbag.py:507} INFO - Filling up the DagBag from /home/gui/Documentos/airflowalura/venv/lib/python3.9/site-packages/airflow/example_dags/example_xcom.py
[2023-06-05 23:25:24,205] {processor.py:651} INFO - DAG(s) dict_keys(['example_xcom']) retrieved from /home/gui/Documentos/airflowalura/venv/lib/python3.9/site-packages/airflow/example_dags/example_xcom.py
[2023-06-05 23:25:24,299] {logging_mixin.py:115} INFO - [2023-06-05 23:25:24,298] {dag.py:2379} INFO - Sync 1 DAGs
[2023-06-05 23:25:24,325] {logging_mixin.py:115} INFO - [2023-06-05 23:25:24,325] {dag.py:2927} INFO - Setting next_dagrun for example_xcom to 2021-01-01T00:00:00+00:00, run_after=2021-01-01T00:00:00+00:00
[2023-06-05 23:25:24,349] {processor.py:161} INFO - Processing /home/gui/Documentos/airflowalura/venv/lib/python3.9/site-packages/airflow/example_dags/example_xcom.py took 0.196 seconds
[2023-06-05 23:26:01,501] {processor.py:153} INFO - Started process (PID=46227) to work on /home/gui/Documentos/airflowalura/venv/lib/python3.9/site-packages/airflow/example_dags/example_xcom.py
[2023-06-05 23:26:01,503] {processor.py:641} INFO - Processing file /home/gui/Documentos/airflowalura/venv/lib/python3.9/site-packages/airflow/example_dags/example_xcom.py for tasks to queue
[2023-06-05 23:26:01,504] {logging_mixin.py:115} INFO - [2023-06-05 23:26:01,504] {dagbag.py:507} INFO - Filling up the DagBag from /home/gui/Documentos/airflowalura/venv/lib/python3.9/site-packages/airflow/example_dags/example_xcom.py
[2023-06-05 23:26:01,539] {processor.py:651} INFO - DAG(s) dict_keys(['example_xcom']) retrieved from /home/gui/Documentos/airflowalura/venv/lib/python3.9/site-packages/airflow/example_dags/example_xcom.py
[2023-06-05 23:26:01,576] {logging_mixin.py:115} INFO - [2023-06-05 23:26:01,571] {dag.py:2379} INFO - Sync 1 DAGs
[2023-06-05 23:26:01,618] {logging_mixin.py:115} INFO - [2023-06-05 23:26:01,618] {dag.py:2927} INFO - Setting next_dagrun for example_xcom to 2021-01-01T00:00:00+00:00, run_after=2021-01-01T00:00:00+00:00
[2023-06-05 23:26:01,640] {processor.py:161} INFO - Processing /home/gui/Documentos/airflowalura/venv/lib/python3.9/site-packages/airflow/example_dags/example_xcom.py took 0.145 seconds
[2023-06-05 23:30:51,955] {processor.py:153} INFO - Started process (PID=46699) to work on /home/gui/Documentos/airflowalura/venv/lib/python3.9/site-packages/airflow/example_dags/example_xcom.py
[2023-06-05 23:30:51,985] {processor.py:641} INFO - Processing file /home/gui/Documentos/airflowalura/venv/lib/python3.9/site-packages/airflow/example_dags/example_xcom.py for tasks to queue
[2023-06-05 23:30:51,986] {logging_mixin.py:115} INFO - [2023-06-05 23:30:51,986] {dagbag.py:507} INFO - Filling up the DagBag from /home/gui/Documentos/airflowalura/venv/lib/python3.9/site-packages/airflow/example_dags/example_xcom.py
[2023-06-05 23:30:52,033] {processor.py:651} INFO - DAG(s) dict_keys(['example_xcom']) retrieved from /home/gui/Documentos/airflowalura/venv/lib/python3.9/site-packages/airflow/example_dags/example_xcom.py
[2023-06-05 23:30:52,113] {logging_mixin.py:115} INFO - [2023-06-05 23:30:52,113] {dag.py:2379} INFO - Sync 1 DAGs
[2023-06-05 23:30:52,145] {logging_mixin.py:115} INFO - [2023-06-05 23:30:52,145] {dag.py:2927} INFO - Setting next_dagrun for example_xcom to 2021-01-01T00:00:00+00:00, run_after=2021-01-01T00:00:00+00:00
[2023-06-05 23:30:52,176] {processor.py:161} INFO - Processing /home/gui/Documentos/airflowalura/venv/lib/python3.9/site-packages/airflow/example_dags/example_xcom.py took 0.232 seconds
[2023-06-05 23:31:49,612] {processor.py:153} INFO - Started process (PID=46948) to work on /home/gui/Documentos/airflowalura/venv/lib/python3.9/site-packages/airflow/example_dags/example_xcom.py
[2023-06-05 23:31:49,640] {processor.py:641} INFO - Processing file /home/gui/Documentos/airflowalura/venv/lib/python3.9/site-packages/airflow/example_dags/example_xcom.py for tasks to queue
[2023-06-05 23:31:49,641] {logging_mixin.py:115} INFO - [2023-06-05 23:31:49,640] {dagbag.py:507} INFO - Filling up the DagBag from /home/gui/Documentos/airflowalura/venv/lib/python3.9/site-packages/airflow/example_dags/example_xcom.py
[2023-06-05 23:31:49,759] {processor.py:651} INFO - DAG(s) dict_keys(['example_xcom']) retrieved from /home/gui/Documentos/airflowalura/venv/lib/python3.9/site-packages/airflow/example_dags/example_xcom.py
[2023-06-05 23:31:49,912] {logging_mixin.py:115} INFO - [2023-06-05 23:31:49,912] {dag.py:2379} INFO - Sync 1 DAGs
[2023-06-05 23:31:49,963] {logging_mixin.py:115} INFO - [2023-06-05 23:31:49,963] {dag.py:2927} INFO - Setting next_dagrun for example_xcom to 2021-01-01T00:00:00+00:00, run_after=2021-01-01T00:00:00+00:00
[2023-06-05 23:31:50,024] {processor.py:161} INFO - Processing /home/gui/Documentos/airflowalura/venv/lib/python3.9/site-packages/airflow/example_dags/example_xcom.py took 0.434 seconds
[2023-06-05 23:32:35,803] {processor.py:153} INFO - Started process (PID=47570) to work on /home/gui/Documentos/airflowalura/venv/lib/python3.9/site-packages/airflow/example_dags/example_xcom.py
[2023-06-05 23:32:35,855] {processor.py:641} INFO - Processing file /home/gui/Documentos/airflowalura/venv/lib/python3.9/site-packages/airflow/example_dags/example_xcom.py for tasks to queue
[2023-06-05 23:32:35,856] {logging_mixin.py:115} INFO - [2023-06-05 23:32:35,856] {dagbag.py:507} INFO - Filling up the DagBag from /home/gui/Documentos/airflowalura/venv/lib/python3.9/site-packages/airflow/example_dags/example_xcom.py
[2023-06-05 23:32:35,908] {processor.py:651} INFO - DAG(s) dict_keys(['example_xcom']) retrieved from /home/gui/Documentos/airflowalura/venv/lib/python3.9/site-packages/airflow/example_dags/example_xcom.py
[2023-06-05 23:32:35,948] {logging_mixin.py:115} INFO - [2023-06-05 23:32:35,948] {dag.py:2379} INFO - Sync 1 DAGs
[2023-06-05 23:32:35,990] {logging_mixin.py:115} INFO - [2023-06-05 23:32:35,990] {dag.py:2927} INFO - Setting next_dagrun for example_xcom to 2021-01-01T00:00:00+00:00, run_after=2021-01-01T00:00:00+00:00
[2023-06-05 23:32:36,057] {processor.py:161} INFO - Processing /home/gui/Documentos/airflowalura/venv/lib/python3.9/site-packages/airflow/example_dags/example_xcom.py took 0.264 seconds
[2023-06-05 23:33:18,799] {processor.py:153} INFO - Started process (PID=48224) to work on /home/gui/Documentos/airflowalura/venv/lib/python3.9/site-packages/airflow/example_dags/example_xcom.py
[2023-06-05 23:33:18,800] {processor.py:641} INFO - Processing file /home/gui/Documentos/airflowalura/venv/lib/python3.9/site-packages/airflow/example_dags/example_xcom.py for tasks to queue
[2023-06-05 23:33:18,801] {logging_mixin.py:115} INFO - [2023-06-05 23:33:18,801] {dagbag.py:507} INFO - Filling up the DagBag from /home/gui/Documentos/airflowalura/venv/lib/python3.9/site-packages/airflow/example_dags/example_xcom.py
[2023-06-05 23:33:18,869] {processor.py:651} INFO - DAG(s) dict_keys(['example_xcom']) retrieved from /home/gui/Documentos/airflowalura/venv/lib/python3.9/site-packages/airflow/example_dags/example_xcom.py
[2023-06-05 23:33:19,004] {logging_mixin.py:115} INFO - [2023-06-05 23:33:19,004] {dag.py:2379} INFO - Sync 1 DAGs
[2023-06-05 23:33:19,053] {logging_mixin.py:115} INFO - [2023-06-05 23:33:19,053] {dag.py:2927} INFO - Setting next_dagrun for example_xcom to 2021-01-01T00:00:00+00:00, run_after=2021-01-01T00:00:00+00:00
[2023-06-05 23:33:19,133] {processor.py:161} INFO - Processing /home/gui/Documentos/airflowalura/venv/lib/python3.9/site-packages/airflow/example_dags/example_xcom.py took 0.359 seconds
[2023-06-05 23:33:59,317] {processor.py:153} INFO - Started process (PID=48833) to work on /home/gui/Documentos/airflowalura/venv/lib/python3.9/site-packages/airflow/example_dags/example_xcom.py
[2023-06-05 23:33:59,318] {processor.py:641} INFO - Processing file /home/gui/Documentos/airflowalura/venv/lib/python3.9/site-packages/airflow/example_dags/example_xcom.py for tasks to queue
[2023-06-05 23:33:59,319] {logging_mixin.py:115} INFO - [2023-06-05 23:33:59,319] {dagbag.py:507} INFO - Filling up the DagBag from /home/gui/Documentos/airflowalura/venv/lib/python3.9/site-packages/airflow/example_dags/example_xcom.py
[2023-06-05 23:33:59,375] {processor.py:651} INFO - DAG(s) dict_keys(['example_xcom']) retrieved from /home/gui/Documentos/airflowalura/venv/lib/python3.9/site-packages/airflow/example_dags/example_xcom.py
[2023-06-05 23:33:59,493] {logging_mixin.py:115} INFO - [2023-06-05 23:33:59,492] {dag.py:2379} INFO - Sync 1 DAGs
[2023-06-05 23:33:59,533] {logging_mixin.py:115} INFO - [2023-06-05 23:33:59,533] {dag.py:2927} INFO - Setting next_dagrun for example_xcom to 2021-01-01T00:00:00+00:00, run_after=2021-01-01T00:00:00+00:00
[2023-06-05 23:33:59,588] {processor.py:161} INFO - Processing /home/gui/Documentos/airflowalura/venv/lib/python3.9/site-packages/airflow/example_dags/example_xcom.py took 0.284 seconds
[2023-06-05 23:34:36,665] {processor.py:153} INFO - Started process (PID=49481) to work on /home/gui/Documentos/airflowalura/venv/lib/python3.9/site-packages/airflow/example_dags/example_xcom.py
[2023-06-05 23:34:36,667] {processor.py:641} INFO - Processing file /home/gui/Documentos/airflowalura/venv/lib/python3.9/site-packages/airflow/example_dags/example_xcom.py for tasks to queue
[2023-06-05 23:34:36,667] {logging_mixin.py:115} INFO - [2023-06-05 23:34:36,667] {dagbag.py:507} INFO - Filling up the DagBag from /home/gui/Documentos/airflowalura/venv/lib/python3.9/site-packages/airflow/example_dags/example_xcom.py
[2023-06-05 23:34:36,715] {processor.py:651} INFO - DAG(s) dict_keys(['example_xcom']) retrieved from /home/gui/Documentos/airflowalura/venv/lib/python3.9/site-packages/airflow/example_dags/example_xcom.py
[2023-06-05 23:34:36,833] {logging_mixin.py:115} INFO - [2023-06-05 23:34:36,833] {dag.py:2379} INFO - Sync 1 DAGs
[2023-06-05 23:34:36,882] {logging_mixin.py:115} INFO - [2023-06-05 23:34:36,881] {dag.py:2927} INFO - Setting next_dagrun for example_xcom to 2021-01-01T00:00:00+00:00, run_after=2021-01-01T00:00:00+00:00
[2023-06-05 23:34:36,918] {processor.py:161} INFO - Processing /home/gui/Documentos/airflowalura/venv/lib/python3.9/site-packages/airflow/example_dags/example_xcom.py took 0.264 seconds
[2023-06-05 23:35:16,232] {processor.py:153} INFO - Started process (PID=49543) to work on /home/gui/Documentos/airflowalura/venv/lib/python3.9/site-packages/airflow/example_dags/example_xcom.py
[2023-06-05 23:35:16,240] {processor.py:641} INFO - Processing file /home/gui/Documentos/airflowalura/venv/lib/python3.9/site-packages/airflow/example_dags/example_xcom.py for tasks to queue
[2023-06-05 23:35:16,242] {logging_mixin.py:115} INFO - [2023-06-05 23:35:16,242] {dagbag.py:507} INFO - Filling up the DagBag from /home/gui/Documentos/airflowalura/venv/lib/python3.9/site-packages/airflow/example_dags/example_xcom.py
[2023-06-05 23:35:16,319] {processor.py:651} INFO - DAG(s) dict_keys(['example_xcom']) retrieved from /home/gui/Documentos/airflowalura/venv/lib/python3.9/site-packages/airflow/example_dags/example_xcom.py
[2023-06-05 23:35:16,451] {logging_mixin.py:115} INFO - [2023-06-05 23:35:16,450] {dag.py:2379} INFO - Sync 1 DAGs
[2023-06-05 23:35:16,496] {logging_mixin.py:115} INFO - [2023-06-05 23:35:16,496] {dag.py:2927} INFO - Setting next_dagrun for example_xcom to 2021-01-01T00:00:00+00:00, run_after=2021-01-01T00:00:00+00:00
[2023-06-05 23:35:16,556] {processor.py:161} INFO - Processing /home/gui/Documentos/airflowalura/venv/lib/python3.9/site-packages/airflow/example_dags/example_xcom.py took 0.341 seconds
[2023-06-05 23:35:56,317] {processor.py:153} INFO - Started process (PID=49602) to work on /home/gui/Documentos/airflowalura/venv/lib/python3.9/site-packages/airflow/example_dags/example_xcom.py
[2023-06-05 23:35:56,446] {processor.py:641} INFO - Processing file /home/gui/Documentos/airflowalura/venv/lib/python3.9/site-packages/airflow/example_dags/example_xcom.py for tasks to queue
[2023-06-05 23:35:56,446] {logging_mixin.py:115} INFO - [2023-06-05 23:35:56,446] {dagbag.py:507} INFO - Filling up the DagBag from /home/gui/Documentos/airflowalura/venv/lib/python3.9/site-packages/airflow/example_dags/example_xcom.py
[2023-06-05 23:35:56,486] {processor.py:651} INFO - DAG(s) dict_keys(['example_xcom']) retrieved from /home/gui/Documentos/airflowalura/venv/lib/python3.9/site-packages/airflow/example_dags/example_xcom.py
[2023-06-05 23:35:57,113] {logging_mixin.py:115} INFO - [2023-06-05 23:35:57,113] {dag.py:2379} INFO - Sync 1 DAGs
[2023-06-05 23:35:57,176] {logging_mixin.py:115} INFO - [2023-06-05 23:35:57,176] {dag.py:2927} INFO - Setting next_dagrun for example_xcom to 2021-01-01T00:00:00+00:00, run_after=2021-01-01T00:00:00+00:00
[2023-06-05 23:35:57,494] {processor.py:161} INFO - Processing /home/gui/Documentos/airflowalura/venv/lib/python3.9/site-packages/airflow/example_dags/example_xcom.py took 1.184 seconds
[2023-06-05 23:36:35,262] {processor.py:153} INFO - Started process (PID=49674) to work on /home/gui/Documentos/airflowalura/venv/lib/python3.9/site-packages/airflow/example_dags/example_xcom.py
[2023-06-05 23:36:35,267] {processor.py:641} INFO - Processing file /home/gui/Documentos/airflowalura/venv/lib/python3.9/site-packages/airflow/example_dags/example_xcom.py for tasks to queue
[2023-06-05 23:36:35,268] {logging_mixin.py:115} INFO - [2023-06-05 23:36:35,268] {dagbag.py:507} INFO - Filling up the DagBag from /home/gui/Documentos/airflowalura/venv/lib/python3.9/site-packages/airflow/example_dags/example_xcom.py
[2023-06-05 23:36:35,310] {processor.py:651} INFO - DAG(s) dict_keys(['example_xcom']) retrieved from /home/gui/Documentos/airflowalura/venv/lib/python3.9/site-packages/airflow/example_dags/example_xcom.py
[2023-06-05 23:36:35,346] {logging_mixin.py:115} INFO - [2023-06-05 23:36:35,345] {dag.py:2379} INFO - Sync 1 DAGs
[2023-06-05 23:36:35,377] {logging_mixin.py:115} INFO - [2023-06-05 23:36:35,376] {dag.py:2927} INFO - Setting next_dagrun for example_xcom to 2021-01-01T00:00:00+00:00, run_after=2021-01-01T00:00:00+00:00
[2023-06-05 23:36:35,444] {processor.py:161} INFO - Processing /home/gui/Documentos/airflowalura/venv/lib/python3.9/site-packages/airflow/example_dags/example_xcom.py took 0.193 seconds
[2023-06-05 23:37:18,878] {processor.py:153} INFO - Started process (PID=49765) to work on /home/gui/Documentos/airflowalura/venv/lib/python3.9/site-packages/airflow/example_dags/example_xcom.py
[2023-06-05 23:37:18,883] {processor.py:641} INFO - Processing file /home/gui/Documentos/airflowalura/venv/lib/python3.9/site-packages/airflow/example_dags/example_xcom.py for tasks to queue
[2023-06-05 23:37:18,884] {logging_mixin.py:115} INFO - [2023-06-05 23:37:18,884] {dagbag.py:507} INFO - Filling up the DagBag from /home/gui/Documentos/airflowalura/venv/lib/python3.9/site-packages/airflow/example_dags/example_xcom.py
[2023-06-05 23:37:18,943] {processor.py:651} INFO - DAG(s) dict_keys(['example_xcom']) retrieved from /home/gui/Documentos/airflowalura/venv/lib/python3.9/site-packages/airflow/example_dags/example_xcom.py
[2023-06-05 23:37:19,164] {logging_mixin.py:115} INFO - [2023-06-05 23:37:19,163] {dag.py:2379} INFO - Sync 1 DAGs
[2023-06-05 23:37:19,284] {logging_mixin.py:115} INFO - [2023-06-05 23:37:19,284] {dag.py:2927} INFO - Setting next_dagrun for example_xcom to 2021-01-01T00:00:00+00:00, run_after=2021-01-01T00:00:00+00:00
[2023-06-05 23:37:19,428] {processor.py:161} INFO - Processing /home/gui/Documentos/airflowalura/venv/lib/python3.9/site-packages/airflow/example_dags/example_xcom.py took 0.567 seconds
[2023-06-05 23:37:57,995] {processor.py:153} INFO - Started process (PID=49880) to work on /home/gui/Documentos/airflowalura/venv/lib/python3.9/site-packages/airflow/example_dags/example_xcom.py
[2023-06-05 23:37:57,996] {processor.py:641} INFO - Processing file /home/gui/Documentos/airflowalura/venv/lib/python3.9/site-packages/airflow/example_dags/example_xcom.py for tasks to queue
[2023-06-05 23:37:57,997] {logging_mixin.py:115} INFO - [2023-06-05 23:37:57,997] {dagbag.py:507} INFO - Filling up the DagBag from /home/gui/Documentos/airflowalura/venv/lib/python3.9/site-packages/airflow/example_dags/example_xcom.py
[2023-06-05 23:37:58,066] {processor.py:651} INFO - DAG(s) dict_keys(['example_xcom']) retrieved from /home/gui/Documentos/airflowalura/venv/lib/python3.9/site-packages/airflow/example_dags/example_xcom.py
[2023-06-05 23:37:58,099] {logging_mixin.py:115} INFO - [2023-06-05 23:37:58,098] {dag.py:2379} INFO - Sync 1 DAGs
[2023-06-05 23:37:58,132] {logging_mixin.py:115} INFO - [2023-06-05 23:37:58,132] {dag.py:2927} INFO - Setting next_dagrun for example_xcom to 2021-01-01T00:00:00+00:00, run_after=2021-01-01T00:00:00+00:00
[2023-06-05 23:37:58,174] {processor.py:161} INFO - Processing /home/gui/Documentos/airflowalura/venv/lib/python3.9/site-packages/airflow/example_dags/example_xcom.py took 0.190 seconds
[2023-06-05 23:38:44,121] {processor.py:153} INFO - Started process (PID=49961) to work on /home/gui/Documentos/airflowalura/venv/lib/python3.9/site-packages/airflow/example_dags/example_xcom.py
[2023-06-05 23:38:44,199] {processor.py:641} INFO - Processing file /home/gui/Documentos/airflowalura/venv/lib/python3.9/site-packages/airflow/example_dags/example_xcom.py for tasks to queue
[2023-06-05 23:38:44,199] {logging_mixin.py:115} INFO - [2023-06-05 23:38:44,199] {dagbag.py:507} INFO - Filling up the DagBag from /home/gui/Documentos/airflowalura/venv/lib/python3.9/site-packages/airflow/example_dags/example_xcom.py
[2023-06-05 23:38:44,228] {processor.py:651} INFO - DAG(s) dict_keys(['example_xcom']) retrieved from /home/gui/Documentos/airflowalura/venv/lib/python3.9/site-packages/airflow/example_dags/example_xcom.py
[2023-06-05 23:38:44,371] {logging_mixin.py:115} INFO - [2023-06-05 23:38:44,371] {dag.py:2379} INFO - Sync 1 DAGs
[2023-06-05 23:38:44,417] {logging_mixin.py:115} INFO - [2023-06-05 23:38:44,417] {dag.py:2927} INFO - Setting next_dagrun for example_xcom to 2021-01-01T00:00:00+00:00, run_after=2021-01-01T00:00:00+00:00
[2023-06-05 23:38:44,453] {processor.py:161} INFO - Processing /home/gui/Documentos/airflowalura/venv/lib/python3.9/site-packages/airflow/example_dags/example_xcom.py took 0.342 seconds
[2023-06-05 23:39:19,873] {processor.py:153} INFO - Started process (PID=50019) to work on /home/gui/Documentos/airflowalura/venv/lib/python3.9/site-packages/airflow/example_dags/example_xcom.py
[2023-06-05 23:39:19,874] {processor.py:641} INFO - Processing file /home/gui/Documentos/airflowalura/venv/lib/python3.9/site-packages/airflow/example_dags/example_xcom.py for tasks to queue
[2023-06-05 23:39:19,875] {logging_mixin.py:115} INFO - [2023-06-05 23:39:19,875] {dagbag.py:507} INFO - Filling up the DagBag from /home/gui/Documentos/airflowalura/venv/lib/python3.9/site-packages/airflow/example_dags/example_xcom.py
[2023-06-05 23:39:19,918] {processor.py:651} INFO - DAG(s) dict_keys(['example_xcom']) retrieved from /home/gui/Documentos/airflowalura/venv/lib/python3.9/site-packages/airflow/example_dags/example_xcom.py
[2023-06-05 23:39:19,991] {logging_mixin.py:115} INFO - [2023-06-05 23:39:19,991] {dag.py:2379} INFO - Sync 1 DAGs
[2023-06-05 23:39:20,017] {logging_mixin.py:115} INFO - [2023-06-05 23:39:20,016] {dag.py:2927} INFO - Setting next_dagrun for example_xcom to 2021-01-01T00:00:00+00:00, run_after=2021-01-01T00:00:00+00:00
[2023-06-05 23:39:20,037] {processor.py:161} INFO - Processing /home/gui/Documentos/airflowalura/venv/lib/python3.9/site-packages/airflow/example_dags/example_xcom.py took 0.170 seconds
[2023-06-05 23:39:54,370] {processor.py:153} INFO - Started process (PID=50193) to work on /home/gui/Documentos/airflowalura/venv/lib/python3.9/site-packages/airflow/example_dags/example_xcom.py
[2023-06-05 23:39:54,379] {processor.py:641} INFO - Processing file /home/gui/Documentos/airflowalura/venv/lib/python3.9/site-packages/airflow/example_dags/example_xcom.py for tasks to queue
[2023-06-05 23:39:54,380] {logging_mixin.py:115} INFO - [2023-06-05 23:39:54,380] {dagbag.py:507} INFO - Filling up the DagBag from /home/gui/Documentos/airflowalura/venv/lib/python3.9/site-packages/airflow/example_dags/example_xcom.py
[2023-06-05 23:39:54,423] {processor.py:651} INFO - DAG(s) dict_keys(['example_xcom']) retrieved from /home/gui/Documentos/airflowalura/venv/lib/python3.9/site-packages/airflow/example_dags/example_xcom.py
[2023-06-05 23:39:54,464] {logging_mixin.py:115} INFO - [2023-06-05 23:39:54,464] {dag.py:2379} INFO - Sync 1 DAGs
[2023-06-05 23:39:54,498] {logging_mixin.py:115} INFO - [2023-06-05 23:39:54,497] {dag.py:2927} INFO - Setting next_dagrun for example_xcom to 2021-01-01T00:00:00+00:00, run_after=2021-01-01T00:00:00+00:00
[2023-06-05 23:39:54,592] {processor.py:161} INFO - Processing /home/gui/Documentos/airflowalura/venv/lib/python3.9/site-packages/airflow/example_dags/example_xcom.py took 0.229 seconds
[2023-06-05 23:40:33,131] {processor.py:153} INFO - Started process (PID=50404) to work on /home/gui/Documentos/airflowalura/venv/lib/python3.9/site-packages/airflow/example_dags/example_xcom.py
[2023-06-05 23:40:33,135] {processor.py:641} INFO - Processing file /home/gui/Documentos/airflowalura/venv/lib/python3.9/site-packages/airflow/example_dags/example_xcom.py for tasks to queue
[2023-06-05 23:40:33,136] {logging_mixin.py:115} INFO - [2023-06-05 23:40:33,136] {dagbag.py:507} INFO - Filling up the DagBag from /home/gui/Documentos/airflowalura/venv/lib/python3.9/site-packages/airflow/example_dags/example_xcom.py
[2023-06-05 23:40:33,167] {processor.py:651} INFO - DAG(s) dict_keys(['example_xcom']) retrieved from /home/gui/Documentos/airflowalura/venv/lib/python3.9/site-packages/airflow/example_dags/example_xcom.py
[2023-06-05 23:40:33,195] {logging_mixin.py:115} INFO - [2023-06-05 23:40:33,195] {dag.py:2379} INFO - Sync 1 DAGs
[2023-06-05 23:40:33,225] {logging_mixin.py:115} INFO - [2023-06-05 23:40:33,225] {dag.py:2927} INFO - Setting next_dagrun for example_xcom to 2021-01-01T00:00:00+00:00, run_after=2021-01-01T00:00:00+00:00
[2023-06-05 23:40:33,253] {processor.py:161} INFO - Processing /home/gui/Documentos/airflowalura/venv/lib/python3.9/site-packages/airflow/example_dags/example_xcom.py took 0.132 seconds
[2023-06-05 23:41:10,662] {processor.py:153} INFO - Started process (PID=50697) to work on /home/gui/Documentos/airflowalura/venv/lib/python3.9/site-packages/airflow/example_dags/example_xcom.py
[2023-06-05 23:41:10,667] {processor.py:641} INFO - Processing file /home/gui/Documentos/airflowalura/venv/lib/python3.9/site-packages/airflow/example_dags/example_xcom.py for tasks to queue
[2023-06-05 23:41:10,667] {logging_mixin.py:115} INFO - [2023-06-05 23:41:10,667] {dagbag.py:507} INFO - Filling up the DagBag from /home/gui/Documentos/airflowalura/venv/lib/python3.9/site-packages/airflow/example_dags/example_xcom.py
[2023-06-05 23:41:10,706] {processor.py:651} INFO - DAG(s) dict_keys(['example_xcom']) retrieved from /home/gui/Documentos/airflowalura/venv/lib/python3.9/site-packages/airflow/example_dags/example_xcom.py
[2023-06-05 23:41:10,780] {logging_mixin.py:115} INFO - [2023-06-05 23:41:10,780] {dag.py:2379} INFO - Sync 1 DAGs
[2023-06-05 23:41:10,806] {logging_mixin.py:115} INFO - [2023-06-05 23:41:10,805] {dag.py:2927} INFO - Setting next_dagrun for example_xcom to 2021-01-01T00:00:00+00:00, run_after=2021-01-01T00:00:00+00:00
[2023-06-05 23:41:10,866] {processor.py:161} INFO - Processing /home/gui/Documentos/airflowalura/venv/lib/python3.9/site-packages/airflow/example_dags/example_xcom.py took 0.213 seconds
[2023-06-05 23:41:51,259] {processor.py:153} INFO - Started process (PID=50775) to work on /home/gui/Documentos/airflowalura/venv/lib/python3.9/site-packages/airflow/example_dags/example_xcom.py
[2023-06-05 23:41:51,263] {processor.py:641} INFO - Processing file /home/gui/Documentos/airflowalura/venv/lib/python3.9/site-packages/airflow/example_dags/example_xcom.py for tasks to queue
[2023-06-05 23:41:51,264] {logging_mixin.py:115} INFO - [2023-06-05 23:41:51,264] {dagbag.py:507} INFO - Filling up the DagBag from /home/gui/Documentos/airflowalura/venv/lib/python3.9/site-packages/airflow/example_dags/example_xcom.py
[2023-06-05 23:41:51,317] {processor.py:651} INFO - DAG(s) dict_keys(['example_xcom']) retrieved from /home/gui/Documentos/airflowalura/venv/lib/python3.9/site-packages/airflow/example_dags/example_xcom.py
[2023-06-05 23:41:51,356] {logging_mixin.py:115} INFO - [2023-06-05 23:41:51,356] {dag.py:2379} INFO - Sync 1 DAGs
[2023-06-05 23:41:51,383] {logging_mixin.py:115} INFO - [2023-06-05 23:41:51,383] {dag.py:2927} INFO - Setting next_dagrun for example_xcom to 2021-01-01T00:00:00+00:00, run_after=2021-01-01T00:00:00+00:00
[2023-06-05 23:41:51,443] {processor.py:161} INFO - Processing /home/gui/Documentos/airflowalura/venv/lib/python3.9/site-packages/airflow/example_dags/example_xcom.py took 0.190 seconds
[2023-06-05 23:42:26,906] {processor.py:153} INFO - Started process (PID=50850) to work on /home/gui/Documentos/airflowalura/venv/lib/python3.9/site-packages/airflow/example_dags/example_xcom.py
[2023-06-05 23:42:26,911] {processor.py:641} INFO - Processing file /home/gui/Documentos/airflowalura/venv/lib/python3.9/site-packages/airflow/example_dags/example_xcom.py for tasks to queue
[2023-06-05 23:42:26,912] {logging_mixin.py:115} INFO - [2023-06-05 23:42:26,912] {dagbag.py:507} INFO - Filling up the DagBag from /home/gui/Documentos/airflowalura/venv/lib/python3.9/site-packages/airflow/example_dags/example_xcom.py
[2023-06-05 23:42:26,960] {processor.py:651} INFO - DAG(s) dict_keys(['example_xcom']) retrieved from /home/gui/Documentos/airflowalura/venv/lib/python3.9/site-packages/airflow/example_dags/example_xcom.py
[2023-06-05 23:42:27,003] {logging_mixin.py:115} INFO - [2023-06-05 23:42:27,003] {dag.py:2379} INFO - Sync 1 DAGs
[2023-06-05 23:42:27,049] {logging_mixin.py:115} INFO - [2023-06-05 23:42:27,049] {dag.py:2927} INFO - Setting next_dagrun for example_xcom to 2021-01-01T00:00:00+00:00, run_after=2021-01-01T00:00:00+00:00
[2023-06-05 23:42:27,080] {processor.py:161} INFO - Processing /home/gui/Documentos/airflowalura/venv/lib/python3.9/site-packages/airflow/example_dags/example_xcom.py took 0.180 seconds
