[2023-06-05 23:02:07,199] {processor.py:153} INFO - Started process (PID=44510) to work on /home/gui/Documentos/airflowalura/venv/lib/python3.9/site-packages/airflow/example_dags/example_trigger_target_dag.py
[2023-06-05 23:02:07,200] {processor.py:641} INFO - Processing file /home/gui/Documentos/airflowalura/venv/lib/python3.9/site-packages/airflow/example_dags/example_trigger_target_dag.py for tasks to queue
[2023-06-05 23:02:07,201] {logging_mixin.py:115} INFO - [2023-06-05 23:02:07,201] {dagbag.py:507} INFO - Filling up the DagBag from /home/gui/Documentos/airflowalura/venv/lib/python3.9/site-packages/airflow/example_dags/example_trigger_target_dag.py
[2023-06-05 23:02:07,227] {processor.py:651} INFO - DAG(s) dict_keys(['example_trigger_target_dag']) retrieved from /home/gui/Documentos/airflowalura/venv/lib/python3.9/site-packages/airflow/example_dags/example_trigger_target_dag.py
[2023-06-05 23:02:07,569] {logging_mixin.py:115} INFO - [2023-06-05 23:02:07,569] {manager.py:508} INFO - Created Permission View: can read on DAG:example_trigger_target_dag
[2023-06-05 23:02:07,602] {logging_mixin.py:115} INFO - [2023-06-05 23:02:07,602] {manager.py:508} INFO - Created Permission View: can edit on DAG:example_trigger_target_dag
[2023-06-05 23:02:07,640] {logging_mixin.py:115} INFO - [2023-06-05 23:02:07,640] {manager.py:508} INFO - Created Permission View: can delete on DAG:example_trigger_target_dag
[2023-06-05 23:02:07,640] {logging_mixin.py:115} INFO - [2023-06-05 23:02:07,640] {dag.py:2379} INFO - Sync 1 DAGs
[2023-06-05 23:02:07,654] {logging_mixin.py:115} INFO - [2023-06-05 23:02:07,654] {dag.py:2398} INFO - Creating ORM DAG for example_trigger_target_dag
[2023-06-05 23:02:07,668] {logging_mixin.py:115} INFO - [2023-06-05 23:02:07,668] {dag.py:2927} INFO - Setting next_dagrun for example_trigger_target_dag to None, run_after=None
[2023-06-05 23:02:07,689] {processor.py:161} INFO - Processing /home/gui/Documentos/airflowalura/venv/lib/python3.9/site-packages/airflow/example_dags/example_trigger_target_dag.py took 0.496 seconds
[2023-06-05 23:05:18,296] {processor.py:153} INFO - Started process (PID=44959) to work on /home/gui/Documentos/airflowalura/venv/lib/python3.9/site-packages/airflow/example_dags/example_trigger_target_dag.py
[2023-06-05 23:05:18,297] {processor.py:641} INFO - Processing file /home/gui/Documentos/airflowalura/venv/lib/python3.9/site-packages/airflow/example_dags/example_trigger_target_dag.py for tasks to queue
[2023-06-05 23:05:18,299] {logging_mixin.py:115} INFO - [2023-06-05 23:05:18,298] {dagbag.py:507} INFO - Filling up the DagBag from /home/gui/Documentos/airflowalura/venv/lib/python3.9/site-packages/airflow/example_dags/example_trigger_target_dag.py
[2023-06-05 23:05:18,334] {processor.py:651} INFO - DAG(s) dict_keys(['example_trigger_target_dag']) retrieved from /home/gui/Documentos/airflowalura/venv/lib/python3.9/site-packages/airflow/example_dags/example_trigger_target_dag.py
[2023-06-05 23:05:18,369] {logging_mixin.py:115} INFO - [2023-06-05 23:05:18,369] {dag.py:2379} INFO - Sync 1 DAGs
[2023-06-05 23:05:18,399] {logging_mixin.py:115} INFO - [2023-06-05 23:05:18,399] {dag.py:2927} INFO - Setting next_dagrun for example_trigger_target_dag to None, run_after=None
[2023-06-05 23:05:18,418] {processor.py:161} INFO - Processing /home/gui/Documentos/airflowalura/venv/lib/python3.9/site-packages/airflow/example_dags/example_trigger_target_dag.py took 0.128 seconds
[2023-06-05 23:05:56,594] {processor.py:153} INFO - Started process (PID=44998) to work on /home/gui/Documentos/airflowalura/venv/lib/python3.9/site-packages/airflow/example_dags/example_trigger_target_dag.py
[2023-06-05 23:05:56,595] {processor.py:641} INFO - Processing file /home/gui/Documentos/airflowalura/venv/lib/python3.9/site-packages/airflow/example_dags/example_trigger_target_dag.py for tasks to queue
[2023-06-05 23:05:56,596] {logging_mixin.py:115} INFO - [2023-06-05 23:05:56,596] {dagbag.py:507} INFO - Filling up the DagBag from /home/gui/Documentos/airflowalura/venv/lib/python3.9/site-packages/airflow/example_dags/example_trigger_target_dag.py
[2023-06-05 23:05:56,623] {processor.py:651} INFO - DAG(s) dict_keys(['example_trigger_target_dag']) retrieved from /home/gui/Documentos/airflowalura/venv/lib/python3.9/site-packages/airflow/example_dags/example_trigger_target_dag.py
[2023-06-05 23:05:56,649] {logging_mixin.py:115} INFO - [2023-06-05 23:05:56,649] {dag.py:2379} INFO - Sync 1 DAGs
[2023-06-05 23:05:56,676] {logging_mixin.py:115} INFO - [2023-06-05 23:05:56,676] {dag.py:2927} INFO - Setting next_dagrun for example_trigger_target_dag to None, run_after=None
[2023-06-05 23:05:56,708] {processor.py:161} INFO - Processing /home/gui/Documentos/airflowalura/venv/lib/python3.9/site-packages/airflow/example_dags/example_trigger_target_dag.py took 0.120 seconds
[2023-06-05 23:06:33,017] {processor.py:153} INFO - Started process (PID=45032) to work on /home/gui/Documentos/airflowalura/venv/lib/python3.9/site-packages/airflow/example_dags/example_trigger_target_dag.py
[2023-06-05 23:06:33,019] {processor.py:641} INFO - Processing file /home/gui/Documentos/airflowalura/venv/lib/python3.9/site-packages/airflow/example_dags/example_trigger_target_dag.py for tasks to queue
[2023-06-05 23:06:33,020] {logging_mixin.py:115} INFO - [2023-06-05 23:06:33,020] {dagbag.py:507} INFO - Filling up the DagBag from /home/gui/Documentos/airflowalura/venv/lib/python3.9/site-packages/airflow/example_dags/example_trigger_target_dag.py
[2023-06-05 23:06:33,048] {processor.py:651} INFO - DAG(s) dict_keys(['example_trigger_target_dag']) retrieved from /home/gui/Documentos/airflowalura/venv/lib/python3.9/site-packages/airflow/example_dags/example_trigger_target_dag.py
[2023-06-05 23:06:33,074] {logging_mixin.py:115} INFO - [2023-06-05 23:06:33,074] {dag.py:2379} INFO - Sync 1 DAGs
[2023-06-05 23:06:33,101] {logging_mixin.py:115} INFO - [2023-06-05 23:06:33,101] {dag.py:2927} INFO - Setting next_dagrun for example_trigger_target_dag to None, run_after=None
[2023-06-05 23:06:33,289] {processor.py:161} INFO - Processing /home/gui/Documentos/airflowalura/venv/lib/python3.9/site-packages/airflow/example_dags/example_trigger_target_dag.py took 0.280 seconds
[2023-06-05 23:07:10,533] {processor.py:153} INFO - Started process (PID=45086) to work on /home/gui/Documentos/airflowalura/venv/lib/python3.9/site-packages/airflow/example_dags/example_trigger_target_dag.py
[2023-06-05 23:07:10,534] {processor.py:641} INFO - Processing file /home/gui/Documentos/airflowalura/venv/lib/python3.9/site-packages/airflow/example_dags/example_trigger_target_dag.py for tasks to queue
[2023-06-05 23:07:10,535] {logging_mixin.py:115} INFO - [2023-06-05 23:07:10,535] {dagbag.py:507} INFO - Filling up the DagBag from /home/gui/Documentos/airflowalura/venv/lib/python3.9/site-packages/airflow/example_dags/example_trigger_target_dag.py
[2023-06-05 23:07:10,564] {processor.py:651} INFO - DAG(s) dict_keys(['example_trigger_target_dag']) retrieved from /home/gui/Documentos/airflowalura/venv/lib/python3.9/site-packages/airflow/example_dags/example_trigger_target_dag.py
[2023-06-05 23:07:10,590] {logging_mixin.py:115} INFO - [2023-06-05 23:07:10,590] {dag.py:2379} INFO - Sync 1 DAGs
[2023-06-05 23:07:10,617] {logging_mixin.py:115} INFO - [2023-06-05 23:07:10,617] {dag.py:2927} INFO - Setting next_dagrun for example_trigger_target_dag to None, run_after=None
[2023-06-05 23:07:10,633] {processor.py:161} INFO - Processing /home/gui/Documentos/airflowalura/venv/lib/python3.9/site-packages/airflow/example_dags/example_trigger_target_dag.py took 0.107 seconds
[2023-06-05 23:07:49,443] {processor.py:153} INFO - Started process (PID=45125) to work on /home/gui/Documentos/airflowalura/venv/lib/python3.9/site-packages/airflow/example_dags/example_trigger_target_dag.py
[2023-06-05 23:07:49,444] {processor.py:641} INFO - Processing file /home/gui/Documentos/airflowalura/venv/lib/python3.9/site-packages/airflow/example_dags/example_trigger_target_dag.py for tasks to queue
[2023-06-05 23:07:49,446] {logging_mixin.py:115} INFO - [2023-06-05 23:07:49,445] {dagbag.py:507} INFO - Filling up the DagBag from /home/gui/Documentos/airflowalura/venv/lib/python3.9/site-packages/airflow/example_dags/example_trigger_target_dag.py
[2023-06-05 23:07:49,478] {processor.py:651} INFO - DAG(s) dict_keys(['example_trigger_target_dag']) retrieved from /home/gui/Documentos/airflowalura/venv/lib/python3.9/site-packages/airflow/example_dags/example_trigger_target_dag.py
[2023-06-05 23:07:49,505] {logging_mixin.py:115} INFO - [2023-06-05 23:07:49,504] {dag.py:2379} INFO - Sync 1 DAGs
[2023-06-05 23:07:49,532] {logging_mixin.py:115} INFO - [2023-06-05 23:07:49,532] {dag.py:2927} INFO - Setting next_dagrun for example_trigger_target_dag to None, run_after=None
[2023-06-05 23:07:49,550] {processor.py:161} INFO - Processing /home/gui/Documentos/airflowalura/venv/lib/python3.9/site-packages/airflow/example_dags/example_trigger_target_dag.py took 0.115 seconds
[2023-06-05 23:08:29,107] {processor.py:153} INFO - Started process (PID=45160) to work on /home/gui/Documentos/airflowalura/venv/lib/python3.9/site-packages/airflow/example_dags/example_trigger_target_dag.py
[2023-06-05 23:08:29,109] {processor.py:641} INFO - Processing file /home/gui/Documentos/airflowalura/venv/lib/python3.9/site-packages/airflow/example_dags/example_trigger_target_dag.py for tasks to queue
[2023-06-05 23:08:29,109] {logging_mixin.py:115} INFO - [2023-06-05 23:08:29,109] {dagbag.py:507} INFO - Filling up the DagBag from /home/gui/Documentos/airflowalura/venv/lib/python3.9/site-packages/airflow/example_dags/example_trigger_target_dag.py
[2023-06-05 23:08:29,135] {processor.py:651} INFO - DAG(s) dict_keys(['example_trigger_target_dag']) retrieved from /home/gui/Documentos/airflowalura/venv/lib/python3.9/site-packages/airflow/example_dags/example_trigger_target_dag.py
[2023-06-05 23:08:29,165] {logging_mixin.py:115} INFO - [2023-06-05 23:08:29,165] {dag.py:2379} INFO - Sync 1 DAGs
[2023-06-05 23:08:29,195] {logging_mixin.py:115} INFO - [2023-06-05 23:08:29,195] {dag.py:2927} INFO - Setting next_dagrun for example_trigger_target_dag to None, run_after=None
[2023-06-05 23:08:29,422] {processor.py:161} INFO - Processing /home/gui/Documentos/airflowalura/venv/lib/python3.9/site-packages/airflow/example_dags/example_trigger_target_dag.py took 0.320 seconds
[2023-06-05 23:09:09,368] {processor.py:153} INFO - Started process (PID=45194) to work on /home/gui/Documentos/airflowalura/venv/lib/python3.9/site-packages/airflow/example_dags/example_trigger_target_dag.py
[2023-06-05 23:09:09,369] {processor.py:641} INFO - Processing file /home/gui/Documentos/airflowalura/venv/lib/python3.9/site-packages/airflow/example_dags/example_trigger_target_dag.py for tasks to queue
[2023-06-05 23:09:09,371] {logging_mixin.py:115} INFO - [2023-06-05 23:09:09,370] {dagbag.py:507} INFO - Filling up the DagBag from /home/gui/Documentos/airflowalura/venv/lib/python3.9/site-packages/airflow/example_dags/example_trigger_target_dag.py
[2023-06-05 23:09:09,410] {processor.py:651} INFO - DAG(s) dict_keys(['example_trigger_target_dag']) retrieved from /home/gui/Documentos/airflowalura/venv/lib/python3.9/site-packages/airflow/example_dags/example_trigger_target_dag.py
[2023-06-05 23:09:09,450] {logging_mixin.py:115} INFO - [2023-06-05 23:09:09,450] {dag.py:2379} INFO - Sync 1 DAGs
[2023-06-05 23:09:09,491] {logging_mixin.py:115} INFO - [2023-06-05 23:09:09,491] {dag.py:2927} INFO - Setting next_dagrun for example_trigger_target_dag to None, run_after=None
[2023-06-05 23:09:09,528] {processor.py:161} INFO - Processing /home/gui/Documentos/airflowalura/venv/lib/python3.9/site-packages/airflow/example_dags/example_trigger_target_dag.py took 0.169 seconds
[2023-06-05 23:09:47,857] {processor.py:153} INFO - Started process (PID=45229) to work on /home/gui/Documentos/airflowalura/venv/lib/python3.9/site-packages/airflow/example_dags/example_trigger_target_dag.py
[2023-06-05 23:09:47,858] {processor.py:641} INFO - Processing file /home/gui/Documentos/airflowalura/venv/lib/python3.9/site-packages/airflow/example_dags/example_trigger_target_dag.py for tasks to queue
[2023-06-05 23:09:47,859] {logging_mixin.py:115} INFO - [2023-06-05 23:09:47,859] {dagbag.py:507} INFO - Filling up the DagBag from /home/gui/Documentos/airflowalura/venv/lib/python3.9/site-packages/airflow/example_dags/example_trigger_target_dag.py
[2023-06-05 23:09:47,889] {processor.py:651} INFO - DAG(s) dict_keys(['example_trigger_target_dag']) retrieved from /home/gui/Documentos/airflowalura/venv/lib/python3.9/site-packages/airflow/example_dags/example_trigger_target_dag.py
[2023-06-05 23:09:47,920] {logging_mixin.py:115} INFO - [2023-06-05 23:09:47,920] {dag.py:2379} INFO - Sync 1 DAGs
[2023-06-05 23:09:47,949] {logging_mixin.py:115} INFO - [2023-06-05 23:09:47,949] {dag.py:2927} INFO - Setting next_dagrun for example_trigger_target_dag to None, run_after=None
[2023-06-05 23:09:47,982] {processor.py:161} INFO - Processing /home/gui/Documentos/airflowalura/venv/lib/python3.9/site-packages/airflow/example_dags/example_trigger_target_dag.py took 0.132 seconds
[2023-06-05 23:10:31,284] {processor.py:153} INFO - Started process (PID=45264) to work on /home/gui/Documentos/airflowalura/venv/lib/python3.9/site-packages/airflow/example_dags/example_trigger_target_dag.py
[2023-06-05 23:10:31,286] {processor.py:641} INFO - Processing file /home/gui/Documentos/airflowalura/venv/lib/python3.9/site-packages/airflow/example_dags/example_trigger_target_dag.py for tasks to queue
[2023-06-05 23:10:31,288] {logging_mixin.py:115} INFO - [2023-06-05 23:10:31,287] {dagbag.py:507} INFO - Filling up the DagBag from /home/gui/Documentos/airflowalura/venv/lib/python3.9/site-packages/airflow/example_dags/example_trigger_target_dag.py
[2023-06-05 23:10:31,332] {processor.py:651} INFO - DAG(s) dict_keys(['example_trigger_target_dag']) retrieved from /home/gui/Documentos/airflowalura/venv/lib/python3.9/site-packages/airflow/example_dags/example_trigger_target_dag.py
[2023-06-05 23:10:31,379] {logging_mixin.py:115} INFO - [2023-06-05 23:10:31,379] {dag.py:2379} INFO - Sync 1 DAGs
[2023-06-05 23:10:31,413] {logging_mixin.py:115} INFO - [2023-06-05 23:10:31,413] {dag.py:2927} INFO - Setting next_dagrun for example_trigger_target_dag to None, run_after=None
[2023-06-05 23:10:31,435] {processor.py:161} INFO - Processing /home/gui/Documentos/airflowalura/venv/lib/python3.9/site-packages/airflow/example_dags/example_trigger_target_dag.py took 0.160 seconds
[2023-06-05 23:11:10,093] {processor.py:153} INFO - Started process (PID=45297) to work on /home/gui/Documentos/airflowalura/venv/lib/python3.9/site-packages/airflow/example_dags/example_trigger_target_dag.py
[2023-06-05 23:11:10,095] {processor.py:641} INFO - Processing file /home/gui/Documentos/airflowalura/venv/lib/python3.9/site-packages/airflow/example_dags/example_trigger_target_dag.py for tasks to queue
[2023-06-05 23:11:10,096] {logging_mixin.py:115} INFO - [2023-06-05 23:11:10,096] {dagbag.py:507} INFO - Filling up the DagBag from /home/gui/Documentos/airflowalura/venv/lib/python3.9/site-packages/airflow/example_dags/example_trigger_target_dag.py
[2023-06-05 23:11:10,127] {processor.py:651} INFO - DAG(s) dict_keys(['example_trigger_target_dag']) retrieved from /home/gui/Documentos/airflowalura/venv/lib/python3.9/site-packages/airflow/example_dags/example_trigger_target_dag.py
[2023-06-05 23:11:10,158] {logging_mixin.py:115} INFO - [2023-06-05 23:11:10,158] {dag.py:2379} INFO - Sync 1 DAGs
[2023-06-05 23:11:10,191] {logging_mixin.py:115} INFO - [2023-06-05 23:11:10,191] {dag.py:2927} INFO - Setting next_dagrun for example_trigger_target_dag to None, run_after=None
[2023-06-05 23:11:10,218] {processor.py:161} INFO - Processing /home/gui/Documentos/airflowalura/venv/lib/python3.9/site-packages/airflow/example_dags/example_trigger_target_dag.py took 0.130 seconds
[2023-06-05 23:11:46,692] {processor.py:153} INFO - Started process (PID=45334) to work on /home/gui/Documentos/airflowalura/venv/lib/python3.9/site-packages/airflow/example_dags/example_trigger_target_dag.py
[2023-06-05 23:11:46,695] {processor.py:641} INFO - Processing file /home/gui/Documentos/airflowalura/venv/lib/python3.9/site-packages/airflow/example_dags/example_trigger_target_dag.py for tasks to queue
[2023-06-05 23:11:46,696] {logging_mixin.py:115} INFO - [2023-06-05 23:11:46,695] {dagbag.py:507} INFO - Filling up the DagBag from /home/gui/Documentos/airflowalura/venv/lib/python3.9/site-packages/airflow/example_dags/example_trigger_target_dag.py
[2023-06-05 23:11:46,725] {processor.py:651} INFO - DAG(s) dict_keys(['example_trigger_target_dag']) retrieved from /home/gui/Documentos/airflowalura/venv/lib/python3.9/site-packages/airflow/example_dags/example_trigger_target_dag.py
[2023-06-05 23:11:46,754] {logging_mixin.py:115} INFO - [2023-06-05 23:11:46,754] {dag.py:2379} INFO - Sync 1 DAGs
[2023-06-05 23:11:46,780] {logging_mixin.py:115} INFO - [2023-06-05 23:11:46,779] {dag.py:2927} INFO - Setting next_dagrun for example_trigger_target_dag to None, run_after=None
[2023-06-05 23:11:46,809] {processor.py:161} INFO - Processing /home/gui/Documentos/airflowalura/venv/lib/python3.9/site-packages/airflow/example_dags/example_trigger_target_dag.py took 0.124 seconds
[2023-06-05 23:12:24,080] {processor.py:153} INFO - Started process (PID=45368) to work on /home/gui/Documentos/airflowalura/venv/lib/python3.9/site-packages/airflow/example_dags/example_trigger_target_dag.py
[2023-06-05 23:12:24,082] {processor.py:641} INFO - Processing file /home/gui/Documentos/airflowalura/venv/lib/python3.9/site-packages/airflow/example_dags/example_trigger_target_dag.py for tasks to queue
[2023-06-05 23:12:24,083] {logging_mixin.py:115} INFO - [2023-06-05 23:12:24,083] {dagbag.py:507} INFO - Filling up the DagBag from /home/gui/Documentos/airflowalura/venv/lib/python3.9/site-packages/airflow/example_dags/example_trigger_target_dag.py
[2023-06-05 23:12:24,109] {processor.py:651} INFO - DAG(s) dict_keys(['example_trigger_target_dag']) retrieved from /home/gui/Documentos/airflowalura/venv/lib/python3.9/site-packages/airflow/example_dags/example_trigger_target_dag.py
[2023-06-05 23:12:24,137] {logging_mixin.py:115} INFO - [2023-06-05 23:12:24,137] {dag.py:2379} INFO - Sync 1 DAGs
[2023-06-05 23:12:24,165] {logging_mixin.py:115} INFO - [2023-06-05 23:12:24,165] {dag.py:2927} INFO - Setting next_dagrun for example_trigger_target_dag to None, run_after=None
[2023-06-05 23:12:24,211] {processor.py:161} INFO - Processing /home/gui/Documentos/airflowalura/venv/lib/python3.9/site-packages/airflow/example_dags/example_trigger_target_dag.py took 0.140 seconds
[2023-06-05 23:12:58,782] {processor.py:153} INFO - Started process (PID=45399) to work on /home/gui/Documentos/airflowalura/venv/lib/python3.9/site-packages/airflow/example_dags/example_trigger_target_dag.py
[2023-06-05 23:12:58,784] {processor.py:641} INFO - Processing file /home/gui/Documentos/airflowalura/venv/lib/python3.9/site-packages/airflow/example_dags/example_trigger_target_dag.py for tasks to queue
[2023-06-05 23:12:58,785] {logging_mixin.py:115} INFO - [2023-06-05 23:12:58,785] {dagbag.py:507} INFO - Filling up the DagBag from /home/gui/Documentos/airflowalura/venv/lib/python3.9/site-packages/airflow/example_dags/example_trigger_target_dag.py
[2023-06-05 23:12:58,816] {processor.py:651} INFO - DAG(s) dict_keys(['example_trigger_target_dag']) retrieved from /home/gui/Documentos/airflowalura/venv/lib/python3.9/site-packages/airflow/example_dags/example_trigger_target_dag.py
[2023-06-05 23:12:58,843] {logging_mixin.py:115} INFO - [2023-06-05 23:12:58,843] {dag.py:2379} INFO - Sync 1 DAGs
[2023-06-05 23:12:58,870] {logging_mixin.py:115} INFO - [2023-06-05 23:12:58,870] {dag.py:2927} INFO - Setting next_dagrun for example_trigger_target_dag to None, run_after=None
[2023-06-05 23:12:58,914] {processor.py:161} INFO - Processing /home/gui/Documentos/airflowalura/venv/lib/python3.9/site-packages/airflow/example_dags/example_trigger_target_dag.py took 0.141 seconds
[2023-06-05 23:13:33,953] {processor.py:153} INFO - Started process (PID=45429) to work on /home/gui/Documentos/airflowalura/venv/lib/python3.9/site-packages/airflow/example_dags/example_trigger_target_dag.py
[2023-06-05 23:13:33,955] {processor.py:641} INFO - Processing file /home/gui/Documentos/airflowalura/venv/lib/python3.9/site-packages/airflow/example_dags/example_trigger_target_dag.py for tasks to queue
[2023-06-05 23:13:33,955] {logging_mixin.py:115} INFO - [2023-06-05 23:13:33,955] {dagbag.py:507} INFO - Filling up the DagBag from /home/gui/Documentos/airflowalura/venv/lib/python3.9/site-packages/airflow/example_dags/example_trigger_target_dag.py
[2023-06-05 23:13:33,981] {processor.py:651} INFO - DAG(s) dict_keys(['example_trigger_target_dag']) retrieved from /home/gui/Documentos/airflowalura/venv/lib/python3.9/site-packages/airflow/example_dags/example_trigger_target_dag.py
[2023-06-05 23:13:34,006] {logging_mixin.py:115} INFO - [2023-06-05 23:13:34,006] {dag.py:2379} INFO - Sync 1 DAGs
[2023-06-05 23:13:34,031] {logging_mixin.py:115} INFO - [2023-06-05 23:13:34,031] {dag.py:2927} INFO - Setting next_dagrun for example_trigger_target_dag to None, run_after=None
[2023-06-05 23:13:34,051] {processor.py:161} INFO - Processing /home/gui/Documentos/airflowalura/venv/lib/python3.9/site-packages/airflow/example_dags/example_trigger_target_dag.py took 0.103 seconds
[2023-06-05 23:14:11,656] {processor.py:153} INFO - Started process (PID=45463) to work on /home/gui/Documentos/airflowalura/venv/lib/python3.9/site-packages/airflow/example_dags/example_trigger_target_dag.py
[2023-06-05 23:14:11,657] {processor.py:641} INFO - Processing file /home/gui/Documentos/airflowalura/venv/lib/python3.9/site-packages/airflow/example_dags/example_trigger_target_dag.py for tasks to queue
[2023-06-05 23:14:11,658] {logging_mixin.py:115} INFO - [2023-06-05 23:14:11,658] {dagbag.py:507} INFO - Filling up the DagBag from /home/gui/Documentos/airflowalura/venv/lib/python3.9/site-packages/airflow/example_dags/example_trigger_target_dag.py
[2023-06-05 23:14:11,687] {processor.py:651} INFO - DAG(s) dict_keys(['example_trigger_target_dag']) retrieved from /home/gui/Documentos/airflowalura/venv/lib/python3.9/site-packages/airflow/example_dags/example_trigger_target_dag.py
[2023-06-05 23:14:11,714] {logging_mixin.py:115} INFO - [2023-06-05 23:14:11,714] {dag.py:2379} INFO - Sync 1 DAGs
[2023-06-05 23:14:11,741] {logging_mixin.py:115} INFO - [2023-06-05 23:14:11,741] {dag.py:2927} INFO - Setting next_dagrun for example_trigger_target_dag to None, run_after=None
[2023-06-05 23:14:11,831] {processor.py:161} INFO - Processing /home/gui/Documentos/airflowalura/venv/lib/python3.9/site-packages/airflow/example_dags/example_trigger_target_dag.py took 0.183 seconds
[2023-06-05 23:14:45,843] {processor.py:153} INFO - Started process (PID=45494) to work on /home/gui/Documentos/airflowalura/venv/lib/python3.9/site-packages/airflow/example_dags/example_trigger_target_dag.py
[2023-06-05 23:14:45,844] {processor.py:641} INFO - Processing file /home/gui/Documentos/airflowalura/venv/lib/python3.9/site-packages/airflow/example_dags/example_trigger_target_dag.py for tasks to queue
[2023-06-05 23:14:45,845] {logging_mixin.py:115} INFO - [2023-06-05 23:14:45,845] {dagbag.py:507} INFO - Filling up the DagBag from /home/gui/Documentos/airflowalura/venv/lib/python3.9/site-packages/airflow/example_dags/example_trigger_target_dag.py
[2023-06-05 23:14:45,873] {processor.py:651} INFO - DAG(s) dict_keys(['example_trigger_target_dag']) retrieved from /home/gui/Documentos/airflowalura/venv/lib/python3.9/site-packages/airflow/example_dags/example_trigger_target_dag.py
[2023-06-05 23:14:45,901] {logging_mixin.py:115} INFO - [2023-06-05 23:14:45,901] {dag.py:2379} INFO - Sync 1 DAGs
[2023-06-05 23:14:45,926] {logging_mixin.py:115} INFO - [2023-06-05 23:14:45,926] {dag.py:2927} INFO - Setting next_dagrun for example_trigger_target_dag to None, run_after=None
[2023-06-05 23:14:45,944] {processor.py:161} INFO - Processing /home/gui/Documentos/airflowalura/venv/lib/python3.9/site-packages/airflow/example_dags/example_trigger_target_dag.py took 0.107 seconds
[2023-06-05 23:15:24,910] {processor.py:153} INFO - Started process (PID=45528) to work on /home/gui/Documentos/airflowalura/venv/lib/python3.9/site-packages/airflow/example_dags/example_trigger_target_dag.py
[2023-06-05 23:15:24,912] {processor.py:641} INFO - Processing file /home/gui/Documentos/airflowalura/venv/lib/python3.9/site-packages/airflow/example_dags/example_trigger_target_dag.py for tasks to queue
[2023-06-05 23:15:24,912] {logging_mixin.py:115} INFO - [2023-06-05 23:15:24,912] {dagbag.py:507} INFO - Filling up the DagBag from /home/gui/Documentos/airflowalura/venv/lib/python3.9/site-packages/airflow/example_dags/example_trigger_target_dag.py
[2023-06-05 23:15:24,946] {processor.py:651} INFO - DAG(s) dict_keys(['example_trigger_target_dag']) retrieved from /home/gui/Documentos/airflowalura/venv/lib/python3.9/site-packages/airflow/example_dags/example_trigger_target_dag.py
[2023-06-05 23:15:24,981] {logging_mixin.py:115} INFO - [2023-06-05 23:15:24,981] {dag.py:2379} INFO - Sync 1 DAGs
[2023-06-05 23:15:25,018] {logging_mixin.py:115} INFO - [2023-06-05 23:15:25,018] {dag.py:2927} INFO - Setting next_dagrun for example_trigger_target_dag to None, run_after=None
[2023-06-05 23:15:25,197] {processor.py:161} INFO - Processing /home/gui/Documentos/airflowalura/venv/lib/python3.9/site-packages/airflow/example_dags/example_trigger_target_dag.py took 0.293 seconds
[2023-06-05 23:16:03,218] {processor.py:153} INFO - Started process (PID=45584) to work on /home/gui/Documentos/airflowalura/venv/lib/python3.9/site-packages/airflow/example_dags/example_trigger_target_dag.py
[2023-06-05 23:16:03,220] {processor.py:641} INFO - Processing file /home/gui/Documentos/airflowalura/venv/lib/python3.9/site-packages/airflow/example_dags/example_trigger_target_dag.py for tasks to queue
[2023-06-05 23:16:03,221] {logging_mixin.py:115} INFO - [2023-06-05 23:16:03,220] {dagbag.py:507} INFO - Filling up the DagBag from /home/gui/Documentos/airflowalura/venv/lib/python3.9/site-packages/airflow/example_dags/example_trigger_target_dag.py
[2023-06-05 23:16:03,252] {processor.py:651} INFO - DAG(s) dict_keys(['example_trigger_target_dag']) retrieved from /home/gui/Documentos/airflowalura/venv/lib/python3.9/site-packages/airflow/example_dags/example_trigger_target_dag.py
[2023-06-05 23:16:03,286] {logging_mixin.py:115} INFO - [2023-06-05 23:16:03,286] {dag.py:2379} INFO - Sync 1 DAGs
[2023-06-05 23:16:03,320] {logging_mixin.py:115} INFO - [2023-06-05 23:16:03,320] {dag.py:2927} INFO - Setting next_dagrun for example_trigger_target_dag to None, run_after=None
[2023-06-05 23:16:03,394] {processor.py:161} INFO - Processing /home/gui/Documentos/airflowalura/venv/lib/python3.9/site-packages/airflow/example_dags/example_trigger_target_dag.py took 0.182 seconds
[2023-06-05 23:16:42,531] {processor.py:153} INFO - Started process (PID=45620) to work on /home/gui/Documentos/airflowalura/venv/lib/python3.9/site-packages/airflow/example_dags/example_trigger_target_dag.py
[2023-06-05 23:16:42,533] {processor.py:641} INFO - Processing file /home/gui/Documentos/airflowalura/venv/lib/python3.9/site-packages/airflow/example_dags/example_trigger_target_dag.py for tasks to queue
[2023-06-05 23:16:42,534] {logging_mixin.py:115} INFO - [2023-06-05 23:16:42,534] {dagbag.py:507} INFO - Filling up the DagBag from /home/gui/Documentos/airflowalura/venv/lib/python3.9/site-packages/airflow/example_dags/example_trigger_target_dag.py
[2023-06-05 23:16:42,567] {processor.py:651} INFO - DAG(s) dict_keys(['example_trigger_target_dag']) retrieved from /home/gui/Documentos/airflowalura/venv/lib/python3.9/site-packages/airflow/example_dags/example_trigger_target_dag.py
[2023-06-05 23:16:42,599] {logging_mixin.py:115} INFO - [2023-06-05 23:16:42,599] {dag.py:2379} INFO - Sync 1 DAGs
[2023-06-05 23:16:42,632] {logging_mixin.py:115} INFO - [2023-06-05 23:16:42,632] {dag.py:2927} INFO - Setting next_dagrun for example_trigger_target_dag to None, run_after=None
[2023-06-05 23:16:42,673] {processor.py:161} INFO - Processing /home/gui/Documentos/airflowalura/venv/lib/python3.9/site-packages/airflow/example_dags/example_trigger_target_dag.py took 0.149 seconds
[2023-06-05 23:17:17,744] {processor.py:153} INFO - Started process (PID=45654) to work on /home/gui/Documentos/airflowalura/venv/lib/python3.9/site-packages/airflow/example_dags/example_trigger_target_dag.py
[2023-06-05 23:17:17,746] {processor.py:641} INFO - Processing file /home/gui/Documentos/airflowalura/venv/lib/python3.9/site-packages/airflow/example_dags/example_trigger_target_dag.py for tasks to queue
[2023-06-05 23:17:17,748] {logging_mixin.py:115} INFO - [2023-06-05 23:17:17,748] {dagbag.py:507} INFO - Filling up the DagBag from /home/gui/Documentos/airflowalura/venv/lib/python3.9/site-packages/airflow/example_dags/example_trigger_target_dag.py
[2023-06-05 23:17:17,781] {processor.py:651} INFO - DAG(s) dict_keys(['example_trigger_target_dag']) retrieved from /home/gui/Documentos/airflowalura/venv/lib/python3.9/site-packages/airflow/example_dags/example_trigger_target_dag.py
[2023-06-05 23:17:17,817] {logging_mixin.py:115} INFO - [2023-06-05 23:17:17,816] {dag.py:2379} INFO - Sync 1 DAGs
[2023-06-05 23:17:17,847] {logging_mixin.py:115} INFO - [2023-06-05 23:17:17,847] {dag.py:2927} INFO - Setting next_dagrun for example_trigger_target_dag to None, run_after=None
[2023-06-05 23:17:18,037] {processor.py:161} INFO - Processing /home/gui/Documentos/airflowalura/venv/lib/python3.9/site-packages/airflow/example_dags/example_trigger_target_dag.py took 0.300 seconds
[2023-06-05 23:18:02,484] {processor.py:153} INFO - Started process (PID=45692) to work on /home/gui/Documentos/airflowalura/venv/lib/python3.9/site-packages/airflow/example_dags/example_trigger_target_dag.py
[2023-06-05 23:18:02,485] {processor.py:641} INFO - Processing file /home/gui/Documentos/airflowalura/venv/lib/python3.9/site-packages/airflow/example_dags/example_trigger_target_dag.py for tasks to queue
[2023-06-05 23:18:02,486] {logging_mixin.py:115} INFO - [2023-06-05 23:18:02,486] {dagbag.py:507} INFO - Filling up the DagBag from /home/gui/Documentos/airflowalura/venv/lib/python3.9/site-packages/airflow/example_dags/example_trigger_target_dag.py
[2023-06-05 23:18:02,516] {processor.py:651} INFO - DAG(s) dict_keys(['example_trigger_target_dag']) retrieved from /home/gui/Documentos/airflowalura/venv/lib/python3.9/site-packages/airflow/example_dags/example_trigger_target_dag.py
[2023-06-05 23:18:02,547] {logging_mixin.py:115} INFO - [2023-06-05 23:18:02,547] {dag.py:2379} INFO - Sync 1 DAGs
[2023-06-05 23:18:02,575] {logging_mixin.py:115} INFO - [2023-06-05 23:18:02,575] {dag.py:2927} INFO - Setting next_dagrun for example_trigger_target_dag to None, run_after=None
[2023-06-05 23:18:02,633] {processor.py:161} INFO - Processing /home/gui/Documentos/airflowalura/venv/lib/python3.9/site-packages/airflow/example_dags/example_trigger_target_dag.py took 0.155 seconds
[2023-06-05 23:18:42,141] {processor.py:153} INFO - Started process (PID=45727) to work on /home/gui/Documentos/airflowalura/venv/lib/python3.9/site-packages/airflow/example_dags/example_trigger_target_dag.py
[2023-06-05 23:18:42,142] {processor.py:641} INFO - Processing file /home/gui/Documentos/airflowalura/venv/lib/python3.9/site-packages/airflow/example_dags/example_trigger_target_dag.py for tasks to queue
[2023-06-05 23:18:42,143] {logging_mixin.py:115} INFO - [2023-06-05 23:18:42,143] {dagbag.py:507} INFO - Filling up the DagBag from /home/gui/Documentos/airflowalura/venv/lib/python3.9/site-packages/airflow/example_dags/example_trigger_target_dag.py
[2023-06-05 23:18:42,176] {processor.py:651} INFO - DAG(s) dict_keys(['example_trigger_target_dag']) retrieved from /home/gui/Documentos/airflowalura/venv/lib/python3.9/site-packages/airflow/example_dags/example_trigger_target_dag.py
[2023-06-05 23:18:42,208] {logging_mixin.py:115} INFO - [2023-06-05 23:18:42,208] {dag.py:2379} INFO - Sync 1 DAGs
[2023-06-05 23:18:42,244] {logging_mixin.py:115} INFO - [2023-06-05 23:18:42,243] {dag.py:2927} INFO - Setting next_dagrun for example_trigger_target_dag to None, run_after=None
[2023-06-05 23:18:42,280] {processor.py:161} INFO - Processing /home/gui/Documentos/airflowalura/venv/lib/python3.9/site-packages/airflow/example_dags/example_trigger_target_dag.py took 0.150 seconds
[2023-06-05 23:19:16,392] {processor.py:153} INFO - Started process (PID=45756) to work on /home/gui/Documentos/airflowalura/venv/lib/python3.9/site-packages/airflow/example_dags/example_trigger_target_dag.py
[2023-06-05 23:19:16,393] {processor.py:641} INFO - Processing file /home/gui/Documentos/airflowalura/venv/lib/python3.9/site-packages/airflow/example_dags/example_trigger_target_dag.py for tasks to queue
[2023-06-05 23:19:16,394] {logging_mixin.py:115} INFO - [2023-06-05 23:19:16,394] {dagbag.py:507} INFO - Filling up the DagBag from /home/gui/Documentos/airflowalura/venv/lib/python3.9/site-packages/airflow/example_dags/example_trigger_target_dag.py
[2023-06-05 23:19:16,427] {processor.py:651} INFO - DAG(s) dict_keys(['example_trigger_target_dag']) retrieved from /home/gui/Documentos/airflowalura/venv/lib/python3.9/site-packages/airflow/example_dags/example_trigger_target_dag.py
[2023-06-05 23:19:16,464] {logging_mixin.py:115} INFO - [2023-06-05 23:19:16,464] {dag.py:2379} INFO - Sync 1 DAGs
[2023-06-05 23:19:16,505] {logging_mixin.py:115} INFO - [2023-06-05 23:19:16,505] {dag.py:2927} INFO - Setting next_dagrun for example_trigger_target_dag to None, run_after=None
[2023-06-05 23:19:16,527] {processor.py:161} INFO - Processing /home/gui/Documentos/airflowalura/venv/lib/python3.9/site-packages/airflow/example_dags/example_trigger_target_dag.py took 0.141 seconds
[2023-06-05 23:19:53,703] {processor.py:153} INFO - Started process (PID=45793) to work on /home/gui/Documentos/airflowalura/venv/lib/python3.9/site-packages/airflow/example_dags/example_trigger_target_dag.py
[2023-06-05 23:19:53,720] {processor.py:641} INFO - Processing file /home/gui/Documentos/airflowalura/venv/lib/python3.9/site-packages/airflow/example_dags/example_trigger_target_dag.py for tasks to queue
[2023-06-05 23:19:53,721] {logging_mixin.py:115} INFO - [2023-06-05 23:19:53,721] {dagbag.py:507} INFO - Filling up the DagBag from /home/gui/Documentos/airflowalura/venv/lib/python3.9/site-packages/airflow/example_dags/example_trigger_target_dag.py
[2023-06-05 23:19:53,757] {processor.py:651} INFO - DAG(s) dict_keys(['example_trigger_target_dag']) retrieved from /home/gui/Documentos/airflowalura/venv/lib/python3.9/site-packages/airflow/example_dags/example_trigger_target_dag.py
[2023-06-05 23:19:53,796] {logging_mixin.py:115} INFO - [2023-06-05 23:19:53,796] {dag.py:2379} INFO - Sync 1 DAGs
[2023-06-05 23:19:53,831] {logging_mixin.py:115} INFO - [2023-06-05 23:19:53,830] {dag.py:2927} INFO - Setting next_dagrun for example_trigger_target_dag to None, run_after=None
[2023-06-05 23:19:53,874] {processor.py:161} INFO - Processing /home/gui/Documentos/airflowalura/venv/lib/python3.9/site-packages/airflow/example_dags/example_trigger_target_dag.py took 0.180 seconds
[2023-06-05 23:20:31,654] {processor.py:153} INFO - Started process (PID=45839) to work on /home/gui/Documentos/airflowalura/venv/lib/python3.9/site-packages/airflow/example_dags/example_trigger_target_dag.py
[2023-06-05 23:20:31,657] {processor.py:641} INFO - Processing file /home/gui/Documentos/airflowalura/venv/lib/python3.9/site-packages/airflow/example_dags/example_trigger_target_dag.py for tasks to queue
[2023-06-05 23:20:31,658] {logging_mixin.py:115} INFO - [2023-06-05 23:20:31,658] {dagbag.py:507} INFO - Filling up the DagBag from /home/gui/Documentos/airflowalura/venv/lib/python3.9/site-packages/airflow/example_dags/example_trigger_target_dag.py
[2023-06-05 23:20:31,694] {processor.py:651} INFO - DAG(s) dict_keys(['example_trigger_target_dag']) retrieved from /home/gui/Documentos/airflowalura/venv/lib/python3.9/site-packages/airflow/example_dags/example_trigger_target_dag.py
[2023-06-05 23:20:31,729] {logging_mixin.py:115} INFO - [2023-06-05 23:20:31,728] {dag.py:2379} INFO - Sync 1 DAGs
[2023-06-05 23:20:31,762] {logging_mixin.py:115} INFO - [2023-06-05 23:20:31,762] {dag.py:2927} INFO - Setting next_dagrun for example_trigger_target_dag to None, run_after=None
[2023-06-05 23:20:31,846] {processor.py:161} INFO - Processing /home/gui/Documentos/airflowalura/venv/lib/python3.9/site-packages/airflow/example_dags/example_trigger_target_dag.py took 0.201 seconds
[2023-06-05 23:21:06,144] {processor.py:153} INFO - Started process (PID=45878) to work on /home/gui/Documentos/airflowalura/venv/lib/python3.9/site-packages/airflow/example_dags/example_trigger_target_dag.py
[2023-06-05 23:21:06,146] {processor.py:641} INFO - Processing file /home/gui/Documentos/airflowalura/venv/lib/python3.9/site-packages/airflow/example_dags/example_trigger_target_dag.py for tasks to queue
[2023-06-05 23:21:06,147] {logging_mixin.py:115} INFO - [2023-06-05 23:21:06,147] {dagbag.py:507} INFO - Filling up the DagBag from /home/gui/Documentos/airflowalura/venv/lib/python3.9/site-packages/airflow/example_dags/example_trigger_target_dag.py
[2023-06-05 23:21:06,178] {processor.py:651} INFO - DAG(s) dict_keys(['example_trigger_target_dag']) retrieved from /home/gui/Documentos/airflowalura/venv/lib/python3.9/site-packages/airflow/example_dags/example_trigger_target_dag.py
[2023-06-05 23:21:06,207] {logging_mixin.py:115} INFO - [2023-06-05 23:21:06,207] {dag.py:2379} INFO - Sync 1 DAGs
[2023-06-05 23:21:06,239] {logging_mixin.py:115} INFO - [2023-06-05 23:21:06,239] {dag.py:2927} INFO - Setting next_dagrun for example_trigger_target_dag to None, run_after=None
[2023-06-05 23:21:06,276] {processor.py:161} INFO - Processing /home/gui/Documentos/airflowalura/venv/lib/python3.9/site-packages/airflow/example_dags/example_trigger_target_dag.py took 0.138 seconds
[2023-06-05 23:21:37,686] {processor.py:153} INFO - Started process (PID=45914) to work on /home/gui/Documentos/airflowalura/venv/lib/python3.9/site-packages/airflow/example_dags/example_trigger_target_dag.py
[2023-06-05 23:21:37,687] {processor.py:641} INFO - Processing file /home/gui/Documentos/airflowalura/venv/lib/python3.9/site-packages/airflow/example_dags/example_trigger_target_dag.py for tasks to queue
[2023-06-05 23:21:37,687] {logging_mixin.py:115} INFO - [2023-06-05 23:21:37,687] {dagbag.py:507} INFO - Filling up the DagBag from /home/gui/Documentos/airflowalura/venv/lib/python3.9/site-packages/airflow/example_dags/example_trigger_target_dag.py
[2023-06-05 23:21:37,717] {processor.py:651} INFO - DAG(s) dict_keys(['example_trigger_target_dag']) retrieved from /home/gui/Documentos/airflowalura/venv/lib/python3.9/site-packages/airflow/example_dags/example_trigger_target_dag.py
[2023-06-05 23:21:37,747] {logging_mixin.py:115} INFO - [2023-06-05 23:21:37,747] {dag.py:2379} INFO - Sync 1 DAGs
[2023-06-05 23:21:37,780] {logging_mixin.py:115} INFO - [2023-06-05 23:21:37,780] {dag.py:2927} INFO - Setting next_dagrun for example_trigger_target_dag to None, run_after=None
[2023-06-05 23:21:37,814] {processor.py:161} INFO - Processing /home/gui/Documentos/airflowalura/venv/lib/python3.9/site-packages/airflow/example_dags/example_trigger_target_dag.py took 0.134 seconds
[2023-06-05 23:22:11,941] {processor.py:153} INFO - Started process (PID=45953) to work on /home/gui/Documentos/airflowalura/venv/lib/python3.9/site-packages/airflow/example_dags/example_trigger_target_dag.py
[2023-06-05 23:22:11,943] {processor.py:641} INFO - Processing file /home/gui/Documentos/airflowalura/venv/lib/python3.9/site-packages/airflow/example_dags/example_trigger_target_dag.py for tasks to queue
[2023-06-05 23:22:11,944] {logging_mixin.py:115} INFO - [2023-06-05 23:22:11,944] {dagbag.py:507} INFO - Filling up the DagBag from /home/gui/Documentos/airflowalura/venv/lib/python3.9/site-packages/airflow/example_dags/example_trigger_target_dag.py
[2023-06-05 23:22:11,978] {processor.py:651} INFO - DAG(s) dict_keys(['example_trigger_target_dag']) retrieved from /home/gui/Documentos/airflowalura/venv/lib/python3.9/site-packages/airflow/example_dags/example_trigger_target_dag.py
[2023-06-05 23:22:12,012] {logging_mixin.py:115} INFO - [2023-06-05 23:22:12,012] {dag.py:2379} INFO - Sync 1 DAGs
[2023-06-05 23:22:12,048] {logging_mixin.py:115} INFO - [2023-06-05 23:22:12,048] {dag.py:2927} INFO - Setting next_dagrun for example_trigger_target_dag to None, run_after=None
[2023-06-05 23:22:12,071] {processor.py:161} INFO - Processing /home/gui/Documentos/airflowalura/venv/lib/python3.9/site-packages/airflow/example_dags/example_trigger_target_dag.py took 0.137 seconds
[2023-06-05 23:22:57,469] {processor.py:153} INFO - Started process (PID=46007) to work on /home/gui/Documentos/airflowalura/venv/lib/python3.9/site-packages/airflow/example_dags/example_trigger_target_dag.py
[2023-06-05 23:22:57,470] {processor.py:641} INFO - Processing file /home/gui/Documentos/airflowalura/venv/lib/python3.9/site-packages/airflow/example_dags/example_trigger_target_dag.py for tasks to queue
[2023-06-05 23:22:57,471] {logging_mixin.py:115} INFO - [2023-06-05 23:22:57,471] {dagbag.py:507} INFO - Filling up the DagBag from /home/gui/Documentos/airflowalura/venv/lib/python3.9/site-packages/airflow/example_dags/example_trigger_target_dag.py
[2023-06-05 23:22:57,499] {processor.py:651} INFO - DAG(s) dict_keys(['example_trigger_target_dag']) retrieved from /home/gui/Documentos/airflowalura/venv/lib/python3.9/site-packages/airflow/example_dags/example_trigger_target_dag.py
[2023-06-05 23:22:57,526] {logging_mixin.py:115} INFO - [2023-06-05 23:22:57,526] {dag.py:2379} INFO - Sync 1 DAGs
[2023-06-05 23:22:57,557] {logging_mixin.py:115} INFO - [2023-06-05 23:22:57,557] {dag.py:2927} INFO - Setting next_dagrun for example_trigger_target_dag to None, run_after=None
[2023-06-05 23:22:57,932] {processor.py:161} INFO - Processing /home/gui/Documentos/airflowalura/venv/lib/python3.9/site-packages/airflow/example_dags/example_trigger_target_dag.py took 0.468 seconds
[2023-06-05 23:23:35,923] {processor.py:153} INFO - Started process (PID=46046) to work on /home/gui/Documentos/airflowalura/venv/lib/python3.9/site-packages/airflow/example_dags/example_trigger_target_dag.py
[2023-06-05 23:23:35,924] {processor.py:641} INFO - Processing file /home/gui/Documentos/airflowalura/venv/lib/python3.9/site-packages/airflow/example_dags/example_trigger_target_dag.py for tasks to queue
[2023-06-05 23:23:35,925] {logging_mixin.py:115} INFO - [2023-06-05 23:23:35,925] {dagbag.py:507} INFO - Filling up the DagBag from /home/gui/Documentos/airflowalura/venv/lib/python3.9/site-packages/airflow/example_dags/example_trigger_target_dag.py
[2023-06-05 23:23:35,954] {processor.py:651} INFO - DAG(s) dict_keys(['example_trigger_target_dag']) retrieved from /home/gui/Documentos/airflowalura/venv/lib/python3.9/site-packages/airflow/example_dags/example_trigger_target_dag.py
[2023-06-05 23:23:35,983] {logging_mixin.py:115} INFO - [2023-06-05 23:23:35,983] {dag.py:2379} INFO - Sync 1 DAGs
[2023-06-05 23:23:36,009] {logging_mixin.py:115} INFO - [2023-06-05 23:23:36,009] {dag.py:2927} INFO - Setting next_dagrun for example_trigger_target_dag to None, run_after=None
[2023-06-05 23:23:36,040] {processor.py:161} INFO - Processing /home/gui/Documentos/airflowalura/venv/lib/python3.9/site-packages/airflow/example_dags/example_trigger_target_dag.py took 0.122 seconds
[2023-06-05 23:24:12,482] {processor.py:153} INFO - Started process (PID=46086) to work on /home/gui/Documentos/airflowalura/venv/lib/python3.9/site-packages/airflow/example_dags/example_trigger_target_dag.py
[2023-06-05 23:24:12,483] {processor.py:641} INFO - Processing file /home/gui/Documentos/airflowalura/venv/lib/python3.9/site-packages/airflow/example_dags/example_trigger_target_dag.py for tasks to queue
[2023-06-05 23:24:12,484] {logging_mixin.py:115} INFO - [2023-06-05 23:24:12,484] {dagbag.py:507} INFO - Filling up the DagBag from /home/gui/Documentos/airflowalura/venv/lib/python3.9/site-packages/airflow/example_dags/example_trigger_target_dag.py
[2023-06-05 23:24:12,512] {processor.py:651} INFO - DAG(s) dict_keys(['example_trigger_target_dag']) retrieved from /home/gui/Documentos/airflowalura/venv/lib/python3.9/site-packages/airflow/example_dags/example_trigger_target_dag.py
[2023-06-05 23:24:12,543] {logging_mixin.py:115} INFO - [2023-06-05 23:24:12,543] {dag.py:2379} INFO - Sync 1 DAGs
[2023-06-05 23:24:12,575] {logging_mixin.py:115} INFO - [2023-06-05 23:24:12,575] {dag.py:2927} INFO - Setting next_dagrun for example_trigger_target_dag to None, run_after=None
[2023-06-05 23:24:12,871] {processor.py:161} INFO - Processing /home/gui/Documentos/airflowalura/venv/lib/python3.9/site-packages/airflow/example_dags/example_trigger_target_dag.py took 0.395 seconds
[2023-06-05 23:24:53,674] {processor.py:153} INFO - Started process (PID=46130) to work on /home/gui/Documentos/airflowalura/venv/lib/python3.9/site-packages/airflow/example_dags/example_trigger_target_dag.py
[2023-06-05 23:24:53,676] {processor.py:641} INFO - Processing file /home/gui/Documentos/airflowalura/venv/lib/python3.9/site-packages/airflow/example_dags/example_trigger_target_dag.py for tasks to queue
[2023-06-05 23:24:53,677] {logging_mixin.py:115} INFO - [2023-06-05 23:24:53,677] {dagbag.py:507} INFO - Filling up the DagBag from /home/gui/Documentos/airflowalura/venv/lib/python3.9/site-packages/airflow/example_dags/example_trigger_target_dag.py
[2023-06-05 23:24:53,709] {processor.py:651} INFO - DAG(s) dict_keys(['example_trigger_target_dag']) retrieved from /home/gui/Documentos/airflowalura/venv/lib/python3.9/site-packages/airflow/example_dags/example_trigger_target_dag.py
[2023-06-05 23:24:53,741] {logging_mixin.py:115} INFO - [2023-06-05 23:24:53,741] {dag.py:2379} INFO - Sync 1 DAGs
[2023-06-05 23:24:53,773] {logging_mixin.py:115} INFO - [2023-06-05 23:24:53,773] {dag.py:2927} INFO - Setting next_dagrun for example_trigger_target_dag to None, run_after=None
[2023-06-05 23:24:53,794] {processor.py:161} INFO - Processing /home/gui/Documentos/airflowalura/venv/lib/python3.9/site-packages/airflow/example_dags/example_trigger_target_dag.py took 0.127 seconds
[2023-06-05 23:25:32,915] {processor.py:153} INFO - Started process (PID=46172) to work on /home/gui/Documentos/airflowalura/venv/lib/python3.9/site-packages/airflow/example_dags/example_trigger_target_dag.py
[2023-06-05 23:25:32,916] {processor.py:641} INFO - Processing file /home/gui/Documentos/airflowalura/venv/lib/python3.9/site-packages/airflow/example_dags/example_trigger_target_dag.py for tasks to queue
[2023-06-05 23:25:32,918] {logging_mixin.py:115} INFO - [2023-06-05 23:25:32,917] {dagbag.py:507} INFO - Filling up the DagBag from /home/gui/Documentos/airflowalura/venv/lib/python3.9/site-packages/airflow/example_dags/example_trigger_target_dag.py
[2023-06-05 23:25:32,958] {processor.py:651} INFO - DAG(s) dict_keys(['example_trigger_target_dag']) retrieved from /home/gui/Documentos/airflowalura/venv/lib/python3.9/site-packages/airflow/example_dags/example_trigger_target_dag.py
[2023-06-05 23:25:32,997] {logging_mixin.py:115} INFO - [2023-06-05 23:25:32,997] {dag.py:2379} INFO - Sync 1 DAGs
[2023-06-05 23:25:33,042] {logging_mixin.py:115} INFO - [2023-06-05 23:25:33,042] {dag.py:2927} INFO - Setting next_dagrun for example_trigger_target_dag to None, run_after=None
[2023-06-05 23:25:33,081] {processor.py:161} INFO - Processing /home/gui/Documentos/airflowalura/venv/lib/python3.9/site-packages/airflow/example_dags/example_trigger_target_dag.py took 0.173 seconds
[2023-06-05 23:26:10,614] {processor.py:153} INFO - Started process (PID=46237) to work on /home/gui/Documentos/airflowalura/venv/lib/python3.9/site-packages/airflow/example_dags/example_trigger_target_dag.py
[2023-06-05 23:26:10,615] {processor.py:641} INFO - Processing file /home/gui/Documentos/airflowalura/venv/lib/python3.9/site-packages/airflow/example_dags/example_trigger_target_dag.py for tasks to queue
[2023-06-05 23:26:10,616] {logging_mixin.py:115} INFO - [2023-06-05 23:26:10,616] {dagbag.py:507} INFO - Filling up the DagBag from /home/gui/Documentos/airflowalura/venv/lib/python3.9/site-packages/airflow/example_dags/example_trigger_target_dag.py
[2023-06-05 23:26:10,651] {processor.py:651} INFO - DAG(s) dict_keys(['example_trigger_target_dag']) retrieved from /home/gui/Documentos/airflowalura/venv/lib/python3.9/site-packages/airflow/example_dags/example_trigger_target_dag.py
[2023-06-05 23:26:10,686] {logging_mixin.py:115} INFO - [2023-06-05 23:26:10,686] {dag.py:2379} INFO - Sync 1 DAGs
[2023-06-05 23:26:10,718] {logging_mixin.py:115} INFO - [2023-06-05 23:26:10,718] {dag.py:2927} INFO - Setting next_dagrun for example_trigger_target_dag to None, run_after=None
[2023-06-05 23:26:10,742] {processor.py:161} INFO - Processing /home/gui/Documentos/airflowalura/venv/lib/python3.9/site-packages/airflow/example_dags/example_trigger_target_dag.py took 0.134 seconds
[2023-06-05 23:30:54,785] {processor.py:153} INFO - Started process (PID=46705) to work on /home/gui/Documentos/airflowalura/venv/lib/python3.9/site-packages/airflow/example_dags/example_trigger_target_dag.py
[2023-06-05 23:30:54,810] {processor.py:641} INFO - Processing file /home/gui/Documentos/airflowalura/venv/lib/python3.9/site-packages/airflow/example_dags/example_trigger_target_dag.py for tasks to queue
[2023-06-05 23:30:54,812] {logging_mixin.py:115} INFO - [2023-06-05 23:30:54,812] {dagbag.py:507} INFO - Filling up the DagBag from /home/gui/Documentos/airflowalura/venv/lib/python3.9/site-packages/airflow/example_dags/example_trigger_target_dag.py
[2023-06-05 23:30:54,856] {processor.py:651} INFO - DAG(s) dict_keys(['example_trigger_target_dag']) retrieved from /home/gui/Documentos/airflowalura/venv/lib/python3.9/site-packages/airflow/example_dags/example_trigger_target_dag.py
[2023-06-05 23:30:54,893] {logging_mixin.py:115} INFO - [2023-06-05 23:30:54,893] {dag.py:2379} INFO - Sync 1 DAGs
[2023-06-05 23:30:54,936] {logging_mixin.py:115} INFO - [2023-06-05 23:30:54,936] {dag.py:2927} INFO - Setting next_dagrun for example_trigger_target_dag to None, run_after=None
[2023-06-05 23:30:55,094] {processor.py:161} INFO - Processing /home/gui/Documentos/airflowalura/venv/lib/python3.9/site-packages/airflow/example_dags/example_trigger_target_dag.py took 0.320 seconds
[2023-06-05 23:31:52,765] {processor.py:153} INFO - Started process (PID=46984) to work on /home/gui/Documentos/airflowalura/venv/lib/python3.9/site-packages/airflow/example_dags/example_trigger_target_dag.py
[2023-06-05 23:31:52,802] {processor.py:641} INFO - Processing file /home/gui/Documentos/airflowalura/venv/lib/python3.9/site-packages/airflow/example_dags/example_trigger_target_dag.py for tasks to queue
[2023-06-05 23:31:52,803] {logging_mixin.py:115} INFO - [2023-06-05 23:31:52,803] {dagbag.py:507} INFO - Filling up the DagBag from /home/gui/Documentos/airflowalura/venv/lib/python3.9/site-packages/airflow/example_dags/example_trigger_target_dag.py
[2023-06-05 23:31:52,868] {processor.py:651} INFO - DAG(s) dict_keys(['example_trigger_target_dag']) retrieved from /home/gui/Documentos/airflowalura/venv/lib/python3.9/site-packages/airflow/example_dags/example_trigger_target_dag.py
[2023-06-05 23:31:52,941] {logging_mixin.py:115} INFO - [2023-06-05 23:31:52,941] {dag.py:2379} INFO - Sync 1 DAGs
[2023-06-05 23:31:52,997] {logging_mixin.py:115} INFO - [2023-06-05 23:31:52,997] {dag.py:2927} INFO - Setting next_dagrun for example_trigger_target_dag to None, run_after=None
[2023-06-05 23:31:53,071] {processor.py:161} INFO - Processing /home/gui/Documentos/airflowalura/venv/lib/python3.9/site-packages/airflow/example_dags/example_trigger_target_dag.py took 0.320 seconds
[2023-06-05 23:32:37,898] {processor.py:153} INFO - Started process (PID=47608) to work on /home/gui/Documentos/airflowalura/venv/lib/python3.9/site-packages/airflow/example_dags/example_trigger_target_dag.py
[2023-06-05 23:32:37,908] {processor.py:641} INFO - Processing file /home/gui/Documentos/airflowalura/venv/lib/python3.9/site-packages/airflow/example_dags/example_trigger_target_dag.py for tasks to queue
[2023-06-05 23:32:37,909] {logging_mixin.py:115} INFO - [2023-06-05 23:32:37,909] {dagbag.py:507} INFO - Filling up the DagBag from /home/gui/Documentos/airflowalura/venv/lib/python3.9/site-packages/airflow/example_dags/example_trigger_target_dag.py
[2023-06-05 23:32:37,956] {processor.py:651} INFO - DAG(s) dict_keys(['example_trigger_target_dag']) retrieved from /home/gui/Documentos/airflowalura/venv/lib/python3.9/site-packages/airflow/example_dags/example_trigger_target_dag.py
[2023-06-05 23:32:37,996] {logging_mixin.py:115} INFO - [2023-06-05 23:32:37,995] {dag.py:2379} INFO - Sync 1 DAGs
[2023-06-05 23:32:38,035] {logging_mixin.py:115} INFO - [2023-06-05 23:32:38,035] {dag.py:2927} INFO - Setting next_dagrun for example_trigger_target_dag to None, run_after=None
[2023-06-05 23:32:38,055] {processor.py:161} INFO - Processing /home/gui/Documentos/airflowalura/venv/lib/python3.9/site-packages/airflow/example_dags/example_trigger_target_dag.py took 0.168 seconds
[2023-06-05 23:33:21,398] {processor.py:153} INFO - Started process (PID=48274) to work on /home/gui/Documentos/airflowalura/venv/lib/python3.9/site-packages/airflow/example_dags/example_trigger_target_dag.py
[2023-06-05 23:33:21,400] {processor.py:641} INFO - Processing file /home/gui/Documentos/airflowalura/venv/lib/python3.9/site-packages/airflow/example_dags/example_trigger_target_dag.py for tasks to queue
[2023-06-05 23:33:21,402] {logging_mixin.py:115} INFO - [2023-06-05 23:33:21,401] {dagbag.py:507} INFO - Filling up the DagBag from /home/gui/Documentos/airflowalura/venv/lib/python3.9/site-packages/airflow/example_dags/example_trigger_target_dag.py
[2023-06-05 23:33:21,483] {processor.py:651} INFO - DAG(s) dict_keys(['example_trigger_target_dag']) retrieved from /home/gui/Documentos/airflowalura/venv/lib/python3.9/site-packages/airflow/example_dags/example_trigger_target_dag.py
[2023-06-05 23:33:21,574] {logging_mixin.py:115} INFO - [2023-06-05 23:33:21,574] {dag.py:2379} INFO - Sync 1 DAGs
[2023-06-05 23:33:21,632] {logging_mixin.py:115} INFO - [2023-06-05 23:33:21,632] {dag.py:2927} INFO - Setting next_dagrun for example_trigger_target_dag to None, run_after=None
[2023-06-05 23:33:21,692] {processor.py:161} INFO - Processing /home/gui/Documentos/airflowalura/venv/lib/python3.9/site-packages/airflow/example_dags/example_trigger_target_dag.py took 0.315 seconds
[2023-06-05 23:34:01,416] {processor.py:153} INFO - Started process (PID=48870) to work on /home/gui/Documentos/airflowalura/venv/lib/python3.9/site-packages/airflow/example_dags/example_trigger_target_dag.py
[2023-06-05 23:34:01,423] {processor.py:641} INFO - Processing file /home/gui/Documentos/airflowalura/venv/lib/python3.9/site-packages/airflow/example_dags/example_trigger_target_dag.py for tasks to queue
[2023-06-05 23:34:01,424] {logging_mixin.py:115} INFO - [2023-06-05 23:34:01,424] {dagbag.py:507} INFO - Filling up the DagBag from /home/gui/Documentos/airflowalura/venv/lib/python3.9/site-packages/airflow/example_dags/example_trigger_target_dag.py
[2023-06-05 23:34:01,475] {processor.py:651} INFO - DAG(s) dict_keys(['example_trigger_target_dag']) retrieved from /home/gui/Documentos/airflowalura/venv/lib/python3.9/site-packages/airflow/example_dags/example_trigger_target_dag.py
[2023-06-05 23:34:01,518] {logging_mixin.py:115} INFO - [2023-06-05 23:34:01,518] {dag.py:2379} INFO - Sync 1 DAGs
[2023-06-05 23:34:01,561] {logging_mixin.py:115} INFO - [2023-06-05 23:34:01,561] {dag.py:2927} INFO - Setting next_dagrun for example_trigger_target_dag to None, run_after=None
[2023-06-05 23:34:01,592] {processor.py:161} INFO - Processing /home/gui/Documentos/airflowalura/venv/lib/python3.9/site-packages/airflow/example_dags/example_trigger_target_dag.py took 0.183 seconds
[2023-06-05 23:34:38,573] {processor.py:153} INFO - Started process (PID=49485) to work on /home/gui/Documentos/airflowalura/venv/lib/python3.9/site-packages/airflow/example_dags/example_trigger_target_dag.py
[2023-06-05 23:34:38,574] {processor.py:641} INFO - Processing file /home/gui/Documentos/airflowalura/venv/lib/python3.9/site-packages/airflow/example_dags/example_trigger_target_dag.py for tasks to queue
[2023-06-05 23:34:38,576] {logging_mixin.py:115} INFO - [2023-06-05 23:34:38,576] {dagbag.py:507} INFO - Filling up the DagBag from /home/gui/Documentos/airflowalura/venv/lib/python3.9/site-packages/airflow/example_dags/example_trigger_target_dag.py
[2023-06-05 23:34:38,627] {processor.py:651} INFO - DAG(s) dict_keys(['example_trigger_target_dag']) retrieved from /home/gui/Documentos/airflowalura/venv/lib/python3.9/site-packages/airflow/example_dags/example_trigger_target_dag.py
[2023-06-05 23:34:38,670] {logging_mixin.py:115} INFO - [2023-06-05 23:34:38,670] {dag.py:2379} INFO - Sync 1 DAGs
[2023-06-05 23:34:38,710] {logging_mixin.py:115} INFO - [2023-06-05 23:34:38,710] {dag.py:2927} INFO - Setting next_dagrun for example_trigger_target_dag to None, run_after=None
[2023-06-05 23:34:38,739] {processor.py:161} INFO - Processing /home/gui/Documentos/airflowalura/venv/lib/python3.9/site-packages/airflow/example_dags/example_trigger_target_dag.py took 0.181 seconds
[2023-06-05 23:35:19,072] {processor.py:153} INFO - Started process (PID=49547) to work on /home/gui/Documentos/airflowalura/venv/lib/python3.9/site-packages/airflow/example_dags/example_trigger_target_dag.py
[2023-06-05 23:35:19,077] {processor.py:641} INFO - Processing file /home/gui/Documentos/airflowalura/venv/lib/python3.9/site-packages/airflow/example_dags/example_trigger_target_dag.py for tasks to queue
[2023-06-05 23:35:19,078] {logging_mixin.py:115} INFO - [2023-06-05 23:35:19,077] {dagbag.py:507} INFO - Filling up the DagBag from /home/gui/Documentos/airflowalura/venv/lib/python3.9/site-packages/airflow/example_dags/example_trigger_target_dag.py
[2023-06-05 23:35:19,129] {processor.py:651} INFO - DAG(s) dict_keys(['example_trigger_target_dag']) retrieved from /home/gui/Documentos/airflowalura/venv/lib/python3.9/site-packages/airflow/example_dags/example_trigger_target_dag.py
[2023-06-05 23:35:19,209] {logging_mixin.py:115} INFO - [2023-06-05 23:35:19,209] {dag.py:2379} INFO - Sync 1 DAGs
[2023-06-05 23:35:19,272] {logging_mixin.py:115} INFO - [2023-06-05 23:35:19,272] {dag.py:2927} INFO - Setting next_dagrun for example_trigger_target_dag to None, run_after=None
[2023-06-05 23:35:19,310] {processor.py:161} INFO - Processing /home/gui/Documentos/airflowalura/venv/lib/python3.9/site-packages/airflow/example_dags/example_trigger_target_dag.py took 0.247 seconds
[2023-06-05 23:36:01,698] {processor.py:153} INFO - Started process (PID=49608) to work on /home/gui/Documentos/airflowalura/venv/lib/python3.9/site-packages/airflow/example_dags/example_trigger_target_dag.py
[2023-06-05 23:36:01,703] {processor.py:641} INFO - Processing file /home/gui/Documentos/airflowalura/venv/lib/python3.9/site-packages/airflow/example_dags/example_trigger_target_dag.py for tasks to queue
[2023-06-05 23:36:01,704] {logging_mixin.py:115} INFO - [2023-06-05 23:36:01,704] {dagbag.py:507} INFO - Filling up the DagBag from /home/gui/Documentos/airflowalura/venv/lib/python3.9/site-packages/airflow/example_dags/example_trigger_target_dag.py
[2023-06-05 23:36:01,743] {processor.py:651} INFO - DAG(s) dict_keys(['example_trigger_target_dag']) retrieved from /home/gui/Documentos/airflowalura/venv/lib/python3.9/site-packages/airflow/example_dags/example_trigger_target_dag.py
[2023-06-05 23:36:01,777] {logging_mixin.py:115} INFO - [2023-06-05 23:36:01,777] {dag.py:2379} INFO - Sync 1 DAGs
[2023-06-05 23:36:01,820] {logging_mixin.py:115} INFO - [2023-06-05 23:36:01,820] {dag.py:2927} INFO - Setting next_dagrun for example_trigger_target_dag to None, run_after=None
[2023-06-05 23:36:01,929] {processor.py:161} INFO - Processing /home/gui/Documentos/airflowalura/venv/lib/python3.9/site-packages/airflow/example_dags/example_trigger_target_dag.py took 0.252 seconds
[2023-06-05 23:36:38,046] {processor.py:153} INFO - Started process (PID=49681) to work on /home/gui/Documentos/airflowalura/venv/lib/python3.9/site-packages/airflow/example_dags/example_trigger_target_dag.py
[2023-06-05 23:36:38,048] {processor.py:641} INFO - Processing file /home/gui/Documentos/airflowalura/venv/lib/python3.9/site-packages/airflow/example_dags/example_trigger_target_dag.py for tasks to queue
[2023-06-05 23:36:38,049] {logging_mixin.py:115} INFO - [2023-06-05 23:36:38,049] {dagbag.py:507} INFO - Filling up the DagBag from /home/gui/Documentos/airflowalura/venv/lib/python3.9/site-packages/airflow/example_dags/example_trigger_target_dag.py
[2023-06-05 23:36:38,112] {processor.py:651} INFO - DAG(s) dict_keys(['example_trigger_target_dag']) retrieved from /home/gui/Documentos/airflowalura/venv/lib/python3.9/site-packages/airflow/example_dags/example_trigger_target_dag.py
[2023-06-05 23:36:38,159] {logging_mixin.py:115} INFO - [2023-06-05 23:36:38,159] {dag.py:2379} INFO - Sync 1 DAGs
[2023-06-05 23:36:38,196] {logging_mixin.py:115} INFO - [2023-06-05 23:36:38,196] {dag.py:2927} INFO - Setting next_dagrun for example_trigger_target_dag to None, run_after=None
[2023-06-05 23:36:38,279] {processor.py:161} INFO - Processing /home/gui/Documentos/airflowalura/venv/lib/python3.9/site-packages/airflow/example_dags/example_trigger_target_dag.py took 0.247 seconds
[2023-06-05 23:37:21,629] {processor.py:153} INFO - Started process (PID=49770) to work on /home/gui/Documentos/airflowalura/venv/lib/python3.9/site-packages/airflow/example_dags/example_trigger_target_dag.py
[2023-06-05 23:37:21,632] {processor.py:641} INFO - Processing file /home/gui/Documentos/airflowalura/venv/lib/python3.9/site-packages/airflow/example_dags/example_trigger_target_dag.py for tasks to queue
[2023-06-05 23:37:21,633] {logging_mixin.py:115} INFO - [2023-06-05 23:37:21,633] {dagbag.py:507} INFO - Filling up the DagBag from /home/gui/Documentos/airflowalura/venv/lib/python3.9/site-packages/airflow/example_dags/example_trigger_target_dag.py
[2023-06-05 23:37:21,678] {processor.py:651} INFO - DAG(s) dict_keys(['example_trigger_target_dag']) retrieved from /home/gui/Documentos/airflowalura/venv/lib/python3.9/site-packages/airflow/example_dags/example_trigger_target_dag.py
[2023-06-05 23:37:21,711] {logging_mixin.py:115} INFO - [2023-06-05 23:37:21,711] {dag.py:2379} INFO - Sync 1 DAGs
[2023-06-05 23:37:21,749] {logging_mixin.py:115} INFO - [2023-06-05 23:37:21,749] {dag.py:2927} INFO - Setting next_dagrun for example_trigger_target_dag to None, run_after=None
[2023-06-05 23:37:21,806] {processor.py:161} INFO - Processing /home/gui/Documentos/airflowalura/venv/lib/python3.9/site-packages/airflow/example_dags/example_trigger_target_dag.py took 0.189 seconds
[2023-06-05 23:38:00,621] {processor.py:153} INFO - Started process (PID=49885) to work on /home/gui/Documentos/airflowalura/venv/lib/python3.9/site-packages/airflow/example_dags/example_trigger_target_dag.py
[2023-06-05 23:38:00,627] {processor.py:641} INFO - Processing file /home/gui/Documentos/airflowalura/venv/lib/python3.9/site-packages/airflow/example_dags/example_trigger_target_dag.py for tasks to queue
[2023-06-05 23:38:00,628] {logging_mixin.py:115} INFO - [2023-06-05 23:38:00,628] {dagbag.py:507} INFO - Filling up the DagBag from /home/gui/Documentos/airflowalura/venv/lib/python3.9/site-packages/airflow/example_dags/example_trigger_target_dag.py
[2023-06-05 23:38:00,659] {processor.py:651} INFO - DAG(s) dict_keys(['example_trigger_target_dag']) retrieved from /home/gui/Documentos/airflowalura/venv/lib/python3.9/site-packages/airflow/example_dags/example_trigger_target_dag.py
[2023-06-05 23:38:00,691] {logging_mixin.py:115} INFO - [2023-06-05 23:38:00,691] {dag.py:2379} INFO - Sync 1 DAGs
[2023-06-05 23:38:00,720] {logging_mixin.py:115} INFO - [2023-06-05 23:38:00,720] {dag.py:2927} INFO - Setting next_dagrun for example_trigger_target_dag to None, run_after=None
[2023-06-05 23:38:00,806] {processor.py:161} INFO - Processing /home/gui/Documentos/airflowalura/venv/lib/python3.9/site-packages/airflow/example_dags/example_trigger_target_dag.py took 0.191 seconds
[2023-06-05 23:38:46,524] {processor.py:153} INFO - Started process (PID=49963) to work on /home/gui/Documentos/airflowalura/venv/lib/python3.9/site-packages/airflow/example_dags/example_trigger_target_dag.py
[2023-06-05 23:38:46,525] {processor.py:641} INFO - Processing file /home/gui/Documentos/airflowalura/venv/lib/python3.9/site-packages/airflow/example_dags/example_trigger_target_dag.py for tasks to queue
[2023-06-05 23:38:46,526] {logging_mixin.py:115} INFO - [2023-06-05 23:38:46,526] {dagbag.py:507} INFO - Filling up the DagBag from /home/gui/Documentos/airflowalura/venv/lib/python3.9/site-packages/airflow/example_dags/example_trigger_target_dag.py
[2023-06-05 23:38:46,583] {processor.py:651} INFO - DAG(s) dict_keys(['example_trigger_target_dag']) retrieved from /home/gui/Documentos/airflowalura/venv/lib/python3.9/site-packages/airflow/example_dags/example_trigger_target_dag.py
[2023-06-05 23:38:46,640] {logging_mixin.py:115} INFO - [2023-06-05 23:38:46,640] {dag.py:2379} INFO - Sync 1 DAGs
[2023-06-05 23:38:46,695] {logging_mixin.py:115} INFO - [2023-06-05 23:38:46,695] {dag.py:2927} INFO - Setting next_dagrun for example_trigger_target_dag to None, run_after=None
[2023-06-05 23:38:46,732] {processor.py:161} INFO - Processing /home/gui/Documentos/airflowalura/venv/lib/python3.9/site-packages/airflow/example_dags/example_trigger_target_dag.py took 0.220 seconds
[2023-06-05 23:39:22,599] {processor.py:153} INFO - Started process (PID=50025) to work on /home/gui/Documentos/airflowalura/venv/lib/python3.9/site-packages/airflow/example_dags/example_trigger_target_dag.py
[2023-06-05 23:39:22,603] {processor.py:641} INFO - Processing file /home/gui/Documentos/airflowalura/venv/lib/python3.9/site-packages/airflow/example_dags/example_trigger_target_dag.py for tasks to queue
[2023-06-05 23:39:22,604] {logging_mixin.py:115} INFO - [2023-06-05 23:39:22,604] {dagbag.py:507} INFO - Filling up the DagBag from /home/gui/Documentos/airflowalura/venv/lib/python3.9/site-packages/airflow/example_dags/example_trigger_target_dag.py
[2023-06-05 23:39:22,635] {processor.py:651} INFO - DAG(s) dict_keys(['example_trigger_target_dag']) retrieved from /home/gui/Documentos/airflowalura/venv/lib/python3.9/site-packages/airflow/example_dags/example_trigger_target_dag.py
[2023-06-05 23:39:22,664] {logging_mixin.py:115} INFO - [2023-06-05 23:39:22,664] {dag.py:2379} INFO - Sync 1 DAGs
[2023-06-05 23:39:22,710] {logging_mixin.py:115} INFO - [2023-06-05 23:39:22,709] {dag.py:2927} INFO - Setting next_dagrun for example_trigger_target_dag to None, run_after=None
[2023-06-05 23:39:22,763] {processor.py:161} INFO - Processing /home/gui/Documentos/airflowalura/venv/lib/python3.9/site-packages/airflow/example_dags/example_trigger_target_dag.py took 0.176 seconds
[2023-06-05 23:39:56,958] {processor.py:153} INFO - Started process (PID=50240) to work on /home/gui/Documentos/airflowalura/venv/lib/python3.9/site-packages/airflow/example_dags/example_trigger_target_dag.py
[2023-06-05 23:39:56,963] {processor.py:641} INFO - Processing file /home/gui/Documentos/airflowalura/venv/lib/python3.9/site-packages/airflow/example_dags/example_trigger_target_dag.py for tasks to queue
[2023-06-05 23:39:56,964] {logging_mixin.py:115} INFO - [2023-06-05 23:39:56,964] {dagbag.py:507} INFO - Filling up the DagBag from /home/gui/Documentos/airflowalura/venv/lib/python3.9/site-packages/airflow/example_dags/example_trigger_target_dag.py
[2023-06-05 23:39:57,009] {processor.py:651} INFO - DAG(s) dict_keys(['example_trigger_target_dag']) retrieved from /home/gui/Documentos/airflowalura/venv/lib/python3.9/site-packages/airflow/example_dags/example_trigger_target_dag.py
[2023-06-05 23:39:57,049] {logging_mixin.py:115} INFO - [2023-06-05 23:39:57,049] {dag.py:2379} INFO - Sync 1 DAGs
[2023-06-05 23:39:57,089] {logging_mixin.py:115} INFO - [2023-06-05 23:39:57,089] {dag.py:2927} INFO - Setting next_dagrun for example_trigger_target_dag to None, run_after=None
[2023-06-05 23:39:57,145] {processor.py:161} INFO - Processing /home/gui/Documentos/airflowalura/venv/lib/python3.9/site-packages/airflow/example_dags/example_trigger_target_dag.py took 0.201 seconds
[2023-06-05 23:40:35,159] {processor.py:153} INFO - Started process (PID=50406) to work on /home/gui/Documentos/airflowalura/venv/lib/python3.9/site-packages/airflow/example_dags/example_trigger_target_dag.py
[2023-06-05 23:40:35,163] {processor.py:641} INFO - Processing file /home/gui/Documentos/airflowalura/venv/lib/python3.9/site-packages/airflow/example_dags/example_trigger_target_dag.py for tasks to queue
[2023-06-05 23:40:35,164] {logging_mixin.py:115} INFO - [2023-06-05 23:40:35,164] {dagbag.py:507} INFO - Filling up the DagBag from /home/gui/Documentos/airflowalura/venv/lib/python3.9/site-packages/airflow/example_dags/example_trigger_target_dag.py
[2023-06-05 23:40:35,201] {processor.py:651} INFO - DAG(s) dict_keys(['example_trigger_target_dag']) retrieved from /home/gui/Documentos/airflowalura/venv/lib/python3.9/site-packages/airflow/example_dags/example_trigger_target_dag.py
[2023-06-05 23:40:35,246] {logging_mixin.py:115} INFO - [2023-06-05 23:40:35,246] {dag.py:2379} INFO - Sync 1 DAGs
[2023-06-05 23:40:35,275] {logging_mixin.py:115} INFO - [2023-06-05 23:40:35,274] {dag.py:2927} INFO - Setting next_dagrun for example_trigger_target_dag to None, run_after=None
[2023-06-05 23:40:35,298] {processor.py:161} INFO - Processing /home/gui/Documentos/airflowalura/venv/lib/python3.9/site-packages/airflow/example_dags/example_trigger_target_dag.py took 0.151 seconds
[2023-06-05 23:41:13,694] {processor.py:153} INFO - Started process (PID=50705) to work on /home/gui/Documentos/airflowalura/venv/lib/python3.9/site-packages/airflow/example_dags/example_trigger_target_dag.py
[2023-06-05 23:41:13,825] {processor.py:641} INFO - Processing file /home/gui/Documentos/airflowalura/venv/lib/python3.9/site-packages/airflow/example_dags/example_trigger_target_dag.py for tasks to queue
[2023-06-05 23:41:13,826] {logging_mixin.py:115} INFO - [2023-06-05 23:41:13,826] {dagbag.py:507} INFO - Filling up the DagBag from /home/gui/Documentos/airflowalura/venv/lib/python3.9/site-packages/airflow/example_dags/example_trigger_target_dag.py
[2023-06-05 23:41:13,881] {processor.py:651} INFO - DAG(s) dict_keys(['example_trigger_target_dag']) retrieved from /home/gui/Documentos/airflowalura/venv/lib/python3.9/site-packages/airflow/example_dags/example_trigger_target_dag.py
[2023-06-05 23:41:14,663] {logging_mixin.py:115} INFO - [2023-06-05 23:41:14,663] {dag.py:2379} INFO - Sync 1 DAGs
[2023-06-05 23:41:15,046] {logging_mixin.py:115} INFO - [2023-06-05 23:41:15,046] {dag.py:2927} INFO - Setting next_dagrun for example_trigger_target_dag to None, run_after=None
[2023-06-05 23:41:15,129] {processor.py:161} INFO - Processing /home/gui/Documentos/airflowalura/venv/lib/python3.9/site-packages/airflow/example_dags/example_trigger_target_dag.py took 1.442 seconds
[2023-06-05 23:41:53,385] {processor.py:153} INFO - Started process (PID=50778) to work on /home/gui/Documentos/airflowalura/venv/lib/python3.9/site-packages/airflow/example_dags/example_trigger_target_dag.py
[2023-06-05 23:41:53,386] {processor.py:641} INFO - Processing file /home/gui/Documentos/airflowalura/venv/lib/python3.9/site-packages/airflow/example_dags/example_trigger_target_dag.py for tasks to queue
[2023-06-05 23:41:53,387] {logging_mixin.py:115} INFO - [2023-06-05 23:41:53,387] {dagbag.py:507} INFO - Filling up the DagBag from /home/gui/Documentos/airflowalura/venv/lib/python3.9/site-packages/airflow/example_dags/example_trigger_target_dag.py
[2023-06-05 23:41:53,424] {processor.py:651} INFO - DAG(s) dict_keys(['example_trigger_target_dag']) retrieved from /home/gui/Documentos/airflowalura/venv/lib/python3.9/site-packages/airflow/example_dags/example_trigger_target_dag.py
[2023-06-05 23:41:53,453] {logging_mixin.py:115} INFO - [2023-06-05 23:41:53,453] {dag.py:2379} INFO - Sync 1 DAGs
[2023-06-05 23:41:53,488] {logging_mixin.py:115} INFO - [2023-06-05 23:41:53,488] {dag.py:2927} INFO - Setting next_dagrun for example_trigger_target_dag to None, run_after=None
[2023-06-05 23:41:53,514] {processor.py:161} INFO - Processing /home/gui/Documentos/airflowalura/venv/lib/python3.9/site-packages/airflow/example_dags/example_trigger_target_dag.py took 0.139 seconds
[2023-06-05 23:42:29,656] {processor.py:153} INFO - Started process (PID=50855) to work on /home/gui/Documentos/airflowalura/venv/lib/python3.9/site-packages/airflow/example_dags/example_trigger_target_dag.py
[2023-06-05 23:42:29,657] {processor.py:641} INFO - Processing file /home/gui/Documentos/airflowalura/venv/lib/python3.9/site-packages/airflow/example_dags/example_trigger_target_dag.py for tasks to queue
[2023-06-05 23:42:29,658] {logging_mixin.py:115} INFO - [2023-06-05 23:42:29,657] {dagbag.py:507} INFO - Filling up the DagBag from /home/gui/Documentos/airflowalura/venv/lib/python3.9/site-packages/airflow/example_dags/example_trigger_target_dag.py
[2023-06-05 23:42:29,696] {processor.py:651} INFO - DAG(s) dict_keys(['example_trigger_target_dag']) retrieved from /home/gui/Documentos/airflowalura/venv/lib/python3.9/site-packages/airflow/example_dags/example_trigger_target_dag.py
[2023-06-05 23:42:29,743] {logging_mixin.py:115} INFO - [2023-06-05 23:42:29,743] {dag.py:2379} INFO - Sync 1 DAGs
[2023-06-05 23:42:29,775] {logging_mixin.py:115} INFO - [2023-06-05 23:42:29,775] {dag.py:2927} INFO - Setting next_dagrun for example_trigger_target_dag to None, run_after=None
[2023-06-05 23:42:29,806] {processor.py:161} INFO - Processing /home/gui/Documentos/airflowalura/venv/lib/python3.9/site-packages/airflow/example_dags/example_trigger_target_dag.py took 0.161 seconds
