[2023-06-05 23:05:44,597] {processor.py:153} INFO - Started process (PID=44984) to work on /home/gui/Documentos/airflowalura/venv/lib/python3.9/site-packages/airflow/example_dags/example_branch_labels.py
[2023-06-05 23:05:44,598] {processor.py:641} INFO - Processing file /home/gui/Documentos/airflowalura/venv/lib/python3.9/site-packages/airflow/example_dags/example_branch_labels.py for tasks to queue
[2023-06-05 23:05:44,599] {logging_mixin.py:115} INFO - [2023-06-05 23:05:44,598] {dagbag.py:507} INFO - Filling up the DagBag from /home/gui/Documentos/airflowalura/venv/lib/python3.9/site-packages/airflow/example_dags/example_branch_labels.py
[2023-06-05 23:05:44,609] {processor.py:651} INFO - DAG(s) dict_keys(['example_branch_labels']) retrieved from /home/gui/Documentos/airflowalura/venv/lib/python3.9/site-packages/airflow/example_dags/example_branch_labels.py
[2023-06-05 23:05:44,733] {logging_mixin.py:115} INFO - [2023-06-05 23:05:44,733] {manager.py:508} INFO - Created Permission View: can edit on DAG:example_branch_labels
[2023-06-05 23:05:44,745] {logging_mixin.py:115} INFO - [2023-06-05 23:05:44,745] {manager.py:508} INFO - Created Permission View: can delete on DAG:example_branch_labels
[2023-06-05 23:05:44,755] {logging_mixin.py:115} INFO - [2023-06-05 23:05:44,755] {manager.py:508} INFO - Created Permission View: can read on DAG:example_branch_labels
[2023-06-05 23:05:44,756] {logging_mixin.py:115} INFO - [2023-06-05 23:05:44,756] {dag.py:2379} INFO - Sync 1 DAGs
[2023-06-05 23:05:44,770] {logging_mixin.py:115} INFO - [2023-06-05 23:05:44,770] {dag.py:2398} INFO - Creating ORM DAG for example_branch_labels
[2023-06-05 23:05:44,786] {logging_mixin.py:115} INFO - [2023-06-05 23:05:44,785] {dag.py:2927} INFO - Setting next_dagrun for example_branch_labels to 2023-06-05T00:00:00+00:00, run_after=2023-06-06T00:00:00+00:00
[2023-06-05 23:05:44,805] {processor.py:161} INFO - Processing /home/gui/Documentos/airflowalura/venv/lib/python3.9/site-packages/airflow/example_dags/example_branch_labels.py took 0.214 seconds
[2023-06-05 23:06:21,633] {processor.py:153} INFO - Started process (PID=45021) to work on /home/gui/Documentos/airflowalura/venv/lib/python3.9/site-packages/airflow/example_dags/example_branch_labels.py
[2023-06-05 23:06:21,634] {processor.py:641} INFO - Processing file /home/gui/Documentos/airflowalura/venv/lib/python3.9/site-packages/airflow/example_dags/example_branch_labels.py for tasks to queue
[2023-06-05 23:06:21,635] {logging_mixin.py:115} INFO - [2023-06-05 23:06:21,635] {dagbag.py:507} INFO - Filling up the DagBag from /home/gui/Documentos/airflowalura/venv/lib/python3.9/site-packages/airflow/example_dags/example_branch_labels.py
[2023-06-05 23:06:21,649] {processor.py:651} INFO - DAG(s) dict_keys(['example_branch_labels']) retrieved from /home/gui/Documentos/airflowalura/venv/lib/python3.9/site-packages/airflow/example_dags/example_branch_labels.py
[2023-06-05 23:06:21,678] {logging_mixin.py:115} INFO - [2023-06-05 23:06:21,678] {dag.py:2379} INFO - Sync 1 DAGs
[2023-06-05 23:06:21,708] {logging_mixin.py:115} INFO - [2023-06-05 23:06:21,708] {dag.py:2927} INFO - Setting next_dagrun for example_branch_labels to 2023-06-05T00:00:00+00:00, run_after=2023-06-06T00:00:00+00:00
[2023-06-05 23:06:21,724] {processor.py:161} INFO - Processing /home/gui/Documentos/airflowalura/venv/lib/python3.9/site-packages/airflow/example_dags/example_branch_labels.py took 0.098 seconds
[2023-06-05 23:06:59,644] {processor.py:153} INFO - Started process (PID=45072) to work on /home/gui/Documentos/airflowalura/venv/lib/python3.9/site-packages/airflow/example_dags/example_branch_labels.py
[2023-06-05 23:06:59,645] {processor.py:641} INFO - Processing file /home/gui/Documentos/airflowalura/venv/lib/python3.9/site-packages/airflow/example_dags/example_branch_labels.py for tasks to queue
[2023-06-05 23:06:59,646] {logging_mixin.py:115} INFO - [2023-06-05 23:06:59,646] {dagbag.py:507} INFO - Filling up the DagBag from /home/gui/Documentos/airflowalura/venv/lib/python3.9/site-packages/airflow/example_dags/example_branch_labels.py
[2023-06-05 23:06:59,658] {processor.py:651} INFO - DAG(s) dict_keys(['example_branch_labels']) retrieved from /home/gui/Documentos/airflowalura/venv/lib/python3.9/site-packages/airflow/example_dags/example_branch_labels.py
[2023-06-05 23:06:59,687] {logging_mixin.py:115} INFO - [2023-06-05 23:06:59,686] {dag.py:2379} INFO - Sync 1 DAGs
[2023-06-05 23:06:59,718] {logging_mixin.py:115} INFO - [2023-06-05 23:06:59,718] {dag.py:2927} INFO - Setting next_dagrun for example_branch_labels to 2023-06-05T00:00:00+00:00, run_after=2023-06-06T00:00:00+00:00
[2023-06-05 23:06:59,736] {processor.py:161} INFO - Processing /home/gui/Documentos/airflowalura/venv/lib/python3.9/site-packages/airflow/example_dags/example_branch_labels.py took 0.097 seconds
[2023-06-05 23:07:38,975] {processor.py:153} INFO - Started process (PID=45116) to work on /home/gui/Documentos/airflowalura/venv/lib/python3.9/site-packages/airflow/example_dags/example_branch_labels.py
[2023-06-05 23:07:38,976] {processor.py:641} INFO - Processing file /home/gui/Documentos/airflowalura/venv/lib/python3.9/site-packages/airflow/example_dags/example_branch_labels.py for tasks to queue
[2023-06-05 23:07:38,978] {logging_mixin.py:115} INFO - [2023-06-05 23:07:38,977] {dagbag.py:507} INFO - Filling up the DagBag from /home/gui/Documentos/airflowalura/venv/lib/python3.9/site-packages/airflow/example_dags/example_branch_labels.py
[2023-06-05 23:07:38,996] {processor.py:651} INFO - DAG(s) dict_keys(['example_branch_labels']) retrieved from /home/gui/Documentos/airflowalura/venv/lib/python3.9/site-packages/airflow/example_dags/example_branch_labels.py
[2023-06-05 23:07:39,033] {logging_mixin.py:115} INFO - [2023-06-05 23:07:39,033] {dag.py:2379} INFO - Sync 1 DAGs
[2023-06-05 23:07:39,065] {logging_mixin.py:115} INFO - [2023-06-05 23:07:39,065] {dag.py:2927} INFO - Setting next_dagrun for example_branch_labels to 2023-06-05T00:00:00+00:00, run_after=2023-06-06T00:00:00+00:00
[2023-06-05 23:07:39,083] {processor.py:161} INFO - Processing /home/gui/Documentos/airflowalura/venv/lib/python3.9/site-packages/airflow/example_dags/example_branch_labels.py took 0.116 seconds
[2023-06-05 23:08:20,268] {processor.py:153} INFO - Started process (PID=45151) to work on /home/gui/Documentos/airflowalura/venv/lib/python3.9/site-packages/airflow/example_dags/example_branch_labels.py
[2023-06-05 23:08:20,269] {processor.py:641} INFO - Processing file /home/gui/Documentos/airflowalura/venv/lib/python3.9/site-packages/airflow/example_dags/example_branch_labels.py for tasks to queue
[2023-06-05 23:08:20,270] {logging_mixin.py:115} INFO - [2023-06-05 23:08:20,270] {dagbag.py:507} INFO - Filling up the DagBag from /home/gui/Documentos/airflowalura/venv/lib/python3.9/site-packages/airflow/example_dags/example_branch_labels.py
[2023-06-05 23:08:20,283] {processor.py:651} INFO - DAG(s) dict_keys(['example_branch_labels']) retrieved from /home/gui/Documentos/airflowalura/venv/lib/python3.9/site-packages/airflow/example_dags/example_branch_labels.py
[2023-06-05 23:08:20,312] {logging_mixin.py:115} INFO - [2023-06-05 23:08:20,312] {dag.py:2379} INFO - Sync 1 DAGs
[2023-06-05 23:08:20,351] {logging_mixin.py:115} INFO - [2023-06-05 23:08:20,350] {dag.py:2927} INFO - Setting next_dagrun for example_branch_labels to 2023-06-05T00:00:00+00:00, run_after=2023-06-06T00:00:00+00:00
[2023-06-05 23:08:20,391] {processor.py:161} INFO - Processing /home/gui/Documentos/airflowalura/venv/lib/python3.9/site-packages/airflow/example_dags/example_branch_labels.py took 0.129 seconds
[2023-06-05 23:08:59,948] {processor.py:153} INFO - Started process (PID=45187) to work on /home/gui/Documentos/airflowalura/venv/lib/python3.9/site-packages/airflow/example_dags/example_branch_labels.py
[2023-06-05 23:08:59,949] {processor.py:641} INFO - Processing file /home/gui/Documentos/airflowalura/venv/lib/python3.9/site-packages/airflow/example_dags/example_branch_labels.py for tasks to queue
[2023-06-05 23:08:59,950] {logging_mixin.py:115} INFO - [2023-06-05 23:08:59,950] {dagbag.py:507} INFO - Filling up the DagBag from /home/gui/Documentos/airflowalura/venv/lib/python3.9/site-packages/airflow/example_dags/example_branch_labels.py
[2023-06-05 23:08:59,961] {processor.py:651} INFO - DAG(s) dict_keys(['example_branch_labels']) retrieved from /home/gui/Documentos/airflowalura/venv/lib/python3.9/site-packages/airflow/example_dags/example_branch_labels.py
[2023-06-05 23:08:59,993] {logging_mixin.py:115} INFO - [2023-06-05 23:08:59,993] {dag.py:2379} INFO - Sync 1 DAGs
[2023-06-05 23:09:00,030] {logging_mixin.py:115} INFO - [2023-06-05 23:09:00,030] {dag.py:2927} INFO - Setting next_dagrun for example_branch_labels to 2023-06-05T00:00:00+00:00, run_after=2023-06-06T00:00:00+00:00
[2023-06-05 23:09:00,091] {processor.py:161} INFO - Processing /home/gui/Documentos/airflowalura/venv/lib/python3.9/site-packages/airflow/example_dags/example_branch_labels.py took 0.150 seconds
[2023-06-05 23:09:42,478] {processor.py:153} INFO - Started process (PID=45224) to work on /home/gui/Documentos/airflowalura/venv/lib/python3.9/site-packages/airflow/example_dags/example_branch_labels.py
[2023-06-05 23:09:42,479] {processor.py:641} INFO - Processing file /home/gui/Documentos/airflowalura/venv/lib/python3.9/site-packages/airflow/example_dags/example_branch_labels.py for tasks to queue
[2023-06-05 23:09:42,480] {logging_mixin.py:115} INFO - [2023-06-05 23:09:42,480] {dagbag.py:507} INFO - Filling up the DagBag from /home/gui/Documentos/airflowalura/venv/lib/python3.9/site-packages/airflow/example_dags/example_branch_labels.py
[2023-06-05 23:09:42,493] {processor.py:651} INFO - DAG(s) dict_keys(['example_branch_labels']) retrieved from /home/gui/Documentos/airflowalura/venv/lib/python3.9/site-packages/airflow/example_dags/example_branch_labels.py
[2023-06-05 23:09:42,525] {logging_mixin.py:115} INFO - [2023-06-05 23:09:42,525] {dag.py:2379} INFO - Sync 1 DAGs
[2023-06-05 23:09:42,561] {logging_mixin.py:115} INFO - [2023-06-05 23:09:42,560] {dag.py:2927} INFO - Setting next_dagrun for example_branch_labels to 2023-06-05T00:00:00+00:00, run_after=2023-06-06T00:00:00+00:00
[2023-06-05 23:09:42,738] {processor.py:161} INFO - Processing /home/gui/Documentos/airflowalura/venv/lib/python3.9/site-packages/airflow/example_dags/example_branch_labels.py took 0.267 seconds
[2023-06-05 23:10:25,820] {processor.py:153} INFO - Started process (PID=45259) to work on /home/gui/Documentos/airflowalura/venv/lib/python3.9/site-packages/airflow/example_dags/example_branch_labels.py
[2023-06-05 23:10:25,822] {processor.py:641} INFO - Processing file /home/gui/Documentos/airflowalura/venv/lib/python3.9/site-packages/airflow/example_dags/example_branch_labels.py for tasks to queue
[2023-06-05 23:10:25,822] {logging_mixin.py:115} INFO - [2023-06-05 23:10:25,822] {dagbag.py:507} INFO - Filling up the DagBag from /home/gui/Documentos/airflowalura/venv/lib/python3.9/site-packages/airflow/example_dags/example_branch_labels.py
[2023-06-05 23:10:25,835] {processor.py:651} INFO - DAG(s) dict_keys(['example_branch_labels']) retrieved from /home/gui/Documentos/airflowalura/venv/lib/python3.9/site-packages/airflow/example_dags/example_branch_labels.py
[2023-06-05 23:10:25,868] {logging_mixin.py:115} INFO - [2023-06-05 23:10:25,868] {dag.py:2379} INFO - Sync 1 DAGs
[2023-06-05 23:10:25,946] {logging_mixin.py:115} INFO - [2023-06-05 23:10:25,946] {dag.py:2927} INFO - Setting next_dagrun for example_branch_labels to 2023-06-05T00:00:00+00:00, run_after=2023-06-06T00:00:00+00:00
[2023-06-05 23:10:26,058] {processor.py:161} INFO - Processing /home/gui/Documentos/airflowalura/venv/lib/python3.9/site-packages/airflow/example_dags/example_branch_labels.py took 0.244 seconds
[2023-06-05 23:11:14,769] {processor.py:153} INFO - Started process (PID=45305) to work on /home/gui/Documentos/airflowalura/venv/lib/python3.9/site-packages/airflow/example_dags/example_branch_labels.py
[2023-06-05 23:11:14,770] {processor.py:641} INFO - Processing file /home/gui/Documentos/airflowalura/venv/lib/python3.9/site-packages/airflow/example_dags/example_branch_labels.py for tasks to queue
[2023-06-05 23:11:14,771] {logging_mixin.py:115} INFO - [2023-06-05 23:11:14,771] {dagbag.py:507} INFO - Filling up the DagBag from /home/gui/Documentos/airflowalura/venv/lib/python3.9/site-packages/airflow/example_dags/example_branch_labels.py
[2023-06-05 23:11:14,787] {processor.py:651} INFO - DAG(s) dict_keys(['example_branch_labels']) retrieved from /home/gui/Documentos/airflowalura/venv/lib/python3.9/site-packages/airflow/example_dags/example_branch_labels.py
[2023-06-05 23:11:14,830] {logging_mixin.py:115} INFO - [2023-06-05 23:11:14,830] {dag.py:2379} INFO - Sync 1 DAGs
[2023-06-05 23:11:14,871] {logging_mixin.py:115} INFO - [2023-06-05 23:11:14,871] {dag.py:2927} INFO - Setting next_dagrun for example_branch_labels to 2023-06-05T00:00:00+00:00, run_after=2023-06-06T00:00:00+00:00
[2023-06-05 23:11:14,893] {processor.py:161} INFO - Processing /home/gui/Documentos/airflowalura/venv/lib/python3.9/site-packages/airflow/example_dags/example_branch_labels.py took 0.132 seconds
[2023-06-05 23:11:57,046] {processor.py:153} INFO - Started process (PID=45343) to work on /home/gui/Documentos/airflowalura/venv/lib/python3.9/site-packages/airflow/example_dags/example_branch_labels.py
[2023-06-05 23:11:57,047] {processor.py:641} INFO - Processing file /home/gui/Documentos/airflowalura/venv/lib/python3.9/site-packages/airflow/example_dags/example_branch_labels.py for tasks to queue
[2023-06-05 23:11:57,048] {logging_mixin.py:115} INFO - [2023-06-05 23:11:57,048] {dagbag.py:507} INFO - Filling up the DagBag from /home/gui/Documentos/airflowalura/venv/lib/python3.9/site-packages/airflow/example_dags/example_branch_labels.py
[2023-06-05 23:11:57,061] {processor.py:651} INFO - DAG(s) dict_keys(['example_branch_labels']) retrieved from /home/gui/Documentos/airflowalura/venv/lib/python3.9/site-packages/airflow/example_dags/example_branch_labels.py
[2023-06-05 23:11:57,088] {logging_mixin.py:115} INFO - [2023-06-05 23:11:57,088] {dag.py:2379} INFO - Sync 1 DAGs
[2023-06-05 23:11:57,118] {logging_mixin.py:115} INFO - [2023-06-05 23:11:57,118] {dag.py:2927} INFO - Setting next_dagrun for example_branch_labels to 2023-06-05T00:00:00+00:00, run_after=2023-06-06T00:00:00+00:00
[2023-06-05 23:11:57,135] {processor.py:161} INFO - Processing /home/gui/Documentos/airflowalura/venv/lib/python3.9/site-packages/airflow/example_dags/example_branch_labels.py took 0.098 seconds
[2023-06-05 23:12:40,525] {processor.py:153} INFO - Started process (PID=45383) to work on /home/gui/Documentos/airflowalura/venv/lib/python3.9/site-packages/airflow/example_dags/example_branch_labels.py
[2023-06-05 23:12:40,527] {processor.py:641} INFO - Processing file /home/gui/Documentos/airflowalura/venv/lib/python3.9/site-packages/airflow/example_dags/example_branch_labels.py for tasks to queue
[2023-06-05 23:12:40,527] {logging_mixin.py:115} INFO - [2023-06-05 23:12:40,527] {dagbag.py:507} INFO - Filling up the DagBag from /home/gui/Documentos/airflowalura/venv/lib/python3.9/site-packages/airflow/example_dags/example_branch_labels.py
[2023-06-05 23:12:40,538] {processor.py:651} INFO - DAG(s) dict_keys(['example_branch_labels']) retrieved from /home/gui/Documentos/airflowalura/venv/lib/python3.9/site-packages/airflow/example_dags/example_branch_labels.py
[2023-06-05 23:12:40,567] {logging_mixin.py:115} INFO - [2023-06-05 23:12:40,567] {dag.py:2379} INFO - Sync 1 DAGs
[2023-06-05 23:12:40,595] {logging_mixin.py:115} INFO - [2023-06-05 23:12:40,595] {dag.py:2927} INFO - Setting next_dagrun for example_branch_labels to 2023-06-05T00:00:00+00:00, run_after=2023-06-06T00:00:00+00:00
[2023-06-05 23:12:40,623] {processor.py:161} INFO - Processing /home/gui/Documentos/airflowalura/venv/lib/python3.9/site-packages/airflow/example_dags/example_branch_labels.py took 0.104 seconds
[2023-06-05 23:13:28,698] {processor.py:153} INFO - Started process (PID=45423) to work on /home/gui/Documentos/airflowalura/venv/lib/python3.9/site-packages/airflow/example_dags/example_branch_labels.py
[2023-06-05 23:13:28,699] {processor.py:641} INFO - Processing file /home/gui/Documentos/airflowalura/venv/lib/python3.9/site-packages/airflow/example_dags/example_branch_labels.py for tasks to queue
[2023-06-05 23:13:28,700] {logging_mixin.py:115} INFO - [2023-06-05 23:13:28,700] {dagbag.py:507} INFO - Filling up the DagBag from /home/gui/Documentos/airflowalura/venv/lib/python3.9/site-packages/airflow/example_dags/example_branch_labels.py
[2023-06-05 23:13:28,711] {processor.py:651} INFO - DAG(s) dict_keys(['example_branch_labels']) retrieved from /home/gui/Documentos/airflowalura/venv/lib/python3.9/site-packages/airflow/example_dags/example_branch_labels.py
[2023-06-05 23:13:28,739] {logging_mixin.py:115} INFO - [2023-06-05 23:13:28,739] {dag.py:2379} INFO - Sync 1 DAGs
[2023-06-05 23:13:28,843] {logging_mixin.py:115} INFO - [2023-06-05 23:13:28,843] {dag.py:2927} INFO - Setting next_dagrun for example_branch_labels to 2023-06-05T00:00:00+00:00, run_after=2023-06-06T00:00:00+00:00
[2023-06-05 23:13:28,860] {processor.py:161} INFO - Processing /home/gui/Documentos/airflowalura/venv/lib/python3.9/site-packages/airflow/example_dags/example_branch_labels.py took 0.168 seconds
[2023-06-05 23:14:06,472] {processor.py:153} INFO - Started process (PID=45459) to work on /home/gui/Documentos/airflowalura/venv/lib/python3.9/site-packages/airflow/example_dags/example_branch_labels.py
[2023-06-05 23:14:06,473] {processor.py:641} INFO - Processing file /home/gui/Documentos/airflowalura/venv/lib/python3.9/site-packages/airflow/example_dags/example_branch_labels.py for tasks to queue
[2023-06-05 23:14:06,475] {logging_mixin.py:115} INFO - [2023-06-05 23:14:06,474] {dagbag.py:507} INFO - Filling up the DagBag from /home/gui/Documentos/airflowalura/venv/lib/python3.9/site-packages/airflow/example_dags/example_branch_labels.py
[2023-06-05 23:14:06,486] {processor.py:651} INFO - DAG(s) dict_keys(['example_branch_labels']) retrieved from /home/gui/Documentos/airflowalura/venv/lib/python3.9/site-packages/airflow/example_dags/example_branch_labels.py
[2023-06-05 23:14:06,514] {logging_mixin.py:115} INFO - [2023-06-05 23:14:06,514] {dag.py:2379} INFO - Sync 1 DAGs
[2023-06-05 23:14:06,543] {logging_mixin.py:115} INFO - [2023-06-05 23:14:06,543] {dag.py:2927} INFO - Setting next_dagrun for example_branch_labels to 2023-06-05T00:00:00+00:00, run_after=2023-06-06T00:00:00+00:00
[2023-06-05 23:14:06,560] {processor.py:161} INFO - Processing /home/gui/Documentos/airflowalura/venv/lib/python3.9/site-packages/airflow/example_dags/example_branch_labels.py took 0.096 seconds
[2023-06-05 23:14:51,012] {processor.py:153} INFO - Started process (PID=45498) to work on /home/gui/Documentos/airflowalura/venv/lib/python3.9/site-packages/airflow/example_dags/example_branch_labels.py
[2023-06-05 23:14:51,083] {processor.py:641} INFO - Processing file /home/gui/Documentos/airflowalura/venv/lib/python3.9/site-packages/airflow/example_dags/example_branch_labels.py for tasks to queue
[2023-06-05 23:14:51,084] {logging_mixin.py:115} INFO - [2023-06-05 23:14:51,084] {dagbag.py:507} INFO - Filling up the DagBag from /home/gui/Documentos/airflowalura/venv/lib/python3.9/site-packages/airflow/example_dags/example_branch_labels.py
[2023-06-05 23:14:51,094] {processor.py:651} INFO - DAG(s) dict_keys(['example_branch_labels']) retrieved from /home/gui/Documentos/airflowalura/venv/lib/python3.9/site-packages/airflow/example_dags/example_branch_labels.py
[2023-06-05 23:14:51,124] {logging_mixin.py:115} INFO - [2023-06-05 23:14:51,124] {dag.py:2379} INFO - Sync 1 DAGs
[2023-06-05 23:14:51,154] {logging_mixin.py:115} INFO - [2023-06-05 23:14:51,154] {dag.py:2927} INFO - Setting next_dagrun for example_branch_labels to 2023-06-05T00:00:00+00:00, run_after=2023-06-06T00:00:00+00:00
[2023-06-05 23:14:51,267] {processor.py:161} INFO - Processing /home/gui/Documentos/airflowalura/venv/lib/python3.9/site-packages/airflow/example_dags/example_branch_labels.py took 0.263 seconds
[2023-06-05 23:15:30,615] {processor.py:153} INFO - Started process (PID=45545) to work on /home/gui/Documentos/airflowalura/venv/lib/python3.9/site-packages/airflow/example_dags/example_branch_labels.py
[2023-06-05 23:15:30,617] {processor.py:641} INFO - Processing file /home/gui/Documentos/airflowalura/venv/lib/python3.9/site-packages/airflow/example_dags/example_branch_labels.py for tasks to queue
[2023-06-05 23:15:30,618] {logging_mixin.py:115} INFO - [2023-06-05 23:15:30,618] {dagbag.py:507} INFO - Filling up the DagBag from /home/gui/Documentos/airflowalura/venv/lib/python3.9/site-packages/airflow/example_dags/example_branch_labels.py
[2023-06-05 23:15:30,631] {processor.py:651} INFO - DAG(s) dict_keys(['example_branch_labels']) retrieved from /home/gui/Documentos/airflowalura/venv/lib/python3.9/site-packages/airflow/example_dags/example_branch_labels.py
[2023-06-05 23:15:30,664] {logging_mixin.py:115} INFO - [2023-06-05 23:15:30,664] {dag.py:2379} INFO - Sync 1 DAGs
[2023-06-05 23:15:30,701] {logging_mixin.py:115} INFO - [2023-06-05 23:15:30,701] {dag.py:2927} INFO - Setting next_dagrun for example_branch_labels to 2023-06-05T00:00:00+00:00, run_after=2023-06-06T00:00:00+00:00
[2023-06-05 23:15:30,726] {processor.py:161} INFO - Processing /home/gui/Documentos/airflowalura/venv/lib/python3.9/site-packages/airflow/example_dags/example_branch_labels.py took 0.117 seconds
[2023-06-05 23:16:16,301] {processor.py:153} INFO - Started process (PID=45596) to work on /home/gui/Documentos/airflowalura/venv/lib/python3.9/site-packages/airflow/example_dags/example_branch_labels.py
[2023-06-05 23:16:16,303] {processor.py:641} INFO - Processing file /home/gui/Documentos/airflowalura/venv/lib/python3.9/site-packages/airflow/example_dags/example_branch_labels.py for tasks to queue
[2023-06-05 23:16:16,304] {logging_mixin.py:115} INFO - [2023-06-05 23:16:16,303] {dagbag.py:507} INFO - Filling up the DagBag from /home/gui/Documentos/airflowalura/venv/lib/python3.9/site-packages/airflow/example_dags/example_branch_labels.py
[2023-06-05 23:16:16,315] {processor.py:651} INFO - DAG(s) dict_keys(['example_branch_labels']) retrieved from /home/gui/Documentos/airflowalura/venv/lib/python3.9/site-packages/airflow/example_dags/example_branch_labels.py
[2023-06-05 23:16:16,346] {logging_mixin.py:115} INFO - [2023-06-05 23:16:16,345] {dag.py:2379} INFO - Sync 1 DAGs
[2023-06-05 23:16:16,383] {logging_mixin.py:115} INFO - [2023-06-05 23:16:16,383] {dag.py:2927} INFO - Setting next_dagrun for example_branch_labels to 2023-06-05T00:00:00+00:00, run_after=2023-06-06T00:00:00+00:00
[2023-06-05 23:16:16,405] {processor.py:161} INFO - Processing /home/gui/Documentos/airflowalura/venv/lib/python3.9/site-packages/airflow/example_dags/example_branch_labels.py took 0.110 seconds
[2023-06-05 23:17:01,539] {processor.py:153} INFO - Started process (PID=45639) to work on /home/gui/Documentos/airflowalura/venv/lib/python3.9/site-packages/airflow/example_dags/example_branch_labels.py
[2023-06-05 23:17:01,541] {processor.py:641} INFO - Processing file /home/gui/Documentos/airflowalura/venv/lib/python3.9/site-packages/airflow/example_dags/example_branch_labels.py for tasks to queue
[2023-06-05 23:17:01,542] {logging_mixin.py:115} INFO - [2023-06-05 23:17:01,542] {dagbag.py:507} INFO - Filling up the DagBag from /home/gui/Documentos/airflowalura/venv/lib/python3.9/site-packages/airflow/example_dags/example_branch_labels.py
[2023-06-05 23:17:01,554] {processor.py:651} INFO - DAG(s) dict_keys(['example_branch_labels']) retrieved from /home/gui/Documentos/airflowalura/venv/lib/python3.9/site-packages/airflow/example_dags/example_branch_labels.py
[2023-06-05 23:17:01,597] {logging_mixin.py:115} INFO - [2023-06-05 23:17:01,597] {dag.py:2379} INFO - Sync 1 DAGs
[2023-06-05 23:17:01,635] {logging_mixin.py:115} INFO - [2023-06-05 23:17:01,634] {dag.py:2927} INFO - Setting next_dagrun for example_branch_labels to 2023-06-05T00:00:00+00:00, run_after=2023-06-06T00:00:00+00:00
[2023-06-05 23:17:01,658] {processor.py:161} INFO - Processing /home/gui/Documentos/airflowalura/venv/lib/python3.9/site-packages/airflow/example_dags/example_branch_labels.py took 0.126 seconds
[2023-06-05 23:17:41,622] {processor.py:153} INFO - Started process (PID=45677) to work on /home/gui/Documentos/airflowalura/venv/lib/python3.9/site-packages/airflow/example_dags/example_branch_labels.py
[2023-06-05 23:17:41,623] {processor.py:641} INFO - Processing file /home/gui/Documentos/airflowalura/venv/lib/python3.9/site-packages/airflow/example_dags/example_branch_labels.py for tasks to queue
[2023-06-05 23:17:41,624] {logging_mixin.py:115} INFO - [2023-06-05 23:17:41,624] {dagbag.py:507} INFO - Filling up the DagBag from /home/gui/Documentos/airflowalura/venv/lib/python3.9/site-packages/airflow/example_dags/example_branch_labels.py
[2023-06-05 23:17:41,638] {processor.py:651} INFO - DAG(s) dict_keys(['example_branch_labels']) retrieved from /home/gui/Documentos/airflowalura/venv/lib/python3.9/site-packages/airflow/example_dags/example_branch_labels.py
[2023-06-05 23:17:41,689] {logging_mixin.py:115} INFO - [2023-06-05 23:17:41,689] {dag.py:2379} INFO - Sync 1 DAGs
[2023-06-05 23:17:41,743] {logging_mixin.py:115} INFO - [2023-06-05 23:17:41,743] {dag.py:2927} INFO - Setting next_dagrun for example_branch_labels to 2023-06-05T00:00:00+00:00, run_after=2023-06-06T00:00:00+00:00
[2023-06-05 23:17:41,809] {processor.py:161} INFO - Processing /home/gui/Documentos/airflowalura/venv/lib/python3.9/site-packages/airflow/example_dags/example_branch_labels.py took 0.195 seconds
[2023-06-05 23:18:26,541] {processor.py:153} INFO - Started process (PID=45712) to work on /home/gui/Documentos/airflowalura/venv/lib/python3.9/site-packages/airflow/example_dags/example_branch_labels.py
[2023-06-05 23:18:26,542] {processor.py:641} INFO - Processing file /home/gui/Documentos/airflowalura/venv/lib/python3.9/site-packages/airflow/example_dags/example_branch_labels.py for tasks to queue
[2023-06-05 23:18:26,544] {logging_mixin.py:115} INFO - [2023-06-05 23:18:26,544] {dagbag.py:507} INFO - Filling up the DagBag from /home/gui/Documentos/airflowalura/venv/lib/python3.9/site-packages/airflow/example_dags/example_branch_labels.py
[2023-06-05 23:18:26,558] {processor.py:651} INFO - DAG(s) dict_keys(['example_branch_labels']) retrieved from /home/gui/Documentos/airflowalura/venv/lib/python3.9/site-packages/airflow/example_dags/example_branch_labels.py
[2023-06-05 23:18:26,599] {logging_mixin.py:115} INFO - [2023-06-05 23:18:26,599] {dag.py:2379} INFO - Sync 1 DAGs
[2023-06-05 23:18:26,637] {logging_mixin.py:115} INFO - [2023-06-05 23:18:26,637] {dag.py:2927} INFO - Setting next_dagrun for example_branch_labels to 2023-06-05T00:00:00+00:00, run_after=2023-06-06T00:00:00+00:00
[2023-06-05 23:18:26,681] {processor.py:161} INFO - Processing /home/gui/Documentos/airflowalura/venv/lib/python3.9/site-packages/airflow/example_dags/example_branch_labels.py took 0.147 seconds
[2023-06-05 23:19:10,894] {processor.py:153} INFO - Started process (PID=45752) to work on /home/gui/Documentos/airflowalura/venv/lib/python3.9/site-packages/airflow/example_dags/example_branch_labels.py
[2023-06-05 23:19:10,895] {processor.py:641} INFO - Processing file /home/gui/Documentos/airflowalura/venv/lib/python3.9/site-packages/airflow/example_dags/example_branch_labels.py for tasks to queue
[2023-06-05 23:19:10,896] {logging_mixin.py:115} INFO - [2023-06-05 23:19:10,896] {dagbag.py:507} INFO - Filling up the DagBag from /home/gui/Documentos/airflowalura/venv/lib/python3.9/site-packages/airflow/example_dags/example_branch_labels.py
[2023-06-05 23:19:10,910] {processor.py:651} INFO - DAG(s) dict_keys(['example_branch_labels']) retrieved from /home/gui/Documentos/airflowalura/venv/lib/python3.9/site-packages/airflow/example_dags/example_branch_labels.py
[2023-06-05 23:19:10,947] {logging_mixin.py:115} INFO - [2023-06-05 23:19:10,947] {dag.py:2379} INFO - Sync 1 DAGs
[2023-06-05 23:19:10,986] {logging_mixin.py:115} INFO - [2023-06-05 23:19:10,985] {dag.py:2927} INFO - Setting next_dagrun for example_branch_labels to 2023-06-05T00:00:00+00:00, run_after=2023-06-06T00:00:00+00:00
[2023-06-05 23:19:11,005] {processor.py:161} INFO - Processing /home/gui/Documentos/airflowalura/venv/lib/python3.9/site-packages/airflow/example_dags/example_branch_labels.py took 0.118 seconds
[2023-06-05 23:19:58,962] {processor.py:153} INFO - Started process (PID=45799) to work on /home/gui/Documentos/airflowalura/venv/lib/python3.9/site-packages/airflow/example_dags/example_branch_labels.py
[2023-06-05 23:19:58,964] {processor.py:641} INFO - Processing file /home/gui/Documentos/airflowalura/venv/lib/python3.9/site-packages/airflow/example_dags/example_branch_labels.py for tasks to queue
[2023-06-05 23:19:58,965] {logging_mixin.py:115} INFO - [2023-06-05 23:19:58,965] {dagbag.py:507} INFO - Filling up the DagBag from /home/gui/Documentos/airflowalura/venv/lib/python3.9/site-packages/airflow/example_dags/example_branch_labels.py
[2023-06-05 23:19:58,977] {processor.py:651} INFO - DAG(s) dict_keys(['example_branch_labels']) retrieved from /home/gui/Documentos/airflowalura/venv/lib/python3.9/site-packages/airflow/example_dags/example_branch_labels.py
[2023-06-05 23:19:59,008] {logging_mixin.py:115} INFO - [2023-06-05 23:19:59,008] {dag.py:2379} INFO - Sync 1 DAGs
[2023-06-05 23:19:59,048] {logging_mixin.py:115} INFO - [2023-06-05 23:19:59,048] {dag.py:2927} INFO - Setting next_dagrun for example_branch_labels to 2023-06-05T00:00:00+00:00, run_after=2023-06-06T00:00:00+00:00
[2023-06-05 23:19:59,116] {processor.py:161} INFO - Processing /home/gui/Documentos/airflowalura/venv/lib/python3.9/site-packages/airflow/example_dags/example_branch_labels.py took 0.161 seconds
[2023-06-05 23:20:37,186] {processor.py:153} INFO - Started process (PID=45845) to work on /home/gui/Documentos/airflowalura/venv/lib/python3.9/site-packages/airflow/example_dags/example_branch_labels.py
[2023-06-05 23:20:37,187] {processor.py:641} INFO - Processing file /home/gui/Documentos/airflowalura/venv/lib/python3.9/site-packages/airflow/example_dags/example_branch_labels.py for tasks to queue
[2023-06-05 23:20:37,188] {logging_mixin.py:115} INFO - [2023-06-05 23:20:37,188] {dagbag.py:507} INFO - Filling up the DagBag from /home/gui/Documentos/airflowalura/venv/lib/python3.9/site-packages/airflow/example_dags/example_branch_labels.py
[2023-06-05 23:20:37,199] {processor.py:651} INFO - DAG(s) dict_keys(['example_branch_labels']) retrieved from /home/gui/Documentos/airflowalura/venv/lib/python3.9/site-packages/airflow/example_dags/example_branch_labels.py
[2023-06-05 23:20:37,230] {logging_mixin.py:115} INFO - [2023-06-05 23:20:37,230] {dag.py:2379} INFO - Sync 1 DAGs
[2023-06-05 23:20:37,263] {logging_mixin.py:115} INFO - [2023-06-05 23:20:37,263] {dag.py:2927} INFO - Setting next_dagrun for example_branch_labels to 2023-06-05T00:00:00+00:00, run_after=2023-06-06T00:00:00+00:00
[2023-06-05 23:20:37,296] {processor.py:161} INFO - Processing /home/gui/Documentos/airflowalura/venv/lib/python3.9/site-packages/airflow/example_dags/example_branch_labels.py took 0.116 seconds
[2023-06-05 23:21:20,647] {processor.py:153} INFO - Started process (PID=45895) to work on /home/gui/Documentos/airflowalura/venv/lib/python3.9/site-packages/airflow/example_dags/example_branch_labels.py
[2023-06-05 23:21:20,649] {processor.py:641} INFO - Processing file /home/gui/Documentos/airflowalura/venv/lib/python3.9/site-packages/airflow/example_dags/example_branch_labels.py for tasks to queue
[2023-06-05 23:21:20,650] {logging_mixin.py:115} INFO - [2023-06-05 23:21:20,650] {dagbag.py:507} INFO - Filling up the DagBag from /home/gui/Documentos/airflowalura/venv/lib/python3.9/site-packages/airflow/example_dags/example_branch_labels.py
[2023-06-05 23:21:20,674] {processor.py:651} INFO - DAG(s) dict_keys(['example_branch_labels']) retrieved from /home/gui/Documentos/airflowalura/venv/lib/python3.9/site-packages/airflow/example_dags/example_branch_labels.py
[2023-06-05 23:21:20,715] {logging_mixin.py:115} INFO - [2023-06-05 23:21:20,715] {dag.py:2379} INFO - Sync 1 DAGs
[2023-06-05 23:21:20,762] {logging_mixin.py:115} INFO - [2023-06-05 23:21:20,762] {dag.py:2927} INFO - Setting next_dagrun for example_branch_labels to 2023-06-05T00:00:00+00:00, run_after=2023-06-06T00:00:00+00:00
[2023-06-05 23:21:20,801] {processor.py:161} INFO - Processing /home/gui/Documentos/airflowalura/venv/lib/python3.9/site-packages/airflow/example_dags/example_branch_labels.py took 0.163 seconds
[2023-06-05 23:21:58,736] {processor.py:153} INFO - Started process (PID=45940) to work on /home/gui/Documentos/airflowalura/venv/lib/python3.9/site-packages/airflow/example_dags/example_branch_labels.py
[2023-06-05 23:21:58,737] {processor.py:641} INFO - Processing file /home/gui/Documentos/airflowalura/venv/lib/python3.9/site-packages/airflow/example_dags/example_branch_labels.py for tasks to queue
[2023-06-05 23:21:58,738] {logging_mixin.py:115} INFO - [2023-06-05 23:21:58,738] {dagbag.py:507} INFO - Filling up the DagBag from /home/gui/Documentos/airflowalura/venv/lib/python3.9/site-packages/airflow/example_dags/example_branch_labels.py
[2023-06-05 23:21:58,750] {processor.py:651} INFO - DAG(s) dict_keys(['example_branch_labels']) retrieved from /home/gui/Documentos/airflowalura/venv/lib/python3.9/site-packages/airflow/example_dags/example_branch_labels.py
[2023-06-05 23:21:58,783] {logging_mixin.py:115} INFO - [2023-06-05 23:21:58,783] {dag.py:2379} INFO - Sync 1 DAGs
[2023-06-05 23:21:58,820] {logging_mixin.py:115} INFO - [2023-06-05 23:21:58,820] {dag.py:2927} INFO - Setting next_dagrun for example_branch_labels to 2023-06-05T00:00:00+00:00, run_after=2023-06-06T00:00:00+00:00
[2023-06-05 23:21:58,841] {processor.py:161} INFO - Processing /home/gui/Documentos/airflowalura/venv/lib/python3.9/site-packages/airflow/example_dags/example_branch_labels.py took 0.110 seconds
[2023-06-05 23:22:52,362] {processor.py:153} INFO - Started process (PID=46000) to work on /home/gui/Documentos/airflowalura/venv/lib/python3.9/site-packages/airflow/example_dags/example_branch_labels.py
[2023-06-05 23:22:52,364] {processor.py:641} INFO - Processing file /home/gui/Documentos/airflowalura/venv/lib/python3.9/site-packages/airflow/example_dags/example_branch_labels.py for tasks to queue
[2023-06-05 23:22:52,365] {logging_mixin.py:115} INFO - [2023-06-05 23:22:52,365] {dagbag.py:507} INFO - Filling up the DagBag from /home/gui/Documentos/airflowalura/venv/lib/python3.9/site-packages/airflow/example_dags/example_branch_labels.py
[2023-06-05 23:22:52,376] {processor.py:651} INFO - DAG(s) dict_keys(['example_branch_labels']) retrieved from /home/gui/Documentos/airflowalura/venv/lib/python3.9/site-packages/airflow/example_dags/example_branch_labels.py
[2023-06-05 23:22:52,408] {logging_mixin.py:115} INFO - [2023-06-05 23:22:52,408] {dag.py:2379} INFO - Sync 1 DAGs
[2023-06-05 23:22:52,435] {logging_mixin.py:115} INFO - [2023-06-05 23:22:52,434] {dag.py:2927} INFO - Setting next_dagrun for example_branch_labels to 2023-06-05T00:00:00+00:00, run_after=2023-06-06T00:00:00+00:00
[2023-06-05 23:22:52,566] {processor.py:161} INFO - Processing /home/gui/Documentos/airflowalura/venv/lib/python3.9/site-packages/airflow/example_dags/example_branch_labels.py took 0.209 seconds
[2023-06-05 23:23:45,025] {processor.py:153} INFO - Started process (PID=46057) to work on /home/gui/Documentos/airflowalura/venv/lib/python3.9/site-packages/airflow/example_dags/example_branch_labels.py
[2023-06-05 23:23:45,026] {processor.py:641} INFO - Processing file /home/gui/Documentos/airflowalura/venv/lib/python3.9/site-packages/airflow/example_dags/example_branch_labels.py for tasks to queue
[2023-06-05 23:23:45,027] {logging_mixin.py:115} INFO - [2023-06-05 23:23:45,027] {dagbag.py:507} INFO - Filling up the DagBag from /home/gui/Documentos/airflowalura/venv/lib/python3.9/site-packages/airflow/example_dags/example_branch_labels.py
[2023-06-05 23:23:45,037] {processor.py:651} INFO - DAG(s) dict_keys(['example_branch_labels']) retrieved from /home/gui/Documentos/airflowalura/venv/lib/python3.9/site-packages/airflow/example_dags/example_branch_labels.py
[2023-06-05 23:23:45,067] {logging_mixin.py:115} INFO - [2023-06-05 23:23:45,067] {dag.py:2379} INFO - Sync 1 DAGs
[2023-06-05 23:23:45,100] {logging_mixin.py:115} INFO - [2023-06-05 23:23:45,099] {dag.py:2927} INFO - Setting next_dagrun for example_branch_labels to 2023-06-05T00:00:00+00:00, run_after=2023-06-06T00:00:00+00:00
[2023-06-05 23:23:45,140] {processor.py:161} INFO - Processing /home/gui/Documentos/airflowalura/venv/lib/python3.9/site-packages/airflow/example_dags/example_branch_labels.py took 0.121 seconds
[2023-06-05 23:24:28,654] {processor.py:153} INFO - Started process (PID=46102) to work on /home/gui/Documentos/airflowalura/venv/lib/python3.9/site-packages/airflow/example_dags/example_branch_labels.py
[2023-06-05 23:24:28,656] {processor.py:641} INFO - Processing file /home/gui/Documentos/airflowalura/venv/lib/python3.9/site-packages/airflow/example_dags/example_branch_labels.py for tasks to queue
[2023-06-05 23:24:28,657] {logging_mixin.py:115} INFO - [2023-06-05 23:24:28,656] {dagbag.py:507} INFO - Filling up the DagBag from /home/gui/Documentos/airflowalura/venv/lib/python3.9/site-packages/airflow/example_dags/example_branch_labels.py
[2023-06-05 23:24:28,671] {processor.py:651} INFO - DAG(s) dict_keys(['example_branch_labels']) retrieved from /home/gui/Documentos/airflowalura/venv/lib/python3.9/site-packages/airflow/example_dags/example_branch_labels.py
[2023-06-05 23:24:28,714] {logging_mixin.py:115} INFO - [2023-06-05 23:24:28,713] {dag.py:2379} INFO - Sync 1 DAGs
[2023-06-05 23:24:28,776] {logging_mixin.py:115} INFO - [2023-06-05 23:24:28,776] {dag.py:2927} INFO - Setting next_dagrun for example_branch_labels to 2023-06-05T00:00:00+00:00, run_after=2023-06-06T00:00:00+00:00
[2023-06-05 23:24:28,805] {processor.py:161} INFO - Processing /home/gui/Documentos/airflowalura/venv/lib/python3.9/site-packages/airflow/example_dags/example_branch_labels.py took 0.161 seconds
[2023-06-05 23:25:11,370] {processor.py:153} INFO - Started process (PID=46147) to work on /home/gui/Documentos/airflowalura/venv/lib/python3.9/site-packages/airflow/example_dags/example_branch_labels.py
[2023-06-05 23:25:11,371] {processor.py:641} INFO - Processing file /home/gui/Documentos/airflowalura/venv/lib/python3.9/site-packages/airflow/example_dags/example_branch_labels.py for tasks to queue
[2023-06-05 23:25:11,372] {logging_mixin.py:115} INFO - [2023-06-05 23:25:11,372] {dagbag.py:507} INFO - Filling up the DagBag from /home/gui/Documentos/airflowalura/venv/lib/python3.9/site-packages/airflow/example_dags/example_branch_labels.py
[2023-06-05 23:25:11,383] {processor.py:651} INFO - DAG(s) dict_keys(['example_branch_labels']) retrieved from /home/gui/Documentos/airflowalura/venv/lib/python3.9/site-packages/airflow/example_dags/example_branch_labels.py
[2023-06-05 23:25:11,414] {logging_mixin.py:115} INFO - [2023-06-05 23:25:11,414] {dag.py:2379} INFO - Sync 1 DAGs
[2023-06-05 23:25:11,450] {logging_mixin.py:115} INFO - [2023-06-05 23:25:11,450] {dag.py:2927} INFO - Setting next_dagrun for example_branch_labels to 2023-06-05T00:00:00+00:00, run_after=2023-06-06T00:00:00+00:00
[2023-06-05 23:25:11,470] {processor.py:161} INFO - Processing /home/gui/Documentos/airflowalura/venv/lib/python3.9/site-packages/airflow/example_dags/example_branch_labels.py took 0.106 seconds
[2023-06-05 23:25:49,631] {processor.py:153} INFO - Started process (PID=46203) to work on /home/gui/Documentos/airflowalura/venv/lib/python3.9/site-packages/airflow/example_dags/example_branch_labels.py
[2023-06-05 23:25:49,632] {processor.py:641} INFO - Processing file /home/gui/Documentos/airflowalura/venv/lib/python3.9/site-packages/airflow/example_dags/example_branch_labels.py for tasks to queue
[2023-06-05 23:25:49,633] {logging_mixin.py:115} INFO - [2023-06-05 23:25:49,633] {dagbag.py:507} INFO - Filling up the DagBag from /home/gui/Documentos/airflowalura/venv/lib/python3.9/site-packages/airflow/example_dags/example_branch_labels.py
[2023-06-05 23:25:49,644] {processor.py:651} INFO - DAG(s) dict_keys(['example_branch_labels']) retrieved from /home/gui/Documentos/airflowalura/venv/lib/python3.9/site-packages/airflow/example_dags/example_branch_labels.py
[2023-06-05 23:25:49,678] {logging_mixin.py:115} INFO - [2023-06-05 23:25:49,677] {dag.py:2379} INFO - Sync 1 DAGs
[2023-06-05 23:25:49,713] {logging_mixin.py:115} INFO - [2023-06-05 23:25:49,713] {dag.py:2927} INFO - Setting next_dagrun for example_branch_labels to 2023-06-05T00:00:00+00:00, run_after=2023-06-06T00:00:00+00:00
[2023-06-05 23:25:49,736] {processor.py:161} INFO - Processing /home/gui/Documentos/airflowalura/venv/lib/python3.9/site-packages/airflow/example_dags/example_branch_labels.py took 0.110 seconds
[2023-06-05 23:31:35,676] {processor.py:153} INFO - Started process (PID=46806) to work on /home/gui/Documentos/airflowalura/venv/lib/python3.9/site-packages/airflow/example_dags/example_branch_labels.py
[2023-06-05 23:31:35,818] {processor.py:641} INFO - Processing file /home/gui/Documentos/airflowalura/venv/lib/python3.9/site-packages/airflow/example_dags/example_branch_labels.py for tasks to queue
[2023-06-05 23:31:35,819] {logging_mixin.py:115} INFO - [2023-06-05 23:31:35,819] {dagbag.py:507} INFO - Filling up the DagBag from /home/gui/Documentos/airflowalura/venv/lib/python3.9/site-packages/airflow/example_dags/example_branch_labels.py
[2023-06-05 23:31:35,851] {processor.py:651} INFO - DAG(s) dict_keys(['example_branch_labels']) retrieved from /home/gui/Documentos/airflowalura/venv/lib/python3.9/site-packages/airflow/example_dags/example_branch_labels.py
[2023-06-05 23:31:35,931] {logging_mixin.py:115} INFO - [2023-06-05 23:31:35,931] {dag.py:2379} INFO - Sync 1 DAGs
[2023-06-05 23:31:36,029] {logging_mixin.py:115} INFO - [2023-06-05 23:31:36,029] {dag.py:2927} INFO - Setting next_dagrun for example_branch_labels to 2023-06-05T00:00:00+00:00, run_after=2023-06-06T00:00:00+00:00
[2023-06-05 23:31:37,367] {processor.py:161} INFO - Processing /home/gui/Documentos/airflowalura/venv/lib/python3.9/site-packages/airflow/example_dags/example_branch_labels.py took 1.703 seconds
[2023-06-05 23:32:24,761] {processor.py:153} INFO - Started process (PID=47436) to work on /home/gui/Documentos/airflowalura/venv/lib/python3.9/site-packages/airflow/example_dags/example_branch_labels.py
[2023-06-05 23:32:24,814] {processor.py:641} INFO - Processing file /home/gui/Documentos/airflowalura/venv/lib/python3.9/site-packages/airflow/example_dags/example_branch_labels.py for tasks to queue
[2023-06-05 23:32:24,815] {logging_mixin.py:115} INFO - [2023-06-05 23:32:24,815] {dagbag.py:507} INFO - Filling up the DagBag from /home/gui/Documentos/airflowalura/venv/lib/python3.9/site-packages/airflow/example_dags/example_branch_labels.py
[2023-06-05 23:32:24,831] {processor.py:651} INFO - DAG(s) dict_keys(['example_branch_labels']) retrieved from /home/gui/Documentos/airflowalura/venv/lib/python3.9/site-packages/airflow/example_dags/example_branch_labels.py
[2023-06-05 23:32:24,889] {logging_mixin.py:115} INFO - [2023-06-05 23:32:24,889] {dag.py:2379} INFO - Sync 1 DAGs
[2023-06-05 23:32:24,943] {logging_mixin.py:115} INFO - [2023-06-05 23:32:24,943] {dag.py:2927} INFO - Setting next_dagrun for example_branch_labels to 2023-06-05T00:00:00+00:00, run_after=2023-06-06T00:00:00+00:00
[2023-06-05 23:32:25,567] {processor.py:161} INFO - Processing /home/gui/Documentos/airflowalura/venv/lib/python3.9/site-packages/airflow/example_dags/example_branch_labels.py took 0.822 seconds
[2023-06-05 23:33:13,337] {processor.py:153} INFO - Started process (PID=48138) to work on /home/gui/Documentos/airflowalura/venv/lib/python3.9/site-packages/airflow/example_dags/example_branch_labels.py
[2023-06-05 23:33:13,347] {processor.py:641} INFO - Processing file /home/gui/Documentos/airflowalura/venv/lib/python3.9/site-packages/airflow/example_dags/example_branch_labels.py for tasks to queue
[2023-06-05 23:33:13,348] {logging_mixin.py:115} INFO - [2023-06-05 23:33:13,348] {dagbag.py:507} INFO - Filling up the DagBag from /home/gui/Documentos/airflowalura/venv/lib/python3.9/site-packages/airflow/example_dags/example_branch_labels.py
[2023-06-05 23:33:13,371] {processor.py:651} INFO - DAG(s) dict_keys(['example_branch_labels']) retrieved from /home/gui/Documentos/airflowalura/venv/lib/python3.9/site-packages/airflow/example_dags/example_branch_labels.py
[2023-06-05 23:33:13,429] {logging_mixin.py:115} INFO - [2023-06-05 23:33:13,429] {dag.py:2379} INFO - Sync 1 DAGs
[2023-06-05 23:33:13,517] {logging_mixin.py:115} INFO - [2023-06-05 23:33:13,517] {dag.py:2927} INFO - Setting next_dagrun for example_branch_labels to 2023-06-05T00:00:00+00:00, run_after=2023-06-06T00:00:00+00:00
[2023-06-05 23:33:13,579] {processor.py:161} INFO - Processing /home/gui/Documentos/airflowalura/venv/lib/python3.9/site-packages/airflow/example_dags/example_branch_labels.py took 0.249 seconds
[2023-06-05 23:33:56,600] {processor.py:153} INFO - Started process (PID=48794) to work on /home/gui/Documentos/airflowalura/venv/lib/python3.9/site-packages/airflow/example_dags/example_branch_labels.py
[2023-06-05 23:33:56,604] {processor.py:641} INFO - Processing file /home/gui/Documentos/airflowalura/venv/lib/python3.9/site-packages/airflow/example_dags/example_branch_labels.py for tasks to queue
[2023-06-05 23:33:56,605] {logging_mixin.py:115} INFO - [2023-06-05 23:33:56,605] {dagbag.py:507} INFO - Filling up the DagBag from /home/gui/Documentos/airflowalura/venv/lib/python3.9/site-packages/airflow/example_dags/example_branch_labels.py
[2023-06-05 23:33:56,636] {processor.py:651} INFO - DAG(s) dict_keys(['example_branch_labels']) retrieved from /home/gui/Documentos/airflowalura/venv/lib/python3.9/site-packages/airflow/example_dags/example_branch_labels.py
[2023-06-05 23:33:56,696] {logging_mixin.py:115} INFO - [2023-06-05 23:33:56,696] {dag.py:2379} INFO - Sync 1 DAGs
[2023-06-05 23:33:56,754] {logging_mixin.py:115} INFO - [2023-06-05 23:33:56,754] {dag.py:2927} INFO - Setting next_dagrun for example_branch_labels to 2023-06-05T00:00:00+00:00, run_after=2023-06-06T00:00:00+00:00
[2023-06-05 23:33:56,828] {processor.py:161} INFO - Processing /home/gui/Documentos/airflowalura/venv/lib/python3.9/site-packages/airflow/example_dags/example_branch_labels.py took 0.240 seconds
[2023-06-05 23:34:47,173] {processor.py:153} INFO - Started process (PID=49503) to work on /home/gui/Documentos/airflowalura/venv/lib/python3.9/site-packages/airflow/example_dags/example_branch_labels.py
[2023-06-05 23:34:47,177] {processor.py:641} INFO - Processing file /home/gui/Documentos/airflowalura/venv/lib/python3.9/site-packages/airflow/example_dags/example_branch_labels.py for tasks to queue
[2023-06-05 23:34:47,179] {logging_mixin.py:115} INFO - [2023-06-05 23:34:47,179] {dagbag.py:507} INFO - Filling up the DagBag from /home/gui/Documentos/airflowalura/venv/lib/python3.9/site-packages/airflow/example_dags/example_branch_labels.py
[2023-06-05 23:34:47,194] {processor.py:651} INFO - DAG(s) dict_keys(['example_branch_labels']) retrieved from /home/gui/Documentos/airflowalura/venv/lib/python3.9/site-packages/airflow/example_dags/example_branch_labels.py
[2023-06-05 23:34:47,236] {logging_mixin.py:115} INFO - [2023-06-05 23:34:47,236] {dag.py:2379} INFO - Sync 1 DAGs
[2023-06-05 23:34:47,283] {logging_mixin.py:115} INFO - [2023-06-05 23:34:47,283] {dag.py:2927} INFO - Setting next_dagrun for example_branch_labels to 2023-06-05T00:00:00+00:00, run_after=2023-06-06T00:00:00+00:00
[2023-06-05 23:34:47,385] {processor.py:161} INFO - Processing /home/gui/Documentos/airflowalura/venv/lib/python3.9/site-packages/airflow/example_dags/example_branch_labels.py took 0.240 seconds
[2023-06-05 23:35:38,472] {processor.py:153} INFO - Started process (PID=49583) to work on /home/gui/Documentos/airflowalura/venv/lib/python3.9/site-packages/airflow/example_dags/example_branch_labels.py
[2023-06-05 23:35:38,479] {processor.py:641} INFO - Processing file /home/gui/Documentos/airflowalura/venv/lib/python3.9/site-packages/airflow/example_dags/example_branch_labels.py for tasks to queue
[2023-06-05 23:35:38,480] {logging_mixin.py:115} INFO - [2023-06-05 23:35:38,480] {dagbag.py:507} INFO - Filling up the DagBag from /home/gui/Documentos/airflowalura/venv/lib/python3.9/site-packages/airflow/example_dags/example_branch_labels.py
[2023-06-05 23:35:38,501] {processor.py:651} INFO - DAG(s) dict_keys(['example_branch_labels']) retrieved from /home/gui/Documentos/airflowalura/venv/lib/python3.9/site-packages/airflow/example_dags/example_branch_labels.py
[2023-06-05 23:35:38,578] {logging_mixin.py:115} INFO - [2023-06-05 23:35:38,578] {dag.py:2379} INFO - Sync 1 DAGs
[2023-06-05 23:35:38,620] {logging_mixin.py:115} INFO - [2023-06-05 23:35:38,620] {dag.py:2927} INFO - Setting next_dagrun for example_branch_labels to 2023-06-05T00:00:00+00:00, run_after=2023-06-06T00:00:00+00:00
[2023-06-05 23:35:38,651] {processor.py:161} INFO - Processing /home/gui/Documentos/airflowalura/venv/lib/python3.9/site-packages/airflow/example_dags/example_branch_labels.py took 0.190 seconds
[2023-06-05 23:36:31,305] {processor.py:153} INFO - Started process (PID=49662) to work on /home/gui/Documentos/airflowalura/venv/lib/python3.9/site-packages/airflow/example_dags/example_branch_labels.py
[2023-06-05 23:36:31,307] {processor.py:641} INFO - Processing file /home/gui/Documentos/airflowalura/venv/lib/python3.9/site-packages/airflow/example_dags/example_branch_labels.py for tasks to queue
[2023-06-05 23:36:31,309] {logging_mixin.py:115} INFO - [2023-06-05 23:36:31,308] {dagbag.py:507} INFO - Filling up the DagBag from /home/gui/Documentos/airflowalura/venv/lib/python3.9/site-packages/airflow/example_dags/example_branch_labels.py
[2023-06-05 23:36:31,328] {processor.py:651} INFO - DAG(s) dict_keys(['example_branch_labels']) retrieved from /home/gui/Documentos/airflowalura/venv/lib/python3.9/site-packages/airflow/example_dags/example_branch_labels.py
[2023-06-05 23:36:31,394] {logging_mixin.py:115} INFO - [2023-06-05 23:36:31,394] {dag.py:2379} INFO - Sync 1 DAGs
[2023-06-05 23:36:31,444] {logging_mixin.py:115} INFO - [2023-06-05 23:36:31,443] {dag.py:2927} INFO - Setting next_dagrun for example_branch_labels to 2023-06-05T00:00:00+00:00, run_after=2023-06-06T00:00:00+00:00
[2023-06-05 23:36:31,469] {processor.py:161} INFO - Processing /home/gui/Documentos/airflowalura/venv/lib/python3.9/site-packages/airflow/example_dags/example_branch_labels.py took 0.174 seconds
[2023-06-05 23:37:15,981] {processor.py:153} INFO - Started process (PID=49762) to work on /home/gui/Documentos/airflowalura/venv/lib/python3.9/site-packages/airflow/example_dags/example_branch_labels.py
[2023-06-05 23:37:15,988] {processor.py:641} INFO - Processing file /home/gui/Documentos/airflowalura/venv/lib/python3.9/site-packages/airflow/example_dags/example_branch_labels.py for tasks to queue
[2023-06-05 23:37:15,989] {logging_mixin.py:115} INFO - [2023-06-05 23:37:15,989] {dagbag.py:507} INFO - Filling up the DagBag from /home/gui/Documentos/airflowalura/venv/lib/python3.9/site-packages/airflow/example_dags/example_branch_labels.py
[2023-06-05 23:37:16,007] {processor.py:651} INFO - DAG(s) dict_keys(['example_branch_labels']) retrieved from /home/gui/Documentos/airflowalura/venv/lib/python3.9/site-packages/airflow/example_dags/example_branch_labels.py
[2023-06-05 23:37:16,056] {logging_mixin.py:115} INFO - [2023-06-05 23:37:16,055] {dag.py:2379} INFO - Sync 1 DAGs
[2023-06-05 23:37:16,109] {logging_mixin.py:115} INFO - [2023-06-05 23:37:16,109] {dag.py:2927} INFO - Setting next_dagrun for example_branch_labels to 2023-06-05T00:00:00+00:00, run_after=2023-06-06T00:00:00+00:00
[2023-06-05 23:37:16,166] {processor.py:161} INFO - Processing /home/gui/Documentos/airflowalura/venv/lib/python3.9/site-packages/airflow/example_dags/example_branch_labels.py took 0.197 seconds
[2023-06-05 23:38:09,814] {processor.py:153} INFO - Started process (PID=49900) to work on /home/gui/Documentos/airflowalura/venv/lib/python3.9/site-packages/airflow/example_dags/example_branch_labels.py
[2023-06-05 23:38:09,815] {processor.py:641} INFO - Processing file /home/gui/Documentos/airflowalura/venv/lib/python3.9/site-packages/airflow/example_dags/example_branch_labels.py for tasks to queue
[2023-06-05 23:38:09,816] {logging_mixin.py:115} INFO - [2023-06-05 23:38:09,815] {dagbag.py:507} INFO - Filling up the DagBag from /home/gui/Documentos/airflowalura/venv/lib/python3.9/site-packages/airflow/example_dags/example_branch_labels.py
[2023-06-05 23:38:09,835] {processor.py:651} INFO - DAG(s) dict_keys(['example_branch_labels']) retrieved from /home/gui/Documentos/airflowalura/venv/lib/python3.9/site-packages/airflow/example_dags/example_branch_labels.py
[2023-06-05 23:38:09,878] {logging_mixin.py:115} INFO - [2023-06-05 23:38:09,878] {dag.py:2379} INFO - Sync 1 DAGs
[2023-06-05 23:38:09,919] {logging_mixin.py:115} INFO - [2023-06-05 23:38:09,918] {dag.py:2927} INFO - Setting next_dagrun for example_branch_labels to 2023-06-05T00:00:00+00:00, run_after=2023-06-06T00:00:00+00:00
[2023-06-05 23:38:09,942] {processor.py:161} INFO - Processing /home/gui/Documentos/airflowalura/venv/lib/python3.9/site-packages/airflow/example_dags/example_branch_labels.py took 0.140 seconds
[2023-06-05 23:38:54,554] {processor.py:153} INFO - Started process (PID=49976) to work on /home/gui/Documentos/airflowalura/venv/lib/python3.9/site-packages/airflow/example_dags/example_branch_labels.py
[2023-06-05 23:38:54,559] {processor.py:641} INFO - Processing file /home/gui/Documentos/airflowalura/venv/lib/python3.9/site-packages/airflow/example_dags/example_branch_labels.py for tasks to queue
[2023-06-05 23:38:54,560] {logging_mixin.py:115} INFO - [2023-06-05 23:38:54,560] {dagbag.py:507} INFO - Filling up the DagBag from /home/gui/Documentos/airflowalura/venv/lib/python3.9/site-packages/airflow/example_dags/example_branch_labels.py
[2023-06-05 23:38:54,572] {processor.py:651} INFO - DAG(s) dict_keys(['example_branch_labels']) retrieved from /home/gui/Documentos/airflowalura/venv/lib/python3.9/site-packages/airflow/example_dags/example_branch_labels.py
[2023-06-05 23:38:54,609] {logging_mixin.py:115} INFO - [2023-06-05 23:38:54,609] {dag.py:2379} INFO - Sync 1 DAGs
[2023-06-05 23:38:54,645] {logging_mixin.py:115} INFO - [2023-06-05 23:38:54,645] {dag.py:2927} INFO - Setting next_dagrun for example_branch_labels to 2023-06-05T00:00:00+00:00, run_after=2023-06-06T00:00:00+00:00
[2023-06-05 23:38:54,669] {processor.py:161} INFO - Processing /home/gui/Documentos/airflowalura/venv/lib/python3.9/site-packages/airflow/example_dags/example_branch_labels.py took 0.122 seconds
[2023-06-05 23:39:38,377] {processor.py:153} INFO - Started process (PID=50050) to work on /home/gui/Documentos/airflowalura/venv/lib/python3.9/site-packages/airflow/example_dags/example_branch_labels.py
[2023-06-05 23:39:38,380] {processor.py:641} INFO - Processing file /home/gui/Documentos/airflowalura/venv/lib/python3.9/site-packages/airflow/example_dags/example_branch_labels.py for tasks to queue
[2023-06-05 23:39:38,381] {logging_mixin.py:115} INFO - [2023-06-05 23:39:38,381] {dagbag.py:507} INFO - Filling up the DagBag from /home/gui/Documentos/airflowalura/venv/lib/python3.9/site-packages/airflow/example_dags/example_branch_labels.py
[2023-06-05 23:39:38,392] {processor.py:651} INFO - DAG(s) dict_keys(['example_branch_labels']) retrieved from /home/gui/Documentos/airflowalura/venv/lib/python3.9/site-packages/airflow/example_dags/example_branch_labels.py
[2023-06-05 23:39:38,435] {logging_mixin.py:115} INFO - [2023-06-05 23:39:38,435] {dag.py:2379} INFO - Sync 1 DAGs
[2023-06-05 23:39:38,472] {logging_mixin.py:115} INFO - [2023-06-05 23:39:38,472] {dag.py:2927} INFO - Setting next_dagrun for example_branch_labels to 2023-06-05T00:00:00+00:00, run_after=2023-06-06T00:00:00+00:00
[2023-06-05 23:39:38,747] {processor.py:161} INFO - Processing /home/gui/Documentos/airflowalura/venv/lib/python3.9/site-packages/airflow/example_dags/example_branch_labels.py took 0.377 seconds
[2023-06-05 23:40:30,257] {processor.py:153} INFO - Started process (PID=50397) to work on /home/gui/Documentos/airflowalura/venv/lib/python3.9/site-packages/airflow/example_dags/example_branch_labels.py
[2023-06-05 23:40:30,261] {processor.py:641} INFO - Processing file /home/gui/Documentos/airflowalura/venv/lib/python3.9/site-packages/airflow/example_dags/example_branch_labels.py for tasks to queue
[2023-06-05 23:40:30,262] {logging_mixin.py:115} INFO - [2023-06-05 23:40:30,262] {dagbag.py:507} INFO - Filling up the DagBag from /home/gui/Documentos/airflowalura/venv/lib/python3.9/site-packages/airflow/example_dags/example_branch_labels.py
[2023-06-05 23:40:30,291] {processor.py:651} INFO - DAG(s) dict_keys(['example_branch_labels']) retrieved from /home/gui/Documentos/airflowalura/venv/lib/python3.9/site-packages/airflow/example_dags/example_branch_labels.py
[2023-06-05 23:40:30,366] {logging_mixin.py:115} INFO - [2023-06-05 23:40:30,366] {dag.py:2379} INFO - Sync 1 DAGs
[2023-06-05 23:40:30,431] {logging_mixin.py:115} INFO - [2023-06-05 23:40:30,430] {dag.py:2927} INFO - Setting next_dagrun for example_branch_labels to 2023-06-05T00:00:00+00:00, run_after=2023-06-06T00:00:00+00:00
[2023-06-05 23:40:30,610] {processor.py:161} INFO - Processing /home/gui/Documentos/airflowalura/venv/lib/python3.9/site-packages/airflow/example_dags/example_branch_labels.py took 0.368 seconds
[2023-06-05 23:41:24,491] {processor.py:153} INFO - Started process (PID=50721) to work on /home/gui/Documentos/airflowalura/venv/lib/python3.9/site-packages/airflow/example_dags/example_branch_labels.py
[2023-06-05 23:41:24,520] {processor.py:641} INFO - Processing file /home/gui/Documentos/airflowalura/venv/lib/python3.9/site-packages/airflow/example_dags/example_branch_labels.py for tasks to queue
[2023-06-05 23:41:24,521] {logging_mixin.py:115} INFO - [2023-06-05 23:41:24,521] {dagbag.py:507} INFO - Filling up the DagBag from /home/gui/Documentos/airflowalura/venv/lib/python3.9/site-packages/airflow/example_dags/example_branch_labels.py
[2023-06-05 23:41:24,536] {processor.py:651} INFO - DAG(s) dict_keys(['example_branch_labels']) retrieved from /home/gui/Documentos/airflowalura/venv/lib/python3.9/site-packages/airflow/example_dags/example_branch_labels.py
[2023-06-05 23:41:24,575] {logging_mixin.py:115} INFO - [2023-06-05 23:41:24,575] {dag.py:2379} INFO - Sync 1 DAGs
[2023-06-05 23:41:24,609] {logging_mixin.py:115} INFO - [2023-06-05 23:41:24,609] {dag.py:2927} INFO - Setting next_dagrun for example_branch_labels to 2023-06-05T00:00:00+00:00, run_after=2023-06-06T00:00:00+00:00
[2023-06-05 23:41:24,644] {processor.py:161} INFO - Processing /home/gui/Documentos/airflowalura/venv/lib/python3.9/site-packages/airflow/example_dags/example_branch_labels.py took 0.160 seconds
[2023-06-05 23:42:09,129] {processor.py:153} INFO - Started process (PID=50819) to work on /home/gui/Documentos/airflowalura/venv/lib/python3.9/site-packages/airflow/example_dags/example_branch_labels.py
[2023-06-05 23:42:09,135] {processor.py:641} INFO - Processing file /home/gui/Documentos/airflowalura/venv/lib/python3.9/site-packages/airflow/example_dags/example_branch_labels.py for tasks to queue
[2023-06-05 23:42:09,136] {logging_mixin.py:115} INFO - [2023-06-05 23:42:09,136] {dagbag.py:507} INFO - Filling up the DagBag from /home/gui/Documentos/airflowalura/venv/lib/python3.9/site-packages/airflow/example_dags/example_branch_labels.py
[2023-06-05 23:42:09,148] {processor.py:651} INFO - DAG(s) dict_keys(['example_branch_labels']) retrieved from /home/gui/Documentos/airflowalura/venv/lib/python3.9/site-packages/airflow/example_dags/example_branch_labels.py
[2023-06-05 23:42:09,196] {logging_mixin.py:115} INFO - [2023-06-05 23:42:09,196] {dag.py:2379} INFO - Sync 1 DAGs
[2023-06-05 23:42:09,233] {logging_mixin.py:115} INFO - [2023-06-05 23:42:09,233] {dag.py:2927} INFO - Setting next_dagrun for example_branch_labels to 2023-06-05T00:00:00+00:00, run_after=2023-06-06T00:00:00+00:00
[2023-06-05 23:42:09,261] {processor.py:161} INFO - Processing /home/gui/Documentos/airflowalura/venv/lib/python3.9/site-packages/airflow/example_dags/example_branch_labels.py took 0.139 seconds
