[2023-06-05 23:02:02,356] {processor.py:153} INFO - Started process (PID=44507) to work on /home/gui/Documentos/airflowalura/venv/lib/python3.9/site-packages/airflow/example_dags/example_trigger_controller_dag.py
[2023-06-05 23:02:02,357] {processor.py:641} INFO - Processing file /home/gui/Documentos/airflowalura/venv/lib/python3.9/site-packages/airflow/example_dags/example_trigger_controller_dag.py for tasks to queue
[2023-06-05 23:02:02,367] {logging_mixin.py:115} INFO - [2023-06-05 23:02:02,367] {dagbag.py:507} INFO - Filling up the DagBag from /home/gui/Documentos/airflowalura/venv/lib/python3.9/site-packages/airflow/example_dags/example_trigger_controller_dag.py
[2023-06-05 23:02:02,381] {processor.py:651} INFO - DAG(s) dict_keys(['example_trigger_controller_dag']) retrieved from /home/gui/Documentos/airflowalura/venv/lib/python3.9/site-packages/airflow/example_dags/example_trigger_controller_dag.py
[2023-06-05 23:02:02,642] {logging_mixin.py:115} INFO - [2023-06-05 23:02:02,642] {manager.py:508} INFO - Created Permission View: can read on DAG:example_trigger_controller_dag
[2023-06-05 23:02:02,681] {logging_mixin.py:115} INFO - [2023-06-05 23:02:02,681] {manager.py:508} INFO - Created Permission View: can edit on DAG:example_trigger_controller_dag
[2023-06-05 23:02:02,697] {logging_mixin.py:115} INFO - [2023-06-05 23:02:02,697] {manager.py:508} INFO - Created Permission View: can delete on DAG:example_trigger_controller_dag
[2023-06-05 23:02:02,698] {logging_mixin.py:115} INFO - [2023-06-05 23:02:02,698] {dag.py:2379} INFO - Sync 1 DAGs
[2023-06-05 23:02:02,779] {logging_mixin.py:115} INFO - [2023-06-05 23:02:02,779] {dag.py:2398} INFO - Creating ORM DAG for example_trigger_controller_dag
[2023-06-05 23:02:02,805] {logging_mixin.py:115} INFO - [2023-06-05 23:02:02,805] {dag.py:2927} INFO - Setting next_dagrun for example_trigger_controller_dag to 2021-01-01T00:00:00+00:00, run_after=2021-01-01T00:00:00+00:00
[2023-06-05 23:02:02,855] {processor.py:161} INFO - Processing /home/gui/Documentos/airflowalura/venv/lib/python3.9/site-packages/airflow/example_dags/example_trigger_controller_dag.py took 0.506 seconds
[2023-06-05 23:05:12,983] {processor.py:153} INFO - Started process (PID=44956) to work on /home/gui/Documentos/airflowalura/venv/lib/python3.9/site-packages/airflow/example_dags/example_trigger_controller_dag.py
[2023-06-05 23:05:13,018] {processor.py:641} INFO - Processing file /home/gui/Documentos/airflowalura/venv/lib/python3.9/site-packages/airflow/example_dags/example_trigger_controller_dag.py for tasks to queue
[2023-06-05 23:05:13,019] {logging_mixin.py:115} INFO - [2023-06-05 23:05:13,019] {dagbag.py:507} INFO - Filling up the DagBag from /home/gui/Documentos/airflowalura/venv/lib/python3.9/site-packages/airflow/example_dags/example_trigger_controller_dag.py
[2023-06-05 23:05:13,025] {processor.py:651} INFO - DAG(s) dict_keys(['example_trigger_controller_dag']) retrieved from /home/gui/Documentos/airflowalura/venv/lib/python3.9/site-packages/airflow/example_dags/example_trigger_controller_dag.py
[2023-06-05 23:05:13,711] {logging_mixin.py:115} INFO - [2023-06-05 23:05:13,711] {dag.py:2379} INFO - Sync 1 DAGs
[2023-06-05 23:05:14,105] {logging_mixin.py:115} INFO - [2023-06-05 23:05:14,105] {dag.py:2927} INFO - Setting next_dagrun for example_trigger_controller_dag to 2021-01-01T00:00:00+00:00, run_after=2021-01-01T00:00:00+00:00
[2023-06-05 23:05:14,152] {processor.py:161} INFO - Processing /home/gui/Documentos/airflowalura/venv/lib/python3.9/site-packages/airflow/example_dags/example_trigger_controller_dag.py took 1.175 seconds
[2023-06-05 23:05:53,591] {processor.py:153} INFO - Started process (PID=44992) to work on /home/gui/Documentos/airflowalura/venv/lib/python3.9/site-packages/airflow/example_dags/example_trigger_controller_dag.py
[2023-06-05 23:05:53,592] {processor.py:641} INFO - Processing file /home/gui/Documentos/airflowalura/venv/lib/python3.9/site-packages/airflow/example_dags/example_trigger_controller_dag.py for tasks to queue
[2023-06-05 23:05:53,593] {logging_mixin.py:115} INFO - [2023-06-05 23:05:53,593] {dagbag.py:507} INFO - Filling up the DagBag from /home/gui/Documentos/airflowalura/venv/lib/python3.9/site-packages/airflow/example_dags/example_trigger_controller_dag.py
[2023-06-05 23:05:53,599] {processor.py:651} INFO - DAG(s) dict_keys(['example_trigger_controller_dag']) retrieved from /home/gui/Documentos/airflowalura/venv/lib/python3.9/site-packages/airflow/example_dags/example_trigger_controller_dag.py
[2023-06-05 23:05:53,626] {logging_mixin.py:115} INFO - [2023-06-05 23:05:53,626] {dag.py:2379} INFO - Sync 1 DAGs
[2023-06-05 23:05:53,653] {logging_mixin.py:115} INFO - [2023-06-05 23:05:53,653] {dag.py:2927} INFO - Setting next_dagrun for example_trigger_controller_dag to 2021-01-01T00:00:00+00:00, run_after=2021-01-01T00:00:00+00:00
[2023-06-05 23:05:53,702] {processor.py:161} INFO - Processing /home/gui/Documentos/airflowalura/venv/lib/python3.9/site-packages/airflow/example_dags/example_trigger_controller_dag.py took 0.116 seconds
[2023-06-05 23:06:29,155] {processor.py:153} INFO - Started process (PID=45028) to work on /home/gui/Documentos/airflowalura/venv/lib/python3.9/site-packages/airflow/example_dags/example_trigger_controller_dag.py
[2023-06-05 23:06:29,156] {processor.py:641} INFO - Processing file /home/gui/Documentos/airflowalura/venv/lib/python3.9/site-packages/airflow/example_dags/example_trigger_controller_dag.py for tasks to queue
[2023-06-05 23:06:29,157] {logging_mixin.py:115} INFO - [2023-06-05 23:06:29,157] {dagbag.py:507} INFO - Filling up the DagBag from /home/gui/Documentos/airflowalura/venv/lib/python3.9/site-packages/airflow/example_dags/example_trigger_controller_dag.py
[2023-06-05 23:06:29,163] {processor.py:651} INFO - DAG(s) dict_keys(['example_trigger_controller_dag']) retrieved from /home/gui/Documentos/airflowalura/venv/lib/python3.9/site-packages/airflow/example_dags/example_trigger_controller_dag.py
[2023-06-05 23:06:29,191] {logging_mixin.py:115} INFO - [2023-06-05 23:06:29,191] {dag.py:2379} INFO - Sync 1 DAGs
[2023-06-05 23:06:29,219] {logging_mixin.py:115} INFO - [2023-06-05 23:06:29,218] {dag.py:2927} INFO - Setting next_dagrun for example_trigger_controller_dag to 2021-01-01T00:00:00+00:00, run_after=2021-01-01T00:00:00+00:00
[2023-06-05 23:06:29,236] {processor.py:161} INFO - Processing /home/gui/Documentos/airflowalura/venv/lib/python3.9/site-packages/airflow/example_dags/example_trigger_controller_dag.py took 0.088 seconds
[2023-06-05 23:07:07,490] {processor.py:153} INFO - Started process (PID=45083) to work on /home/gui/Documentos/airflowalura/venv/lib/python3.9/site-packages/airflow/example_dags/example_trigger_controller_dag.py
[2023-06-05 23:07:07,519] {processor.py:641} INFO - Processing file /home/gui/Documentos/airflowalura/venv/lib/python3.9/site-packages/airflow/example_dags/example_trigger_controller_dag.py for tasks to queue
[2023-06-05 23:07:07,521] {logging_mixin.py:115} INFO - [2023-06-05 23:07:07,521] {dagbag.py:507} INFO - Filling up the DagBag from /home/gui/Documentos/airflowalura/venv/lib/python3.9/site-packages/airflow/example_dags/example_trigger_controller_dag.py
[2023-06-05 23:07:07,528] {processor.py:651} INFO - DAG(s) dict_keys(['example_trigger_controller_dag']) retrieved from /home/gui/Documentos/airflowalura/venv/lib/python3.9/site-packages/airflow/example_dags/example_trigger_controller_dag.py
[2023-06-05 23:07:07,558] {logging_mixin.py:115} INFO - [2023-06-05 23:07:07,558] {dag.py:2379} INFO - Sync 1 DAGs
[2023-06-05 23:07:07,585] {logging_mixin.py:115} INFO - [2023-06-05 23:07:07,584] {dag.py:2927} INFO - Setting next_dagrun for example_trigger_controller_dag to 2021-01-01T00:00:00+00:00, run_after=2021-01-01T00:00:00+00:00
[2023-06-05 23:07:07,601] {processor.py:161} INFO - Processing /home/gui/Documentos/airflowalura/venv/lib/python3.9/site-packages/airflow/example_dags/example_trigger_controller_dag.py took 0.118 seconds
[2023-06-05 23:07:45,386] {processor.py:153} INFO - Started process (PID=45122) to work on /home/gui/Documentos/airflowalura/venv/lib/python3.9/site-packages/airflow/example_dags/example_trigger_controller_dag.py
[2023-06-05 23:07:45,388] {processor.py:641} INFO - Processing file /home/gui/Documentos/airflowalura/venv/lib/python3.9/site-packages/airflow/example_dags/example_trigger_controller_dag.py for tasks to queue
[2023-06-05 23:07:45,388] {logging_mixin.py:115} INFO - [2023-06-05 23:07:45,388] {dagbag.py:507} INFO - Filling up the DagBag from /home/gui/Documentos/airflowalura/venv/lib/python3.9/site-packages/airflow/example_dags/example_trigger_controller_dag.py
[2023-06-05 23:07:45,394] {processor.py:651} INFO - DAG(s) dict_keys(['example_trigger_controller_dag']) retrieved from /home/gui/Documentos/airflowalura/venv/lib/python3.9/site-packages/airflow/example_dags/example_trigger_controller_dag.py
[2023-06-05 23:07:45,423] {logging_mixin.py:115} INFO - [2023-06-05 23:07:45,423] {dag.py:2379} INFO - Sync 1 DAGs
[2023-06-05 23:07:45,451] {logging_mixin.py:115} INFO - [2023-06-05 23:07:45,450] {dag.py:2927} INFO - Setting next_dagrun for example_trigger_controller_dag to 2021-01-01T00:00:00+00:00, run_after=2021-01-01T00:00:00+00:00
[2023-06-05 23:07:45,482] {processor.py:161} INFO - Processing /home/gui/Documentos/airflowalura/venv/lib/python3.9/site-packages/airflow/example_dags/example_trigger_controller_dag.py took 0.103 seconds
[2023-06-05 23:08:25,525] {processor.py:153} INFO - Started process (PID=45156) to work on /home/gui/Documentos/airflowalura/venv/lib/python3.9/site-packages/airflow/example_dags/example_trigger_controller_dag.py
[2023-06-05 23:08:25,527] {processor.py:641} INFO - Processing file /home/gui/Documentos/airflowalura/venv/lib/python3.9/site-packages/airflow/example_dags/example_trigger_controller_dag.py for tasks to queue
[2023-06-05 23:08:25,528] {logging_mixin.py:115} INFO - [2023-06-05 23:08:25,528] {dagbag.py:507} INFO - Filling up the DagBag from /home/gui/Documentos/airflowalura/venv/lib/python3.9/site-packages/airflow/example_dags/example_trigger_controller_dag.py
[2023-06-05 23:08:25,534] {processor.py:651} INFO - DAG(s) dict_keys(['example_trigger_controller_dag']) retrieved from /home/gui/Documentos/airflowalura/venv/lib/python3.9/site-packages/airflow/example_dags/example_trigger_controller_dag.py
[2023-06-05 23:08:25,563] {logging_mixin.py:115} INFO - [2023-06-05 23:08:25,562] {dag.py:2379} INFO - Sync 1 DAGs
[2023-06-05 23:08:25,589] {logging_mixin.py:115} INFO - [2023-06-05 23:08:25,589] {dag.py:2927} INFO - Setting next_dagrun for example_trigger_controller_dag to 2021-01-01T00:00:00+00:00, run_after=2021-01-01T00:00:00+00:00
[2023-06-05 23:08:25,608] {processor.py:161} INFO - Processing /home/gui/Documentos/airflowalura/venv/lib/python3.9/site-packages/airflow/example_dags/example_trigger_controller_dag.py took 0.089 seconds
[2023-06-05 23:09:05,409] {processor.py:153} INFO - Started process (PID=45191) to work on /home/gui/Documentos/airflowalura/venv/lib/python3.9/site-packages/airflow/example_dags/example_trigger_controller_dag.py
[2023-06-05 23:09:05,432] {processor.py:641} INFO - Processing file /home/gui/Documentos/airflowalura/venv/lib/python3.9/site-packages/airflow/example_dags/example_trigger_controller_dag.py for tasks to queue
[2023-06-05 23:09:05,433] {logging_mixin.py:115} INFO - [2023-06-05 23:09:05,433] {dagbag.py:507} INFO - Filling up the DagBag from /home/gui/Documentos/airflowalura/venv/lib/python3.9/site-packages/airflow/example_dags/example_trigger_controller_dag.py
[2023-06-05 23:09:05,441] {processor.py:651} INFO - DAG(s) dict_keys(['example_trigger_controller_dag']) retrieved from /home/gui/Documentos/airflowalura/venv/lib/python3.9/site-packages/airflow/example_dags/example_trigger_controller_dag.py
[2023-06-05 23:09:05,473] {logging_mixin.py:115} INFO - [2023-06-05 23:09:05,473] {dag.py:2379} INFO - Sync 1 DAGs
[2023-06-05 23:09:05,508] {logging_mixin.py:115} INFO - [2023-06-05 23:09:05,508] {dag.py:2927} INFO - Setting next_dagrun for example_trigger_controller_dag to 2021-01-01T00:00:00+00:00, run_after=2021-01-01T00:00:00+00:00
[2023-06-05 23:09:05,559] {processor.py:161} INFO - Processing /home/gui/Documentos/airflowalura/venv/lib/python3.9/site-packages/airflow/example_dags/example_trigger_controller_dag.py took 0.156 seconds
[2023-06-05 23:09:38,482] {processor.py:153} INFO - Started process (PID=45221) to work on /home/gui/Documentos/airflowalura/venv/lib/python3.9/site-packages/airflow/example_dags/example_trigger_controller_dag.py
[2023-06-05 23:09:38,484] {processor.py:641} INFO - Processing file /home/gui/Documentos/airflowalura/venv/lib/python3.9/site-packages/airflow/example_dags/example_trigger_controller_dag.py for tasks to queue
[2023-06-05 23:09:38,485] {logging_mixin.py:115} INFO - [2023-06-05 23:09:38,484] {dagbag.py:507} INFO - Filling up the DagBag from /home/gui/Documentos/airflowalura/venv/lib/python3.9/site-packages/airflow/example_dags/example_trigger_controller_dag.py
[2023-06-05 23:09:38,492] {processor.py:651} INFO - DAG(s) dict_keys(['example_trigger_controller_dag']) retrieved from /home/gui/Documentos/airflowalura/venv/lib/python3.9/site-packages/airflow/example_dags/example_trigger_controller_dag.py
[2023-06-05 23:09:38,525] {logging_mixin.py:115} INFO - [2023-06-05 23:09:38,525] {dag.py:2379} INFO - Sync 1 DAGs
[2023-06-05 23:09:38,558] {logging_mixin.py:115} INFO - [2023-06-05 23:09:38,558] {dag.py:2927} INFO - Setting next_dagrun for example_trigger_controller_dag to 2021-01-01T00:00:00+00:00, run_after=2021-01-01T00:00:00+00:00
[2023-06-05 23:09:38,579] {processor.py:161} INFO - Processing /home/gui/Documentos/airflowalura/venv/lib/python3.9/site-packages/airflow/example_dags/example_trigger_controller_dag.py took 0.103 seconds
[2023-06-05 23:10:16,205] {processor.py:153} INFO - Started process (PID=45252) to work on /home/gui/Documentos/airflowalura/venv/lib/python3.9/site-packages/airflow/example_dags/example_trigger_controller_dag.py
[2023-06-05 23:10:16,206] {processor.py:641} INFO - Processing file /home/gui/Documentos/airflowalura/venv/lib/python3.9/site-packages/airflow/example_dags/example_trigger_controller_dag.py for tasks to queue
[2023-06-05 23:10:16,207] {logging_mixin.py:115} INFO - [2023-06-05 23:10:16,207] {dagbag.py:507} INFO - Filling up the DagBag from /home/gui/Documentos/airflowalura/venv/lib/python3.9/site-packages/airflow/example_dags/example_trigger_controller_dag.py
[2023-06-05 23:10:16,213] {processor.py:651} INFO - DAG(s) dict_keys(['example_trigger_controller_dag']) retrieved from /home/gui/Documentos/airflowalura/venv/lib/python3.9/site-packages/airflow/example_dags/example_trigger_controller_dag.py
[2023-06-05 23:10:16,244] {logging_mixin.py:115} INFO - [2023-06-05 23:10:16,244] {dag.py:2379} INFO - Sync 1 DAGs
[2023-06-05 23:10:16,275] {logging_mixin.py:115} INFO - [2023-06-05 23:10:16,275] {dag.py:2927} INFO - Setting next_dagrun for example_trigger_controller_dag to 2021-01-01T00:00:00+00:00, run_after=2021-01-01T00:00:00+00:00
[2023-06-05 23:10:16,297] {processor.py:161} INFO - Processing /home/gui/Documentos/airflowalura/venv/lib/python3.9/site-packages/airflow/example_dags/example_trigger_controller_dag.py took 0.099 seconds
[2023-06-05 23:10:57,173] {processor.py:153} INFO - Started process (PID=45286) to work on /home/gui/Documentos/airflowalura/venv/lib/python3.9/site-packages/airflow/example_dags/example_trigger_controller_dag.py
[2023-06-05 23:10:57,175] {processor.py:641} INFO - Processing file /home/gui/Documentos/airflowalura/venv/lib/python3.9/site-packages/airflow/example_dags/example_trigger_controller_dag.py for tasks to queue
[2023-06-05 23:10:57,176] {logging_mixin.py:115} INFO - [2023-06-05 23:10:57,176] {dagbag.py:507} INFO - Filling up the DagBag from /home/gui/Documentos/airflowalura/venv/lib/python3.9/site-packages/airflow/example_dags/example_trigger_controller_dag.py
[2023-06-05 23:10:57,183] {processor.py:651} INFO - DAG(s) dict_keys(['example_trigger_controller_dag']) retrieved from /home/gui/Documentos/airflowalura/venv/lib/python3.9/site-packages/airflow/example_dags/example_trigger_controller_dag.py
[2023-06-05 23:10:57,223] {logging_mixin.py:115} INFO - [2023-06-05 23:10:57,223] {dag.py:2379} INFO - Sync 1 DAGs
[2023-06-05 23:10:57,264] {logging_mixin.py:115} INFO - [2023-06-05 23:10:57,264] {dag.py:2927} INFO - Setting next_dagrun for example_trigger_controller_dag to 2021-01-01T00:00:00+00:00, run_after=2021-01-01T00:00:00+00:00
[2023-06-05 23:10:57,294] {processor.py:161} INFO - Processing /home/gui/Documentos/airflowalura/venv/lib/python3.9/site-packages/airflow/example_dags/example_trigger_controller_dag.py took 0.131 seconds
[2023-06-05 23:11:35,061] {processor.py:153} INFO - Started process (PID=45324) to work on /home/gui/Documentos/airflowalura/venv/lib/python3.9/site-packages/airflow/example_dags/example_trigger_controller_dag.py
[2023-06-05 23:11:35,062] {processor.py:641} INFO - Processing file /home/gui/Documentos/airflowalura/venv/lib/python3.9/site-packages/airflow/example_dags/example_trigger_controller_dag.py for tasks to queue
[2023-06-05 23:11:35,063] {logging_mixin.py:115} INFO - [2023-06-05 23:11:35,063] {dagbag.py:507} INFO - Filling up the DagBag from /home/gui/Documentos/airflowalura/venv/lib/python3.9/site-packages/airflow/example_dags/example_trigger_controller_dag.py
[2023-06-05 23:11:35,069] {processor.py:651} INFO - DAG(s) dict_keys(['example_trigger_controller_dag']) retrieved from /home/gui/Documentos/airflowalura/venv/lib/python3.9/site-packages/airflow/example_dags/example_trigger_controller_dag.py
[2023-06-05 23:11:35,101] {logging_mixin.py:115} INFO - [2023-06-05 23:11:35,101] {dag.py:2379} INFO - Sync 1 DAGs
[2023-06-05 23:11:35,136] {logging_mixin.py:115} INFO - [2023-06-05 23:11:35,136] {dag.py:2927} INFO - Setting next_dagrun for example_trigger_controller_dag to 2021-01-01T00:00:00+00:00, run_after=2021-01-01T00:00:00+00:00
[2023-06-05 23:11:35,161] {processor.py:161} INFO - Processing /home/gui/Documentos/airflowalura/venv/lib/python3.9/site-packages/airflow/example_dags/example_trigger_controller_dag.py took 0.107 seconds
[2023-06-05 23:12:07,179] {processor.py:153} INFO - Started process (PID=45353) to work on /home/gui/Documentos/airflowalura/venv/lib/python3.9/site-packages/airflow/example_dags/example_trigger_controller_dag.py
[2023-06-05 23:12:07,181] {processor.py:641} INFO - Processing file /home/gui/Documentos/airflowalura/venv/lib/python3.9/site-packages/airflow/example_dags/example_trigger_controller_dag.py for tasks to queue
[2023-06-05 23:12:07,182] {logging_mixin.py:115} INFO - [2023-06-05 23:12:07,182] {dagbag.py:507} INFO - Filling up the DagBag from /home/gui/Documentos/airflowalura/venv/lib/python3.9/site-packages/airflow/example_dags/example_trigger_controller_dag.py
[2023-06-05 23:12:07,189] {processor.py:651} INFO - DAG(s) dict_keys(['example_trigger_controller_dag']) retrieved from /home/gui/Documentos/airflowalura/venv/lib/python3.9/site-packages/airflow/example_dags/example_trigger_controller_dag.py
[2023-06-05 23:12:07,220] {logging_mixin.py:115} INFO - [2023-06-05 23:12:07,219] {dag.py:2379} INFO - Sync 1 DAGs
[2023-06-05 23:12:07,246] {logging_mixin.py:115} INFO - [2023-06-05 23:12:07,245] {dag.py:2927} INFO - Setting next_dagrun for example_trigger_controller_dag to 2021-01-01T00:00:00+00:00, run_after=2021-01-01T00:00:00+00:00
[2023-06-05 23:12:07,334] {processor.py:161} INFO - Processing /home/gui/Documentos/airflowalura/venv/lib/python3.9/site-packages/airflow/example_dags/example_trigger_controller_dag.py took 0.161 seconds
[2023-06-05 23:12:43,061] {processor.py:153} INFO - Started process (PID=45385) to work on /home/gui/Documentos/airflowalura/venv/lib/python3.9/site-packages/airflow/example_dags/example_trigger_controller_dag.py
[2023-06-05 23:12:43,062] {processor.py:641} INFO - Processing file /home/gui/Documentos/airflowalura/venv/lib/python3.9/site-packages/airflow/example_dags/example_trigger_controller_dag.py for tasks to queue
[2023-06-05 23:12:43,063] {logging_mixin.py:115} INFO - [2023-06-05 23:12:43,063] {dagbag.py:507} INFO - Filling up the DagBag from /home/gui/Documentos/airflowalura/venv/lib/python3.9/site-packages/airflow/example_dags/example_trigger_controller_dag.py
[2023-06-05 23:12:43,069] {processor.py:651} INFO - DAG(s) dict_keys(['example_trigger_controller_dag']) retrieved from /home/gui/Documentos/airflowalura/venv/lib/python3.9/site-packages/airflow/example_dags/example_trigger_controller_dag.py
[2023-06-05 23:12:43,097] {logging_mixin.py:115} INFO - [2023-06-05 23:12:43,097] {dag.py:2379} INFO - Sync 1 DAGs
[2023-06-05 23:12:43,124] {logging_mixin.py:115} INFO - [2023-06-05 23:12:43,123] {dag.py:2927} INFO - Setting next_dagrun for example_trigger_controller_dag to 2021-01-01T00:00:00+00:00, run_after=2021-01-01T00:00:00+00:00
[2023-06-05 23:12:43,141] {processor.py:161} INFO - Processing /home/gui/Documentos/airflowalura/venv/lib/python3.9/site-packages/airflow/example_dags/example_trigger_controller_dag.py took 0.086 seconds
[2023-06-05 23:13:19,591] {processor.py:153} INFO - Started process (PID=45416) to work on /home/gui/Documentos/airflowalura/venv/lib/python3.9/site-packages/airflow/example_dags/example_trigger_controller_dag.py
[2023-06-05 23:13:19,592] {processor.py:641} INFO - Processing file /home/gui/Documentos/airflowalura/venv/lib/python3.9/site-packages/airflow/example_dags/example_trigger_controller_dag.py for tasks to queue
[2023-06-05 23:13:19,593] {logging_mixin.py:115} INFO - [2023-06-05 23:13:19,592] {dagbag.py:507} INFO - Filling up the DagBag from /home/gui/Documentos/airflowalura/venv/lib/python3.9/site-packages/airflow/example_dags/example_trigger_controller_dag.py
[2023-06-05 23:13:19,600] {processor.py:651} INFO - DAG(s) dict_keys(['example_trigger_controller_dag']) retrieved from /home/gui/Documentos/airflowalura/venv/lib/python3.9/site-packages/airflow/example_dags/example_trigger_controller_dag.py
[2023-06-05 23:13:19,631] {logging_mixin.py:115} INFO - [2023-06-05 23:13:19,631] {dag.py:2379} INFO - Sync 1 DAGs
[2023-06-05 23:13:19,658] {logging_mixin.py:115} INFO - [2023-06-05 23:13:19,657] {dag.py:2927} INFO - Setting next_dagrun for example_trigger_controller_dag to 2021-01-01T00:00:00+00:00, run_after=2021-01-01T00:00:00+00:00
[2023-06-05 23:13:19,675] {processor.py:161} INFO - Processing /home/gui/Documentos/airflowalura/venv/lib/python3.9/site-packages/airflow/example_dags/example_trigger_controller_dag.py took 0.092 seconds
[2023-06-05 23:13:50,820] {processor.py:153} INFO - Started process (PID=45445) to work on /home/gui/Documentos/airflowalura/venv/lib/python3.9/site-packages/airflow/example_dags/example_trigger_controller_dag.py
[2023-06-05 23:13:50,821] {processor.py:641} INFO - Processing file /home/gui/Documentos/airflowalura/venv/lib/python3.9/site-packages/airflow/example_dags/example_trigger_controller_dag.py for tasks to queue
[2023-06-05 23:13:50,822] {logging_mixin.py:115} INFO - [2023-06-05 23:13:50,821] {dagbag.py:507} INFO - Filling up the DagBag from /home/gui/Documentos/airflowalura/venv/lib/python3.9/site-packages/airflow/example_dags/example_trigger_controller_dag.py
[2023-06-05 23:13:50,829] {processor.py:651} INFO - DAG(s) dict_keys(['example_trigger_controller_dag']) retrieved from /home/gui/Documentos/airflowalura/venv/lib/python3.9/site-packages/airflow/example_dags/example_trigger_controller_dag.py
[2023-06-05 23:13:50,860] {logging_mixin.py:115} INFO - [2023-06-05 23:13:50,860] {dag.py:2379} INFO - Sync 1 DAGs
[2023-06-05 23:13:50,889] {logging_mixin.py:115} INFO - [2023-06-05 23:13:50,889] {dag.py:2927} INFO - Setting next_dagrun for example_trigger_controller_dag to 2021-01-01T00:00:00+00:00, run_after=2021-01-01T00:00:00+00:00
[2023-06-05 23:13:50,908] {processor.py:161} INFO - Processing /home/gui/Documentos/airflowalura/venv/lib/python3.9/site-packages/airflow/example_dags/example_trigger_controller_dag.py took 0.096 seconds
[2023-06-05 23:14:24,813] {processor.py:153} INFO - Started process (PID=45475) to work on /home/gui/Documentos/airflowalura/venv/lib/python3.9/site-packages/airflow/example_dags/example_trigger_controller_dag.py
[2023-06-05 23:14:24,815] {processor.py:641} INFO - Processing file /home/gui/Documentos/airflowalura/venv/lib/python3.9/site-packages/airflow/example_dags/example_trigger_controller_dag.py for tasks to queue
[2023-06-05 23:14:24,815] {logging_mixin.py:115} INFO - [2023-06-05 23:14:24,815] {dagbag.py:507} INFO - Filling up the DagBag from /home/gui/Documentos/airflowalura/venv/lib/python3.9/site-packages/airflow/example_dags/example_trigger_controller_dag.py
[2023-06-05 23:14:24,822] {processor.py:651} INFO - DAG(s) dict_keys(['example_trigger_controller_dag']) retrieved from /home/gui/Documentos/airflowalura/venv/lib/python3.9/site-packages/airflow/example_dags/example_trigger_controller_dag.py
[2023-06-05 23:14:24,852] {logging_mixin.py:115} INFO - [2023-06-05 23:14:24,851] {dag.py:2379} INFO - Sync 1 DAGs
[2023-06-05 23:14:24,878] {logging_mixin.py:115} INFO - [2023-06-05 23:14:24,878] {dag.py:2927} INFO - Setting next_dagrun for example_trigger_controller_dag to 2021-01-01T00:00:00+00:00, run_after=2021-01-01T00:00:00+00:00
[2023-06-05 23:14:24,968] {processor.py:161} INFO - Processing /home/gui/Documentos/airflowalura/venv/lib/python3.9/site-packages/airflow/example_dags/example_trigger_controller_dag.py took 0.163 seconds
[2023-06-05 23:15:02,709] {processor.py:153} INFO - Started process (PID=45508) to work on /home/gui/Documentos/airflowalura/venv/lib/python3.9/site-packages/airflow/example_dags/example_trigger_controller_dag.py
[2023-06-05 23:15:02,710] {processor.py:641} INFO - Processing file /home/gui/Documentos/airflowalura/venv/lib/python3.9/site-packages/airflow/example_dags/example_trigger_controller_dag.py for tasks to queue
[2023-06-05 23:15:02,711] {logging_mixin.py:115} INFO - [2023-06-05 23:15:02,711] {dagbag.py:507} INFO - Filling up the DagBag from /home/gui/Documentos/airflowalura/venv/lib/python3.9/site-packages/airflow/example_dags/example_trigger_controller_dag.py
[2023-06-05 23:15:02,719] {processor.py:651} INFO - DAG(s) dict_keys(['example_trigger_controller_dag']) retrieved from /home/gui/Documentos/airflowalura/venv/lib/python3.9/site-packages/airflow/example_dags/example_trigger_controller_dag.py
[2023-06-05 23:15:02,755] {logging_mixin.py:115} INFO - [2023-06-05 23:15:02,755] {dag.py:2379} INFO - Sync 1 DAGs
[2023-06-05 23:15:02,791] {logging_mixin.py:115} INFO - [2023-06-05 23:15:02,791] {dag.py:2927} INFO - Setting next_dagrun for example_trigger_controller_dag to 2021-01-01T00:00:00+00:00, run_after=2021-01-01T00:00:00+00:00
[2023-06-05 23:15:02,820] {processor.py:161} INFO - Processing /home/gui/Documentos/airflowalura/venv/lib/python3.9/site-packages/airflow/example_dags/example_trigger_controller_dag.py took 0.118 seconds
[2023-06-05 23:15:40,979] {processor.py:153} INFO - Started process (PID=45564) to work on /home/gui/Documentos/airflowalura/venv/lib/python3.9/site-packages/airflow/example_dags/example_trigger_controller_dag.py
[2023-06-05 23:15:40,981] {processor.py:641} INFO - Processing file /home/gui/Documentos/airflowalura/venv/lib/python3.9/site-packages/airflow/example_dags/example_trigger_controller_dag.py for tasks to queue
[2023-06-05 23:15:40,982] {logging_mixin.py:115} INFO - [2023-06-05 23:15:40,982] {dagbag.py:507} INFO - Filling up the DagBag from /home/gui/Documentos/airflowalura/venv/lib/python3.9/site-packages/airflow/example_dags/example_trigger_controller_dag.py
[2023-06-05 23:15:40,988] {processor.py:651} INFO - DAG(s) dict_keys(['example_trigger_controller_dag']) retrieved from /home/gui/Documentos/airflowalura/venv/lib/python3.9/site-packages/airflow/example_dags/example_trigger_controller_dag.py
[2023-06-05 23:15:41,032] {logging_mixin.py:115} INFO - [2023-06-05 23:15:41,031] {dag.py:2379} INFO - Sync 1 DAGs
[2023-06-05 23:15:41,065] {logging_mixin.py:115} INFO - [2023-06-05 23:15:41,065] {dag.py:2927} INFO - Setting next_dagrun for example_trigger_controller_dag to 2021-01-01T00:00:00+00:00, run_after=2021-01-01T00:00:00+00:00
[2023-06-05 23:15:41,099] {processor.py:161} INFO - Processing /home/gui/Documentos/airflowalura/venv/lib/python3.9/site-packages/airflow/example_dags/example_trigger_controller_dag.py took 0.127 seconds
[2023-06-05 23:16:17,551] {processor.py:153} INFO - Started process (PID=45597) to work on /home/gui/Documentos/airflowalura/venv/lib/python3.9/site-packages/airflow/example_dags/example_trigger_controller_dag.py
[2023-06-05 23:16:17,553] {processor.py:641} INFO - Processing file /home/gui/Documentos/airflowalura/venv/lib/python3.9/site-packages/airflow/example_dags/example_trigger_controller_dag.py for tasks to queue
[2023-06-05 23:16:17,555] {logging_mixin.py:115} INFO - [2023-06-05 23:16:17,555] {dagbag.py:507} INFO - Filling up the DagBag from /home/gui/Documentos/airflowalura/venv/lib/python3.9/site-packages/airflow/example_dags/example_trigger_controller_dag.py
[2023-06-05 23:16:17,561] {processor.py:651} INFO - DAG(s) dict_keys(['example_trigger_controller_dag']) retrieved from /home/gui/Documentos/airflowalura/venv/lib/python3.9/site-packages/airflow/example_dags/example_trigger_controller_dag.py
[2023-06-05 23:16:17,596] {logging_mixin.py:115} INFO - [2023-06-05 23:16:17,596] {dag.py:2379} INFO - Sync 1 DAGs
[2023-06-05 23:16:17,630] {logging_mixin.py:115} INFO - [2023-06-05 23:16:17,630] {dag.py:2927} INFO - Setting next_dagrun for example_trigger_controller_dag to 2021-01-01T00:00:00+00:00, run_after=2021-01-01T00:00:00+00:00
[2023-06-05 23:16:17,655] {processor.py:161} INFO - Processing /home/gui/Documentos/airflowalura/venv/lib/python3.9/site-packages/airflow/example_dags/example_trigger_controller_dag.py took 0.110 seconds
[2023-06-05 23:16:53,206] {processor.py:153} INFO - Started process (PID=45630) to work on /home/gui/Documentos/airflowalura/venv/lib/python3.9/site-packages/airflow/example_dags/example_trigger_controller_dag.py
[2023-06-05 23:16:53,207] {processor.py:641} INFO - Processing file /home/gui/Documentos/airflowalura/venv/lib/python3.9/site-packages/airflow/example_dags/example_trigger_controller_dag.py for tasks to queue
[2023-06-05 23:16:53,208] {logging_mixin.py:115} INFO - [2023-06-05 23:16:53,208] {dagbag.py:507} INFO - Filling up the DagBag from /home/gui/Documentos/airflowalura/venv/lib/python3.9/site-packages/airflow/example_dags/example_trigger_controller_dag.py
[2023-06-05 23:16:53,214] {processor.py:651} INFO - DAG(s) dict_keys(['example_trigger_controller_dag']) retrieved from /home/gui/Documentos/airflowalura/venv/lib/python3.9/site-packages/airflow/example_dags/example_trigger_controller_dag.py
[2023-06-05 23:16:53,253] {logging_mixin.py:115} INFO - [2023-06-05 23:16:53,253] {dag.py:2379} INFO - Sync 1 DAGs
[2023-06-05 23:16:53,288] {logging_mixin.py:115} INFO - [2023-06-05 23:16:53,288] {dag.py:2927} INFO - Setting next_dagrun for example_trigger_controller_dag to 2021-01-01T00:00:00+00:00, run_after=2021-01-01T00:00:00+00:00
[2023-06-05 23:16:53,311] {processor.py:161} INFO - Processing /home/gui/Documentos/airflowalura/venv/lib/python3.9/site-packages/airflow/example_dags/example_trigger_controller_dag.py took 0.113 seconds
[2023-06-05 23:17:33,493] {processor.py:153} INFO - Started process (PID=45667) to work on /home/gui/Documentos/airflowalura/venv/lib/python3.9/site-packages/airflow/example_dags/example_trigger_controller_dag.py
[2023-06-05 23:17:33,495] {processor.py:641} INFO - Processing file /home/gui/Documentos/airflowalura/venv/lib/python3.9/site-packages/airflow/example_dags/example_trigger_controller_dag.py for tasks to queue
[2023-06-05 23:17:33,496] {logging_mixin.py:115} INFO - [2023-06-05 23:17:33,495] {dagbag.py:507} INFO - Filling up the DagBag from /home/gui/Documentos/airflowalura/venv/lib/python3.9/site-packages/airflow/example_dags/example_trigger_controller_dag.py
[2023-06-05 23:17:33,502] {processor.py:651} INFO - DAG(s) dict_keys(['example_trigger_controller_dag']) retrieved from /home/gui/Documentos/airflowalura/venv/lib/python3.9/site-packages/airflow/example_dags/example_trigger_controller_dag.py
[2023-06-05 23:17:33,545] {logging_mixin.py:115} INFO - [2023-06-05 23:17:33,545] {dag.py:2379} INFO - Sync 1 DAGs
[2023-06-05 23:17:33,588] {logging_mixin.py:115} INFO - [2023-06-05 23:17:33,588] {dag.py:2927} INFO - Setting next_dagrun for example_trigger_controller_dag to 2021-01-01T00:00:00+00:00, run_after=2021-01-01T00:00:00+00:00
[2023-06-05 23:17:33,671] {processor.py:161} INFO - Processing /home/gui/Documentos/airflowalura/venv/lib/python3.9/site-packages/airflow/example_dags/example_trigger_controller_dag.py took 0.186 seconds
[2023-06-05 23:18:13,336] {processor.py:153} INFO - Started process (PID=45700) to work on /home/gui/Documentos/airflowalura/venv/lib/python3.9/site-packages/airflow/example_dags/example_trigger_controller_dag.py
[2023-06-05 23:18:13,337] {processor.py:641} INFO - Processing file /home/gui/Documentos/airflowalura/venv/lib/python3.9/site-packages/airflow/example_dags/example_trigger_controller_dag.py for tasks to queue
[2023-06-05 23:18:13,338] {logging_mixin.py:115} INFO - [2023-06-05 23:18:13,338] {dagbag.py:507} INFO - Filling up the DagBag from /home/gui/Documentos/airflowalura/venv/lib/python3.9/site-packages/airflow/example_dags/example_trigger_controller_dag.py
[2023-06-05 23:18:13,347] {processor.py:651} INFO - DAG(s) dict_keys(['example_trigger_controller_dag']) retrieved from /home/gui/Documentos/airflowalura/venv/lib/python3.9/site-packages/airflow/example_dags/example_trigger_controller_dag.py
[2023-06-05 23:18:13,385] {logging_mixin.py:115} INFO - [2023-06-05 23:18:13,385] {dag.py:2379} INFO - Sync 1 DAGs
[2023-06-05 23:18:13,419] {logging_mixin.py:115} INFO - [2023-06-05 23:18:13,419] {dag.py:2927} INFO - Setting next_dagrun for example_trigger_controller_dag to 2021-01-01T00:00:00+00:00, run_after=2021-01-01T00:00:00+00:00
[2023-06-05 23:18:13,441] {processor.py:161} INFO - Processing /home/gui/Documentos/airflowalura/venv/lib/python3.9/site-packages/airflow/example_dags/example_trigger_controller_dag.py took 0.113 seconds
[2023-06-05 23:18:48,570] {processor.py:153} INFO - Started process (PID=45732) to work on /home/gui/Documentos/airflowalura/venv/lib/python3.9/site-packages/airflow/example_dags/example_trigger_controller_dag.py
[2023-06-05 23:18:48,571] {processor.py:641} INFO - Processing file /home/gui/Documentos/airflowalura/venv/lib/python3.9/site-packages/airflow/example_dags/example_trigger_controller_dag.py for tasks to queue
[2023-06-05 23:18:48,572] {logging_mixin.py:115} INFO - [2023-06-05 23:18:48,572] {dagbag.py:507} INFO - Filling up the DagBag from /home/gui/Documentos/airflowalura/venv/lib/python3.9/site-packages/airflow/example_dags/example_trigger_controller_dag.py
[2023-06-05 23:18:48,578] {processor.py:651} INFO - DAG(s) dict_keys(['example_trigger_controller_dag']) retrieved from /home/gui/Documentos/airflowalura/venv/lib/python3.9/site-packages/airflow/example_dags/example_trigger_controller_dag.py
[2023-06-05 23:18:48,614] {logging_mixin.py:115} INFO - [2023-06-05 23:18:48,612] {dag.py:2379} INFO - Sync 1 DAGs
[2023-06-05 23:18:48,651] {logging_mixin.py:115} INFO - [2023-06-05 23:18:48,651] {dag.py:2927} INFO - Setting next_dagrun for example_trigger_controller_dag to 2021-01-01T00:00:00+00:00, run_after=2021-01-01T00:00:00+00:00
[2023-06-05 23:18:48,686] {processor.py:161} INFO - Processing /home/gui/Documentos/airflowalura/venv/lib/python3.9/site-packages/airflow/example_dags/example_trigger_controller_dag.py took 0.124 seconds
[2023-06-05 23:19:25,403] {processor.py:153} INFO - Started process (PID=45764) to work on /home/gui/Documentos/airflowalura/venv/lib/python3.9/site-packages/airflow/example_dags/example_trigger_controller_dag.py
[2023-06-05 23:19:25,405] {processor.py:641} INFO - Processing file /home/gui/Documentos/airflowalura/venv/lib/python3.9/site-packages/airflow/example_dags/example_trigger_controller_dag.py for tasks to queue
[2023-06-05 23:19:25,406] {logging_mixin.py:115} INFO - [2023-06-05 23:19:25,406] {dagbag.py:507} INFO - Filling up the DagBag from /home/gui/Documentos/airflowalura/venv/lib/python3.9/site-packages/airflow/example_dags/example_trigger_controller_dag.py
[2023-06-05 23:19:25,415] {processor.py:651} INFO - DAG(s) dict_keys(['example_trigger_controller_dag']) retrieved from /home/gui/Documentos/airflowalura/venv/lib/python3.9/site-packages/airflow/example_dags/example_trigger_controller_dag.py
[2023-06-05 23:19:25,467] {logging_mixin.py:115} INFO - [2023-06-05 23:19:25,466] {dag.py:2379} INFO - Sync 1 DAGs
[2023-06-05 23:19:25,510] {logging_mixin.py:115} INFO - [2023-06-05 23:19:25,509] {dag.py:2927} INFO - Setting next_dagrun for example_trigger_controller_dag to 2021-01-01T00:00:00+00:00, run_after=2021-01-01T00:00:00+00:00
[2023-06-05 23:19:25,544] {processor.py:161} INFO - Processing /home/gui/Documentos/airflowalura/venv/lib/python3.9/site-packages/airflow/example_dags/example_trigger_controller_dag.py took 0.149 seconds
[2023-06-05 23:20:01,386] {processor.py:153} INFO - Started process (PID=45802) to work on /home/gui/Documentos/airflowalura/venv/lib/python3.9/site-packages/airflow/example_dags/example_trigger_controller_dag.py
[2023-06-05 23:20:01,389] {processor.py:641} INFO - Processing file /home/gui/Documentos/airflowalura/venv/lib/python3.9/site-packages/airflow/example_dags/example_trigger_controller_dag.py for tasks to queue
[2023-06-05 23:20:01,393] {logging_mixin.py:115} INFO - [2023-06-05 23:20:01,392] {dagbag.py:507} INFO - Filling up the DagBag from /home/gui/Documentos/airflowalura/venv/lib/python3.9/site-packages/airflow/example_dags/example_trigger_controller_dag.py
[2023-06-05 23:20:01,409] {processor.py:651} INFO - DAG(s) dict_keys(['example_trigger_controller_dag']) retrieved from /home/gui/Documentos/airflowalura/venv/lib/python3.9/site-packages/airflow/example_dags/example_trigger_controller_dag.py
[2023-06-05 23:20:01,462] {logging_mixin.py:115} INFO - [2023-06-05 23:20:01,462] {dag.py:2379} INFO - Sync 1 DAGs
[2023-06-05 23:20:01,515] {logging_mixin.py:115} INFO - [2023-06-05 23:20:01,515] {dag.py:2927} INFO - Setting next_dagrun for example_trigger_controller_dag to 2021-01-01T00:00:00+00:00, run_after=2021-01-01T00:00:00+00:00
[2023-06-05 23:20:01,565] {processor.py:161} INFO - Processing /home/gui/Documentos/airflowalura/venv/lib/python3.9/site-packages/airflow/example_dags/example_trigger_controller_dag.py took 0.185 seconds
[2023-06-05 23:20:38,447] {processor.py:153} INFO - Started process (PID=45846) to work on /home/gui/Documentos/airflowalura/venv/lib/python3.9/site-packages/airflow/example_dags/example_trigger_controller_dag.py
[2023-06-05 23:20:38,449] {processor.py:641} INFO - Processing file /home/gui/Documentos/airflowalura/venv/lib/python3.9/site-packages/airflow/example_dags/example_trigger_controller_dag.py for tasks to queue
[2023-06-05 23:20:38,449] {logging_mixin.py:115} INFO - [2023-06-05 23:20:38,449] {dagbag.py:507} INFO - Filling up the DagBag from /home/gui/Documentos/airflowalura/venv/lib/python3.9/site-packages/airflow/example_dags/example_trigger_controller_dag.py
[2023-06-05 23:20:38,456] {processor.py:651} INFO - DAG(s) dict_keys(['example_trigger_controller_dag']) retrieved from /home/gui/Documentos/airflowalura/venv/lib/python3.9/site-packages/airflow/example_dags/example_trigger_controller_dag.py
[2023-06-05 23:20:38,488] {logging_mixin.py:115} INFO - [2023-06-05 23:20:38,488] {dag.py:2379} INFO - Sync 1 DAGs
[2023-06-05 23:20:38,520] {logging_mixin.py:115} INFO - [2023-06-05 23:20:38,520] {dag.py:2927} INFO - Setting next_dagrun for example_trigger_controller_dag to 2021-01-01T00:00:00+00:00, run_after=2021-01-01T00:00:00+00:00
[2023-06-05 23:20:38,543] {processor.py:161} INFO - Processing /home/gui/Documentos/airflowalura/venv/lib/python3.9/site-packages/airflow/example_dags/example_trigger_controller_dag.py took 0.102 seconds
[2023-06-05 23:21:13,253] {processor.py:153} INFO - Started process (PID=45888) to work on /home/gui/Documentos/airflowalura/venv/lib/python3.9/site-packages/airflow/example_dags/example_trigger_controller_dag.py
[2023-06-05 23:21:13,254] {processor.py:641} INFO - Processing file /home/gui/Documentos/airflowalura/venv/lib/python3.9/site-packages/airflow/example_dags/example_trigger_controller_dag.py for tasks to queue
[2023-06-05 23:21:13,255] {logging_mixin.py:115} INFO - [2023-06-05 23:21:13,255] {dagbag.py:507} INFO - Filling up the DagBag from /home/gui/Documentos/airflowalura/venv/lib/python3.9/site-packages/airflow/example_dags/example_trigger_controller_dag.py
[2023-06-05 23:21:13,261] {processor.py:651} INFO - DAG(s) dict_keys(['example_trigger_controller_dag']) retrieved from /home/gui/Documentos/airflowalura/venv/lib/python3.9/site-packages/airflow/example_dags/example_trigger_controller_dag.py
[2023-06-05 23:21:13,298] {logging_mixin.py:115} INFO - [2023-06-05 23:21:13,297] {dag.py:2379} INFO - Sync 1 DAGs
[2023-06-05 23:21:13,334] {logging_mixin.py:115} INFO - [2023-06-05 23:21:13,334] {dag.py:2927} INFO - Setting next_dagrun for example_trigger_controller_dag to 2021-01-01T00:00:00+00:00, run_after=2021-01-01T00:00:00+00:00
[2023-06-05 23:21:13,358] {processor.py:161} INFO - Processing /home/gui/Documentos/airflowalura/venv/lib/python3.9/site-packages/airflow/example_dags/example_trigger_controller_dag.py took 0.113 seconds
[2023-06-05 23:21:43,933] {processor.py:153} INFO - Started process (PID=45922) to work on /home/gui/Documentos/airflowalura/venv/lib/python3.9/site-packages/airflow/example_dags/example_trigger_controller_dag.py
[2023-06-05 23:21:43,934] {processor.py:641} INFO - Processing file /home/gui/Documentos/airflowalura/venv/lib/python3.9/site-packages/airflow/example_dags/example_trigger_controller_dag.py for tasks to queue
[2023-06-05 23:21:43,935] {logging_mixin.py:115} INFO - [2023-06-05 23:21:43,935] {dagbag.py:507} INFO - Filling up the DagBag from /home/gui/Documentos/airflowalura/venv/lib/python3.9/site-packages/airflow/example_dags/example_trigger_controller_dag.py
[2023-06-05 23:21:43,944] {processor.py:651} INFO - DAG(s) dict_keys(['example_trigger_controller_dag']) retrieved from /home/gui/Documentos/airflowalura/venv/lib/python3.9/site-packages/airflow/example_dags/example_trigger_controller_dag.py
[2023-06-05 23:21:43,983] {logging_mixin.py:115} INFO - [2023-06-05 23:21:43,982] {dag.py:2379} INFO - Sync 1 DAGs
[2023-06-05 23:21:44,019] {logging_mixin.py:115} INFO - [2023-06-05 23:21:44,019] {dag.py:2927} INFO - Setting next_dagrun for example_trigger_controller_dag to 2021-01-01T00:00:00+00:00, run_after=2021-01-01T00:00:00+00:00
[2023-06-05 23:21:44,075] {processor.py:161} INFO - Processing /home/gui/Documentos/airflowalura/venv/lib/python3.9/site-packages/airflow/example_dags/example_trigger_controller_dag.py took 0.149 seconds
[2023-06-05 23:22:17,612] {processor.py:153} INFO - Started process (PID=45960) to work on /home/gui/Documentos/airflowalura/venv/lib/python3.9/site-packages/airflow/example_dags/example_trigger_controller_dag.py
[2023-06-05 23:22:17,622] {processor.py:641} INFO - Processing file /home/gui/Documentos/airflowalura/venv/lib/python3.9/site-packages/airflow/example_dags/example_trigger_controller_dag.py for tasks to queue
[2023-06-05 23:22:17,623] {logging_mixin.py:115} INFO - [2023-06-05 23:22:17,623] {dagbag.py:507} INFO - Filling up the DagBag from /home/gui/Documentos/airflowalura/venv/lib/python3.9/site-packages/airflow/example_dags/example_trigger_controller_dag.py
[2023-06-05 23:22:17,630] {processor.py:651} INFO - DAG(s) dict_keys(['example_trigger_controller_dag']) retrieved from /home/gui/Documentos/airflowalura/venv/lib/python3.9/site-packages/airflow/example_dags/example_trigger_controller_dag.py
[2023-06-05 23:22:17,903] {logging_mixin.py:115} INFO - [2023-06-05 23:22:17,903] {dag.py:2379} INFO - Sync 1 DAGs
[2023-06-05 23:22:17,933] {logging_mixin.py:115} INFO - [2023-06-05 23:22:17,933] {dag.py:2927} INFO - Setting next_dagrun for example_trigger_controller_dag to 2021-01-01T00:00:00+00:00, run_after=2021-01-01T00:00:00+00:00
[2023-06-05 23:22:17,953] {processor.py:161} INFO - Processing /home/gui/Documentos/airflowalura/venv/lib/python3.9/site-packages/airflow/example_dags/example_trigger_controller_dag.py took 0.348 seconds
[2023-06-05 23:22:55,005] {processor.py:153} INFO - Started process (PID=46004) to work on /home/gui/Documentos/airflowalura/venv/lib/python3.9/site-packages/airflow/example_dags/example_trigger_controller_dag.py
[2023-06-05 23:22:55,006] {processor.py:641} INFO - Processing file /home/gui/Documentos/airflowalura/venv/lib/python3.9/site-packages/airflow/example_dags/example_trigger_controller_dag.py for tasks to queue
[2023-06-05 23:22:55,007] {logging_mixin.py:115} INFO - [2023-06-05 23:22:55,007] {dagbag.py:507} INFO - Filling up the DagBag from /home/gui/Documentos/airflowalura/venv/lib/python3.9/site-packages/airflow/example_dags/example_trigger_controller_dag.py
[2023-06-05 23:22:55,013] {processor.py:651} INFO - DAG(s) dict_keys(['example_trigger_controller_dag']) retrieved from /home/gui/Documentos/airflowalura/venv/lib/python3.9/site-packages/airflow/example_dags/example_trigger_controller_dag.py
[2023-06-05 23:22:55,043] {logging_mixin.py:115} INFO - [2023-06-05 23:22:55,043] {dag.py:2379} INFO - Sync 1 DAGs
[2023-06-05 23:22:55,069] {logging_mixin.py:115} INFO - [2023-06-05 23:22:55,069] {dag.py:2927} INFO - Setting next_dagrun for example_trigger_controller_dag to 2021-01-01T00:00:00+00:00, run_after=2021-01-01T00:00:00+00:00
[2023-06-05 23:22:55,109] {processor.py:161} INFO - Processing /home/gui/Documentos/airflowalura/venv/lib/python3.9/site-packages/airflow/example_dags/example_trigger_controller_dag.py took 0.110 seconds
[2023-06-05 23:23:33,362] {processor.py:153} INFO - Started process (PID=46043) to work on /home/gui/Documentos/airflowalura/venv/lib/python3.9/site-packages/airflow/example_dags/example_trigger_controller_dag.py
[2023-06-05 23:23:33,363] {processor.py:641} INFO - Processing file /home/gui/Documentos/airflowalura/venv/lib/python3.9/site-packages/airflow/example_dags/example_trigger_controller_dag.py for tasks to queue
[2023-06-05 23:23:33,364] {logging_mixin.py:115} INFO - [2023-06-05 23:23:33,364] {dagbag.py:507} INFO - Filling up the DagBag from /home/gui/Documentos/airflowalura/venv/lib/python3.9/site-packages/airflow/example_dags/example_trigger_controller_dag.py
[2023-06-05 23:23:33,372] {processor.py:651} INFO - DAG(s) dict_keys(['example_trigger_controller_dag']) retrieved from /home/gui/Documentos/airflowalura/venv/lib/python3.9/site-packages/airflow/example_dags/example_trigger_controller_dag.py
[2023-06-05 23:23:33,439] {logging_mixin.py:115} INFO - [2023-06-05 23:23:33,439] {dag.py:2379} INFO - Sync 1 DAGs
[2023-06-05 23:23:33,467] {logging_mixin.py:115} INFO - [2023-06-05 23:23:33,467] {dag.py:2927} INFO - Setting next_dagrun for example_trigger_controller_dag to 2021-01-01T00:00:00+00:00, run_after=2021-01-01T00:00:00+00:00
[2023-06-05 23:23:33,485] {processor.py:161} INFO - Processing /home/gui/Documentos/airflowalura/venv/lib/python3.9/site-packages/airflow/example_dags/example_trigger_controller_dag.py took 0.129 seconds
[2023-06-05 23:24:09,172] {processor.py:153} INFO - Started process (PID=46084) to work on /home/gui/Documentos/airflowalura/venv/lib/python3.9/site-packages/airflow/example_dags/example_trigger_controller_dag.py
[2023-06-05 23:24:09,174] {processor.py:641} INFO - Processing file /home/gui/Documentos/airflowalura/venv/lib/python3.9/site-packages/airflow/example_dags/example_trigger_controller_dag.py for tasks to queue
[2023-06-05 23:24:09,175] {logging_mixin.py:115} INFO - [2023-06-05 23:24:09,175] {dagbag.py:507} INFO - Filling up the DagBag from /home/gui/Documentos/airflowalura/venv/lib/python3.9/site-packages/airflow/example_dags/example_trigger_controller_dag.py
[2023-06-05 23:24:09,186] {processor.py:651} INFO - DAG(s) dict_keys(['example_trigger_controller_dag']) retrieved from /home/gui/Documentos/airflowalura/venv/lib/python3.9/site-packages/airflow/example_dags/example_trigger_controller_dag.py
[2023-06-05 23:24:09,251] {logging_mixin.py:115} INFO - [2023-06-05 23:24:09,251] {dag.py:2379} INFO - Sync 1 DAGs
[2023-06-05 23:24:09,286] {logging_mixin.py:115} INFO - [2023-06-05 23:24:09,286] {dag.py:2927} INFO - Setting next_dagrun for example_trigger_controller_dag to 2021-01-01T00:00:00+00:00, run_after=2021-01-01T00:00:00+00:00
[2023-06-05 23:24:09,480] {processor.py:161} INFO - Processing /home/gui/Documentos/airflowalura/venv/lib/python3.9/site-packages/airflow/example_dags/example_trigger_controller_dag.py took 0.317 seconds
[2023-06-05 23:24:43,221] {processor.py:153} INFO - Started process (PID=46120) to work on /home/gui/Documentos/airflowalura/venv/lib/python3.9/site-packages/airflow/example_dags/example_trigger_controller_dag.py
[2023-06-05 23:24:43,222] {processor.py:641} INFO - Processing file /home/gui/Documentos/airflowalura/venv/lib/python3.9/site-packages/airflow/example_dags/example_trigger_controller_dag.py for tasks to queue
[2023-06-05 23:24:43,223] {logging_mixin.py:115} INFO - [2023-06-05 23:24:43,223] {dagbag.py:507} INFO - Filling up the DagBag from /home/gui/Documentos/airflowalura/venv/lib/python3.9/site-packages/airflow/example_dags/example_trigger_controller_dag.py
[2023-06-05 23:24:43,230] {processor.py:651} INFO - DAG(s) dict_keys(['example_trigger_controller_dag']) retrieved from /home/gui/Documentos/airflowalura/venv/lib/python3.9/site-packages/airflow/example_dags/example_trigger_controller_dag.py
[2023-06-05 23:24:43,264] {logging_mixin.py:115} INFO - [2023-06-05 23:24:43,263] {dag.py:2379} INFO - Sync 1 DAGs
[2023-06-05 23:24:43,297] {logging_mixin.py:115} INFO - [2023-06-05 23:24:43,297] {dag.py:2927} INFO - Setting next_dagrun for example_trigger_controller_dag to 2021-01-01T00:00:00+00:00, run_after=2021-01-01T00:00:00+00:00
[2023-06-05 23:24:43,388] {processor.py:161} INFO - Processing /home/gui/Documentos/airflowalura/venv/lib/python3.9/site-packages/airflow/example_dags/example_trigger_controller_dag.py took 0.173 seconds
[2023-06-05 23:25:14,873] {processor.py:153} INFO - Started process (PID=46151) to work on /home/gui/Documentos/airflowalura/venv/lib/python3.9/site-packages/airflow/example_dags/example_trigger_controller_dag.py
[2023-06-05 23:25:14,874] {processor.py:641} INFO - Processing file /home/gui/Documentos/airflowalura/venv/lib/python3.9/site-packages/airflow/example_dags/example_trigger_controller_dag.py for tasks to queue
[2023-06-05 23:25:14,875] {logging_mixin.py:115} INFO - [2023-06-05 23:25:14,875] {dagbag.py:507} INFO - Filling up the DagBag from /home/gui/Documentos/airflowalura/venv/lib/python3.9/site-packages/airflow/example_dags/example_trigger_controller_dag.py
[2023-06-05 23:25:14,881] {processor.py:651} INFO - DAG(s) dict_keys(['example_trigger_controller_dag']) retrieved from /home/gui/Documentos/airflowalura/venv/lib/python3.9/site-packages/airflow/example_dags/example_trigger_controller_dag.py
[2023-06-05 23:25:14,915] {logging_mixin.py:115} INFO - [2023-06-05 23:25:14,915] {dag.py:2379} INFO - Sync 1 DAGs
[2023-06-05 23:25:14,946] {logging_mixin.py:115} INFO - [2023-06-05 23:25:14,946] {dag.py:2927} INFO - Setting next_dagrun for example_trigger_controller_dag to 2021-01-01T00:00:00+00:00, run_after=2021-01-01T00:00:00+00:00
[2023-06-05 23:25:14,982] {processor.py:161} INFO - Processing /home/gui/Documentos/airflowalura/venv/lib/python3.9/site-packages/airflow/example_dags/example_trigger_controller_dag.py took 0.117 seconds
[2023-06-05 23:25:52,058] {processor.py:153} INFO - Started process (PID=46211) to work on /home/gui/Documentos/airflowalura/venv/lib/python3.9/site-packages/airflow/example_dags/example_trigger_controller_dag.py
[2023-06-05 23:25:52,059] {processor.py:641} INFO - Processing file /home/gui/Documentos/airflowalura/venv/lib/python3.9/site-packages/airflow/example_dags/example_trigger_controller_dag.py for tasks to queue
[2023-06-05 23:25:52,060] {logging_mixin.py:115} INFO - [2023-06-05 23:25:52,060] {dagbag.py:507} INFO - Filling up the DagBag from /home/gui/Documentos/airflowalura/venv/lib/python3.9/site-packages/airflow/example_dags/example_trigger_controller_dag.py
[2023-06-05 23:25:52,085] {processor.py:651} INFO - DAG(s) dict_keys(['example_trigger_controller_dag']) retrieved from /home/gui/Documentos/airflowalura/venv/lib/python3.9/site-packages/airflow/example_dags/example_trigger_controller_dag.py
[2023-06-05 23:25:52,129] {logging_mixin.py:115} INFO - [2023-06-05 23:25:52,129] {dag.py:2379} INFO - Sync 1 DAGs
[2023-06-05 23:25:52,172] {logging_mixin.py:115} INFO - [2023-06-05 23:25:52,172] {dag.py:2927} INFO - Setting next_dagrun for example_trigger_controller_dag to 2021-01-01T00:00:00+00:00, run_after=2021-01-01T00:00:00+00:00
[2023-06-05 23:25:52,198] {processor.py:161} INFO - Processing /home/gui/Documentos/airflowalura/venv/lib/python3.9/site-packages/airflow/example_dags/example_trigger_controller_dag.py took 0.150 seconds
[2023-06-05 23:26:26,263] {processor.py:153} INFO - Started process (PID=46277) to work on /home/gui/Documentos/airflowalura/venv/lib/python3.9/site-packages/airflow/example_dags/example_trigger_controller_dag.py
[2023-06-05 23:26:26,264] {processor.py:641} INFO - Processing file /home/gui/Documentos/airflowalura/venv/lib/python3.9/site-packages/airflow/example_dags/example_trigger_controller_dag.py for tasks to queue
[2023-06-05 23:26:26,265] {logging_mixin.py:115} INFO - [2023-06-05 23:26:26,265] {dagbag.py:507} INFO - Filling up the DagBag from /home/gui/Documentos/airflowalura/venv/lib/python3.9/site-packages/airflow/example_dags/example_trigger_controller_dag.py
[2023-06-05 23:26:26,271] {processor.py:651} INFO - DAG(s) dict_keys(['example_trigger_controller_dag']) retrieved from /home/gui/Documentos/airflowalura/venv/lib/python3.9/site-packages/airflow/example_dags/example_trigger_controller_dag.py
[2023-06-05 23:26:26,301] {logging_mixin.py:115} INFO - [2023-06-05 23:26:26,301] {dag.py:2379} INFO - Sync 1 DAGs
[2023-06-05 23:26:26,330] {logging_mixin.py:115} INFO - [2023-06-05 23:26:26,330] {dag.py:2927} INFO - Setting next_dagrun for example_trigger_controller_dag to 2021-01-01T00:00:00+00:00, run_after=2021-01-01T00:00:00+00:00
[2023-06-05 23:26:26,349] {processor.py:161} INFO - Processing /home/gui/Documentos/airflowalura/venv/lib/python3.9/site-packages/airflow/example_dags/example_trigger_controller_dag.py took 0.091 seconds
[2023-06-05 23:30:51,179] {processor.py:153} INFO - Started process (PID=46698) to work on /home/gui/Documentos/airflowalura/venv/lib/python3.9/site-packages/airflow/example_dags/example_trigger_controller_dag.py
[2023-06-05 23:30:51,196] {processor.py:641} INFO - Processing file /home/gui/Documentos/airflowalura/venv/lib/python3.9/site-packages/airflow/example_dags/example_trigger_controller_dag.py for tasks to queue
[2023-06-05 23:30:51,197] {logging_mixin.py:115} INFO - [2023-06-05 23:30:51,197] {dagbag.py:507} INFO - Filling up the DagBag from /home/gui/Documentos/airflowalura/venv/lib/python3.9/site-packages/airflow/example_dags/example_trigger_controller_dag.py
[2023-06-05 23:30:51,204] {processor.py:651} INFO - DAG(s) dict_keys(['example_trigger_controller_dag']) retrieved from /home/gui/Documentos/airflowalura/venv/lib/python3.9/site-packages/airflow/example_dags/example_trigger_controller_dag.py
[2023-06-05 23:30:51,252] {logging_mixin.py:115} INFO - [2023-06-05 23:30:51,251] {dag.py:2379} INFO - Sync 1 DAGs
[2023-06-05 23:30:51,292] {logging_mixin.py:115} INFO - [2023-06-05 23:30:51,292] {dag.py:2927} INFO - Setting next_dagrun for example_trigger_controller_dag to 2021-01-01T00:00:00+00:00, run_after=2021-01-01T00:00:00+00:00
[2023-06-05 23:30:51,319] {processor.py:161} INFO - Processing /home/gui/Documentos/airflowalura/venv/lib/python3.9/site-packages/airflow/example_dags/example_trigger_controller_dag.py took 0.146 seconds
[2023-06-05 23:31:48,205] {processor.py:153} INFO - Started process (PID=46933) to work on /home/gui/Documentos/airflowalura/venv/lib/python3.9/site-packages/airflow/example_dags/example_trigger_controller_dag.py
[2023-06-05 23:31:48,217] {processor.py:641} INFO - Processing file /home/gui/Documentos/airflowalura/venv/lib/python3.9/site-packages/airflow/example_dags/example_trigger_controller_dag.py for tasks to queue
[2023-06-05 23:31:48,218] {logging_mixin.py:115} INFO - [2023-06-05 23:31:48,217] {dagbag.py:507} INFO - Filling up the DagBag from /home/gui/Documentos/airflowalura/venv/lib/python3.9/site-packages/airflow/example_dags/example_trigger_controller_dag.py
[2023-06-05 23:31:48,242] {processor.py:651} INFO - DAG(s) dict_keys(['example_trigger_controller_dag']) retrieved from /home/gui/Documentos/airflowalura/venv/lib/python3.9/site-packages/airflow/example_dags/example_trigger_controller_dag.py
[2023-06-05 23:31:48,295] {logging_mixin.py:115} INFO - [2023-06-05 23:31:48,295] {dag.py:2379} INFO - Sync 1 DAGs
[2023-06-05 23:31:48,341] {logging_mixin.py:115} INFO - [2023-06-05 23:31:48,341] {dag.py:2927} INFO - Setting next_dagrun for example_trigger_controller_dag to 2021-01-01T00:00:00+00:00, run_after=2021-01-01T00:00:00+00:00
[2023-06-05 23:31:48,445] {processor.py:161} INFO - Processing /home/gui/Documentos/airflowalura/venv/lib/python3.9/site-packages/airflow/example_dags/example_trigger_controller_dag.py took 0.248 seconds
[2023-06-05 23:32:34,531] {processor.py:153} INFO - Started process (PID=47549) to work on /home/gui/Documentos/airflowalura/venv/lib/python3.9/site-packages/airflow/example_dags/example_trigger_controller_dag.py
[2023-06-05 23:32:34,534] {processor.py:641} INFO - Processing file /home/gui/Documentos/airflowalura/venv/lib/python3.9/site-packages/airflow/example_dags/example_trigger_controller_dag.py for tasks to queue
[2023-06-05 23:32:34,535] {logging_mixin.py:115} INFO - [2023-06-05 23:32:34,534] {dagbag.py:507} INFO - Filling up the DagBag from /home/gui/Documentos/airflowalura/venv/lib/python3.9/site-packages/airflow/example_dags/example_trigger_controller_dag.py
[2023-06-05 23:32:34,541] {processor.py:651} INFO - DAG(s) dict_keys(['example_trigger_controller_dag']) retrieved from /home/gui/Documentos/airflowalura/venv/lib/python3.9/site-packages/airflow/example_dags/example_trigger_controller_dag.py
[2023-06-05 23:32:34,602] {logging_mixin.py:115} INFO - [2023-06-05 23:32:34,601] {dag.py:2379} INFO - Sync 1 DAGs
[2023-06-05 23:32:34,654] {logging_mixin.py:115} INFO - [2023-06-05 23:32:34,654] {dag.py:2927} INFO - Setting next_dagrun for example_trigger_controller_dag to 2021-01-01T00:00:00+00:00, run_after=2021-01-01T00:00:00+00:00
[2023-06-05 23:32:34,690] {processor.py:161} INFO - Processing /home/gui/Documentos/airflowalura/venv/lib/python3.9/site-packages/airflow/example_dags/example_trigger_controller_dag.py took 0.166 seconds
[2023-06-05 23:33:17,390] {processor.py:153} INFO - Started process (PID=48197) to work on /home/gui/Documentos/airflowalura/venv/lib/python3.9/site-packages/airflow/example_dags/example_trigger_controller_dag.py
[2023-06-05 23:33:17,391] {processor.py:641} INFO - Processing file /home/gui/Documentos/airflowalura/venv/lib/python3.9/site-packages/airflow/example_dags/example_trigger_controller_dag.py for tasks to queue
[2023-06-05 23:33:17,392] {logging_mixin.py:115} INFO - [2023-06-05 23:33:17,392] {dagbag.py:507} INFO - Filling up the DagBag from /home/gui/Documentos/airflowalura/venv/lib/python3.9/site-packages/airflow/example_dags/example_trigger_controller_dag.py
[2023-06-05 23:33:17,409] {processor.py:651} INFO - DAG(s) dict_keys(['example_trigger_controller_dag']) retrieved from /home/gui/Documentos/airflowalura/venv/lib/python3.9/site-packages/airflow/example_dags/example_trigger_controller_dag.py
[2023-06-05 23:33:17,464] {logging_mixin.py:115} INFO - [2023-06-05 23:33:17,464] {dag.py:2379} INFO - Sync 1 DAGs
[2023-06-05 23:33:17,509] {logging_mixin.py:115} INFO - [2023-06-05 23:33:17,508] {dag.py:2927} INFO - Setting next_dagrun for example_trigger_controller_dag to 2021-01-01T00:00:00+00:00, run_after=2021-01-01T00:00:00+00:00
[2023-06-05 23:33:17,640] {processor.py:161} INFO - Processing /home/gui/Documentos/airflowalura/venv/lib/python3.9/site-packages/airflow/example_dags/example_trigger_controller_dag.py took 0.267 seconds
[2023-06-05 23:33:58,013] {processor.py:153} INFO - Started process (PID=48814) to work on /home/gui/Documentos/airflowalura/venv/lib/python3.9/site-packages/airflow/example_dags/example_trigger_controller_dag.py
[2023-06-05 23:33:58,017] {processor.py:641} INFO - Processing file /home/gui/Documentos/airflowalura/venv/lib/python3.9/site-packages/airflow/example_dags/example_trigger_controller_dag.py for tasks to queue
[2023-06-05 23:33:58,018] {logging_mixin.py:115} INFO - [2023-06-05 23:33:58,018] {dagbag.py:507} INFO - Filling up the DagBag from /home/gui/Documentos/airflowalura/venv/lib/python3.9/site-packages/airflow/example_dags/example_trigger_controller_dag.py
[2023-06-05 23:33:58,031] {processor.py:651} INFO - DAG(s) dict_keys(['example_trigger_controller_dag']) retrieved from /home/gui/Documentos/airflowalura/venv/lib/python3.9/site-packages/airflow/example_dags/example_trigger_controller_dag.py
[2023-06-05 23:33:58,089] {logging_mixin.py:115} INFO - [2023-06-05 23:33:58,089] {dag.py:2379} INFO - Sync 1 DAGs
[2023-06-05 23:33:58,160] {logging_mixin.py:115} INFO - [2023-06-05 23:33:58,160] {dag.py:2927} INFO - Setting next_dagrun for example_trigger_controller_dag to 2021-01-01T00:00:00+00:00, run_after=2021-01-01T00:00:00+00:00
[2023-06-05 23:33:58,209] {processor.py:161} INFO - Processing /home/gui/Documentos/airflowalura/venv/lib/python3.9/site-packages/airflow/example_dags/example_trigger_controller_dag.py took 0.209 seconds
[2023-06-05 23:34:35,309] {processor.py:153} INFO - Started process (PID=49456) to work on /home/gui/Documentos/airflowalura/venv/lib/python3.9/site-packages/airflow/example_dags/example_trigger_controller_dag.py
[2023-06-05 23:34:35,311] {processor.py:641} INFO - Processing file /home/gui/Documentos/airflowalura/venv/lib/python3.9/site-packages/airflow/example_dags/example_trigger_controller_dag.py for tasks to queue
[2023-06-05 23:34:35,312] {logging_mixin.py:115} INFO - [2023-06-05 23:34:35,311] {dagbag.py:507} INFO - Filling up the DagBag from /home/gui/Documentos/airflowalura/venv/lib/python3.9/site-packages/airflow/example_dags/example_trigger_controller_dag.py
[2023-06-05 23:34:35,323] {processor.py:651} INFO - DAG(s) dict_keys(['example_trigger_controller_dag']) retrieved from /home/gui/Documentos/airflowalura/venv/lib/python3.9/site-packages/airflow/example_dags/example_trigger_controller_dag.py
[2023-06-05 23:34:35,381] {logging_mixin.py:115} INFO - [2023-06-05 23:34:35,381] {dag.py:2379} INFO - Sync 1 DAGs
[2023-06-05 23:34:35,430] {logging_mixin.py:115} INFO - [2023-06-05 23:34:35,429] {dag.py:2927} INFO - Setting next_dagrun for example_trigger_controller_dag to 2021-01-01T00:00:00+00:00, run_after=2021-01-01T00:00:00+00:00
[2023-06-05 23:34:35,546] {processor.py:161} INFO - Processing /home/gui/Documentos/airflowalura/venv/lib/python3.9/site-packages/airflow/example_dags/example_trigger_controller_dag.py took 0.254 seconds
[2023-06-05 23:35:14,304] {processor.py:153} INFO - Started process (PID=49540) to work on /home/gui/Documentos/airflowalura/venv/lib/python3.9/site-packages/airflow/example_dags/example_trigger_controller_dag.py
[2023-06-05 23:35:14,306] {processor.py:641} INFO - Processing file /home/gui/Documentos/airflowalura/venv/lib/python3.9/site-packages/airflow/example_dags/example_trigger_controller_dag.py for tasks to queue
[2023-06-05 23:35:14,307] {logging_mixin.py:115} INFO - [2023-06-05 23:35:14,307] {dagbag.py:507} INFO - Filling up the DagBag from /home/gui/Documentos/airflowalura/venv/lib/python3.9/site-packages/airflow/example_dags/example_trigger_controller_dag.py
[2023-06-05 23:35:14,314] {processor.py:651} INFO - DAG(s) dict_keys(['example_trigger_controller_dag']) retrieved from /home/gui/Documentos/airflowalura/venv/lib/python3.9/site-packages/airflow/example_dags/example_trigger_controller_dag.py
[2023-06-05 23:35:14,386] {logging_mixin.py:115} INFO - [2023-06-05 23:35:14,385] {dag.py:2379} INFO - Sync 1 DAGs
[2023-06-05 23:35:14,446] {logging_mixin.py:115} INFO - [2023-06-05 23:35:14,446] {dag.py:2927} INFO - Setting next_dagrun for example_trigger_controller_dag to 2021-01-01T00:00:00+00:00, run_after=2021-01-01T00:00:00+00:00
[2023-06-05 23:35:14,919] {processor.py:161} INFO - Processing /home/gui/Documentos/airflowalura/venv/lib/python3.9/site-packages/airflow/example_dags/example_trigger_controller_dag.py took 0.630 seconds
[2023-06-05 23:35:52,929] {processor.py:153} INFO - Started process (PID=49599) to work on /home/gui/Documentos/airflowalura/venv/lib/python3.9/site-packages/airflow/example_dags/example_trigger_controller_dag.py
[2023-06-05 23:35:52,935] {processor.py:641} INFO - Processing file /home/gui/Documentos/airflowalura/venv/lib/python3.9/site-packages/airflow/example_dags/example_trigger_controller_dag.py for tasks to queue
[2023-06-05 23:35:52,936] {logging_mixin.py:115} INFO - [2023-06-05 23:35:52,936] {dagbag.py:507} INFO - Filling up the DagBag from /home/gui/Documentos/airflowalura/venv/lib/python3.9/site-packages/airflow/example_dags/example_trigger_controller_dag.py
[2023-06-05 23:35:52,945] {processor.py:651} INFO - DAG(s) dict_keys(['example_trigger_controller_dag']) retrieved from /home/gui/Documentos/airflowalura/venv/lib/python3.9/site-packages/airflow/example_dags/example_trigger_controller_dag.py
[2023-06-05 23:35:54,456] {logging_mixin.py:115} INFO - [2023-06-05 23:35:54,456] {dag.py:2379} INFO - Sync 1 DAGs
[2023-06-05 23:35:54,580] {logging_mixin.py:115} INFO - [2023-06-05 23:35:54,579] {dag.py:2927} INFO - Setting next_dagrun for example_trigger_controller_dag to 2021-01-01T00:00:00+00:00, run_after=2021-01-01T00:00:00+00:00
[2023-06-05 23:35:55,339] {processor.py:161} INFO - Processing /home/gui/Documentos/airflowalura/venv/lib/python3.9/site-packages/airflow/example_dags/example_trigger_controller_dag.py took 2.421 seconds
[2023-06-05 23:36:33,988] {processor.py:153} INFO - Started process (PID=49672) to work on /home/gui/Documentos/airflowalura/venv/lib/python3.9/site-packages/airflow/example_dags/example_trigger_controller_dag.py
[2023-06-05 23:36:33,992] {processor.py:641} INFO - Processing file /home/gui/Documentos/airflowalura/venv/lib/python3.9/site-packages/airflow/example_dags/example_trigger_controller_dag.py for tasks to queue
[2023-06-05 23:36:33,993] {logging_mixin.py:115} INFO - [2023-06-05 23:36:33,993] {dagbag.py:507} INFO - Filling up the DagBag from /home/gui/Documentos/airflowalura/venv/lib/python3.9/site-packages/airflow/example_dags/example_trigger_controller_dag.py
[2023-06-05 23:36:34,007] {processor.py:651} INFO - DAG(s) dict_keys(['example_trigger_controller_dag']) retrieved from /home/gui/Documentos/airflowalura/venv/lib/python3.9/site-packages/airflow/example_dags/example_trigger_controller_dag.py
[2023-06-05 23:36:34,056] {logging_mixin.py:115} INFO - [2023-06-05 23:36:34,056] {dag.py:2379} INFO - Sync 1 DAGs
[2023-06-05 23:36:34,098] {logging_mixin.py:115} INFO - [2023-06-05 23:36:34,097] {dag.py:2927} INFO - Setting next_dagrun for example_trigger_controller_dag to 2021-01-01T00:00:00+00:00, run_after=2021-01-01T00:00:00+00:00
[2023-06-05 23:36:34,125] {processor.py:161} INFO - Processing /home/gui/Documentos/airflowalura/venv/lib/python3.9/site-packages/airflow/example_dags/example_trigger_controller_dag.py took 0.148 seconds
[2023-06-05 23:37:17,401] {processor.py:153} INFO - Started process (PID=49764) to work on /home/gui/Documentos/airflowalura/venv/lib/python3.9/site-packages/airflow/example_dags/example_trigger_controller_dag.py
[2023-06-05 23:37:17,402] {processor.py:641} INFO - Processing file /home/gui/Documentos/airflowalura/venv/lib/python3.9/site-packages/airflow/example_dags/example_trigger_controller_dag.py for tasks to queue
[2023-06-05 23:37:17,403] {logging_mixin.py:115} INFO - [2023-06-05 23:37:17,403] {dagbag.py:507} INFO - Filling up the DagBag from /home/gui/Documentos/airflowalura/venv/lib/python3.9/site-packages/airflow/example_dags/example_trigger_controller_dag.py
[2023-06-05 23:37:17,416] {processor.py:651} INFO - DAG(s) dict_keys(['example_trigger_controller_dag']) retrieved from /home/gui/Documentos/airflowalura/venv/lib/python3.9/site-packages/airflow/example_dags/example_trigger_controller_dag.py
[2023-06-05 23:37:17,518] {logging_mixin.py:115} INFO - [2023-06-05 23:37:17,518] {dag.py:2379} INFO - Sync 1 DAGs
[2023-06-05 23:37:17,651] {logging_mixin.py:115} INFO - [2023-06-05 23:37:17,651] {dag.py:2927} INFO - Setting next_dagrun for example_trigger_controller_dag to 2021-01-01T00:00:00+00:00, run_after=2021-01-01T00:00:00+00:00
[2023-06-05 23:37:17,751] {processor.py:161} INFO - Processing /home/gui/Documentos/airflowalura/venv/lib/python3.9/site-packages/airflow/example_dags/example_trigger_controller_dag.py took 0.379 seconds
[2023-06-05 23:37:56,737] {processor.py:153} INFO - Started process (PID=49879) to work on /home/gui/Documentos/airflowalura/venv/lib/python3.9/site-packages/airflow/example_dags/example_trigger_controller_dag.py
[2023-06-05 23:37:56,741] {processor.py:641} INFO - Processing file /home/gui/Documentos/airflowalura/venv/lib/python3.9/site-packages/airflow/example_dags/example_trigger_controller_dag.py for tasks to queue
[2023-06-05 23:37:56,742] {logging_mixin.py:115} INFO - [2023-06-05 23:37:56,741] {dagbag.py:507} INFO - Filling up the DagBag from /home/gui/Documentos/airflowalura/venv/lib/python3.9/site-packages/airflow/example_dags/example_trigger_controller_dag.py
[2023-06-05 23:37:56,748] {processor.py:651} INFO - DAG(s) dict_keys(['example_trigger_controller_dag']) retrieved from /home/gui/Documentos/airflowalura/venv/lib/python3.9/site-packages/airflow/example_dags/example_trigger_controller_dag.py
[2023-06-05 23:37:56,794] {logging_mixin.py:115} INFO - [2023-06-05 23:37:56,794] {dag.py:2379} INFO - Sync 1 DAGs
[2023-06-05 23:37:56,829] {logging_mixin.py:115} INFO - [2023-06-05 23:37:56,829] {dag.py:2927} INFO - Setting next_dagrun for example_trigger_controller_dag to 2021-01-01T00:00:00+00:00, run_after=2021-01-01T00:00:00+00:00
[2023-06-05 23:37:56,850] {processor.py:161} INFO - Processing /home/gui/Documentos/airflowalura/venv/lib/python3.9/site-packages/airflow/example_dags/example_trigger_controller_dag.py took 0.119 seconds
[2023-06-05 23:38:41,346] {processor.py:153} INFO - Started process (PID=49958) to work on /home/gui/Documentos/airflowalura/venv/lib/python3.9/site-packages/airflow/example_dags/example_trigger_controller_dag.py
[2023-06-05 23:38:41,433] {processor.py:641} INFO - Processing file /home/gui/Documentos/airflowalura/venv/lib/python3.9/site-packages/airflow/example_dags/example_trigger_controller_dag.py for tasks to queue
[2023-06-05 23:38:41,435] {logging_mixin.py:115} INFO - [2023-06-05 23:38:41,435] {dagbag.py:507} INFO - Filling up the DagBag from /home/gui/Documentos/airflowalura/venv/lib/python3.9/site-packages/airflow/example_dags/example_trigger_controller_dag.py
[2023-06-05 23:38:41,449] {processor.py:651} INFO - DAG(s) dict_keys(['example_trigger_controller_dag']) retrieved from /home/gui/Documentos/airflowalura/venv/lib/python3.9/site-packages/airflow/example_dags/example_trigger_controller_dag.py
[2023-06-05 23:38:41,932] {logging_mixin.py:115} INFO - [2023-06-05 23:38:41,932] {dag.py:2379} INFO - Sync 1 DAGs
[2023-06-05 23:38:41,974] {logging_mixin.py:115} INFO - [2023-06-05 23:38:41,974] {dag.py:2927} INFO - Setting next_dagrun for example_trigger_controller_dag to 2021-01-01T00:00:00+00:00, run_after=2021-01-01T00:00:00+00:00
[2023-06-05 23:38:42,602] {processor.py:161} INFO - Processing /home/gui/Documentos/airflowalura/venv/lib/python3.9/site-packages/airflow/example_dags/example_trigger_controller_dag.py took 1.280 seconds
[2023-06-05 23:39:19,391] {processor.py:153} INFO - Started process (PID=50017) to work on /home/gui/Documentos/airflowalura/venv/lib/python3.9/site-packages/airflow/example_dags/example_trigger_controller_dag.py
[2023-06-05 23:39:19,399] {processor.py:641} INFO - Processing file /home/gui/Documentos/airflowalura/venv/lib/python3.9/site-packages/airflow/example_dags/example_trigger_controller_dag.py for tasks to queue
[2023-06-05 23:39:19,400] {logging_mixin.py:115} INFO - [2023-06-05 23:39:19,400] {dagbag.py:507} INFO - Filling up the DagBag from /home/gui/Documentos/airflowalura/venv/lib/python3.9/site-packages/airflow/example_dags/example_trigger_controller_dag.py
[2023-06-05 23:39:19,410] {processor.py:651} INFO - DAG(s) dict_keys(['example_trigger_controller_dag']) retrieved from /home/gui/Documentos/airflowalura/venv/lib/python3.9/site-packages/airflow/example_dags/example_trigger_controller_dag.py
[2023-06-05 23:39:19,466] {logging_mixin.py:115} INFO - [2023-06-05 23:39:19,466] {dag.py:2379} INFO - Sync 1 DAGs
[2023-06-05 23:39:19,510] {logging_mixin.py:115} INFO - [2023-06-05 23:39:19,510] {dag.py:2927} INFO - Setting next_dagrun for example_trigger_controller_dag to 2021-01-01T00:00:00+00:00, run_after=2021-01-01T00:00:00+00:00
[2023-06-05 23:39:19,612] {processor.py:161} INFO - Processing /home/gui/Documentos/airflowalura/venv/lib/python3.9/site-packages/airflow/example_dags/example_trigger_controller_dag.py took 0.235 seconds
[2023-06-05 23:39:53,006] {processor.py:153} INFO - Started process (PID=50155) to work on /home/gui/Documentos/airflowalura/venv/lib/python3.9/site-packages/airflow/example_dags/example_trigger_controller_dag.py
[2023-06-05 23:39:53,007] {processor.py:641} INFO - Processing file /home/gui/Documentos/airflowalura/venv/lib/python3.9/site-packages/airflow/example_dags/example_trigger_controller_dag.py for tasks to queue
[2023-06-05 23:39:53,008] {logging_mixin.py:115} INFO - [2023-06-05 23:39:53,008] {dagbag.py:507} INFO - Filling up the DagBag from /home/gui/Documentos/airflowalura/venv/lib/python3.9/site-packages/airflow/example_dags/example_trigger_controller_dag.py
[2023-06-05 23:39:53,028] {processor.py:651} INFO - DAG(s) dict_keys(['example_trigger_controller_dag']) retrieved from /home/gui/Documentos/airflowalura/venv/lib/python3.9/site-packages/airflow/example_dags/example_trigger_controller_dag.py
[2023-06-05 23:39:53,096] {logging_mixin.py:115} INFO - [2023-06-05 23:39:53,095] {dag.py:2379} INFO - Sync 1 DAGs
[2023-06-05 23:39:53,156] {logging_mixin.py:115} INFO - [2023-06-05 23:39:53,155] {dag.py:2927} INFO - Setting next_dagrun for example_trigger_controller_dag to 2021-01-01T00:00:00+00:00, run_after=2021-01-01T00:00:00+00:00
[2023-06-05 23:39:53,195] {processor.py:161} INFO - Processing /home/gui/Documentos/airflowalura/venv/lib/python3.9/site-packages/airflow/example_dags/example_trigger_controller_dag.py took 0.203 seconds
[2023-06-05 23:40:31,794] {processor.py:153} INFO - Started process (PID=50400) to work on /home/gui/Documentos/airflowalura/venv/lib/python3.9/site-packages/airflow/example_dags/example_trigger_controller_dag.py
[2023-06-05 23:40:31,813] {processor.py:641} INFO - Processing file /home/gui/Documentos/airflowalura/venv/lib/python3.9/site-packages/airflow/example_dags/example_trigger_controller_dag.py for tasks to queue
[2023-06-05 23:40:31,822] {logging_mixin.py:115} INFO - [2023-06-05 23:40:31,815] {dagbag.py:507} INFO - Filling up the DagBag from /home/gui/Documentos/airflowalura/venv/lib/python3.9/site-packages/airflow/example_dags/example_trigger_controller_dag.py
[2023-06-05 23:40:31,836] {processor.py:651} INFO - DAG(s) dict_keys(['example_trigger_controller_dag']) retrieved from /home/gui/Documentos/airflowalura/venv/lib/python3.9/site-packages/airflow/example_dags/example_trigger_controller_dag.py
[2023-06-05 23:40:31,930] {logging_mixin.py:115} INFO - [2023-06-05 23:40:31,930] {dag.py:2379} INFO - Sync 1 DAGs
[2023-06-05 23:40:31,990] {logging_mixin.py:115} INFO - [2023-06-05 23:40:31,989] {dag.py:2927} INFO - Setting next_dagrun for example_trigger_controller_dag to 2021-01-01T00:00:00+00:00, run_after=2021-01-01T00:00:00+00:00
[2023-06-05 23:40:32,024] {processor.py:161} INFO - Processing /home/gui/Documentos/airflowalura/venv/lib/python3.9/site-packages/airflow/example_dags/example_trigger_controller_dag.py took 0.245 seconds
[2023-06-05 23:41:09,407] {processor.py:153} INFO - Started process (PID=50696) to work on /home/gui/Documentos/airflowalura/venv/lib/python3.9/site-packages/airflow/example_dags/example_trigger_controller_dag.py
[2023-06-05 23:41:09,411] {processor.py:641} INFO - Processing file /home/gui/Documentos/airflowalura/venv/lib/python3.9/site-packages/airflow/example_dags/example_trigger_controller_dag.py for tasks to queue
[2023-06-05 23:41:09,412] {logging_mixin.py:115} INFO - [2023-06-05 23:41:09,412] {dagbag.py:507} INFO - Filling up the DagBag from /home/gui/Documentos/airflowalura/venv/lib/python3.9/site-packages/airflow/example_dags/example_trigger_controller_dag.py
[2023-06-05 23:41:09,418] {processor.py:651} INFO - DAG(s) dict_keys(['example_trigger_controller_dag']) retrieved from /home/gui/Documentos/airflowalura/venv/lib/python3.9/site-packages/airflow/example_dags/example_trigger_controller_dag.py
[2023-06-05 23:41:09,459] {logging_mixin.py:115} INFO - [2023-06-05 23:41:09,459] {dag.py:2379} INFO - Sync 1 DAGs
[2023-06-05 23:41:09,500] {logging_mixin.py:115} INFO - [2023-06-05 23:41:09,500] {dag.py:2927} INFO - Setting next_dagrun for example_trigger_controller_dag to 2021-01-01T00:00:00+00:00, run_after=2021-01-01T00:00:00+00:00
[2023-06-05 23:41:09,523] {processor.py:161} INFO - Processing /home/gui/Documentos/airflowalura/venv/lib/python3.9/site-packages/airflow/example_dags/example_trigger_controller_dag.py took 0.130 seconds
[2023-06-05 23:41:50,775] {processor.py:153} INFO - Started process (PID=50774) to work on /home/gui/Documentos/airflowalura/venv/lib/python3.9/site-packages/airflow/example_dags/example_trigger_controller_dag.py
[2023-06-05 23:41:50,779] {processor.py:641} INFO - Processing file /home/gui/Documentos/airflowalura/venv/lib/python3.9/site-packages/airflow/example_dags/example_trigger_controller_dag.py for tasks to queue
[2023-06-05 23:41:50,780] {logging_mixin.py:115} INFO - [2023-06-05 23:41:50,780] {dagbag.py:507} INFO - Filling up the DagBag from /home/gui/Documentos/airflowalura/venv/lib/python3.9/site-packages/airflow/example_dags/example_trigger_controller_dag.py
[2023-06-05 23:41:50,785] {processor.py:651} INFO - DAG(s) dict_keys(['example_trigger_controller_dag']) retrieved from /home/gui/Documentos/airflowalura/venv/lib/python3.9/site-packages/airflow/example_dags/example_trigger_controller_dag.py
[2023-06-05 23:41:50,828] {logging_mixin.py:115} INFO - [2023-06-05 23:41:50,828] {dag.py:2379} INFO - Sync 1 DAGs
[2023-06-05 23:41:50,866] {logging_mixin.py:115} INFO - [2023-06-05 23:41:50,866] {dag.py:2927} INFO - Setting next_dagrun for example_trigger_controller_dag to 2021-01-01T00:00:00+00:00, run_after=2021-01-01T00:00:00+00:00
[2023-06-05 23:41:51,135] {processor.py:161} INFO - Processing /home/gui/Documentos/airflowalura/venv/lib/python3.9/site-packages/airflow/example_dags/example_trigger_controller_dag.py took 0.367 seconds
[2023-06-05 23:42:25,648] {processor.py:153} INFO - Started process (PID=50844) to work on /home/gui/Documentos/airflowalura/venv/lib/python3.9/site-packages/airflow/example_dags/example_trigger_controller_dag.py
[2023-06-05 23:42:25,649] {processor.py:641} INFO - Processing file /home/gui/Documentos/airflowalura/venv/lib/python3.9/site-packages/airflow/example_dags/example_trigger_controller_dag.py for tasks to queue
[2023-06-05 23:42:25,650] {logging_mixin.py:115} INFO - [2023-06-05 23:42:25,650] {dagbag.py:507} INFO - Filling up the DagBag from /home/gui/Documentos/airflowalura/venv/lib/python3.9/site-packages/airflow/example_dags/example_trigger_controller_dag.py
[2023-06-05 23:42:25,660] {processor.py:651} INFO - DAG(s) dict_keys(['example_trigger_controller_dag']) retrieved from /home/gui/Documentos/airflowalura/venv/lib/python3.9/site-packages/airflow/example_dags/example_trigger_controller_dag.py
[2023-06-05 23:42:25,695] {logging_mixin.py:115} INFO - [2023-06-05 23:42:25,695] {dag.py:2379} INFO - Sync 1 DAGs
[2023-06-05 23:42:25,734] {logging_mixin.py:115} INFO - [2023-06-05 23:42:25,734] {dag.py:2927} INFO - Setting next_dagrun for example_trigger_controller_dag to 2021-01-01T00:00:00+00:00, run_after=2021-01-01T00:00:00+00:00
[2023-06-05 23:42:25,779] {processor.py:161} INFO - Processing /home/gui/Documentos/airflowalura/venv/lib/python3.9/site-packages/airflow/example_dags/example_trigger_controller_dag.py took 0.142 seconds
