[2023-06-05 23:02:16,267] {processor.py:153} INFO - Started process (PID=44517) to work on /home/gui/Documentos/airflowalura/venv/lib/python3.9/site-packages/airflow/example_dags/example_skip_dag.py
[2023-06-05 23:02:16,268] {processor.py:641} INFO - Processing file /home/gui/Documentos/airflowalura/venv/lib/python3.9/site-packages/airflow/example_dags/example_skip_dag.py for tasks to queue
[2023-06-05 23:02:16,269] {logging_mixin.py:115} INFO - [2023-06-05 23:02:16,269] {dagbag.py:507} INFO - Filling up the DagBag from /home/gui/Documentos/airflowalura/venv/lib/python3.9/site-packages/airflow/example_dags/example_skip_dag.py
[2023-06-05 23:02:16,280] {processor.py:651} INFO - DAG(s) dict_keys(['example_skip_dag']) retrieved from /home/gui/Documentos/airflowalura/venv/lib/python3.9/site-packages/airflow/example_dags/example_skip_dag.py
[2023-06-05 23:02:16,412] {logging_mixin.py:115} INFO - [2023-06-05 23:02:16,412] {manager.py:508} INFO - Created Permission View: can read on DAG:example_skip_dag
[2023-06-05 23:02:16,425] {logging_mixin.py:115} INFO - [2023-06-05 23:02:16,425] {manager.py:508} INFO - Created Permission View: can edit on DAG:example_skip_dag
[2023-06-05 23:02:16,436] {logging_mixin.py:115} INFO - [2023-06-05 23:02:16,436] {manager.py:508} INFO - Created Permission View: can delete on DAG:example_skip_dag
[2023-06-05 23:02:16,436] {logging_mixin.py:115} INFO - [2023-06-05 23:02:16,436] {dag.py:2379} INFO - Sync 1 DAGs
[2023-06-05 23:02:16,451] {logging_mixin.py:115} INFO - [2023-06-05 23:02:16,451] {dag.py:2398} INFO - Creating ORM DAG for example_skip_dag
[2023-06-05 23:02:16,463] {logging_mixin.py:115} INFO - [2023-06-05 23:02:16,463] {dag.py:2927} INFO - Setting next_dagrun for example_skip_dag to 2023-06-05T02:02:16.463002+00:00, run_after=2023-06-06T02:02:16.463002+00:00
[2023-06-05 23:02:16,486] {processor.py:161} INFO - Processing /home/gui/Documentos/airflowalura/venv/lib/python3.9/site-packages/airflow/example_dags/example_skip_dag.py took 0.224 seconds
[2023-06-05 23:05:24,643] {processor.py:153} INFO - Started process (PID=44968) to work on /home/gui/Documentos/airflowalura/venv/lib/python3.9/site-packages/airflow/example_dags/example_skip_dag.py
[2023-06-05 23:05:24,645] {processor.py:641} INFO - Processing file /home/gui/Documentos/airflowalura/venv/lib/python3.9/site-packages/airflow/example_dags/example_skip_dag.py for tasks to queue
[2023-06-05 23:05:24,647] {logging_mixin.py:115} INFO - [2023-06-05 23:05:24,646] {dagbag.py:507} INFO - Filling up the DagBag from /home/gui/Documentos/airflowalura/venv/lib/python3.9/site-packages/airflow/example_dags/example_skip_dag.py
[2023-06-05 23:05:24,660] {processor.py:651} INFO - DAG(s) dict_keys(['example_skip_dag']) retrieved from /home/gui/Documentos/airflowalura/venv/lib/python3.9/site-packages/airflow/example_dags/example_skip_dag.py
[2023-06-05 23:05:24,706] {logging_mixin.py:115} INFO - [2023-06-05 23:05:24,706] {dag.py:2379} INFO - Sync 1 DAGs
[2023-06-05 23:05:24,743] {logging_mixin.py:115} INFO - [2023-06-05 23:05:24,743] {dag.py:2927} INFO - Setting next_dagrun for example_skip_dag to 2023-06-05T02:05:24.742749+00:00, run_after=2023-06-06T02:05:24.742749+00:00
[2023-06-05 23:05:24,764] {processor.py:161} INFO - Processing /home/gui/Documentos/airflowalura/venv/lib/python3.9/site-packages/airflow/example_dags/example_skip_dag.py took 0.130 seconds
[2023-06-05 23:06:04,128] {processor.py:153} INFO - Started process (PID=45005) to work on /home/gui/Documentos/airflowalura/venv/lib/python3.9/site-packages/airflow/example_dags/example_skip_dag.py
[2023-06-05 23:06:04,129] {processor.py:641} INFO - Processing file /home/gui/Documentos/airflowalura/venv/lib/python3.9/site-packages/airflow/example_dags/example_skip_dag.py for tasks to queue
[2023-06-05 23:06:04,131] {logging_mixin.py:115} INFO - [2023-06-05 23:06:04,130] {dagbag.py:507} INFO - Filling up the DagBag from /home/gui/Documentos/airflowalura/venv/lib/python3.9/site-packages/airflow/example_dags/example_skip_dag.py
[2023-06-05 23:06:04,142] {processor.py:651} INFO - DAG(s) dict_keys(['example_skip_dag']) retrieved from /home/gui/Documentos/airflowalura/venv/lib/python3.9/site-packages/airflow/example_dags/example_skip_dag.py
[2023-06-05 23:06:04,171] {logging_mixin.py:115} INFO - [2023-06-05 23:06:04,171] {dag.py:2379} INFO - Sync 1 DAGs
[2023-06-05 23:06:04,200] {logging_mixin.py:115} INFO - [2023-06-05 23:06:04,200] {dag.py:2927} INFO - Setting next_dagrun for example_skip_dag to 2023-06-05T02:06:04.199844+00:00, run_after=2023-06-06T02:06:04.199844+00:00
[2023-06-05 23:06:04,241] {processor.py:161} INFO - Processing /home/gui/Documentos/airflowalura/venv/lib/python3.9/site-packages/airflow/example_dags/example_skip_dag.py took 0.122 seconds
[2023-06-05 23:06:42,001] {processor.py:153} INFO - Started process (PID=45039) to work on /home/gui/Documentos/airflowalura/venv/lib/python3.9/site-packages/airflow/example_dags/example_skip_dag.py
[2023-06-05 23:06:42,003] {processor.py:641} INFO - Processing file /home/gui/Documentos/airflowalura/venv/lib/python3.9/site-packages/airflow/example_dags/example_skip_dag.py for tasks to queue
[2023-06-05 23:06:42,004] {logging_mixin.py:115} INFO - [2023-06-05 23:06:42,003] {dagbag.py:507} INFO - Filling up the DagBag from /home/gui/Documentos/airflowalura/venv/lib/python3.9/site-packages/airflow/example_dags/example_skip_dag.py
[2023-06-05 23:06:42,013] {processor.py:651} INFO - DAG(s) dict_keys(['example_skip_dag']) retrieved from /home/gui/Documentos/airflowalura/venv/lib/python3.9/site-packages/airflow/example_dags/example_skip_dag.py
[2023-06-05 23:06:42,042] {logging_mixin.py:115} INFO - [2023-06-05 23:06:42,042] {dag.py:2379} INFO - Sync 1 DAGs
[2023-06-05 23:06:42,071] {logging_mixin.py:115} INFO - [2023-06-05 23:06:42,071] {dag.py:2927} INFO - Setting next_dagrun for example_skip_dag to 2023-06-05T02:06:42.071366+00:00, run_after=2023-06-06T02:06:42.071366+00:00
[2023-06-05 23:06:42,090] {processor.py:161} INFO - Processing /home/gui/Documentos/airflowalura/venv/lib/python3.9/site-packages/airflow/example_dags/example_skip_dag.py took 0.094 seconds
[2023-06-05 23:07:20,366] {processor.py:153} INFO - Started process (PID=45094) to work on /home/gui/Documentos/airflowalura/venv/lib/python3.9/site-packages/airflow/example_dags/example_skip_dag.py
[2023-06-05 23:07:20,368] {processor.py:641} INFO - Processing file /home/gui/Documentos/airflowalura/venv/lib/python3.9/site-packages/airflow/example_dags/example_skip_dag.py for tasks to queue
[2023-06-05 23:07:20,369] {logging_mixin.py:115} INFO - [2023-06-05 23:07:20,369] {dagbag.py:507} INFO - Filling up the DagBag from /home/gui/Documentos/airflowalura/venv/lib/python3.9/site-packages/airflow/example_dags/example_skip_dag.py
[2023-06-05 23:07:20,381] {processor.py:651} INFO - DAG(s) dict_keys(['example_skip_dag']) retrieved from /home/gui/Documentos/airflowalura/venv/lib/python3.9/site-packages/airflow/example_dags/example_skip_dag.py
[2023-06-05 23:07:20,422] {logging_mixin.py:115} INFO - [2023-06-05 23:07:20,422] {dag.py:2379} INFO - Sync 1 DAGs
[2023-06-05 23:07:20,463] {logging_mixin.py:115} INFO - [2023-06-05 23:07:20,463] {dag.py:2927} INFO - Setting next_dagrun for example_skip_dag to 2023-06-05T02:07:20.462874+00:00, run_after=2023-06-06T02:07:20.462874+00:00
[2023-06-05 23:07:20,602] {processor.py:161} INFO - Processing /home/gui/Documentos/airflowalura/venv/lib/python3.9/site-packages/airflow/example_dags/example_skip_dag.py took 0.243 seconds
[2023-06-05 23:07:58,756] {processor.py:153} INFO - Started process (PID=45134) to work on /home/gui/Documentos/airflowalura/venv/lib/python3.9/site-packages/airflow/example_dags/example_skip_dag.py
[2023-06-05 23:07:58,758] {processor.py:641} INFO - Processing file /home/gui/Documentos/airflowalura/venv/lib/python3.9/site-packages/airflow/example_dags/example_skip_dag.py for tasks to queue
[2023-06-05 23:07:58,758] {logging_mixin.py:115} INFO - [2023-06-05 23:07:58,758] {dagbag.py:507} INFO - Filling up the DagBag from /home/gui/Documentos/airflowalura/venv/lib/python3.9/site-packages/airflow/example_dags/example_skip_dag.py
[2023-06-05 23:07:58,768] {processor.py:651} INFO - DAG(s) dict_keys(['example_skip_dag']) retrieved from /home/gui/Documentos/airflowalura/venv/lib/python3.9/site-packages/airflow/example_dags/example_skip_dag.py
[2023-06-05 23:07:58,799] {logging_mixin.py:115} INFO - [2023-06-05 23:07:58,799] {dag.py:2379} INFO - Sync 1 DAGs
[2023-06-05 23:07:58,827] {logging_mixin.py:115} INFO - [2023-06-05 23:07:58,827] {dag.py:2927} INFO - Setting next_dagrun for example_skip_dag to 2023-06-05T02:07:58.827223+00:00, run_after=2023-06-06T02:07:58.827223+00:00
[2023-06-05 23:07:58,868] {processor.py:161} INFO - Processing /home/gui/Documentos/airflowalura/venv/lib/python3.9/site-packages/airflow/example_dags/example_skip_dag.py took 0.117 seconds
[2023-06-05 23:08:39,589] {processor.py:153} INFO - Started process (PID=45170) to work on /home/gui/Documentos/airflowalura/venv/lib/python3.9/site-packages/airflow/example_dags/example_skip_dag.py
[2023-06-05 23:08:39,590] {processor.py:641} INFO - Processing file /home/gui/Documentos/airflowalura/venv/lib/python3.9/site-packages/airflow/example_dags/example_skip_dag.py for tasks to queue
[2023-06-05 23:08:39,591] {logging_mixin.py:115} INFO - [2023-06-05 23:08:39,591] {dagbag.py:507} INFO - Filling up the DagBag from /home/gui/Documentos/airflowalura/venv/lib/python3.9/site-packages/airflow/example_dags/example_skip_dag.py
[2023-06-05 23:08:39,601] {processor.py:651} INFO - DAG(s) dict_keys(['example_skip_dag']) retrieved from /home/gui/Documentos/airflowalura/venv/lib/python3.9/site-packages/airflow/example_dags/example_skip_dag.py
[2023-06-05 23:08:39,630] {logging_mixin.py:115} INFO - [2023-06-05 23:08:39,630] {dag.py:2379} INFO - Sync 1 DAGs
[2023-06-05 23:08:39,659] {logging_mixin.py:115} INFO - [2023-06-05 23:08:39,659] {dag.py:2927} INFO - Setting next_dagrun for example_skip_dag to 2023-06-05T02:08:39.658534+00:00, run_after=2023-06-06T02:08:39.658534+00:00
[2023-06-05 23:08:39,699] {processor.py:161} INFO - Processing /home/gui/Documentos/airflowalura/venv/lib/python3.9/site-packages/airflow/example_dags/example_skip_dag.py took 0.116 seconds
[2023-06-05 23:09:19,756] {processor.py:153} INFO - Started process (PID=45204) to work on /home/gui/Documentos/airflowalura/venv/lib/python3.9/site-packages/airflow/example_dags/example_skip_dag.py
[2023-06-05 23:09:19,783] {processor.py:641} INFO - Processing file /home/gui/Documentos/airflowalura/venv/lib/python3.9/site-packages/airflow/example_dags/example_skip_dag.py for tasks to queue
[2023-06-05 23:09:19,783] {logging_mixin.py:115} INFO - [2023-06-05 23:09:19,783] {dagbag.py:507} INFO - Filling up the DagBag from /home/gui/Documentos/airflowalura/venv/lib/python3.9/site-packages/airflow/example_dags/example_skip_dag.py
[2023-06-05 23:09:19,795] {processor.py:651} INFO - DAG(s) dict_keys(['example_skip_dag']) retrieved from /home/gui/Documentos/airflowalura/venv/lib/python3.9/site-packages/airflow/example_dags/example_skip_dag.py
[2023-06-05 23:09:19,830] {logging_mixin.py:115} INFO - [2023-06-05 23:09:19,830] {dag.py:2379} INFO - Sync 1 DAGs
[2023-06-05 23:09:19,870] {logging_mixin.py:115} INFO - [2023-06-05 23:09:19,869] {dag.py:2927} INFO - Setting next_dagrun for example_skip_dag to 2023-06-05T02:09:19.868693+00:00, run_after=2023-06-06T02:09:19.868693+00:00
[2023-06-05 23:09:19,919] {processor.py:161} INFO - Processing /home/gui/Documentos/airflowalura/venv/lib/python3.9/site-packages/airflow/example_dags/example_skip_dag.py took 0.169 seconds
[2023-06-05 23:09:58,447] {processor.py:153} INFO - Started process (PID=45238) to work on /home/gui/Documentos/airflowalura/venv/lib/python3.9/site-packages/airflow/example_dags/example_skip_dag.py
[2023-06-05 23:09:58,449] {processor.py:641} INFO - Processing file /home/gui/Documentos/airflowalura/venv/lib/python3.9/site-packages/airflow/example_dags/example_skip_dag.py for tasks to queue
[2023-06-05 23:09:58,450] {logging_mixin.py:115} INFO - [2023-06-05 23:09:58,450] {dagbag.py:507} INFO - Filling up the DagBag from /home/gui/Documentos/airflowalura/venv/lib/python3.9/site-packages/airflow/example_dags/example_skip_dag.py
[2023-06-05 23:09:58,461] {processor.py:651} INFO - DAG(s) dict_keys(['example_skip_dag']) retrieved from /home/gui/Documentos/airflowalura/venv/lib/python3.9/site-packages/airflow/example_dags/example_skip_dag.py
[2023-06-05 23:09:58,494] {logging_mixin.py:115} INFO - [2023-06-05 23:09:58,494] {dag.py:2379} INFO - Sync 1 DAGs
[2023-06-05 23:09:58,527] {logging_mixin.py:115} INFO - [2023-06-05 23:09:58,526] {dag.py:2927} INFO - Setting next_dagrun for example_skip_dag to 2023-06-05T02:09:58.526221+00:00, run_after=2023-06-06T02:09:58.526221+00:00
[2023-06-05 23:09:58,717] {processor.py:161} INFO - Processing /home/gui/Documentos/airflowalura/venv/lib/python3.9/site-packages/airflow/example_dags/example_skip_dag.py took 0.276 seconds
[2023-06-05 23:10:41,657] {processor.py:153} INFO - Started process (PID=45273) to work on /home/gui/Documentos/airflowalura/venv/lib/python3.9/site-packages/airflow/example_dags/example_skip_dag.py
[2023-06-05 23:10:41,658] {processor.py:641} INFO - Processing file /home/gui/Documentos/airflowalura/venv/lib/python3.9/site-packages/airflow/example_dags/example_skip_dag.py for tasks to queue
[2023-06-05 23:10:41,659] {logging_mixin.py:115} INFO - [2023-06-05 23:10:41,658] {dagbag.py:507} INFO - Filling up the DagBag from /home/gui/Documentos/airflowalura/venv/lib/python3.9/site-packages/airflow/example_dags/example_skip_dag.py
[2023-06-05 23:10:41,670] {processor.py:651} INFO - DAG(s) dict_keys(['example_skip_dag']) retrieved from /home/gui/Documentos/airflowalura/venv/lib/python3.9/site-packages/airflow/example_dags/example_skip_dag.py
[2023-06-05 23:10:41,705] {logging_mixin.py:115} INFO - [2023-06-05 23:10:41,705] {dag.py:2379} INFO - Sync 1 DAGs
[2023-06-05 23:10:41,744] {logging_mixin.py:115} INFO - [2023-06-05 23:10:41,743] {dag.py:2927} INFO - Setting next_dagrun for example_skip_dag to 2023-06-05T02:10:41.743390+00:00, run_after=2023-06-06T02:10:41.743390+00:00
[2023-06-05 23:10:41,769] {processor.py:161} INFO - Processing /home/gui/Documentos/airflowalura/venv/lib/python3.9/site-packages/airflow/example_dags/example_skip_dag.py took 0.121 seconds
[2023-06-05 23:11:20,122] {processor.py:153} INFO - Started process (PID=45310) to work on /home/gui/Documentos/airflowalura/venv/lib/python3.9/site-packages/airflow/example_dags/example_skip_dag.py
[2023-06-05 23:11:20,123] {processor.py:641} INFO - Processing file /home/gui/Documentos/airflowalura/venv/lib/python3.9/site-packages/airflow/example_dags/example_skip_dag.py for tasks to queue
[2023-06-05 23:11:20,124] {logging_mixin.py:115} INFO - [2023-06-05 23:11:20,124] {dagbag.py:507} INFO - Filling up the DagBag from /home/gui/Documentos/airflowalura/venv/lib/python3.9/site-packages/airflow/example_dags/example_skip_dag.py
[2023-06-05 23:11:20,135] {processor.py:651} INFO - DAG(s) dict_keys(['example_skip_dag']) retrieved from /home/gui/Documentos/airflowalura/venv/lib/python3.9/site-packages/airflow/example_dags/example_skip_dag.py
[2023-06-05 23:11:20,170] {logging_mixin.py:115} INFO - [2023-06-05 23:11:20,170] {dag.py:2379} INFO - Sync 1 DAGs
[2023-06-05 23:11:20,204] {logging_mixin.py:115} INFO - [2023-06-05 23:11:20,204] {dag.py:2927} INFO - Setting next_dagrun for example_skip_dag to 2023-06-05T02:11:20.203635+00:00, run_after=2023-06-06T02:11:20.203635+00:00
[2023-06-05 23:11:20,444] {processor.py:161} INFO - Processing /home/gui/Documentos/airflowalura/venv/lib/python3.9/site-packages/airflow/example_dags/example_skip_dag.py took 0.329 seconds
[2023-06-05 23:11:55,690] {processor.py:153} INFO - Started process (PID=45342) to work on /home/gui/Documentos/airflowalura/venv/lib/python3.9/site-packages/airflow/example_dags/example_skip_dag.py
[2023-06-05 23:11:55,691] {processor.py:641} INFO - Processing file /home/gui/Documentos/airflowalura/venv/lib/python3.9/site-packages/airflow/example_dags/example_skip_dag.py for tasks to queue
[2023-06-05 23:11:55,692] {logging_mixin.py:115} INFO - [2023-06-05 23:11:55,692] {dagbag.py:507} INFO - Filling up the DagBag from /home/gui/Documentos/airflowalura/venv/lib/python3.9/site-packages/airflow/example_dags/example_skip_dag.py
[2023-06-05 23:11:55,701] {processor.py:651} INFO - DAG(s) dict_keys(['example_skip_dag']) retrieved from /home/gui/Documentos/airflowalura/venv/lib/python3.9/site-packages/airflow/example_dags/example_skip_dag.py
[2023-06-05 23:11:55,735] {logging_mixin.py:115} INFO - [2023-06-05 23:11:55,735] {dag.py:2379} INFO - Sync 1 DAGs
[2023-06-05 23:11:55,764] {logging_mixin.py:115} INFO - [2023-06-05 23:11:55,764] {dag.py:2927} INFO - Setting next_dagrun for example_skip_dag to 2023-06-05T02:11:55.763500+00:00, run_after=2023-06-06T02:11:55.763500+00:00
[2023-06-05 23:11:55,956] {processor.py:161} INFO - Processing /home/gui/Documentos/airflowalura/venv/lib/python3.9/site-packages/airflow/example_dags/example_skip_dag.py took 0.271 seconds
[2023-06-05 23:12:36,528] {processor.py:153} INFO - Started process (PID=45381) to work on /home/gui/Documentos/airflowalura/venv/lib/python3.9/site-packages/airflow/example_dags/example_skip_dag.py
[2023-06-05 23:12:36,553] {processor.py:641} INFO - Processing file /home/gui/Documentos/airflowalura/venv/lib/python3.9/site-packages/airflow/example_dags/example_skip_dag.py for tasks to queue
[2023-06-05 23:12:36,554] {logging_mixin.py:115} INFO - [2023-06-05 23:12:36,554] {dagbag.py:507} INFO - Filling up the DagBag from /home/gui/Documentos/airflowalura/venv/lib/python3.9/site-packages/airflow/example_dags/example_skip_dag.py
[2023-06-05 23:12:36,564] {processor.py:651} INFO - DAG(s) dict_keys(['example_skip_dag']) retrieved from /home/gui/Documentos/airflowalura/venv/lib/python3.9/site-packages/airflow/example_dags/example_skip_dag.py
[2023-06-05 23:12:36,840] {logging_mixin.py:115} INFO - [2023-06-05 23:12:36,840] {dag.py:2379} INFO - Sync 1 DAGs
[2023-06-05 23:12:36,866] {logging_mixin.py:115} INFO - [2023-06-05 23:12:36,866] {dag.py:2927} INFO - Setting next_dagrun for example_skip_dag to 2023-06-05T02:12:36.866298+00:00, run_after=2023-06-06T02:12:36.866298+00:00
[2023-06-05 23:12:39,117] {processor.py:161} INFO - Processing /home/gui/Documentos/airflowalura/venv/lib/python3.9/site-packages/airflow/example_dags/example_skip_dag.py took 2.595 seconds
[2023-06-05 23:13:17,027] {processor.py:153} INFO - Started process (PID=45414) to work on /home/gui/Documentos/airflowalura/venv/lib/python3.9/site-packages/airflow/example_dags/example_skip_dag.py
[2023-06-05 23:13:17,028] {processor.py:641} INFO - Processing file /home/gui/Documentos/airflowalura/venv/lib/python3.9/site-packages/airflow/example_dags/example_skip_dag.py for tasks to queue
[2023-06-05 23:13:17,028] {logging_mixin.py:115} INFO - [2023-06-05 23:13:17,028] {dagbag.py:507} INFO - Filling up the DagBag from /home/gui/Documentos/airflowalura/venv/lib/python3.9/site-packages/airflow/example_dags/example_skip_dag.py
[2023-06-05 23:13:17,037] {processor.py:651} INFO - DAG(s) dict_keys(['example_skip_dag']) retrieved from /home/gui/Documentos/airflowalura/venv/lib/python3.9/site-packages/airflow/example_dags/example_skip_dag.py
[2023-06-05 23:13:17,065] {logging_mixin.py:115} INFO - [2023-06-05 23:13:17,065] {dag.py:2379} INFO - Sync 1 DAGs
[2023-06-05 23:13:17,092] {logging_mixin.py:115} INFO - [2023-06-05 23:13:17,092] {dag.py:2927} INFO - Setting next_dagrun for example_skip_dag to 2023-06-05T02:13:17.091559+00:00, run_after=2023-06-06T02:13:17.091559+00:00
[2023-06-05 23:13:17,165] {processor.py:161} INFO - Processing /home/gui/Documentos/airflowalura/venv/lib/python3.9/site-packages/airflow/example_dags/example_skip_dag.py took 0.144 seconds
[2023-06-05 23:13:57,132] {processor.py:153} INFO - Started process (PID=45451) to work on /home/gui/Documentos/airflowalura/venv/lib/python3.9/site-packages/airflow/example_dags/example_skip_dag.py
[2023-06-05 23:13:57,134] {processor.py:641} INFO - Processing file /home/gui/Documentos/airflowalura/venv/lib/python3.9/site-packages/airflow/example_dags/example_skip_dag.py for tasks to queue
[2023-06-05 23:13:57,135] {logging_mixin.py:115} INFO - [2023-06-05 23:13:57,135] {dagbag.py:507} INFO - Filling up the DagBag from /home/gui/Documentos/airflowalura/venv/lib/python3.9/site-packages/airflow/example_dags/example_skip_dag.py
[2023-06-05 23:13:57,148] {processor.py:651} INFO - DAG(s) dict_keys(['example_skip_dag']) retrieved from /home/gui/Documentos/airflowalura/venv/lib/python3.9/site-packages/airflow/example_dags/example_skip_dag.py
[2023-06-05 23:13:57,184] {logging_mixin.py:115} INFO - [2023-06-05 23:13:57,184] {dag.py:2379} INFO - Sync 1 DAGs
[2023-06-05 23:13:57,210] {logging_mixin.py:115} INFO - [2023-06-05 23:13:57,210] {dag.py:2927} INFO - Setting next_dagrun for example_skip_dag to 2023-06-05T02:13:57.210356+00:00, run_after=2023-06-06T02:13:57.210356+00:00
[2023-06-05 23:13:57,589] {processor.py:161} INFO - Processing /home/gui/Documentos/airflowalura/venv/lib/python3.9/site-packages/airflow/example_dags/example_skip_dag.py took 0.465 seconds
[2023-06-05 23:14:35,531] {processor.py:153} INFO - Started process (PID=45485) to work on /home/gui/Documentos/airflowalura/venv/lib/python3.9/site-packages/airflow/example_dags/example_skip_dag.py
[2023-06-05 23:14:35,533] {processor.py:641} INFO - Processing file /home/gui/Documentos/airflowalura/venv/lib/python3.9/site-packages/airflow/example_dags/example_skip_dag.py for tasks to queue
[2023-06-05 23:14:35,534] {logging_mixin.py:115} INFO - [2023-06-05 23:14:35,534] {dagbag.py:507} INFO - Filling up the DagBag from /home/gui/Documentos/airflowalura/venv/lib/python3.9/site-packages/airflow/example_dags/example_skip_dag.py
[2023-06-05 23:14:35,547] {processor.py:651} INFO - DAG(s) dict_keys(['example_skip_dag']) retrieved from /home/gui/Documentos/airflowalura/venv/lib/python3.9/site-packages/airflow/example_dags/example_skip_dag.py
[2023-06-05 23:14:35,577] {logging_mixin.py:115} INFO - [2023-06-05 23:14:35,577] {dag.py:2379} INFO - Sync 1 DAGs
[2023-06-05 23:14:35,645] {logging_mixin.py:115} INFO - [2023-06-05 23:14:35,645] {dag.py:2927} INFO - Setting next_dagrun for example_skip_dag to 2023-06-05T02:14:35.644978+00:00, run_after=2023-06-06T02:14:35.644978+00:00
[2023-06-05 23:14:35,662] {processor.py:161} INFO - Processing /home/gui/Documentos/airflowalura/venv/lib/python3.9/site-packages/airflow/example_dags/example_skip_dag.py took 0.140 seconds
[2023-06-05 23:15:14,541] {processor.py:153} INFO - Started process (PID=45519) to work on /home/gui/Documentos/airflowalura/venv/lib/python3.9/site-packages/airflow/example_dags/example_skip_dag.py
[2023-06-05 23:15:14,543] {processor.py:641} INFO - Processing file /home/gui/Documentos/airflowalura/venv/lib/python3.9/site-packages/airflow/example_dags/example_skip_dag.py for tasks to queue
[2023-06-05 23:15:14,544] {logging_mixin.py:115} INFO - [2023-06-05 23:15:14,544] {dagbag.py:507} INFO - Filling up the DagBag from /home/gui/Documentos/airflowalura/venv/lib/python3.9/site-packages/airflow/example_dags/example_skip_dag.py
[2023-06-05 23:15:14,556] {processor.py:651} INFO - DAG(s) dict_keys(['example_skip_dag']) retrieved from /home/gui/Documentos/airflowalura/venv/lib/python3.9/site-packages/airflow/example_dags/example_skip_dag.py
[2023-06-05 23:15:14,598] {logging_mixin.py:115} INFO - [2023-06-05 23:15:14,598] {dag.py:2379} INFO - Sync 1 DAGs
[2023-06-05 23:15:14,632] {logging_mixin.py:115} INFO - [2023-06-05 23:15:14,632] {dag.py:2927} INFO - Setting next_dagrun for example_skip_dag to 2023-06-05T02:15:14.632330+00:00, run_after=2023-06-06T02:15:14.632330+00:00
[2023-06-05 23:15:14,655] {processor.py:161} INFO - Processing /home/gui/Documentos/airflowalura/venv/lib/python3.9/site-packages/airflow/example_dags/example_skip_dag.py took 0.121 seconds
[2023-06-05 23:15:51,725] {processor.py:153} INFO - Started process (PID=45574) to work on /home/gui/Documentos/airflowalura/venv/lib/python3.9/site-packages/airflow/example_dags/example_skip_dag.py
[2023-06-05 23:15:51,726] {processor.py:641} INFO - Processing file /home/gui/Documentos/airflowalura/venv/lib/python3.9/site-packages/airflow/example_dags/example_skip_dag.py for tasks to queue
[2023-06-05 23:15:51,727] {logging_mixin.py:115} INFO - [2023-06-05 23:15:51,727] {dagbag.py:507} INFO - Filling up the DagBag from /home/gui/Documentos/airflowalura/venv/lib/python3.9/site-packages/airflow/example_dags/example_skip_dag.py
[2023-06-05 23:15:51,740] {processor.py:651} INFO - DAG(s) dict_keys(['example_skip_dag']) retrieved from /home/gui/Documentos/airflowalura/venv/lib/python3.9/site-packages/airflow/example_dags/example_skip_dag.py
[2023-06-05 23:15:51,777] {logging_mixin.py:115} INFO - [2023-06-05 23:15:51,777] {dag.py:2379} INFO - Sync 1 DAGs
[2023-06-05 23:15:51,815] {logging_mixin.py:115} INFO - [2023-06-05 23:15:51,814] {dag.py:2927} INFO - Setting next_dagrun for example_skip_dag to 2023-06-05T02:15:51.814224+00:00, run_after=2023-06-06T02:15:51.814224+00:00
[2023-06-05 23:15:51,903] {processor.py:161} INFO - Processing /home/gui/Documentos/airflowalura/venv/lib/python3.9/site-packages/airflow/example_dags/example_skip_dag.py took 0.185 seconds
[2023-06-05 23:16:28,002] {processor.py:153} INFO - Started process (PID=45607) to work on /home/gui/Documentos/airflowalura/venv/lib/python3.9/site-packages/airflow/example_dags/example_skip_dag.py
[2023-06-05 23:16:28,004] {processor.py:641} INFO - Processing file /home/gui/Documentos/airflowalura/venv/lib/python3.9/site-packages/airflow/example_dags/example_skip_dag.py for tasks to queue
[2023-06-05 23:16:28,005] {logging_mixin.py:115} INFO - [2023-06-05 23:16:28,005] {dagbag.py:507} INFO - Filling up the DagBag from /home/gui/Documentos/airflowalura/venv/lib/python3.9/site-packages/airflow/example_dags/example_skip_dag.py
[2023-06-05 23:16:28,017] {processor.py:651} INFO - DAG(s) dict_keys(['example_skip_dag']) retrieved from /home/gui/Documentos/airflowalura/venv/lib/python3.9/site-packages/airflow/example_dags/example_skip_dag.py
[2023-06-05 23:16:28,053] {logging_mixin.py:115} INFO - [2023-06-05 23:16:28,053] {dag.py:2379} INFO - Sync 1 DAGs
[2023-06-05 23:16:28,094] {logging_mixin.py:115} INFO - [2023-06-05 23:16:28,094] {dag.py:2927} INFO - Setting next_dagrun for example_skip_dag to 2023-06-05T02:16:28.094080+00:00, run_after=2023-06-06T02:16:28.094080+00:00
[2023-06-05 23:16:28,172] {processor.py:161} INFO - Processing /home/gui/Documentos/airflowalura/venv/lib/python3.9/site-packages/airflow/example_dags/example_skip_dag.py took 0.176 seconds
[2023-06-05 23:17:05,064] {processor.py:153} INFO - Started process (PID=45642) to work on /home/gui/Documentos/airflowalura/venv/lib/python3.9/site-packages/airflow/example_dags/example_skip_dag.py
[2023-06-05 23:17:05,065] {processor.py:641} INFO - Processing file /home/gui/Documentos/airflowalura/venv/lib/python3.9/site-packages/airflow/example_dags/example_skip_dag.py for tasks to queue
[2023-06-05 23:17:05,066] {logging_mixin.py:115} INFO - [2023-06-05 23:17:05,066] {dagbag.py:507} INFO - Filling up the DagBag from /home/gui/Documentos/airflowalura/venv/lib/python3.9/site-packages/airflow/example_dags/example_skip_dag.py
[2023-06-05 23:17:05,078] {processor.py:651} INFO - DAG(s) dict_keys(['example_skip_dag']) retrieved from /home/gui/Documentos/airflowalura/venv/lib/python3.9/site-packages/airflow/example_dags/example_skip_dag.py
[2023-06-05 23:17:05,117] {logging_mixin.py:115} INFO - [2023-06-05 23:17:05,116] {dag.py:2379} INFO - Sync 1 DAGs
[2023-06-05 23:17:05,154] {logging_mixin.py:115} INFO - [2023-06-05 23:17:05,154] {dag.py:2927} INFO - Setting next_dagrun for example_skip_dag to 2023-06-05T02:17:05.153714+00:00, run_after=2023-06-06T02:17:05.153714+00:00
[2023-06-05 23:17:05,532] {processor.py:161} INFO - Processing /home/gui/Documentos/airflowalura/venv/lib/python3.9/site-packages/airflow/example_dags/example_skip_dag.py took 0.476 seconds
[2023-06-05 23:17:44,182] {processor.py:153} INFO - Started process (PID=45679) to work on /home/gui/Documentos/airflowalura/venv/lib/python3.9/site-packages/airflow/example_dags/example_skip_dag.py
[2023-06-05 23:17:44,183] {processor.py:641} INFO - Processing file /home/gui/Documentos/airflowalura/venv/lib/python3.9/site-packages/airflow/example_dags/example_skip_dag.py for tasks to queue
[2023-06-05 23:17:44,184] {logging_mixin.py:115} INFO - [2023-06-05 23:17:44,184] {dagbag.py:507} INFO - Filling up the DagBag from /home/gui/Documentos/airflowalura/venv/lib/python3.9/site-packages/airflow/example_dags/example_skip_dag.py
[2023-06-05 23:17:44,197] {processor.py:651} INFO - DAG(s) dict_keys(['example_skip_dag']) retrieved from /home/gui/Documentos/airflowalura/venv/lib/python3.9/site-packages/airflow/example_dags/example_skip_dag.py
[2023-06-05 23:17:44,236] {logging_mixin.py:115} INFO - [2023-06-05 23:17:44,235] {dag.py:2379} INFO - Sync 1 DAGs
[2023-06-05 23:17:44,277] {logging_mixin.py:115} INFO - [2023-06-05 23:17:44,277] {dag.py:2927} INFO - Setting next_dagrun for example_skip_dag to 2023-06-05T02:17:44.276989+00:00, run_after=2023-06-06T02:17:44.276989+00:00
[2023-06-05 23:17:44,331] {processor.py:161} INFO - Processing /home/gui/Documentos/airflowalura/venv/lib/python3.9/site-packages/airflow/example_dags/example_skip_dag.py took 0.157 seconds
[2023-06-05 23:18:33,033] {processor.py:153} INFO - Started process (PID=45718) to work on /home/gui/Documentos/airflowalura/venv/lib/python3.9/site-packages/airflow/example_dags/example_skip_dag.py
[2023-06-05 23:18:33,034] {processor.py:641} INFO - Processing file /home/gui/Documentos/airflowalura/venv/lib/python3.9/site-packages/airflow/example_dags/example_skip_dag.py for tasks to queue
[2023-06-05 23:18:33,035] {logging_mixin.py:115} INFO - [2023-06-05 23:18:33,035] {dagbag.py:507} INFO - Filling up the DagBag from /home/gui/Documentos/airflowalura/venv/lib/python3.9/site-packages/airflow/example_dags/example_skip_dag.py
[2023-06-05 23:18:33,047] {processor.py:651} INFO - DAG(s) dict_keys(['example_skip_dag']) retrieved from /home/gui/Documentos/airflowalura/venv/lib/python3.9/site-packages/airflow/example_dags/example_skip_dag.py
[2023-06-05 23:18:33,084] {logging_mixin.py:115} INFO - [2023-06-05 23:18:33,084] {dag.py:2379} INFO - Sync 1 DAGs
[2023-06-05 23:18:33,124] {logging_mixin.py:115} INFO - [2023-06-05 23:18:33,124] {dag.py:2927} INFO - Setting next_dagrun for example_skip_dag to 2023-06-05T02:18:33.123999+00:00, run_after=2023-06-06T02:18:33.123999+00:00
[2023-06-05 23:18:33,179] {processor.py:161} INFO - Processing /home/gui/Documentos/airflowalura/venv/lib/python3.9/site-packages/airflow/example_dags/example_skip_dag.py took 0.153 seconds
[2023-06-05 23:19:09,103] {processor.py:153} INFO - Started process (PID=45750) to work on /home/gui/Documentos/airflowalura/venv/lib/python3.9/site-packages/airflow/example_dags/example_skip_dag.py
[2023-06-05 23:19:09,104] {processor.py:641} INFO - Processing file /home/gui/Documentos/airflowalura/venv/lib/python3.9/site-packages/airflow/example_dags/example_skip_dag.py for tasks to queue
[2023-06-05 23:19:09,105] {logging_mixin.py:115} INFO - [2023-06-05 23:19:09,105] {dagbag.py:507} INFO - Filling up the DagBag from /home/gui/Documentos/airflowalura/venv/lib/python3.9/site-packages/airflow/example_dags/example_skip_dag.py
[2023-06-05 23:19:09,117] {processor.py:651} INFO - DAG(s) dict_keys(['example_skip_dag']) retrieved from /home/gui/Documentos/airflowalura/venv/lib/python3.9/site-packages/airflow/example_dags/example_skip_dag.py
[2023-06-05 23:19:09,157] {logging_mixin.py:115} INFO - [2023-06-05 23:19:09,157] {dag.py:2379} INFO - Sync 1 DAGs
[2023-06-05 23:19:09,192] {logging_mixin.py:115} INFO - [2023-06-05 23:19:09,192] {dag.py:2927} INFO - Setting next_dagrun for example_skip_dag to 2023-06-05T02:19:09.191885+00:00, run_after=2023-06-06T02:19:09.191885+00:00
[2023-06-05 23:19:09,245] {processor.py:161} INFO - Processing /home/gui/Documentos/airflowalura/venv/lib/python3.9/site-packages/airflow/example_dags/example_skip_dag.py took 0.149 seconds
[2023-06-05 23:19:55,855] {processor.py:153} INFO - Started process (PID=45795) to work on /home/gui/Documentos/airflowalura/venv/lib/python3.9/site-packages/airflow/example_dags/example_skip_dag.py
[2023-06-05 23:19:55,856] {processor.py:641} INFO - Processing file /home/gui/Documentos/airflowalura/venv/lib/python3.9/site-packages/airflow/example_dags/example_skip_dag.py for tasks to queue
[2023-06-05 23:19:55,857] {logging_mixin.py:115} INFO - [2023-06-05 23:19:55,857] {dagbag.py:507} INFO - Filling up the DagBag from /home/gui/Documentos/airflowalura/venv/lib/python3.9/site-packages/airflow/example_dags/example_skip_dag.py
[2023-06-05 23:19:55,869] {processor.py:651} INFO - DAG(s) dict_keys(['example_skip_dag']) retrieved from /home/gui/Documentos/airflowalura/venv/lib/python3.9/site-packages/airflow/example_dags/example_skip_dag.py
[2023-06-05 23:19:55,911] {logging_mixin.py:115} INFO - [2023-06-05 23:19:55,911] {dag.py:2379} INFO - Sync 1 DAGs
[2023-06-05 23:19:55,952] {logging_mixin.py:115} INFO - [2023-06-05 23:19:55,952] {dag.py:2927} INFO - Setting next_dagrun for example_skip_dag to 2023-06-05T02:19:55.951435+00:00, run_after=2023-06-06T02:19:55.951435+00:00
[2023-06-05 23:19:56,106] {processor.py:161} INFO - Processing /home/gui/Documentos/airflowalura/venv/lib/python3.9/site-packages/airflow/example_dags/example_skip_dag.py took 0.260 seconds
[2023-06-05 23:20:33,691] {processor.py:153} INFO - Started process (PID=45842) to work on /home/gui/Documentos/airflowalura/venv/lib/python3.9/site-packages/airflow/example_dags/example_skip_dag.py
[2023-06-05 23:20:33,693] {processor.py:641} INFO - Processing file /home/gui/Documentos/airflowalura/venv/lib/python3.9/site-packages/airflow/example_dags/example_skip_dag.py for tasks to queue
[2023-06-05 23:20:33,695] {logging_mixin.py:115} INFO - [2023-06-05 23:20:33,695] {dagbag.py:507} INFO - Filling up the DagBag from /home/gui/Documentos/airflowalura/venv/lib/python3.9/site-packages/airflow/example_dags/example_skip_dag.py
[2023-06-05 23:20:33,708] {processor.py:651} INFO - DAG(s) dict_keys(['example_skip_dag']) retrieved from /home/gui/Documentos/airflowalura/venv/lib/python3.9/site-packages/airflow/example_dags/example_skip_dag.py
[2023-06-05 23:20:33,749] {logging_mixin.py:115} INFO - [2023-06-05 23:20:33,749] {dag.py:2379} INFO - Sync 1 DAGs
[2023-06-05 23:20:33,785] {logging_mixin.py:115} INFO - [2023-06-05 23:20:33,785] {dag.py:2927} INFO - Setting next_dagrun for example_skip_dag to 2023-06-05T02:20:33.785013+00:00, run_after=2023-06-06T02:20:33.785013+00:00
[2023-06-05 23:20:33,811] {processor.py:161} INFO - Processing /home/gui/Documentos/airflowalura/venv/lib/python3.9/site-packages/airflow/example_dags/example_skip_dag.py took 0.129 seconds
[2023-06-05 23:21:08,758] {processor.py:153} INFO - Started process (PID=45881) to work on /home/gui/Documentos/airflowalura/venv/lib/python3.9/site-packages/airflow/example_dags/example_skip_dag.py
[2023-06-05 23:21:08,759] {processor.py:641} INFO - Processing file /home/gui/Documentos/airflowalura/venv/lib/python3.9/site-packages/airflow/example_dags/example_skip_dag.py for tasks to queue
[2023-06-05 23:21:08,760] {logging_mixin.py:115} INFO - [2023-06-05 23:21:08,760] {dagbag.py:507} INFO - Filling up the DagBag from /home/gui/Documentos/airflowalura/venv/lib/python3.9/site-packages/airflow/example_dags/example_skip_dag.py
[2023-06-05 23:21:08,771] {processor.py:651} INFO - DAG(s) dict_keys(['example_skip_dag']) retrieved from /home/gui/Documentos/airflowalura/venv/lib/python3.9/site-packages/airflow/example_dags/example_skip_dag.py
[2023-06-05 23:21:08,805] {logging_mixin.py:115} INFO - [2023-06-05 23:21:08,805] {dag.py:2379} INFO - Sync 1 DAGs
[2023-06-05 23:21:08,836] {logging_mixin.py:115} INFO - [2023-06-05 23:21:08,836] {dag.py:2927} INFO - Setting next_dagrun for example_skip_dag to 2023-06-05T02:21:08.836072+00:00, run_after=2023-06-06T02:21:08.836072+00:00
[2023-06-05 23:21:08,871] {processor.py:161} INFO - Processing /home/gui/Documentos/airflowalura/venv/lib/python3.9/site-packages/airflow/example_dags/example_skip_dag.py took 0.118 seconds
[2023-06-05 23:21:46,436] {processor.py:153} INFO - Started process (PID=45925) to work on /home/gui/Documentos/airflowalura/venv/lib/python3.9/site-packages/airflow/example_dags/example_skip_dag.py
[2023-06-05 23:21:46,437] {processor.py:641} INFO - Processing file /home/gui/Documentos/airflowalura/venv/lib/python3.9/site-packages/airflow/example_dags/example_skip_dag.py for tasks to queue
[2023-06-05 23:21:46,438] {logging_mixin.py:115} INFO - [2023-06-05 23:21:46,438] {dagbag.py:507} INFO - Filling up the DagBag from /home/gui/Documentos/airflowalura/venv/lib/python3.9/site-packages/airflow/example_dags/example_skip_dag.py
[2023-06-05 23:21:46,449] {processor.py:651} INFO - DAG(s) dict_keys(['example_skip_dag']) retrieved from /home/gui/Documentos/airflowalura/venv/lib/python3.9/site-packages/airflow/example_dags/example_skip_dag.py
[2023-06-05 23:21:46,483] {logging_mixin.py:115} INFO - [2023-06-05 23:21:46,483] {dag.py:2379} INFO - Sync 1 DAGs
[2023-06-05 23:21:46,512] {logging_mixin.py:115} INFO - [2023-06-05 23:21:46,512] {dag.py:2927} INFO - Setting next_dagrun for example_skip_dag to 2023-06-05T02:21:46.512089+00:00, run_after=2023-06-06T02:21:46.512089+00:00
[2023-06-05 23:21:46,533] {processor.py:161} INFO - Processing /home/gui/Documentos/airflowalura/venv/lib/python3.9/site-packages/airflow/example_dags/example_skip_dag.py took 0.103 seconds
[2023-06-05 23:22:20,374] {processor.py:153} INFO - Started process (PID=45962) to work on /home/gui/Documentos/airflowalura/venv/lib/python3.9/site-packages/airflow/example_dags/example_skip_dag.py
[2023-06-05 23:22:20,375] {processor.py:641} INFO - Processing file /home/gui/Documentos/airflowalura/venv/lib/python3.9/site-packages/airflow/example_dags/example_skip_dag.py for tasks to queue
[2023-06-05 23:22:20,376] {logging_mixin.py:115} INFO - [2023-06-05 23:22:20,376] {dagbag.py:507} INFO - Filling up the DagBag from /home/gui/Documentos/airflowalura/venv/lib/python3.9/site-packages/airflow/example_dags/example_skip_dag.py
[2023-06-05 23:22:20,386] {processor.py:651} INFO - DAG(s) dict_keys(['example_skip_dag']) retrieved from /home/gui/Documentos/airflowalura/venv/lib/python3.9/site-packages/airflow/example_dags/example_skip_dag.py
[2023-06-05 23:22:20,418] {logging_mixin.py:115} INFO - [2023-06-05 23:22:20,418] {dag.py:2379} INFO - Sync 1 DAGs
[2023-06-05 23:22:20,451] {logging_mixin.py:115} INFO - [2023-06-05 23:22:20,450] {dag.py:2927} INFO - Setting next_dagrun for example_skip_dag to 2023-06-05T02:22:20.450109+00:00, run_after=2023-06-06T02:22:20.450109+00:00
[2023-06-05 23:22:20,546] {processor.py:161} INFO - Processing /home/gui/Documentos/airflowalura/venv/lib/python3.9/site-packages/airflow/example_dags/example_skip_dag.py took 0.178 seconds
[2023-06-05 23:22:59,007] {processor.py:153} INFO - Started process (PID=46009) to work on /home/gui/Documentos/airflowalura/venv/lib/python3.9/site-packages/airflow/example_dags/example_skip_dag.py
[2023-06-05 23:22:59,028] {processor.py:641} INFO - Processing file /home/gui/Documentos/airflowalura/venv/lib/python3.9/site-packages/airflow/example_dags/example_skip_dag.py for tasks to queue
[2023-06-05 23:22:59,029] {logging_mixin.py:115} INFO - [2023-06-05 23:22:59,029] {dagbag.py:507} INFO - Filling up the DagBag from /home/gui/Documentos/airflowalura/venv/lib/python3.9/site-packages/airflow/example_dags/example_skip_dag.py
[2023-06-05 23:22:59,040] {processor.py:651} INFO - DAG(s) dict_keys(['example_skip_dag']) retrieved from /home/gui/Documentos/airflowalura/venv/lib/python3.9/site-packages/airflow/example_dags/example_skip_dag.py
[2023-06-05 23:22:59,069] {logging_mixin.py:115} INFO - [2023-06-05 23:22:59,069] {dag.py:2379} INFO - Sync 1 DAGs
[2023-06-05 23:22:59,096] {logging_mixin.py:115} INFO - [2023-06-05 23:22:59,096] {dag.py:2927} INFO - Setting next_dagrun for example_skip_dag to 2023-06-05T02:22:59.096058+00:00, run_after=2023-06-06T02:22:59.096058+00:00
[2023-06-05 23:22:59,142] {processor.py:161} INFO - Processing /home/gui/Documentos/airflowalura/venv/lib/python3.9/site-packages/airflow/example_dags/example_skip_dag.py took 0.141 seconds
[2023-06-05 23:23:38,676] {processor.py:153} INFO - Started process (PID=46048) to work on /home/gui/Documentos/airflowalura/venv/lib/python3.9/site-packages/airflow/example_dags/example_skip_dag.py
[2023-06-05 23:23:38,677] {processor.py:641} INFO - Processing file /home/gui/Documentos/airflowalura/venv/lib/python3.9/site-packages/airflow/example_dags/example_skip_dag.py for tasks to queue
[2023-06-05 23:23:38,678] {logging_mixin.py:115} INFO - [2023-06-05 23:23:38,678] {dagbag.py:507} INFO - Filling up the DagBag from /home/gui/Documentos/airflowalura/venv/lib/python3.9/site-packages/airflow/example_dags/example_skip_dag.py
[2023-06-05 23:23:38,688] {processor.py:651} INFO - DAG(s) dict_keys(['example_skip_dag']) retrieved from /home/gui/Documentos/airflowalura/venv/lib/python3.9/site-packages/airflow/example_dags/example_skip_dag.py
[2023-06-05 23:23:38,781] {logging_mixin.py:115} INFO - [2023-06-05 23:23:38,781] {dag.py:2379} INFO - Sync 1 DAGs
[2023-06-05 23:23:38,817] {logging_mixin.py:115} INFO - [2023-06-05 23:23:38,817] {dag.py:2927} INFO - Setting next_dagrun for example_skip_dag to 2023-06-05T02:23:38.816865+00:00, run_after=2023-06-06T02:23:38.816865+00:00
[2023-06-05 23:23:38,836] {processor.py:161} INFO - Processing /home/gui/Documentos/airflowalura/venv/lib/python3.9/site-packages/airflow/example_dags/example_skip_dag.py took 0.167 seconds
[2023-06-05 23:24:15,108] {processor.py:153} INFO - Started process (PID=46088) to work on /home/gui/Documentos/airflowalura/venv/lib/python3.9/site-packages/airflow/example_dags/example_skip_dag.py
[2023-06-05 23:24:15,109] {processor.py:641} INFO - Processing file /home/gui/Documentos/airflowalura/venv/lib/python3.9/site-packages/airflow/example_dags/example_skip_dag.py for tasks to queue
[2023-06-05 23:24:15,110] {logging_mixin.py:115} INFO - [2023-06-05 23:24:15,110] {dagbag.py:507} INFO - Filling up the DagBag from /home/gui/Documentos/airflowalura/venv/lib/python3.9/site-packages/airflow/example_dags/example_skip_dag.py
[2023-06-05 23:24:15,122] {processor.py:651} INFO - DAG(s) dict_keys(['example_skip_dag']) retrieved from /home/gui/Documentos/airflowalura/venv/lib/python3.9/site-packages/airflow/example_dags/example_skip_dag.py
[2023-06-05 23:24:15,168] {logging_mixin.py:115} INFO - [2023-06-05 23:24:15,168] {dag.py:2379} INFO - Sync 1 DAGs
[2023-06-05 23:24:15,203] {logging_mixin.py:115} INFO - [2023-06-05 23:24:15,203] {dag.py:2927} INFO - Setting next_dagrun for example_skip_dag to 2023-06-05T02:24:15.203155+00:00, run_after=2023-06-06T02:24:15.203155+00:00
[2023-06-05 23:24:15,444] {processor.py:161} INFO - Processing /home/gui/Documentos/airflowalura/venv/lib/python3.9/site-packages/airflow/example_dags/example_skip_dag.py took 0.343 seconds
[2023-06-05 23:24:59,167] {processor.py:153} INFO - Started process (PID=46135) to work on /home/gui/Documentos/airflowalura/venv/lib/python3.9/site-packages/airflow/example_dags/example_skip_dag.py
[2023-06-05 23:24:59,168] {processor.py:641} INFO - Processing file /home/gui/Documentos/airflowalura/venv/lib/python3.9/site-packages/airflow/example_dags/example_skip_dag.py for tasks to queue
[2023-06-05 23:24:59,169] {logging_mixin.py:115} INFO - [2023-06-05 23:24:59,169] {dagbag.py:507} INFO - Filling up the DagBag from /home/gui/Documentos/airflowalura/venv/lib/python3.9/site-packages/airflow/example_dags/example_skip_dag.py
[2023-06-05 23:24:59,180] {processor.py:651} INFO - DAG(s) dict_keys(['example_skip_dag']) retrieved from /home/gui/Documentos/airflowalura/venv/lib/python3.9/site-packages/airflow/example_dags/example_skip_dag.py
[2023-06-05 23:24:59,216] {logging_mixin.py:115} INFO - [2023-06-05 23:24:59,216] {dag.py:2379} INFO - Sync 1 DAGs
[2023-06-05 23:24:59,247] {logging_mixin.py:115} INFO - [2023-06-05 23:24:59,247] {dag.py:2927} INFO - Setting next_dagrun for example_skip_dag to 2023-06-05T02:24:59.247273+00:00, run_after=2023-06-06T02:24:59.247273+00:00
[2023-06-05 23:24:59,271] {processor.py:161} INFO - Processing /home/gui/Documentos/airflowalura/venv/lib/python3.9/site-packages/airflow/example_dags/example_skip_dag.py took 0.111 seconds
[2023-06-05 23:25:37,287] {processor.py:153} INFO - Started process (PID=46178) to work on /home/gui/Documentos/airflowalura/venv/lib/python3.9/site-packages/airflow/example_dags/example_skip_dag.py
[2023-06-05 23:25:37,288] {processor.py:641} INFO - Processing file /home/gui/Documentos/airflowalura/venv/lib/python3.9/site-packages/airflow/example_dags/example_skip_dag.py for tasks to queue
[2023-06-05 23:25:37,289] {logging_mixin.py:115} INFO - [2023-06-05 23:25:37,289] {dagbag.py:507} INFO - Filling up the DagBag from /home/gui/Documentos/airflowalura/venv/lib/python3.9/site-packages/airflow/example_dags/example_skip_dag.py
[2023-06-05 23:25:37,300] {processor.py:651} INFO - DAG(s) dict_keys(['example_skip_dag']) retrieved from /home/gui/Documentos/airflowalura/venv/lib/python3.9/site-packages/airflow/example_dags/example_skip_dag.py
[2023-06-05 23:25:37,338] {logging_mixin.py:115} INFO - [2023-06-05 23:25:37,337] {dag.py:2379} INFO - Sync 1 DAGs
[2023-06-05 23:25:37,372] {logging_mixin.py:115} INFO - [2023-06-05 23:25:37,372] {dag.py:2927} INFO - Setting next_dagrun for example_skip_dag to 2023-06-05T02:25:37.372072+00:00, run_after=2023-06-06T02:25:37.372072+00:00
[2023-06-05 23:25:37,398] {processor.py:161} INFO - Processing /home/gui/Documentos/airflowalura/venv/lib/python3.9/site-packages/airflow/example_dags/example_skip_dag.py took 0.117 seconds
[2023-06-05 23:26:13,924] {processor.py:153} INFO - Started process (PID=46242) to work on /home/gui/Documentos/airflowalura/venv/lib/python3.9/site-packages/airflow/example_dags/example_skip_dag.py
[2023-06-05 23:26:13,926] {processor.py:641} INFO - Processing file /home/gui/Documentos/airflowalura/venv/lib/python3.9/site-packages/airflow/example_dags/example_skip_dag.py for tasks to queue
[2023-06-05 23:26:13,932] {logging_mixin.py:115} INFO - [2023-06-05 23:26:13,932] {dagbag.py:507} INFO - Filling up the DagBag from /home/gui/Documentos/airflowalura/venv/lib/python3.9/site-packages/airflow/example_dags/example_skip_dag.py
[2023-06-05 23:26:13,950] {processor.py:651} INFO - DAG(s) dict_keys(['example_skip_dag']) retrieved from /home/gui/Documentos/airflowalura/venv/lib/python3.9/site-packages/airflow/example_dags/example_skip_dag.py
[2023-06-05 23:26:13,997] {logging_mixin.py:115} INFO - [2023-06-05 23:26:13,997] {dag.py:2379} INFO - Sync 1 DAGs
[2023-06-05 23:26:14,032] {logging_mixin.py:115} INFO - [2023-06-05 23:26:14,032] {dag.py:2927} INFO - Setting next_dagrun for example_skip_dag to 2023-06-05T02:26:14.031565+00:00, run_after=2023-06-06T02:26:14.031565+00:00
[2023-06-05 23:26:14,158] {processor.py:161} INFO - Processing /home/gui/Documentos/airflowalura/venv/lib/python3.9/site-packages/airflow/example_dags/example_skip_dag.py took 0.242 seconds
[2023-06-05 23:31:03,761] {processor.py:153} INFO - Started process (PID=46721) to work on /home/gui/Documentos/airflowalura/venv/lib/python3.9/site-packages/airflow/example_dags/example_skip_dag.py
[2023-06-05 23:31:03,854] {processor.py:641} INFO - Processing file /home/gui/Documentos/airflowalura/venv/lib/python3.9/site-packages/airflow/example_dags/example_skip_dag.py for tasks to queue
[2023-06-05 23:31:03,855] {logging_mixin.py:115} INFO - [2023-06-05 23:31:03,855] {dagbag.py:507} INFO - Filling up the DagBag from /home/gui/Documentos/airflowalura/venv/lib/python3.9/site-packages/airflow/example_dags/example_skip_dag.py
[2023-06-05 23:31:03,868] {processor.py:651} INFO - DAG(s) dict_keys(['example_skip_dag']) retrieved from /home/gui/Documentos/airflowalura/venv/lib/python3.9/site-packages/airflow/example_dags/example_skip_dag.py
[2023-06-05 23:31:04,182] {logging_mixin.py:115} INFO - [2023-06-05 23:31:04,182] {dag.py:2379} INFO - Sync 1 DAGs
[2023-06-05 23:31:04,266] {logging_mixin.py:115} INFO - [2023-06-05 23:31:04,266] {dag.py:2927} INFO - Setting next_dagrun for example_skip_dag to 2023-06-05T02:31:04.265471+00:00, run_after=2023-06-06T02:31:04.265471+00:00
[2023-06-05 23:31:04,330] {processor.py:161} INFO - Processing /home/gui/Documentos/airflowalura/venv/lib/python3.9/site-packages/airflow/example_dags/example_skip_dag.py took 0.579 seconds
[2023-06-05 23:32:02,342] {processor.py:153} INFO - Started process (PID=47125) to work on /home/gui/Documentos/airflowalura/venv/lib/python3.9/site-packages/airflow/example_dags/example_skip_dag.py
[2023-06-05 23:32:02,347] {processor.py:641} INFO - Processing file /home/gui/Documentos/airflowalura/venv/lib/python3.9/site-packages/airflow/example_dags/example_skip_dag.py for tasks to queue
[2023-06-05 23:32:02,348] {logging_mixin.py:115} INFO - [2023-06-05 23:32:02,348] {dagbag.py:507} INFO - Filling up the DagBag from /home/gui/Documentos/airflowalura/venv/lib/python3.9/site-packages/airflow/example_dags/example_skip_dag.py
[2023-06-05 23:32:02,364] {processor.py:651} INFO - DAG(s) dict_keys(['example_skip_dag']) retrieved from /home/gui/Documentos/airflowalura/venv/lib/python3.9/site-packages/airflow/example_dags/example_skip_dag.py
[2023-06-05 23:32:02,429] {logging_mixin.py:115} INFO - [2023-06-05 23:32:02,429] {dag.py:2379} INFO - Sync 1 DAGs
[2023-06-05 23:32:02,478] {logging_mixin.py:115} INFO - [2023-06-05 23:32:02,478] {dag.py:2927} INFO - Setting next_dagrun for example_skip_dag to 2023-06-05T02:32:02.478146+00:00, run_after=2023-06-06T02:32:02.478146+00:00
[2023-06-05 23:32:02,577] {processor.py:161} INFO - Processing /home/gui/Documentos/airflowalura/venv/lib/python3.9/site-packages/airflow/example_dags/example_skip_dag.py took 0.247 seconds
[2023-06-05 23:32:48,164] {processor.py:153} INFO - Started process (PID=47780) to work on /home/gui/Documentos/airflowalura/venv/lib/python3.9/site-packages/airflow/example_dags/example_skip_dag.py
[2023-06-05 23:32:48,238] {processor.py:641} INFO - Processing file /home/gui/Documentos/airflowalura/venv/lib/python3.9/site-packages/airflow/example_dags/example_skip_dag.py for tasks to queue
[2023-06-05 23:32:48,240] {logging_mixin.py:115} INFO - [2023-06-05 23:32:48,239] {dagbag.py:507} INFO - Filling up the DagBag from /home/gui/Documentos/airflowalura/venv/lib/python3.9/site-packages/airflow/example_dags/example_skip_dag.py
[2023-06-05 23:32:48,254] {processor.py:651} INFO - DAG(s) dict_keys(['example_skip_dag']) retrieved from /home/gui/Documentos/airflowalura/venv/lib/python3.9/site-packages/airflow/example_dags/example_skip_dag.py
[2023-06-05 23:32:48,434] {logging_mixin.py:115} INFO - [2023-06-05 23:32:48,434] {dag.py:2379} INFO - Sync 1 DAGs
[2023-06-05 23:32:48,504] {logging_mixin.py:115} INFO - [2023-06-05 23:32:48,504] {dag.py:2927} INFO - Setting next_dagrun for example_skip_dag to 2023-06-05T02:32:48.503782+00:00, run_after=2023-06-06T02:32:48.503782+00:00
[2023-06-05 23:32:48,546] {processor.py:161} INFO - Processing /home/gui/Documentos/airflowalura/venv/lib/python3.9/site-packages/airflow/example_dags/example_skip_dag.py took 0.388 seconds
[2023-06-05 23:33:32,190] {processor.py:153} INFO - Started process (PID=48440) to work on /home/gui/Documentos/airflowalura/venv/lib/python3.9/site-packages/airflow/example_dags/example_skip_dag.py
[2023-06-05 23:33:32,195] {processor.py:641} INFO - Processing file /home/gui/Documentos/airflowalura/venv/lib/python3.9/site-packages/airflow/example_dags/example_skip_dag.py for tasks to queue
[2023-06-05 23:33:32,196] {logging_mixin.py:115} INFO - [2023-06-05 23:33:32,196] {dagbag.py:507} INFO - Filling up the DagBag from /home/gui/Documentos/airflowalura/venv/lib/python3.9/site-packages/airflow/example_dags/example_skip_dag.py
[2023-06-05 23:33:32,227] {processor.py:651} INFO - DAG(s) dict_keys(['example_skip_dag']) retrieved from /home/gui/Documentos/airflowalura/venv/lib/python3.9/site-packages/airflow/example_dags/example_skip_dag.py
[2023-06-05 23:33:32,284] {logging_mixin.py:115} INFO - [2023-06-05 23:33:32,284] {dag.py:2379} INFO - Sync 1 DAGs
[2023-06-05 23:33:32,337] {logging_mixin.py:115} INFO - [2023-06-05 23:33:32,337] {dag.py:2927} INFO - Setting next_dagrun for example_skip_dag to 2023-06-05T02:33:32.337327+00:00, run_after=2023-06-06T02:33:32.337327+00:00
[2023-06-05 23:33:32,382] {processor.py:161} INFO - Processing /home/gui/Documentos/airflowalura/venv/lib/python3.9/site-packages/airflow/example_dags/example_skip_dag.py took 0.207 seconds
[2023-06-05 23:34:11,698] {processor.py:153} INFO - Started process (PID=49027) to work on /home/gui/Documentos/airflowalura/venv/lib/python3.9/site-packages/airflow/example_dags/example_skip_dag.py
[2023-06-05 23:34:11,700] {processor.py:641} INFO - Processing file /home/gui/Documentos/airflowalura/venv/lib/python3.9/site-packages/airflow/example_dags/example_skip_dag.py for tasks to queue
[2023-06-05 23:34:11,702] {logging_mixin.py:115} INFO - [2023-06-05 23:34:11,701] {dagbag.py:507} INFO - Filling up the DagBag from /home/gui/Documentos/airflowalura/venv/lib/python3.9/site-packages/airflow/example_dags/example_skip_dag.py
[2023-06-05 23:34:11,729] {processor.py:651} INFO - DAG(s) dict_keys(['example_skip_dag']) retrieved from /home/gui/Documentos/airflowalura/venv/lib/python3.9/site-packages/airflow/example_dags/example_skip_dag.py
[2023-06-05 23:34:11,810] {logging_mixin.py:115} INFO - [2023-06-05 23:34:11,808] {dag.py:2379} INFO - Sync 1 DAGs
[2023-06-05 23:34:11,880] {logging_mixin.py:115} INFO - [2023-06-05 23:34:11,879] {dag.py:2927} INFO - Setting next_dagrun for example_skip_dag to 2023-06-05T02:34:11.879238+00:00, run_after=2023-06-06T02:34:11.879238+00:00
[2023-06-05 23:34:11,991] {processor.py:161} INFO - Processing /home/gui/Documentos/airflowalura/venv/lib/python3.9/site-packages/airflow/example_dags/example_skip_dag.py took 0.310 seconds
[2023-06-05 23:34:52,327] {processor.py:153} INFO - Started process (PID=49508) to work on /home/gui/Documentos/airflowalura/venv/lib/python3.9/site-packages/airflow/example_dags/example_skip_dag.py
[2023-06-05 23:34:52,328] {processor.py:641} INFO - Processing file /home/gui/Documentos/airflowalura/venv/lib/python3.9/site-packages/airflow/example_dags/example_skip_dag.py for tasks to queue
[2023-06-05 23:34:52,329] {logging_mixin.py:115} INFO - [2023-06-05 23:34:52,329] {dagbag.py:507} INFO - Filling up the DagBag from /home/gui/Documentos/airflowalura/venv/lib/python3.9/site-packages/airflow/example_dags/example_skip_dag.py
[2023-06-05 23:34:52,348] {processor.py:651} INFO - DAG(s) dict_keys(['example_skip_dag']) retrieved from /home/gui/Documentos/airflowalura/venv/lib/python3.9/site-packages/airflow/example_dags/example_skip_dag.py
[2023-06-05 23:34:52,391] {logging_mixin.py:115} INFO - [2023-06-05 23:34:52,391] {dag.py:2379} INFO - Sync 1 DAGs
[2023-06-05 23:34:52,433] {logging_mixin.py:115} INFO - [2023-06-05 23:34:52,433] {dag.py:2927} INFO - Setting next_dagrun for example_skip_dag to 2023-06-05T02:34:52.432804+00:00, run_after=2023-06-06T02:34:52.432804+00:00
[2023-06-05 23:34:52,900] {processor.py:161} INFO - Processing /home/gui/Documentos/airflowalura/venv/lib/python3.9/site-packages/airflow/example_dags/example_skip_dag.py took 0.583 seconds
[2023-06-05 23:35:30,612] {processor.py:153} INFO - Started process (PID=49573) to work on /home/gui/Documentos/airflowalura/venv/lib/python3.9/site-packages/airflow/example_dags/example_skip_dag.py
[2023-06-05 23:35:30,616] {processor.py:641} INFO - Processing file /home/gui/Documentos/airflowalura/venv/lib/python3.9/site-packages/airflow/example_dags/example_skip_dag.py for tasks to queue
[2023-06-05 23:35:30,617] {logging_mixin.py:115} INFO - [2023-06-05 23:35:30,617] {dagbag.py:507} INFO - Filling up the DagBag from /home/gui/Documentos/airflowalura/venv/lib/python3.9/site-packages/airflow/example_dags/example_skip_dag.py
[2023-06-05 23:35:30,636] {processor.py:651} INFO - DAG(s) dict_keys(['example_skip_dag']) retrieved from /home/gui/Documentos/airflowalura/venv/lib/python3.9/site-packages/airflow/example_dags/example_skip_dag.py
[2023-06-05 23:35:30,687] {logging_mixin.py:115} INFO - [2023-06-05 23:35:30,687] {dag.py:2379} INFO - Sync 1 DAGs
[2023-06-05 23:35:30,735] {logging_mixin.py:115} INFO - [2023-06-05 23:35:30,734] {dag.py:2927} INFO - Setting next_dagrun for example_skip_dag to 2023-06-05T02:35:30.734123+00:00, run_after=2023-06-06T02:35:30.734123+00:00
[2023-06-05 23:35:30,779] {processor.py:161} INFO - Processing /home/gui/Documentos/airflowalura/venv/lib/python3.9/site-packages/airflow/example_dags/example_skip_dag.py took 0.184 seconds
[2023-06-05 23:36:18,754] {processor.py:153} INFO - Started process (PID=49637) to work on /home/gui/Documentos/airflowalura/venv/lib/python3.9/site-packages/airflow/example_dags/example_skip_dag.py
[2023-06-05 23:36:19,063] {processor.py:641} INFO - Processing file /home/gui/Documentos/airflowalura/venv/lib/python3.9/site-packages/airflow/example_dags/example_skip_dag.py for tasks to queue
[2023-06-05 23:36:19,064] {logging_mixin.py:115} INFO - [2023-06-05 23:36:19,064] {dagbag.py:507} INFO - Filling up the DagBag from /home/gui/Documentos/airflowalura/venv/lib/python3.9/site-packages/airflow/example_dags/example_skip_dag.py
[2023-06-05 23:36:19,077] {processor.py:651} INFO - DAG(s) dict_keys(['example_skip_dag']) retrieved from /home/gui/Documentos/airflowalura/venv/lib/python3.9/site-packages/airflow/example_dags/example_skip_dag.py
[2023-06-05 23:36:19,226] {logging_mixin.py:115} INFO - [2023-06-05 23:36:19,226] {dag.py:2379} INFO - Sync 1 DAGs
[2023-06-05 23:36:19,267] {logging_mixin.py:115} INFO - [2023-06-05 23:36:19,267] {dag.py:2927} INFO - Setting next_dagrun for example_skip_dag to 2023-06-05T02:36:19.266996+00:00, run_after=2023-06-06T02:36:19.266996+00:00
[2023-06-05 23:36:19,319] {processor.py:161} INFO - Processing /home/gui/Documentos/airflowalura/venv/lib/python3.9/site-packages/airflow/example_dags/example_skip_dag.py took 0.571 seconds
[2023-06-05 23:37:04,718] {processor.py:153} INFO - Started process (PID=49745) to work on /home/gui/Documentos/airflowalura/venv/lib/python3.9/site-packages/airflow/example_dags/example_skip_dag.py
[2023-06-05 23:37:04,723] {processor.py:641} INFO - Processing file /home/gui/Documentos/airflowalura/venv/lib/python3.9/site-packages/airflow/example_dags/example_skip_dag.py for tasks to queue
[2023-06-05 23:37:04,724] {logging_mixin.py:115} INFO - [2023-06-05 23:37:04,724] {dagbag.py:507} INFO - Filling up the DagBag from /home/gui/Documentos/airflowalura/venv/lib/python3.9/site-packages/airflow/example_dags/example_skip_dag.py
[2023-06-05 23:37:04,736] {processor.py:651} INFO - DAG(s) dict_keys(['example_skip_dag']) retrieved from /home/gui/Documentos/airflowalura/venv/lib/python3.9/site-packages/airflow/example_dags/example_skip_dag.py
[2023-06-05 23:37:04,793] {logging_mixin.py:115} INFO - [2023-06-05 23:37:04,793] {dag.py:2379} INFO - Sync 1 DAGs
[2023-06-05 23:37:04,836] {logging_mixin.py:115} INFO - [2023-06-05 23:37:04,836] {dag.py:2927} INFO - Setting next_dagrun for example_skip_dag to 2023-06-05T02:37:04.836224+00:00, run_after=2023-06-06T02:37:04.836224+00:00
[2023-06-05 23:37:04,893] {processor.py:161} INFO - Processing /home/gui/Documentos/airflowalura/venv/lib/python3.9/site-packages/airflow/example_dags/example_skip_dag.py took 0.183 seconds
[2023-06-05 23:37:45,193] {processor.py:153} INFO - Started process (PID=49836) to work on /home/gui/Documentos/airflowalura/venv/lib/python3.9/site-packages/airflow/example_dags/example_skip_dag.py
[2023-06-05 23:37:45,194] {processor.py:641} INFO - Processing file /home/gui/Documentos/airflowalura/venv/lib/python3.9/site-packages/airflow/example_dags/example_skip_dag.py for tasks to queue
[2023-06-05 23:37:45,195] {logging_mixin.py:115} INFO - [2023-06-05 23:37:45,194] {dagbag.py:507} INFO - Filling up the DagBag from /home/gui/Documentos/airflowalura/venv/lib/python3.9/site-packages/airflow/example_dags/example_skip_dag.py
[2023-06-05 23:37:45,208] {processor.py:651} INFO - DAG(s) dict_keys(['example_skip_dag']) retrieved from /home/gui/Documentos/airflowalura/venv/lib/python3.9/site-packages/airflow/example_dags/example_skip_dag.py
[2023-06-05 23:37:45,260] {logging_mixin.py:115} INFO - [2023-06-05 23:37:45,260] {dag.py:2379} INFO - Sync 1 DAGs
[2023-06-05 23:37:45,300] {logging_mixin.py:115} INFO - [2023-06-05 23:37:45,300] {dag.py:2927} INFO - Setting next_dagrun for example_skip_dag to 2023-06-05T02:37:45.300210+00:00, run_after=2023-06-06T02:37:45.300210+00:00
[2023-06-05 23:37:45,336] {processor.py:161} INFO - Processing /home/gui/Documentos/airflowalura/venv/lib/python3.9/site-packages/airflow/example_dags/example_skip_dag.py took 0.153 seconds
[2023-06-05 23:38:27,898] {processor.py:153} INFO - Started process (PID=49934) to work on /home/gui/Documentos/airflowalura/venv/lib/python3.9/site-packages/airflow/example_dags/example_skip_dag.py
[2023-06-05 23:38:27,899] {processor.py:641} INFO - Processing file /home/gui/Documentos/airflowalura/venv/lib/python3.9/site-packages/airflow/example_dags/example_skip_dag.py for tasks to queue
[2023-06-05 23:38:27,900] {logging_mixin.py:115} INFO - [2023-06-05 23:38:27,900] {dagbag.py:507} INFO - Filling up the DagBag from /home/gui/Documentos/airflowalura/venv/lib/python3.9/site-packages/airflow/example_dags/example_skip_dag.py
[2023-06-05 23:38:27,915] {processor.py:651} INFO - DAG(s) dict_keys(['example_skip_dag']) retrieved from /home/gui/Documentos/airflowalura/venv/lib/python3.9/site-packages/airflow/example_dags/example_skip_dag.py
[2023-06-05 23:38:27,948] {logging_mixin.py:115} INFO - [2023-06-05 23:38:27,948] {dag.py:2379} INFO - Sync 1 DAGs
[2023-06-05 23:38:27,983] {logging_mixin.py:115} INFO - [2023-06-05 23:38:27,982] {dag.py:2927} INFO - Setting next_dagrun for example_skip_dag to 2023-06-05T02:38:27.982317+00:00, run_after=2023-06-06T02:38:27.982317+00:00
[2023-06-05 23:38:28,007] {processor.py:161} INFO - Processing /home/gui/Documentos/airflowalura/venv/lib/python3.9/site-packages/airflow/example_dags/example_skip_dag.py took 0.118 seconds
[2023-06-05 23:39:09,172] {processor.py:153} INFO - Started process (PID=50002) to work on /home/gui/Documentos/airflowalura/venv/lib/python3.9/site-packages/airflow/example_dags/example_skip_dag.py
[2023-06-05 23:39:09,173] {processor.py:641} INFO - Processing file /home/gui/Documentos/airflowalura/venv/lib/python3.9/site-packages/airflow/example_dags/example_skip_dag.py for tasks to queue
[2023-06-05 23:39:09,175] {logging_mixin.py:115} INFO - [2023-06-05 23:39:09,175] {dagbag.py:507} INFO - Filling up the DagBag from /home/gui/Documentos/airflowalura/venv/lib/python3.9/site-packages/airflow/example_dags/example_skip_dag.py
[2023-06-05 23:39:09,194] {processor.py:651} INFO - DAG(s) dict_keys(['example_skip_dag']) retrieved from /home/gui/Documentos/airflowalura/venv/lib/python3.9/site-packages/airflow/example_dags/example_skip_dag.py
[2023-06-05 23:39:09,242] {logging_mixin.py:115} INFO - [2023-06-05 23:39:09,242] {dag.py:2379} INFO - Sync 1 DAGs
[2023-06-05 23:39:09,274] {logging_mixin.py:115} INFO - [2023-06-05 23:39:09,274] {dag.py:2927} INFO - Setting next_dagrun for example_skip_dag to 2023-06-05T02:39:09.273735+00:00, run_after=2023-06-06T02:39:09.273735+00:00
[2023-06-05 23:39:09,307] {processor.py:161} INFO - Processing /home/gui/Documentos/airflowalura/venv/lib/python3.9/site-packages/airflow/example_dags/example_skip_dag.py took 0.149 seconds
[2023-06-05 23:39:47,542] {processor.py:153} INFO - Started process (PID=50071) to work on /home/gui/Documentos/airflowalura/venv/lib/python3.9/site-packages/airflow/example_dags/example_skip_dag.py
[2023-06-05 23:39:47,547] {processor.py:641} INFO - Processing file /home/gui/Documentos/airflowalura/venv/lib/python3.9/site-packages/airflow/example_dags/example_skip_dag.py for tasks to queue
[2023-06-05 23:39:47,548] {logging_mixin.py:115} INFO - [2023-06-05 23:39:47,548] {dagbag.py:507} INFO - Filling up the DagBag from /home/gui/Documentos/airflowalura/venv/lib/python3.9/site-packages/airflow/example_dags/example_skip_dag.py
[2023-06-05 23:39:47,564] {processor.py:651} INFO - DAG(s) dict_keys(['example_skip_dag']) retrieved from /home/gui/Documentos/airflowalura/venv/lib/python3.9/site-packages/airflow/example_dags/example_skip_dag.py
[2023-06-05 23:39:47,631] {logging_mixin.py:115} INFO - [2023-06-05 23:39:47,630] {dag.py:2379} INFO - Sync 1 DAGs
[2023-06-05 23:39:47,677] {logging_mixin.py:115} INFO - [2023-06-05 23:39:47,677] {dag.py:2927} INFO - Setting next_dagrun for example_skip_dag to 2023-06-05T02:39:47.676726+00:00, run_after=2023-06-06T02:39:47.676726+00:00
[2023-06-05 23:39:47,704] {processor.py:161} INFO - Processing /home/gui/Documentos/airflowalura/venv/lib/python3.9/site-packages/airflow/example_dags/example_skip_dag.py took 0.174 seconds
[2023-06-05 23:40:26,933] {processor.py:153} INFO - Started process (PID=50390) to work on /home/gui/Documentos/airflowalura/venv/lib/python3.9/site-packages/airflow/example_dags/example_skip_dag.py
[2023-06-05 23:40:26,934] {processor.py:641} INFO - Processing file /home/gui/Documentos/airflowalura/venv/lib/python3.9/site-packages/airflow/example_dags/example_skip_dag.py for tasks to queue
[2023-06-05 23:40:26,936] {logging_mixin.py:115} INFO - [2023-06-05 23:40:26,936] {dagbag.py:507} INFO - Filling up the DagBag from /home/gui/Documentos/airflowalura/venv/lib/python3.9/site-packages/airflow/example_dags/example_skip_dag.py
[2023-06-05 23:40:26,948] {processor.py:651} INFO - DAG(s) dict_keys(['example_skip_dag']) retrieved from /home/gui/Documentos/airflowalura/venv/lib/python3.9/site-packages/airflow/example_dags/example_skip_dag.py
[2023-06-05 23:40:26,982] {logging_mixin.py:115} INFO - [2023-06-05 23:40:26,982] {dag.py:2379} INFO - Sync 1 DAGs
[2023-06-05 23:40:27,011] {logging_mixin.py:115} INFO - [2023-06-05 23:40:27,011] {dag.py:2927} INFO - Setting next_dagrun for example_skip_dag to 2023-06-05T02:40:27.010712+00:00, run_after=2023-06-06T02:40:27.010712+00:00
[2023-06-05 23:40:27,039] {processor.py:161} INFO - Processing /home/gui/Documentos/airflowalura/venv/lib/python3.9/site-packages/airflow/example_dags/example_skip_dag.py took 0.116 seconds
[2023-06-05 23:41:17,530] {processor.py:153} INFO - Started process (PID=50711) to work on /home/gui/Documentos/airflowalura/venv/lib/python3.9/site-packages/airflow/example_dags/example_skip_dag.py
[2023-06-05 23:41:17,561] {processor.py:641} INFO - Processing file /home/gui/Documentos/airflowalura/venv/lib/python3.9/site-packages/airflow/example_dags/example_skip_dag.py for tasks to queue
[2023-06-05 23:41:17,562] {logging_mixin.py:115} INFO - [2023-06-05 23:41:17,562] {dagbag.py:507} INFO - Filling up the DagBag from /home/gui/Documentos/airflowalura/venv/lib/python3.9/site-packages/airflow/example_dags/example_skip_dag.py
[2023-06-05 23:41:17,579] {processor.py:651} INFO - DAG(s) dict_keys(['example_skip_dag']) retrieved from /home/gui/Documentos/airflowalura/venv/lib/python3.9/site-packages/airflow/example_dags/example_skip_dag.py
[2023-06-05 23:41:17,625] {logging_mixin.py:115} INFO - [2023-06-05 23:41:17,625] {dag.py:2379} INFO - Sync 1 DAGs
[2023-06-05 23:41:17,664] {logging_mixin.py:115} INFO - [2023-06-05 23:41:17,664] {dag.py:2927} INFO - Setting next_dagrun for example_skip_dag to 2023-06-05T02:41:17.664133+00:00, run_after=2023-06-06T02:41:17.664133+00:00
[2023-06-05 23:41:17,900] {processor.py:161} INFO - Processing /home/gui/Documentos/airflowalura/venv/lib/python3.9/site-packages/airflow/example_dags/example_skip_dag.py took 0.377 seconds
[2023-06-05 23:41:55,880] {processor.py:153} INFO - Started process (PID=50784) to work on /home/gui/Documentos/airflowalura/venv/lib/python3.9/site-packages/airflow/example_dags/example_skip_dag.py
[2023-06-05 23:41:55,883] {processor.py:641} INFO - Processing file /home/gui/Documentos/airflowalura/venv/lib/python3.9/site-packages/airflow/example_dags/example_skip_dag.py for tasks to queue
[2023-06-05 23:41:55,884] {logging_mixin.py:115} INFO - [2023-06-05 23:41:55,884] {dagbag.py:507} INFO - Filling up the DagBag from /home/gui/Documentos/airflowalura/venv/lib/python3.9/site-packages/airflow/example_dags/example_skip_dag.py
[2023-06-05 23:41:55,899] {processor.py:651} INFO - DAG(s) dict_keys(['example_skip_dag']) retrieved from /home/gui/Documentos/airflowalura/venv/lib/python3.9/site-packages/airflow/example_dags/example_skip_dag.py
[2023-06-05 23:41:55,948] {logging_mixin.py:115} INFO - [2023-06-05 23:41:55,948] {dag.py:2379} INFO - Sync 1 DAGs
[2023-06-05 23:41:55,992] {logging_mixin.py:115} INFO - [2023-06-05 23:41:55,991] {dag.py:2927} INFO - Setting next_dagrun for example_skip_dag to 2023-06-05T02:41:55.991520+00:00, run_after=2023-06-06T02:41:55.991520+00:00
[2023-06-05 23:41:56,016] {processor.py:161} INFO - Processing /home/gui/Documentos/airflowalura/venv/lib/python3.9/site-packages/airflow/example_dags/example_skip_dag.py took 0.145 seconds
