[2023-06-05 23:02:10,043] {processor.py:153} INFO - Started process (PID=44512) to work on /home/gui/Documentos/airflowalura/venv/lib/python3.9/site-packages/airflow/example_dags/example_task_group.py
[2023-06-05 23:02:10,044] {processor.py:641} INFO - Processing file /home/gui/Documentos/airflowalura/venv/lib/python3.9/site-packages/airflow/example_dags/example_task_group.py for tasks to queue
[2023-06-05 23:02:10,045] {logging_mixin.py:115} INFO - [2023-06-05 23:02:10,045] {dagbag.py:507} INFO - Filling up the DagBag from /home/gui/Documentos/airflowalura/venv/lib/python3.9/site-packages/airflow/example_dags/example_task_group.py
[2023-06-05 23:02:10,057] {processor.py:651} INFO - DAG(s) dict_keys(['example_task_group']) retrieved from /home/gui/Documentos/airflowalura/venv/lib/python3.9/site-packages/airflow/example_dags/example_task_group.py
[2023-06-05 23:02:10,171] {logging_mixin.py:115} INFO - [2023-06-05 23:02:10,171] {manager.py:508} INFO - Created Permission View: can read on DAG:example_task_group
[2023-06-05 23:02:10,183] {logging_mixin.py:115} INFO - [2023-06-05 23:02:10,183] {manager.py:508} INFO - Created Permission View: can edit on DAG:example_task_group
[2023-06-05 23:02:10,195] {logging_mixin.py:115} INFO - [2023-06-05 23:02:10,195] {manager.py:508} INFO - Created Permission View: can delete on DAG:example_task_group
[2023-06-05 23:02:10,195] {logging_mixin.py:115} INFO - [2023-06-05 23:02:10,195] {dag.py:2379} INFO - Sync 1 DAGs
[2023-06-05 23:02:10,210] {logging_mixin.py:115} INFO - [2023-06-05 23:02:10,210] {dag.py:2398} INFO - Creating ORM DAG for example_task_group
[2023-06-05 23:02:10,223] {logging_mixin.py:115} INFO - [2023-06-05 23:02:10,222] {dag.py:2927} INFO - Setting next_dagrun for example_task_group to 2023-06-05T02:02:10.222432+00:00, run_after=2023-06-06T02:02:10.222432+00:00
[2023-06-05 23:02:10,246] {processor.py:161} INFO - Processing /home/gui/Documentos/airflowalura/venv/lib/python3.9/site-packages/airflow/example_dags/example_task_group.py took 0.209 seconds
[2023-06-05 23:05:19,363] {processor.py:153} INFO - Started process (PID=44961) to work on /home/gui/Documentos/airflowalura/venv/lib/python3.9/site-packages/airflow/example_dags/example_task_group.py
[2023-06-05 23:05:19,364] {processor.py:641} INFO - Processing file /home/gui/Documentos/airflowalura/venv/lib/python3.9/site-packages/airflow/example_dags/example_task_group.py for tasks to queue
[2023-06-05 23:05:19,365] {logging_mixin.py:115} INFO - [2023-06-05 23:05:19,365] {dagbag.py:507} INFO - Filling up the DagBag from /home/gui/Documentos/airflowalura/venv/lib/python3.9/site-packages/airflow/example_dags/example_task_group.py
[2023-06-05 23:05:19,380] {processor.py:651} INFO - DAG(s) dict_keys(['example_task_group']) retrieved from /home/gui/Documentos/airflowalura/venv/lib/python3.9/site-packages/airflow/example_dags/example_task_group.py
[2023-06-05 23:05:19,409] {logging_mixin.py:115} INFO - [2023-06-05 23:05:19,409] {dag.py:2379} INFO - Sync 1 DAGs
[2023-06-05 23:05:19,436] {logging_mixin.py:115} INFO - [2023-06-05 23:05:19,436] {dag.py:2927} INFO - Setting next_dagrun for example_task_group to 2023-06-05T02:05:19.435884+00:00, run_after=2023-06-06T02:05:19.435884+00:00
[2023-06-05 23:05:19,455] {processor.py:161} INFO - Processing /home/gui/Documentos/airflowalura/venv/lib/python3.9/site-packages/airflow/example_dags/example_task_group.py took 0.099 seconds
[2023-06-05 23:05:58,858] {processor.py:153} INFO - Started process (PID=45000) to work on /home/gui/Documentos/airflowalura/venv/lib/python3.9/site-packages/airflow/example_dags/example_task_group.py
[2023-06-05 23:05:58,859] {processor.py:641} INFO - Processing file /home/gui/Documentos/airflowalura/venv/lib/python3.9/site-packages/airflow/example_dags/example_task_group.py for tasks to queue
[2023-06-05 23:05:58,860] {logging_mixin.py:115} INFO - [2023-06-05 23:05:58,860] {dagbag.py:507} INFO - Filling up the DagBag from /home/gui/Documentos/airflowalura/venv/lib/python3.9/site-packages/airflow/example_dags/example_task_group.py
[2023-06-05 23:05:58,872] {processor.py:651} INFO - DAG(s) dict_keys(['example_task_group']) retrieved from /home/gui/Documentos/airflowalura/venv/lib/python3.9/site-packages/airflow/example_dags/example_task_group.py
[2023-06-05 23:05:58,901] {logging_mixin.py:115} INFO - [2023-06-05 23:05:58,900] {dag.py:2379} INFO - Sync 1 DAGs
[2023-06-05 23:05:58,929] {logging_mixin.py:115} INFO - [2023-06-05 23:05:58,929] {dag.py:2927} INFO - Setting next_dagrun for example_task_group to 2023-06-05T02:05:58.929379+00:00, run_after=2023-06-06T02:05:58.929379+00:00
[2023-06-05 23:05:58,947] {processor.py:161} INFO - Processing /home/gui/Documentos/airflowalura/venv/lib/python3.9/site-packages/airflow/example_dags/example_task_group.py took 0.095 seconds
[2023-06-05 23:06:35,637] {processor.py:153} INFO - Started process (PID=45034) to work on /home/gui/Documentos/airflowalura/venv/lib/python3.9/site-packages/airflow/example_dags/example_task_group.py
[2023-06-05 23:06:35,638] {processor.py:641} INFO - Processing file /home/gui/Documentos/airflowalura/venv/lib/python3.9/site-packages/airflow/example_dags/example_task_group.py for tasks to queue
[2023-06-05 23:06:35,639] {logging_mixin.py:115} INFO - [2023-06-05 23:06:35,639] {dagbag.py:507} INFO - Filling up the DagBag from /home/gui/Documentos/airflowalura/venv/lib/python3.9/site-packages/airflow/example_dags/example_task_group.py
[2023-06-05 23:06:35,652] {processor.py:651} INFO - DAG(s) dict_keys(['example_task_group']) retrieved from /home/gui/Documentos/airflowalura/venv/lib/python3.9/site-packages/airflow/example_dags/example_task_group.py
[2023-06-05 23:06:35,680] {logging_mixin.py:115} INFO - [2023-06-05 23:06:35,680] {dag.py:2379} INFO - Sync 1 DAGs
[2023-06-05 23:06:35,706] {logging_mixin.py:115} INFO - [2023-06-05 23:06:35,705] {dag.py:2927} INFO - Setting next_dagrun for example_task_group to 2023-06-05T02:06:35.705518+00:00, run_after=2023-06-06T02:06:35.705518+00:00
[2023-06-05 23:06:35,754] {processor.py:161} INFO - Processing /home/gui/Documentos/airflowalura/venv/lib/python3.9/site-packages/airflow/example_dags/example_task_group.py took 0.123 seconds
[2023-06-05 23:07:14,027] {processor.py:153} INFO - Started process (PID=45089) to work on /home/gui/Documentos/airflowalura/venv/lib/python3.9/site-packages/airflow/example_dags/example_task_group.py
[2023-06-05 23:07:14,029] {processor.py:641} INFO - Processing file /home/gui/Documentos/airflowalura/venv/lib/python3.9/site-packages/airflow/example_dags/example_task_group.py for tasks to queue
[2023-06-05 23:07:14,030] {logging_mixin.py:115} INFO - [2023-06-05 23:07:14,029] {dagbag.py:507} INFO - Filling up the DagBag from /home/gui/Documentos/airflowalura/venv/lib/python3.9/site-packages/airflow/example_dags/example_task_group.py
[2023-06-05 23:07:14,043] {processor.py:651} INFO - DAG(s) dict_keys(['example_task_group']) retrieved from /home/gui/Documentos/airflowalura/venv/lib/python3.9/site-packages/airflow/example_dags/example_task_group.py
[2023-06-05 23:07:14,071] {logging_mixin.py:115} INFO - [2023-06-05 23:07:14,071] {dag.py:2379} INFO - Sync 1 DAGs
[2023-06-05 23:07:14,099] {logging_mixin.py:115} INFO - [2023-06-05 23:07:14,099] {dag.py:2927} INFO - Setting next_dagrun for example_task_group to 2023-06-05T02:07:14.099011+00:00, run_after=2023-06-06T02:07:14.099011+00:00
[2023-06-05 23:07:14,158] {processor.py:161} INFO - Processing /home/gui/Documentos/airflowalura/venv/lib/python3.9/site-packages/airflow/example_dags/example_task_group.py took 0.136 seconds
[2023-06-05 23:07:53,467] {processor.py:153} INFO - Started process (PID=45129) to work on /home/gui/Documentos/airflowalura/venv/lib/python3.9/site-packages/airflow/example_dags/example_task_group.py
[2023-06-05 23:07:53,468] {processor.py:641} INFO - Processing file /home/gui/Documentos/airflowalura/venv/lib/python3.9/site-packages/airflow/example_dags/example_task_group.py for tasks to queue
[2023-06-05 23:07:53,470] {logging_mixin.py:115} INFO - [2023-06-05 23:07:53,469] {dagbag.py:507} INFO - Filling up the DagBag from /home/gui/Documentos/airflowalura/venv/lib/python3.9/site-packages/airflow/example_dags/example_task_group.py
[2023-06-05 23:07:53,487] {processor.py:651} INFO - DAG(s) dict_keys(['example_task_group']) retrieved from /home/gui/Documentos/airflowalura/venv/lib/python3.9/site-packages/airflow/example_dags/example_task_group.py
[2023-06-05 23:07:53,517] {logging_mixin.py:115} INFO - [2023-06-05 23:07:53,517] {dag.py:2379} INFO - Sync 1 DAGs
[2023-06-05 23:07:53,545] {logging_mixin.py:115} INFO - [2023-06-05 23:07:53,545] {dag.py:2927} INFO - Setting next_dagrun for example_task_group to 2023-06-05T02:07:53.545183+00:00, run_after=2023-06-06T02:07:53.545183+00:00
[2023-06-05 23:07:53,563] {processor.py:161} INFO - Processing /home/gui/Documentos/airflowalura/venv/lib/python3.9/site-packages/airflow/example_dags/example_task_group.py took 0.105 seconds
[2023-06-05 23:08:33,430] {processor.py:153} INFO - Started process (PID=45165) to work on /home/gui/Documentos/airflowalura/venv/lib/python3.9/site-packages/airflow/example_dags/example_task_group.py
[2023-06-05 23:08:33,431] {processor.py:641} INFO - Processing file /home/gui/Documentos/airflowalura/venv/lib/python3.9/site-packages/airflow/example_dags/example_task_group.py for tasks to queue
[2023-06-05 23:08:33,432] {logging_mixin.py:115} INFO - [2023-06-05 23:08:33,432] {dagbag.py:507} INFO - Filling up the DagBag from /home/gui/Documentos/airflowalura/venv/lib/python3.9/site-packages/airflow/example_dags/example_task_group.py
[2023-06-05 23:08:33,445] {processor.py:651} INFO - DAG(s) dict_keys(['example_task_group']) retrieved from /home/gui/Documentos/airflowalura/venv/lib/python3.9/site-packages/airflow/example_dags/example_task_group.py
[2023-06-05 23:08:33,474] {logging_mixin.py:115} INFO - [2023-06-05 23:08:33,474] {dag.py:2379} INFO - Sync 1 DAGs
[2023-06-05 23:08:33,501] {logging_mixin.py:115} INFO - [2023-06-05 23:08:33,501] {dag.py:2927} INFO - Setting next_dagrun for example_task_group to 2023-06-05T02:08:33.501316+00:00, run_after=2023-06-06T02:08:33.501316+00:00
[2023-06-05 23:08:33,519] {processor.py:161} INFO - Processing /home/gui/Documentos/airflowalura/venv/lib/python3.9/site-packages/airflow/example_dags/example_task_group.py took 0.094 seconds
[2023-06-05 23:09:14,341] {processor.py:153} INFO - Started process (PID=45199) to work on /home/gui/Documentos/airflowalura/venv/lib/python3.9/site-packages/airflow/example_dags/example_task_group.py
[2023-06-05 23:09:14,343] {processor.py:641} INFO - Processing file /home/gui/Documentos/airflowalura/venv/lib/python3.9/site-packages/airflow/example_dags/example_task_group.py for tasks to queue
[2023-06-05 23:09:14,344] {logging_mixin.py:115} INFO - [2023-06-05 23:09:14,344] {dagbag.py:507} INFO - Filling up the DagBag from /home/gui/Documentos/airflowalura/venv/lib/python3.9/site-packages/airflow/example_dags/example_task_group.py
[2023-06-05 23:09:14,361] {processor.py:651} INFO - DAG(s) dict_keys(['example_task_group']) retrieved from /home/gui/Documentos/airflowalura/venv/lib/python3.9/site-packages/airflow/example_dags/example_task_group.py
[2023-06-05 23:09:14,393] {logging_mixin.py:115} INFO - [2023-06-05 23:09:14,393] {dag.py:2379} INFO - Sync 1 DAGs
[2023-06-05 23:09:14,423] {logging_mixin.py:115} INFO - [2023-06-05 23:09:14,423] {dag.py:2927} INFO - Setting next_dagrun for example_task_group to 2023-06-05T02:09:14.422875+00:00, run_after=2023-06-06T02:09:14.422875+00:00
[2023-06-05 23:09:14,549] {processor.py:161} INFO - Processing /home/gui/Documentos/airflowalura/venv/lib/python3.9/site-packages/airflow/example_dags/example_task_group.py took 0.216 seconds
[2023-06-05 23:09:53,001] {processor.py:153} INFO - Started process (PID=45233) to work on /home/gui/Documentos/airflowalura/venv/lib/python3.9/site-packages/airflow/example_dags/example_task_group.py
[2023-06-05 23:09:53,004] {processor.py:641} INFO - Processing file /home/gui/Documentos/airflowalura/venv/lib/python3.9/site-packages/airflow/example_dags/example_task_group.py for tasks to queue
[2023-06-05 23:09:53,005] {logging_mixin.py:115} INFO - [2023-06-05 23:09:53,005] {dagbag.py:507} INFO - Filling up the DagBag from /home/gui/Documentos/airflowalura/venv/lib/python3.9/site-packages/airflow/example_dags/example_task_group.py
[2023-06-05 23:09:53,027] {processor.py:651} INFO - DAG(s) dict_keys(['example_task_group']) retrieved from /home/gui/Documentos/airflowalura/venv/lib/python3.9/site-packages/airflow/example_dags/example_task_group.py
[2023-06-05 23:09:53,078] {logging_mixin.py:115} INFO - [2023-06-05 23:09:53,078] {dag.py:2379} INFO - Sync 1 DAGs
[2023-06-05 23:09:53,114] {logging_mixin.py:115} INFO - [2023-06-05 23:09:53,114] {dag.py:2927} INFO - Setting next_dagrun for example_task_group to 2023-06-05T02:09:53.113706+00:00, run_after=2023-06-06T02:09:53.113706+00:00
[2023-06-05 23:09:53,167] {processor.py:161} INFO - Processing /home/gui/Documentos/airflowalura/venv/lib/python3.9/site-packages/airflow/example_dags/example_task_group.py took 0.174 seconds
[2023-06-05 23:10:33,886] {processor.py:153} INFO - Started process (PID=45266) to work on /home/gui/Documentos/airflowalura/venv/lib/python3.9/site-packages/airflow/example_dags/example_task_group.py
[2023-06-05 23:10:33,887] {processor.py:641} INFO - Processing file /home/gui/Documentos/airflowalura/venv/lib/python3.9/site-packages/airflow/example_dags/example_task_group.py for tasks to queue
[2023-06-05 23:10:33,888] {logging_mixin.py:115} INFO - [2023-06-05 23:10:33,888] {dagbag.py:507} INFO - Filling up the DagBag from /home/gui/Documentos/airflowalura/venv/lib/python3.9/site-packages/airflow/example_dags/example_task_group.py
[2023-06-05 23:10:33,903] {processor.py:651} INFO - DAG(s) dict_keys(['example_task_group']) retrieved from /home/gui/Documentos/airflowalura/venv/lib/python3.9/site-packages/airflow/example_dags/example_task_group.py
[2023-06-05 23:10:33,939] {logging_mixin.py:115} INFO - [2023-06-05 23:10:33,939] {dag.py:2379} INFO - Sync 1 DAGs
[2023-06-05 23:10:33,971] {logging_mixin.py:115} INFO - [2023-06-05 23:10:33,971] {dag.py:2927} INFO - Setting next_dagrun for example_task_group to 2023-06-05T02:10:33.971051+00:00, run_after=2023-06-06T02:10:33.971051+00:00
[2023-06-05 23:10:34,089] {processor.py:161} INFO - Processing /home/gui/Documentos/airflowalura/venv/lib/python3.9/site-packages/airflow/example_dags/example_task_group.py took 0.209 seconds
[2023-06-05 23:11:12,699] {processor.py:153} INFO - Started process (PID=45299) to work on /home/gui/Documentos/airflowalura/venv/lib/python3.9/site-packages/airflow/example_dags/example_task_group.py
[2023-06-05 23:11:12,701] {processor.py:641} INFO - Processing file /home/gui/Documentos/airflowalura/venv/lib/python3.9/site-packages/airflow/example_dags/example_task_group.py for tasks to queue
[2023-06-05 23:11:12,702] {logging_mixin.py:115} INFO - [2023-06-05 23:11:12,702] {dagbag.py:507} INFO - Filling up the DagBag from /home/gui/Documentos/airflowalura/venv/lib/python3.9/site-packages/airflow/example_dags/example_task_group.py
[2023-06-05 23:11:12,716] {processor.py:651} INFO - DAG(s) dict_keys(['example_task_group']) retrieved from /home/gui/Documentos/airflowalura/venv/lib/python3.9/site-packages/airflow/example_dags/example_task_group.py
[2023-06-05 23:11:12,747] {logging_mixin.py:115} INFO - [2023-06-05 23:11:12,747] {dag.py:2379} INFO - Sync 1 DAGs
[2023-06-05 23:11:12,781] {logging_mixin.py:115} INFO - [2023-06-05 23:11:12,781] {dag.py:2927} INFO - Setting next_dagrun for example_task_group to 2023-06-05T02:11:12.780906+00:00, run_after=2023-06-06T02:11:12.780906+00:00
[2023-06-05 23:11:12,807] {processor.py:161} INFO - Processing /home/gui/Documentos/airflowalura/venv/lib/python3.9/site-packages/airflow/example_dags/example_task_group.py took 0.116 seconds
[2023-06-05 23:11:48,364] {processor.py:153} INFO - Started process (PID=45336) to work on /home/gui/Documentos/airflowalura/venv/lib/python3.9/site-packages/airflow/example_dags/example_task_group.py
[2023-06-05 23:11:48,366] {processor.py:641} INFO - Processing file /home/gui/Documentos/airflowalura/venv/lib/python3.9/site-packages/airflow/example_dags/example_task_group.py for tasks to queue
[2023-06-05 23:11:48,367] {logging_mixin.py:115} INFO - [2023-06-05 23:11:48,366] {dagbag.py:507} INFO - Filling up the DagBag from /home/gui/Documentos/airflowalura/venv/lib/python3.9/site-packages/airflow/example_dags/example_task_group.py
[2023-06-05 23:11:48,382] {processor.py:651} INFO - DAG(s) dict_keys(['example_task_group']) retrieved from /home/gui/Documentos/airflowalura/venv/lib/python3.9/site-packages/airflow/example_dags/example_task_group.py
[2023-06-05 23:11:48,411] {logging_mixin.py:115} INFO - [2023-06-05 23:11:48,411] {dag.py:2379} INFO - Sync 1 DAGs
[2023-06-05 23:11:48,438] {logging_mixin.py:115} INFO - [2023-06-05 23:11:48,438] {dag.py:2927} INFO - Setting next_dagrun for example_task_group to 2023-06-05T02:11:48.437626+00:00, run_after=2023-06-06T02:11:48.437626+00:00
[2023-06-05 23:11:48,624] {processor.py:161} INFO - Processing /home/gui/Documentos/airflowalura/venv/lib/python3.9/site-packages/airflow/example_dags/example_task_group.py took 0.266 seconds
[2023-06-05 23:12:26,680] {processor.py:153} INFO - Started process (PID=45370) to work on /home/gui/Documentos/airflowalura/venv/lib/python3.9/site-packages/airflow/example_dags/example_task_group.py
[2023-06-05 23:12:26,681] {processor.py:641} INFO - Processing file /home/gui/Documentos/airflowalura/venv/lib/python3.9/site-packages/airflow/example_dags/example_task_group.py for tasks to queue
[2023-06-05 23:12:26,682] {logging_mixin.py:115} INFO - [2023-06-05 23:12:26,682] {dagbag.py:507} INFO - Filling up the DagBag from /home/gui/Documentos/airflowalura/venv/lib/python3.9/site-packages/airflow/example_dags/example_task_group.py
[2023-06-05 23:12:26,694] {processor.py:651} INFO - DAG(s) dict_keys(['example_task_group']) retrieved from /home/gui/Documentos/airflowalura/venv/lib/python3.9/site-packages/airflow/example_dags/example_task_group.py
[2023-06-05 23:12:26,723] {logging_mixin.py:115} INFO - [2023-06-05 23:12:26,723] {dag.py:2379} INFO - Sync 1 DAGs
[2023-06-05 23:12:26,750] {logging_mixin.py:115} INFO - [2023-06-05 23:12:26,749] {dag.py:2927} INFO - Setting next_dagrun for example_task_group to 2023-06-05T02:12:26.749494+00:00, run_after=2023-06-06T02:12:26.749494+00:00
[2023-06-05 23:12:26,768] {processor.py:161} INFO - Processing /home/gui/Documentos/airflowalura/venv/lib/python3.9/site-packages/airflow/example_dags/example_task_group.py took 0.094 seconds
[2023-06-05 23:13:11,775] {processor.py:153} INFO - Started process (PID=45409) to work on /home/gui/Documentos/airflowalura/venv/lib/python3.9/site-packages/airflow/example_dags/example_task_group.py
[2023-06-05 23:13:11,777] {processor.py:641} INFO - Processing file /home/gui/Documentos/airflowalura/venv/lib/python3.9/site-packages/airflow/example_dags/example_task_group.py for tasks to queue
[2023-06-05 23:13:11,778] {logging_mixin.py:115} INFO - [2023-06-05 23:13:11,778] {dagbag.py:507} INFO - Filling up the DagBag from /home/gui/Documentos/airflowalura/venv/lib/python3.9/site-packages/airflow/example_dags/example_task_group.py
[2023-06-05 23:13:11,793] {processor.py:651} INFO - DAG(s) dict_keys(['example_task_group']) retrieved from /home/gui/Documentos/airflowalura/venv/lib/python3.9/site-packages/airflow/example_dags/example_task_group.py
[2023-06-05 23:13:11,826] {logging_mixin.py:115} INFO - [2023-06-05 23:13:11,826] {dag.py:2379} INFO - Sync 1 DAGs
[2023-06-05 23:13:11,855] {logging_mixin.py:115} INFO - [2023-06-05 23:13:11,855] {dag.py:2927} INFO - Setting next_dagrun for example_task_group to 2023-06-05T02:13:11.854660+00:00, run_after=2023-06-06T02:13:11.854660+00:00
[2023-06-05 23:13:11,954] {processor.py:161} INFO - Processing /home/gui/Documentos/airflowalura/venv/lib/python3.9/site-packages/airflow/example_dags/example_task_group.py took 0.188 seconds
[2023-06-05 23:13:51,520] {processor.py:153} INFO - Started process (PID=45446) to work on /home/gui/Documentos/airflowalura/venv/lib/python3.9/site-packages/airflow/example_dags/example_task_group.py
[2023-06-05 23:13:51,521] {processor.py:641} INFO - Processing file /home/gui/Documentos/airflowalura/venv/lib/python3.9/site-packages/airflow/example_dags/example_task_group.py for tasks to queue
[2023-06-05 23:13:51,522] {logging_mixin.py:115} INFO - [2023-06-05 23:13:51,522] {dagbag.py:507} INFO - Filling up the DagBag from /home/gui/Documentos/airflowalura/venv/lib/python3.9/site-packages/airflow/example_dags/example_task_group.py
[2023-06-05 23:13:51,534] {processor.py:651} INFO - DAG(s) dict_keys(['example_task_group']) retrieved from /home/gui/Documentos/airflowalura/venv/lib/python3.9/site-packages/airflow/example_dags/example_task_group.py
[2023-06-05 23:13:51,563] {logging_mixin.py:115} INFO - [2023-06-05 23:13:51,563] {dag.py:2379} INFO - Sync 1 DAGs
[2023-06-05 23:13:51,590] {logging_mixin.py:115} INFO - [2023-06-05 23:13:51,590] {dag.py:2927} INFO - Setting next_dagrun for example_task_group to 2023-06-05T02:13:51.589743+00:00, run_after=2023-06-06T02:13:51.589743+00:00
[2023-06-05 23:13:51,608] {processor.py:161} INFO - Processing /home/gui/Documentos/airflowalura/venv/lib/python3.9/site-packages/airflow/example_dags/example_task_group.py took 0.094 seconds
[2023-06-05 23:14:25,081] {processor.py:153} INFO - Started process (PID=45476) to work on /home/gui/Documentos/airflowalura/venv/lib/python3.9/site-packages/airflow/example_dags/example_task_group.py
[2023-06-05 23:14:25,082] {processor.py:641} INFO - Processing file /home/gui/Documentos/airflowalura/venv/lib/python3.9/site-packages/airflow/example_dags/example_task_group.py for tasks to queue
[2023-06-05 23:14:25,083] {logging_mixin.py:115} INFO - [2023-06-05 23:14:25,083] {dagbag.py:507} INFO - Filling up the DagBag from /home/gui/Documentos/airflowalura/venv/lib/python3.9/site-packages/airflow/example_dags/example_task_group.py
[2023-06-05 23:14:25,095] {processor.py:651} INFO - DAG(s) dict_keys(['example_task_group']) retrieved from /home/gui/Documentos/airflowalura/venv/lib/python3.9/site-packages/airflow/example_dags/example_task_group.py
[2023-06-05 23:14:25,124] {logging_mixin.py:115} INFO - [2023-06-05 23:14:25,123] {dag.py:2379} INFO - Sync 1 DAGs
[2023-06-05 23:14:25,150] {logging_mixin.py:115} INFO - [2023-06-05 23:14:25,150] {dag.py:2927} INFO - Setting next_dagrun for example_task_group to 2023-06-05T02:14:25.149580+00:00, run_after=2023-06-06T02:14:25.149580+00:00
[2023-06-05 23:14:25,168] {processor.py:161} INFO - Processing /home/gui/Documentos/airflowalura/venv/lib/python3.9/site-packages/airflow/example_dags/example_task_group.py took 0.094 seconds
[2023-06-05 23:15:03,129] {processor.py:153} INFO - Started process (PID=45509) to work on /home/gui/Documentos/airflowalura/venv/lib/python3.9/site-packages/airflow/example_dags/example_task_group.py
[2023-06-05 23:15:03,148] {processor.py:641} INFO - Processing file /home/gui/Documentos/airflowalura/venv/lib/python3.9/site-packages/airflow/example_dags/example_task_group.py for tasks to queue
[2023-06-05 23:15:03,149] {logging_mixin.py:115} INFO - [2023-06-05 23:15:03,149] {dagbag.py:507} INFO - Filling up the DagBag from /home/gui/Documentos/airflowalura/venv/lib/python3.9/site-packages/airflow/example_dags/example_task_group.py
[2023-06-05 23:15:03,168] {processor.py:651} INFO - DAG(s) dict_keys(['example_task_group']) retrieved from /home/gui/Documentos/airflowalura/venv/lib/python3.9/site-packages/airflow/example_dags/example_task_group.py
[2023-06-05 23:15:03,220] {logging_mixin.py:115} INFO - [2023-06-05 23:15:03,220] {dag.py:2379} INFO - Sync 1 DAGs
[2023-06-05 23:15:03,276] {logging_mixin.py:115} INFO - [2023-06-05 23:15:03,276] {dag.py:2927} INFO - Setting next_dagrun for example_task_group to 2023-06-05T02:15:03.275064+00:00, run_after=2023-06-06T02:15:03.275064+00:00
[2023-06-05 23:15:03,314] {processor.py:161} INFO - Processing /home/gui/Documentos/airflowalura/venv/lib/python3.9/site-packages/airflow/example_dags/example_task_group.py took 0.192 seconds
[2023-06-05 23:15:42,339] {processor.py:153} INFO - Started process (PID=45565) to work on /home/gui/Documentos/airflowalura/venv/lib/python3.9/site-packages/airflow/example_dags/example_task_group.py
[2023-06-05 23:15:42,340] {processor.py:641} INFO - Processing file /home/gui/Documentos/airflowalura/venv/lib/python3.9/site-packages/airflow/example_dags/example_task_group.py for tasks to queue
[2023-06-05 23:15:42,341] {logging_mixin.py:115} INFO - [2023-06-05 23:15:42,341] {dagbag.py:507} INFO - Filling up the DagBag from /home/gui/Documentos/airflowalura/venv/lib/python3.9/site-packages/airflow/example_dags/example_task_group.py
[2023-06-05 23:15:42,358] {processor.py:651} INFO - DAG(s) dict_keys(['example_task_group']) retrieved from /home/gui/Documentos/airflowalura/venv/lib/python3.9/site-packages/airflow/example_dags/example_task_group.py
[2023-06-05 23:15:42,395] {logging_mixin.py:115} INFO - [2023-06-05 23:15:42,395] {dag.py:2379} INFO - Sync 1 DAGs
[2023-06-05 23:15:42,436] {logging_mixin.py:115} INFO - [2023-06-05 23:15:42,435] {dag.py:2927} INFO - Setting next_dagrun for example_task_group to 2023-06-05T02:15:42.435205+00:00, run_after=2023-06-06T02:15:42.435205+00:00
[2023-06-05 23:15:42,495] {processor.py:161} INFO - Processing /home/gui/Documentos/airflowalura/venv/lib/python3.9/site-packages/airflow/example_dags/example_task_group.py took 0.163 seconds
[2023-06-05 23:16:18,801] {processor.py:153} INFO - Started process (PID=45598) to work on /home/gui/Documentos/airflowalura/venv/lib/python3.9/site-packages/airflow/example_dags/example_task_group.py
[2023-06-05 23:16:18,803] {processor.py:641} INFO - Processing file /home/gui/Documentos/airflowalura/venv/lib/python3.9/site-packages/airflow/example_dags/example_task_group.py for tasks to queue
[2023-06-05 23:16:18,804] {logging_mixin.py:115} INFO - [2023-06-05 23:16:18,804] {dagbag.py:507} INFO - Filling up the DagBag from /home/gui/Documentos/airflowalura/venv/lib/python3.9/site-packages/airflow/example_dags/example_task_group.py
[2023-06-05 23:16:18,821] {processor.py:651} INFO - DAG(s) dict_keys(['example_task_group']) retrieved from /home/gui/Documentos/airflowalura/venv/lib/python3.9/site-packages/airflow/example_dags/example_task_group.py
[2023-06-05 23:16:18,859] {logging_mixin.py:115} INFO - [2023-06-05 23:16:18,858] {dag.py:2379} INFO - Sync 1 DAGs
[2023-06-05 23:16:18,891] {logging_mixin.py:115} INFO - [2023-06-05 23:16:18,890] {dag.py:2927} INFO - Setting next_dagrun for example_task_group to 2023-06-05T02:16:18.890315+00:00, run_after=2023-06-06T02:16:18.890315+00:00
[2023-06-05 23:16:18,947] {processor.py:161} INFO - Processing /home/gui/Documentos/airflowalura/venv/lib/python3.9/site-packages/airflow/example_dags/example_task_group.py took 0.154 seconds
[2023-06-05 23:16:54,459] {processor.py:153} INFO - Started process (PID=45631) to work on /home/gui/Documentos/airflowalura/venv/lib/python3.9/site-packages/airflow/example_dags/example_task_group.py
[2023-06-05 23:16:54,460] {processor.py:641} INFO - Processing file /home/gui/Documentos/airflowalura/venv/lib/python3.9/site-packages/airflow/example_dags/example_task_group.py for tasks to queue
[2023-06-05 23:16:54,461] {logging_mixin.py:115} INFO - [2023-06-05 23:16:54,461] {dagbag.py:507} INFO - Filling up the DagBag from /home/gui/Documentos/airflowalura/venv/lib/python3.9/site-packages/airflow/example_dags/example_task_group.py
[2023-06-05 23:16:54,477] {processor.py:651} INFO - DAG(s) dict_keys(['example_task_group']) retrieved from /home/gui/Documentos/airflowalura/venv/lib/python3.9/site-packages/airflow/example_dags/example_task_group.py
[2023-06-05 23:16:54,516] {logging_mixin.py:115} INFO - [2023-06-05 23:16:54,516] {dag.py:2379} INFO - Sync 1 DAGs
[2023-06-05 23:16:54,551] {logging_mixin.py:115} INFO - [2023-06-05 23:16:54,550] {dag.py:2927} INFO - Setting next_dagrun for example_task_group to 2023-06-05T02:16:54.550267+00:00, run_after=2023-06-06T02:16:54.550267+00:00
[2023-06-05 23:16:54,781] {processor.py:161} INFO - Processing /home/gui/Documentos/airflowalura/venv/lib/python3.9/site-packages/airflow/example_dags/example_task_group.py took 0.328 seconds
[2023-06-05 23:17:34,743] {processor.py:153} INFO - Started process (PID=45671) to work on /home/gui/Documentos/airflowalura/venv/lib/python3.9/site-packages/airflow/example_dags/example_task_group.py
[2023-06-05 23:17:34,744] {processor.py:641} INFO - Processing file /home/gui/Documentos/airflowalura/venv/lib/python3.9/site-packages/airflow/example_dags/example_task_group.py for tasks to queue
[2023-06-05 23:17:34,745] {logging_mixin.py:115} INFO - [2023-06-05 23:17:34,745] {dagbag.py:507} INFO - Filling up the DagBag from /home/gui/Documentos/airflowalura/venv/lib/python3.9/site-packages/airflow/example_dags/example_task_group.py
[2023-06-05 23:17:34,759] {processor.py:651} INFO - DAG(s) dict_keys(['example_task_group']) retrieved from /home/gui/Documentos/airflowalura/venv/lib/python3.9/site-packages/airflow/example_dags/example_task_group.py
[2023-06-05 23:17:34,798] {logging_mixin.py:115} INFO - [2023-06-05 23:17:34,798] {dag.py:2379} INFO - Sync 1 DAGs
[2023-06-05 23:17:34,836] {logging_mixin.py:115} INFO - [2023-06-05 23:17:34,836] {dag.py:2927} INFO - Setting next_dagrun for example_task_group to 2023-06-05T02:17:34.836233+00:00, run_after=2023-06-06T02:17:34.836233+00:00
[2023-06-05 23:17:34,994] {processor.py:161} INFO - Processing /home/gui/Documentos/airflowalura/venv/lib/python3.9/site-packages/airflow/example_dags/example_task_group.py took 0.258 seconds
[2023-06-05 23:18:14,796] {processor.py:153} INFO - Started process (PID=45701) to work on /home/gui/Documentos/airflowalura/venv/lib/python3.9/site-packages/airflow/example_dags/example_task_group.py
[2023-06-05 23:18:14,797] {processor.py:641} INFO - Processing file /home/gui/Documentos/airflowalura/venv/lib/python3.9/site-packages/airflow/example_dags/example_task_group.py for tasks to queue
[2023-06-05 23:18:14,799] {logging_mixin.py:115} INFO - [2023-06-05 23:18:14,799] {dagbag.py:507} INFO - Filling up the DagBag from /home/gui/Documentos/airflowalura/venv/lib/python3.9/site-packages/airflow/example_dags/example_task_group.py
[2023-06-05 23:18:14,814] {processor.py:651} INFO - DAG(s) dict_keys(['example_task_group']) retrieved from /home/gui/Documentos/airflowalura/venv/lib/python3.9/site-packages/airflow/example_dags/example_task_group.py
[2023-06-05 23:18:14,849] {logging_mixin.py:115} INFO - [2023-06-05 23:18:14,849] {dag.py:2379} INFO - Sync 1 DAGs
[2023-06-05 23:18:14,887] {logging_mixin.py:115} INFO - [2023-06-05 23:18:14,887] {dag.py:2927} INFO - Setting next_dagrun for example_task_group to 2023-06-05T02:18:14.886496+00:00, run_after=2023-06-06T02:18:14.886496+00:00
[2023-06-05 23:18:14,939] {processor.py:161} INFO - Processing /home/gui/Documentos/airflowalura/venv/lib/python3.9/site-packages/airflow/example_dags/example_task_group.py took 0.153 seconds
[2023-06-05 23:18:49,606] {processor.py:153} INFO - Started process (PID=45733) to work on /home/gui/Documentos/airflowalura/venv/lib/python3.9/site-packages/airflow/example_dags/example_task_group.py
[2023-06-05 23:18:49,607] {processor.py:641} INFO - Processing file /home/gui/Documentos/airflowalura/venv/lib/python3.9/site-packages/airflow/example_dags/example_task_group.py for tasks to queue
[2023-06-05 23:18:49,608] {logging_mixin.py:115} INFO - [2023-06-05 23:18:49,608] {dagbag.py:507} INFO - Filling up the DagBag from /home/gui/Documentos/airflowalura/venv/lib/python3.9/site-packages/airflow/example_dags/example_task_group.py
[2023-06-05 23:18:49,624] {processor.py:651} INFO - DAG(s) dict_keys(['example_task_group']) retrieved from /home/gui/Documentos/airflowalura/venv/lib/python3.9/site-packages/airflow/example_dags/example_task_group.py
[2023-06-05 23:18:49,661] {logging_mixin.py:115} INFO - [2023-06-05 23:18:49,660] {dag.py:2379} INFO - Sync 1 DAGs
[2023-06-05 23:18:49,698] {logging_mixin.py:115} INFO - [2023-06-05 23:18:49,698] {dag.py:2927} INFO - Setting next_dagrun for example_task_group to 2023-06-05T02:18:49.697874+00:00, run_after=2023-06-06T02:18:49.697874+00:00
[2023-06-05 23:18:49,723] {processor.py:161} INFO - Processing /home/gui/Documentos/airflowalura/venv/lib/python3.9/site-packages/airflow/example_dags/example_task_group.py took 0.124 seconds
[2023-06-05 23:19:26,720] {processor.py:153} INFO - Started process (PID=45765) to work on /home/gui/Documentos/airflowalura/venv/lib/python3.9/site-packages/airflow/example_dags/example_task_group.py
[2023-06-05 23:19:26,722] {processor.py:641} INFO - Processing file /home/gui/Documentos/airflowalura/venv/lib/python3.9/site-packages/airflow/example_dags/example_task_group.py for tasks to queue
[2023-06-05 23:19:26,723] {logging_mixin.py:115} INFO - [2023-06-05 23:19:26,723] {dagbag.py:507} INFO - Filling up the DagBag from /home/gui/Documentos/airflowalura/venv/lib/python3.9/site-packages/airflow/example_dags/example_task_group.py
[2023-06-05 23:19:26,739] {processor.py:651} INFO - DAG(s) dict_keys(['example_task_group']) retrieved from /home/gui/Documentos/airflowalura/venv/lib/python3.9/site-packages/airflow/example_dags/example_task_group.py
[2023-06-05 23:19:26,777] {logging_mixin.py:115} INFO - [2023-06-05 23:19:26,777] {dag.py:2379} INFO - Sync 1 DAGs
[2023-06-05 23:19:26,815] {logging_mixin.py:115} INFO - [2023-06-05 23:19:26,815] {dag.py:2927} INFO - Setting next_dagrun for example_task_group to 2023-06-05T02:19:26.815123+00:00, run_after=2023-06-06T02:19:26.815123+00:00
[2023-06-05 23:19:26,839] {processor.py:161} INFO - Processing /home/gui/Documentos/airflowalura/venv/lib/python3.9/site-packages/airflow/example_dags/example_task_group.py took 0.125 seconds
[2023-06-05 23:20:02,653] {processor.py:153} INFO - Started process (PID=45803) to work on /home/gui/Documentos/airflowalura/venv/lib/python3.9/site-packages/airflow/example_dags/example_task_group.py
[2023-06-05 23:20:02,655] {processor.py:641} INFO - Processing file /home/gui/Documentos/airflowalura/venv/lib/python3.9/site-packages/airflow/example_dags/example_task_group.py for tasks to queue
[2023-06-05 23:20:02,656] {logging_mixin.py:115} INFO - [2023-06-05 23:20:02,656] {dagbag.py:507} INFO - Filling up the DagBag from /home/gui/Documentos/airflowalura/venv/lib/python3.9/site-packages/airflow/example_dags/example_task_group.py
[2023-06-05 23:20:02,677] {processor.py:651} INFO - DAG(s) dict_keys(['example_task_group']) retrieved from /home/gui/Documentos/airflowalura/venv/lib/python3.9/site-packages/airflow/example_dags/example_task_group.py
[2023-06-05 23:20:02,714] {logging_mixin.py:115} INFO - [2023-06-05 23:20:02,713] {dag.py:2379} INFO - Sync 1 DAGs
[2023-06-05 23:20:02,751] {logging_mixin.py:115} INFO - [2023-06-05 23:20:02,751] {dag.py:2927} INFO - Setting next_dagrun for example_task_group to 2023-06-05T02:20:02.750254+00:00, run_after=2023-06-06T02:20:02.750254+00:00
[2023-06-05 23:20:02,776] {processor.py:161} INFO - Processing /home/gui/Documentos/airflowalura/venv/lib/python3.9/site-packages/airflow/example_dags/example_task_group.py took 0.131 seconds
[2023-06-05 23:20:39,690] {processor.py:153} INFO - Started process (PID=45847) to work on /home/gui/Documentos/airflowalura/venv/lib/python3.9/site-packages/airflow/example_dags/example_task_group.py
[2023-06-05 23:20:39,691] {processor.py:641} INFO - Processing file /home/gui/Documentos/airflowalura/venv/lib/python3.9/site-packages/airflow/example_dags/example_task_group.py for tasks to queue
[2023-06-05 23:20:39,692] {logging_mixin.py:115} INFO - [2023-06-05 23:20:39,692] {dagbag.py:507} INFO - Filling up the DagBag from /home/gui/Documentos/airflowalura/venv/lib/python3.9/site-packages/airflow/example_dags/example_task_group.py
[2023-06-05 23:20:39,706] {processor.py:651} INFO - DAG(s) dict_keys(['example_task_group']) retrieved from /home/gui/Documentos/airflowalura/venv/lib/python3.9/site-packages/airflow/example_dags/example_task_group.py
[2023-06-05 23:20:39,739] {logging_mixin.py:115} INFO - [2023-06-05 23:20:39,739] {dag.py:2379} INFO - Sync 1 DAGs
[2023-06-05 23:20:39,770] {logging_mixin.py:115} INFO - [2023-06-05 23:20:39,770] {dag.py:2927} INFO - Setting next_dagrun for example_task_group to 2023-06-05T02:20:39.770103+00:00, run_after=2023-06-06T02:20:39.770103+00:00
[2023-06-05 23:20:39,829] {processor.py:161} INFO - Processing /home/gui/Documentos/airflowalura/venv/lib/python3.9/site-packages/airflow/example_dags/example_task_group.py took 0.145 seconds
[2023-06-05 23:21:14,514] {processor.py:153} INFO - Started process (PID=45889) to work on /home/gui/Documentos/airflowalura/venv/lib/python3.9/site-packages/airflow/example_dags/example_task_group.py
[2023-06-05 23:21:14,516] {processor.py:641} INFO - Processing file /home/gui/Documentos/airflowalura/venv/lib/python3.9/site-packages/airflow/example_dags/example_task_group.py for tasks to queue
[2023-06-05 23:21:14,517] {logging_mixin.py:115} INFO - [2023-06-05 23:21:14,517] {dagbag.py:507} INFO - Filling up the DagBag from /home/gui/Documentos/airflowalura/venv/lib/python3.9/site-packages/airflow/example_dags/example_task_group.py
[2023-06-05 23:21:14,532] {processor.py:651} INFO - DAG(s) dict_keys(['example_task_group']) retrieved from /home/gui/Documentos/airflowalura/venv/lib/python3.9/site-packages/airflow/example_dags/example_task_group.py
[2023-06-05 23:21:14,571] {logging_mixin.py:115} INFO - [2023-06-05 23:21:14,571] {dag.py:2379} INFO - Sync 1 DAGs
[2023-06-05 23:21:14,606] {logging_mixin.py:115} INFO - [2023-06-05 23:21:14,606] {dag.py:2927} INFO - Setting next_dagrun for example_task_group to 2023-06-05T02:21:14.605694+00:00, run_after=2023-06-06T02:21:14.605694+00:00
[2023-06-05 23:21:14,634] {processor.py:161} INFO - Processing /home/gui/Documentos/airflowalura/venv/lib/python3.9/site-packages/airflow/example_dags/example_task_group.py took 0.127 seconds
[2023-06-05 23:21:53,470] {processor.py:153} INFO - Started process (PID=45934) to work on /home/gui/Documentos/airflowalura/venv/lib/python3.9/site-packages/airflow/example_dags/example_task_group.py
[2023-06-05 23:21:53,471] {processor.py:641} INFO - Processing file /home/gui/Documentos/airflowalura/venv/lib/python3.9/site-packages/airflow/example_dags/example_task_group.py for tasks to queue
[2023-06-05 23:21:53,472] {logging_mixin.py:115} INFO - [2023-06-05 23:21:53,472] {dagbag.py:507} INFO - Filling up the DagBag from /home/gui/Documentos/airflowalura/venv/lib/python3.9/site-packages/airflow/example_dags/example_task_group.py
[2023-06-05 23:21:53,485] {processor.py:651} INFO - DAG(s) dict_keys(['example_task_group']) retrieved from /home/gui/Documentos/airflowalura/venv/lib/python3.9/site-packages/airflow/example_dags/example_task_group.py
[2023-06-05 23:21:53,524] {logging_mixin.py:115} INFO - [2023-06-05 23:21:53,524] {dag.py:2379} INFO - Sync 1 DAGs
[2023-06-05 23:21:53,561] {logging_mixin.py:115} INFO - [2023-06-05 23:21:53,560] {dag.py:2927} INFO - Setting next_dagrun for example_task_group to 2023-06-05T02:21:53.560440+00:00, run_after=2023-06-06T02:21:53.560440+00:00
[2023-06-05 23:21:53,583] {processor.py:161} INFO - Processing /home/gui/Documentos/airflowalura/venv/lib/python3.9/site-packages/airflow/example_dags/example_task_group.py took 0.121 seconds
[2023-06-05 23:22:29,145] {processor.py:153} INFO - Started process (PID=45970) to work on /home/gui/Documentos/airflowalura/venv/lib/python3.9/site-packages/airflow/example_dags/example_task_group.py
[2023-06-05 23:22:29,147] {processor.py:641} INFO - Processing file /home/gui/Documentos/airflowalura/venv/lib/python3.9/site-packages/airflow/example_dags/example_task_group.py for tasks to queue
[2023-06-05 23:22:29,148] {logging_mixin.py:115} INFO - [2023-06-05 23:22:29,148] {dagbag.py:507} INFO - Filling up the DagBag from /home/gui/Documentos/airflowalura/venv/lib/python3.9/site-packages/airflow/example_dags/example_task_group.py
[2023-06-05 23:22:29,167] {processor.py:651} INFO - DAG(s) dict_keys(['example_task_group']) retrieved from /home/gui/Documentos/airflowalura/venv/lib/python3.9/site-packages/airflow/example_dags/example_task_group.py
[2023-06-05 23:22:29,200] {logging_mixin.py:115} INFO - [2023-06-05 23:22:29,200] {dag.py:2379} INFO - Sync 1 DAGs
[2023-06-05 23:22:29,234] {logging_mixin.py:115} INFO - [2023-06-05 23:22:29,234] {dag.py:2927} INFO - Setting next_dagrun for example_task_group to 2023-06-05T02:22:29.234189+00:00, run_after=2023-06-06T02:22:29.234189+00:00
[2023-06-05 23:22:29,365] {processor.py:161} INFO - Processing /home/gui/Documentos/airflowalura/venv/lib/python3.9/site-packages/airflow/example_dags/example_task_group.py took 0.227 seconds
[2023-06-05 23:23:11,443] {processor.py:153} INFO - Started process (PID=46019) to work on /home/gui/Documentos/airflowalura/venv/lib/python3.9/site-packages/airflow/example_dags/example_task_group.py
[2023-06-05 23:23:11,444] {processor.py:641} INFO - Processing file /home/gui/Documentos/airflowalura/venv/lib/python3.9/site-packages/airflow/example_dags/example_task_group.py for tasks to queue
[2023-06-05 23:23:11,446] {logging_mixin.py:115} INFO - [2023-06-05 23:23:11,446] {dagbag.py:507} INFO - Filling up the DagBag from /home/gui/Documentos/airflowalura/venv/lib/python3.9/site-packages/airflow/example_dags/example_task_group.py
[2023-06-05 23:23:11,462] {processor.py:651} INFO - DAG(s) dict_keys(['example_task_group']) retrieved from /home/gui/Documentos/airflowalura/venv/lib/python3.9/site-packages/airflow/example_dags/example_task_group.py
[2023-06-05 23:23:11,503] {logging_mixin.py:115} INFO - [2023-06-05 23:23:11,503] {dag.py:2379} INFO - Sync 1 DAGs
[2023-06-05 23:23:11,543] {logging_mixin.py:115} INFO - [2023-06-05 23:23:11,543] {dag.py:2927} INFO - Setting next_dagrun for example_task_group to 2023-06-05T02:23:11.543071+00:00, run_after=2023-06-06T02:23:11.543071+00:00
[2023-06-05 23:23:11,733] {processor.py:161} INFO - Processing /home/gui/Documentos/airflowalura/venv/lib/python3.9/site-packages/airflow/example_dags/example_task_group.py took 0.298 seconds
[2023-06-05 23:23:47,941] {processor.py:153} INFO - Started process (PID=46061) to work on /home/gui/Documentos/airflowalura/venv/lib/python3.9/site-packages/airflow/example_dags/example_task_group.py
[2023-06-05 23:23:47,942] {processor.py:641} INFO - Processing file /home/gui/Documentos/airflowalura/venv/lib/python3.9/site-packages/airflow/example_dags/example_task_group.py for tasks to queue
[2023-06-05 23:23:47,943] {logging_mixin.py:115} INFO - [2023-06-05 23:23:47,943] {dagbag.py:507} INFO - Filling up the DagBag from /home/gui/Documentos/airflowalura/venv/lib/python3.9/site-packages/airflow/example_dags/example_task_group.py
[2023-06-05 23:23:47,956] {processor.py:651} INFO - DAG(s) dict_keys(['example_task_group']) retrieved from /home/gui/Documentos/airflowalura/venv/lib/python3.9/site-packages/airflow/example_dags/example_task_group.py
[2023-06-05 23:23:47,986] {logging_mixin.py:115} INFO - [2023-06-05 23:23:47,986] {dag.py:2379} INFO - Sync 1 DAGs
[2023-06-05 23:23:48,016] {logging_mixin.py:115} INFO - [2023-06-05 23:23:48,016] {dag.py:2927} INFO - Setting next_dagrun for example_task_group to 2023-06-05T02:23:48.015961+00:00, run_after=2023-06-06T02:23:48.015961+00:00
[2023-06-05 23:23:48,131] {processor.py:161} INFO - Processing /home/gui/Documentos/airflowalura/venv/lib/python3.9/site-packages/airflow/example_dags/example_task_group.py took 0.196 seconds
[2023-06-05 23:24:20,674] {processor.py:153} INFO - Started process (PID=46095) to work on /home/gui/Documentos/airflowalura/venv/lib/python3.9/site-packages/airflow/example_dags/example_task_group.py
[2023-06-05 23:24:20,676] {processor.py:641} INFO - Processing file /home/gui/Documentos/airflowalura/venv/lib/python3.9/site-packages/airflow/example_dags/example_task_group.py for tasks to queue
[2023-06-05 23:24:20,676] {logging_mixin.py:115} INFO - [2023-06-05 23:24:20,676] {dagbag.py:507} INFO - Filling up the DagBag from /home/gui/Documentos/airflowalura/venv/lib/python3.9/site-packages/airflow/example_dags/example_task_group.py
[2023-06-05 23:24:20,693] {processor.py:651} INFO - DAG(s) dict_keys(['example_task_group']) retrieved from /home/gui/Documentos/airflowalura/venv/lib/python3.9/site-packages/airflow/example_dags/example_task_group.py
[2023-06-05 23:24:20,731] {logging_mixin.py:115} INFO - [2023-06-05 23:24:20,731] {dag.py:2379} INFO - Sync 1 DAGs
[2023-06-05 23:24:20,767] {logging_mixin.py:115} INFO - [2023-06-05 23:24:20,767] {dag.py:2927} INFO - Setting next_dagrun for example_task_group to 2023-06-05T02:24:20.766757+00:00, run_after=2023-06-06T02:24:20.766757+00:00
[2023-06-05 23:24:20,790] {processor.py:161} INFO - Processing /home/gui/Documentos/airflowalura/venv/lib/python3.9/site-packages/airflow/example_dags/example_task_group.py took 0.121 seconds
[2023-06-05 23:24:56,199] {processor.py:153} INFO - Started process (PID=46132) to work on /home/gui/Documentos/airflowalura/venv/lib/python3.9/site-packages/airflow/example_dags/example_task_group.py
[2023-06-05 23:24:56,201] {processor.py:641} INFO - Processing file /home/gui/Documentos/airflowalura/venv/lib/python3.9/site-packages/airflow/example_dags/example_task_group.py for tasks to queue
[2023-06-05 23:24:56,202] {logging_mixin.py:115} INFO - [2023-06-05 23:24:56,201] {dagbag.py:507} INFO - Filling up the DagBag from /home/gui/Documentos/airflowalura/venv/lib/python3.9/site-packages/airflow/example_dags/example_task_group.py
[2023-06-05 23:24:56,215] {processor.py:651} INFO - DAG(s) dict_keys(['example_task_group']) retrieved from /home/gui/Documentos/airflowalura/venv/lib/python3.9/site-packages/airflow/example_dags/example_task_group.py
[2023-06-05 23:24:56,250] {logging_mixin.py:115} INFO - [2023-06-05 23:24:56,250] {dag.py:2379} INFO - Sync 1 DAGs
[2023-06-05 23:24:56,284] {logging_mixin.py:115} INFO - [2023-06-05 23:24:56,284] {dag.py:2927} INFO - Setting next_dagrun for example_task_group to 2023-06-05T02:24:56.283953+00:00, run_after=2023-06-06T02:24:56.283953+00:00
[2023-06-05 23:24:56,692] {processor.py:161} INFO - Processing /home/gui/Documentos/airflowalura/venv/lib/python3.9/site-packages/airflow/example_dags/example_task_group.py took 0.499 seconds
[2023-06-05 23:25:34,691] {processor.py:153} INFO - Started process (PID=46174) to work on /home/gui/Documentos/airflowalura/venv/lib/python3.9/site-packages/airflow/example_dags/example_task_group.py
[2023-06-05 23:25:34,693] {processor.py:641} INFO - Processing file /home/gui/Documentos/airflowalura/venv/lib/python3.9/site-packages/airflow/example_dags/example_task_group.py for tasks to queue
[2023-06-05 23:25:34,693] {logging_mixin.py:115} INFO - [2023-06-05 23:25:34,693] {dagbag.py:507} INFO - Filling up the DagBag from /home/gui/Documentos/airflowalura/venv/lib/python3.9/site-packages/airflow/example_dags/example_task_group.py
[2023-06-05 23:25:34,713] {processor.py:651} INFO - DAG(s) dict_keys(['example_task_group']) retrieved from /home/gui/Documentos/airflowalura/venv/lib/python3.9/site-packages/airflow/example_dags/example_task_group.py
[2023-06-05 23:25:34,751] {logging_mixin.py:115} INFO - [2023-06-05 23:25:34,751] {dag.py:2379} INFO - Sync 1 DAGs
[2023-06-05 23:25:34,786] {logging_mixin.py:115} INFO - [2023-06-05 23:25:34,786] {dag.py:2927} INFO - Setting next_dagrun for example_task_group to 2023-06-05T02:25:34.785676+00:00, run_after=2023-06-06T02:25:34.785676+00:00
[2023-06-05 23:25:34,813] {processor.py:161} INFO - Processing /home/gui/Documentos/airflowalura/venv/lib/python3.9/site-packages/airflow/example_dags/example_task_group.py took 0.145 seconds
[2023-06-05 23:26:12,212] {processor.py:153} INFO - Started process (PID=46240) to work on /home/gui/Documentos/airflowalura/venv/lib/python3.9/site-packages/airflow/example_dags/example_task_group.py
[2023-06-05 23:26:12,215] {processor.py:641} INFO - Processing file /home/gui/Documentos/airflowalura/venv/lib/python3.9/site-packages/airflow/example_dags/example_task_group.py for tasks to queue
[2023-06-05 23:26:12,216] {logging_mixin.py:115} INFO - [2023-06-05 23:26:12,216] {dagbag.py:507} INFO - Filling up the DagBag from /home/gui/Documentos/airflowalura/venv/lib/python3.9/site-packages/airflow/example_dags/example_task_group.py
[2023-06-05 23:26:12,236] {processor.py:651} INFO - DAG(s) dict_keys(['example_task_group']) retrieved from /home/gui/Documentos/airflowalura/venv/lib/python3.9/site-packages/airflow/example_dags/example_task_group.py
[2023-06-05 23:26:12,277] {logging_mixin.py:115} INFO - [2023-06-05 23:26:12,277] {dag.py:2379} INFO - Sync 1 DAGs
[2023-06-05 23:26:12,310] {logging_mixin.py:115} INFO - [2023-06-05 23:26:12,310] {dag.py:2927} INFO - Setting next_dagrun for example_task_group to 2023-06-05T02:26:12.309981+00:00, run_after=2023-06-06T02:26:12.309981+00:00
[2023-06-05 23:26:12,332] {processor.py:161} INFO - Processing /home/gui/Documentos/airflowalura/venv/lib/python3.9/site-packages/airflow/example_dags/example_task_group.py took 0.127 seconds
[2023-06-05 23:30:58,566] {processor.py:153} INFO - Started process (PID=46710) to work on /home/gui/Documentos/airflowalura/venv/lib/python3.9/site-packages/airflow/example_dags/example_task_group.py
[2023-06-05 23:30:58,572] {processor.py:641} INFO - Processing file /home/gui/Documentos/airflowalura/venv/lib/python3.9/site-packages/airflow/example_dags/example_task_group.py for tasks to queue
[2023-06-05 23:30:58,573] {logging_mixin.py:115} INFO - [2023-06-05 23:30:58,573] {dagbag.py:507} INFO - Filling up the DagBag from /home/gui/Documentos/airflowalura/venv/lib/python3.9/site-packages/airflow/example_dags/example_task_group.py
[2023-06-05 23:30:58,591] {processor.py:651} INFO - DAG(s) dict_keys(['example_task_group']) retrieved from /home/gui/Documentos/airflowalura/venv/lib/python3.9/site-packages/airflow/example_dags/example_task_group.py
[2023-06-05 23:30:58,637] {logging_mixin.py:115} INFO - [2023-06-05 23:30:58,637] {dag.py:2379} INFO - Sync 1 DAGs
[2023-06-05 23:30:58,674] {logging_mixin.py:115} INFO - [2023-06-05 23:30:58,673] {dag.py:2927} INFO - Setting next_dagrun for example_task_group to 2023-06-05T02:30:58.673506+00:00, run_after=2023-06-06T02:30:58.673506+00:00
[2023-06-05 23:30:58,699] {processor.py:161} INFO - Processing /home/gui/Documentos/airflowalura/venv/lib/python3.9/site-packages/airflow/example_dags/example_task_group.py took 0.140 seconds
[2023-06-05 23:31:55,223] {processor.py:153} INFO - Started process (PID=47027) to work on /home/gui/Documentos/airflowalura/venv/lib/python3.9/site-packages/airflow/example_dags/example_task_group.py
[2023-06-05 23:31:55,236] {processor.py:641} INFO - Processing file /home/gui/Documentos/airflowalura/venv/lib/python3.9/site-packages/airflow/example_dags/example_task_group.py for tasks to queue
[2023-06-05 23:31:55,238] {logging_mixin.py:115} INFO - [2023-06-05 23:31:55,238] {dagbag.py:507} INFO - Filling up the DagBag from /home/gui/Documentos/airflowalura/venv/lib/python3.9/site-packages/airflow/example_dags/example_task_group.py
[2023-06-05 23:31:55,272] {processor.py:651} INFO - DAG(s) dict_keys(['example_task_group']) retrieved from /home/gui/Documentos/airflowalura/venv/lib/python3.9/site-packages/airflow/example_dags/example_task_group.py
[2023-06-05 23:31:55,353] {logging_mixin.py:115} INFO - [2023-06-05 23:31:55,353] {dag.py:2379} INFO - Sync 1 DAGs
[2023-06-05 23:31:55,417] {logging_mixin.py:115} INFO - [2023-06-05 23:31:55,417] {dag.py:2927} INFO - Setting next_dagrun for example_task_group to 2023-06-05T02:31:55.416669+00:00, run_after=2023-06-06T02:31:55.416669+00:00
[2023-06-05 23:31:55,538] {processor.py:161} INFO - Processing /home/gui/Documentos/airflowalura/venv/lib/python3.9/site-packages/airflow/example_dags/example_task_group.py took 0.336 seconds
[2023-06-05 23:32:39,793] {processor.py:153} INFO - Started process (PID=47649) to work on /home/gui/Documentos/airflowalura/venv/lib/python3.9/site-packages/airflow/example_dags/example_task_group.py
[2023-06-05 23:32:39,795] {processor.py:641} INFO - Processing file /home/gui/Documentos/airflowalura/venv/lib/python3.9/site-packages/airflow/example_dags/example_task_group.py for tasks to queue
[2023-06-05 23:32:39,796] {logging_mixin.py:115} INFO - [2023-06-05 23:32:39,795] {dagbag.py:507} INFO - Filling up the DagBag from /home/gui/Documentos/airflowalura/venv/lib/python3.9/site-packages/airflow/example_dags/example_task_group.py
[2023-06-05 23:32:39,824] {processor.py:651} INFO - DAG(s) dict_keys(['example_task_group']) retrieved from /home/gui/Documentos/airflowalura/venv/lib/python3.9/site-packages/airflow/example_dags/example_task_group.py
[2023-06-05 23:32:39,879] {logging_mixin.py:115} INFO - [2023-06-05 23:32:39,879] {dag.py:2379} INFO - Sync 1 DAGs
[2023-06-05 23:32:39,932] {logging_mixin.py:115} INFO - [2023-06-05 23:32:39,932] {dag.py:2927} INFO - Setting next_dagrun for example_task_group to 2023-06-05T02:32:39.932316+00:00, run_after=2023-06-06T02:32:39.932316+00:00
[2023-06-05 23:32:39,970] {processor.py:161} INFO - Processing /home/gui/Documentos/airflowalura/venv/lib/python3.9/site-packages/airflow/example_dags/example_task_group.py took 0.193 seconds
[2023-06-05 23:33:24,436] {processor.py:153} INFO - Started process (PID=48317) to work on /home/gui/Documentos/airflowalura/venv/lib/python3.9/site-packages/airflow/example_dags/example_task_group.py
[2023-06-05 23:33:24,444] {processor.py:641} INFO - Processing file /home/gui/Documentos/airflowalura/venv/lib/python3.9/site-packages/airflow/example_dags/example_task_group.py for tasks to queue
[2023-06-05 23:33:24,445] {logging_mixin.py:115} INFO - [2023-06-05 23:33:24,445] {dagbag.py:507} INFO - Filling up the DagBag from /home/gui/Documentos/airflowalura/venv/lib/python3.9/site-packages/airflow/example_dags/example_task_group.py
[2023-06-05 23:33:24,469] {processor.py:651} INFO - DAG(s) dict_keys(['example_task_group']) retrieved from /home/gui/Documentos/airflowalura/venv/lib/python3.9/site-packages/airflow/example_dags/example_task_group.py
[2023-06-05 23:33:24,530] {logging_mixin.py:115} INFO - [2023-06-05 23:33:24,530] {dag.py:2379} INFO - Sync 1 DAGs
[2023-06-05 23:33:24,578] {logging_mixin.py:115} INFO - [2023-06-05 23:33:24,577] {dag.py:2927} INFO - Setting next_dagrun for example_task_group to 2023-06-05T02:33:24.577360+00:00, run_after=2023-06-06T02:33:24.577360+00:00
[2023-06-05 23:33:24,969] {processor.py:161} INFO - Processing /home/gui/Documentos/airflowalura/venv/lib/python3.9/site-packages/airflow/example_dags/example_task_group.py took 0.545 seconds
[2023-06-05 23:34:04,048] {processor.py:153} INFO - Started process (PID=48921) to work on /home/gui/Documentos/airflowalura/venv/lib/python3.9/site-packages/airflow/example_dags/example_task_group.py
[2023-06-05 23:34:04,054] {processor.py:641} INFO - Processing file /home/gui/Documentos/airflowalura/venv/lib/python3.9/site-packages/airflow/example_dags/example_task_group.py for tasks to queue
[2023-06-05 23:34:04,055] {logging_mixin.py:115} INFO - [2023-06-05 23:34:04,055] {dagbag.py:507} INFO - Filling up the DagBag from /home/gui/Documentos/airflowalura/venv/lib/python3.9/site-packages/airflow/example_dags/example_task_group.py
[2023-06-05 23:34:04,081] {processor.py:651} INFO - DAG(s) dict_keys(['example_task_group']) retrieved from /home/gui/Documentos/airflowalura/venv/lib/python3.9/site-packages/airflow/example_dags/example_task_group.py
[2023-06-05 23:34:04,127] {logging_mixin.py:115} INFO - [2023-06-05 23:34:04,127] {dag.py:2379} INFO - Sync 1 DAGs
[2023-06-05 23:34:04,176] {logging_mixin.py:115} INFO - [2023-06-05 23:34:04,176] {dag.py:2927} INFO - Setting next_dagrun for example_task_group to 2023-06-05T02:34:04.175620+00:00, run_after=2023-06-06T02:34:04.175620+00:00
[2023-06-05 23:34:04,203] {processor.py:161} INFO - Processing /home/gui/Documentos/airflowalura/venv/lib/python3.9/site-packages/airflow/example_dags/example_task_group.py took 0.167 seconds
[2023-06-05 23:34:40,270] {processor.py:153} INFO - Started process (PID=49490) to work on /home/gui/Documentos/airflowalura/venv/lib/python3.9/site-packages/airflow/example_dags/example_task_group.py
[2023-06-05 23:34:40,275] {processor.py:641} INFO - Processing file /home/gui/Documentos/airflowalura/venv/lib/python3.9/site-packages/airflow/example_dags/example_task_group.py for tasks to queue
[2023-06-05 23:34:40,276] {logging_mixin.py:115} INFO - [2023-06-05 23:34:40,276] {dagbag.py:507} INFO - Filling up the DagBag from /home/gui/Documentos/airflowalura/venv/lib/python3.9/site-packages/airflow/example_dags/example_task_group.py
[2023-06-05 23:34:40,299] {processor.py:651} INFO - DAG(s) dict_keys(['example_task_group']) retrieved from /home/gui/Documentos/airflowalura/venv/lib/python3.9/site-packages/airflow/example_dags/example_task_group.py
[2023-06-05 23:34:40,356] {logging_mixin.py:115} INFO - [2023-06-05 23:34:40,356] {dag.py:2379} INFO - Sync 1 DAGs
[2023-06-05 23:34:40,396] {logging_mixin.py:115} INFO - [2023-06-05 23:34:40,396] {dag.py:2927} INFO - Setting next_dagrun for example_task_group to 2023-06-05T02:34:40.395648+00:00, run_after=2023-06-06T02:34:40.395648+00:00
[2023-06-05 23:34:40,433] {processor.py:161} INFO - Processing /home/gui/Documentos/airflowalura/venv/lib/python3.9/site-packages/airflow/example_dags/example_task_group.py took 0.173 seconds
[2023-06-05 23:35:21,548] {processor.py:153} INFO - Started process (PID=49554) to work on /home/gui/Documentos/airflowalura/venv/lib/python3.9/site-packages/airflow/example_dags/example_task_group.py
[2023-06-05 23:35:21,555] {processor.py:641} INFO - Processing file /home/gui/Documentos/airflowalura/venv/lib/python3.9/site-packages/airflow/example_dags/example_task_group.py for tasks to queue
[2023-06-05 23:35:21,556] {logging_mixin.py:115} INFO - [2023-06-05 23:35:21,556] {dagbag.py:507} INFO - Filling up the DagBag from /home/gui/Documentos/airflowalura/venv/lib/python3.9/site-packages/airflow/example_dags/example_task_group.py
[2023-06-05 23:35:21,575] {processor.py:651} INFO - DAG(s) dict_keys(['example_task_group']) retrieved from /home/gui/Documentos/airflowalura/venv/lib/python3.9/site-packages/airflow/example_dags/example_task_group.py
[2023-06-05 23:35:21,622] {logging_mixin.py:115} INFO - [2023-06-05 23:35:21,622] {dag.py:2379} INFO - Sync 1 DAGs
[2023-06-05 23:35:21,660] {logging_mixin.py:115} INFO - [2023-06-05 23:35:21,660] {dag.py:2927} INFO - Setting next_dagrun for example_task_group to 2023-06-05T02:35:21.660318+00:00, run_after=2023-06-06T02:35:21.660318+00:00
[2023-06-05 23:35:21,686] {processor.py:161} INFO - Processing /home/gui/Documentos/airflowalura/venv/lib/python3.9/site-packages/airflow/example_dags/example_task_group.py took 0.149 seconds
[2023-06-05 23:36:03,895] {processor.py:153} INFO - Started process (PID=49611) to work on /home/gui/Documentos/airflowalura/venv/lib/python3.9/site-packages/airflow/example_dags/example_task_group.py
[2023-06-05 23:36:03,896] {processor.py:641} INFO - Processing file /home/gui/Documentos/airflowalura/venv/lib/python3.9/site-packages/airflow/example_dags/example_task_group.py for tasks to queue
[2023-06-05 23:36:03,897] {logging_mixin.py:115} INFO - [2023-06-05 23:36:03,897] {dagbag.py:507} INFO - Filling up the DagBag from /home/gui/Documentos/airflowalura/venv/lib/python3.9/site-packages/airflow/example_dags/example_task_group.py
[2023-06-05 23:36:03,920] {processor.py:651} INFO - DAG(s) dict_keys(['example_task_group']) retrieved from /home/gui/Documentos/airflowalura/venv/lib/python3.9/site-packages/airflow/example_dags/example_task_group.py
[2023-06-05 23:36:03,982] {logging_mixin.py:115} INFO - [2023-06-05 23:36:03,982] {dag.py:2379} INFO - Sync 1 DAGs
[2023-06-05 23:36:04,033] {logging_mixin.py:115} INFO - [2023-06-05 23:36:04,033] {dag.py:2927} INFO - Setting next_dagrun for example_task_group to 2023-06-05T02:36:04.032819+00:00, run_after=2023-06-06T02:36:04.032819+00:00
[2023-06-05 23:36:04,122] {processor.py:161} INFO - Processing /home/gui/Documentos/airflowalura/venv/lib/python3.9/site-packages/airflow/example_dags/example_task_group.py took 0.239 seconds
[2023-06-05 23:36:51,650] {processor.py:153} INFO - Started process (PID=49706) to work on /home/gui/Documentos/airflowalura/venv/lib/python3.9/site-packages/airflow/example_dags/example_task_group.py
[2023-06-05 23:36:51,653] {processor.py:641} INFO - Processing file /home/gui/Documentos/airflowalura/venv/lib/python3.9/site-packages/airflow/example_dags/example_task_group.py for tasks to queue
[2023-06-05 23:36:51,654] {logging_mixin.py:115} INFO - [2023-06-05 23:36:51,654] {dagbag.py:507} INFO - Filling up the DagBag from /home/gui/Documentos/airflowalura/venv/lib/python3.9/site-packages/airflow/example_dags/example_task_group.py
[2023-06-05 23:36:51,675] {processor.py:651} INFO - DAG(s) dict_keys(['example_task_group']) retrieved from /home/gui/Documentos/airflowalura/venv/lib/python3.9/site-packages/airflow/example_dags/example_task_group.py
[2023-06-05 23:36:51,720] {logging_mixin.py:115} INFO - [2023-06-05 23:36:51,720] {dag.py:2379} INFO - Sync 1 DAGs
[2023-06-05 23:36:51,765] {logging_mixin.py:115} INFO - [2023-06-05 23:36:51,765] {dag.py:2927} INFO - Setting next_dagrun for example_task_group to 2023-06-05T02:36:51.764500+00:00, run_after=2023-06-06T02:36:51.764500+00:00
[2023-06-05 23:36:51,805] {processor.py:161} INFO - Processing /home/gui/Documentos/airflowalura/venv/lib/python3.9/site-packages/airflow/example_dags/example_task_group.py took 0.168 seconds
[2023-06-05 23:37:33,363] {processor.py:153} INFO - Started process (PID=49795) to work on /home/gui/Documentos/airflowalura/venv/lib/python3.9/site-packages/airflow/example_dags/example_task_group.py
[2023-06-05 23:37:33,364] {processor.py:641} INFO - Processing file /home/gui/Documentos/airflowalura/venv/lib/python3.9/site-packages/airflow/example_dags/example_task_group.py for tasks to queue
[2023-06-05 23:37:33,366] {logging_mixin.py:115} INFO - [2023-06-05 23:37:33,366] {dagbag.py:507} INFO - Filling up the DagBag from /home/gui/Documentos/airflowalura/venv/lib/python3.9/site-packages/airflow/example_dags/example_task_group.py
[2023-06-05 23:37:33,394] {processor.py:651} INFO - DAG(s) dict_keys(['example_task_group']) retrieved from /home/gui/Documentos/airflowalura/venv/lib/python3.9/site-packages/airflow/example_dags/example_task_group.py
[2023-06-05 23:37:33,459] {logging_mixin.py:115} INFO - [2023-06-05 23:37:33,459] {dag.py:2379} INFO - Sync 1 DAGs
[2023-06-05 23:37:33,536] {logging_mixin.py:115} INFO - [2023-06-05 23:37:33,530] {dag.py:2927} INFO - Setting next_dagrun for example_task_group to 2023-06-05T02:37:33.529940+00:00, run_after=2023-06-06T02:37:33.529940+00:00
[2023-06-05 23:37:33,567] {processor.py:161} INFO - Processing /home/gui/Documentos/airflowalura/venv/lib/python3.9/site-packages/airflow/example_dags/example_task_group.py took 0.219 seconds
[2023-06-05 23:38:15,922] {processor.py:153} INFO - Started process (PID=49908) to work on /home/gui/Documentos/airflowalura/venv/lib/python3.9/site-packages/airflow/example_dags/example_task_group.py
[2023-06-05 23:38:15,923] {processor.py:641} INFO - Processing file /home/gui/Documentos/airflowalura/venv/lib/python3.9/site-packages/airflow/example_dags/example_task_group.py for tasks to queue
[2023-06-05 23:38:15,924] {logging_mixin.py:115} INFO - [2023-06-05 23:38:15,924] {dagbag.py:507} INFO - Filling up the DagBag from /home/gui/Documentos/airflowalura/venv/lib/python3.9/site-packages/airflow/example_dags/example_task_group.py
[2023-06-05 23:38:15,936] {processor.py:651} INFO - DAG(s) dict_keys(['example_task_group']) retrieved from /home/gui/Documentos/airflowalura/venv/lib/python3.9/site-packages/airflow/example_dags/example_task_group.py
[2023-06-05 23:38:15,970] {logging_mixin.py:115} INFO - [2023-06-05 23:38:15,970] {dag.py:2379} INFO - Sync 1 DAGs
[2023-06-05 23:38:16,001] {logging_mixin.py:115} INFO - [2023-06-05 23:38:16,001] {dag.py:2927} INFO - Setting next_dagrun for example_task_group to 2023-06-05T02:38:16.000626+00:00, run_after=2023-06-06T02:38:16.000626+00:00
[2023-06-05 23:38:16,026] {processor.py:161} INFO - Processing /home/gui/Documentos/airflowalura/venv/lib/python3.9/site-packages/airflow/example_dags/example_task_group.py took 0.111 seconds
[2023-06-05 23:38:59,943] {processor.py:153} INFO - Started process (PID=49986) to work on /home/gui/Documentos/airflowalura/venv/lib/python3.9/site-packages/airflow/example_dags/example_task_group.py
[2023-06-05 23:38:59,945] {processor.py:641} INFO - Processing file /home/gui/Documentos/airflowalura/venv/lib/python3.9/site-packages/airflow/example_dags/example_task_group.py for tasks to queue
[2023-06-05 23:38:59,946] {logging_mixin.py:115} INFO - [2023-06-05 23:38:59,945] {dagbag.py:507} INFO - Filling up the DagBag from /home/gui/Documentos/airflowalura/venv/lib/python3.9/site-packages/airflow/example_dags/example_task_group.py
[2023-06-05 23:38:59,964] {processor.py:651} INFO - DAG(s) dict_keys(['example_task_group']) retrieved from /home/gui/Documentos/airflowalura/venv/lib/python3.9/site-packages/airflow/example_dags/example_task_group.py
[2023-06-05 23:39:00,007] {logging_mixin.py:115} INFO - [2023-06-05 23:39:00,006] {dag.py:2379} INFO - Sync 1 DAGs
[2023-06-05 23:39:00,047] {logging_mixin.py:115} INFO - [2023-06-05 23:39:00,047] {dag.py:2927} INFO - Setting next_dagrun for example_task_group to 2023-06-05T02:39:00.047274+00:00, run_after=2023-06-06T02:39:00.047274+00:00
[2023-06-05 23:39:00,080] {processor.py:161} INFO - Processing /home/gui/Documentos/airflowalura/venv/lib/python3.9/site-packages/airflow/example_dags/example_task_group.py took 0.147 seconds
[2023-06-05 23:39:41,117] {processor.py:153} INFO - Started process (PID=50059) to work on /home/gui/Documentos/airflowalura/venv/lib/python3.9/site-packages/airflow/example_dags/example_task_group.py
[2023-06-05 23:39:41,123] {processor.py:641} INFO - Processing file /home/gui/Documentos/airflowalura/venv/lib/python3.9/site-packages/airflow/example_dags/example_task_group.py for tasks to queue
[2023-06-05 23:39:41,124] {logging_mixin.py:115} INFO - [2023-06-05 23:39:41,124] {dagbag.py:507} INFO - Filling up the DagBag from /home/gui/Documentos/airflowalura/venv/lib/python3.9/site-packages/airflow/example_dags/example_task_group.py
[2023-06-05 23:39:41,157] {processor.py:651} INFO - DAG(s) dict_keys(['example_task_group']) retrieved from /home/gui/Documentos/airflowalura/venv/lib/python3.9/site-packages/airflow/example_dags/example_task_group.py
[2023-06-05 23:39:41,208] {logging_mixin.py:115} INFO - [2023-06-05 23:39:41,208] {dag.py:2379} INFO - Sync 1 DAGs
[2023-06-05 23:39:41,248] {logging_mixin.py:115} INFO - [2023-06-05 23:39:41,248] {dag.py:2927} INFO - Setting next_dagrun for example_task_group to 2023-06-05T02:39:41.248137+00:00, run_after=2023-06-06T02:39:41.248137+00:00
[2023-06-05 23:39:41,276] {processor.py:161} INFO - Processing /home/gui/Documentos/airflowalura/venv/lib/python3.9/site-packages/airflow/example_dags/example_task_group.py took 0.168 seconds
[2023-06-05 23:40:20,248] {processor.py:153} INFO - Started process (PID=50375) to work on /home/gui/Documentos/airflowalura/venv/lib/python3.9/site-packages/airflow/example_dags/example_task_group.py
[2023-06-05 23:40:20,251] {processor.py:641} INFO - Processing file /home/gui/Documentos/airflowalura/venv/lib/python3.9/site-packages/airflow/example_dags/example_task_group.py for tasks to queue
[2023-06-05 23:40:20,252] {logging_mixin.py:115} INFO - [2023-06-05 23:40:20,252] {dagbag.py:507} INFO - Filling up the DagBag from /home/gui/Documentos/airflowalura/venv/lib/python3.9/site-packages/airflow/example_dags/example_task_group.py
[2023-06-05 23:40:20,264] {processor.py:651} INFO - DAG(s) dict_keys(['example_task_group']) retrieved from /home/gui/Documentos/airflowalura/venv/lib/python3.9/site-packages/airflow/example_dags/example_task_group.py
[2023-06-05 23:40:20,335] {logging_mixin.py:115} INFO - [2023-06-05 23:40:20,335] {dag.py:2379} INFO - Sync 1 DAGs
[2023-06-05 23:40:20,384] {logging_mixin.py:115} INFO - [2023-06-05 23:40:20,384] {dag.py:2927} INFO - Setting next_dagrun for example_task_group to 2023-06-05T02:40:20.383533+00:00, run_after=2023-06-06T02:40:20.383533+00:00
[2023-06-05 23:40:20,413] {processor.py:161} INFO - Processing /home/gui/Documentos/airflowalura/venv/lib/python3.9/site-packages/airflow/example_dags/example_task_group.py took 0.175 seconds
[2023-06-05 23:40:55,429] {processor.py:153} INFO - Started process (PID=50494) to work on /home/gui/Documentos/airflowalura/venv/lib/python3.9/site-packages/airflow/example_dags/example_task_group.py
[2023-06-05 23:40:55,432] {processor.py:641} INFO - Processing file /home/gui/Documentos/airflowalura/venv/lib/python3.9/site-packages/airflow/example_dags/example_task_group.py for tasks to queue
[2023-06-05 23:40:55,432] {logging_mixin.py:115} INFO - [2023-06-05 23:40:55,432] {dagbag.py:507} INFO - Filling up the DagBag from /home/gui/Documentos/airflowalura/venv/lib/python3.9/site-packages/airflow/example_dags/example_task_group.py
[2023-06-05 23:40:55,453] {processor.py:651} INFO - DAG(s) dict_keys(['example_task_group']) retrieved from /home/gui/Documentos/airflowalura/venv/lib/python3.9/site-packages/airflow/example_dags/example_task_group.py
[2023-06-05 23:40:55,506] {logging_mixin.py:115} INFO - [2023-06-05 23:40:55,506] {dag.py:2379} INFO - Sync 1 DAGs
[2023-06-05 23:40:55,556] {logging_mixin.py:115} INFO - [2023-06-05 23:40:55,556] {dag.py:2927} INFO - Setting next_dagrun for example_task_group to 2023-06-05T02:40:55.556088+00:00, run_after=2023-06-06T02:40:55.556088+00:00
[2023-06-05 23:40:55,646] {processor.py:161} INFO - Processing /home/gui/Documentos/airflowalura/venv/lib/python3.9/site-packages/airflow/example_dags/example_task_group.py took 0.233 seconds
[2023-06-05 23:41:29,762] {processor.py:153} INFO - Started process (PID=50730) to work on /home/gui/Documentos/airflowalura/venv/lib/python3.9/site-packages/airflow/example_dags/example_task_group.py
[2023-06-05 23:41:29,765] {processor.py:641} INFO - Processing file /home/gui/Documentos/airflowalura/venv/lib/python3.9/site-packages/airflow/example_dags/example_task_group.py for tasks to queue
[2023-06-05 23:41:29,766] {logging_mixin.py:115} INFO - [2023-06-05 23:41:29,766] {dagbag.py:507} INFO - Filling up the DagBag from /home/gui/Documentos/airflowalura/venv/lib/python3.9/site-packages/airflow/example_dags/example_task_group.py
[2023-06-05 23:41:29,801] {processor.py:651} INFO - DAG(s) dict_keys(['example_task_group']) retrieved from /home/gui/Documentos/airflowalura/venv/lib/python3.9/site-packages/airflow/example_dags/example_task_group.py
[2023-06-05 23:41:29,851] {logging_mixin.py:115} INFO - [2023-06-05 23:41:29,851] {dag.py:2379} INFO - Sync 1 DAGs
[2023-06-05 23:41:29,890] {logging_mixin.py:115} INFO - [2023-06-05 23:41:29,889] {dag.py:2927} INFO - Setting next_dagrun for example_task_group to 2023-06-05T02:41:29.889464+00:00, run_after=2023-06-06T02:41:29.889464+00:00
[2023-06-05 23:41:30,242] {processor.py:161} INFO - Processing /home/gui/Documentos/airflowalura/venv/lib/python3.9/site-packages/airflow/example_dags/example_task_group.py took 0.486 seconds
[2023-06-05 23:42:11,836] {processor.py:153} INFO - Started process (PID=50825) to work on /home/gui/Documentos/airflowalura/venv/lib/python3.9/site-packages/airflow/example_dags/example_task_group.py
[2023-06-05 23:42:11,839] {processor.py:641} INFO - Processing file /home/gui/Documentos/airflowalura/venv/lib/python3.9/site-packages/airflow/example_dags/example_task_group.py for tasks to queue
[2023-06-05 23:42:11,840] {logging_mixin.py:115} INFO - [2023-06-05 23:42:11,840] {dagbag.py:507} INFO - Filling up the DagBag from /home/gui/Documentos/airflowalura/venv/lib/python3.9/site-packages/airflow/example_dags/example_task_group.py
[2023-06-05 23:42:11,866] {processor.py:651} INFO - DAG(s) dict_keys(['example_task_group']) retrieved from /home/gui/Documentos/airflowalura/venv/lib/python3.9/site-packages/airflow/example_dags/example_task_group.py
[2023-06-05 23:42:11,919] {logging_mixin.py:115} INFO - [2023-06-05 23:42:11,919] {dag.py:2379} INFO - Sync 1 DAGs
[2023-06-05 23:42:11,957] {logging_mixin.py:115} INFO - [2023-06-05 23:42:11,956] {dag.py:2927} INFO - Setting next_dagrun for example_task_group to 2023-06-05T02:42:11.956405+00:00, run_after=2023-06-06T02:42:11.956405+00:00
[2023-06-05 23:42:12,201] {processor.py:161} INFO - Processing /home/gui/Documentos/airflowalura/venv/lib/python3.9/site-packages/airflow/example_dags/example_task_group.py took 0.372 seconds
