[2023-06-05 23:05:35,638] {processor.py:153} INFO - Started process (PID=44977) to work on /home/gui/Documentos/airflowalura/venv/lib/python3.9/site-packages/airflow/example_dags/example_branch_python_dop_operator_3.py
[2023-06-05 23:05:35,639] {processor.py:641} INFO - Processing file /home/gui/Documentos/airflowalura/venv/lib/python3.9/site-packages/airflow/example_dags/example_branch_python_dop_operator_3.py for tasks to queue
[2023-06-05 23:05:35,640] {logging_mixin.py:115} INFO - [2023-06-05 23:05:35,640] {dagbag.py:507} INFO - Filling up the DagBag from /home/gui/Documentos/airflowalura/venv/lib/python3.9/site-packages/airflow/example_dags/example_branch_python_dop_operator_3.py
[2023-06-05 23:05:35,657] {processor.py:651} INFO - DAG(s) dict_keys(['example_branch_dop_operator_v3']) retrieved from /home/gui/Documentos/airflowalura/venv/lib/python3.9/site-packages/airflow/example_dags/example_branch_python_dop_operator_3.py
[2023-06-05 23:05:35,749] {logging_mixin.py:115} INFO - [2023-06-05 23:05:35,749] {manager.py:508} INFO - Created Permission View: can edit on DAG:example_branch_dop_operator_v3
[2023-06-05 23:05:35,762] {logging_mixin.py:115} INFO - [2023-06-05 23:05:35,762] {manager.py:508} INFO - Created Permission View: can delete on DAG:example_branch_dop_operator_v3
[2023-06-05 23:05:36,061] {logging_mixin.py:115} INFO - [2023-06-05 23:05:36,061] {manager.py:508} INFO - Created Permission View: can read on DAG:example_branch_dop_operator_v3
[2023-06-05 23:05:36,062] {logging_mixin.py:115} INFO - [2023-06-05 23:05:36,061] {dag.py:2379} INFO - Sync 1 DAGs
[2023-06-05 23:05:36,076] {logging_mixin.py:115} INFO - [2023-06-05 23:05:36,076] {dag.py:2398} INFO - Creating ORM DAG for example_branch_dop_operator_v3
[2023-06-05 23:05:36,097] {logging_mixin.py:115} INFO - [2023-06-05 23:05:36,097] {dag.py:2927} INFO - Setting next_dagrun for example_branch_dop_operator_v3 to 2023-06-06T02:04:00+00:00, run_after=2023-06-06T02:05:00+00:00
[2023-06-05 23:05:36,118] {processor.py:161} INFO - Processing /home/gui/Documentos/airflowalura/venv/lib/python3.9/site-packages/airflow/example_dags/example_branch_python_dop_operator_3.py took 0.485 seconds
[2023-06-05 23:06:14,683] {processor.py:153} INFO - Started process (PID=45014) to work on /home/gui/Documentos/airflowalura/venv/lib/python3.9/site-packages/airflow/example_dags/example_branch_python_dop_operator_3.py
[2023-06-05 23:06:14,685] {processor.py:641} INFO - Processing file /home/gui/Documentos/airflowalura/venv/lib/python3.9/site-packages/airflow/example_dags/example_branch_python_dop_operator_3.py for tasks to queue
[2023-06-05 23:06:14,686] {logging_mixin.py:115} INFO - [2023-06-05 23:06:14,686] {dagbag.py:507} INFO - Filling up the DagBag from /home/gui/Documentos/airflowalura/venv/lib/python3.9/site-packages/airflow/example_dags/example_branch_python_dop_operator_3.py
[2023-06-05 23:06:14,704] {processor.py:651} INFO - DAG(s) dict_keys(['example_branch_dop_operator_v3']) retrieved from /home/gui/Documentos/airflowalura/venv/lib/python3.9/site-packages/airflow/example_dags/example_branch_python_dop_operator_3.py
[2023-06-05 23:06:14,730] {logging_mixin.py:115} INFO - [2023-06-05 23:06:14,730] {dag.py:2379} INFO - Sync 1 DAGs
[2023-06-05 23:06:14,766] {logging_mixin.py:115} INFO - [2023-06-05 23:06:14,766] {dag.py:2927} INFO - Setting next_dagrun for example_branch_dop_operator_v3 to 2023-06-06T02:05:00+00:00, run_after=2023-06-06T02:06:00+00:00
[2023-06-05 23:06:14,850] {processor.py:161} INFO - Processing /home/gui/Documentos/airflowalura/venv/lib/python3.9/site-packages/airflow/example_dags/example_branch_python_dop_operator_3.py took 0.174 seconds
[2023-06-05 23:06:51,004] {processor.py:153} INFO - Started process (PID=45048) to work on /home/gui/Documentos/airflowalura/venv/lib/python3.9/site-packages/airflow/example_dags/example_branch_python_dop_operator_3.py
[2023-06-05 23:06:51,005] {processor.py:641} INFO - Processing file /home/gui/Documentos/airflowalura/venv/lib/python3.9/site-packages/airflow/example_dags/example_branch_python_dop_operator_3.py for tasks to queue
[2023-06-05 23:06:51,006] {logging_mixin.py:115} INFO - [2023-06-05 23:06:51,006] {dagbag.py:507} INFO - Filling up the DagBag from /home/gui/Documentos/airflowalura/venv/lib/python3.9/site-packages/airflow/example_dags/example_branch_python_dop_operator_3.py
[2023-06-05 23:06:51,023] {processor.py:651} INFO - DAG(s) dict_keys(['example_branch_dop_operator_v3']) retrieved from /home/gui/Documentos/airflowalura/venv/lib/python3.9/site-packages/airflow/example_dags/example_branch_python_dop_operator_3.py
[2023-06-05 23:06:51,051] {logging_mixin.py:115} INFO - [2023-06-05 23:06:51,051] {dag.py:2379} INFO - Sync 1 DAGs
[2023-06-05 23:06:51,086] {logging_mixin.py:115} INFO - [2023-06-05 23:06:51,086] {dag.py:2927} INFO - Setting next_dagrun for example_branch_dop_operator_v3 to 2023-06-06T02:05:00+00:00, run_after=2023-06-06T02:06:00+00:00
[2023-06-05 23:06:51,104] {processor.py:161} INFO - Processing /home/gui/Documentos/airflowalura/venv/lib/python3.9/site-packages/airflow/example_dags/example_branch_python_dop_operator_3.py took 0.106 seconds
[2023-06-05 23:07:31,241] {processor.py:153} INFO - Started process (PID=45103) to work on /home/gui/Documentos/airflowalura/venv/lib/python3.9/site-packages/airflow/example_dags/example_branch_python_dop_operator_3.py
[2023-06-05 23:07:31,242] {processor.py:641} INFO - Processing file /home/gui/Documentos/airflowalura/venv/lib/python3.9/site-packages/airflow/example_dags/example_branch_python_dop_operator_3.py for tasks to queue
[2023-06-05 23:07:31,242] {logging_mixin.py:115} INFO - [2023-06-05 23:07:31,242] {dagbag.py:507} INFO - Filling up the DagBag from /home/gui/Documentos/airflowalura/venv/lib/python3.9/site-packages/airflow/example_dags/example_branch_python_dop_operator_3.py
[2023-06-05 23:07:31,259] {processor.py:651} INFO - DAG(s) dict_keys(['example_branch_dop_operator_v3']) retrieved from /home/gui/Documentos/airflowalura/venv/lib/python3.9/site-packages/airflow/example_dags/example_branch_python_dop_operator_3.py
[2023-06-05 23:07:31,289] {logging_mixin.py:115} INFO - [2023-06-05 23:07:31,289] {dag.py:2379} INFO - Sync 1 DAGs
[2023-06-05 23:07:31,330] {logging_mixin.py:115} INFO - [2023-06-05 23:07:31,330] {dag.py:2927} INFO - Setting next_dagrun for example_branch_dop_operator_v3 to 2023-06-06T02:06:00+00:00, run_after=2023-06-06T02:07:00+00:00
[2023-06-05 23:07:31,384] {processor.py:161} INFO - Processing /home/gui/Documentos/airflowalura/venv/lib/python3.9/site-packages/airflow/example_dags/example_branch_python_dop_operator_3.py took 0.150 seconds
[2023-06-05 23:08:11,039] {processor.py:153} INFO - Started process (PID=45143) to work on /home/gui/Documentos/airflowalura/venv/lib/python3.9/site-packages/airflow/example_dags/example_branch_python_dop_operator_3.py
[2023-06-05 23:08:11,041] {processor.py:641} INFO - Processing file /home/gui/Documentos/airflowalura/venv/lib/python3.9/site-packages/airflow/example_dags/example_branch_python_dop_operator_3.py for tasks to queue
[2023-06-05 23:08:11,042] {logging_mixin.py:115} INFO - [2023-06-05 23:08:11,041] {dagbag.py:507} INFO - Filling up the DagBag from /home/gui/Documentos/airflowalura/venv/lib/python3.9/site-packages/airflow/example_dags/example_branch_python_dop_operator_3.py
[2023-06-05 23:08:11,059] {processor.py:651} INFO - DAG(s) dict_keys(['example_branch_dop_operator_v3']) retrieved from /home/gui/Documentos/airflowalura/venv/lib/python3.9/site-packages/airflow/example_dags/example_branch_python_dop_operator_3.py
[2023-06-05 23:08:11,085] {logging_mixin.py:115} INFO - [2023-06-05 23:08:11,085] {dag.py:2379} INFO - Sync 1 DAGs
[2023-06-05 23:08:11,122] {logging_mixin.py:115} INFO - [2023-06-05 23:08:11,122] {dag.py:2927} INFO - Setting next_dagrun for example_branch_dop_operator_v3 to 2023-06-06T02:07:00+00:00, run_after=2023-06-06T02:08:00+00:00
[2023-06-05 23:08:11,534] {processor.py:161} INFO - Processing /home/gui/Documentos/airflowalura/venv/lib/python3.9/site-packages/airflow/example_dags/example_branch_python_dop_operator_3.py took 0.500 seconds
[2023-06-05 23:08:49,309] {processor.py:153} INFO - Started process (PID=45180) to work on /home/gui/Documentos/airflowalura/venv/lib/python3.9/site-packages/airflow/example_dags/example_branch_python_dop_operator_3.py
[2023-06-05 23:08:49,310] {processor.py:641} INFO - Processing file /home/gui/Documentos/airflowalura/venv/lib/python3.9/site-packages/airflow/example_dags/example_branch_python_dop_operator_3.py for tasks to queue
[2023-06-05 23:08:49,311] {logging_mixin.py:115} INFO - [2023-06-05 23:08:49,311] {dagbag.py:507} INFO - Filling up the DagBag from /home/gui/Documentos/airflowalura/venv/lib/python3.9/site-packages/airflow/example_dags/example_branch_python_dop_operator_3.py
[2023-06-05 23:08:49,328] {processor.py:651} INFO - DAG(s) dict_keys(['example_branch_dop_operator_v3']) retrieved from /home/gui/Documentos/airflowalura/venv/lib/python3.9/site-packages/airflow/example_dags/example_branch_python_dop_operator_3.py
[2023-06-05 23:08:49,357] {logging_mixin.py:115} INFO - [2023-06-05 23:08:49,357] {dag.py:2379} INFO - Sync 1 DAGs
[2023-06-05 23:08:49,394] {logging_mixin.py:115} INFO - [2023-06-05 23:08:49,394] {dag.py:2927} INFO - Setting next_dagrun for example_branch_dop_operator_v3 to 2023-06-06T02:07:00+00:00, run_after=2023-06-06T02:08:00+00:00
[2023-06-05 23:08:49,511] {processor.py:161} INFO - Processing /home/gui/Documentos/airflowalura/venv/lib/python3.9/site-packages/airflow/example_dags/example_branch_python_dop_operator_3.py took 0.208 seconds
[2023-06-05 23:09:30,445] {processor.py:153} INFO - Started process (PID=45214) to work on /home/gui/Documentos/airflowalura/venv/lib/python3.9/site-packages/airflow/example_dags/example_branch_python_dop_operator_3.py
[2023-06-05 23:09:30,446] {processor.py:641} INFO - Processing file /home/gui/Documentos/airflowalura/venv/lib/python3.9/site-packages/airflow/example_dags/example_branch_python_dop_operator_3.py for tasks to queue
[2023-06-05 23:09:30,447] {logging_mixin.py:115} INFO - [2023-06-05 23:09:30,447] {dagbag.py:507} INFO - Filling up the DagBag from /home/gui/Documentos/airflowalura/venv/lib/python3.9/site-packages/airflow/example_dags/example_branch_python_dop_operator_3.py
[2023-06-05 23:09:30,468] {processor.py:651} INFO - DAG(s) dict_keys(['example_branch_dop_operator_v3']) retrieved from /home/gui/Documentos/airflowalura/venv/lib/python3.9/site-packages/airflow/example_dags/example_branch_python_dop_operator_3.py
[2023-06-05 23:09:30,501] {logging_mixin.py:115} INFO - [2023-06-05 23:09:30,501] {dag.py:2379} INFO - Sync 1 DAGs
[2023-06-05 23:09:30,543] {logging_mixin.py:115} INFO - [2023-06-05 23:09:30,543] {dag.py:2927} INFO - Setting next_dagrun for example_branch_dop_operator_v3 to 2023-06-06T02:08:00+00:00, run_after=2023-06-06T02:09:00+00:00
[2023-06-05 23:09:30,573] {processor.py:161} INFO - Processing /home/gui/Documentos/airflowalura/venv/lib/python3.9/site-packages/airflow/example_dags/example_branch_python_dop_operator_3.py took 0.135 seconds
[2023-06-05 23:10:09,811] {processor.py:153} INFO - Started process (PID=45247) to work on /home/gui/Documentos/airflowalura/venv/lib/python3.9/site-packages/airflow/example_dags/example_branch_python_dop_operator_3.py
[2023-06-05 23:10:09,812] {processor.py:641} INFO - Processing file /home/gui/Documentos/airflowalura/venv/lib/python3.9/site-packages/airflow/example_dags/example_branch_python_dop_operator_3.py for tasks to queue
[2023-06-05 23:10:09,813] {logging_mixin.py:115} INFO - [2023-06-05 23:10:09,813] {dagbag.py:507} INFO - Filling up the DagBag from /home/gui/Documentos/airflowalura/venv/lib/python3.9/site-packages/airflow/example_dags/example_branch_python_dop_operator_3.py
[2023-06-05 23:10:09,834] {processor.py:651} INFO - DAG(s) dict_keys(['example_branch_dop_operator_v3']) retrieved from /home/gui/Documentos/airflowalura/venv/lib/python3.9/site-packages/airflow/example_dags/example_branch_python_dop_operator_3.py
[2023-06-05 23:10:09,867] {logging_mixin.py:115} INFO - [2023-06-05 23:10:09,867] {dag.py:2379} INFO - Sync 1 DAGs
[2023-06-05 23:10:09,914] {logging_mixin.py:115} INFO - [2023-06-05 23:10:09,913] {dag.py:2927} INFO - Setting next_dagrun for example_branch_dop_operator_v3 to 2023-06-06T02:09:00+00:00, run_after=2023-06-06T02:10:00+00:00
[2023-06-05 23:10:09,939] {processor.py:161} INFO - Processing /home/gui/Documentos/airflowalura/venv/lib/python3.9/site-packages/airflow/example_dags/example_branch_python_dop_operator_3.py took 0.135 seconds
[2023-06-05 23:10:53,358] {processor.py:153} INFO - Started process (PID=45282) to work on /home/gui/Documentos/airflowalura/venv/lib/python3.9/site-packages/airflow/example_dags/example_branch_python_dop_operator_3.py
[2023-06-05 23:10:53,359] {processor.py:641} INFO - Processing file /home/gui/Documentos/airflowalura/venv/lib/python3.9/site-packages/airflow/example_dags/example_branch_python_dop_operator_3.py for tasks to queue
[2023-06-05 23:10:53,360] {logging_mixin.py:115} INFO - [2023-06-05 23:10:53,360] {dagbag.py:507} INFO - Filling up the DagBag from /home/gui/Documentos/airflowalura/venv/lib/python3.9/site-packages/airflow/example_dags/example_branch_python_dop_operator_3.py
[2023-06-05 23:10:53,379] {processor.py:651} INFO - DAG(s) dict_keys(['example_branch_dop_operator_v3']) retrieved from /home/gui/Documentos/airflowalura/venv/lib/python3.9/site-packages/airflow/example_dags/example_branch_python_dop_operator_3.py
[2023-06-05 23:10:53,410] {logging_mixin.py:115} INFO - [2023-06-05 23:10:53,410] {dag.py:2379} INFO - Sync 1 DAGs
[2023-06-05 23:10:53,453] {logging_mixin.py:115} INFO - [2023-06-05 23:10:53,453] {dag.py:2927} INFO - Setting next_dagrun for example_branch_dop_operator_v3 to 2023-06-06T02:09:00+00:00, run_after=2023-06-06T02:10:00+00:00
[2023-06-05 23:10:53,477] {processor.py:161} INFO - Processing /home/gui/Documentos/airflowalura/venv/lib/python3.9/site-packages/airflow/example_dags/example_branch_python_dop_operator_3.py took 0.126 seconds
[2023-06-05 23:11:33,799] {processor.py:153} INFO - Started process (PID=45323) to work on /home/gui/Documentos/airflowalura/venv/lib/python3.9/site-packages/airflow/example_dags/example_branch_python_dop_operator_3.py
[2023-06-05 23:11:33,800] {processor.py:641} INFO - Processing file /home/gui/Documentos/airflowalura/venv/lib/python3.9/site-packages/airflow/example_dags/example_branch_python_dop_operator_3.py for tasks to queue
[2023-06-05 23:11:33,801] {logging_mixin.py:115} INFO - [2023-06-05 23:11:33,801] {dagbag.py:507} INFO - Filling up the DagBag from /home/gui/Documentos/airflowalura/venv/lib/python3.9/site-packages/airflow/example_dags/example_branch_python_dop_operator_3.py
[2023-06-05 23:11:33,821] {processor.py:651} INFO - DAG(s) dict_keys(['example_branch_dop_operator_v3']) retrieved from /home/gui/Documentos/airflowalura/venv/lib/python3.9/site-packages/airflow/example_dags/example_branch_python_dop_operator_3.py
[2023-06-05 23:11:33,852] {logging_mixin.py:115} INFO - [2023-06-05 23:11:33,851] {dag.py:2379} INFO - Sync 1 DAGs
[2023-06-05 23:11:33,894] {logging_mixin.py:115} INFO - [2023-06-05 23:11:33,893] {dag.py:2927} INFO - Setting next_dagrun for example_branch_dop_operator_v3 to 2023-06-06T02:10:00+00:00, run_after=2023-06-06T02:11:00+00:00
[2023-06-05 23:11:33,916] {processor.py:161} INFO - Processing /home/gui/Documentos/airflowalura/venv/lib/python3.9/site-packages/airflow/example_dags/example_branch_python_dop_operator_3.py took 0.126 seconds
[2023-06-05 23:12:12,672] {processor.py:153} INFO - Started process (PID=45358) to work on /home/gui/Documentos/airflowalura/venv/lib/python3.9/site-packages/airflow/example_dags/example_branch_python_dop_operator_3.py
[2023-06-05 23:12:12,674] {processor.py:641} INFO - Processing file /home/gui/Documentos/airflowalura/venv/lib/python3.9/site-packages/airflow/example_dags/example_branch_python_dop_operator_3.py for tasks to queue
[2023-06-05 23:12:12,675] {logging_mixin.py:115} INFO - [2023-06-05 23:12:12,675] {dagbag.py:507} INFO - Filling up the DagBag from /home/gui/Documentos/airflowalura/venv/lib/python3.9/site-packages/airflow/example_dags/example_branch_python_dop_operator_3.py
[2023-06-05 23:12:12,695] {processor.py:651} INFO - DAG(s) dict_keys(['example_branch_dop_operator_v3']) retrieved from /home/gui/Documentos/airflowalura/venv/lib/python3.9/site-packages/airflow/example_dags/example_branch_python_dop_operator_3.py
[2023-06-05 23:12:12,723] {logging_mixin.py:115} INFO - [2023-06-05 23:12:12,723] {dag.py:2379} INFO - Sync 1 DAGs
[2023-06-05 23:12:12,758] {logging_mixin.py:115} INFO - [2023-06-05 23:12:12,758] {dag.py:2927} INFO - Setting next_dagrun for example_branch_dop_operator_v3 to 2023-06-06T02:11:00+00:00, run_after=2023-06-06T02:12:00+00:00
[2023-06-05 23:12:12,825] {processor.py:161} INFO - Processing /home/gui/Documentos/airflowalura/venv/lib/python3.9/site-packages/airflow/example_dags/example_branch_python_dop_operator_3.py took 0.162 seconds
[2023-06-05 23:12:52,143] {processor.py:153} INFO - Started process (PID=45393) to work on /home/gui/Documentos/airflowalura/venv/lib/python3.9/site-packages/airflow/example_dags/example_branch_python_dop_operator_3.py
[2023-06-05 23:12:52,144] {processor.py:641} INFO - Processing file /home/gui/Documentos/airflowalura/venv/lib/python3.9/site-packages/airflow/example_dags/example_branch_python_dop_operator_3.py for tasks to queue
[2023-06-05 23:12:52,145] {logging_mixin.py:115} INFO - [2023-06-05 23:12:52,145] {dagbag.py:507} INFO - Filling up the DagBag from /home/gui/Documentos/airflowalura/venv/lib/python3.9/site-packages/airflow/example_dags/example_branch_python_dop_operator_3.py
[2023-06-05 23:12:52,170] {processor.py:651} INFO - DAG(s) dict_keys(['example_branch_dop_operator_v3']) retrieved from /home/gui/Documentos/airflowalura/venv/lib/python3.9/site-packages/airflow/example_dags/example_branch_python_dop_operator_3.py
[2023-06-05 23:12:52,199] {logging_mixin.py:115} INFO - [2023-06-05 23:12:52,199] {dag.py:2379} INFO - Sync 1 DAGs
[2023-06-05 23:12:52,234] {logging_mixin.py:115} INFO - [2023-06-05 23:12:52,233] {dag.py:2927} INFO - Setting next_dagrun for example_branch_dop_operator_v3 to 2023-06-06T02:11:00+00:00, run_after=2023-06-06T02:12:00+00:00
[2023-06-05 23:12:52,264] {processor.py:161} INFO - Processing /home/gui/Documentos/airflowalura/venv/lib/python3.9/site-packages/airflow/example_dags/example_branch_python_dop_operator_3.py took 0.134 seconds
[2023-06-05 23:13:37,952] {processor.py:153} INFO - Started process (PID=45433) to work on /home/gui/Documentos/airflowalura/venv/lib/python3.9/site-packages/airflow/example_dags/example_branch_python_dop_operator_3.py
[2023-06-05 23:13:37,953] {processor.py:641} INFO - Processing file /home/gui/Documentos/airflowalura/venv/lib/python3.9/site-packages/airflow/example_dags/example_branch_python_dop_operator_3.py for tasks to queue
[2023-06-05 23:13:37,954] {logging_mixin.py:115} INFO - [2023-06-05 23:13:37,953] {dagbag.py:507} INFO - Filling up the DagBag from /home/gui/Documentos/airflowalura/venv/lib/python3.9/site-packages/airflow/example_dags/example_branch_python_dop_operator_3.py
[2023-06-05 23:13:37,970] {processor.py:651} INFO - DAG(s) dict_keys(['example_branch_dop_operator_v3']) retrieved from /home/gui/Documentos/airflowalura/venv/lib/python3.9/site-packages/airflow/example_dags/example_branch_python_dop_operator_3.py
[2023-06-05 23:13:37,999] {logging_mixin.py:115} INFO - [2023-06-05 23:13:37,999] {dag.py:2379} INFO - Sync 1 DAGs
[2023-06-05 23:13:38,034] {logging_mixin.py:115} INFO - [2023-06-05 23:13:38,034] {dag.py:2927} INFO - Setting next_dagrun for example_branch_dop_operator_v3 to 2023-06-06T02:12:00+00:00, run_after=2023-06-06T02:13:00+00:00
[2023-06-05 23:13:38,051] {processor.py:161} INFO - Processing /home/gui/Documentos/airflowalura/venv/lib/python3.9/site-packages/airflow/example_dags/example_branch_python_dop_operator_3.py took 0.105 seconds
[2023-06-05 23:14:19,273] {processor.py:153} INFO - Started process (PID=45470) to work on /home/gui/Documentos/airflowalura/venv/lib/python3.9/site-packages/airflow/example_dags/example_branch_python_dop_operator_3.py
[2023-06-05 23:14:19,274] {processor.py:641} INFO - Processing file /home/gui/Documentos/airflowalura/venv/lib/python3.9/site-packages/airflow/example_dags/example_branch_python_dop_operator_3.py for tasks to queue
[2023-06-05 23:14:19,275] {logging_mixin.py:115} INFO - [2023-06-05 23:14:19,275] {dagbag.py:507} INFO - Filling up the DagBag from /home/gui/Documentos/airflowalura/venv/lib/python3.9/site-packages/airflow/example_dags/example_branch_python_dop_operator_3.py
[2023-06-05 23:14:19,290] {processor.py:651} INFO - DAG(s) dict_keys(['example_branch_dop_operator_v3']) retrieved from /home/gui/Documentos/airflowalura/venv/lib/python3.9/site-packages/airflow/example_dags/example_branch_python_dop_operator_3.py
[2023-06-05 23:14:19,319] {logging_mixin.py:115} INFO - [2023-06-05 23:14:19,319] {dag.py:2379} INFO - Sync 1 DAGs
[2023-06-05 23:14:19,354] {logging_mixin.py:115} INFO - [2023-06-05 23:14:19,353] {dag.py:2927} INFO - Setting next_dagrun for example_branch_dop_operator_v3 to 2023-06-06T02:13:00+00:00, run_after=2023-06-06T02:14:00+00:00
[2023-06-05 23:14:19,371] {processor.py:161} INFO - Processing /home/gui/Documentos/airflowalura/venv/lib/python3.9/site-packages/airflow/example_dags/example_branch_python_dop_operator_3.py took 0.104 seconds
[2023-06-05 23:14:56,395] {processor.py:153} INFO - Started process (PID=45503) to work on /home/gui/Documentos/airflowalura/venv/lib/python3.9/site-packages/airflow/example_dags/example_branch_python_dop_operator_3.py
[2023-06-05 23:14:56,397] {processor.py:641} INFO - Processing file /home/gui/Documentos/airflowalura/venv/lib/python3.9/site-packages/airflow/example_dags/example_branch_python_dop_operator_3.py for tasks to queue
[2023-06-05 23:14:56,398] {logging_mixin.py:115} INFO - [2023-06-05 23:14:56,398] {dagbag.py:507} INFO - Filling up the DagBag from /home/gui/Documentos/airflowalura/venv/lib/python3.9/site-packages/airflow/example_dags/example_branch_python_dop_operator_3.py
[2023-06-05 23:14:56,422] {processor.py:651} INFO - DAG(s) dict_keys(['example_branch_dop_operator_v3']) retrieved from /home/gui/Documentos/airflowalura/venv/lib/python3.9/site-packages/airflow/example_dags/example_branch_python_dop_operator_3.py
[2023-06-05 23:14:56,458] {logging_mixin.py:115} INFO - [2023-06-05 23:14:56,458] {dag.py:2379} INFO - Sync 1 DAGs
[2023-06-05 23:14:56,508] {logging_mixin.py:115} INFO - [2023-06-05 23:14:56,507] {dag.py:2927} INFO - Setting next_dagrun for example_branch_dop_operator_v3 to 2023-06-06T02:13:00+00:00, run_after=2023-06-06T02:14:00+00:00
[2023-06-05 23:14:56,532] {processor.py:161} INFO - Processing /home/gui/Documentos/airflowalura/venv/lib/python3.9/site-packages/airflow/example_dags/example_branch_python_dop_operator_3.py took 0.145 seconds
[2023-06-05 23:15:35,379] {processor.py:153} INFO - Started process (PID=45552) to work on /home/gui/Documentos/airflowalura/venv/lib/python3.9/site-packages/airflow/example_dags/example_branch_python_dop_operator_3.py
[2023-06-05 23:15:35,380] {processor.py:641} INFO - Processing file /home/gui/Documentos/airflowalura/venv/lib/python3.9/site-packages/airflow/example_dags/example_branch_python_dop_operator_3.py for tasks to queue
[2023-06-05 23:15:35,382] {logging_mixin.py:115} INFO - [2023-06-05 23:15:35,381] {dagbag.py:507} INFO - Filling up the DagBag from /home/gui/Documentos/airflowalura/venv/lib/python3.9/site-packages/airflow/example_dags/example_branch_python_dop_operator_3.py
[2023-06-05 23:15:35,403] {processor.py:651} INFO - DAG(s) dict_keys(['example_branch_dop_operator_v3']) retrieved from /home/gui/Documentos/airflowalura/venv/lib/python3.9/site-packages/airflow/example_dags/example_branch_python_dop_operator_3.py
[2023-06-05 23:15:35,437] {logging_mixin.py:115} INFO - [2023-06-05 23:15:35,437] {dag.py:2379} INFO - Sync 1 DAGs
[2023-06-05 23:15:35,484] {logging_mixin.py:115} INFO - [2023-06-05 23:15:35,484] {dag.py:2927} INFO - Setting next_dagrun for example_branch_dop_operator_v3 to 2023-06-06T02:14:00+00:00, run_after=2023-06-06T02:15:00+00:00
[2023-06-05 23:15:35,511] {processor.py:161} INFO - Processing /home/gui/Documentos/airflowalura/venv/lib/python3.9/site-packages/airflow/example_dags/example_branch_python_dop_operator_3.py took 0.139 seconds
[2023-06-05 23:16:13,740] {processor.py:153} INFO - Started process (PID=45593) to work on /home/gui/Documentos/airflowalura/venv/lib/python3.9/site-packages/airflow/example_dags/example_branch_python_dop_operator_3.py
[2023-06-05 23:16:13,742] {processor.py:641} INFO - Processing file /home/gui/Documentos/airflowalura/venv/lib/python3.9/site-packages/airflow/example_dags/example_branch_python_dop_operator_3.py for tasks to queue
[2023-06-05 23:16:13,743] {logging_mixin.py:115} INFO - [2023-06-05 23:16:13,743] {dagbag.py:507} INFO - Filling up the DagBag from /home/gui/Documentos/airflowalura/venv/lib/python3.9/site-packages/airflow/example_dags/example_branch_python_dop_operator_3.py
[2023-06-05 23:16:13,762] {processor.py:651} INFO - DAG(s) dict_keys(['example_branch_dop_operator_v3']) retrieved from /home/gui/Documentos/airflowalura/venv/lib/python3.9/site-packages/airflow/example_dags/example_branch_python_dop_operator_3.py
[2023-06-05 23:16:13,800] {logging_mixin.py:115} INFO - [2023-06-05 23:16:13,800] {dag.py:2379} INFO - Sync 1 DAGs
[2023-06-05 23:16:13,849] {logging_mixin.py:115} INFO - [2023-06-05 23:16:13,849] {dag.py:2927} INFO - Setting next_dagrun for example_branch_dop_operator_v3 to 2023-06-06T02:15:00+00:00, run_after=2023-06-06T02:16:00+00:00
[2023-06-05 23:16:13,973] {processor.py:161} INFO - Processing /home/gui/Documentos/airflowalura/venv/lib/python3.9/site-packages/airflow/example_dags/example_branch_python_dop_operator_3.py took 0.240 seconds
[2023-06-05 23:16:50,310] {processor.py:153} INFO - Started process (PID=45627) to work on /home/gui/Documentos/airflowalura/venv/lib/python3.9/site-packages/airflow/example_dags/example_branch_python_dop_operator_3.py
[2023-06-05 23:16:50,311] {processor.py:641} INFO - Processing file /home/gui/Documentos/airflowalura/venv/lib/python3.9/site-packages/airflow/example_dags/example_branch_python_dop_operator_3.py for tasks to queue
[2023-06-05 23:16:50,312] {logging_mixin.py:115} INFO - [2023-06-05 23:16:50,312] {dagbag.py:507} INFO - Filling up the DagBag from /home/gui/Documentos/airflowalura/venv/lib/python3.9/site-packages/airflow/example_dags/example_branch_python_dop_operator_3.py
[2023-06-05 23:16:50,338] {processor.py:651} INFO - DAG(s) dict_keys(['example_branch_dop_operator_v3']) retrieved from /home/gui/Documentos/airflowalura/venv/lib/python3.9/site-packages/airflow/example_dags/example_branch_python_dop_operator_3.py
[2023-06-05 23:16:50,372] {logging_mixin.py:115} INFO - [2023-06-05 23:16:50,372] {dag.py:2379} INFO - Sync 1 DAGs
[2023-06-05 23:16:50,419] {logging_mixin.py:115} INFO - [2023-06-05 23:16:50,418] {dag.py:2927} INFO - Setting next_dagrun for example_branch_dop_operator_v3 to 2023-06-06T02:15:00+00:00, run_after=2023-06-06T02:16:00+00:00
[2023-06-05 23:16:50,452] {processor.py:161} INFO - Processing /home/gui/Documentos/airflowalura/venv/lib/python3.9/site-packages/airflow/example_dags/example_branch_python_dop_operator_3.py took 0.150 seconds
[2023-06-05 23:17:27,920] {processor.py:153} INFO - Started process (PID=45663) to work on /home/gui/Documentos/airflowalura/venv/lib/python3.9/site-packages/airflow/example_dags/example_branch_python_dop_operator_3.py
[2023-06-05 23:17:27,921] {processor.py:641} INFO - Processing file /home/gui/Documentos/airflowalura/venv/lib/python3.9/site-packages/airflow/example_dags/example_branch_python_dop_operator_3.py for tasks to queue
[2023-06-05 23:17:27,923] {logging_mixin.py:115} INFO - [2023-06-05 23:17:27,923] {dagbag.py:507} INFO - Filling up the DagBag from /home/gui/Documentos/airflowalura/venv/lib/python3.9/site-packages/airflow/example_dags/example_branch_python_dop_operator_3.py
[2023-06-05 23:17:27,946] {processor.py:651} INFO - DAG(s) dict_keys(['example_branch_dop_operator_v3']) retrieved from /home/gui/Documentos/airflowalura/venv/lib/python3.9/site-packages/airflow/example_dags/example_branch_python_dop_operator_3.py
[2023-06-05 23:17:27,983] {logging_mixin.py:115} INFO - [2023-06-05 23:17:27,983] {dag.py:2379} INFO - Sync 1 DAGs
[2023-06-05 23:17:28,033] {logging_mixin.py:115} INFO - [2023-06-05 23:17:28,033] {dag.py:2927} INFO - Setting next_dagrun for example_branch_dop_operator_v3 to 2023-06-06T02:16:00+00:00, run_after=2023-06-06T02:17:00+00:00
[2023-06-05 23:17:28,166] {processor.py:161} INFO - Processing /home/gui/Documentos/airflowalura/venv/lib/python3.9/site-packages/airflow/example_dags/example_branch_python_dop_operator_3.py took 0.253 seconds
[2023-06-05 23:18:20,389] {processor.py:153} INFO - Started process (PID=45707) to work on /home/gui/Documentos/airflowalura/venv/lib/python3.9/site-packages/airflow/example_dags/example_branch_python_dop_operator_3.py
[2023-06-05 23:18:20,391] {processor.py:641} INFO - Processing file /home/gui/Documentos/airflowalura/venv/lib/python3.9/site-packages/airflow/example_dags/example_branch_python_dop_operator_3.py for tasks to queue
[2023-06-05 23:18:20,392] {logging_mixin.py:115} INFO - [2023-06-05 23:18:20,392] {dagbag.py:507} INFO - Filling up the DagBag from /home/gui/Documentos/airflowalura/venv/lib/python3.9/site-packages/airflow/example_dags/example_branch_python_dop_operator_3.py
[2023-06-05 23:18:20,415] {processor.py:651} INFO - DAG(s) dict_keys(['example_branch_dop_operator_v3']) retrieved from /home/gui/Documentos/airflowalura/venv/lib/python3.9/site-packages/airflow/example_dags/example_branch_python_dop_operator_3.py
[2023-06-05 23:18:20,450] {logging_mixin.py:115} INFO - [2023-06-05 23:18:20,450] {dag.py:2379} INFO - Sync 1 DAGs
[2023-06-05 23:18:20,496] {logging_mixin.py:115} INFO - [2023-06-05 23:18:20,496] {dag.py:2927} INFO - Setting next_dagrun for example_branch_dop_operator_v3 to 2023-06-06T02:17:00+00:00, run_after=2023-06-06T02:18:00+00:00
[2023-06-05 23:18:20,532] {processor.py:161} INFO - Processing /home/gui/Documentos/airflowalura/venv/lib/python3.9/site-packages/airflow/example_dags/example_branch_python_dop_operator_3.py took 0.151 seconds
[2023-06-05 23:18:59,864] {processor.py:153} INFO - Started process (PID=45742) to work on /home/gui/Documentos/airflowalura/venv/lib/python3.9/site-packages/airflow/example_dags/example_branch_python_dop_operator_3.py
[2023-06-05 23:18:59,866] {processor.py:641} INFO - Processing file /home/gui/Documentos/airflowalura/venv/lib/python3.9/site-packages/airflow/example_dags/example_branch_python_dop_operator_3.py for tasks to queue
[2023-06-05 23:18:59,868] {logging_mixin.py:115} INFO - [2023-06-05 23:18:59,867] {dagbag.py:507} INFO - Filling up the DagBag from /home/gui/Documentos/airflowalura/venv/lib/python3.9/site-packages/airflow/example_dags/example_branch_python_dop_operator_3.py
[2023-06-05 23:18:59,898] {processor.py:651} INFO - DAG(s) dict_keys(['example_branch_dop_operator_v3']) retrieved from /home/gui/Documentos/airflowalura/venv/lib/python3.9/site-packages/airflow/example_dags/example_branch_python_dop_operator_3.py
[2023-06-05 23:18:59,942] {logging_mixin.py:115} INFO - [2023-06-05 23:18:59,942] {dag.py:2379} INFO - Sync 1 DAGs
[2023-06-05 23:19:00,006] {logging_mixin.py:115} INFO - [2023-06-05 23:19:00,005] {dag.py:2927} INFO - Setting next_dagrun for example_branch_dop_operator_v3 to 2023-06-06T02:17:00+00:00, run_after=2023-06-06T02:18:00+00:00
[2023-06-05 23:19:00,033] {processor.py:161} INFO - Processing /home/gui/Documentos/airflowalura/venv/lib/python3.9/site-packages/airflow/example_dags/example_branch_python_dop_operator_3.py took 0.177 seconds
[2023-06-05 23:19:43,273] {processor.py:153} INFO - Started process (PID=45782) to work on /home/gui/Documentos/airflowalura/venv/lib/python3.9/site-packages/airflow/example_dags/example_branch_python_dop_operator_3.py
[2023-06-05 23:19:43,274] {processor.py:641} INFO - Processing file /home/gui/Documentos/airflowalura/venv/lib/python3.9/site-packages/airflow/example_dags/example_branch_python_dop_operator_3.py for tasks to queue
[2023-06-05 23:19:43,275] {logging_mixin.py:115} INFO - [2023-06-05 23:19:43,275] {dagbag.py:507} INFO - Filling up the DagBag from /home/gui/Documentos/airflowalura/venv/lib/python3.9/site-packages/airflow/example_dags/example_branch_python_dop_operator_3.py
[2023-06-05 23:19:43,298] {processor.py:651} INFO - DAG(s) dict_keys(['example_branch_dop_operator_v3']) retrieved from /home/gui/Documentos/airflowalura/venv/lib/python3.9/site-packages/airflow/example_dags/example_branch_python_dop_operator_3.py
[2023-06-05 23:19:43,334] {logging_mixin.py:115} INFO - [2023-06-05 23:19:43,334] {dag.py:2379} INFO - Sync 1 DAGs
[2023-06-05 23:19:43,375] {logging_mixin.py:115} INFO - [2023-06-05 23:19:43,375] {dag.py:2927} INFO - Setting next_dagrun for example_branch_dop_operator_v3 to 2023-06-06T02:18:00+00:00, run_after=2023-06-06T02:19:00+00:00
[2023-06-05 23:19:43,458] {processor.py:161} INFO - Processing /home/gui/Documentos/airflowalura/venv/lib/python3.9/site-packages/airflow/example_dags/example_branch_python_dop_operator_3.py took 0.192 seconds
[2023-06-05 23:20:23,966] {processor.py:153} INFO - Started process (PID=45830) to work on /home/gui/Documentos/airflowalura/venv/lib/python3.9/site-packages/airflow/example_dags/example_branch_python_dop_operator_3.py
[2023-06-05 23:20:23,968] {processor.py:641} INFO - Processing file /home/gui/Documentos/airflowalura/venv/lib/python3.9/site-packages/airflow/example_dags/example_branch_python_dop_operator_3.py for tasks to queue
[2023-06-05 23:20:23,969] {logging_mixin.py:115} INFO - [2023-06-05 23:20:23,969] {dagbag.py:507} INFO - Filling up the DagBag from /home/gui/Documentos/airflowalura/venv/lib/python3.9/site-packages/airflow/example_dags/example_branch_python_dop_operator_3.py
[2023-06-05 23:20:23,992] {processor.py:651} INFO - DAG(s) dict_keys(['example_branch_dop_operator_v3']) retrieved from /home/gui/Documentos/airflowalura/venv/lib/python3.9/site-packages/airflow/example_dags/example_branch_python_dop_operator_3.py
[2023-06-05 23:20:24,033] {logging_mixin.py:115} INFO - [2023-06-05 23:20:24,033] {dag.py:2379} INFO - Sync 1 DAGs
[2023-06-05 23:20:24,094] {logging_mixin.py:115} INFO - [2023-06-05 23:20:24,094] {dag.py:2927} INFO - Setting next_dagrun for example_branch_dop_operator_v3 to 2023-06-06T02:19:00+00:00, run_after=2023-06-06T02:20:00+00:00
[2023-06-05 23:20:24,124] {processor.py:161} INFO - Processing /home/gui/Documentos/airflowalura/venv/lib/python3.9/site-packages/airflow/example_dags/example_branch_python_dop_operator_3.py took 0.167 seconds
[2023-06-05 23:21:02,120] {processor.py:153} INFO - Started process (PID=45872) to work on /home/gui/Documentos/airflowalura/venv/lib/python3.9/site-packages/airflow/example_dags/example_branch_python_dop_operator_3.py
[2023-06-05 23:21:02,121] {processor.py:641} INFO - Processing file /home/gui/Documentos/airflowalura/venv/lib/python3.9/site-packages/airflow/example_dags/example_branch_python_dop_operator_3.py for tasks to queue
[2023-06-05 23:21:02,123] {logging_mixin.py:115} INFO - [2023-06-05 23:21:02,123] {dagbag.py:507} INFO - Filling up the DagBag from /home/gui/Documentos/airflowalura/venv/lib/python3.9/site-packages/airflow/example_dags/example_branch_python_dop_operator_3.py
[2023-06-05 23:21:02,144] {processor.py:651} INFO - DAG(s) dict_keys(['example_branch_dop_operator_v3']) retrieved from /home/gui/Documentos/airflowalura/venv/lib/python3.9/site-packages/airflow/example_dags/example_branch_python_dop_operator_3.py
[2023-06-05 23:21:02,180] {logging_mixin.py:115} INFO - [2023-06-05 23:21:02,180] {dag.py:2379} INFO - Sync 1 DAGs
[2023-06-05 23:21:02,226] {logging_mixin.py:115} INFO - [2023-06-05 23:21:02,226] {dag.py:2927} INFO - Setting next_dagrun for example_branch_dop_operator_v3 to 2023-06-06T02:20:00+00:00, run_after=2023-06-06T02:21:00+00:00
[2023-06-05 23:21:02,470] {processor.py:161} INFO - Processing /home/gui/Documentos/airflowalura/venv/lib/python3.9/site-packages/airflow/example_dags/example_branch_python_dop_operator_3.py took 0.356 seconds
[2023-06-05 23:21:41,437] {processor.py:153} INFO - Started process (PID=45917) to work on /home/gui/Documentos/airflowalura/venv/lib/python3.9/site-packages/airflow/example_dags/example_branch_python_dop_operator_3.py
[2023-06-05 23:21:41,439] {processor.py:641} INFO - Processing file /home/gui/Documentos/airflowalura/venv/lib/python3.9/site-packages/airflow/example_dags/example_branch_python_dop_operator_3.py for tasks to queue
[2023-06-05 23:21:41,441] {logging_mixin.py:115} INFO - [2023-06-05 23:21:41,440] {dagbag.py:507} INFO - Filling up the DagBag from /home/gui/Documentos/airflowalura/venv/lib/python3.9/site-packages/airflow/example_dags/example_branch_python_dop_operator_3.py
[2023-06-05 23:21:41,464] {processor.py:651} INFO - DAG(s) dict_keys(['example_branch_dop_operator_v3']) retrieved from /home/gui/Documentos/airflowalura/venv/lib/python3.9/site-packages/airflow/example_dags/example_branch_python_dop_operator_3.py
[2023-06-05 23:21:41,500] {logging_mixin.py:115} INFO - [2023-06-05 23:21:41,499] {dag.py:2379} INFO - Sync 1 DAGs
[2023-06-05 23:21:41,556] {logging_mixin.py:115} INFO - [2023-06-05 23:21:41,555] {dag.py:2927} INFO - Setting next_dagrun for example_branch_dop_operator_v3 to 2023-06-06T02:20:00+00:00, run_after=2023-06-06T02:21:00+00:00
[2023-06-05 23:21:41,586] {processor.py:161} INFO - Processing /home/gui/Documentos/airflowalura/venv/lib/python3.9/site-packages/airflow/example_dags/example_branch_python_dop_operator_3.py took 0.161 seconds
[2023-06-05 23:22:23,023] {processor.py:153} INFO - Started process (PID=45964) to work on /home/gui/Documentos/airflowalura/venv/lib/python3.9/site-packages/airflow/example_dags/example_branch_python_dop_operator_3.py
[2023-06-05 23:22:23,026] {processor.py:641} INFO - Processing file /home/gui/Documentos/airflowalura/venv/lib/python3.9/site-packages/airflow/example_dags/example_branch_python_dop_operator_3.py for tasks to queue
[2023-06-05 23:22:23,027] {logging_mixin.py:115} INFO - [2023-06-05 23:22:23,027] {dagbag.py:507} INFO - Filling up the DagBag from /home/gui/Documentos/airflowalura/venv/lib/python3.9/site-packages/airflow/example_dags/example_branch_python_dop_operator_3.py
[2023-06-05 23:22:23,048] {processor.py:651} INFO - DAG(s) dict_keys(['example_branch_dop_operator_v3']) retrieved from /home/gui/Documentos/airflowalura/venv/lib/python3.9/site-packages/airflow/example_dags/example_branch_python_dop_operator_3.py
[2023-06-05 23:22:23,080] {logging_mixin.py:115} INFO - [2023-06-05 23:22:23,080] {dag.py:2379} INFO - Sync 1 DAGs
[2023-06-05 23:22:23,127] {logging_mixin.py:115} INFO - [2023-06-05 23:22:23,127] {dag.py:2927} INFO - Setting next_dagrun for example_branch_dop_operator_v3 to 2023-06-06T02:21:00+00:00, run_after=2023-06-06T02:22:00+00:00
[2023-06-05 23:22:23,161] {processor.py:161} INFO - Processing /home/gui/Documentos/airflowalura/venv/lib/python3.9/site-packages/airflow/example_dags/example_branch_python_dop_operator_3.py took 0.146 seconds
[2023-06-05 23:23:05,680] {processor.py:153} INFO - Started process (PID=46014) to work on /home/gui/Documentos/airflowalura/venv/lib/python3.9/site-packages/airflow/example_dags/example_branch_python_dop_operator_3.py
[2023-06-05 23:23:05,681] {processor.py:641} INFO - Processing file /home/gui/Documentos/airflowalura/venv/lib/python3.9/site-packages/airflow/example_dags/example_branch_python_dop_operator_3.py for tasks to queue
[2023-06-05 23:23:05,682] {logging_mixin.py:115} INFO - [2023-06-05 23:23:05,682] {dagbag.py:507} INFO - Filling up the DagBag from /home/gui/Documentos/airflowalura/venv/lib/python3.9/site-packages/airflow/example_dags/example_branch_python_dop_operator_3.py
[2023-06-05 23:23:05,703] {processor.py:651} INFO - DAG(s) dict_keys(['example_branch_dop_operator_v3']) retrieved from /home/gui/Documentos/airflowalura/venv/lib/python3.9/site-packages/airflow/example_dags/example_branch_python_dop_operator_3.py
[2023-06-05 23:23:05,736] {logging_mixin.py:115} INFO - [2023-06-05 23:23:05,736] {dag.py:2379} INFO - Sync 1 DAGs
[2023-06-05 23:23:05,779] {logging_mixin.py:115} INFO - [2023-06-05 23:23:05,778] {dag.py:2927} INFO - Setting next_dagrun for example_branch_dop_operator_v3 to 2023-06-06T02:22:00+00:00, run_after=2023-06-06T02:23:00+00:00
[2023-06-05 23:23:05,826] {processor.py:161} INFO - Processing /home/gui/Documentos/airflowalura/venv/lib/python3.9/site-packages/airflow/example_dags/example_branch_python_dop_operator_3.py took 0.155 seconds
[2023-06-05 23:23:54,681] {processor.py:153} INFO - Started process (PID=46069) to work on /home/gui/Documentos/airflowalura/venv/lib/python3.9/site-packages/airflow/example_dags/example_branch_python_dop_operator_3.py
[2023-06-05 23:23:54,683] {processor.py:641} INFO - Processing file /home/gui/Documentos/airflowalura/venv/lib/python3.9/site-packages/airflow/example_dags/example_branch_python_dop_operator_3.py for tasks to queue
[2023-06-05 23:23:54,684] {logging_mixin.py:115} INFO - [2023-06-05 23:23:54,683] {dagbag.py:507} INFO - Filling up the DagBag from /home/gui/Documentos/airflowalura/venv/lib/python3.9/site-packages/airflow/example_dags/example_branch_python_dop_operator_3.py
[2023-06-05 23:23:54,700] {processor.py:651} INFO - DAG(s) dict_keys(['example_branch_dop_operator_v3']) retrieved from /home/gui/Documentos/airflowalura/venv/lib/python3.9/site-packages/airflow/example_dags/example_branch_python_dop_operator_3.py
[2023-06-05 23:23:54,731] {logging_mixin.py:115} INFO - [2023-06-05 23:23:54,730] {dag.py:2379} INFO - Sync 1 DAGs
[2023-06-05 23:23:54,768] {logging_mixin.py:115} INFO - [2023-06-05 23:23:54,768] {dag.py:2927} INFO - Setting next_dagrun for example_branch_dop_operator_v3 to 2023-06-06T02:22:00+00:00, run_after=2023-06-06T02:23:00+00:00
[2023-06-05 23:23:54,787] {processor.py:161} INFO - Processing /home/gui/Documentos/airflowalura/venv/lib/python3.9/site-packages/airflow/example_dags/example_branch_python_dop_operator_3.py took 0.113 seconds
[2023-06-05 23:24:36,623] {processor.py:153} INFO - Started process (PID=46110) to work on /home/gui/Documentos/airflowalura/venv/lib/python3.9/site-packages/airflow/example_dags/example_branch_python_dop_operator_3.py
[2023-06-05 23:24:36,625] {processor.py:641} INFO - Processing file /home/gui/Documentos/airflowalura/venv/lib/python3.9/site-packages/airflow/example_dags/example_branch_python_dop_operator_3.py for tasks to queue
[2023-06-05 23:24:36,626] {logging_mixin.py:115} INFO - [2023-06-05 23:24:36,626] {dagbag.py:507} INFO - Filling up the DagBag from /home/gui/Documentos/airflowalura/venv/lib/python3.9/site-packages/airflow/example_dags/example_branch_python_dop_operator_3.py
[2023-06-05 23:24:36,644] {processor.py:651} INFO - DAG(s) dict_keys(['example_branch_dop_operator_v3']) retrieved from /home/gui/Documentos/airflowalura/venv/lib/python3.9/site-packages/airflow/example_dags/example_branch_python_dop_operator_3.py
[2023-06-05 23:24:36,680] {logging_mixin.py:115} INFO - [2023-06-05 23:24:36,680] {dag.py:2379} INFO - Sync 1 DAGs
[2023-06-05 23:24:36,726] {logging_mixin.py:115} INFO - [2023-06-05 23:24:36,726] {dag.py:2927} INFO - Setting next_dagrun for example_branch_dop_operator_v3 to 2023-06-06T02:23:00+00:00, run_after=2023-06-06T02:24:00+00:00
[2023-06-05 23:24:36,761] {processor.py:161} INFO - Processing /home/gui/Documentos/airflowalura/venv/lib/python3.9/site-packages/airflow/example_dags/example_branch_python_dop_operator_3.py took 0.145 seconds
[2023-06-05 23:25:18,019] {processor.py:153} INFO - Started process (PID=46155) to work on /home/gui/Documentos/airflowalura/venv/lib/python3.9/site-packages/airflow/example_dags/example_branch_python_dop_operator_3.py
[2023-06-05 23:25:18,020] {processor.py:641} INFO - Processing file /home/gui/Documentos/airflowalura/venv/lib/python3.9/site-packages/airflow/example_dags/example_branch_python_dop_operator_3.py for tasks to queue
[2023-06-05 23:25:18,021] {logging_mixin.py:115} INFO - [2023-06-05 23:25:18,021] {dagbag.py:507} INFO - Filling up the DagBag from /home/gui/Documentos/airflowalura/venv/lib/python3.9/site-packages/airflow/example_dags/example_branch_python_dop_operator_3.py
[2023-06-05 23:25:18,043] {processor.py:651} INFO - DAG(s) dict_keys(['example_branch_dop_operator_v3']) retrieved from /home/gui/Documentos/airflowalura/venv/lib/python3.9/site-packages/airflow/example_dags/example_branch_python_dop_operator_3.py
[2023-06-05 23:25:18,074] {logging_mixin.py:115} INFO - [2023-06-05 23:25:18,074] {dag.py:2379} INFO - Sync 1 DAGs
[2023-06-05 23:25:18,115] {logging_mixin.py:115} INFO - [2023-06-05 23:25:18,115] {dag.py:2927} INFO - Setting next_dagrun for example_branch_dop_operator_v3 to 2023-06-06T02:24:00+00:00, run_after=2023-06-06T02:25:00+00:00
[2023-06-05 23:25:18,161] {processor.py:161} INFO - Processing /home/gui/Documentos/airflowalura/venv/lib/python3.9/site-packages/airflow/example_dags/example_branch_python_dop_operator_3.py took 0.148 seconds
[2023-06-05 23:25:56,107] {processor.py:153} INFO - Started process (PID=46214) to work on /home/gui/Documentos/airflowalura/venv/lib/python3.9/site-packages/airflow/example_dags/example_branch_python_dop_operator_3.py
[2023-06-05 23:25:56,109] {processor.py:641} INFO - Processing file /home/gui/Documentos/airflowalura/venv/lib/python3.9/site-packages/airflow/example_dags/example_branch_python_dop_operator_3.py for tasks to queue
[2023-06-05 23:25:56,110] {logging_mixin.py:115} INFO - [2023-06-05 23:25:56,110] {dagbag.py:507} INFO - Filling up the DagBag from /home/gui/Documentos/airflowalura/venv/lib/python3.9/site-packages/airflow/example_dags/example_branch_python_dop_operator_3.py
[2023-06-05 23:25:56,132] {processor.py:651} INFO - DAG(s) dict_keys(['example_branch_dop_operator_v3']) retrieved from /home/gui/Documentos/airflowalura/venv/lib/python3.9/site-packages/airflow/example_dags/example_branch_python_dop_operator_3.py
[2023-06-05 23:25:56,166] {logging_mixin.py:115} INFO - [2023-06-05 23:25:56,166] {dag.py:2379} INFO - Sync 1 DAGs
[2023-06-05 23:25:56,209] {logging_mixin.py:115} INFO - [2023-06-05 23:25:56,209] {dag.py:2927} INFO - Setting next_dagrun for example_branch_dop_operator_v3 to 2023-06-06T02:24:00+00:00, run_after=2023-06-06T02:25:00+00:00
[2023-06-05 23:25:56,295] {processor.py:161} INFO - Processing /home/gui/Documentos/airflowalura/venv/lib/python3.9/site-packages/airflow/example_dags/example_branch_python_dop_operator_3.py took 0.194 seconds
[2023-06-05 23:31:15,638] {processor.py:153} INFO - Started process (PID=46753) to work on /home/gui/Documentos/airflowalura/venv/lib/python3.9/site-packages/airflow/example_dags/example_branch_python_dop_operator_3.py
[2023-06-05 23:31:15,643] {processor.py:641} INFO - Processing file /home/gui/Documentos/airflowalura/venv/lib/python3.9/site-packages/airflow/example_dags/example_branch_python_dop_operator_3.py for tasks to queue
[2023-06-05 23:31:15,644] {logging_mixin.py:115} INFO - [2023-06-05 23:31:15,644] {dagbag.py:507} INFO - Filling up the DagBag from /home/gui/Documentos/airflowalura/venv/lib/python3.9/site-packages/airflow/example_dags/example_branch_python_dop_operator_3.py
[2023-06-05 23:31:15,671] {processor.py:651} INFO - DAG(s) dict_keys(['example_branch_dop_operator_v3']) retrieved from /home/gui/Documentos/airflowalura/venv/lib/python3.9/site-packages/airflow/example_dags/example_branch_python_dop_operator_3.py
[2023-06-05 23:31:15,711] {logging_mixin.py:115} INFO - [2023-06-05 23:31:15,711] {dag.py:2379} INFO - Sync 1 DAGs
[2023-06-05 23:31:15,772] {logging_mixin.py:115} INFO - [2023-06-05 23:31:15,772] {dag.py:2927} INFO - Setting next_dagrun for example_branch_dop_operator_v3 to 2023-06-06T02:30:00+00:00, run_after=2023-06-06T02:31:00+00:00
[2023-06-05 23:31:15,810] {processor.py:161} INFO - Processing /home/gui/Documentos/airflowalura/venv/lib/python3.9/site-packages/airflow/example_dags/example_branch_python_dop_operator_3.py took 0.187 seconds
[2023-06-05 23:32:13,313] {processor.py:153} INFO - Started process (PID=47306) to work on /home/gui/Documentos/airflowalura/venv/lib/python3.9/site-packages/airflow/example_dags/example_branch_python_dop_operator_3.py
[2023-06-05 23:32:13,320] {processor.py:641} INFO - Processing file /home/gui/Documentos/airflowalura/venv/lib/python3.9/site-packages/airflow/example_dags/example_branch_python_dop_operator_3.py for tasks to queue
[2023-06-05 23:32:13,321] {logging_mixin.py:115} INFO - [2023-06-05 23:32:13,321] {dagbag.py:507} INFO - Filling up the DagBag from /home/gui/Documentos/airflowalura/venv/lib/python3.9/site-packages/airflow/example_dags/example_branch_python_dop_operator_3.py
[2023-06-05 23:32:13,351] {processor.py:651} INFO - DAG(s) dict_keys(['example_branch_dop_operator_v3']) retrieved from /home/gui/Documentos/airflowalura/venv/lib/python3.9/site-packages/airflow/example_dags/example_branch_python_dop_operator_3.py
[2023-06-05 23:32:13,406] {logging_mixin.py:115} INFO - [2023-06-05 23:32:13,403] {dag.py:2379} INFO - Sync 1 DAGs
[2023-06-05 23:32:13,471] {logging_mixin.py:115} INFO - [2023-06-05 23:32:13,471] {dag.py:2927} INFO - Setting next_dagrun for example_branch_dop_operator_v3 to 2023-06-06T02:31:00+00:00, run_after=2023-06-06T02:32:00+00:00
[2023-06-05 23:32:13,770] {processor.py:161} INFO - Processing /home/gui/Documentos/airflowalura/venv/lib/python3.9/site-packages/airflow/example_dags/example_branch_python_dop_operator_3.py took 0.465 seconds
[2023-06-05 23:33:00,172] {processor.py:153} INFO - Started process (PID=47943) to work on /home/gui/Documentos/airflowalura/venv/lib/python3.9/site-packages/airflow/example_dags/example_branch_python_dop_operator_3.py
[2023-06-05 23:33:00,175] {processor.py:641} INFO - Processing file /home/gui/Documentos/airflowalura/venv/lib/python3.9/site-packages/airflow/example_dags/example_branch_python_dop_operator_3.py for tasks to queue
[2023-06-05 23:33:00,176] {logging_mixin.py:115} INFO - [2023-06-05 23:33:00,176] {dagbag.py:507} INFO - Filling up the DagBag from /home/gui/Documentos/airflowalura/venv/lib/python3.9/site-packages/airflow/example_dags/example_branch_python_dop_operator_3.py
[2023-06-05 23:33:00,209] {processor.py:651} INFO - DAG(s) dict_keys(['example_branch_dop_operator_v3']) retrieved from /home/gui/Documentos/airflowalura/venv/lib/python3.9/site-packages/airflow/example_dags/example_branch_python_dop_operator_3.py
[2023-06-05 23:33:00,261] {logging_mixin.py:115} INFO - [2023-06-05 23:33:00,260] {dag.py:2379} INFO - Sync 1 DAGs
[2023-06-05 23:33:00,331] {logging_mixin.py:115} INFO - [2023-06-05 23:33:00,331] {dag.py:2927} INFO - Setting next_dagrun for example_branch_dop_operator_v3 to 2023-06-06T02:32:00+00:00, run_after=2023-06-06T02:33:00+00:00
[2023-06-05 23:33:00,383] {processor.py:161} INFO - Processing /home/gui/Documentos/airflowalura/venv/lib/python3.9/site-packages/airflow/example_dags/example_branch_python_dop_operator_3.py took 0.232 seconds
[2023-06-05 23:33:43,024] {processor.py:153} INFO - Started process (PID=48591) to work on /home/gui/Documentos/airflowalura/venv/lib/python3.9/site-packages/airflow/example_dags/example_branch_python_dop_operator_3.py
[2023-06-05 23:33:43,026] {processor.py:641} INFO - Processing file /home/gui/Documentos/airflowalura/venv/lib/python3.9/site-packages/airflow/example_dags/example_branch_python_dop_operator_3.py for tasks to queue
[2023-06-05 23:33:43,027] {logging_mixin.py:115} INFO - [2023-06-05 23:33:43,026] {dagbag.py:507} INFO - Filling up the DagBag from /home/gui/Documentos/airflowalura/venv/lib/python3.9/site-packages/airflow/example_dags/example_branch_python_dop_operator_3.py
[2023-06-05 23:33:43,077] {processor.py:651} INFO - DAG(s) dict_keys(['example_branch_dop_operator_v3']) retrieved from /home/gui/Documentos/airflowalura/venv/lib/python3.9/site-packages/airflow/example_dags/example_branch_python_dop_operator_3.py
[2023-06-05 23:33:43,135] {logging_mixin.py:115} INFO - [2023-06-05 23:33:43,133] {dag.py:2379} INFO - Sync 1 DAGs
[2023-06-05 23:33:43,225] {logging_mixin.py:115} INFO - [2023-06-05 23:33:43,225] {dag.py:2927} INFO - Setting next_dagrun for example_branch_dop_operator_v3 to 2023-06-06T02:32:00+00:00, run_after=2023-06-06T02:33:00+00:00
[2023-06-05 23:33:43,275] {processor.py:161} INFO - Processing /home/gui/Documentos/airflowalura/venv/lib/python3.9/site-packages/airflow/example_dags/example_branch_python_dop_operator_3.py took 0.269 seconds
[2023-06-05 23:34:30,481] {processor.py:153} INFO - Started process (PID=49396) to work on /home/gui/Documentos/airflowalura/venv/lib/python3.9/site-packages/airflow/example_dags/example_branch_python_dop_operator_3.py
[2023-06-05 23:34:30,487] {processor.py:641} INFO - Processing file /home/gui/Documentos/airflowalura/venv/lib/python3.9/site-packages/airflow/example_dags/example_branch_python_dop_operator_3.py for tasks to queue
[2023-06-05 23:34:30,488] {logging_mixin.py:115} INFO - [2023-06-05 23:34:30,488] {dagbag.py:507} INFO - Filling up the DagBag from /home/gui/Documentos/airflowalura/venv/lib/python3.9/site-packages/airflow/example_dags/example_branch_python_dop_operator_3.py
[2023-06-05 23:34:30,517] {processor.py:651} INFO - DAG(s) dict_keys(['example_branch_dop_operator_v3']) retrieved from /home/gui/Documentos/airflowalura/venv/lib/python3.9/site-packages/airflow/example_dags/example_branch_python_dop_operator_3.py
[2023-06-05 23:34:30,557] {logging_mixin.py:115} INFO - [2023-06-05 23:34:30,557] {dag.py:2379} INFO - Sync 1 DAGs
[2023-06-05 23:34:30,617] {logging_mixin.py:115} INFO - [2023-06-05 23:34:30,616] {dag.py:2927} INFO - Setting next_dagrun for example_branch_dop_operator_v3 to 2023-06-06T02:33:00+00:00, run_after=2023-06-06T02:34:00+00:00
[2023-06-05 23:34:30,648] {processor.py:161} INFO - Processing /home/gui/Documentos/airflowalura/venv/lib/python3.9/site-packages/airflow/example_dags/example_branch_python_dop_operator_3.py took 0.177 seconds
[2023-06-05 23:35:09,746] {processor.py:153} INFO - Started process (PID=49535) to work on /home/gui/Documentos/airflowalura/venv/lib/python3.9/site-packages/airflow/example_dags/example_branch_python_dop_operator_3.py
[2023-06-05 23:35:09,747] {processor.py:641} INFO - Processing file /home/gui/Documentos/airflowalura/venv/lib/python3.9/site-packages/airflow/example_dags/example_branch_python_dop_operator_3.py for tasks to queue
[2023-06-05 23:35:09,748] {logging_mixin.py:115} INFO - [2023-06-05 23:35:09,748] {dagbag.py:507} INFO - Filling up the DagBag from /home/gui/Documentos/airflowalura/venv/lib/python3.9/site-packages/airflow/example_dags/example_branch_python_dop_operator_3.py
[2023-06-05 23:35:09,771] {processor.py:651} INFO - DAG(s) dict_keys(['example_branch_dop_operator_v3']) retrieved from /home/gui/Documentos/airflowalura/venv/lib/python3.9/site-packages/airflow/example_dags/example_branch_python_dop_operator_3.py
[2023-06-05 23:35:09,811] {logging_mixin.py:115} INFO - [2023-06-05 23:35:09,811] {dag.py:2379} INFO - Sync 1 DAGs
[2023-06-05 23:35:09,868] {logging_mixin.py:115} INFO - [2023-06-05 23:35:09,868] {dag.py:2927} INFO - Setting next_dagrun for example_branch_dop_operator_v3 to 2023-06-06T02:34:00+00:00, run_after=2023-06-06T02:35:00+00:00
[2023-06-05 23:35:09,900] {processor.py:161} INFO - Processing /home/gui/Documentos/airflowalura/venv/lib/python3.9/site-packages/airflow/example_dags/example_branch_python_dop_operator_3.py took 0.164 seconds
[2023-06-05 23:36:05,300] {processor.py:153} INFO - Started process (PID=49615) to work on /home/gui/Documentos/airflowalura/venv/lib/python3.9/site-packages/airflow/example_dags/example_branch_python_dop_operator_3.py
[2023-06-05 23:36:05,304] {processor.py:641} INFO - Processing file /home/gui/Documentos/airflowalura/venv/lib/python3.9/site-packages/airflow/example_dags/example_branch_python_dop_operator_3.py for tasks to queue
[2023-06-05 23:36:05,305] {logging_mixin.py:115} INFO - [2023-06-05 23:36:05,305] {dagbag.py:507} INFO - Filling up the DagBag from /home/gui/Documentos/airflowalura/venv/lib/python3.9/site-packages/airflow/example_dags/example_branch_python_dop_operator_3.py
[2023-06-05 23:36:05,336] {processor.py:651} INFO - DAG(s) dict_keys(['example_branch_dop_operator_v3']) retrieved from /home/gui/Documentos/airflowalura/venv/lib/python3.9/site-packages/airflow/example_dags/example_branch_python_dop_operator_3.py
[2023-06-05 23:36:05,386] {logging_mixin.py:115} INFO - [2023-06-05 23:36:05,385] {dag.py:2379} INFO - Sync 1 DAGs
[2023-06-05 23:36:05,434] {logging_mixin.py:115} INFO - [2023-06-05 23:36:05,434] {dag.py:2927} INFO - Setting next_dagrun for example_branch_dop_operator_v3 to 2023-06-06T02:35:00+00:00, run_after=2023-06-06T02:36:00+00:00
[2023-06-05 23:36:05,737] {processor.py:161} INFO - Processing /home/gui/Documentos/airflowalura/venv/lib/python3.9/site-packages/airflow/example_dags/example_branch_python_dop_operator_3.py took 0.445 seconds
[2023-06-05 23:36:57,628] {processor.py:153} INFO - Started process (PID=49716) to work on /home/gui/Documentos/airflowalura/venv/lib/python3.9/site-packages/airflow/example_dags/example_branch_python_dop_operator_3.py
[2023-06-05 23:36:57,636] {processor.py:641} INFO - Processing file /home/gui/Documentos/airflowalura/venv/lib/python3.9/site-packages/airflow/example_dags/example_branch_python_dop_operator_3.py for tasks to queue
[2023-06-05 23:36:57,638] {logging_mixin.py:115} INFO - [2023-06-05 23:36:57,638] {dagbag.py:507} INFO - Filling up the DagBag from /home/gui/Documentos/airflowalura/venv/lib/python3.9/site-packages/airflow/example_dags/example_branch_python_dop_operator_3.py
[2023-06-05 23:36:57,671] {processor.py:651} INFO - DAG(s) dict_keys(['example_branch_dop_operator_v3']) retrieved from /home/gui/Documentos/airflowalura/venv/lib/python3.9/site-packages/airflow/example_dags/example_branch_python_dop_operator_3.py
[2023-06-05 23:36:57,733] {logging_mixin.py:115} INFO - [2023-06-05 23:36:57,733] {dag.py:2379} INFO - Sync 1 DAGs
[2023-06-05 23:36:57,790] {logging_mixin.py:115} INFO - [2023-06-05 23:36:57,790] {dag.py:2927} INFO - Setting next_dagrun for example_branch_dop_operator_v3 to 2023-06-06T02:35:00+00:00, run_after=2023-06-06T02:36:00+00:00
[2023-06-05 23:36:57,913] {processor.py:161} INFO - Processing /home/gui/Documentos/airflowalura/venv/lib/python3.9/site-packages/airflow/example_dags/example_branch_python_dop_operator_3.py took 0.312 seconds
[2023-06-05 23:37:39,224] {processor.py:153} INFO - Started process (PID=49829) to work on /home/gui/Documentos/airflowalura/venv/lib/python3.9/site-packages/airflow/example_dags/example_branch_python_dop_operator_3.py
[2023-06-05 23:37:39,245] {processor.py:641} INFO - Processing file /home/gui/Documentos/airflowalura/venv/lib/python3.9/site-packages/airflow/example_dags/example_branch_python_dop_operator_3.py for tasks to queue
[2023-06-05 23:37:39,246] {logging_mixin.py:115} INFO - [2023-06-05 23:37:39,246] {dagbag.py:507} INFO - Filling up the DagBag from /home/gui/Documentos/airflowalura/venv/lib/python3.9/site-packages/airflow/example_dags/example_branch_python_dop_operator_3.py
[2023-06-05 23:37:39,275] {processor.py:651} INFO - DAG(s) dict_keys(['example_branch_dop_operator_v3']) retrieved from /home/gui/Documentos/airflowalura/venv/lib/python3.9/site-packages/airflow/example_dags/example_branch_python_dop_operator_3.py
[2023-06-05 23:37:39,340] {logging_mixin.py:115} INFO - [2023-06-05 23:37:39,340] {dag.py:2379} INFO - Sync 1 DAGs
[2023-06-05 23:37:39,400] {logging_mixin.py:115} INFO - [2023-06-05 23:37:39,400] {dag.py:2927} INFO - Setting next_dagrun for example_branch_dop_operator_v3 to 2023-06-06T02:36:00+00:00, run_after=2023-06-06T02:37:00+00:00
[2023-06-05 23:37:39,425] {processor.py:161} INFO - Processing /home/gui/Documentos/airflowalura/venv/lib/python3.9/site-packages/airflow/example_dags/example_branch_python_dop_operator_3.py took 0.209 seconds
[2023-06-05 23:38:23,846] {processor.py:153} INFO - Started process (PID=49920) to work on /home/gui/Documentos/airflowalura/venv/lib/python3.9/site-packages/airflow/example_dags/example_branch_python_dop_operator_3.py
[2023-06-05 23:38:23,851] {processor.py:641} INFO - Processing file /home/gui/Documentos/airflowalura/venv/lib/python3.9/site-packages/airflow/example_dags/example_branch_python_dop_operator_3.py for tasks to queue
[2023-06-05 23:38:23,852] {logging_mixin.py:115} INFO - [2023-06-05 23:38:23,852] {dagbag.py:507} INFO - Filling up the DagBag from /home/gui/Documentos/airflowalura/venv/lib/python3.9/site-packages/airflow/example_dags/example_branch_python_dop_operator_3.py
[2023-06-05 23:38:23,886] {processor.py:651} INFO - DAG(s) dict_keys(['example_branch_dop_operator_v3']) retrieved from /home/gui/Documentos/airflowalura/venv/lib/python3.9/site-packages/airflow/example_dags/example_branch_python_dop_operator_3.py
[2023-06-05 23:38:23,923] {logging_mixin.py:115} INFO - [2023-06-05 23:38:23,918] {dag.py:2379} INFO - Sync 1 DAGs
[2023-06-05 23:38:23,980] {logging_mixin.py:115} INFO - [2023-06-05 23:38:23,979] {dag.py:2927} INFO - Setting next_dagrun for example_branch_dop_operator_v3 to 2023-06-06T02:37:00+00:00, run_after=2023-06-06T02:38:00+00:00
[2023-06-05 23:38:24,005] {processor.py:161} INFO - Processing /home/gui/Documentos/airflowalura/venv/lib/python3.9/site-packages/airflow/example_dags/example_branch_python_dop_operator_3.py took 0.168 seconds
[2023-06-05 23:39:06,741] {processor.py:153} INFO - Started process (PID=49998) to work on /home/gui/Documentos/airflowalura/venv/lib/python3.9/site-packages/airflow/example_dags/example_branch_python_dop_operator_3.py
[2023-06-05 23:39:06,743] {processor.py:641} INFO - Processing file /home/gui/Documentos/airflowalura/venv/lib/python3.9/site-packages/airflow/example_dags/example_branch_python_dop_operator_3.py for tasks to queue
[2023-06-05 23:39:06,744] {logging_mixin.py:115} INFO - [2023-06-05 23:39:06,744] {dagbag.py:507} INFO - Filling up the DagBag from /home/gui/Documentos/airflowalura/venv/lib/python3.9/site-packages/airflow/example_dags/example_branch_python_dop_operator_3.py
[2023-06-05 23:39:06,764] {processor.py:651} INFO - DAG(s) dict_keys(['example_branch_dop_operator_v3']) retrieved from /home/gui/Documentos/airflowalura/venv/lib/python3.9/site-packages/airflow/example_dags/example_branch_python_dop_operator_3.py
[2023-06-05 23:39:06,806] {logging_mixin.py:115} INFO - [2023-06-05 23:39:06,806] {dag.py:2379} INFO - Sync 1 DAGs
[2023-06-05 23:39:06,843] {logging_mixin.py:115} INFO - [2023-06-05 23:39:06,843] {dag.py:2927} INFO - Setting next_dagrun for example_branch_dop_operator_v3 to 2023-06-06T02:38:00+00:00, run_after=2023-06-06T02:39:00+00:00
[2023-06-05 23:39:06,896] {processor.py:161} INFO - Processing /home/gui/Documentos/airflowalura/venv/lib/python3.9/site-packages/airflow/example_dags/example_branch_python_dop_operator_3.py took 0.166 seconds
[2023-06-05 23:39:50,500] {processor.py:153} INFO - Started process (PID=50118) to work on /home/gui/Documentos/airflowalura/venv/lib/python3.9/site-packages/airflow/example_dags/example_branch_python_dop_operator_3.py
[2023-06-05 23:39:50,504] {processor.py:641} INFO - Processing file /home/gui/Documentos/airflowalura/venv/lib/python3.9/site-packages/airflow/example_dags/example_branch_python_dop_operator_3.py for tasks to queue
[2023-06-05 23:39:50,505] {logging_mixin.py:115} INFO - [2023-06-05 23:39:50,505] {dagbag.py:507} INFO - Filling up the DagBag from /home/gui/Documentos/airflowalura/venv/lib/python3.9/site-packages/airflow/example_dags/example_branch_python_dop_operator_3.py
[2023-06-05 23:39:50,529] {processor.py:651} INFO - DAG(s) dict_keys(['example_branch_dop_operator_v3']) retrieved from /home/gui/Documentos/airflowalura/venv/lib/python3.9/site-packages/airflow/example_dags/example_branch_python_dop_operator_3.py
[2023-06-05 23:39:50,560] {logging_mixin.py:115} INFO - [2023-06-05 23:39:50,560] {dag.py:2379} INFO - Sync 1 DAGs
[2023-06-05 23:39:50,610] {logging_mixin.py:115} INFO - [2023-06-05 23:39:50,610] {dag.py:2927} INFO - Setting next_dagrun for example_branch_dop_operator_v3 to 2023-06-06T02:38:00+00:00, run_after=2023-06-06T02:39:00+00:00
[2023-06-05 23:39:50,653] {processor.py:161} INFO - Processing /home/gui/Documentos/airflowalura/venv/lib/python3.9/site-packages/airflow/example_dags/example_branch_python_dop_operator_3.py took 0.162 seconds
[2023-06-05 23:40:39,650] {processor.py:153} INFO - Started process (PID=50412) to work on /home/gui/Documentos/airflowalura/venv/lib/python3.9/site-packages/airflow/example_dags/example_branch_python_dop_operator_3.py
[2023-06-05 23:40:39,655] {processor.py:641} INFO - Processing file /home/gui/Documentos/airflowalura/venv/lib/python3.9/site-packages/airflow/example_dags/example_branch_python_dop_operator_3.py for tasks to queue
[2023-06-05 23:40:39,656] {logging_mixin.py:115} INFO - [2023-06-05 23:40:39,656] {dagbag.py:507} INFO - Filling up the DagBag from /home/gui/Documentos/airflowalura/venv/lib/python3.9/site-packages/airflow/example_dags/example_branch_python_dop_operator_3.py
[2023-06-05 23:40:39,679] {processor.py:651} INFO - DAG(s) dict_keys(['example_branch_dop_operator_v3']) retrieved from /home/gui/Documentos/airflowalura/venv/lib/python3.9/site-packages/airflow/example_dags/example_branch_python_dop_operator_3.py
[2023-06-05 23:40:39,716] {logging_mixin.py:115} INFO - [2023-06-05 23:40:39,716] {dag.py:2379} INFO - Sync 1 DAGs
[2023-06-05 23:40:39,758] {logging_mixin.py:115} INFO - [2023-06-05 23:40:39,758] {dag.py:2927} INFO - Setting next_dagrun for example_branch_dop_operator_v3 to 2023-06-06T02:39:00+00:00, run_after=2023-06-06T02:40:00+00:00
[2023-06-05 23:40:39,803] {processor.py:161} INFO - Processing /home/gui/Documentos/airflowalura/venv/lib/python3.9/site-packages/airflow/example_dags/example_branch_python_dop_operator_3.py took 0.166 seconds
[2023-06-05 23:41:32,594] {processor.py:153} INFO - Started process (PID=50735) to work on /home/gui/Documentos/airflowalura/venv/lib/python3.9/site-packages/airflow/example_dags/example_branch_python_dop_operator_3.py
[2023-06-05 23:41:32,609] {processor.py:641} INFO - Processing file /home/gui/Documentos/airflowalura/venv/lib/python3.9/site-packages/airflow/example_dags/example_branch_python_dop_operator_3.py for tasks to queue
[2023-06-05 23:41:32,610] {logging_mixin.py:115} INFO - [2023-06-05 23:41:32,610] {dagbag.py:507} INFO - Filling up the DagBag from /home/gui/Documentos/airflowalura/venv/lib/python3.9/site-packages/airflow/example_dags/example_branch_python_dop_operator_3.py
[2023-06-05 23:41:32,633] {processor.py:651} INFO - DAG(s) dict_keys(['example_branch_dop_operator_v3']) retrieved from /home/gui/Documentos/airflowalura/venv/lib/python3.9/site-packages/airflow/example_dags/example_branch_python_dop_operator_3.py
[2023-06-05 23:41:32,661] {logging_mixin.py:115} INFO - [2023-06-05 23:41:32,661] {dag.py:2379} INFO - Sync 1 DAGs
[2023-06-05 23:41:32,703] {logging_mixin.py:115} INFO - [2023-06-05 23:41:32,703] {dag.py:2927} INFO - Setting next_dagrun for example_branch_dop_operator_v3 to 2023-06-06T02:40:00+00:00, run_after=2023-06-06T02:41:00+00:00
[2023-06-05 23:41:32,825] {processor.py:161} INFO - Processing /home/gui/Documentos/airflowalura/venv/lib/python3.9/site-packages/airflow/example_dags/example_branch_python_dop_operator_3.py took 0.236 seconds
[2023-06-05 23:42:15,504] {processor.py:153} INFO - Started process (PID=50828) to work on /home/gui/Documentos/airflowalura/venv/lib/python3.9/site-packages/airflow/example_dags/example_branch_python_dop_operator_3.py
[2023-06-05 23:42:15,507] {processor.py:641} INFO - Processing file /home/gui/Documentos/airflowalura/venv/lib/python3.9/site-packages/airflow/example_dags/example_branch_python_dop_operator_3.py for tasks to queue
[2023-06-05 23:42:15,508] {logging_mixin.py:115} INFO - [2023-06-05 23:42:15,508] {dagbag.py:507} INFO - Filling up the DagBag from /home/gui/Documentos/airflowalura/venv/lib/python3.9/site-packages/airflow/example_dags/example_branch_python_dop_operator_3.py
[2023-06-05 23:42:15,551] {processor.py:651} INFO - DAG(s) dict_keys(['example_branch_dop_operator_v3']) retrieved from /home/gui/Documentos/airflowalura/venv/lib/python3.9/site-packages/airflow/example_dags/example_branch_python_dop_operator_3.py
[2023-06-05 23:42:15,587] {logging_mixin.py:115} INFO - [2023-06-05 23:42:15,586] {dag.py:2379} INFO - Sync 1 DAGs
[2023-06-05 23:42:15,653] {logging_mixin.py:115} INFO - [2023-06-05 23:42:15,653] {dag.py:2927} INFO - Setting next_dagrun for example_branch_dop_operator_v3 to 2023-06-06T02:41:00+00:00, run_after=2023-06-06T02:42:00+00:00
[2023-06-05 23:42:15,680] {processor.py:161} INFO - Processing /home/gui/Documentos/airflowalura/venv/lib/python3.9/site-packages/airflow/example_dags/example_branch_python_dop_operator_3.py took 0.183 seconds
