[2023-06-05 23:05:45,983] {processor.py:153} INFO - Started process (PID=44985) to work on /home/gui/Documentos/airflowalura/venv/lib/python3.9/site-packages/airflow/example_dags/example_branch_operator_decorator.py
[2023-06-05 23:05:45,984] {processor.py:641} INFO - Processing file /home/gui/Documentos/airflowalura/venv/lib/python3.9/site-packages/airflow/example_dags/example_branch_operator_decorator.py for tasks to queue
[2023-06-05 23:05:45,985] {logging_mixin.py:115} INFO - [2023-06-05 23:05:45,985] {dagbag.py:507} INFO - Filling up the DagBag from /home/gui/Documentos/airflowalura/venv/lib/python3.9/site-packages/airflow/example_dags/example_branch_operator_decorator.py
[2023-06-05 23:05:46,015] {processor.py:651} INFO - DAG(s) dict_keys(['example_branch_python_operator_decorator']) retrieved from /home/gui/Documentos/airflowalura/venv/lib/python3.9/site-packages/airflow/example_dags/example_branch_operator_decorator.py
[2023-06-05 23:05:46,109] {logging_mixin.py:115} INFO - [2023-06-05 23:05:46,109] {manager.py:508} INFO - Created Permission View: can edit on DAG:example_branch_python_operator_decorator
[2023-06-05 23:05:46,121] {logging_mixin.py:115} INFO - [2023-06-05 23:05:46,121] {manager.py:508} INFO - Created Permission View: can delete on DAG:example_branch_python_operator_decorator
[2023-06-05 23:05:46,131] {logging_mixin.py:115} INFO - [2023-06-05 23:05:46,131] {manager.py:508} INFO - Created Permission View: can read on DAG:example_branch_python_operator_decorator
[2023-06-05 23:05:46,131] {logging_mixin.py:115} INFO - [2023-06-05 23:05:46,131] {dag.py:2379} INFO - Sync 1 DAGs
[2023-06-05 23:05:46,143] {logging_mixin.py:115} INFO - [2023-06-05 23:05:46,143] {dag.py:2398} INFO - Creating ORM DAG for example_branch_python_operator_decorator
[2023-06-05 23:05:46,159] {logging_mixin.py:115} INFO - [2023-06-05 23:05:46,158] {dag.py:2927} INFO - Setting next_dagrun for example_branch_python_operator_decorator to 2023-06-05T00:00:00+00:00, run_after=2023-06-06T00:00:00+00:00
[2023-06-05 23:05:46,179] {processor.py:161} INFO - Processing /home/gui/Documentos/airflowalura/venv/lib/python3.9/site-packages/airflow/example_dags/example_branch_operator_decorator.py took 0.202 seconds
[2023-06-05 23:06:22,898] {processor.py:153} INFO - Started process (PID=45022) to work on /home/gui/Documentos/airflowalura/venv/lib/python3.9/site-packages/airflow/example_dags/example_branch_operator_decorator.py
[2023-06-05 23:06:22,900] {processor.py:641} INFO - Processing file /home/gui/Documentos/airflowalura/venv/lib/python3.9/site-packages/airflow/example_dags/example_branch_operator_decorator.py for tasks to queue
[2023-06-05 23:06:22,901] {logging_mixin.py:115} INFO - [2023-06-05 23:06:22,901] {dagbag.py:507} INFO - Filling up the DagBag from /home/gui/Documentos/airflowalura/venv/lib/python3.9/site-packages/airflow/example_dags/example_branch_operator_decorator.py
[2023-06-05 23:06:22,935] {processor.py:651} INFO - DAG(s) dict_keys(['example_branch_python_operator_decorator']) retrieved from /home/gui/Documentos/airflowalura/venv/lib/python3.9/site-packages/airflow/example_dags/example_branch_operator_decorator.py
[2023-06-05 23:06:22,964] {logging_mixin.py:115} INFO - [2023-06-05 23:06:22,964] {dag.py:2379} INFO - Sync 1 DAGs
[2023-06-05 23:06:22,993] {logging_mixin.py:115} INFO - [2023-06-05 23:06:22,993] {dag.py:2927} INFO - Setting next_dagrun for example_branch_python_operator_decorator to 2023-06-05T00:00:00+00:00, run_after=2023-06-06T00:00:00+00:00
[2023-06-05 23:06:23,073] {processor.py:161} INFO - Processing /home/gui/Documentos/airflowalura/venv/lib/python3.9/site-packages/airflow/example_dags/example_branch_operator_decorator.py took 0.184 seconds
[2023-06-05 23:07:00,949] {processor.py:153} INFO - Started process (PID=45075) to work on /home/gui/Documentos/airflowalura/venv/lib/python3.9/site-packages/airflow/example_dags/example_branch_operator_decorator.py
[2023-06-05 23:07:00,951] {processor.py:641} INFO - Processing file /home/gui/Documentos/airflowalura/venv/lib/python3.9/site-packages/airflow/example_dags/example_branch_operator_decorator.py for tasks to queue
[2023-06-05 23:07:00,951] {logging_mixin.py:115} INFO - [2023-06-05 23:07:00,951] {dagbag.py:507} INFO - Filling up the DagBag from /home/gui/Documentos/airflowalura/venv/lib/python3.9/site-packages/airflow/example_dags/example_branch_operator_decorator.py
[2023-06-05 23:07:00,983] {processor.py:651} INFO - DAG(s) dict_keys(['example_branch_python_operator_decorator']) retrieved from /home/gui/Documentos/airflowalura/venv/lib/python3.9/site-packages/airflow/example_dags/example_branch_operator_decorator.py
[2023-06-05 23:07:01,012] {logging_mixin.py:115} INFO - [2023-06-05 23:07:01,012] {dag.py:2379} INFO - Sync 1 DAGs
[2023-06-05 23:07:01,042] {logging_mixin.py:115} INFO - [2023-06-05 23:07:01,042] {dag.py:2927} INFO - Setting next_dagrun for example_branch_python_operator_decorator to 2023-06-05T00:00:00+00:00, run_after=2023-06-06T00:00:00+00:00
[2023-06-05 23:07:01,111] {processor.py:161} INFO - Processing /home/gui/Documentos/airflowalura/venv/lib/python3.9/site-packages/airflow/example_dags/example_branch_operator_decorator.py took 0.169 seconds
[2023-06-05 23:07:40,213] {processor.py:153} INFO - Started process (PID=45117) to work on /home/gui/Documentos/airflowalura/venv/lib/python3.9/site-packages/airflow/example_dags/example_branch_operator_decorator.py
[2023-06-05 23:07:40,214] {processor.py:641} INFO - Processing file /home/gui/Documentos/airflowalura/venv/lib/python3.9/site-packages/airflow/example_dags/example_branch_operator_decorator.py for tasks to queue
[2023-06-05 23:07:40,215] {logging_mixin.py:115} INFO - [2023-06-05 23:07:40,215] {dagbag.py:507} INFO - Filling up the DagBag from /home/gui/Documentos/airflowalura/venv/lib/python3.9/site-packages/airflow/example_dags/example_branch_operator_decorator.py
[2023-06-05 23:07:40,252] {processor.py:651} INFO - DAG(s) dict_keys(['example_branch_python_operator_decorator']) retrieved from /home/gui/Documentos/airflowalura/venv/lib/python3.9/site-packages/airflow/example_dags/example_branch_operator_decorator.py
[2023-06-05 23:07:40,285] {logging_mixin.py:115} INFO - [2023-06-05 23:07:40,285] {dag.py:2379} INFO - Sync 1 DAGs
[2023-06-05 23:07:40,330] {logging_mixin.py:115} INFO - [2023-06-05 23:07:40,330] {dag.py:2927} INFO - Setting next_dagrun for example_branch_python_operator_decorator to 2023-06-05T00:00:00+00:00, run_after=2023-06-06T00:00:00+00:00
[2023-06-05 23:07:40,358] {processor.py:161} INFO - Processing /home/gui/Documentos/airflowalura/venv/lib/python3.9/site-packages/airflow/example_dags/example_branch_operator_decorator.py took 0.152 seconds
[2023-06-05 23:08:21,532] {processor.py:153} INFO - Started process (PID=45152) to work on /home/gui/Documentos/airflowalura/venv/lib/python3.9/site-packages/airflow/example_dags/example_branch_operator_decorator.py
[2023-06-05 23:08:21,534] {processor.py:641} INFO - Processing file /home/gui/Documentos/airflowalura/venv/lib/python3.9/site-packages/airflow/example_dags/example_branch_operator_decorator.py for tasks to queue
[2023-06-05 23:08:21,535] {logging_mixin.py:115} INFO - [2023-06-05 23:08:21,535] {dagbag.py:507} INFO - Filling up the DagBag from /home/gui/Documentos/airflowalura/venv/lib/python3.9/site-packages/airflow/example_dags/example_branch_operator_decorator.py
[2023-06-05 23:08:21,578] {processor.py:651} INFO - DAG(s) dict_keys(['example_branch_python_operator_decorator']) retrieved from /home/gui/Documentos/airflowalura/venv/lib/python3.9/site-packages/airflow/example_dags/example_branch_operator_decorator.py
[2023-06-05 23:08:21,621] {logging_mixin.py:115} INFO - [2023-06-05 23:08:21,621] {dag.py:2379} INFO - Sync 1 DAGs
[2023-06-05 23:08:21,676] {logging_mixin.py:115} INFO - [2023-06-05 23:08:21,675] {dag.py:2927} INFO - Setting next_dagrun for example_branch_python_operator_decorator to 2023-06-05T00:00:00+00:00, run_after=2023-06-06T00:00:00+00:00
[2023-06-05 23:08:21,719] {processor.py:161} INFO - Processing /home/gui/Documentos/airflowalura/venv/lib/python3.9/site-packages/airflow/example_dags/example_branch_operator_decorator.py took 0.196 seconds
[2023-06-05 23:09:01,270] {processor.py:153} INFO - Started process (PID=45188) to work on /home/gui/Documentos/airflowalura/venv/lib/python3.9/site-packages/airflow/example_dags/example_branch_operator_decorator.py
[2023-06-05 23:09:01,273] {processor.py:641} INFO - Processing file /home/gui/Documentos/airflowalura/venv/lib/python3.9/site-packages/airflow/example_dags/example_branch_operator_decorator.py for tasks to queue
[2023-06-05 23:09:01,275] {logging_mixin.py:115} INFO - [2023-06-05 23:09:01,274] {dagbag.py:507} INFO - Filling up the DagBag from /home/gui/Documentos/airflowalura/venv/lib/python3.9/site-packages/airflow/example_dags/example_branch_operator_decorator.py
[2023-06-05 23:09:01,320] {processor.py:651} INFO - DAG(s) dict_keys(['example_branch_python_operator_decorator']) retrieved from /home/gui/Documentos/airflowalura/venv/lib/python3.9/site-packages/airflow/example_dags/example_branch_operator_decorator.py
[2023-06-05 23:09:01,357] {logging_mixin.py:115} INFO - [2023-06-05 23:09:01,357] {dag.py:2379} INFO - Sync 1 DAGs
[2023-06-05 23:09:01,400] {logging_mixin.py:115} INFO - [2023-06-05 23:09:01,400] {dag.py:2927} INFO - Setting next_dagrun for example_branch_python_operator_decorator to 2023-06-05T00:00:00+00:00, run_after=2023-06-06T00:00:00+00:00
[2023-06-05 23:09:01,876] {processor.py:161} INFO - Processing /home/gui/Documentos/airflowalura/venv/lib/python3.9/site-packages/airflow/example_dags/example_branch_operator_decorator.py took 0.619 seconds
[2023-06-05 23:09:43,189] {processor.py:153} INFO - Started process (PID=45225) to work on /home/gui/Documentos/airflowalura/venv/lib/python3.9/site-packages/airflow/example_dags/example_branch_operator_decorator.py
[2023-06-05 23:09:43,207] {processor.py:641} INFO - Processing file /home/gui/Documentos/airflowalura/venv/lib/python3.9/site-packages/airflow/example_dags/example_branch_operator_decorator.py for tasks to queue
[2023-06-05 23:09:43,209] {logging_mixin.py:115} INFO - [2023-06-05 23:09:43,208] {dagbag.py:507} INFO - Filling up the DagBag from /home/gui/Documentos/airflowalura/venv/lib/python3.9/site-packages/airflow/example_dags/example_branch_operator_decorator.py
[2023-06-05 23:09:43,247] {processor.py:651} INFO - DAG(s) dict_keys(['example_branch_python_operator_decorator']) retrieved from /home/gui/Documentos/airflowalura/venv/lib/python3.9/site-packages/airflow/example_dags/example_branch_operator_decorator.py
[2023-06-05 23:09:43,282] {logging_mixin.py:115} INFO - [2023-06-05 23:09:43,282] {dag.py:2379} INFO - Sync 1 DAGs
[2023-06-05 23:09:43,317] {logging_mixin.py:115} INFO - [2023-06-05 23:09:43,317] {dag.py:2927} INFO - Setting next_dagrun for example_branch_python_operator_decorator to 2023-06-05T00:00:00+00:00, run_after=2023-06-06T00:00:00+00:00
[2023-06-05 23:09:43,348] {processor.py:161} INFO - Processing /home/gui/Documentos/airflowalura/venv/lib/python3.9/site-packages/airflow/example_dags/example_branch_operator_decorator.py took 0.166 seconds
[2023-06-05 23:10:26,496] {processor.py:153} INFO - Started process (PID=45260) to work on /home/gui/Documentos/airflowalura/venv/lib/python3.9/site-packages/airflow/example_dags/example_branch_operator_decorator.py
[2023-06-05 23:10:26,497] {processor.py:641} INFO - Processing file /home/gui/Documentos/airflowalura/venv/lib/python3.9/site-packages/airflow/example_dags/example_branch_operator_decorator.py for tasks to queue
[2023-06-05 23:10:26,498] {logging_mixin.py:115} INFO - [2023-06-05 23:10:26,498] {dagbag.py:507} INFO - Filling up the DagBag from /home/gui/Documentos/airflowalura/venv/lib/python3.9/site-packages/airflow/example_dags/example_branch_operator_decorator.py
[2023-06-05 23:10:26,535] {processor.py:651} INFO - DAG(s) dict_keys(['example_branch_python_operator_decorator']) retrieved from /home/gui/Documentos/airflowalura/venv/lib/python3.9/site-packages/airflow/example_dags/example_branch_operator_decorator.py
[2023-06-05 23:10:26,570] {logging_mixin.py:115} INFO - [2023-06-05 23:10:26,570] {dag.py:2379} INFO - Sync 1 DAGs
[2023-06-05 23:10:26,619] {logging_mixin.py:115} INFO - [2023-06-05 23:10:26,619] {dag.py:2927} INFO - Setting next_dagrun for example_branch_python_operator_decorator to 2023-06-05T00:00:00+00:00, run_after=2023-06-06T00:00:00+00:00
[2023-06-05 23:10:26,779] {processor.py:161} INFO - Processing /home/gui/Documentos/airflowalura/venv/lib/python3.9/site-packages/airflow/example_dags/example_branch_operator_decorator.py took 0.290 seconds
[2023-06-05 23:11:16,087] {processor.py:153} INFO - Started process (PID=45306) to work on /home/gui/Documentos/airflowalura/venv/lib/python3.9/site-packages/airflow/example_dags/example_branch_operator_decorator.py
[2023-06-05 23:11:16,088] {processor.py:641} INFO - Processing file /home/gui/Documentos/airflowalura/venv/lib/python3.9/site-packages/airflow/example_dags/example_branch_operator_decorator.py for tasks to queue
[2023-06-05 23:11:16,089] {logging_mixin.py:115} INFO - [2023-06-05 23:11:16,089] {dagbag.py:507} INFO - Filling up the DagBag from /home/gui/Documentos/airflowalura/venv/lib/python3.9/site-packages/airflow/example_dags/example_branch_operator_decorator.py
[2023-06-05 23:11:16,125] {processor.py:651} INFO - DAG(s) dict_keys(['example_branch_python_operator_decorator']) retrieved from /home/gui/Documentos/airflowalura/venv/lib/python3.9/site-packages/airflow/example_dags/example_branch_operator_decorator.py
[2023-06-05 23:11:16,163] {logging_mixin.py:115} INFO - [2023-06-05 23:11:16,163] {dag.py:2379} INFO - Sync 1 DAGs
[2023-06-05 23:11:16,198] {logging_mixin.py:115} INFO - [2023-06-05 23:11:16,198] {dag.py:2927} INFO - Setting next_dagrun for example_branch_python_operator_decorator to 2023-06-05T00:00:00+00:00, run_after=2023-06-06T00:00:00+00:00
[2023-06-05 23:11:16,323] {processor.py:161} INFO - Processing /home/gui/Documentos/airflowalura/venv/lib/python3.9/site-packages/airflow/example_dags/example_branch_operator_decorator.py took 0.243 seconds
[2023-06-05 23:11:58,322] {processor.py:153} INFO - Started process (PID=45344) to work on /home/gui/Documentos/airflowalura/venv/lib/python3.9/site-packages/airflow/example_dags/example_branch_operator_decorator.py
[2023-06-05 23:11:58,324] {processor.py:641} INFO - Processing file /home/gui/Documentos/airflowalura/venv/lib/python3.9/site-packages/airflow/example_dags/example_branch_operator_decorator.py for tasks to queue
[2023-06-05 23:11:58,325] {logging_mixin.py:115} INFO - [2023-06-05 23:11:58,325] {dagbag.py:507} INFO - Filling up the DagBag from /home/gui/Documentos/airflowalura/venv/lib/python3.9/site-packages/airflow/example_dags/example_branch_operator_decorator.py
[2023-06-05 23:11:58,362] {processor.py:651} INFO - DAG(s) dict_keys(['example_branch_python_operator_decorator']) retrieved from /home/gui/Documentos/airflowalura/venv/lib/python3.9/site-packages/airflow/example_dags/example_branch_operator_decorator.py
[2023-06-05 23:11:58,391] {logging_mixin.py:115} INFO - [2023-06-05 23:11:58,390] {dag.py:2379} INFO - Sync 1 DAGs
[2023-06-05 23:11:58,419] {logging_mixin.py:115} INFO - [2023-06-05 23:11:58,419] {dag.py:2927} INFO - Setting next_dagrun for example_branch_python_operator_decorator to 2023-06-05T00:00:00+00:00, run_after=2023-06-06T00:00:00+00:00
[2023-06-05 23:11:58,450] {processor.py:161} INFO - Processing /home/gui/Documentos/airflowalura/venv/lib/python3.9/site-packages/airflow/example_dags/example_branch_operator_decorator.py took 0.140 seconds
[2023-06-05 23:12:41,825] {processor.py:153} INFO - Started process (PID=45384) to work on /home/gui/Documentos/airflowalura/venv/lib/python3.9/site-packages/airflow/example_dags/example_branch_operator_decorator.py
[2023-06-05 23:12:41,827] {processor.py:641} INFO - Processing file /home/gui/Documentos/airflowalura/venv/lib/python3.9/site-packages/airflow/example_dags/example_branch_operator_decorator.py for tasks to queue
[2023-06-05 23:12:41,828] {logging_mixin.py:115} INFO - [2023-06-05 23:12:41,828] {dagbag.py:507} INFO - Filling up the DagBag from /home/gui/Documentos/airflowalura/venv/lib/python3.9/site-packages/airflow/example_dags/example_branch_operator_decorator.py
[2023-06-05 23:12:41,865] {processor.py:651} INFO - DAG(s) dict_keys(['example_branch_python_operator_decorator']) retrieved from /home/gui/Documentos/airflowalura/venv/lib/python3.9/site-packages/airflow/example_dags/example_branch_operator_decorator.py
[2023-06-05 23:12:41,894] {logging_mixin.py:115} INFO - [2023-06-05 23:12:41,893] {dag.py:2379} INFO - Sync 1 DAGs
[2023-06-05 23:12:41,921] {logging_mixin.py:115} INFO - [2023-06-05 23:12:41,921] {dag.py:2927} INFO - Setting next_dagrun for example_branch_python_operator_decorator to 2023-06-05T00:00:00+00:00, run_after=2023-06-06T00:00:00+00:00
[2023-06-05 23:12:41,948] {processor.py:161} INFO - Processing /home/gui/Documentos/airflowalura/venv/lib/python3.9/site-packages/airflow/example_dags/example_branch_operator_decorator.py took 0.130 seconds
[2023-06-05 23:13:29,939] {processor.py:153} INFO - Started process (PID=45424) to work on /home/gui/Documentos/airflowalura/venv/lib/python3.9/site-packages/airflow/example_dags/example_branch_operator_decorator.py
[2023-06-05 23:13:29,940] {processor.py:641} INFO - Processing file /home/gui/Documentos/airflowalura/venv/lib/python3.9/site-packages/airflow/example_dags/example_branch_operator_decorator.py for tasks to queue
[2023-06-05 23:13:29,941] {logging_mixin.py:115} INFO - [2023-06-05 23:13:29,941] {dagbag.py:507} INFO - Filling up the DagBag from /home/gui/Documentos/airflowalura/venv/lib/python3.9/site-packages/airflow/example_dags/example_branch_operator_decorator.py
[2023-06-05 23:13:29,971] {processor.py:651} INFO - DAG(s) dict_keys(['example_branch_python_operator_decorator']) retrieved from /home/gui/Documentos/airflowalura/venv/lib/python3.9/site-packages/airflow/example_dags/example_branch_operator_decorator.py
[2023-06-05 23:13:30,000] {logging_mixin.py:115} INFO - [2023-06-05 23:13:30,000] {dag.py:2379} INFO - Sync 1 DAGs
[2023-06-05 23:13:30,028] {logging_mixin.py:115} INFO - [2023-06-05 23:13:30,028] {dag.py:2927} INFO - Setting next_dagrun for example_branch_python_operator_decorator to 2023-06-05T00:00:00+00:00, run_after=2023-06-06T00:00:00+00:00
[2023-06-05 23:13:30,045] {processor.py:161} INFO - Processing /home/gui/Documentos/airflowalura/venv/lib/python3.9/site-packages/airflow/example_dags/example_branch_operator_decorator.py took 0.112 seconds
[2023-06-05 23:14:14,288] {processor.py:153} INFO - Started process (PID=45466) to work on /home/gui/Documentos/airflowalura/venv/lib/python3.9/site-packages/airflow/example_dags/example_branch_operator_decorator.py
[2023-06-05 23:14:14,290] {processor.py:641} INFO - Processing file /home/gui/Documentos/airflowalura/venv/lib/python3.9/site-packages/airflow/example_dags/example_branch_operator_decorator.py for tasks to queue
[2023-06-05 23:14:14,290] {logging_mixin.py:115} INFO - [2023-06-05 23:14:14,290] {dagbag.py:507} INFO - Filling up the DagBag from /home/gui/Documentos/airflowalura/venv/lib/python3.9/site-packages/airflow/example_dags/example_branch_operator_decorator.py
[2023-06-05 23:14:14,321] {processor.py:651} INFO - DAG(s) dict_keys(['example_branch_python_operator_decorator']) retrieved from /home/gui/Documentos/airflowalura/venv/lib/python3.9/site-packages/airflow/example_dags/example_branch_operator_decorator.py
[2023-06-05 23:14:14,349] {logging_mixin.py:115} INFO - [2023-06-05 23:14:14,349] {dag.py:2379} INFO - Sync 1 DAGs
[2023-06-05 23:14:14,380] {logging_mixin.py:115} INFO - [2023-06-05 23:14:14,380] {dag.py:2927} INFO - Setting next_dagrun for example_branch_python_operator_decorator to 2023-06-05T00:00:00+00:00, run_after=2023-06-06T00:00:00+00:00
[2023-06-05 23:14:14,503] {processor.py:161} INFO - Processing /home/gui/Documentos/airflowalura/venv/lib/python3.9/site-packages/airflow/example_dags/example_branch_operator_decorator.py took 0.220 seconds
[2023-06-05 23:15:00,286] {processor.py:153} INFO - Started process (PID=45506) to work on /home/gui/Documentos/airflowalura/venv/lib/python3.9/site-packages/airflow/example_dags/example_branch_operator_decorator.py
[2023-06-05 23:15:00,287] {processor.py:641} INFO - Processing file /home/gui/Documentos/airflowalura/venv/lib/python3.9/site-packages/airflow/example_dags/example_branch_operator_decorator.py for tasks to queue
[2023-06-05 23:15:00,288] {logging_mixin.py:115} INFO - [2023-06-05 23:15:00,288] {dagbag.py:507} INFO - Filling up the DagBag from /home/gui/Documentos/airflowalura/venv/lib/python3.9/site-packages/airflow/example_dags/example_branch_operator_decorator.py
[2023-06-05 23:15:00,328] {processor.py:651} INFO - DAG(s) dict_keys(['example_branch_python_operator_decorator']) retrieved from /home/gui/Documentos/airflowalura/venv/lib/python3.9/site-packages/airflow/example_dags/example_branch_operator_decorator.py
[2023-06-05 23:15:00,365] {logging_mixin.py:115} INFO - [2023-06-05 23:15:00,365] {dag.py:2379} INFO - Sync 1 DAGs
[2023-06-05 23:15:00,404] {logging_mixin.py:115} INFO - [2023-06-05 23:15:00,403] {dag.py:2927} INFO - Setting next_dagrun for example_branch_python_operator_decorator to 2023-06-05T00:00:00+00:00, run_after=2023-06-06T00:00:00+00:00
[2023-06-05 23:15:00,448] {processor.py:161} INFO - Processing /home/gui/Documentos/airflowalura/venv/lib/python3.9/site-packages/airflow/example_dags/example_branch_operator_decorator.py took 0.169 seconds
[2023-06-05 23:15:38,445] {processor.py:153} INFO - Started process (PID=45561) to work on /home/gui/Documentos/airflowalura/venv/lib/python3.9/site-packages/airflow/example_dags/example_branch_operator_decorator.py
[2023-06-05 23:15:38,447] {processor.py:641} INFO - Processing file /home/gui/Documentos/airflowalura/venv/lib/python3.9/site-packages/airflow/example_dags/example_branch_operator_decorator.py for tasks to queue
[2023-06-05 23:15:38,448] {logging_mixin.py:115} INFO - [2023-06-05 23:15:38,448] {dagbag.py:507} INFO - Filling up the DagBag from /home/gui/Documentos/airflowalura/venv/lib/python3.9/site-packages/airflow/example_dags/example_branch_operator_decorator.py
[2023-06-05 23:15:38,488] {processor.py:651} INFO - DAG(s) dict_keys(['example_branch_python_operator_decorator']) retrieved from /home/gui/Documentos/airflowalura/venv/lib/python3.9/site-packages/airflow/example_dags/example_branch_operator_decorator.py
[2023-06-05 23:15:38,524] {logging_mixin.py:115} INFO - [2023-06-05 23:15:38,524] {dag.py:2379} INFO - Sync 1 DAGs
[2023-06-05 23:15:38,558] {logging_mixin.py:115} INFO - [2023-06-05 23:15:38,557] {dag.py:2927} INFO - Setting next_dagrun for example_branch_python_operator_decorator to 2023-06-05T00:00:00+00:00, run_after=2023-06-06T00:00:00+00:00
[2023-06-05 23:15:38,580] {processor.py:161} INFO - Processing /home/gui/Documentos/airflowalura/venv/lib/python3.9/site-packages/airflow/example_dags/example_branch_operator_decorator.py took 0.141 seconds
[2023-06-05 23:16:24,160] {processor.py:153} INFO - Started process (PID=45603) to work on /home/gui/Documentos/airflowalura/venv/lib/python3.9/site-packages/airflow/example_dags/example_branch_operator_decorator.py
[2023-06-05 23:16:24,162] {processor.py:641} INFO - Processing file /home/gui/Documentos/airflowalura/venv/lib/python3.9/site-packages/airflow/example_dags/example_branch_operator_decorator.py for tasks to queue
[2023-06-05 23:16:24,163] {logging_mixin.py:115} INFO - [2023-06-05 23:16:24,163] {dagbag.py:507} INFO - Filling up the DagBag from /home/gui/Documentos/airflowalura/venv/lib/python3.9/site-packages/airflow/example_dags/example_branch_operator_decorator.py
[2023-06-05 23:16:24,201] {processor.py:651} INFO - DAG(s) dict_keys(['example_branch_python_operator_decorator']) retrieved from /home/gui/Documentos/airflowalura/venv/lib/python3.9/site-packages/airflow/example_dags/example_branch_operator_decorator.py
[2023-06-05 23:16:24,237] {logging_mixin.py:115} INFO - [2023-06-05 23:16:24,237] {dag.py:2379} INFO - Sync 1 DAGs
[2023-06-05 23:16:24,272] {logging_mixin.py:115} INFO - [2023-06-05 23:16:24,272] {dag.py:2927} INFO - Setting next_dagrun for example_branch_python_operator_decorator to 2023-06-05T00:00:00+00:00, run_after=2023-06-06T00:00:00+00:00
[2023-06-05 23:16:24,379] {processor.py:161} INFO - Processing /home/gui/Documentos/airflowalura/venv/lib/python3.9/site-packages/airflow/example_dags/example_branch_operator_decorator.py took 0.226 seconds
[2023-06-05 23:17:10,419] {processor.py:153} INFO - Started process (PID=45647) to work on /home/gui/Documentos/airflowalura/venv/lib/python3.9/site-packages/airflow/example_dags/example_branch_operator_decorator.py
[2023-06-05 23:17:10,421] {processor.py:641} INFO - Processing file /home/gui/Documentos/airflowalura/venv/lib/python3.9/site-packages/airflow/example_dags/example_branch_operator_decorator.py for tasks to queue
[2023-06-05 23:17:10,422] {logging_mixin.py:115} INFO - [2023-06-05 23:17:10,422] {dagbag.py:507} INFO - Filling up the DagBag from /home/gui/Documentos/airflowalura/venv/lib/python3.9/site-packages/airflow/example_dags/example_branch_operator_decorator.py
[2023-06-05 23:17:10,457] {processor.py:651} INFO - DAG(s) dict_keys(['example_branch_python_operator_decorator']) retrieved from /home/gui/Documentos/airflowalura/venv/lib/python3.9/site-packages/airflow/example_dags/example_branch_operator_decorator.py
[2023-06-05 23:17:10,492] {logging_mixin.py:115} INFO - [2023-06-05 23:17:10,492] {dag.py:2379} INFO - Sync 1 DAGs
[2023-06-05 23:17:10,532] {logging_mixin.py:115} INFO - [2023-06-05 23:17:10,531] {dag.py:2927} INFO - Setting next_dagrun for example_branch_python_operator_decorator to 2023-06-05T00:00:00+00:00, run_after=2023-06-06T00:00:00+00:00
[2023-06-05 23:17:10,568] {processor.py:161} INFO - Processing /home/gui/Documentos/airflowalura/venv/lib/python3.9/site-packages/airflow/example_dags/example_branch_operator_decorator.py took 0.155 seconds
[2023-06-05 23:17:53,110] {processor.py:153} INFO - Started process (PID=45684) to work on /home/gui/Documentos/airflowalura/venv/lib/python3.9/site-packages/airflow/example_dags/example_branch_operator_decorator.py
[2023-06-05 23:17:53,111] {processor.py:641} INFO - Processing file /home/gui/Documentos/airflowalura/venv/lib/python3.9/site-packages/airflow/example_dags/example_branch_operator_decorator.py for tasks to queue
[2023-06-05 23:17:53,112] {logging_mixin.py:115} INFO - [2023-06-05 23:17:53,112] {dagbag.py:507} INFO - Filling up the DagBag from /home/gui/Documentos/airflowalura/venv/lib/python3.9/site-packages/airflow/example_dags/example_branch_operator_decorator.py
[2023-06-05 23:17:53,153] {processor.py:651} INFO - DAG(s) dict_keys(['example_branch_python_operator_decorator']) retrieved from /home/gui/Documentos/airflowalura/venv/lib/python3.9/site-packages/airflow/example_dags/example_branch_operator_decorator.py
[2023-06-05 23:17:53,195] {logging_mixin.py:115} INFO - [2023-06-05 23:17:53,195] {dag.py:2379} INFO - Sync 1 DAGs
[2023-06-05 23:17:53,242] {logging_mixin.py:115} INFO - [2023-06-05 23:17:53,242] {dag.py:2927} INFO - Setting next_dagrun for example_branch_python_operator_decorator to 2023-06-05T00:00:00+00:00, run_after=2023-06-06T00:00:00+00:00
[2023-06-05 23:17:53,952] {processor.py:161} INFO - Processing /home/gui/Documentos/airflowalura/venv/lib/python3.9/site-packages/airflow/example_dags/example_branch_operator_decorator.py took 0.850 seconds
[2023-06-05 23:18:38,696] {processor.py:153} INFO - Started process (PID=45723) to work on /home/gui/Documentos/airflowalura/venv/lib/python3.9/site-packages/airflow/example_dags/example_branch_operator_decorator.py
[2023-06-05 23:18:38,698] {processor.py:641} INFO - Processing file /home/gui/Documentos/airflowalura/venv/lib/python3.9/site-packages/airflow/example_dags/example_branch_operator_decorator.py for tasks to queue
[2023-06-05 23:18:38,699] {logging_mixin.py:115} INFO - [2023-06-05 23:18:38,699] {dagbag.py:507} INFO - Filling up the DagBag from /home/gui/Documentos/airflowalura/venv/lib/python3.9/site-packages/airflow/example_dags/example_branch_operator_decorator.py
[2023-06-05 23:18:38,738] {processor.py:651} INFO - DAG(s) dict_keys(['example_branch_python_operator_decorator']) retrieved from /home/gui/Documentos/airflowalura/venv/lib/python3.9/site-packages/airflow/example_dags/example_branch_operator_decorator.py
[2023-06-05 23:18:38,774] {logging_mixin.py:115} INFO - [2023-06-05 23:18:38,774] {dag.py:2379} INFO - Sync 1 DAGs
[2023-06-05 23:18:38,815] {logging_mixin.py:115} INFO - [2023-06-05 23:18:38,815] {dag.py:2927} INFO - Setting next_dagrun for example_branch_python_operator_decorator to 2023-06-05T00:00:00+00:00, run_after=2023-06-06T00:00:00+00:00
[2023-06-05 23:18:38,838] {processor.py:161} INFO - Processing /home/gui/Documentos/airflowalura/venv/lib/python3.9/site-packages/airflow/example_dags/example_branch_operator_decorator.py took 0.150 seconds
[2023-06-05 23:19:22,932] {processor.py:153} INFO - Started process (PID=45762) to work on /home/gui/Documentos/airflowalura/venv/lib/python3.9/site-packages/airflow/example_dags/example_branch_operator_decorator.py
[2023-06-05 23:19:22,934] {processor.py:641} INFO - Processing file /home/gui/Documentos/airflowalura/venv/lib/python3.9/site-packages/airflow/example_dags/example_branch_operator_decorator.py for tasks to queue
[2023-06-05 23:19:22,935] {logging_mixin.py:115} INFO - [2023-06-05 23:19:22,934] {dagbag.py:507} INFO - Filling up the DagBag from /home/gui/Documentos/airflowalura/venv/lib/python3.9/site-packages/airflow/example_dags/example_branch_operator_decorator.py
[2023-06-05 23:19:22,977] {processor.py:651} INFO - DAG(s) dict_keys(['example_branch_python_operator_decorator']) retrieved from /home/gui/Documentos/airflowalura/venv/lib/python3.9/site-packages/airflow/example_dags/example_branch_operator_decorator.py
[2023-06-05 23:19:23,021] {logging_mixin.py:115} INFO - [2023-06-05 23:19:23,021] {dag.py:2379} INFO - Sync 1 DAGs
[2023-06-05 23:19:23,076] {logging_mixin.py:115} INFO - [2023-06-05 23:19:23,075] {dag.py:2927} INFO - Setting next_dagrun for example_branch_python_operator_decorator to 2023-06-05T00:00:00+00:00, run_after=2023-06-06T00:00:00+00:00
[2023-06-05 23:19:23,112] {processor.py:161} INFO - Processing /home/gui/Documentos/airflowalura/venv/lib/python3.9/site-packages/airflow/example_dags/example_branch_operator_decorator.py took 0.186 seconds
[2023-06-05 23:20:09,036] {processor.py:153} INFO - Started process (PID=45813) to work on /home/gui/Documentos/airflowalura/venv/lib/python3.9/site-packages/airflow/example_dags/example_branch_operator_decorator.py
[2023-06-05 23:20:09,037] {processor.py:641} INFO - Processing file /home/gui/Documentos/airflowalura/venv/lib/python3.9/site-packages/airflow/example_dags/example_branch_operator_decorator.py for tasks to queue
[2023-06-05 23:20:09,039] {logging_mixin.py:115} INFO - [2023-06-05 23:20:09,039] {dagbag.py:507} INFO - Filling up the DagBag from /home/gui/Documentos/airflowalura/venv/lib/python3.9/site-packages/airflow/example_dags/example_branch_operator_decorator.py
[2023-06-05 23:20:09,086] {processor.py:651} INFO - DAG(s) dict_keys(['example_branch_python_operator_decorator']) retrieved from /home/gui/Documentos/airflowalura/venv/lib/python3.9/site-packages/airflow/example_dags/example_branch_operator_decorator.py
[2023-06-05 23:20:09,133] {logging_mixin.py:115} INFO - [2023-06-05 23:20:09,133] {dag.py:2379} INFO - Sync 1 DAGs
[2023-06-05 23:20:09,197] {logging_mixin.py:115} INFO - [2023-06-05 23:20:09,197] {dag.py:2927} INFO - Setting next_dagrun for example_branch_python_operator_decorator to 2023-06-05T00:00:00+00:00, run_after=2023-06-06T00:00:00+00:00
[2023-06-05 23:20:09,229] {processor.py:161} INFO - Processing /home/gui/Documentos/airflowalura/venv/lib/python3.9/site-packages/airflow/example_dags/example_branch_operator_decorator.py took 0.201 seconds
[2023-06-05 23:20:54,014] {processor.py:153} INFO - Started process (PID=45863) to work on /home/gui/Documentos/airflowalura/venv/lib/python3.9/site-packages/airflow/example_dags/example_branch_operator_decorator.py
[2023-06-05 23:20:54,015] {processor.py:641} INFO - Processing file /home/gui/Documentos/airflowalura/venv/lib/python3.9/site-packages/airflow/example_dags/example_branch_operator_decorator.py for tasks to queue
[2023-06-05 23:20:54,017] {logging_mixin.py:115} INFO - [2023-06-05 23:20:54,016] {dagbag.py:507} INFO - Filling up the DagBag from /home/gui/Documentos/airflowalura/venv/lib/python3.9/site-packages/airflow/example_dags/example_branch_operator_decorator.py
[2023-06-05 23:20:54,060] {processor.py:651} INFO - DAG(s) dict_keys(['example_branch_python_operator_decorator']) retrieved from /home/gui/Documentos/airflowalura/venv/lib/python3.9/site-packages/airflow/example_dags/example_branch_operator_decorator.py
[2023-06-05 23:20:54,110] {logging_mixin.py:115} INFO - [2023-06-05 23:20:54,110] {dag.py:2379} INFO - Sync 1 DAGs
[2023-06-05 23:20:54,151] {logging_mixin.py:115} INFO - [2023-06-05 23:20:54,151] {dag.py:2927} INFO - Setting next_dagrun for example_branch_python_operator_decorator to 2023-06-05T00:00:00+00:00, run_after=2023-06-06T00:00:00+00:00
[2023-06-05 23:20:54,177] {processor.py:161} INFO - Processing /home/gui/Documentos/airflowalura/venv/lib/python3.9/site-packages/airflow/example_dags/example_branch_operator_decorator.py took 0.169 seconds
[2023-06-05 23:21:34,934] {processor.py:153} INFO - Started process (PID=45911) to work on /home/gui/Documentos/airflowalura/venv/lib/python3.9/site-packages/airflow/example_dags/example_branch_operator_decorator.py
[2023-06-05 23:21:34,935] {processor.py:641} INFO - Processing file /home/gui/Documentos/airflowalura/venv/lib/python3.9/site-packages/airflow/example_dags/example_branch_operator_decorator.py for tasks to queue
[2023-06-05 23:21:34,936] {logging_mixin.py:115} INFO - [2023-06-05 23:21:34,936] {dagbag.py:507} INFO - Filling up the DagBag from /home/gui/Documentos/airflowalura/venv/lib/python3.9/site-packages/airflow/example_dags/example_branch_operator_decorator.py
[2023-06-05 23:21:34,981] {processor.py:651} INFO - DAG(s) dict_keys(['example_branch_python_operator_decorator']) retrieved from /home/gui/Documentos/airflowalura/venv/lib/python3.9/site-packages/airflow/example_dags/example_branch_operator_decorator.py
[2023-06-05 23:21:35,016] {logging_mixin.py:115} INFO - [2023-06-05 23:21:35,016] {dag.py:2379} INFO - Sync 1 DAGs
[2023-06-05 23:21:35,055] {logging_mixin.py:115} INFO - [2023-06-05 23:21:35,054] {dag.py:2927} INFO - Setting next_dagrun for example_branch_python_operator_decorator to 2023-06-05T00:00:00+00:00, run_after=2023-06-06T00:00:00+00:00
[2023-06-05 23:21:35,100] {processor.py:161} INFO - Processing /home/gui/Documentos/airflowalura/venv/lib/python3.9/site-packages/airflow/example_dags/example_branch_operator_decorator.py took 0.173 seconds
[2023-06-05 23:22:15,188] {processor.py:153} INFO - Started process (PID=45957) to work on /home/gui/Documentos/airflowalura/venv/lib/python3.9/site-packages/airflow/example_dags/example_branch_operator_decorator.py
[2023-06-05 23:22:15,189] {processor.py:641} INFO - Processing file /home/gui/Documentos/airflowalura/venv/lib/python3.9/site-packages/airflow/example_dags/example_branch_operator_decorator.py for tasks to queue
[2023-06-05 23:22:15,191] {logging_mixin.py:115} INFO - [2023-06-05 23:22:15,191] {dagbag.py:507} INFO - Filling up the DagBag from /home/gui/Documentos/airflowalura/venv/lib/python3.9/site-packages/airflow/example_dags/example_branch_operator_decorator.py
[2023-06-05 23:22:15,229] {processor.py:651} INFO - DAG(s) dict_keys(['example_branch_python_operator_decorator']) retrieved from /home/gui/Documentos/airflowalura/venv/lib/python3.9/site-packages/airflow/example_dags/example_branch_operator_decorator.py
[2023-06-05 23:22:15,265] {logging_mixin.py:115} INFO - [2023-06-05 23:22:15,265] {dag.py:2379} INFO - Sync 1 DAGs
[2023-06-05 23:22:15,303] {logging_mixin.py:115} INFO - [2023-06-05 23:22:15,303] {dag.py:2927} INFO - Setting next_dagrun for example_branch_python_operator_decorator to 2023-06-05T00:00:00+00:00, run_after=2023-06-06T00:00:00+00:00
[2023-06-05 23:22:15,326] {processor.py:161} INFO - Processing /home/gui/Documentos/airflowalura/venv/lib/python3.9/site-packages/airflow/example_dags/example_branch_operator_decorator.py took 0.145 seconds
[2023-06-05 23:23:08,080] {processor.py:153} INFO - Started process (PID=46016) to work on /home/gui/Documentos/airflowalura/venv/lib/python3.9/site-packages/airflow/example_dags/example_branch_operator_decorator.py
[2023-06-05 23:23:08,081] {processor.py:641} INFO - Processing file /home/gui/Documentos/airflowalura/venv/lib/python3.9/site-packages/airflow/example_dags/example_branch_operator_decorator.py for tasks to queue
[2023-06-05 23:23:08,082] {logging_mixin.py:115} INFO - [2023-06-05 23:23:08,082] {dagbag.py:507} INFO - Filling up the DagBag from /home/gui/Documentos/airflowalura/venv/lib/python3.9/site-packages/airflow/example_dags/example_branch_operator_decorator.py
[2023-06-05 23:23:08,115] {processor.py:651} INFO - DAG(s) dict_keys(['example_branch_python_operator_decorator']) retrieved from /home/gui/Documentos/airflowalura/venv/lib/python3.9/site-packages/airflow/example_dags/example_branch_operator_decorator.py
[2023-06-05 23:23:08,149] {logging_mixin.py:115} INFO - [2023-06-05 23:23:08,149] {dag.py:2379} INFO - Sync 1 DAGs
[2023-06-05 23:23:08,183] {logging_mixin.py:115} INFO - [2023-06-05 23:23:08,183] {dag.py:2927} INFO - Setting next_dagrun for example_branch_python_operator_decorator to 2023-06-05T00:00:00+00:00, run_after=2023-06-06T00:00:00+00:00
[2023-06-05 23:23:08,242] {processor.py:161} INFO - Processing /home/gui/Documentos/airflowalura/venv/lib/python3.9/site-packages/airflow/example_dags/example_branch_operator_decorator.py took 0.170 seconds
[2023-06-05 23:23:58,463] {processor.py:153} INFO - Started process (PID=46072) to work on /home/gui/Documentos/airflowalura/venv/lib/python3.9/site-packages/airflow/example_dags/example_branch_operator_decorator.py
[2023-06-05 23:23:58,465] {processor.py:641} INFO - Processing file /home/gui/Documentos/airflowalura/venv/lib/python3.9/site-packages/airflow/example_dags/example_branch_operator_decorator.py for tasks to queue
[2023-06-05 23:23:58,465] {logging_mixin.py:115} INFO - [2023-06-05 23:23:58,465] {dagbag.py:507} INFO - Filling up the DagBag from /home/gui/Documentos/airflowalura/venv/lib/python3.9/site-packages/airflow/example_dags/example_branch_operator_decorator.py
[2023-06-05 23:23:58,498] {processor.py:651} INFO - DAG(s) dict_keys(['example_branch_python_operator_decorator']) retrieved from /home/gui/Documentos/airflowalura/venv/lib/python3.9/site-packages/airflow/example_dags/example_branch_operator_decorator.py
[2023-06-05 23:23:58,528] {logging_mixin.py:115} INFO - [2023-06-05 23:23:58,528] {dag.py:2379} INFO - Sync 1 DAGs
[2023-06-05 23:23:58,561] {logging_mixin.py:115} INFO - [2023-06-05 23:23:58,561] {dag.py:2927} INFO - Setting next_dagrun for example_branch_python_operator_decorator to 2023-06-05T00:00:00+00:00, run_after=2023-06-06T00:00:00+00:00
[2023-06-05 23:23:58,682] {processor.py:161} INFO - Processing /home/gui/Documentos/airflowalura/venv/lib/python3.9/site-packages/airflow/example_dags/example_branch_operator_decorator.py took 0.225 seconds
[2023-06-05 23:24:40,392] {processor.py:153} INFO - Started process (PID=46116) to work on /home/gui/Documentos/airflowalura/venv/lib/python3.9/site-packages/airflow/example_dags/example_branch_operator_decorator.py
[2023-06-05 23:24:40,393] {processor.py:641} INFO - Processing file /home/gui/Documentos/airflowalura/venv/lib/python3.9/site-packages/airflow/example_dags/example_branch_operator_decorator.py for tasks to queue
[2023-06-05 23:24:40,395] {logging_mixin.py:115} INFO - [2023-06-05 23:24:40,394] {dagbag.py:507} INFO - Filling up the DagBag from /home/gui/Documentos/airflowalura/venv/lib/python3.9/site-packages/airflow/example_dags/example_branch_operator_decorator.py
[2023-06-05 23:24:40,444] {processor.py:651} INFO - DAG(s) dict_keys(['example_branch_python_operator_decorator']) retrieved from /home/gui/Documentos/airflowalura/venv/lib/python3.9/site-packages/airflow/example_dags/example_branch_operator_decorator.py
[2023-06-05 23:24:40,486] {logging_mixin.py:115} INFO - [2023-06-05 23:24:40,485] {dag.py:2379} INFO - Sync 1 DAGs
[2023-06-05 23:24:40,534] {logging_mixin.py:115} INFO - [2023-06-05 23:24:40,533] {dag.py:2927} INFO - Setting next_dagrun for example_branch_python_operator_decorator to 2023-06-05T00:00:00+00:00, run_after=2023-06-06T00:00:00+00:00
[2023-06-05 23:24:40,563] {processor.py:161} INFO - Processing /home/gui/Documentos/airflowalura/venv/lib/python3.9/site-packages/airflow/example_dags/example_branch_operator_decorator.py took 0.177 seconds
[2023-06-05 23:25:21,405] {processor.py:153} INFO - Started process (PID=46159) to work on /home/gui/Documentos/airflowalura/venv/lib/python3.9/site-packages/airflow/example_dags/example_branch_operator_decorator.py
[2023-06-05 23:25:21,407] {processor.py:641} INFO - Processing file /home/gui/Documentos/airflowalura/venv/lib/python3.9/site-packages/airflow/example_dags/example_branch_operator_decorator.py for tasks to queue
[2023-06-05 23:25:21,408] {logging_mixin.py:115} INFO - [2023-06-05 23:25:21,408] {dagbag.py:507} INFO - Filling up the DagBag from /home/gui/Documentos/airflowalura/venv/lib/python3.9/site-packages/airflow/example_dags/example_branch_operator_decorator.py
[2023-06-05 23:25:21,445] {processor.py:651} INFO - DAG(s) dict_keys(['example_branch_python_operator_decorator']) retrieved from /home/gui/Documentos/airflowalura/venv/lib/python3.9/site-packages/airflow/example_dags/example_branch_operator_decorator.py
[2023-06-05 23:25:21,481] {logging_mixin.py:115} INFO - [2023-06-05 23:25:21,481] {dag.py:2379} INFO - Sync 1 DAGs
[2023-06-05 23:25:21,516] {logging_mixin.py:115} INFO - [2023-06-05 23:25:21,516] {dag.py:2927} INFO - Setting next_dagrun for example_branch_python_operator_decorator to 2023-06-05T00:00:00+00:00, run_after=2023-06-06T00:00:00+00:00
[2023-06-05 23:25:21,538] {processor.py:161} INFO - Processing /home/gui/Documentos/airflowalura/venv/lib/python3.9/site-packages/airflow/example_dags/example_branch_operator_decorator.py took 0.139 seconds
[2023-06-05 23:26:08,215] {processor.py:153} INFO - Started process (PID=46235) to work on /home/gui/Documentos/airflowalura/venv/lib/python3.9/site-packages/airflow/example_dags/example_branch_operator_decorator.py
[2023-06-05 23:26:08,216] {processor.py:641} INFO - Processing file /home/gui/Documentos/airflowalura/venv/lib/python3.9/site-packages/airflow/example_dags/example_branch_operator_decorator.py for tasks to queue
[2023-06-05 23:26:08,217] {logging_mixin.py:115} INFO - [2023-06-05 23:26:08,216] {dagbag.py:507} INFO - Filling up the DagBag from /home/gui/Documentos/airflowalura/venv/lib/python3.9/site-packages/airflow/example_dags/example_branch_operator_decorator.py
[2023-06-05 23:26:08,251] {processor.py:651} INFO - DAG(s) dict_keys(['example_branch_python_operator_decorator']) retrieved from /home/gui/Documentos/airflowalura/venv/lib/python3.9/site-packages/airflow/example_dags/example_branch_operator_decorator.py
[2023-06-05 23:26:08,285] {logging_mixin.py:115} INFO - [2023-06-05 23:26:08,285] {dag.py:2379} INFO - Sync 1 DAGs
[2023-06-05 23:26:08,320] {logging_mixin.py:115} INFO - [2023-06-05 23:26:08,320] {dag.py:2927} INFO - Setting next_dagrun for example_branch_python_operator_decorator to 2023-06-05T00:00:00+00:00, run_after=2023-06-06T00:00:00+00:00
[2023-06-05 23:26:08,353] {processor.py:161} INFO - Processing /home/gui/Documentos/airflowalura/venv/lib/python3.9/site-packages/airflow/example_dags/example_branch_operator_decorator.py took 0.145 seconds
[2023-06-05 23:31:38,640] {processor.py:153} INFO - Started process (PID=46822) to work on /home/gui/Documentos/airflowalura/venv/lib/python3.9/site-packages/airflow/example_dags/example_branch_operator_decorator.py
[2023-06-05 23:31:38,691] {processor.py:641} INFO - Processing file /home/gui/Documentos/airflowalura/venv/lib/python3.9/site-packages/airflow/example_dags/example_branch_operator_decorator.py for tasks to queue
[2023-06-05 23:31:38,692] {logging_mixin.py:115} INFO - [2023-06-05 23:31:38,692] {dagbag.py:507} INFO - Filling up the DagBag from /home/gui/Documentos/airflowalura/venv/lib/python3.9/site-packages/airflow/example_dags/example_branch_operator_decorator.py
[2023-06-05 23:31:38,770] {processor.py:651} INFO - DAG(s) dict_keys(['example_branch_python_operator_decorator']) retrieved from /home/gui/Documentos/airflowalura/venv/lib/python3.9/site-packages/airflow/example_dags/example_branch_operator_decorator.py
[2023-06-05 23:31:38,844] {logging_mixin.py:115} INFO - [2023-06-05 23:31:38,844] {dag.py:2379} INFO - Sync 1 DAGs
[2023-06-05 23:31:38,920] {logging_mixin.py:115} INFO - [2023-06-05 23:31:38,919] {dag.py:2927} INFO - Setting next_dagrun for example_branch_python_operator_decorator to 2023-06-05T00:00:00+00:00, run_after=2023-06-06T00:00:00+00:00
[2023-06-05 23:31:38,950] {processor.py:161} INFO - Processing /home/gui/Documentos/airflowalura/venv/lib/python3.9/site-packages/airflow/example_dags/example_branch_operator_decorator.py took 0.325 seconds
[2023-06-05 23:32:26,286] {processor.py:153} INFO - Started process (PID=47454) to work on /home/gui/Documentos/airflowalura/venv/lib/python3.9/site-packages/airflow/example_dags/example_branch_operator_decorator.py
[2023-06-05 23:32:26,344] {processor.py:641} INFO - Processing file /home/gui/Documentos/airflowalura/venv/lib/python3.9/site-packages/airflow/example_dags/example_branch_operator_decorator.py for tasks to queue
[2023-06-05 23:32:26,345] {logging_mixin.py:115} INFO - [2023-06-05 23:32:26,345] {dagbag.py:507} INFO - Filling up the DagBag from /home/gui/Documentos/airflowalura/venv/lib/python3.9/site-packages/airflow/example_dags/example_branch_operator_decorator.py
[2023-06-05 23:32:26,414] {processor.py:651} INFO - DAG(s) dict_keys(['example_branch_python_operator_decorator']) retrieved from /home/gui/Documentos/airflowalura/venv/lib/python3.9/site-packages/airflow/example_dags/example_branch_operator_decorator.py
[2023-06-05 23:32:26,461] {logging_mixin.py:115} INFO - [2023-06-05 23:32:26,461] {dag.py:2379} INFO - Sync 1 DAGs
[2023-06-05 23:32:26,506] {logging_mixin.py:115} INFO - [2023-06-05 23:32:26,505] {dag.py:2927} INFO - Setting next_dagrun for example_branch_python_operator_decorator to 2023-06-05T00:00:00+00:00, run_after=2023-06-06T00:00:00+00:00
[2023-06-05 23:32:27,195] {processor.py:161} INFO - Processing /home/gui/Documentos/airflowalura/venv/lib/python3.9/site-packages/airflow/example_dags/example_branch_operator_decorator.py took 0.923 seconds
[2023-06-05 23:33:14,753] {processor.py:153} INFO - Started process (PID=48157) to work on /home/gui/Documentos/airflowalura/venv/lib/python3.9/site-packages/airflow/example_dags/example_branch_operator_decorator.py
[2023-06-05 23:33:14,754] {processor.py:641} INFO - Processing file /home/gui/Documentos/airflowalura/venv/lib/python3.9/site-packages/airflow/example_dags/example_branch_operator_decorator.py for tasks to queue
[2023-06-05 23:33:14,755] {logging_mixin.py:115} INFO - [2023-06-05 23:33:14,755] {dagbag.py:507} INFO - Filling up the DagBag from /home/gui/Documentos/airflowalura/venv/lib/python3.9/site-packages/airflow/example_dags/example_branch_operator_decorator.py
[2023-06-05 23:33:14,810] {processor.py:651} INFO - DAG(s) dict_keys(['example_branch_python_operator_decorator']) retrieved from /home/gui/Documentos/airflowalura/venv/lib/python3.9/site-packages/airflow/example_dags/example_branch_operator_decorator.py
[2023-06-05 23:33:14,865] {logging_mixin.py:115} INFO - [2023-06-05 23:33:14,865] {dag.py:2379} INFO - Sync 1 DAGs
[2023-06-05 23:33:14,930] {logging_mixin.py:115} INFO - [2023-06-05 23:33:14,928] {dag.py:2927} INFO - Setting next_dagrun for example_branch_python_operator_decorator to 2023-06-05T00:00:00+00:00, run_after=2023-06-06T00:00:00+00:00
[2023-06-05 23:33:15,058] {processor.py:161} INFO - Processing /home/gui/Documentos/airflowalura/venv/lib/python3.9/site-packages/airflow/example_dags/example_branch_operator_decorator.py took 0.311 seconds
[2023-06-05 23:34:07,530] {processor.py:153} INFO - Started process (PID=48973) to work on /home/gui/Documentos/airflowalura/venv/lib/python3.9/site-packages/airflow/example_dags/example_branch_operator_decorator.py
[2023-06-05 23:34:07,578] {processor.py:641} INFO - Processing file /home/gui/Documentos/airflowalura/venv/lib/python3.9/site-packages/airflow/example_dags/example_branch_operator_decorator.py for tasks to queue
[2023-06-05 23:34:07,580] {logging_mixin.py:115} INFO - [2023-06-05 23:34:07,580] {dagbag.py:507} INFO - Filling up the DagBag from /home/gui/Documentos/airflowalura/venv/lib/python3.9/site-packages/airflow/example_dags/example_branch_operator_decorator.py
[2023-06-05 23:34:07,634] {processor.py:651} INFO - DAG(s) dict_keys(['example_branch_python_operator_decorator']) retrieved from /home/gui/Documentos/airflowalura/venv/lib/python3.9/site-packages/airflow/example_dags/example_branch_operator_decorator.py
[2023-06-05 23:34:07,711] {logging_mixin.py:115} INFO - [2023-06-05 23:34:07,711] {dag.py:2379} INFO - Sync 1 DAGs
[2023-06-05 23:34:07,761] {logging_mixin.py:115} INFO - [2023-06-05 23:34:07,761] {dag.py:2927} INFO - Setting next_dagrun for example_branch_python_operator_decorator to 2023-06-05T00:00:00+00:00, run_after=2023-06-06T00:00:00+00:00
[2023-06-05 23:34:08,343] {processor.py:161} INFO - Processing /home/gui/Documentos/airflowalura/venv/lib/python3.9/site-packages/airflow/example_dags/example_branch_operator_decorator.py took 0.823 seconds
[2023-06-05 23:35:00,350] {processor.py:153} INFO - Started process (PID=49521) to work on /home/gui/Documentos/airflowalura/venv/lib/python3.9/site-packages/airflow/example_dags/example_branch_operator_decorator.py
[2023-06-05 23:35:00,356] {processor.py:641} INFO - Processing file /home/gui/Documentos/airflowalura/venv/lib/python3.9/site-packages/airflow/example_dags/example_branch_operator_decorator.py for tasks to queue
[2023-06-05 23:35:00,357] {logging_mixin.py:115} INFO - [2023-06-05 23:35:00,357] {dagbag.py:507} INFO - Filling up the DagBag from /home/gui/Documentos/airflowalura/venv/lib/python3.9/site-packages/airflow/example_dags/example_branch_operator_decorator.py
[2023-06-05 23:35:00,399] {processor.py:651} INFO - DAG(s) dict_keys(['example_branch_python_operator_decorator']) retrieved from /home/gui/Documentos/airflowalura/venv/lib/python3.9/site-packages/airflow/example_dags/example_branch_operator_decorator.py
[2023-06-05 23:35:00,444] {logging_mixin.py:115} INFO - [2023-06-05 23:35:00,444] {dag.py:2379} INFO - Sync 1 DAGs
[2023-06-05 23:35:00,490] {logging_mixin.py:115} INFO - [2023-06-05 23:35:00,490] {dag.py:2927} INFO - Setting next_dagrun for example_branch_python_operator_decorator to 2023-06-05T00:00:00+00:00, run_after=2023-06-06T00:00:00+00:00
[2023-06-05 23:35:00,523] {processor.py:161} INFO - Processing /home/gui/Documentos/airflowalura/venv/lib/python3.9/site-packages/airflow/example_dags/example_branch_operator_decorator.py took 0.180 seconds
[2023-06-05 23:35:49,902] {processor.py:153} INFO - Started process (PID=49596) to work on /home/gui/Documentos/airflowalura/venv/lib/python3.9/site-packages/airflow/example_dags/example_branch_operator_decorator.py
[2023-06-05 23:35:49,911] {processor.py:641} INFO - Processing file /home/gui/Documentos/airflowalura/venv/lib/python3.9/site-packages/airflow/example_dags/example_branch_operator_decorator.py for tasks to queue
[2023-06-05 23:35:49,913] {logging_mixin.py:115} INFO - [2023-06-05 23:35:49,912] {dagbag.py:507} INFO - Filling up the DagBag from /home/gui/Documentos/airflowalura/venv/lib/python3.9/site-packages/airflow/example_dags/example_branch_operator_decorator.py
[2023-06-05 23:35:49,967] {processor.py:651} INFO - DAG(s) dict_keys(['example_branch_python_operator_decorator']) retrieved from /home/gui/Documentos/airflowalura/venv/lib/python3.9/site-packages/airflow/example_dags/example_branch_operator_decorator.py
[2023-06-05 23:35:50,016] {logging_mixin.py:115} INFO - [2023-06-05 23:35:50,016] {dag.py:2379} INFO - Sync 1 DAGs
[2023-06-05 23:35:50,061] {logging_mixin.py:115} INFO - [2023-06-05 23:35:50,061] {dag.py:2927} INFO - Setting next_dagrun for example_branch_python_operator_decorator to 2023-06-05T00:00:00+00:00, run_after=2023-06-06T00:00:00+00:00
[2023-06-05 23:35:50,103] {processor.py:161} INFO - Processing /home/gui/Documentos/airflowalura/venv/lib/python3.9/site-packages/airflow/example_dags/example_branch_operator_decorator.py took 0.209 seconds
[2023-06-05 23:36:46,248] {processor.py:153} INFO - Started process (PID=49698) to work on /home/gui/Documentos/airflowalura/venv/lib/python3.9/site-packages/airflow/example_dags/example_branch_operator_decorator.py
[2023-06-05 23:36:46,252] {processor.py:641} INFO - Processing file /home/gui/Documentos/airflowalura/venv/lib/python3.9/site-packages/airflow/example_dags/example_branch_operator_decorator.py for tasks to queue
[2023-06-05 23:36:46,253] {logging_mixin.py:115} INFO - [2023-06-05 23:36:46,253] {dagbag.py:507} INFO - Filling up the DagBag from /home/gui/Documentos/airflowalura/venv/lib/python3.9/site-packages/airflow/example_dags/example_branch_operator_decorator.py
[2023-06-05 23:36:46,313] {processor.py:651} INFO - DAG(s) dict_keys(['example_branch_python_operator_decorator']) retrieved from /home/gui/Documentos/airflowalura/venv/lib/python3.9/site-packages/airflow/example_dags/example_branch_operator_decorator.py
[2023-06-05 23:36:46,356] {logging_mixin.py:115} INFO - [2023-06-05 23:36:46,356] {dag.py:2379} INFO - Sync 1 DAGs
[2023-06-05 23:36:46,399] {logging_mixin.py:115} INFO - [2023-06-05 23:36:46,399] {dag.py:2927} INFO - Setting next_dagrun for example_branch_python_operator_decorator to 2023-06-05T00:00:00+00:00, run_after=2023-06-06T00:00:00+00:00
[2023-06-05 23:36:46,477] {processor.py:161} INFO - Processing /home/gui/Documentos/airflowalura/venv/lib/python3.9/site-packages/airflow/example_dags/example_branch_operator_decorator.py took 0.244 seconds
[2023-06-05 23:37:28,745] {processor.py:153} INFO - Started process (PID=49780) to work on /home/gui/Documentos/airflowalura/venv/lib/python3.9/site-packages/airflow/example_dags/example_branch_operator_decorator.py
[2023-06-05 23:37:28,752] {processor.py:641} INFO - Processing file /home/gui/Documentos/airflowalura/venv/lib/python3.9/site-packages/airflow/example_dags/example_branch_operator_decorator.py for tasks to queue
[2023-06-05 23:37:28,753] {logging_mixin.py:115} INFO - [2023-06-05 23:37:28,753] {dagbag.py:507} INFO - Filling up the DagBag from /home/gui/Documentos/airflowalura/venv/lib/python3.9/site-packages/airflow/example_dags/example_branch_operator_decorator.py
[2023-06-05 23:37:28,818] {processor.py:651} INFO - DAG(s) dict_keys(['example_branch_python_operator_decorator']) retrieved from /home/gui/Documentos/airflowalura/venv/lib/python3.9/site-packages/airflow/example_dags/example_branch_operator_decorator.py
[2023-06-05 23:37:28,867] {logging_mixin.py:115} INFO - [2023-06-05 23:37:28,866] {dag.py:2379} INFO - Sync 1 DAGs
[2023-06-05 23:37:28,917] {logging_mixin.py:115} INFO - [2023-06-05 23:37:28,917] {dag.py:2927} INFO - Setting next_dagrun for example_branch_python_operator_decorator to 2023-06-05T00:00:00+00:00, run_after=2023-06-06T00:00:00+00:00
[2023-06-05 23:37:28,979] {processor.py:161} INFO - Processing /home/gui/Documentos/airflowalura/venv/lib/python3.9/site-packages/airflow/example_dags/example_branch_operator_decorator.py took 0.241 seconds
[2023-06-05 23:38:24,918] {processor.py:153} INFO - Started process (PID=49929) to work on /home/gui/Documentos/airflowalura/venv/lib/python3.9/site-packages/airflow/example_dags/example_branch_operator_decorator.py
[2023-06-05 23:38:24,946] {processor.py:641} INFO - Processing file /home/gui/Documentos/airflowalura/venv/lib/python3.9/site-packages/airflow/example_dags/example_branch_operator_decorator.py for tasks to queue
[2023-06-05 23:38:24,947] {logging_mixin.py:115} INFO - [2023-06-05 23:38:24,947] {dagbag.py:507} INFO - Filling up the DagBag from /home/gui/Documentos/airflowalura/venv/lib/python3.9/site-packages/airflow/example_dags/example_branch_operator_decorator.py
[2023-06-05 23:38:25,019] {processor.py:651} INFO - DAG(s) dict_keys(['example_branch_python_operator_decorator']) retrieved from /home/gui/Documentos/airflowalura/venv/lib/python3.9/site-packages/airflow/example_dags/example_branch_operator_decorator.py
[2023-06-05 23:38:25,077] {logging_mixin.py:115} INFO - [2023-06-05 23:38:25,076] {dag.py:2379} INFO - Sync 1 DAGs
[2023-06-05 23:38:25,132] {logging_mixin.py:115} INFO - [2023-06-05 23:38:25,132] {dag.py:2927} INFO - Setting next_dagrun for example_branch_python_operator_decorator to 2023-06-05T00:00:00+00:00, run_after=2023-06-06T00:00:00+00:00
[2023-06-05 23:38:25,180] {processor.py:161} INFO - Processing /home/gui/Documentos/airflowalura/venv/lib/python3.9/site-packages/airflow/example_dags/example_branch_operator_decorator.py took 0.277 seconds
[2023-06-05 23:39:07,050] {processor.py:153} INFO - Started process (PID=50000) to work on /home/gui/Documentos/airflowalura/venv/lib/python3.9/site-packages/airflow/example_dags/example_branch_operator_decorator.py
[2023-06-05 23:39:07,051] {processor.py:641} INFO - Processing file /home/gui/Documentos/airflowalura/venv/lib/python3.9/site-packages/airflow/example_dags/example_branch_operator_decorator.py for tasks to queue
[2023-06-05 23:39:07,052] {logging_mixin.py:115} INFO - [2023-06-05 23:39:07,052] {dagbag.py:507} INFO - Filling up the DagBag from /home/gui/Documentos/airflowalura/venv/lib/python3.9/site-packages/airflow/example_dags/example_branch_operator_decorator.py
[2023-06-05 23:39:07,097] {processor.py:651} INFO - DAG(s) dict_keys(['example_branch_python_operator_decorator']) retrieved from /home/gui/Documentos/airflowalura/venv/lib/python3.9/site-packages/airflow/example_dags/example_branch_operator_decorator.py
[2023-06-05 23:39:07,133] {logging_mixin.py:115} INFO - [2023-06-05 23:39:07,133] {dag.py:2379} INFO - Sync 1 DAGs
[2023-06-05 23:39:07,166] {logging_mixin.py:115} INFO - [2023-06-05 23:39:07,166] {dag.py:2927} INFO - Setting next_dagrun for example_branch_python_operator_decorator to 2023-06-05T00:00:00+00:00, run_after=2023-06-06T00:00:00+00:00
[2023-06-05 23:39:07,435] {processor.py:161} INFO - Processing /home/gui/Documentos/airflowalura/venv/lib/python3.9/site-packages/airflow/example_dags/example_branch_operator_decorator.py took 0.391 seconds
[2023-06-05 23:39:51,569] {processor.py:153} INFO - Started process (PID=50120) to work on /home/gui/Documentos/airflowalura/venv/lib/python3.9/site-packages/airflow/example_dags/example_branch_operator_decorator.py
[2023-06-05 23:39:51,571] {processor.py:641} INFO - Processing file /home/gui/Documentos/airflowalura/venv/lib/python3.9/site-packages/airflow/example_dags/example_branch_operator_decorator.py for tasks to queue
[2023-06-05 23:39:51,573] {logging_mixin.py:115} INFO - [2023-06-05 23:39:51,573] {dagbag.py:507} INFO - Filling up the DagBag from /home/gui/Documentos/airflowalura/venv/lib/python3.9/site-packages/airflow/example_dags/example_branch_operator_decorator.py
[2023-06-05 23:39:51,633] {processor.py:651} INFO - DAG(s) dict_keys(['example_branch_python_operator_decorator']) retrieved from /home/gui/Documentos/airflowalura/venv/lib/python3.9/site-packages/airflow/example_dags/example_branch_operator_decorator.py
[2023-06-05 23:39:51,686] {logging_mixin.py:115} INFO - [2023-06-05 23:39:51,686] {dag.py:2379} INFO - Sync 1 DAGs
[2023-06-05 23:39:51,747] {logging_mixin.py:115} INFO - [2023-06-05 23:39:51,746] {dag.py:2927} INFO - Setting next_dagrun for example_branch_python_operator_decorator to 2023-06-05T00:00:00+00:00, run_after=2023-06-06T00:00:00+00:00
[2023-06-05 23:39:51,779] {processor.py:161} INFO - Processing /home/gui/Documentos/airflowalura/venv/lib/python3.9/site-packages/airflow/example_dags/example_branch_operator_decorator.py took 0.226 seconds
[2023-06-05 23:40:40,761] {processor.py:153} INFO - Started process (PID=50415) to work on /home/gui/Documentos/airflowalura/venv/lib/python3.9/site-packages/airflow/example_dags/example_branch_operator_decorator.py
[2023-06-05 23:40:40,763] {processor.py:641} INFO - Processing file /home/gui/Documentos/airflowalura/venv/lib/python3.9/site-packages/airflow/example_dags/example_branch_operator_decorator.py for tasks to queue
[2023-06-05 23:40:40,764] {logging_mixin.py:115} INFO - [2023-06-05 23:40:40,764] {dagbag.py:507} INFO - Filling up the DagBag from /home/gui/Documentos/airflowalura/venv/lib/python3.9/site-packages/airflow/example_dags/example_branch_operator_decorator.py
[2023-06-05 23:40:40,834] {processor.py:651} INFO - DAG(s) dict_keys(['example_branch_python_operator_decorator']) retrieved from /home/gui/Documentos/airflowalura/venv/lib/python3.9/site-packages/airflow/example_dags/example_branch_operator_decorator.py
[2023-06-05 23:40:40,876] {logging_mixin.py:115} INFO - [2023-06-05 23:40:40,875] {dag.py:2379} INFO - Sync 1 DAGs
[2023-06-05 23:40:40,909] {logging_mixin.py:115} INFO - [2023-06-05 23:40:40,908] {dag.py:2927} INFO - Setting next_dagrun for example_branch_python_operator_decorator to 2023-06-05T00:00:00+00:00, run_after=2023-06-06T00:00:00+00:00
[2023-06-05 23:40:41,190] {processor.py:161} INFO - Processing /home/gui/Documentos/airflowalura/venv/lib/python3.9/site-packages/airflow/example_dags/example_branch_operator_decorator.py took 0.440 seconds
[2023-06-05 23:41:37,255] {processor.py:153} INFO - Started process (PID=50747) to work on /home/gui/Documentos/airflowalura/venv/lib/python3.9/site-packages/airflow/example_dags/example_branch_operator_decorator.py
[2023-06-05 23:41:37,270] {processor.py:641} INFO - Processing file /home/gui/Documentos/airflowalura/venv/lib/python3.9/site-packages/airflow/example_dags/example_branch_operator_decorator.py for tasks to queue
[2023-06-05 23:41:37,271] {logging_mixin.py:115} INFO - [2023-06-05 23:41:37,271] {dagbag.py:507} INFO - Filling up the DagBag from /home/gui/Documentos/airflowalura/venv/lib/python3.9/site-packages/airflow/example_dags/example_branch_operator_decorator.py
[2023-06-05 23:41:37,320] {processor.py:651} INFO - DAG(s) dict_keys(['example_branch_python_operator_decorator']) retrieved from /home/gui/Documentos/airflowalura/venv/lib/python3.9/site-packages/airflow/example_dags/example_branch_operator_decorator.py
[2023-06-05 23:41:37,360] {logging_mixin.py:115} INFO - [2023-06-05 23:41:37,360] {dag.py:2379} INFO - Sync 1 DAGs
[2023-06-05 23:41:37,396] {logging_mixin.py:115} INFO - [2023-06-05 23:41:37,395] {dag.py:2927} INFO - Setting next_dagrun for example_branch_python_operator_decorator to 2023-06-05T00:00:00+00:00, run_after=2023-06-06T00:00:00+00:00
[2023-06-05 23:41:37,416] {processor.py:161} INFO - Processing /home/gui/Documentos/airflowalura/venv/lib/python3.9/site-packages/airflow/example_dags/example_branch_operator_decorator.py took 0.167 seconds
[2023-06-05 23:42:22,912] {processor.py:153} INFO - Started process (PID=50841) to work on /home/gui/Documentos/airflowalura/venv/lib/python3.9/site-packages/airflow/example_dags/example_branch_operator_decorator.py
[2023-06-05 23:42:22,963] {processor.py:641} INFO - Processing file /home/gui/Documentos/airflowalura/venv/lib/python3.9/site-packages/airflow/example_dags/example_branch_operator_decorator.py for tasks to queue
[2023-06-05 23:42:22,965] {logging_mixin.py:115} INFO - [2023-06-05 23:42:22,964] {dagbag.py:507} INFO - Filling up the DagBag from /home/gui/Documentos/airflowalura/venv/lib/python3.9/site-packages/airflow/example_dags/example_branch_operator_decorator.py
[2023-06-05 23:42:23,005] {processor.py:651} INFO - DAG(s) dict_keys(['example_branch_python_operator_decorator']) retrieved from /home/gui/Documentos/airflowalura/venv/lib/python3.9/site-packages/airflow/example_dags/example_branch_operator_decorator.py
[2023-06-05 23:42:23,155] {logging_mixin.py:115} INFO - [2023-06-05 23:42:23,155] {dag.py:2379} INFO - Sync 1 DAGs
[2023-06-05 23:42:23,215] {logging_mixin.py:115} INFO - [2023-06-05 23:42:23,215] {dag.py:2927} INFO - Setting next_dagrun for example_branch_python_operator_decorator to 2023-06-05T00:00:00+00:00, run_after=2023-06-06T00:00:00+00:00
[2023-06-05 23:42:23,249] {processor.py:161} INFO - Processing /home/gui/Documentos/airflowalura/venv/lib/python3.9/site-packages/airflow/example_dags/example_branch_operator_decorator.py took 0.345 seconds
