[2023-06-05 23:02:12,609] {processor.py:153} INFO - Started process (PID=44514) to work on /home/gui/Documentos/airflowalura/venv/lib/python3.9/site-packages/airflow/example_dags/tutorial.py
[2023-06-05 23:02:12,610] {processor.py:641} INFO - Processing file /home/gui/Documentos/airflowalura/venv/lib/python3.9/site-packages/airflow/example_dags/tutorial.py for tasks to queue
[2023-06-05 23:02:12,611] {logging_mixin.py:115} INFO - [2023-06-05 23:02:12,611] {dagbag.py:507} INFO - Filling up the DagBag from /home/gui/Documentos/airflowalura/venv/lib/python3.9/site-packages/airflow/example_dags/tutorial.py
[2023-06-05 23:02:12,622] {processor.py:651} INFO - DAG(s) dict_keys(['tutorial']) retrieved from /home/gui/Documentos/airflowalura/venv/lib/python3.9/site-packages/airflow/example_dags/tutorial.py
[2023-06-05 23:02:12,726] {logging_mixin.py:115} INFO - [2023-06-05 23:02:12,726] {manager.py:508} INFO - Created Permission View: can read on DAG:tutorial
[2023-06-05 23:02:12,740] {logging_mixin.py:115} INFO - [2023-06-05 23:02:12,740] {manager.py:508} INFO - Created Permission View: can edit on DAG:tutorial
[2023-06-05 23:02:12,751] {logging_mixin.py:115} INFO - [2023-06-05 23:02:12,751] {manager.py:508} INFO - Created Permission View: can delete on DAG:tutorial
[2023-06-05 23:02:12,752] {logging_mixin.py:115} INFO - [2023-06-05 23:02:12,752] {dag.py:2379} INFO - Sync 1 DAGs
[2023-06-05 23:02:12,768] {logging_mixin.py:115} INFO - [2023-06-05 23:02:12,768] {dag.py:2398} INFO - Creating ORM DAG for tutorial
[2023-06-05 23:02:12,783] {logging_mixin.py:115} INFO - [2023-06-05 23:02:12,782] {dag.py:2927} INFO - Setting next_dagrun for tutorial to 2023-06-05T02:02:12.782456+00:00, run_after=2023-06-06T02:02:12.782456+00:00
[2023-06-05 23:02:12,806] {processor.py:161} INFO - Processing /home/gui/Documentos/airflowalura/venv/lib/python3.9/site-packages/airflow/example_dags/tutorial.py took 0.203 seconds
[2023-06-05 23:05:21,868] {processor.py:153} INFO - Started process (PID=44965) to work on /home/gui/Documentos/airflowalura/venv/lib/python3.9/site-packages/airflow/example_dags/tutorial.py
[2023-06-05 23:05:21,887] {processor.py:641} INFO - Processing file /home/gui/Documentos/airflowalura/venv/lib/python3.9/site-packages/airflow/example_dags/tutorial.py for tasks to queue
[2023-06-05 23:05:21,887] {logging_mixin.py:115} INFO - [2023-06-05 23:05:21,887] {dagbag.py:507} INFO - Filling up the DagBag from /home/gui/Documentos/airflowalura/venv/lib/python3.9/site-packages/airflow/example_dags/tutorial.py
[2023-06-05 23:05:21,898] {processor.py:651} INFO - DAG(s) dict_keys(['tutorial']) retrieved from /home/gui/Documentos/airflowalura/venv/lib/python3.9/site-packages/airflow/example_dags/tutorial.py
[2023-06-05 23:05:21,926] {logging_mixin.py:115} INFO - [2023-06-05 23:05:21,926] {dag.py:2379} INFO - Sync 1 DAGs
[2023-06-05 23:05:21,955] {logging_mixin.py:115} INFO - [2023-06-05 23:05:21,954] {dag.py:2927} INFO - Setting next_dagrun for tutorial to 2023-06-05T02:05:21.954362+00:00, run_after=2023-06-06T02:05:21.954362+00:00
[2023-06-05 23:05:21,999] {processor.py:161} INFO - Processing /home/gui/Documentos/airflowalura/venv/lib/python3.9/site-packages/airflow/example_dags/tutorial.py took 0.136 seconds
[2023-06-05 23:06:01,060] {processor.py:153} INFO - Started process (PID=45002) to work on /home/gui/Documentos/airflowalura/venv/lib/python3.9/site-packages/airflow/example_dags/tutorial.py
[2023-06-05 23:06:01,061] {processor.py:641} INFO - Processing file /home/gui/Documentos/airflowalura/venv/lib/python3.9/site-packages/airflow/example_dags/tutorial.py for tasks to queue
[2023-06-05 23:06:01,062] {logging_mixin.py:115} INFO - [2023-06-05 23:06:01,062] {dagbag.py:507} INFO - Filling up the DagBag from /home/gui/Documentos/airflowalura/venv/lib/python3.9/site-packages/airflow/example_dags/tutorial.py
[2023-06-05 23:06:01,072] {processor.py:651} INFO - DAG(s) dict_keys(['tutorial']) retrieved from /home/gui/Documentos/airflowalura/venv/lib/python3.9/site-packages/airflow/example_dags/tutorial.py
[2023-06-05 23:06:01,099] {logging_mixin.py:115} INFO - [2023-06-05 23:06:01,099] {dag.py:2379} INFO - Sync 1 DAGs
[2023-06-05 23:06:01,127] {logging_mixin.py:115} INFO - [2023-06-05 23:06:01,127] {dag.py:2927} INFO - Setting next_dagrun for tutorial to 2023-06-05T02:06:01.126837+00:00, run_after=2023-06-06T02:06:01.126837+00:00
[2023-06-05 23:06:01,145] {processor.py:161} INFO - Processing /home/gui/Documentos/airflowalura/venv/lib/python3.9/site-packages/airflow/example_dags/tutorial.py took 0.090 seconds
[2023-06-05 23:06:38,314] {processor.py:153} INFO - Started process (PID=45036) to work on /home/gui/Documentos/airflowalura/venv/lib/python3.9/site-packages/airflow/example_dags/tutorial.py
[2023-06-05 23:06:38,315] {processor.py:641} INFO - Processing file /home/gui/Documentos/airflowalura/venv/lib/python3.9/site-packages/airflow/example_dags/tutorial.py for tasks to queue
[2023-06-05 23:06:38,316] {logging_mixin.py:115} INFO - [2023-06-05 23:06:38,316] {dagbag.py:507} INFO - Filling up the DagBag from /home/gui/Documentos/airflowalura/venv/lib/python3.9/site-packages/airflow/example_dags/tutorial.py
[2023-06-05 23:06:38,330] {processor.py:651} INFO - DAG(s) dict_keys(['tutorial']) retrieved from /home/gui/Documentos/airflowalura/venv/lib/python3.9/site-packages/airflow/example_dags/tutorial.py
[2023-06-05 23:06:38,365] {logging_mixin.py:115} INFO - [2023-06-05 23:06:38,364] {dag.py:2379} INFO - Sync 1 DAGs
[2023-06-05 23:06:38,393] {logging_mixin.py:115} INFO - [2023-06-05 23:06:38,392] {dag.py:2927} INFO - Setting next_dagrun for tutorial to 2023-06-05T02:06:38.392407+00:00, run_after=2023-06-06T02:06:38.392407+00:00
[2023-06-05 23:06:38,680] {processor.py:161} INFO - Processing /home/gui/Documentos/airflowalura/venv/lib/python3.9/site-packages/airflow/example_dags/tutorial.py took 0.373 seconds
[2023-06-05 23:07:16,827] {processor.py:153} INFO - Started process (PID=45091) to work on /home/gui/Documentos/airflowalura/venv/lib/python3.9/site-packages/airflow/example_dags/tutorial.py
[2023-06-05 23:07:16,835] {processor.py:641} INFO - Processing file /home/gui/Documentos/airflowalura/venv/lib/python3.9/site-packages/airflow/example_dags/tutorial.py for tasks to queue
[2023-06-05 23:07:16,836] {logging_mixin.py:115} INFO - [2023-06-05 23:07:16,835] {dagbag.py:507} INFO - Filling up the DagBag from /home/gui/Documentos/airflowalura/venv/lib/python3.9/site-packages/airflow/example_dags/tutorial.py
[2023-06-05 23:07:16,849] {processor.py:651} INFO - DAG(s) dict_keys(['tutorial']) retrieved from /home/gui/Documentos/airflowalura/venv/lib/python3.9/site-packages/airflow/example_dags/tutorial.py
[2023-06-05 23:07:16,876] {logging_mixin.py:115} INFO - [2023-06-05 23:07:16,876] {dag.py:2379} INFO - Sync 1 DAGs
[2023-06-05 23:07:16,904] {logging_mixin.py:115} INFO - [2023-06-05 23:07:16,904] {dag.py:2927} INFO - Setting next_dagrun for tutorial to 2023-06-05T02:07:16.903581+00:00, run_after=2023-06-06T02:07:16.903581+00:00
[2023-06-05 23:07:16,936] {processor.py:161} INFO - Processing /home/gui/Documentos/airflowalura/venv/lib/python3.9/site-packages/airflow/example_dags/tutorial.py took 0.118 seconds
[2023-06-05 23:07:56,017] {processor.py:153} INFO - Started process (PID=45131) to work on /home/gui/Documentos/airflowalura/venv/lib/python3.9/site-packages/airflow/example_dags/tutorial.py
[2023-06-05 23:07:56,019] {processor.py:641} INFO - Processing file /home/gui/Documentos/airflowalura/venv/lib/python3.9/site-packages/airflow/example_dags/tutorial.py for tasks to queue
[2023-06-05 23:07:56,019] {logging_mixin.py:115} INFO - [2023-06-05 23:07:56,019] {dagbag.py:507} INFO - Filling up the DagBag from /home/gui/Documentos/airflowalura/venv/lib/python3.9/site-packages/airflow/example_dags/tutorial.py
[2023-06-05 23:07:56,031] {processor.py:651} INFO - DAG(s) dict_keys(['tutorial']) retrieved from /home/gui/Documentos/airflowalura/venv/lib/python3.9/site-packages/airflow/example_dags/tutorial.py
[2023-06-05 23:07:56,063] {logging_mixin.py:115} INFO - [2023-06-05 23:07:56,063] {dag.py:2379} INFO - Sync 1 DAGs
[2023-06-05 23:07:56,094] {logging_mixin.py:115} INFO - [2023-06-05 23:07:56,093] {dag.py:2927} INFO - Setting next_dagrun for tutorial to 2023-06-05T02:07:56.093538+00:00, run_after=2023-06-06T02:07:56.093538+00:00
[2023-06-05 23:07:56,134] {processor.py:161} INFO - Processing /home/gui/Documentos/airflowalura/venv/lib/python3.9/site-packages/airflow/example_dags/tutorial.py took 0.123 seconds
[2023-06-05 23:08:35,859] {processor.py:153} INFO - Started process (PID=45167) to work on /home/gui/Documentos/airflowalura/venv/lib/python3.9/site-packages/airflow/example_dags/tutorial.py
[2023-06-05 23:08:35,860] {processor.py:641} INFO - Processing file /home/gui/Documentos/airflowalura/venv/lib/python3.9/site-packages/airflow/example_dags/tutorial.py for tasks to queue
[2023-06-05 23:08:35,862] {logging_mixin.py:115} INFO - [2023-06-05 23:08:35,861] {dagbag.py:507} INFO - Filling up the DagBag from /home/gui/Documentos/airflowalura/venv/lib/python3.9/site-packages/airflow/example_dags/tutorial.py
[2023-06-05 23:08:35,876] {processor.py:651} INFO - DAG(s) dict_keys(['tutorial']) retrieved from /home/gui/Documentos/airflowalura/venv/lib/python3.9/site-packages/airflow/example_dags/tutorial.py
[2023-06-05 23:08:35,912] {logging_mixin.py:115} INFO - [2023-06-05 23:08:35,912] {dag.py:2379} INFO - Sync 1 DAGs
[2023-06-05 23:08:35,950] {logging_mixin.py:115} INFO - [2023-06-05 23:08:35,950] {dag.py:2927} INFO - Setting next_dagrun for tutorial to 2023-06-05T02:08:35.949781+00:00, run_after=2023-06-06T02:08:35.949781+00:00
[2023-06-05 23:08:36,094] {processor.py:161} INFO - Processing /home/gui/Documentos/airflowalura/venv/lib/python3.9/site-packages/airflow/example_dags/tutorial.py took 0.243 seconds
[2023-06-05 23:09:16,991] {processor.py:153} INFO - Started process (PID=45201) to work on /home/gui/Documentos/airflowalura/venv/lib/python3.9/site-packages/airflow/example_dags/tutorial.py
[2023-06-05 23:09:16,992] {processor.py:641} INFO - Processing file /home/gui/Documentos/airflowalura/venv/lib/python3.9/site-packages/airflow/example_dags/tutorial.py for tasks to queue
[2023-06-05 23:09:16,993] {logging_mixin.py:115} INFO - [2023-06-05 23:09:16,993] {dagbag.py:507} INFO - Filling up the DagBag from /home/gui/Documentos/airflowalura/venv/lib/python3.9/site-packages/airflow/example_dags/tutorial.py
[2023-06-05 23:09:17,005] {processor.py:651} INFO - DAG(s) dict_keys(['tutorial']) retrieved from /home/gui/Documentos/airflowalura/venv/lib/python3.9/site-packages/airflow/example_dags/tutorial.py
[2023-06-05 23:09:17,036] {logging_mixin.py:115} INFO - [2023-06-05 23:09:17,036] {dag.py:2379} INFO - Sync 1 DAGs
[2023-06-05 23:09:17,070] {logging_mixin.py:115} INFO - [2023-06-05 23:09:17,069] {dag.py:2927} INFO - Setting next_dagrun for tutorial to 2023-06-05T02:09:17.069432+00:00, run_after=2023-06-06T02:09:17.069432+00:00
[2023-06-05 23:09:17,108] {processor.py:161} INFO - Processing /home/gui/Documentos/airflowalura/venv/lib/python3.9/site-packages/airflow/example_dags/tutorial.py took 0.124 seconds
[2023-06-05 23:09:55,607] {processor.py:153} INFO - Started process (PID=45235) to work on /home/gui/Documentos/airflowalura/venv/lib/python3.9/site-packages/airflow/example_dags/tutorial.py
[2023-06-05 23:09:55,608] {processor.py:641} INFO - Processing file /home/gui/Documentos/airflowalura/venv/lib/python3.9/site-packages/airflow/example_dags/tutorial.py for tasks to queue
[2023-06-05 23:09:55,609] {logging_mixin.py:115} INFO - [2023-06-05 23:09:55,609] {dagbag.py:507} INFO - Filling up the DagBag from /home/gui/Documentos/airflowalura/venv/lib/python3.9/site-packages/airflow/example_dags/tutorial.py
[2023-06-05 23:09:55,621] {processor.py:651} INFO - DAG(s) dict_keys(['tutorial']) retrieved from /home/gui/Documentos/airflowalura/venv/lib/python3.9/site-packages/airflow/example_dags/tutorial.py
[2023-06-05 23:09:55,654] {logging_mixin.py:115} INFO - [2023-06-05 23:09:55,653] {dag.py:2379} INFO - Sync 1 DAGs
[2023-06-05 23:09:55,688] {logging_mixin.py:115} INFO - [2023-06-05 23:09:55,688] {dag.py:2927} INFO - Setting next_dagrun for tutorial to 2023-06-05T02:09:55.687950+00:00, run_after=2023-06-06T02:09:55.687950+00:00
[2023-06-05 23:09:55,709] {processor.py:161} INFO - Processing /home/gui/Documentos/airflowalura/venv/lib/python3.9/site-packages/airflow/example_dags/tutorial.py took 0.109 seconds
[2023-06-05 23:10:36,562] {processor.py:153} INFO - Started process (PID=45268) to work on /home/gui/Documentos/airflowalura/venv/lib/python3.9/site-packages/airflow/example_dags/tutorial.py
[2023-06-05 23:10:36,563] {processor.py:641} INFO - Processing file /home/gui/Documentos/airflowalura/venv/lib/python3.9/site-packages/airflow/example_dags/tutorial.py for tasks to queue
[2023-06-05 23:10:36,564] {logging_mixin.py:115} INFO - [2023-06-05 23:10:36,564] {dagbag.py:507} INFO - Filling up the DagBag from /home/gui/Documentos/airflowalura/venv/lib/python3.9/site-packages/airflow/example_dags/tutorial.py
[2023-06-05 23:10:36,577] {processor.py:651} INFO - DAG(s) dict_keys(['tutorial']) retrieved from /home/gui/Documentos/airflowalura/venv/lib/python3.9/site-packages/airflow/example_dags/tutorial.py
[2023-06-05 23:10:36,612] {logging_mixin.py:115} INFO - [2023-06-05 23:10:36,612] {dag.py:2379} INFO - Sync 1 DAGs
[2023-06-05 23:10:36,650] {logging_mixin.py:115} INFO - [2023-06-05 23:10:36,649] {dag.py:2927} INFO - Setting next_dagrun for tutorial to 2023-06-05T02:10:36.649093+00:00, run_after=2023-06-06T02:10:36.649093+00:00
[2023-06-05 23:10:36,677] {processor.py:161} INFO - Processing /home/gui/Documentos/airflowalura/venv/lib/python3.9/site-packages/airflow/example_dags/tutorial.py took 0.123 seconds
[2023-06-05 23:11:16,680] {processor.py:153} INFO - Started process (PID=45307) to work on /home/gui/Documentos/airflowalura/venv/lib/python3.9/site-packages/airflow/example_dags/tutorial.py
[2023-06-05 23:11:16,681] {processor.py:641} INFO - Processing file /home/gui/Documentos/airflowalura/venv/lib/python3.9/site-packages/airflow/example_dags/tutorial.py for tasks to queue
[2023-06-05 23:11:16,682] {logging_mixin.py:115} INFO - [2023-06-05 23:11:16,682] {dagbag.py:507} INFO - Filling up the DagBag from /home/gui/Documentos/airflowalura/venv/lib/python3.9/site-packages/airflow/example_dags/tutorial.py
[2023-06-05 23:11:16,695] {processor.py:651} INFO - DAG(s) dict_keys(['tutorial']) retrieved from /home/gui/Documentos/airflowalura/venv/lib/python3.9/site-packages/airflow/example_dags/tutorial.py
[2023-06-05 23:11:16,728] {logging_mixin.py:115} INFO - [2023-06-05 23:11:16,727] {dag.py:2379} INFO - Sync 1 DAGs
[2023-06-05 23:11:16,760] {logging_mixin.py:115} INFO - [2023-06-05 23:11:16,760] {dag.py:2927} INFO - Setting next_dagrun for tutorial to 2023-06-05T02:11:16.759448+00:00, run_after=2023-06-06T02:11:16.759448+00:00
[2023-06-05 23:11:16,797] {processor.py:161} INFO - Processing /home/gui/Documentos/airflowalura/venv/lib/python3.9/site-packages/airflow/example_dags/tutorial.py took 0.124 seconds
[2023-06-05 23:11:52,361] {processor.py:153} INFO - Started process (PID=45339) to work on /home/gui/Documentos/airflowalura/venv/lib/python3.9/site-packages/airflow/example_dags/tutorial.py
[2023-06-05 23:11:52,362] {processor.py:641} INFO - Processing file /home/gui/Documentos/airflowalura/venv/lib/python3.9/site-packages/airflow/example_dags/tutorial.py for tasks to queue
[2023-06-05 23:11:52,363] {logging_mixin.py:115} INFO - [2023-06-05 23:11:52,363] {dagbag.py:507} INFO - Filling up the DagBag from /home/gui/Documentos/airflowalura/venv/lib/python3.9/site-packages/airflow/example_dags/tutorial.py
[2023-06-05 23:11:52,377] {processor.py:651} INFO - DAG(s) dict_keys(['tutorial']) retrieved from /home/gui/Documentos/airflowalura/venv/lib/python3.9/site-packages/airflow/example_dags/tutorial.py
[2023-06-05 23:11:52,407] {logging_mixin.py:115} INFO - [2023-06-05 23:11:52,407] {dag.py:2379} INFO - Sync 1 DAGs
[2023-06-05 23:11:52,434] {logging_mixin.py:115} INFO - [2023-06-05 23:11:52,434] {dag.py:2927} INFO - Setting next_dagrun for tutorial to 2023-06-05T02:11:52.433625+00:00, run_after=2023-06-06T02:11:52.433625+00:00
[2023-06-05 23:11:52,583] {processor.py:161} INFO - Processing /home/gui/Documentos/airflowalura/venv/lib/python3.9/site-packages/airflow/example_dags/tutorial.py took 0.230 seconds
[2023-06-05 23:12:29,314] {processor.py:153} INFO - Started process (PID=45372) to work on /home/gui/Documentos/airflowalura/venv/lib/python3.9/site-packages/airflow/example_dags/tutorial.py
[2023-06-05 23:12:29,315] {processor.py:641} INFO - Processing file /home/gui/Documentos/airflowalura/venv/lib/python3.9/site-packages/airflow/example_dags/tutorial.py for tasks to queue
[2023-06-05 23:12:29,316] {logging_mixin.py:115} INFO - [2023-06-05 23:12:29,316] {dagbag.py:507} INFO - Filling up the DagBag from /home/gui/Documentos/airflowalura/venv/lib/python3.9/site-packages/airflow/example_dags/tutorial.py
[2023-06-05 23:12:29,326] {processor.py:651} INFO - DAG(s) dict_keys(['tutorial']) retrieved from /home/gui/Documentos/airflowalura/venv/lib/python3.9/site-packages/airflow/example_dags/tutorial.py
[2023-06-05 23:12:29,354] {logging_mixin.py:115} INFO - [2023-06-05 23:12:29,354] {dag.py:2379} INFO - Sync 1 DAGs
[2023-06-05 23:12:29,381] {logging_mixin.py:115} INFO - [2023-06-05 23:12:29,381] {dag.py:2927} INFO - Setting next_dagrun for tutorial to 2023-06-05T02:12:29.380890+00:00, run_after=2023-06-06T02:12:29.380890+00:00
[2023-06-05 23:12:29,408] {processor.py:161} INFO - Processing /home/gui/Documentos/airflowalura/venv/lib/python3.9/site-packages/airflow/example_dags/tutorial.py took 0.100 seconds
[2023-06-05 23:13:14,389] {processor.py:153} INFO - Started process (PID=45411) to work on /home/gui/Documentos/airflowalura/venv/lib/python3.9/site-packages/airflow/example_dags/tutorial.py
[2023-06-05 23:13:14,391] {processor.py:641} INFO - Processing file /home/gui/Documentos/airflowalura/venv/lib/python3.9/site-packages/airflow/example_dags/tutorial.py for tasks to queue
[2023-06-05 23:13:14,392] {logging_mixin.py:115} INFO - [2023-06-05 23:13:14,392] {dagbag.py:507} INFO - Filling up the DagBag from /home/gui/Documentos/airflowalura/venv/lib/python3.9/site-packages/airflow/example_dags/tutorial.py
[2023-06-05 23:13:14,404] {processor.py:651} INFO - DAG(s) dict_keys(['tutorial']) retrieved from /home/gui/Documentos/airflowalura/venv/lib/python3.9/site-packages/airflow/example_dags/tutorial.py
[2023-06-05 23:13:14,429] {logging_mixin.py:115} INFO - [2023-06-05 23:13:14,429] {dag.py:2379} INFO - Sync 1 DAGs
[2023-06-05 23:13:14,457] {logging_mixin.py:115} INFO - [2023-06-05 23:13:14,457] {dag.py:2927} INFO - Setting next_dagrun for tutorial to 2023-06-05T02:13:14.456220+00:00, run_after=2023-06-06T02:13:14.456220+00:00
[2023-06-05 23:13:14,488] {processor.py:161} INFO - Processing /home/gui/Documentos/airflowalura/venv/lib/python3.9/site-packages/airflow/example_dags/tutorial.py took 0.108 seconds
[2023-06-05 23:13:53,527] {processor.py:153} INFO - Started process (PID=45448) to work on /home/gui/Documentos/airflowalura/venv/lib/python3.9/site-packages/airflow/example_dags/tutorial.py
[2023-06-05 23:13:53,529] {processor.py:641} INFO - Processing file /home/gui/Documentos/airflowalura/venv/lib/python3.9/site-packages/airflow/example_dags/tutorial.py for tasks to queue
[2023-06-05 23:13:53,529] {logging_mixin.py:115} INFO - [2023-06-05 23:13:53,529] {dagbag.py:507} INFO - Filling up the DagBag from /home/gui/Documentos/airflowalura/venv/lib/python3.9/site-packages/airflow/example_dags/tutorial.py
[2023-06-05 23:13:53,540] {processor.py:651} INFO - DAG(s) dict_keys(['tutorial']) retrieved from /home/gui/Documentos/airflowalura/venv/lib/python3.9/site-packages/airflow/example_dags/tutorial.py
[2023-06-05 23:13:53,568] {logging_mixin.py:115} INFO - [2023-06-05 23:13:53,567] {dag.py:2379} INFO - Sync 1 DAGs
[2023-06-05 23:13:53,594] {logging_mixin.py:115} INFO - [2023-06-05 23:13:53,593] {dag.py:2927} INFO - Setting next_dagrun for tutorial to 2023-06-05T02:13:53.593441+00:00, run_after=2023-06-06T02:13:53.593441+00:00
[2023-06-05 23:13:53,645] {processor.py:161} INFO - Processing /home/gui/Documentos/airflowalura/venv/lib/python3.9/site-packages/airflow/example_dags/tutorial.py took 0.123 seconds
[2023-06-05 23:14:27,561] {processor.py:153} INFO - Started process (PID=45478) to work on /home/gui/Documentos/airflowalura/venv/lib/python3.9/site-packages/airflow/example_dags/tutorial.py
[2023-06-05 23:14:27,562] {processor.py:641} INFO - Processing file /home/gui/Documentos/airflowalura/venv/lib/python3.9/site-packages/airflow/example_dags/tutorial.py for tasks to queue
[2023-06-05 23:14:27,563] {logging_mixin.py:115} INFO - [2023-06-05 23:14:27,563] {dagbag.py:507} INFO - Filling up the DagBag from /home/gui/Documentos/airflowalura/venv/lib/python3.9/site-packages/airflow/example_dags/tutorial.py
[2023-06-05 23:14:27,572] {processor.py:651} INFO - DAG(s) dict_keys(['tutorial']) retrieved from /home/gui/Documentos/airflowalura/venv/lib/python3.9/site-packages/airflow/example_dags/tutorial.py
[2023-06-05 23:14:27,600] {logging_mixin.py:115} INFO - [2023-06-05 23:14:27,599] {dag.py:2379} INFO - Sync 1 DAGs
[2023-06-05 23:14:27,625] {logging_mixin.py:115} INFO - [2023-06-05 23:14:27,625] {dag.py:2927} INFO - Setting next_dagrun for tutorial to 2023-06-05T02:14:27.624696+00:00, run_after=2023-06-06T02:14:27.624696+00:00
[2023-06-05 23:14:27,643] {processor.py:161} INFO - Processing /home/gui/Documentos/airflowalura/venv/lib/python3.9/site-packages/airflow/example_dags/tutorial.py took 0.088 seconds
[2023-06-05 23:15:05,031] {processor.py:153} INFO - Started process (PID=45511) to work on /home/gui/Documentos/airflowalura/venv/lib/python3.9/site-packages/airflow/example_dags/tutorial.py
[2023-06-05 23:15:05,033] {processor.py:641} INFO - Processing file /home/gui/Documentos/airflowalura/venv/lib/python3.9/site-packages/airflow/example_dags/tutorial.py for tasks to queue
[2023-06-05 23:15:05,033] {logging_mixin.py:115} INFO - [2023-06-05 23:15:05,033] {dagbag.py:507} INFO - Filling up the DagBag from /home/gui/Documentos/airflowalura/venv/lib/python3.9/site-packages/airflow/example_dags/tutorial.py
[2023-06-05 23:15:05,045] {processor.py:651} INFO - DAG(s) dict_keys(['tutorial']) retrieved from /home/gui/Documentos/airflowalura/venv/lib/python3.9/site-packages/airflow/example_dags/tutorial.py
[2023-06-05 23:15:05,083] {logging_mixin.py:115} INFO - [2023-06-05 23:15:05,082] {dag.py:2379} INFO - Sync 1 DAGs
[2023-06-05 23:15:05,119] {logging_mixin.py:115} INFO - [2023-06-05 23:15:05,119] {dag.py:2927} INFO - Setting next_dagrun for tutorial to 2023-06-05T02:15:05.118541+00:00, run_after=2023-06-06T02:15:05.118541+00:00
[2023-06-05 23:15:05,203] {processor.py:161} INFO - Processing /home/gui/Documentos/airflowalura/venv/lib/python3.9/site-packages/airflow/example_dags/tutorial.py took 0.180 seconds
[2023-06-05 23:15:44,068] {processor.py:153} INFO - Started process (PID=45567) to work on /home/gui/Documentos/airflowalura/venv/lib/python3.9/site-packages/airflow/example_dags/tutorial.py
[2023-06-05 23:15:44,070] {processor.py:641} INFO - Processing file /home/gui/Documentos/airflowalura/venv/lib/python3.9/site-packages/airflow/example_dags/tutorial.py for tasks to queue
[2023-06-05 23:15:44,071] {logging_mixin.py:115} INFO - [2023-06-05 23:15:44,071] {dagbag.py:507} INFO - Filling up the DagBag from /home/gui/Documentos/airflowalura/venv/lib/python3.9/site-packages/airflow/example_dags/tutorial.py
[2023-06-05 23:15:44,084] {processor.py:651} INFO - DAG(s) dict_keys(['tutorial']) retrieved from /home/gui/Documentos/airflowalura/venv/lib/python3.9/site-packages/airflow/example_dags/tutorial.py
[2023-06-05 23:15:44,120] {logging_mixin.py:115} INFO - [2023-06-05 23:15:44,120] {dag.py:2379} INFO - Sync 1 DAGs
[2023-06-05 23:15:44,156] {logging_mixin.py:115} INFO - [2023-06-05 23:15:44,156] {dag.py:2927} INFO - Setting next_dagrun for tutorial to 2023-06-05T02:15:44.155594+00:00, run_after=2023-06-06T02:15:44.155594+00:00
[2023-06-05 23:15:44,180] {processor.py:161} INFO - Processing /home/gui/Documentos/airflowalura/venv/lib/python3.9/site-packages/airflow/example_dags/tutorial.py took 0.118 seconds
[2023-06-05 23:16:20,352] {processor.py:153} INFO - Started process (PID=45600) to work on /home/gui/Documentos/airflowalura/venv/lib/python3.9/site-packages/airflow/example_dags/tutorial.py
[2023-06-05 23:16:20,353] {processor.py:641} INFO - Processing file /home/gui/Documentos/airflowalura/venv/lib/python3.9/site-packages/airflow/example_dags/tutorial.py for tasks to queue
[2023-06-05 23:16:20,354] {logging_mixin.py:115} INFO - [2023-06-05 23:16:20,354] {dagbag.py:507} INFO - Filling up the DagBag from /home/gui/Documentos/airflowalura/venv/lib/python3.9/site-packages/airflow/example_dags/tutorial.py
[2023-06-05 23:16:20,366] {processor.py:651} INFO - DAG(s) dict_keys(['tutorial']) retrieved from /home/gui/Documentos/airflowalura/venv/lib/python3.9/site-packages/airflow/example_dags/tutorial.py
[2023-06-05 23:16:20,398] {logging_mixin.py:115} INFO - [2023-06-05 23:16:20,397] {dag.py:2379} INFO - Sync 1 DAGs
[2023-06-05 23:16:20,433] {logging_mixin.py:115} INFO - [2023-06-05 23:16:20,433] {dag.py:2927} INFO - Setting next_dagrun for tutorial to 2023-06-05T02:16:20.433039+00:00, run_after=2023-06-06T02:16:20.433039+00:00
[2023-06-05 23:16:20,456] {processor.py:161} INFO - Processing /home/gui/Documentos/airflowalura/venv/lib/python3.9/site-packages/airflow/example_dags/tutorial.py took 0.111 seconds
[2023-06-05 23:16:57,209] {processor.py:153} INFO - Started process (PID=45633) to work on /home/gui/Documentos/airflowalura/venv/lib/python3.9/site-packages/airflow/example_dags/tutorial.py
[2023-06-05 23:16:57,211] {processor.py:641} INFO - Processing file /home/gui/Documentos/airflowalura/venv/lib/python3.9/site-packages/airflow/example_dags/tutorial.py for tasks to queue
[2023-06-05 23:16:57,211] {logging_mixin.py:115} INFO - [2023-06-05 23:16:57,211] {dagbag.py:507} INFO - Filling up the DagBag from /home/gui/Documentos/airflowalura/venv/lib/python3.9/site-packages/airflow/example_dags/tutorial.py
[2023-06-05 23:16:57,225] {processor.py:651} INFO - DAG(s) dict_keys(['tutorial']) retrieved from /home/gui/Documentos/airflowalura/venv/lib/python3.9/site-packages/airflow/example_dags/tutorial.py
[2023-06-05 23:16:57,261] {logging_mixin.py:115} INFO - [2023-06-05 23:16:57,261] {dag.py:2379} INFO - Sync 1 DAGs
[2023-06-05 23:16:57,297] {logging_mixin.py:115} INFO - [2023-06-05 23:16:57,297] {dag.py:2927} INFO - Setting next_dagrun for tutorial to 2023-06-05T02:16:57.296745+00:00, run_after=2023-06-06T02:16:57.296745+00:00
[2023-06-05 23:16:57,416] {processor.py:161} INFO - Processing /home/gui/Documentos/airflowalura/venv/lib/python3.9/site-packages/airflow/example_dags/tutorial.py took 0.215 seconds
[2023-06-05 23:17:36,921] {processor.py:153} INFO - Started process (PID=45673) to work on /home/gui/Documentos/airflowalura/venv/lib/python3.9/site-packages/airflow/example_dags/tutorial.py
[2023-06-05 23:17:36,922] {processor.py:641} INFO - Processing file /home/gui/Documentos/airflowalura/venv/lib/python3.9/site-packages/airflow/example_dags/tutorial.py for tasks to queue
[2023-06-05 23:17:36,924] {logging_mixin.py:115} INFO - [2023-06-05 23:17:36,924] {dagbag.py:507} INFO - Filling up the DagBag from /home/gui/Documentos/airflowalura/venv/lib/python3.9/site-packages/airflow/example_dags/tutorial.py
[2023-06-05 23:17:36,940] {processor.py:651} INFO - DAG(s) dict_keys(['tutorial']) retrieved from /home/gui/Documentos/airflowalura/venv/lib/python3.9/site-packages/airflow/example_dags/tutorial.py
[2023-06-05 23:17:36,976] {logging_mixin.py:115} INFO - [2023-06-05 23:17:36,976] {dag.py:2379} INFO - Sync 1 DAGs
[2023-06-05 23:17:37,014] {logging_mixin.py:115} INFO - [2023-06-05 23:17:37,014] {dag.py:2927} INFO - Setting next_dagrun for tutorial to 2023-06-05T02:17:37.013522+00:00, run_after=2023-06-06T02:17:37.013522+00:00
[2023-06-05 23:17:37,525] {processor.py:161} INFO - Processing /home/gui/Documentos/airflowalura/venv/lib/python3.9/site-packages/airflow/example_dags/tutorial.py took 0.613 seconds
[2023-06-05 23:18:17,306] {processor.py:153} INFO - Started process (PID=45703) to work on /home/gui/Documentos/airflowalura/venv/lib/python3.9/site-packages/airflow/example_dags/tutorial.py
[2023-06-05 23:18:17,307] {processor.py:641} INFO - Processing file /home/gui/Documentos/airflowalura/venv/lib/python3.9/site-packages/airflow/example_dags/tutorial.py for tasks to queue
[2023-06-05 23:18:17,308] {logging_mixin.py:115} INFO - [2023-06-05 23:18:17,308] {dagbag.py:507} INFO - Filling up the DagBag from /home/gui/Documentos/airflowalura/venv/lib/python3.9/site-packages/airflow/example_dags/tutorial.py
[2023-06-05 23:18:17,320] {processor.py:651} INFO - DAG(s) dict_keys(['tutorial']) retrieved from /home/gui/Documentos/airflowalura/venv/lib/python3.9/site-packages/airflow/example_dags/tutorial.py
[2023-06-05 23:18:17,351] {logging_mixin.py:115} INFO - [2023-06-05 23:18:17,351] {dag.py:2379} INFO - Sync 1 DAGs
[2023-06-05 23:18:17,392] {logging_mixin.py:115} INFO - [2023-06-05 23:18:17,391] {dag.py:2927} INFO - Setting next_dagrun for tutorial to 2023-06-05T02:18:17.391328+00:00, run_after=2023-06-06T02:18:17.391328+00:00
[2023-06-05 23:18:17,440] {processor.py:161} INFO - Processing /home/gui/Documentos/airflowalura/venv/lib/python3.9/site-packages/airflow/example_dags/tutorial.py took 0.140 seconds
[2023-06-05 23:18:51,200] {processor.py:153} INFO - Started process (PID=45735) to work on /home/gui/Documentos/airflowalura/venv/lib/python3.9/site-packages/airflow/example_dags/tutorial.py
[2023-06-05 23:18:51,201] {processor.py:641} INFO - Processing file /home/gui/Documentos/airflowalura/venv/lib/python3.9/site-packages/airflow/example_dags/tutorial.py for tasks to queue
[2023-06-05 23:18:51,202] {logging_mixin.py:115} INFO - [2023-06-05 23:18:51,202] {dagbag.py:507} INFO - Filling up the DagBag from /home/gui/Documentos/airflowalura/venv/lib/python3.9/site-packages/airflow/example_dags/tutorial.py
[2023-06-05 23:18:51,218] {processor.py:651} INFO - DAG(s) dict_keys(['tutorial']) retrieved from /home/gui/Documentos/airflowalura/venv/lib/python3.9/site-packages/airflow/example_dags/tutorial.py
[2023-06-05 23:18:51,255] {logging_mixin.py:115} INFO - [2023-06-05 23:18:51,255] {dag.py:2379} INFO - Sync 1 DAGs
[2023-06-05 23:18:51,292] {logging_mixin.py:115} INFO - [2023-06-05 23:18:51,292] {dag.py:2927} INFO - Setting next_dagrun for tutorial to 2023-06-05T02:18:51.291800+00:00, run_after=2023-06-06T02:18:51.291800+00:00
[2023-06-05 23:18:51,630] {processor.py:161} INFO - Processing /home/gui/Documentos/airflowalura/venv/lib/python3.9/site-packages/airflow/example_dags/tutorial.py took 0.439 seconds
[2023-06-05 23:19:29,284] {processor.py:153} INFO - Started process (PID=45767) to work on /home/gui/Documentos/airflowalura/venv/lib/python3.9/site-packages/airflow/example_dags/tutorial.py
[2023-06-05 23:19:29,285] {processor.py:641} INFO - Processing file /home/gui/Documentos/airflowalura/venv/lib/python3.9/site-packages/airflow/example_dags/tutorial.py for tasks to queue
[2023-06-05 23:19:29,286] {logging_mixin.py:115} INFO - [2023-06-05 23:19:29,286] {dagbag.py:507} INFO - Filling up the DagBag from /home/gui/Documentos/airflowalura/venv/lib/python3.9/site-packages/airflow/example_dags/tutorial.py
[2023-06-05 23:19:29,301] {processor.py:651} INFO - DAG(s) dict_keys(['tutorial']) retrieved from /home/gui/Documentos/airflowalura/venv/lib/python3.9/site-packages/airflow/example_dags/tutorial.py
[2023-06-05 23:19:29,338] {logging_mixin.py:115} INFO - [2023-06-05 23:19:29,337] {dag.py:2379} INFO - Sync 1 DAGs
[2023-06-05 23:19:29,372] {logging_mixin.py:115} INFO - [2023-06-05 23:19:29,372] {dag.py:2927} INFO - Setting next_dagrun for tutorial to 2023-06-05T02:19:29.371489+00:00, run_after=2023-06-06T02:19:29.371489+00:00
[2023-06-05 23:19:29,600] {processor.py:161} INFO - Processing /home/gui/Documentos/airflowalura/venv/lib/python3.9/site-packages/airflow/example_dags/tutorial.py took 0.322 seconds
[2023-06-05 23:20:04,263] {processor.py:153} INFO - Started process (PID=45806) to work on /home/gui/Documentos/airflowalura/venv/lib/python3.9/site-packages/airflow/example_dags/tutorial.py
[2023-06-05 23:20:04,264] {processor.py:641} INFO - Processing file /home/gui/Documentos/airflowalura/venv/lib/python3.9/site-packages/airflow/example_dags/tutorial.py for tasks to queue
[2023-06-05 23:20:04,265] {logging_mixin.py:115} INFO - [2023-06-05 23:20:04,265] {dagbag.py:507} INFO - Filling up the DagBag from /home/gui/Documentos/airflowalura/venv/lib/python3.9/site-packages/airflow/example_dags/tutorial.py
[2023-06-05 23:20:04,277] {processor.py:651} INFO - DAG(s) dict_keys(['tutorial']) retrieved from /home/gui/Documentos/airflowalura/venv/lib/python3.9/site-packages/airflow/example_dags/tutorial.py
[2023-06-05 23:20:04,313] {logging_mixin.py:115} INFO - [2023-06-05 23:20:04,312] {dag.py:2379} INFO - Sync 1 DAGs
[2023-06-05 23:20:04,348] {logging_mixin.py:115} INFO - [2023-06-05 23:20:04,348] {dag.py:2927} INFO - Setting next_dagrun for tutorial to 2023-06-05T02:20:04.348052+00:00, run_after=2023-06-06T02:20:04.348052+00:00
[2023-06-05 23:20:04,382] {processor.py:161} INFO - Processing /home/gui/Documentos/airflowalura/venv/lib/python3.9/site-packages/airflow/example_dags/tutorial.py took 0.126 seconds
[2023-06-05 23:20:41,636] {processor.py:153} INFO - Started process (PID=45849) to work on /home/gui/Documentos/airflowalura/venv/lib/python3.9/site-packages/airflow/example_dags/tutorial.py
[2023-06-05 23:20:41,638] {processor.py:641} INFO - Processing file /home/gui/Documentos/airflowalura/venv/lib/python3.9/site-packages/airflow/example_dags/tutorial.py for tasks to queue
[2023-06-05 23:20:41,639] {logging_mixin.py:115} INFO - [2023-06-05 23:20:41,639] {dagbag.py:507} INFO - Filling up the DagBag from /home/gui/Documentos/airflowalura/venv/lib/python3.9/site-packages/airflow/example_dags/tutorial.py
[2023-06-05 23:20:41,650] {processor.py:651} INFO - DAG(s) dict_keys(['tutorial']) retrieved from /home/gui/Documentos/airflowalura/venv/lib/python3.9/site-packages/airflow/example_dags/tutorial.py
[2023-06-05 23:20:41,683] {logging_mixin.py:115} INFO - [2023-06-05 23:20:41,683] {dag.py:2379} INFO - Sync 1 DAGs
[2023-06-05 23:20:41,723] {logging_mixin.py:115} INFO - [2023-06-05 23:20:41,723] {dag.py:2927} INFO - Setting next_dagrun for tutorial to 2023-06-05T02:20:41.722051+00:00, run_after=2023-06-06T02:20:41.722051+00:00
[2023-06-05 23:20:42,003] {processor.py:161} INFO - Processing /home/gui/Documentos/airflowalura/venv/lib/python3.9/site-packages/airflow/example_dags/tutorial.py took 0.375 seconds
[2023-06-05 23:21:16,685] {processor.py:153} INFO - Started process (PID=45891) to work on /home/gui/Documentos/airflowalura/venv/lib/python3.9/site-packages/airflow/example_dags/tutorial.py
[2023-06-05 23:21:16,686] {processor.py:641} INFO - Processing file /home/gui/Documentos/airflowalura/venv/lib/python3.9/site-packages/airflow/example_dags/tutorial.py for tasks to queue
[2023-06-05 23:21:16,688] {logging_mixin.py:115} INFO - [2023-06-05 23:21:16,687] {dagbag.py:507} INFO - Filling up the DagBag from /home/gui/Documentos/airflowalura/venv/lib/python3.9/site-packages/airflow/example_dags/tutorial.py
[2023-06-05 23:21:16,698] {processor.py:651} INFO - DAG(s) dict_keys(['tutorial']) retrieved from /home/gui/Documentos/airflowalura/venv/lib/python3.9/site-packages/airflow/example_dags/tutorial.py
[2023-06-05 23:21:16,728] {logging_mixin.py:115} INFO - [2023-06-05 23:21:16,728] {dag.py:2379} INFO - Sync 1 DAGs
[2023-06-05 23:21:16,760] {logging_mixin.py:115} INFO - [2023-06-05 23:21:16,760] {dag.py:2927} INFO - Setting next_dagrun for tutorial to 2023-06-05T02:21:16.759536+00:00, run_after=2023-06-06T02:21:16.759536+00:00
[2023-06-05 23:21:16,781] {processor.py:161} INFO - Processing /home/gui/Documentos/airflowalura/venv/lib/python3.9/site-packages/airflow/example_dags/tutorial.py took 0.102 seconds
[2023-06-05 23:21:55,553] {processor.py:153} INFO - Started process (PID=45936) to work on /home/gui/Documentos/airflowalura/venv/lib/python3.9/site-packages/airflow/example_dags/tutorial.py
[2023-06-05 23:21:55,554] {processor.py:641} INFO - Processing file /home/gui/Documentos/airflowalura/venv/lib/python3.9/site-packages/airflow/example_dags/tutorial.py for tasks to queue
[2023-06-05 23:21:55,556] {logging_mixin.py:115} INFO - [2023-06-05 23:21:55,555] {dagbag.py:507} INFO - Filling up the DagBag from /home/gui/Documentos/airflowalura/venv/lib/python3.9/site-packages/airflow/example_dags/tutorial.py
[2023-06-05 23:21:55,569] {processor.py:651} INFO - DAG(s) dict_keys(['tutorial']) retrieved from /home/gui/Documentos/airflowalura/venv/lib/python3.9/site-packages/airflow/example_dags/tutorial.py
[2023-06-05 23:21:55,608] {logging_mixin.py:115} INFO - [2023-06-05 23:21:55,608] {dag.py:2379} INFO - Sync 1 DAGs
[2023-06-05 23:21:55,643] {logging_mixin.py:115} INFO - [2023-06-05 23:21:55,643] {dag.py:2927} INFO - Setting next_dagrun for tutorial to 2023-06-05T02:21:55.642934+00:00, run_after=2023-06-06T02:21:55.642934+00:00
[2023-06-05 23:21:55,669] {processor.py:161} INFO - Processing /home/gui/Documentos/airflowalura/venv/lib/python3.9/site-packages/airflow/example_dags/tutorial.py took 0.124 seconds
[2023-06-05 23:22:31,188] {processor.py:153} INFO - Started process (PID=45973) to work on /home/gui/Documentos/airflowalura/venv/lib/python3.9/site-packages/airflow/example_dags/tutorial.py
[2023-06-05 23:22:31,190] {processor.py:641} INFO - Processing file /home/gui/Documentos/airflowalura/venv/lib/python3.9/site-packages/airflow/example_dags/tutorial.py for tasks to queue
[2023-06-05 23:22:31,191] {logging_mixin.py:115} INFO - [2023-06-05 23:22:31,191] {dagbag.py:507} INFO - Filling up the DagBag from /home/gui/Documentos/airflowalura/venv/lib/python3.9/site-packages/airflow/example_dags/tutorial.py
[2023-06-05 23:22:31,204] {processor.py:651} INFO - DAG(s) dict_keys(['tutorial']) retrieved from /home/gui/Documentos/airflowalura/venv/lib/python3.9/site-packages/airflow/example_dags/tutorial.py
[2023-06-05 23:22:31,236] {logging_mixin.py:115} INFO - [2023-06-05 23:22:31,236] {dag.py:2379} INFO - Sync 1 DAGs
[2023-06-05 23:22:31,265] {logging_mixin.py:115} INFO - [2023-06-05 23:22:31,265] {dag.py:2927} INFO - Setting next_dagrun for tutorial to 2023-06-05T02:22:31.264732+00:00, run_after=2023-06-06T02:22:31.264732+00:00
[2023-06-05 23:22:31,328] {processor.py:161} INFO - Processing /home/gui/Documentos/airflowalura/venv/lib/python3.9/site-packages/airflow/example_dags/tutorial.py took 0.145 seconds
[2023-06-05 23:23:13,443] {processor.py:153} INFO - Started process (PID=46022) to work on /home/gui/Documentos/airflowalura/venv/lib/python3.9/site-packages/airflow/example_dags/tutorial.py
[2023-06-05 23:23:13,444] {processor.py:641} INFO - Processing file /home/gui/Documentos/airflowalura/venv/lib/python3.9/site-packages/airflow/example_dags/tutorial.py for tasks to queue
[2023-06-05 23:23:13,445] {logging_mixin.py:115} INFO - [2023-06-05 23:23:13,445] {dagbag.py:507} INFO - Filling up the DagBag from /home/gui/Documentos/airflowalura/venv/lib/python3.9/site-packages/airflow/example_dags/tutorial.py
[2023-06-05 23:23:13,460] {processor.py:651} INFO - DAG(s) dict_keys(['tutorial']) retrieved from /home/gui/Documentos/airflowalura/venv/lib/python3.9/site-packages/airflow/example_dags/tutorial.py
[2023-06-05 23:23:13,499] {logging_mixin.py:115} INFO - [2023-06-05 23:23:13,499] {dag.py:2379} INFO - Sync 1 DAGs
[2023-06-05 23:23:13,553] {logging_mixin.py:115} INFO - [2023-06-05 23:23:13,552] {dag.py:2927} INFO - Setting next_dagrun for tutorial to 2023-06-05T02:23:13.550874+00:00, run_after=2023-06-06T02:23:13.550874+00:00
[2023-06-05 23:23:13,615] {processor.py:161} INFO - Processing /home/gui/Documentos/airflowalura/venv/lib/python3.9/site-packages/airflow/example_dags/tutorial.py took 0.178 seconds
[2023-06-05 23:23:50,180] {processor.py:153} INFO - Started process (PID=46063) to work on /home/gui/Documentos/airflowalura/venv/lib/python3.9/site-packages/airflow/example_dags/tutorial.py
[2023-06-05 23:23:50,181] {processor.py:641} INFO - Processing file /home/gui/Documentos/airflowalura/venv/lib/python3.9/site-packages/airflow/example_dags/tutorial.py for tasks to queue
[2023-06-05 23:23:50,182] {logging_mixin.py:115} INFO - [2023-06-05 23:23:50,182] {dagbag.py:507} INFO - Filling up the DagBag from /home/gui/Documentos/airflowalura/venv/lib/python3.9/site-packages/airflow/example_dags/tutorial.py
[2023-06-05 23:23:50,193] {processor.py:651} INFO - DAG(s) dict_keys(['tutorial']) retrieved from /home/gui/Documentos/airflowalura/venv/lib/python3.9/site-packages/airflow/example_dags/tutorial.py
[2023-06-05 23:23:50,222] {logging_mixin.py:115} INFO - [2023-06-05 23:23:50,222] {dag.py:2379} INFO - Sync 1 DAGs
[2023-06-05 23:23:50,250] {logging_mixin.py:115} INFO - [2023-06-05 23:23:50,250] {dag.py:2927} INFO - Setting next_dagrun for tutorial to 2023-06-05T02:23:50.250024+00:00, run_after=2023-06-06T02:23:50.250024+00:00
[2023-06-05 23:23:50,279] {processor.py:161} INFO - Processing /home/gui/Documentos/airflowalura/venv/lib/python3.9/site-packages/airflow/example_dags/tutorial.py took 0.106 seconds
[2023-06-05 23:24:31,348] {processor.py:153} INFO - Started process (PID=46105) to work on /home/gui/Documentos/airflowalura/venv/lib/python3.9/site-packages/airflow/example_dags/tutorial.py
[2023-06-05 23:24:31,350] {processor.py:641} INFO - Processing file /home/gui/Documentos/airflowalura/venv/lib/python3.9/site-packages/airflow/example_dags/tutorial.py for tasks to queue
[2023-06-05 23:24:31,351] {logging_mixin.py:115} INFO - [2023-06-05 23:24:31,351] {dagbag.py:507} INFO - Filling up the DagBag from /home/gui/Documentos/airflowalura/venv/lib/python3.9/site-packages/airflow/example_dags/tutorial.py
[2023-06-05 23:24:31,365] {processor.py:651} INFO - DAG(s) dict_keys(['tutorial']) retrieved from /home/gui/Documentos/airflowalura/venv/lib/python3.9/site-packages/airflow/example_dags/tutorial.py
[2023-06-05 23:24:31,399] {logging_mixin.py:115} INFO - [2023-06-05 23:24:31,399] {dag.py:2379} INFO - Sync 1 DAGs
[2023-06-05 23:24:31,433] {logging_mixin.py:115} INFO - [2023-06-05 23:24:31,433] {dag.py:2927} INFO - Setting next_dagrun for tutorial to 2023-06-05T02:24:31.432605+00:00, run_after=2023-06-06T02:24:31.432605+00:00
[2023-06-05 23:24:31,457] {processor.py:161} INFO - Processing /home/gui/Documentos/airflowalura/venv/lib/python3.9/site-packages/airflow/example_dags/tutorial.py took 0.115 seconds
[2023-06-05 23:25:04,393] {processor.py:153} INFO - Started process (PID=46141) to work on /home/gui/Documentos/airflowalura/venv/lib/python3.9/site-packages/airflow/example_dags/tutorial.py
[2023-06-05 23:25:04,394] {processor.py:641} INFO - Processing file /home/gui/Documentos/airflowalura/venv/lib/python3.9/site-packages/airflow/example_dags/tutorial.py for tasks to queue
[2023-06-05 23:25:04,395] {logging_mixin.py:115} INFO - [2023-06-05 23:25:04,395] {dagbag.py:507} INFO - Filling up the DagBag from /home/gui/Documentos/airflowalura/venv/lib/python3.9/site-packages/airflow/example_dags/tutorial.py
[2023-06-05 23:25:04,409] {processor.py:651} INFO - DAG(s) dict_keys(['tutorial']) retrieved from /home/gui/Documentos/airflowalura/venv/lib/python3.9/site-packages/airflow/example_dags/tutorial.py
[2023-06-05 23:25:04,441] {logging_mixin.py:115} INFO - [2023-06-05 23:25:04,441] {dag.py:2379} INFO - Sync 1 DAGs
[2023-06-05 23:25:04,472] {logging_mixin.py:115} INFO - [2023-06-05 23:25:04,472] {dag.py:2927} INFO - Setting next_dagrun for tutorial to 2023-06-05T02:25:04.471650+00:00, run_after=2023-06-06T02:25:04.471650+00:00
[2023-06-05 23:25:04,495] {processor.py:161} INFO - Processing /home/gui/Documentos/airflowalura/venv/lib/python3.9/site-packages/airflow/example_dags/tutorial.py took 0.108 seconds
[2023-06-05 23:25:43,056] {processor.py:153} INFO - Started process (PID=46186) to work on /home/gui/Documentos/airflowalura/venv/lib/python3.9/site-packages/airflow/example_dags/tutorial.py
[2023-06-05 23:25:43,058] {processor.py:641} INFO - Processing file /home/gui/Documentos/airflowalura/venv/lib/python3.9/site-packages/airflow/example_dags/tutorial.py for tasks to queue
[2023-06-05 23:25:43,059] {logging_mixin.py:115} INFO - [2023-06-05 23:25:43,059] {dagbag.py:507} INFO - Filling up the DagBag from /home/gui/Documentos/airflowalura/venv/lib/python3.9/site-packages/airflow/example_dags/tutorial.py
[2023-06-05 23:25:43,072] {processor.py:651} INFO - DAG(s) dict_keys(['tutorial']) retrieved from /home/gui/Documentos/airflowalura/venv/lib/python3.9/site-packages/airflow/example_dags/tutorial.py
[2023-06-05 23:25:43,113] {logging_mixin.py:115} INFO - [2023-06-05 23:25:43,113] {dag.py:2379} INFO - Sync 1 DAGs
[2023-06-05 23:25:43,159] {logging_mixin.py:115} INFO - [2023-06-05 23:25:43,159] {dag.py:2927} INFO - Setting next_dagrun for tutorial to 2023-06-05T02:25:43.158498+00:00, run_after=2023-06-06T02:25:43.158498+00:00
[2023-06-05 23:25:43,224] {processor.py:161} INFO - Processing /home/gui/Documentos/airflowalura/venv/lib/python3.9/site-packages/airflow/example_dags/tutorial.py took 0.176 seconds
[2023-06-05 23:26:27,476] {processor.py:153} INFO - Started process (PID=46278) to work on /home/gui/Documentos/airflowalura/venv/lib/python3.9/site-packages/airflow/example_dags/tutorial.py
[2023-06-05 23:26:27,477] {processor.py:641} INFO - Processing file /home/gui/Documentos/airflowalura/venv/lib/python3.9/site-packages/airflow/example_dags/tutorial.py for tasks to queue
[2023-06-05 23:26:27,478] {logging_mixin.py:115} INFO - [2023-06-05 23:26:27,478] {dagbag.py:507} INFO - Filling up the DagBag from /home/gui/Documentos/airflowalura/venv/lib/python3.9/site-packages/airflow/example_dags/tutorial.py
[2023-06-05 23:26:27,492] {processor.py:651} INFO - DAG(s) dict_keys(['tutorial']) retrieved from /home/gui/Documentos/airflowalura/venv/lib/python3.9/site-packages/airflow/example_dags/tutorial.py
[2023-06-05 23:26:27,530] {logging_mixin.py:115} INFO - [2023-06-05 23:26:27,530] {dag.py:2379} INFO - Sync 1 DAGs
[2023-06-05 23:26:27,560] {logging_mixin.py:115} INFO - [2023-06-05 23:26:27,560] {dag.py:2927} INFO - Setting next_dagrun for tutorial to 2023-06-05T02:26:27.560010+00:00, run_after=2023-06-06T02:26:27.560010+00:00
[2023-06-05 23:26:27,593] {processor.py:161} INFO - Processing /home/gui/Documentos/airflowalura/venv/lib/python3.9/site-packages/airflow/example_dags/tutorial.py took 0.124 seconds
[2023-06-05 23:31:01,070] {processor.py:153} INFO - Started process (PID=46714) to work on /home/gui/Documentos/airflowalura/venv/lib/python3.9/site-packages/airflow/example_dags/tutorial.py
[2023-06-05 23:31:01,082] {processor.py:641} INFO - Processing file /home/gui/Documentos/airflowalura/venv/lib/python3.9/site-packages/airflow/example_dags/tutorial.py for tasks to queue
[2023-06-05 23:31:01,083] {logging_mixin.py:115} INFO - [2023-06-05 23:31:01,083] {dagbag.py:507} INFO - Filling up the DagBag from /home/gui/Documentos/airflowalura/venv/lib/python3.9/site-packages/airflow/example_dags/tutorial.py
[2023-06-05 23:31:01,101] {processor.py:651} INFO - DAG(s) dict_keys(['tutorial']) retrieved from /home/gui/Documentos/airflowalura/venv/lib/python3.9/site-packages/airflow/example_dags/tutorial.py
[2023-06-05 23:31:01,146] {logging_mixin.py:115} INFO - [2023-06-05 23:31:01,146] {dag.py:2379} INFO - Sync 1 DAGs
[2023-06-05 23:31:01,189] {logging_mixin.py:115} INFO - [2023-06-05 23:31:01,189] {dag.py:2927} INFO - Setting next_dagrun for tutorial to 2023-06-05T02:31:01.188806+00:00, run_after=2023-06-06T02:31:01.188806+00:00
[2023-06-05 23:31:01,403] {processor.py:161} INFO - Processing /home/gui/Documentos/airflowalura/venv/lib/python3.9/site-packages/airflow/example_dags/tutorial.py took 0.341 seconds
[2023-06-05 23:31:58,306] {processor.py:153} INFO - Started process (PID=47082) to work on /home/gui/Documentos/airflowalura/venv/lib/python3.9/site-packages/airflow/example_dags/tutorial.py
[2023-06-05 23:31:58,327] {processor.py:641} INFO - Processing file /home/gui/Documentos/airflowalura/venv/lib/python3.9/site-packages/airflow/example_dags/tutorial.py for tasks to queue
[2023-06-05 23:31:58,329] {logging_mixin.py:115} INFO - [2023-06-05 23:31:58,328] {dagbag.py:507} INFO - Filling up the DagBag from /home/gui/Documentos/airflowalura/venv/lib/python3.9/site-packages/airflow/example_dags/tutorial.py
[2023-06-05 23:31:58,354] {processor.py:651} INFO - DAG(s) dict_keys(['tutorial']) retrieved from /home/gui/Documentos/airflowalura/venv/lib/python3.9/site-packages/airflow/example_dags/tutorial.py
[2023-06-05 23:31:58,421] {logging_mixin.py:115} INFO - [2023-06-05 23:31:58,421] {dag.py:2379} INFO - Sync 1 DAGs
[2023-06-05 23:31:58,497] {logging_mixin.py:115} INFO - [2023-06-05 23:31:58,496] {dag.py:2927} INFO - Setting next_dagrun for tutorial to 2023-06-05T02:31:58.494978+00:00, run_after=2023-06-06T02:31:58.494978+00:00
[2023-06-05 23:31:58,621] {processor.py:161} INFO - Processing /home/gui/Documentos/airflowalura/venv/lib/python3.9/site-packages/airflow/example_dags/tutorial.py took 0.343 seconds
[2023-06-05 23:32:42,495] {processor.py:153} INFO - Started process (PID=47693) to work on /home/gui/Documentos/airflowalura/venv/lib/python3.9/site-packages/airflow/example_dags/tutorial.py
[2023-06-05 23:32:42,519] {processor.py:641} INFO - Processing file /home/gui/Documentos/airflowalura/venv/lib/python3.9/site-packages/airflow/example_dags/tutorial.py for tasks to queue
[2023-06-05 23:32:42,520] {logging_mixin.py:115} INFO - [2023-06-05 23:32:42,520] {dagbag.py:507} INFO - Filling up the DagBag from /home/gui/Documentos/airflowalura/venv/lib/python3.9/site-packages/airflow/example_dags/tutorial.py
[2023-06-05 23:32:42,541] {processor.py:651} INFO - DAG(s) dict_keys(['tutorial']) retrieved from /home/gui/Documentos/airflowalura/venv/lib/python3.9/site-packages/airflow/example_dags/tutorial.py
[2023-06-05 23:32:42,589] {logging_mixin.py:115} INFO - [2023-06-05 23:32:42,589] {dag.py:2379} INFO - Sync 1 DAGs
[2023-06-05 23:32:42,639] {logging_mixin.py:115} INFO - [2023-06-05 23:32:42,639] {dag.py:2927} INFO - Setting next_dagrun for tutorial to 2023-06-05T02:32:42.638516+00:00, run_after=2023-06-06T02:32:42.638516+00:00
[2023-06-05 23:32:42,823] {processor.py:161} INFO - Processing /home/gui/Documentos/airflowalura/venv/lib/python3.9/site-packages/airflow/example_dags/tutorial.py took 0.336 seconds
[2023-06-05 23:33:26,884] {processor.py:153} INFO - Started process (PID=48352) to work on /home/gui/Documentos/airflowalura/venv/lib/python3.9/site-packages/airflow/example_dags/tutorial.py
[2023-06-05 23:33:26,886] {processor.py:641} INFO - Processing file /home/gui/Documentos/airflowalura/venv/lib/python3.9/site-packages/airflow/example_dags/tutorial.py for tasks to queue
[2023-06-05 23:33:26,887] {logging_mixin.py:115} INFO - [2023-06-05 23:33:26,887] {dagbag.py:507} INFO - Filling up the DagBag from /home/gui/Documentos/airflowalura/venv/lib/python3.9/site-packages/airflow/example_dags/tutorial.py
[2023-06-05 23:33:26,901] {processor.py:651} INFO - DAG(s) dict_keys(['tutorial']) retrieved from /home/gui/Documentos/airflowalura/venv/lib/python3.9/site-packages/airflow/example_dags/tutorial.py
[2023-06-05 23:33:26,936] {logging_mixin.py:115} INFO - [2023-06-05 23:33:26,936] {dag.py:2379} INFO - Sync 1 DAGs
[2023-06-05 23:33:26,970] {logging_mixin.py:115} INFO - [2023-06-05 23:33:26,970] {dag.py:2927} INFO - Setting next_dagrun for tutorial to 2023-06-05T02:33:26.969997+00:00, run_after=2023-06-06T02:33:26.969997+00:00
[2023-06-05 23:33:27,000] {processor.py:161} INFO - Processing /home/gui/Documentos/airflowalura/venv/lib/python3.9/site-packages/airflow/example_dags/tutorial.py took 0.128 seconds
[2023-06-05 23:34:06,096] {processor.py:153} INFO - Started process (PID=48958) to work on /home/gui/Documentos/airflowalura/venv/lib/python3.9/site-packages/airflow/example_dags/tutorial.py
[2023-06-05 23:34:06,097] {processor.py:641} INFO - Processing file /home/gui/Documentos/airflowalura/venv/lib/python3.9/site-packages/airflow/example_dags/tutorial.py for tasks to queue
[2023-06-05 23:34:06,098] {logging_mixin.py:115} INFO - [2023-06-05 23:34:06,098] {dagbag.py:507} INFO - Filling up the DagBag from /home/gui/Documentos/airflowalura/venv/lib/python3.9/site-packages/airflow/example_dags/tutorial.py
[2023-06-05 23:34:06,112] {processor.py:651} INFO - DAG(s) dict_keys(['tutorial']) retrieved from /home/gui/Documentos/airflowalura/venv/lib/python3.9/site-packages/airflow/example_dags/tutorial.py
[2023-06-05 23:34:06,161] {logging_mixin.py:115} INFO - [2023-06-05 23:34:06,161] {dag.py:2379} INFO - Sync 1 DAGs
[2023-06-05 23:34:06,200] {logging_mixin.py:115} INFO - [2023-06-05 23:34:06,200] {dag.py:2927} INFO - Setting next_dagrun for tutorial to 2023-06-05T02:34:06.199590+00:00, run_after=2023-06-06T02:34:06.199590+00:00
[2023-06-05 23:34:06,370] {processor.py:161} INFO - Processing /home/gui/Documentos/airflowalura/venv/lib/python3.9/site-packages/airflow/example_dags/tutorial.py took 0.288 seconds
[2023-06-05 23:34:48,372] {processor.py:153} INFO - Started process (PID=49505) to work on /home/gui/Documentos/airflowalura/venv/lib/python3.9/site-packages/airflow/example_dags/tutorial.py
[2023-06-05 23:34:48,374] {processor.py:641} INFO - Processing file /home/gui/Documentos/airflowalura/venv/lib/python3.9/site-packages/airflow/example_dags/tutorial.py for tasks to queue
[2023-06-05 23:34:48,375] {logging_mixin.py:115} INFO - [2023-06-05 23:34:48,374] {dagbag.py:507} INFO - Filling up the DagBag from /home/gui/Documentos/airflowalura/venv/lib/python3.9/site-packages/airflow/example_dags/tutorial.py
[2023-06-05 23:34:48,394] {processor.py:651} INFO - DAG(s) dict_keys(['tutorial']) retrieved from /home/gui/Documentos/airflowalura/venv/lib/python3.9/site-packages/airflow/example_dags/tutorial.py
[2023-06-05 23:34:48,444] {logging_mixin.py:115} INFO - [2023-06-05 23:34:48,444] {dag.py:2379} INFO - Sync 1 DAGs
[2023-06-05 23:34:48,490] {logging_mixin.py:115} INFO - [2023-06-05 23:34:48,490] {dag.py:2927} INFO - Setting next_dagrun for tutorial to 2023-06-05T02:34:48.489241+00:00, run_after=2023-06-06T02:34:48.489241+00:00
[2023-06-05 23:34:48,814] {processor.py:161} INFO - Processing /home/gui/Documentos/airflowalura/venv/lib/python3.9/site-packages/airflow/example_dags/tutorial.py took 0.454 seconds
[2023-06-05 23:35:27,286] {processor.py:153} INFO - Started process (PID=49566) to work on /home/gui/Documentos/airflowalura/venv/lib/python3.9/site-packages/airflow/example_dags/tutorial.py
[2023-06-05 23:35:27,291] {processor.py:641} INFO - Processing file /home/gui/Documentos/airflowalura/venv/lib/python3.9/site-packages/airflow/example_dags/tutorial.py for tasks to queue
[2023-06-05 23:35:27,292] {logging_mixin.py:115} INFO - [2023-06-05 23:35:27,292] {dagbag.py:507} INFO - Filling up the DagBag from /home/gui/Documentos/airflowalura/venv/lib/python3.9/site-packages/airflow/example_dags/tutorial.py
[2023-06-05 23:35:27,316] {processor.py:651} INFO - DAG(s) dict_keys(['tutorial']) retrieved from /home/gui/Documentos/airflowalura/venv/lib/python3.9/site-packages/airflow/example_dags/tutorial.py
[2023-06-05 23:35:27,374] {logging_mixin.py:115} INFO - [2023-06-05 23:35:27,374] {dag.py:2379} INFO - Sync 1 DAGs
[2023-06-05 23:35:27,418] {logging_mixin.py:115} INFO - [2023-06-05 23:35:27,418] {dag.py:2927} INFO - Setting next_dagrun for tutorial to 2023-06-05T02:35:27.417541+00:00, run_after=2023-06-06T02:35:27.417541+00:00
[2023-06-05 23:35:27,451] {processor.py:161} INFO - Processing /home/gui/Documentos/airflowalura/venv/lib/python3.9/site-packages/airflow/example_dags/tutorial.py took 0.178 seconds
[2023-06-05 23:36:14,631] {processor.py:153} INFO - Started process (PID=49629) to work on /home/gui/Documentos/airflowalura/venv/lib/python3.9/site-packages/airflow/example_dags/tutorial.py
[2023-06-05 23:36:14,640] {processor.py:641} INFO - Processing file /home/gui/Documentos/airflowalura/venv/lib/python3.9/site-packages/airflow/example_dags/tutorial.py for tasks to queue
[2023-06-05 23:36:14,642] {logging_mixin.py:115} INFO - [2023-06-05 23:36:14,641] {dagbag.py:507} INFO - Filling up the DagBag from /home/gui/Documentos/airflowalura/venv/lib/python3.9/site-packages/airflow/example_dags/tutorial.py
[2023-06-05 23:36:14,675] {processor.py:651} INFO - DAG(s) dict_keys(['tutorial']) retrieved from /home/gui/Documentos/airflowalura/venv/lib/python3.9/site-packages/airflow/example_dags/tutorial.py
[2023-06-05 23:36:14,748] {logging_mixin.py:115} INFO - [2023-06-05 23:36:14,748] {dag.py:2379} INFO - Sync 1 DAGs
[2023-06-05 23:36:14,792] {logging_mixin.py:115} INFO - [2023-06-05 23:36:14,792] {dag.py:2927} INFO - Setting next_dagrun for tutorial to 2023-06-05T02:36:14.792041+00:00, run_after=2023-06-06T02:36:14.792041+00:00
[2023-06-05 23:36:14,865] {processor.py:161} INFO - Processing /home/gui/Documentos/airflowalura/venv/lib/python3.9/site-packages/airflow/example_dags/tutorial.py took 0.254 seconds
[2023-06-05 23:36:53,832] {processor.py:153} INFO - Started process (PID=49709) to work on /home/gui/Documentos/airflowalura/venv/lib/python3.9/site-packages/airflow/example_dags/tutorial.py
[2023-06-05 23:36:53,833] {processor.py:641} INFO - Processing file /home/gui/Documentos/airflowalura/venv/lib/python3.9/site-packages/airflow/example_dags/tutorial.py for tasks to queue
[2023-06-05 23:36:53,835] {logging_mixin.py:115} INFO - [2023-06-05 23:36:53,834] {dagbag.py:507} INFO - Filling up the DagBag from /home/gui/Documentos/airflowalura/venv/lib/python3.9/site-packages/airflow/example_dags/tutorial.py
[2023-06-05 23:36:53,849] {processor.py:651} INFO - DAG(s) dict_keys(['tutorial']) retrieved from /home/gui/Documentos/airflowalura/venv/lib/python3.9/site-packages/airflow/example_dags/tutorial.py
[2023-06-05 23:36:53,900] {logging_mixin.py:115} INFO - [2023-06-05 23:36:53,899] {dag.py:2379} INFO - Sync 1 DAGs
[2023-06-05 23:36:53,944] {logging_mixin.py:115} INFO - [2023-06-05 23:36:53,943] {dag.py:2927} INFO - Setting next_dagrun for tutorial to 2023-06-05T02:36:53.943021+00:00, run_after=2023-06-06T02:36:53.943021+00:00
[2023-06-05 23:36:53,987] {processor.py:161} INFO - Processing /home/gui/Documentos/airflowalura/venv/lib/python3.9/site-packages/airflow/example_dags/tutorial.py took 0.168 seconds
[2023-06-05 23:37:36,086] {processor.py:153} INFO - Started process (PID=49803) to work on /home/gui/Documentos/airflowalura/venv/lib/python3.9/site-packages/airflow/example_dags/tutorial.py
[2023-06-05 23:37:36,095] {processor.py:641} INFO - Processing file /home/gui/Documentos/airflowalura/venv/lib/python3.9/site-packages/airflow/example_dags/tutorial.py for tasks to queue
[2023-06-05 23:37:36,096] {logging_mixin.py:115} INFO - [2023-06-05 23:37:36,096] {dagbag.py:507} INFO - Filling up the DagBag from /home/gui/Documentos/airflowalura/venv/lib/python3.9/site-packages/airflow/example_dags/tutorial.py
[2023-06-05 23:37:36,108] {processor.py:651} INFO - DAG(s) dict_keys(['tutorial']) retrieved from /home/gui/Documentos/airflowalura/venv/lib/python3.9/site-packages/airflow/example_dags/tutorial.py
[2023-06-05 23:37:36,158] {logging_mixin.py:115} INFO - [2023-06-05 23:37:36,158] {dag.py:2379} INFO - Sync 1 DAGs
[2023-06-05 23:37:36,198] {logging_mixin.py:115} INFO - [2023-06-05 23:37:36,198] {dag.py:2927} INFO - Setting next_dagrun for tutorial to 2023-06-05T02:37:36.197735+00:00, run_after=2023-06-06T02:37:36.197735+00:00
[2023-06-05 23:37:36,316] {processor.py:161} INFO - Processing /home/gui/Documentos/airflowalura/venv/lib/python3.9/site-packages/airflow/example_dags/tutorial.py took 0.236 seconds
[2023-06-05 23:38:18,514] {processor.py:153} INFO - Started process (PID=49912) to work on /home/gui/Documentos/airflowalura/venv/lib/python3.9/site-packages/airflow/example_dags/tutorial.py
[2023-06-05 23:38:18,519] {processor.py:641} INFO - Processing file /home/gui/Documentos/airflowalura/venv/lib/python3.9/site-packages/airflow/example_dags/tutorial.py for tasks to queue
[2023-06-05 23:38:18,520] {logging_mixin.py:115} INFO - [2023-06-05 23:38:18,520] {dagbag.py:507} INFO - Filling up the DagBag from /home/gui/Documentos/airflowalura/venv/lib/python3.9/site-packages/airflow/example_dags/tutorial.py
[2023-06-05 23:38:18,537] {processor.py:651} INFO - DAG(s) dict_keys(['tutorial']) retrieved from /home/gui/Documentos/airflowalura/venv/lib/python3.9/site-packages/airflow/example_dags/tutorial.py
[2023-06-05 23:38:18,573] {logging_mixin.py:115} INFO - [2023-06-05 23:38:18,573] {dag.py:2379} INFO - Sync 1 DAGs
[2023-06-05 23:38:18,611] {logging_mixin.py:115} INFO - [2023-06-05 23:38:18,611] {dag.py:2927} INFO - Setting next_dagrun for tutorial to 2023-06-05T02:38:18.611101+00:00, run_after=2023-06-06T02:38:18.611101+00:00
[2023-06-05 23:38:18,642] {processor.py:161} INFO - Processing /home/gui/Documentos/airflowalura/venv/lib/python3.9/site-packages/airflow/example_dags/tutorial.py took 0.135 seconds
[2023-06-05 23:39:02,508] {processor.py:153} INFO - Started process (PID=49990) to work on /home/gui/Documentos/airflowalura/venv/lib/python3.9/site-packages/airflow/example_dags/tutorial.py
[2023-06-05 23:39:02,511] {processor.py:641} INFO - Processing file /home/gui/Documentos/airflowalura/venv/lib/python3.9/site-packages/airflow/example_dags/tutorial.py for tasks to queue
[2023-06-05 23:39:02,512] {logging_mixin.py:115} INFO - [2023-06-05 23:39:02,511] {dagbag.py:507} INFO - Filling up the DagBag from /home/gui/Documentos/airflowalura/venv/lib/python3.9/site-packages/airflow/example_dags/tutorial.py
[2023-06-05 23:39:02,522] {processor.py:651} INFO - DAG(s) dict_keys(['tutorial']) retrieved from /home/gui/Documentos/airflowalura/venv/lib/python3.9/site-packages/airflow/example_dags/tutorial.py
[2023-06-05 23:39:02,567] {logging_mixin.py:115} INFO - [2023-06-05 23:39:02,566] {dag.py:2379} INFO - Sync 1 DAGs
[2023-06-05 23:39:02,595] {logging_mixin.py:115} INFO - [2023-06-05 23:39:02,595] {dag.py:2927} INFO - Setting next_dagrun for tutorial to 2023-06-05T02:39:02.594946+00:00, run_after=2023-06-06T02:39:02.594946+00:00
[2023-06-05 23:39:02,646] {processor.py:161} INFO - Processing /home/gui/Documentos/airflowalura/venv/lib/python3.9/site-packages/airflow/example_dags/tutorial.py took 0.148 seconds
[2023-06-05 23:39:43,634] {processor.py:153} INFO - Started process (PID=50063) to work on /home/gui/Documentos/airflowalura/venv/lib/python3.9/site-packages/airflow/example_dags/tutorial.py
[2023-06-05 23:39:43,635] {processor.py:641} INFO - Processing file /home/gui/Documentos/airflowalura/venv/lib/python3.9/site-packages/airflow/example_dags/tutorial.py for tasks to queue
[2023-06-05 23:39:43,636] {logging_mixin.py:115} INFO - [2023-06-05 23:39:43,636] {dagbag.py:507} INFO - Filling up the DagBag from /home/gui/Documentos/airflowalura/venv/lib/python3.9/site-packages/airflow/example_dags/tutorial.py
[2023-06-05 23:39:43,652] {processor.py:651} INFO - DAG(s) dict_keys(['tutorial']) retrieved from /home/gui/Documentos/airflowalura/venv/lib/python3.9/site-packages/airflow/example_dags/tutorial.py
[2023-06-05 23:39:43,689] {logging_mixin.py:115} INFO - [2023-06-05 23:39:43,689] {dag.py:2379} INFO - Sync 1 DAGs
[2023-06-05 23:39:43,731] {logging_mixin.py:115} INFO - [2023-06-05 23:39:43,730] {dag.py:2927} INFO - Setting next_dagrun for tutorial to 2023-06-05T02:39:43.729956+00:00, run_after=2023-06-06T02:39:43.729956+00:00
[2023-06-05 23:39:43,874] {processor.py:161} INFO - Processing /home/gui/Documentos/airflowalura/venv/lib/python3.9/site-packages/airflow/example_dags/tutorial.py took 0.247 seconds
[2023-06-05 23:40:22,773] {processor.py:153} INFO - Started process (PID=50382) to work on /home/gui/Documentos/airflowalura/venv/lib/python3.9/site-packages/airflow/example_dags/tutorial.py
[2023-06-05 23:40:22,779] {processor.py:641} INFO - Processing file /home/gui/Documentos/airflowalura/venv/lib/python3.9/site-packages/airflow/example_dags/tutorial.py for tasks to queue
[2023-06-05 23:40:22,780] {logging_mixin.py:115} INFO - [2023-06-05 23:40:22,780] {dagbag.py:507} INFO - Filling up the DagBag from /home/gui/Documentos/airflowalura/venv/lib/python3.9/site-packages/airflow/example_dags/tutorial.py
[2023-06-05 23:40:22,803] {processor.py:651} INFO - DAG(s) dict_keys(['tutorial']) retrieved from /home/gui/Documentos/airflowalura/venv/lib/python3.9/site-packages/airflow/example_dags/tutorial.py
[2023-06-05 23:40:22,841] {logging_mixin.py:115} INFO - [2023-06-05 23:40:22,841] {dag.py:2379} INFO - Sync 1 DAGs
[2023-06-05 23:40:22,899] {logging_mixin.py:115} INFO - [2023-06-05 23:40:22,899] {dag.py:2927} INFO - Setting next_dagrun for tutorial to 2023-06-05T02:40:22.898741+00:00, run_after=2023-06-06T02:40:22.898741+00:00
[2023-06-05 23:40:22,932] {processor.py:161} INFO - Processing /home/gui/Documentos/airflowalura/venv/lib/python3.9/site-packages/airflow/example_dags/tutorial.py took 0.170 seconds
[2023-06-05 23:40:58,529] {processor.py:153} INFO - Started process (PID=50566) to work on /home/gui/Documentos/airflowalura/venv/lib/python3.9/site-packages/airflow/example_dags/tutorial.py
[2023-06-05 23:40:58,535] {processor.py:641} INFO - Processing file /home/gui/Documentos/airflowalura/venv/lib/python3.9/site-packages/airflow/example_dags/tutorial.py for tasks to queue
[2023-06-05 23:40:58,536] {logging_mixin.py:115} INFO - [2023-06-05 23:40:58,536] {dagbag.py:507} INFO - Filling up the DagBag from /home/gui/Documentos/airflowalura/venv/lib/python3.9/site-packages/airflow/example_dags/tutorial.py
[2023-06-05 23:40:58,553] {processor.py:651} INFO - DAG(s) dict_keys(['tutorial']) retrieved from /home/gui/Documentos/airflowalura/venv/lib/python3.9/site-packages/airflow/example_dags/tutorial.py
[2023-06-05 23:40:58,600] {logging_mixin.py:115} INFO - [2023-06-05 23:40:58,600] {dag.py:2379} INFO - Sync 1 DAGs
[2023-06-05 23:40:58,658] {logging_mixin.py:115} INFO - [2023-06-05 23:40:58,652] {dag.py:2927} INFO - Setting next_dagrun for tutorial to 2023-06-05T02:40:58.652264+00:00, run_after=2023-06-06T02:40:58.652264+00:00
[2023-06-05 23:40:58,690] {processor.py:161} INFO - Processing /home/gui/Documentos/airflowalura/venv/lib/python3.9/site-packages/airflow/example_dags/tutorial.py took 0.167 seconds
[2023-06-05 23:41:40,371] {processor.py:153} INFO - Started process (PID=50750) to work on /home/gui/Documentos/airflowalura/venv/lib/python3.9/site-packages/airflow/example_dags/tutorial.py
[2023-06-05 23:41:40,375] {processor.py:641} INFO - Processing file /home/gui/Documentos/airflowalura/venv/lib/python3.9/site-packages/airflow/example_dags/tutorial.py for tasks to queue
[2023-06-05 23:41:40,376] {logging_mixin.py:115} INFO - [2023-06-05 23:41:40,376] {dagbag.py:507} INFO - Filling up the DagBag from /home/gui/Documentos/airflowalura/venv/lib/python3.9/site-packages/airflow/example_dags/tutorial.py
[2023-06-05 23:41:40,392] {processor.py:651} INFO - DAG(s) dict_keys(['tutorial']) retrieved from /home/gui/Documentos/airflowalura/venv/lib/python3.9/site-packages/airflow/example_dags/tutorial.py
[2023-06-05 23:41:40,429] {logging_mixin.py:115} INFO - [2023-06-05 23:41:40,429] {dag.py:2379} INFO - Sync 1 DAGs
[2023-06-05 23:41:40,474] {logging_mixin.py:115} INFO - [2023-06-05 23:41:40,474] {dag.py:2927} INFO - Setting next_dagrun for tutorial to 2023-06-05T02:41:40.473833+00:00, run_after=2023-06-06T02:41:40.473833+00:00
[2023-06-05 23:41:40,740] {processor.py:161} INFO - Processing /home/gui/Documentos/airflowalura/venv/lib/python3.9/site-packages/airflow/example_dags/tutorial.py took 0.375 seconds
[2023-06-05 23:42:30,929] {processor.py:153} INFO - Started process (PID=50856) to work on /home/gui/Documentos/airflowalura/venv/lib/python3.9/site-packages/airflow/example_dags/tutorial.py
[2023-06-05 23:42:30,931] {processor.py:641} INFO - Processing file /home/gui/Documentos/airflowalura/venv/lib/python3.9/site-packages/airflow/example_dags/tutorial.py for tasks to queue
[2023-06-05 23:42:30,932] {logging_mixin.py:115} INFO - [2023-06-05 23:42:30,932] {dagbag.py:507} INFO - Filling up the DagBag from /home/gui/Documentos/airflowalura/venv/lib/python3.9/site-packages/airflow/example_dags/tutorial.py
[2023-06-05 23:42:30,956] {processor.py:651} INFO - DAG(s) dict_keys(['tutorial']) retrieved from /home/gui/Documentos/airflowalura/venv/lib/python3.9/site-packages/airflow/example_dags/tutorial.py
[2023-06-05 23:42:31,005] {logging_mixin.py:115} INFO - [2023-06-05 23:42:31,005] {dag.py:2379} INFO - Sync 1 DAGs
[2023-06-05 23:42:31,056] {logging_mixin.py:115} INFO - [2023-06-05 23:42:31,055] {dag.py:2927} INFO - Setting next_dagrun for tutorial to 2023-06-05T02:42:31.055076+00:00, run_after=2023-06-06T02:42:31.055076+00:00
[2023-06-05 23:42:31,124] {processor.py:161} INFO - Processing /home/gui/Documentos/airflowalura/venv/lib/python3.9/site-packages/airflow/example_dags/tutorial.py took 0.208 seconds
